S&P 500 Index Update Trading Strategy Analysis (Multithread)
Holding Period: 21 trading days
Date Range: 2015-07-02 to 2025-07-18
Timestamp: 2025-08-31 18:13:12
============================================================

1/223: 2015-07-02: Added=KHC, Removed=KRFT
  Holding Period End Date: 2015-08-03
  ✓ S1: KHC -14.54%, Portfolio: $854,633
    YFinance output for KHC: 1 Failed download:
['CDAY']: YFTzMissingError('possibly delisted; no timezone found')

1 Failed download:
['CDAY']: YFTzMissingError('possibly delisted; no timezone found')
  ✗ S2: Error processing KHC/KRFT: cannot convert the series to <class 'float'>

2/223: 2015-07-06: Added=AAP, Removed=FDO
  Holding Period End Date: 2015-08-04
  ✓ S1: AAP 9.61%, Portfolio: $936,726
    Warning: No data found for FDO
  ✗ S2: Insufficient data for AAP/FDO

3/223: 2015-07-14: Added=PYPL, Removed=NE
  Holding Period End Date: 2015-08-12
  ✗ S1: Error processing PYPL: cannot convert the series to <class 'float'>
  ✓ S2: Long PYPL (5.60%), Short NE (-4.38%)
      Combined: 0.61%, Portfolio: $1,006,117

4/223: 2015-07-24: Added=SIG, Removed=DTV
  Holding Period End Date: 2015-08-24
  ✓ S1: SIG 2.85%, Portfolio: $963,440
    Warning: No data found for SIG
  ✗ S2: Insufficient data for SIG/DTV

5/223: 2015-08-27: Added=ATVI, Removed=PLL
  Holding Period End Date: 2015-09-28
    Warning: No data found for ATVI
  ✗ S1: Insufficient data for ATVI
    YFinance output for ATVI: 1 Failed download:
['SBNY']: YFPricesMissingError('possibly delisted; no price data found  (1d 2021-12-03 00:00:00 -> 2021-12-28) (Yahoo error = "Data doesn\'t exist for startDate = 1638507600, endDate = 1640667600")')
    Warning: No data found for ATVI
  ✗ S2: Insufficient data for ATVI/PLL

6/223: 2015-08-27: Added=UAL, Removed=HSP
  Holding Period End Date: 2015-09-28
    Warning: No data found for UAL
  ✗ S1: Insufficient data for UAL
  ✓ S2: Long UAL (9.21%), Short HSP (12.58%)
      Combined: 10.90%, Portfolio: $1,115,741

7/223: 2015-09-30: Added=VRSK, Removed=JOY
  Holding Period End Date: 2015-10-29
  ✓ S1: VRSK -12.91%, Portfolio: $839,069
  ✗ S2: Error processing VRSK/JOY: cannot convert the series to <class 'float'>

8/223: 2015-10-27: Added=HPE, Removed=HCBK
  Holding Period End Date: 2015-11-25
    YFinance output for HPE: 1 Failed download:
['XLNX']: YFTzMissingError('possibly delisted; no timezone found')

1 Failed download:
['XLNX']: YFTzMissingError('possibly delisted; no timezone found')
  ✗ S1: Error processing HPE: cannot convert the series to <class 'float'>
  ✓ S2: Long HPE (-1.75%), Short HCBK (-7.28%)
      Combined: -4.52%, Portfolio: $1,065,338

9/223: 2015-11-09: Added=SYF, Removed=GNW
  Holding Period End Date: 2015-12-09
    YFinance output for SYF: 1 Failed download:
['ABMD']: YFTzMissingError('possibly delisted; no timezone found')

1 Failed download:
['ABMD']: YFTzMissingError('possibly delisted; no timezone found')
  ✓ S1: SYF 5.97%, Portfolio: $889,148
  ✗ S2: Error processing SYF/GNW: cannot convert the series to <class 'float'>

10/223: 2015-11-12: Added=ILMN, Removed=SIAL
  Holding Period End Date: 2015-12-14
    YFinance output for ILMN: 1 Failed download:
['CTXS']: YFTzMissingError('possibly delisted; no timezone found')

1 Failed download:
['CTXS']: YFTzMissingError('possibly delisted; no timezone found')
    Warning: No data found for ILMN
  ✗ S1: Insufficient data for ILMN
    Warning: No data found for SIAL
  ✗ S2: Insufficient data for ILMN/SIAL

11/223: 2015-11-23: Added=CSRA, Removed=CSC
  Holding Period End Date: 2015-12-23
    YFinance output for CSRA: 2 Failed downloads:
['SIVB']: YFTzMissingError('possibly delisted; no timezone found')
['INFO']: YFPricesMissingError('possibly delisted; no price data found  (1d 2022-02-25 00:00:00 -> 2022-03-22) (Yahoo error = "Data doesn\'t exist for startDate = 1645765200, endDate = 1647921600")')

2 Failed downloads:
['SIVB']: YFTzMissingError('possibly delisted; no timezone found')
['INFO']: YFPricesMissingError('possibly delisted; no price data found  (1d 2022-02-25 00:00:00 -> 2022-03-22) (Yahoo error = "Data doesn\'t exist for startDate = 1645765200, endDate = 1647921600")')

2 Failed downloads:
['SIVB']: YFTzMissingError('possibly delisted; no timezone found')
['INFO']: YFPricesMissingError('possibly delisted; no price data found  (1d 2022-02-25 00:00:00 -> 2022-03-22) (Yahoo error = "Data doesn\'t exist for startDate = 1645765200, endDate = 1647921600")')
  ✓ S1: CSRA -21.33%, Portfolio: $699,525
  ✓ S2: Long CSRA (3.76%), Short CSC (-3.63%)
      Combined: 0.07%, Portfolio: $1,066,065

12/223: 2015-12-15: Added=nan, Removed=CMCSK
  Holding Period End Date: 2016-01-15

13/223: 2015-12-22: Added=CHD, Removed=ALTR
  Holding Period End Date: 2016-01-25
  ✓ S1: CHD -16.56%, Portfolio: $583,695
  ✓ S2: Long CHD (-1.36%), Short ALTR (1.38%)
      Combined: 0.01%, Portfolio: $1,066,165

14/223: 2015-12-28: Added=WLTW, Removed=FOSL
  Holding Period End Date: 2016-01-28
  ✗ S1: Error processing WLTW: cannot convert the series to <class 'float'>
    Warning: No data found for WLTW
  ✗ S2: Insufficient data for WLTW/FOSL

15/223: 2016-01-13: Added=EXR, Removed=ACE
  Holding Period End Date: 2016-02-12
    Warning: No data found for EXR
  ✗ S1: Insufficient data for EXR
    YFinance output for EXR: 1 Failed download:
['FRC']: YFTzMissingError('possibly delisted; no timezone found')
  ✗ S2: Error processing EXR/ACE: cannot convert the series to <class 'float'>

16/223: 2016-01-22: Added=FRT, Removed=BRCM
  Holding Period End Date: 2016-02-23
  ✓ S1: FRT 2.75%, Portfolio: $599,737
    Warning: No data found for FRT
  ✗ S2: Insufficient data for FRT/BRCM

17/223: 2016-01-26: Added=CFG, Removed=PCP
  Holding Period End Date: 2016-02-25
  ✓ S1: CFG -1.24%, Portfolio: $592,292
  ✓ S2: Long CFG (-15.00%), Short PCP (3.58%)
      Combined: -5.71%, Portfolio: $1,005,284

18/223: 2016-02-16: Added=CXO, Removed=PCL
  Holding Period End Date: 2016-03-16
    YFinance output for CXO: 2 Failed downloads:
['PCS']: YFPricesMissingError('possibly delisted; no price data found  (1d 2023-08-21 00:00:00 -> 2023-09-11) (Yahoo error = "Data doesn\'t exist for startDate = 1692590400, endDate = 1694404800")')
['CTXS']: YFTzMissingError('possibly delisted; no timezone found')

2 Failed downloads:
['PCS']: YFPricesMissingError('possibly delisted; no price data found  (1d 2023-08-21 00:00:00 -> 2023-09-11) (Yahoo error = "Data doesn\'t exist for startDate = 1692590400, endDate = 1694404800")')
['CTXS']: YFTzMissingError('possibly delisted; no timezone found')
    Warning: No data found for CXO
  ✗ S1: Insufficient data for CXO
  ✓ S2: Long CXO (-8.42%), Short PCL (-11.52%)
      Combined: -9.97%, Portfolio: $905,034

19/223: 2016-03-01: Added=AWK, Removed=CNX
  Holding Period End Date: 2016-03-31
  ✓ S1: AWK -5.87%, Portfolio: $557,538
  ✓ S2: Long AWK (-8.42%), Short CNX (-10.95%)
      Combined: -9.68%, Portfolio: $817,398

20/223: 2016-03-04: Added=UDR, Removed=GMCR
  Holding Period End Date: 2016-04-05
  ✓ S1: UDR -16.52%, Portfolio: $465,446
    YFinance output for UDR: 1 Failed download:
['DFS']: YFTzMissingError('possibly delisted; no timezone found')
    Warning: No data found for UDR
  ✗ S2: Insufficient data for UDR/GMCR

21/223: 2016-03-24: Added=CNC, Removed=ESV
  Holding Period End Date: 2016-04-25
    YFinance output for CNC: 1 Failed download:
['FRC']: YFTzMissingError('possibly delisted; no timezone found')

1 Failed download:
['FRC']: YFTzMissingError('possibly delisted; no timezone found')
  ✗ S1: Error processing CNC: cannot convert the series to <class 'float'>
    YFinance output for CNC: 1 Failed download:
['NLSN']: YFTzMissingError('possibly delisted; no timezone found')
    Warning: No data found for CNC
    YFinance output for ESV: 1 Failed download:
['DRE']: YFTzMissingError('possibly delisted; no timezone found')
    Warning: No data found for ESV
  ✗ S2: Insufficient data for CNC/ESV

22/223: 2016-03-24: Added=HOLX, Removed=POM
  Holding Period End Date: 2016-04-25
    Warning: No data found for HOLX
  ✗ S1: Insufficient data for HOLX
    Warning: No data found for POM
  ✗ S2: Insufficient data for HOLX/POM

23/223: 2016-03-28: Added=FL, Removed=CAM
  Holding Period End Date: 2016-04-26
  ✓ S1: FL 11.57%, Portfolio: $519,293
    Warning: No data found for FL
    YFinance output for CAM: 1 Failed download:
['TWTR']: YFTzMissingError('possibly delisted; no timezone found')
  ✗ S2: Insufficient data for FL/CAM

24/223: 2016-04-07: Added=ULTA, Removed=THC
  Holding Period End Date: 2016-05-06
    YFinance output for ULTA: 1 Failed download:
['ATVI']: YFTzMissingError('possibly delisted; no timezone found')

1 Failed download:
['ATVI']: YFTzMissingError('possibly delisted; no timezone found')
    Warning: No data found for ULTA
  ✗ S1: Insufficient data for ULTA
  ✓ S2: Long ULTA (-15.42%), Short THC (-5.49%)
      Combined: -10.45%, Portfolio: $731,966

25/223: 2016-04-19: Added=GPN, Removed=GME
  Holding Period End Date: 2016-05-18
  ✓ S1: GPN -13.29%, Portfolio: $450,258
    Warning: No data found for GPN
    YFinance output for GME: 1 Failed download:
['PCS']: YFPricesMissingError('possibly delisted; no price data found  (1d 2023-08-21 00:00:00 -> 2023-09-12) (Yahoo error = "Data doesn\'t exist for startDate = 1692590400, endDate = 1694491200")')

1 Failed download:
['PCS']: YFPricesMissingError('possibly delisted; no price data found  (1d 2023-08-21 00:00:00 -> 2023-09-12) (Yahoo error = "Data doesn\'t exist for startDate = 1692590400, endDate = 1694491200")')
    Warning: No data found for GME
  ✗ S2: Insufficient data for GPN/GME

26/223: 2016-04-26: Added=AYI, Removed=ADT
  Holding Period End Date: 2016-05-25
  ✗ S1: Error processing AYI: cannot convert the series to <class 'float'>
  ✗ S2: Error processing AYI/ADT: cannot convert the series to <class 'float'>

27/223: 2016-05-10: Added=ALK, Removed=SNDK
  Holding Period End Date: 2016-06-09
  ✓ S1: ALK -11.59%, Portfolio: $398,053
    Warning: No data found for SNDK
  ✗ S2: Insufficient data for ALK/SNDK

28/223: 2016-05-13: Added=DLR, Removed=TWC
  Holding Period End Date: 2016-06-14
  ✓ S1: DLR 6.83%, Portfolio: $425,254
  ✗ S2: Error processing DLR/TWC: cannot convert the series to <class 'float'>

29/223: 2016-05-18: Added=LKQ, Removed=ARG
  Holding Period End Date: 2016-06-17
  ✗ S1: Error processing LKQ: cannot convert the series to <class 'float'>
  ✗ S2: Error processing LKQ/ARG: cannot convert the series to <class 'float'>

30/223: 2016-05-24: Added=AJG, Removed=CCE
  Holding Period End Date: 2016-06-23
  ✓ S1: AJG -1.00%, Portfolio: $421,023
    YFinance output for CCE: 1 Failed download:
['SIVB']: YFTzMissingError('possibly delisted; no timezone found')
  ✗ S2: Error processing AJG/CCE: cannot convert the series to <class 'float'>

31/223: 2016-05-27: Added=TDG, Removed=BXLT
  Holding Period End Date: 2016-06-28
  ✓ S1: TDG -4.78%, Portfolio: $400,913
  ✓ S2: Long TDG (13.77%), Short BXLT (-12.10%)
      Combined: 0.83%, Portfolio: $738,064

32/223: 2016-06-21: Added=FBHS, Removed=CVC
  Holding Period End Date: 2016-07-21
  ✗ S1: Error processing FBHS: cannot convert the series to <class 'float'>
  ✓ S2: Long FBHS (3.41%), Short CVC (-3.30%)
      Combined: 0.06%, Portfolio: $738,480

33/223: 2016-06-23: Added=FTV, Removed=CPGX
  Holding Period End Date: 2016-07-25
    Warning: No data found for FTV
  ✗ S1: Insufficient data for FTV
  ✗ S2: Error processing FTV/CPGX: cannot convert the series to <class 'float'>

34/223: 2016-06-23: Added=ALB, Removed=TE
  Holding Period End Date: 2016-07-25
    YFinance output for ALB: 1 Failed download:
['SBNY']: YFPricesMissingError('possibly delisted; no price data found  (1d 2023-03-13 00:00:00 -> 2023-04-04) (Yahoo error = "Data doesn\'t exist for startDate = 1678680000, endDate = 1680580800")')
    Warning: No data found for ALB
  ✗ S1: Insufficient data for ALB
  ✗ S2: Error processing ALB/TE: cannot convert the series to <class 'float'>

35/223: 2016-06-29: Added=LNT, Removed=GAS
  Holding Period End Date: 2016-07-29
  ✓ S1: LNT 12.23%, Portfolio: $449,930
    YFinance output for GAS: 1 Failed download:
['DISH']: YFTzMissingError('possibly delisted; no timezone found')
    Warning: No data found for GAS
  ✗ S2: Insufficient data for LNT/GAS

36/223: 2016-08-25: Added=MTD, Removed=TYC
  Holding Period End Date: 2016-09-26
    YFinance output for MTD: 1 Failed download:
['DISH']: YFTzMissingError('possibly delisted; no timezone found')

1 Failed download:
['DISH']: YFTzMissingError('possibly delisted; no timezone found')
    Warning: No data found for MTD
  ✗ S1: Insufficient data for MTD
  ✓ S2: Long MTD (10.93%), Short TYC (17.73%)
      Combined: 14.33%, Portfolio: $844,310

37/223: 2016-08-31: Added=CHTR, Removed=EMC
  Holding Period End Date: 2016-09-30
  ✓ S1: CHTR -7.25%, Portfolio: $417,306
  ✓ S2: Long CHTR (7.30%), Short EMC (-6.81%)
      Combined: 0.25%, Portfolio: $846,408

38/223: 2016-09-10: Added=COO, Removed=HOT
  Holding Period End Date: 2016-10-11
  ✓ S1: COO 10.93%, Portfolio: $462,930
    YFinance output for HOT: 1 Failed download:
['PCS']: YFPricesMissingError('possibly delisted; no price data found  (1d 2023-08-21 00:00:00 -> 2023-09-14) (Yahoo error = "Data doesn\'t exist for startDate = 1692590400, endDate = 1694664000")')
    Warning: No data found for HOT
  ✗ S2: Insufficient data for COO/HOT

39/223: 2016-09-27: Added=COTY, Removed=DO
  Holding Period End Date: 2016-10-26
  ✓ S1: COTY 5.50%, Portfolio: $488,376
  ✓ S2: Long COTY (0.63%), Short DO (8.18%)
      Combined: 4.40%, Portfolio: $883,687

40/223: 2016-11-29: Added=MAA, Removed=OI
  Holding Period End Date: 2016-12-29
  ✓ S1: MAA 7.33%, Portfolio: $524,151
    YFinance output for MAA: 1 Failed download:
['PCS']: YFPricesMissingError('possibly delisted; no price data found  (1d 2023-08-21 00:00:00 -> 2023-09-13) (Yahoo error = "Data doesn\'t exist for startDate = 1692590400, endDate = 1694577600")')
    Warning: No data found for MAA
  ✗ S2: Insufficient data for MAA/OI

41/223: 2016-11-29: Added=EVHC, Removed=LM
  Holding Period End Date: 2016-12-29
  ✗ S1: Error processing EVHC: cannot convert the series to <class 'float'>
  ✓ S2: Long EVHC (8.01%), Short LM (4.50%)
      Combined: 6.26%, Portfolio: $938,970

42/223: 2017-01-03: Added=IDXX, Removed=STJ
  Holding Period End Date: 2017-02-02
  ✗ S1: Error processing IDXX: cannot convert the series to <class 'float'>
  ✗ S2: Error processing IDXX/STJ: cannot convert the series to <class 'float'>

43/223: 2017-02-23: Added=INCY, Removed=SE
  Holding Period End Date: 2017-03-24
  ✓ S1: INCY 8.01%, Portfolio: $566,117
  ✓ S2: Long INCY (22.65%), Short SE (-15.12%)
      Combined: 3.77%, Portfolio: $974,326

44/223: 2017-02-23: Added=CBOE, Removed=PBI
  Holding Period End Date: 2017-03-24
  ✓ S1: CBOE 2.78%, Portfolio: $581,850
  ✓ S2: Long CBOE (8.07%), Short PBI (-7.47%)
      Combined: 0.30%, Portfolio: $977,264

45/223: 2017-02-23: Added=REG, Removed=ENDP
  Holding Period End Date: 2017-03-24
  ✓ S1: REG -4.39%, Portfolio: $556,290
  ✓ S2: Long REG (8.07%), Short ENDP (4.59%)
      Combined: 6.33%, Portfolio: $1,039,167

46/223: 2017-03-06: Added=DISH, Removed=LLTC
  Holding Period End Date: 2017-04-04
  ✓ S1: DISH -23.21%, Portfolio: $427,174
  ✓ S2: Long DISH (9.76%), Short LLTC (-17.41%)
      Combined: -3.83%, Portfolio: $999,414

47/223: 2017-03-10: Added=ARE, Removed=FSLR
  Holding Period End Date: 2017-04-10
  ✗ S1: Error processing ARE: cannot convert the series to <class 'float'>
  ✓ S2: Long ARE (7.60%), Short FSLR (-7.07%)
      Combined: 0.27%, Portfolio: $1,002,098

48/223: 2017-03-10: Added=RJF, Removed=FTR
  Holding Period End Date: 2017-04-10
  ✓ S1: RJF 17.56%, Portfolio: $502,167
  ✓ S2: Long RJF (0.25%), Short FTR (-0.25%)
      Combined: 0.00%, Portfolio: $1,002,101

49/223: 2017-03-10: Added=AMD, Removed=URBN
  Holding Period End Date: 2017-04-10
  ✗ S1: Error processing AMD: cannot convert the series to <class 'float'>
  ✓ S2: Long AMD (9.87%), Short URBN (-8.98%)
      Combined: 0.44%, Portfolio: $1,006,544

50/223: 2017-03-13: Added=SNPS, Removed=HAR
  Holding Period End Date: 2017-04-11
  ✓ S1: SNPS 7.40%, Portfolio: $539,321
  ✓ S2: Long SNPS (-20.28%), Short HAR (-1.07%)
      Combined: -10.67%, Portfolio: $899,101

51/223: 2017-03-28: Added=DXC, Removed=SWN
  Holding Period End Date: 2017-04-27
  ✓ S1: DXC 6.24%, Portfolio: $572,961
  ✓ S2: Long DXC (20.07%), Short SWN (25.44%)
      Combined: 22.76%, Portfolio: $1,103,696

52/223: 2017-03-29: Added=IT, Removed=DNB
  Holding Period End Date: 2017-04-28
  ✗ S1: Error processing IT: cannot convert the series to <class 'float'>
  ✓ S2: Long IT (1.11%), Short DNB (-13.17%)
      Combined: -6.03%, Portfolio: $1,037,162

53/223: 2017-05-24: Added=INFO, Removed=TGNA
  Holding Period End Date: 2017-06-23
  ✗ S1: Error processing INFO: cannot convert the series to <class 'float'>
  ✓ S2: Long INFO (24.01%), Short TGNA (-8.58%)
      Combined: 7.72%, Portfolio: $1,117,186

54/223: 2017-06-09: Added=ANSS, Removed=R
  Holding Period End Date: 2017-07-11
  ✓ S1: ANSS 24.01%, Portfolio: $710,528
  ✓ S2: Long ANSS (6.20%), Short R (-3.14%)
      Combined: 1.53%, Portfolio: $1,134,258

55/223: 2017-06-09: Added=ALGN, Removed=TDC
  Holding Period End Date: 2017-07-11
  ✓ S1: ALGN -1.96%, Portfolio: $696,625
  ✓ S2: Long ALGN (2.39%), Short TDC (2.00%)
      Combined: 2.19%, Portfolio: $1,159,137

56/223: 2017-06-09: Added=HLT, Removed=YHOO
  Holding Period End Date: 2017-07-11
  ✓ S1: HLT 3.24%, Portfolio: $719,221
  ✓ S2: Long HLT (7.43%), Short YHOO (-4.61%)
      Combined: 1.41%, Portfolio: $1,175,487

57/223: 2017-06-12: Added=RE, Removed=MJN
  Holding Period End Date: 2017-07-12
  ✓ S1: RE 7.43%, Portfolio: $772,646
  ✓ S2: Long RE (22.32%), Short MJN (-18.25%)
      Combined: 2.04%, Portfolio: $1,199,427

58/223: 2017-06-30: Added=BKR, Removed=BHI
  Holding Period End Date: 2017-08-01
  ✓ S1: BKR 2.48%, Portfolio: $791,845
  ✓ S2: Long BKR (5.80%), Short BHI (-8.40%)
      Combined: -1.30%, Portfolio: $1,183,874

59/223: 2017-07-19: Added=MGM, Removed=RAI
  Holding Period End Date: 2017-08-17
    YFinance output for MGM: 1 Failed download:
['PXD']: YFTzMissingError('possibly delisted; no timezone found')
  ✗ S1: Error processing MGM: cannot convert the series to <class 'float'>
  ✓ S2: Long MGM (-1.81%), Short RAI (-23.27%)
      Combined: -12.54%, Portfolio: $1,035,410

60/223: 2017-07-19: Added=RMD, Removed=MNK
  Holding Period End Date: 2017-08-17
  ✗ S1: Error processing RMD: cannot convert the series to <class 'float'>
    Warning: No data found for RMD
  ✗ S2: Insufficient data for RMD/MNK

61/223: 2017-07-19: Added=PKG, Removed=MUR
  Holding Period End Date: 2017-08-17
    Warning: No data found for PKG
  ✗ S1: Insufficient data for PKG
    YFinance output for PKG: 1 Failed download:
['MRO']: YFTzMissingError('possibly delisted; no timezone found')
  ✗ S2: Error processing PKG/MUR: cannot convert the series to <class 'float'>

62/223: 2017-07-19: Added=AOS, Removed=BBBY
  Holding Period End Date: 2017-08-17
  ✓ S1: AOS -4.60%, Portfolio: $755,381
  ✗ S2: Error processing AOS/BBBY: cannot convert the series to <class 'float'>

63/223: 2017-07-19: Added=DRE, Removed=RIG
  Holding Period End Date: 2017-08-17
  ✓ S1: DRE 2.25%, Portfolio: $772,370
  ✗ S2: Error processing DRE/RIG: cannot convert the series to <class 'float'>

64/223: 2017-07-31: Added=BHF, Removed=AN
  Holding Period End Date: 2017-08-29
  ✓ S1: BHF -4.25%, Portfolio: $739,560
  ✓ S2: Long BHF (16.22%), Short AN (4.44%)
      Combined: 10.33%, Portfolio: $1,142,327

65/223: 2017-08-24: Added=Q, Removed=WFM
  Holding Period End Date: 2017-09-25
  ✓ S1: Q 22.65%, Portfolio: $907,077
  ✗ S2: Error processing Q/WFM: cannot convert the series to <class 'float'>

66/223: 2017-08-24: Added=SBAC, Removed=DD
  Holding Period End Date: 2017-09-25
  ✓ S1: SBAC 1.48%, Portfolio: $920,466
  ✓ S2: Long SBAC (7.30%), Short DD (-15.98%)
      Combined: -4.34%, Portfolio: $1,092,798

67/223: 2017-08-24: Added=DWDP, Removed=DOW
  Holding Period End Date: 2017-09-25
    YFinance output for DWDP: 1 Failed download:
['MRO']: YFTzMissingError('possibly delisted; no timezone found')
  ✗ S1: Error processing DWDP: cannot convert the series to <class 'float'>
  ✓ S2: Long DWDP (3.25%), Short DOW (-1.51%)
      Combined: 0.87%, Portfolio: $1,102,267

68/223: 2017-08-24: Added=CDNS, Removed=SPLS
  Holding Period End Date: 2017-09-25
    YFinance output for CDNS: 1 Failed download:
['DFS']: YFTzMissingError('possibly delisted; no timezone found')
  ✗ S1: Error processing CDNS: cannot convert the series to <class 'float'>
  ✗ S2: Error processing CDNS/SPLS: cannot convert the series to <class 'float'>

69/223: 2017-10-04: Added=NCLH, Removed=LVLT
  Holding Period End Date: 2017-11-02
  ✓ S1: NCLH 7.32%, Portfolio: $987,825
  ✓ S2: Long NCLH (-7.14%), Short LVLT (10.18%)
      Combined: 1.52%, Portfolio: $1,119,026

70/223: 2017-12-28: Added=HII, Removed=BCR
  Holding Period End Date: 2018-01-30
  ✓ S1: HII 15.29%, Portfolio: $1,138,821
  ✓ S2: Long HII (16.22%), Short BCR (-13.26%)
      Combined: 1.48%, Portfolio: $1,135,569

71/223: 2018-03-02: Added=IPGP, Removed=SNI
  Holding Period End Date: 2018-04-03
  ✗ S1: Error processing IPGP: cannot convert the series to <class 'float'>
  ✓ S2: Long IPGP (17.86%), Short SNI (17.48%)
      Combined: 17.67%, Portfolio: $1,336,215

72/223: 2018-03-09: Added=TTWO, Removed=SIG
  Holding Period End Date: 2018-04-10
  ✓ S1: TTWO -1.48%, Portfolio: $1,121,993
  ✓ S2: Long TTWO (8.95%), Short SIG (-4.35%)
      Combined: 2.30%, Portfolio: $1,366,969

73/223: 2018-03-09: Added=NKTR, Removed=CHK
  Holding Period End Date: 2018-04-10
  ✓ S1: NKTR 4.55%, Portfolio: $1,172,993
  ✗ S2: Error processing NKTR/CHK: cannot convert the series to <class 'float'>

74/223: 2018-03-09: Added=SIVB, Removed=PDCO
  Holding Period End Date: 2018-04-10
  ✓ S1: SIVB 16.60%, Portfolio: $1,367,695
  ✗ S2: Error processing SIVB/PDCO: cannot convert the series to <class 'float'>

75/223: 2018-03-28: Added=MSCI, Removed=CSRA
  Holding Period End Date: 2018-04-27
    YFinance output for MSCI: 1 Failed download:
['KRFT']: YFPricesMissingError('possibly delisted; no price data found  (1d 2015-07-02 00:00:00 -> 2015-07-29)')
  ✓ S1: MSCI 21.46%, Portfolio: $1,661,255
  ✓ S2: Long MSCI (16.60%), Short CSRA (-3.48%)
      Combined: 6.56%, Portfolio: $1,456,648

76/223: 2018-05-25: Added=ABMD, Removed=WYN
  Holding Period End Date: 2018-06-26
  ✓ S1: ABMD 19.06%, Portfolio: $1,977,921
  ✓ S2: Long ABMD (7.04%), Short WYN (19.17%)
      Combined: 13.10%, Portfolio: $1,647,530

77/223: 2018-05-31: Added=EVRG, Removed=NAVI
  Holding Period End Date: 2018-06-29
  ✓ S1: EVRG 5.90%, Portfolio: $2,094,598
  ✓ S2: Long EVRG (5.90%), Short NAVI (2.82%)
      Combined: 4.36%, Portfolio: $1,719,372

78/223: 2018-06-04: Added=TWTR, Removed=MON
  Holding Period End Date: 2018-07-03
  ✓ S1: TWTR -16.09%, Portfolio: $1,757,634
  ✗ S2: Error processing TWTR/MON: cannot convert the series to <class 'float'>

79/223: 2018-06-08: Added=HFC, Removed=AYI
  Holding Period End Date: 2018-07-10
  ✗ S1: Error processing HFC: cannot convert the series to <class 'float'>
  ✓ S2: Long HFC (14.12%), Short AYI (26.28%)
      Combined: 20.20%, Portfolio: $2,066,645

80/223: 2018-06-08: Added=BR, Removed=RRC
  Holding Period End Date: 2018-07-10
  ✓ S1: BR 6.61%, Portfolio: $1,873,726
    Warning: No data found for RRC
  ✗ S2: Insufficient data for BR/RRC

81/223: 2018-06-15: Added=FLT, Removed=TWX
  Holding Period End Date: 2018-07-17
  ✓ S1: FLT 2.63%, Portfolio: $1,923,074
    YFinance output for FLT: 2 Failed downloads:
['ATVI', 'DTV']: YFTzMissingError('possibly delisted; no timezone found')
    Warning: No data found for FLT
    YFinance output for TWX: 1 Failed download:
['ATVI']: YFTzMissingError('possibly delisted; no timezone found')
  ✗ S2: Insufficient data for FLT/TWX

82/223: 2018-06-25: Added=CPRT, Removed=DPS
  Holding Period End Date: 2018-07-25
    YFinance output for CPRT: 1 Failed download:
['PLL']: YFPricesMissingError('possibly delisted; no price data found  (1d 2015-08-27 00:00:00 -> 2015-09-23) (Yahoo error = "Data doesn\'t exist for startDate = 1440648000, endDate = 1442980800")')

1 Failed download:
['PLL']: YFPricesMissingError('possibly delisted; no price data found  (1d 2015-08-27 00:00:00 -> 2015-09-23) (Yahoo error = "Data doesn\'t exist for startDate = 1440648000, endDate = 1442980800")')
    Warning: No data found for CPRT
  ✗ S1: Insufficient data for CPRT
    YFinance output for CPRT: 1 Failed download:
['HSP']: YFPricesMissingError('possibly delisted; no price data found  (1d 2015-08-27 00:00:00 -> 2015-09-23)')

1 Failed download:
['HSP']: YFPricesMissingError('possibly delisted; no price data found  (1d 2015-08-27 00:00:00 -> 2015-09-23)')
    Warning: No data found for CPRT
    Warning: No data found for DPS
  ✗ S2: Insufficient data for CPRT/DPS

83/223: 2018-08-23: Added=ANET, Removed=GGP
  Holding Period End Date: 2018-09-24
  ✓ S1: ANET -2.92%, Portfolio: $1,866,889
  ✓ S2: Long ANET (9.80%), Short GGP (-5.62%)
      Combined: 2.09%, Portfolio: $2,109,770

84/223: 2018-09-11: Added=WCG, Removed=XL
  Holding Period End Date: 2018-10-10
  ✓ S1: WCG -12.40%, Portfolio: $1,635,456
    YFinance output for WCG: 1 Failed download:
['ATVI']: YFTzMissingError('possibly delisted; no timezone found')

1 Failed download:
['ATVI']: YFTzMissingError('possibly delisted; no timezone found')
    Warning: No data found for XL
  ✗ S2: Insufficient data for WCG/XL

85/223: 2018-09-25: Added=ROL, Removed=ANDV
  Holding Period End Date: 2018-10-24
    YFinance output for ROL: 1 Failed download:
['ATVI']: YFTzMissingError('possibly delisted; no timezone found')
  ✗ S1: Error processing ROL: cannot convert the series to <class 'float'>
  ✓ S2: Long ROL (-0.84%), Short ANDV (4.60%)
      Combined: 1.88%, Portfolio: $2,149,407

86/223: 2018-10-04: Added=FTNT, Removed=EVHC
  Holding Period End Date: 2018-11-02
  ✓ S1: FTNT 4.44%, Portfolio: $1,707,995
  ✗ S2: Error processing FTNT/EVHC: cannot convert the series to <class 'float'>

87/223: 2018-10-30: Added=KEYS, Removed=CA
  Holding Period End Date: 2018-11-29
    YFinance output for KEYS: 1 Failed download:
['PLL']: YFPricesMissingError('possibly delisted; no price data found  (1d 2015-08-27 00:00:00 -> 2015-09-24) (Yahoo error = "Data doesn\'t exist for startDate = 1440648000, endDate = 1443067200")')

1 Failed download:
['PLL']: YFPricesMissingError('possibly delisted; no price data found  (1d 2015-08-27 00:00:00 -> 2015-09-24) (Yahoo error = "Data doesn\'t exist for startDate = 1440648000, endDate = 1443067200")')
    Warning: No data found for KEYS
  ✗ S1: Insufficient data for KEYS
    YFinance output for CA: 1 Failed download:
['HSP']: YFPricesMissingError('possibly delisted; no price data found  (1d 2015-08-27 00:00:00 -> 2015-09-24)')

1 Failed download:
['HSP']: YFPricesMissingError('possibly delisted; no price data found  (1d 2015-08-27 00:00:00 -> 2015-09-24)')
    Warning: No data found for CA
  ✗ S2: Insufficient data for KEYS/CA

88/223: 2018-11-07: Added=JKHY, Removed=EQT
  Holding Period End Date: 2018-12-10
  ✓ S1: JKHY 0.00%, Portfolio: $1,707,995
  ✓ S2: Long JKHY (2.54%), Short EQT (-6.19%)
      Combined: -1.82%, Portfolio: $2,110,181

89/223: 2018-11-26: Added=FANG, Removed=SRCL
  Holding Period End Date: 2018-12-27
  ✗ S1: Error processing FANG: cannot convert the series to <class 'float'>
  ✓ S2: Long FANG (10.27%), Short SRCL (8.07%)
      Combined: 9.17%, Portfolio: $2,303,649

90/223: 2018-11-26: Added=MXIM, Removed=AET
  Holding Period End Date: 2018-12-27
    Warning: No data found for MXIM
  ✗ S1: Insufficient data for MXIM
    YFinance output for MXIM: 2 Failed downloads:
['WLTW', 'DFS']: YFTzMissingError('possibly delisted; no timezone found')
  ✓ S2: Long MXIM (-9.66%), Short AET (19.55%)
      Combined: 4.94%, Portfolio: $2,417,533

91/223: 2018-11-26: Added=LW, Removed=COL
  Holding Period End Date: 2018-12-27
    YFinance output for LW: 1 Failed download:
['HCBK']: YFPricesMissingError('possibly delisted; no price data found  (1d 2015-10-27 00:00:00 -> 2015-11-23)')

1 Failed download:
['HCBK']: YFPricesMissingError('possibly delisted; no price data found  (1d 2015-10-27 00:00:00 -> 2015-11-23)')
  ✗ S1: Error processing LW: cannot convert the series to <class 'float'>
  ✗ S2: Error processing LW/COL: cannot convert the series to <class 'float'>

92/223: 2018-12-27: Added=CE, Removed=ESRX
  Holding Period End Date: 2019-01-29
    YFinance output for CE: 2 Failed downloads:
['NE']: YFPricesMissingError('possibly delisted; no price data found  (1d 2015-07-14 00:00:00 -> 2015-08-11) (Yahoo error = "Data doesn\'t exist for startDate = 1436846400, endDate = 1439265600")')
['ATVI']: YFTzMissingError('possibly delisted; no timezone found')

2 Failed downloads:
['NE']: YFPricesMissingError('possibly delisted; no price data found  (1d 2015-07-14 00:00:00 -> 2015-08-11) (Yahoo error = "Data doesn\'t exist for startDate = 1436846400, endDate = 1439265600")')
['ATVI']: YFTzMissingError('possibly delisted; no timezone found')
    Warning: No data found for CE
  ✗ S1: Insufficient data for CE
  ✓ S2: Long CE (19.00%), Short ESRX (1.42%)
      Combined: 10.21%, Portfolio: $2,664,300

93/223: 2018-12-27: Added=FRC, Removed=SCG
  Holding Period End Date: 2019-01-29
    YFinance output for FRC: 1 Failed download:
['ACE']: YFPricesMissingError('possibly delisted; no price data found  (1d 2016-01-13 00:00:00 -> 2016-02-09) (Yahoo error = "Data doesn\'t exist for startDate = 1452661200, endDate = 1454994000")')

1 Failed download:
['ACE']: YFPricesMissingError('possibly delisted; no price data found  (1d 2016-01-13 00:00:00 -> 2016-02-09) (Yahoo error = "Data doesn\'t exist for startDate = 1452661200, endDate = 1454994000")')
    Warning: No data found for FRC
  ✗ S1: Insufficient data for FRC
  ✗ S2: Error processing FRC/SCG: cannot convert the series to <class 'float'>

94/223: 2019-01-15: Added=TFX, Removed=PCG
  Holding Period End Date: 2019-02-14
    YFinance output for TFX: 1 Failed download:
['PLL']: YFPricesMissingError('possibly delisted; no price data found  (1d 2015-08-27 00:00:00 -> 2015-09-25) (Yahoo error = "Data doesn\'t exist for startDate = 1440648000, endDate = 1443153600")')
    Warning: No data found for TFX
  ✗ S1: Insufficient data for TFX
    YFinance output for TFX: 1 Failed download:
['BRCM']: YFPricesMissingError('possibly delisted; no price data found  (1d 2016-01-22 00:00:00 -> 2016-02-18)')

1 Failed download:
['BRCM']: YFPricesMissingError('possibly delisted; no price data found  (1d 2016-01-22 00:00:00 -> 2016-02-18)')
    Warning: No data found for TFX
  ✗ S2: Insufficient data for TFX/PCG

95/223: 2019-02-08: Added=ATO, Removed=NFX
  Holding Period End Date: 2019-03-12
  ✓ S1: ATO -15.38%, Portfolio: $1,445,348
    YFinance output for ATO: 1 Failed download:
['PLL']: YFPricesMissingError('possibly delisted; no price data found  (1d 2015-08-27 00:00:00 -> 2015-09-21) (Yahoo error = "Data doesn\'t exist for startDate = 1440648000, endDate = 1442808000")')

1 Failed download:
['PLL']: YFPricesMissingError('possibly delisted; no price data found  (1d 2015-08-27 00:00:00 -> 2015-09-21) (Yahoo error = "Data doesn\'t exist for startDate = 1440648000, endDate = 1442808000")')
    Warning: No data found for ATO
  ✗ S2: Insufficient data for ATO/NFX

96/223: 2019-02-21: Added=WAB, Removed=GT
  Holding Period End Date: 2019-03-22
    YFinance output for WAB: 1 Failed download:
['JOY']: YFPricesMissingError('possibly delisted; no price data found  (1d 2015-09-30 00:00:00 -> 2015-10-28)')
  ✗ S1: Error processing WAB: cannot convert the series to <class 'float'>
    Warning: No data found for WAB
    Warning: No data found for GT
  ✗ S2: Insufficient data for WAB/GT

97/223: 2019-03-14: Added=FOXA, Removed=FOXA
  Holding Period End Date: 2019-04-12
  ✓ S1: FOXA -13.29%, Portfolio: $1,253,308
    Warning: No data found for FOXA
  ✗ S2: Insufficient data for FOXA/FOXA

98/223: 2019-03-14: Added=FOX, Removed=FOX
  Holding Period End Date: 2019-04-12
    YFinance output for FOX: 1 Failed download:
['CXO']: YFTzMissingError('possibly delisted; no timezone found')
    Warning: No data found for FOX
  ✗ S1: Insufficient data for FOX
  ✗ S2: Error processing FOX/FOX: cannot convert the series to <class 'float'>

99/223: 2019-03-26: Added=DOW, Removed=BHF
  Holding Period End Date: 2019-04-25
  ✓ S1: DOW 5.20%, Portfolio: $1,318,468
  ✓ S2: Long DOW (20.88%), Short BHF (5.56%)
      Combined: 13.22%, Portfolio: $3,016,515

100/223: 2019-05-28: Added=CTVA, Removed=FLR
  Holding Period End Date: 2019-06-26
  ✓ S1: CTVA 5.20%, Portfolio: $1,387,015
    YFinance output for CTVA: 2 Failed downloads:
['DTV', 'WLTW']: YFTzMissingError('possibly delisted; no timezone found')

2 Failed downloads:
['DTV', 'WLTW']: YFTzMissingError('possibly delisted; no timezone found')
  ✗ S2: Error processing CTVA/FLR: cannot convert the series to <class 'float'>

101/223: 2019-05-28: Added=DD, Removed=DWDP
  Holding Period End Date: 2019-06-26
  ✓ S1: DD 1.90%, Portfolio: $1,413,404
    Warning: No data found for DD
  ✗ S2: Insufficient data for DD/DWDP

102/223: 2019-06-03: Added=BMS, Removed=MAT
  Holding Period End Date: 2019-07-02
  ✓ S1: BMS -7.23%, Portfolio: $1,311,212
    Warning: No data found for BMS
  ✗ S2: Insufficient data for BMS/MAT

103/223: 2019-06-03: Added=AMCR, Removed=BMS
  Holding Period End Date: 2019-07-02
    Warning: No data found for AMCR
  ✗ S1: Insufficient data for AMCR
    YFinance output for AMCR: 1 Failed download:
['ACE']: YFPricesMissingError('possibly delisted; no price data found  (1d 2016-01-13 00:00:00 -> 2016-02-10) (Yahoo error = "Data doesn\'t exist for startDate = 1452661200, endDate = 1455080400")')
    Warning: No data found for AMCR
    YFinance output for BMS: 1 Failed download:
['PLL']: YFPricesMissingError('possibly delisted; no price data found  (1d 2015-08-27 00:00:00 -> 2015-09-28) (Yahoo error = "Data doesn\'t exist for startDate = 1440648000, endDate = 1443412800")')
    Warning: No data found for BMS
  ✗ S2: Insufficient data for AMCR/BMS

104/223: 2019-06-24: Added=MKTX, Removed=LLL
  Holding Period End Date: 2019-07-24
    YFinance output for MKTX: 1 Failed download:
['BRCM']: YFPricesMissingError('possibly delisted; no price data found  (1d 2016-01-22 00:00:00 -> 2016-02-19)')
    Warning: No data found for MKTX
  ✗ S1: Insufficient data for MKTX
  ✓ S2: Long MKTX (-7.17%), Short LLL (-6.20%)
      Combined: -6.69%, Portfolio: $2,814,846

105/223: 2019-07-09: Added=TMUS, Removed=RHT
  Holding Period End Date: 2019-08-07
  ✗ S1: Error processing TMUS: cannot convert the series to <class 'float'>
  ✓ S2: Long TMUS (-1.94%), Short RHT (5.84%)
      Combined: 1.95%, Portfolio: $2,869,691

106/223: 2019-08-01: Added=IEX, Removed=FL
  Holding Period End Date: 2019-08-30
  ✓ S1: IEX -12.97%, Portfolio: $1,141,162
    Warning: No data found for IEX
    Warning: No data found for FL
  ✗ S2: Insufficient data for IEX/FL

107/223: 2019-08-01: Added=LDOS, Removed=APC
  Holding Period End Date: 2019-08-30
  ✓ S1: LDOS 10.90%, Portfolio: $1,265,558
    YFinance output for APC: 1 Failed download:
['ACE']: YFPricesMissingError('possibly delisted; no price data found  (1d 2016-01-13 00:00:00 -> 2016-02-11) (Yahoo error = "Data doesn\'t exist for startDate = 1452661200, endDate = 1455166800")')

1 Failed download:
['ACE']: YFPricesMissingError('possibly delisted; no price data found  (1d 2016-01-13 00:00:00 -> 2016-02-11) (Yahoo error = "Data doesn\'t exist for startDate = 1452661200, endDate = 1455166800")')
    Warning: No data found for APC
  ✗ S2: Insufficient data for LDOS/APC

108/223: 2019-09-17: Added=CDW, Removed=TSS
  Holding Period End Date: 2019-10-16
    YFinance output for CDW: 1 Failed download:
['BRCM']: YFPricesMissingError('possibly delisted; no price data found  (1d 2016-01-22 00:00:00 -> 2016-02-22)')
    Warning: No data found for CDW
  ✗ S1: Insufficient data for CDW
    YFinance output for CDW: 1 Failed download:
['BRCM']: YFPricesMissingError('possibly delisted; no price data found  (1d 2016-01-22 00:00:00 -> 2016-02-22)')
  ✗ S2: Error processing CDW/TSS: cannot convert the series to <class 'float'>

109/223: 2019-09-20: Added=NVR, Removed=JEF
  Holding Period End Date: 2019-10-21
    Warning: No data found for NVR
  ✗ S1: Insufficient data for NVR
    YFinance output for NVR: 2 Failed downloads:
['PCP']: YFPricesMissingError('possibly delisted; no price data found  (1d 2016-01-26 00:00:00 -> 2016-02-24) (Yahoo error = "Data doesn\'t exist for startDate = 1453784400, endDate = 1456290000")')
['ALTR']: YFTzMissingError('possibly delisted; no timezone found')

2 Failed downloads:
['PCP']: YFPricesMissingError('possibly delisted; no price data found  (1d 2016-01-26 00:00:00 -> 2016-02-24) (Yahoo error = "Data doesn\'t exist for startDate = 1453784400, endDate = 1456290000")')
['ALTR']: YFTzMissingError('possibly delisted; no timezone found')
    Warning: No data found for NVR
    Warning: No data found for JEF
  ✗ S2: Insufficient data for NVR/JEF

110/223: 2019-09-20: Added=LVS, Removed=NKTR
  Holding Period End Date: 2019-10-21
    YFinance output for LVS: 2 Failed downloads:
['SNDK']: YFPricesMissingError('possibly delisted; no price data found  (1d 2016-05-10 00:00:00 -> 2016-06-06) (Yahoo error = "Data doesn\'t exist for startDate = 1462852800, endDate = 1465185600")')
['ESV']: YFTzMissingError('possibly delisted; no timezone found')

2 Failed downloads:
['SNDK']: YFPricesMissingError('possibly delisted; no price data found  (1d 2016-05-10 00:00:00 -> 2016-06-06) (Yahoo error = "Data doesn\'t exist for startDate = 1462852800, endDate = 1465185600")')
['ESV']: YFTzMissingError('possibly delisted; no timezone found')
    Warning: No data found for LVS
  ✗ S1: Insufficient data for LVS
    YFinance output for NKTR: 1 Failed download:
['WLTW']: YFTzMissingError('possibly delisted; no timezone found')
  ✗ S2: Error processing LVS/NKTR: cannot convert the series to <class 'float'>

111/223: 2019-11-18: Added=NOW, Removed=CELG
  Holding Period End Date: 2019-12-18
  ✓ S1: NOW 0.47%, Portfolio: $1,271,492
  ✓ S2: Long NOW (8.62%), Short CELG (-9.43%)
      Combined: -0.41%, Portfolio: $2,858,000

112/223: 2019-11-27: Added=WRB, Removed=VIAB
  Holding Period End Date: 2019-12-30
    YFinance output for WRB: 2 Failed downloads:
['GMCR']: YFPricesMissingError('possibly delisted; no price data found  (1d 2016-03-04 00:00:00 -> 2016-04-04)')
['ESV']: YFTzMissingError('possibly delisted; no timezone found')
  ✗ S1: Error processing WRB: cannot convert the series to <class 'float'>
    YFinance output for WRB: 2 Failed downloads:
['GMCR']: YFPricesMissingError('possibly delisted; no price data found  (1d 2016-03-04 00:00:00 -> 2016-04-04)')
['ESV']: YFTzMissingError('possibly delisted; no timezone found')
  ✓ S2: Long WRB (9.17%), Short VIAB (17.33%)
      Combined: 13.25%, Portfolio: $3,236,731

113/223: 2019-12-02: Added=ODFL, Removed=STI
  Holding Period End Date: 2020-01-02
    YFinance output for ODFL: 1 Failed download:
['ACE']: YFPricesMissingError('possibly delisted; no price data found  (1d 2016-01-13 00:00:00 -> 2016-02-12) (Yahoo error = "Data doesn\'t exist for startDate = 1452661200, endDate = 1455253200")')
    Warning: No data found for ODFL
  ✗ S1: Insufficient data for ODFL
    YFinance output for STI: 2 Failed downloads:
['CAM']: YFPricesMissingError('possibly delisted; no price data found  (1d 2016-03-28 00:00:00 -> 2016-04-22)')
['POM']: YFPricesMissingError('possibly delisted; no price data found  (1d 2016-03-24 00:00:00 -> 2016-04-22)')
    Warning: No data found for STI
  ✗ S2: Insufficient data for ODFL/STI

114/223: 2019-12-13: Added=ZBRA, Removed=TRIP
  Holding Period End Date: 2020-01-15
  ✓ S1: ZBRA -1.78%, Portfolio: $1,248,903
    YFinance output for TRIP: 1 Failed download:
['CCE']: YFPricesMissingError('possibly delisted; no price data found  (1d 2016-05-24 00:00:00 -> 2016-06-20)')
  ✗ S2: Error processing ZBRA/TRIP: cannot convert the series to <class 'float'>

115/223: 2019-12-13: Added=LYV, Removed=AMG
  Holding Period End Date: 2020-01-15
  ✗ S1: Error processing LYV: cannot convert the series to <class 'float'>
    Warning: No data found for LYV
  ✗ S2: Insufficient data for LYV/AMG

116/223: 2019-12-13: Added=STE, Removed=MAC
  Holding Period End Date: 2020-01-15
  ✓ S1: STE -11.46%, Portfolio: $1,105,731
    YFinance output for STE: 1 Failed download:
['CXO']: YFTzMissingError('possibly delisted; no timezone found')

1 Failed download:
['CXO']: YFTzMissingError('possibly delisted; no timezone found')
    Warning: No data found for MAC
  ✗ S2: Insufficient data for STE/MAC

117/223: 2020-01-22: Added=PAYC, Removed=WCG
  Holding Period End Date: 2020-02-21
    Warning: No data found for PAYC
  ✗ S1: Insufficient data for PAYC
    YFinance output for PAYC: 1 Failed download:
['ADT']: YFPricesMissingError('possibly delisted; no price data found  (1d 2016-04-26 00:00:00 -> 2016-05-23) (Yahoo error = "Data doesn\'t exist for startDate = 1461643200, endDate = 1463976000")')

1 Failed download:
['ADT']: YFPricesMissingError('possibly delisted; no price data found  (1d 2016-04-26 00:00:00 -> 2016-05-23) (Yahoo error = "Data doesn\'t exist for startDate = 1461643200, endDate = 1463976000")')
    Warning: No data found for PAYC
    Warning: No data found for WCG
  ✗ S2: Insufficient data for PAYC/WCG

118/223: 2020-02-27: Added=IR, Removed=XEC
  Holding Period End Date: 2020-03-27
    Warning: No data found for IR
  ✗ S1: Insufficient data for IR
    YFinance output for IR: 1 Failed download:
['CPGX']: YFPricesMissingError('possibly delisted; no price data found  (1d 2016-06-23 00:00:00 -> 2016-07-20)')

1 Failed download:
['CPGX']: YFPricesMissingError('possibly delisted; no price data found  (1d 2016-06-23 00:00:00 -> 2016-07-20)')
    Warning: No data found for IR
  ✗ S2: Insufficient data for IR/XEC

119/223: 2020-03-31: Added=nan, Removed=M
  Holding Period End Date: 2020-04-30

120/223: 2020-03-31: Added=nan, Removed=RTN
  Holding Period End Date: 2020-04-30

121/223: 2020-03-31: Added=CARR, Removed=nan
  Holding Period End Date: 2020-04-30
  ✓ S1: CARR 1.80%, Portfolio: $1,125,645

122/223: 2020-03-31: Added=OTIS, Removed=nan
  Holding Period End Date: 2020-04-30
  ✓ S1: OTIS 25.52%, Portfolio: $1,412,965

123/223: 2020-05-05: Added=HWM, Removed=ARNC
  Holding Period End Date: 2020-06-04
    YFinance output for HWM: 1 Failed download:
['TE']: YFPricesMissingError('possibly delisted; no price data found  (1d 2016-06-23 00:00:00 -> 2016-07-20) (Yahoo error = "Data doesn\'t exist for startDate = 1466654400, endDate = 1468987200")')
    Warning: No data found for HWM
  ✗ S1: Insufficient data for HWM
    YFinance output for HWM: 1 Failed download:
['SNDK']: YFPricesMissingError('possibly delisted; no price data found  (1d 2016-05-10 00:00:00 -> 2016-06-07) (Yahoo error = "Data doesn\'t exist for startDate = 1462852800, endDate = 1465272000")')
    Warning: No data found for HWM
  ✗ S2: Insufficient data for HWM/ARNC

124/223: 2020-05-06: Added=DXCM, Removed=AGN
  Holding Period End Date: 2020-06-05
  ✓ S1: DXCM -3.92%, Portfolio: $1,357,533
    Warning: No data found for DXCM
  ✗ S2: Insufficient data for DXCM/AGN

125/223: 2020-05-06: Added=DPZ, Removed=CPRI
  Holding Period End Date: 2020-06-05
  ✓ S1: DPZ 1.46%, Portfolio: $1,377,306
    YFinance output for DPZ: 1 Failed download:
['TWC']: YFPricesMissingError('possibly delisted; no price data found  (1d 2016-05-13 00:00:00 -> 2016-06-10)')
    Warning: No data found for DPZ
    YFinance output for CPRI: 1 Failed download:
['ESV']: YFTzMissingError('possibly delisted; no timezone found')
  ✗ S2: Insufficient data for DPZ/CPRI

126/223: 2020-05-18: Added=WST, Removed=HP
  Holding Period End Date: 2020-06-17
    Warning: No data found for WST
  ✗ S1: Insufficient data for WST
    YFinance output for WST: 1 Failed download:
['TWC']: YFPricesMissingError('possibly delisted; no price data found  (1d 2016-05-13 00:00:00 -> 2016-06-13)')

1 Failed download:
['TWC']: YFPricesMissingError('possibly delisted; no price data found  (1d 2016-05-13 00:00:00 -> 2016-06-13)')
    Warning: No data found for WST
    Warning: No data found for HP
  ✗ S2: Insufficient data for WST/HP

127/223: 2020-06-12: Added=BIO, Removed=ADS
  Holding Period End Date: 2020-07-14
    YFinance output for BIO: 1 Failed download:
['ARG']: YFPricesMissingError('possibly delisted; no price data found  (1d 2016-05-18 00:00:00 -> 2016-06-15) (Yahoo error = "Data doesn\'t exist for startDate = 1463544000, endDate = 1465963200")')
    Warning: No data found for BIO
  ✗ S1: Insufficient data for BIO
    Warning: No data found for BIO
    YFinance output for ADS: 1 Failed download:
['POM']: YFPricesMissingError('possibly delisted; no price data found  (1d 2016-03-24 00:00:00 -> 2016-04-25)')
  ✗ S2: Insufficient data for BIO/ADS

128/223: 2020-06-12: Added=TDY, Removed=HOG
  Holding Period End Date: 2020-07-14
    YFinance output for TDY: 2 Failed downloads:
['ARG']: YFPricesMissingError('possibly delisted; no price data found  (1d 2016-05-18 00:00:00 -> 2016-06-16) (Yahoo error = "Data doesn\'t exist for startDate = 1463544000, endDate = 1466049600")')
['FBHS']: YFTzMissingError('possibly delisted; no timezone found')

2 Failed downloads:
['ARG']: YFPricesMissingError('possibly delisted; no price data found  (1d 2016-05-18 00:00:00 -> 2016-06-16) (Yahoo error = "Data doesn\'t exist for startDate = 1463544000, endDate = 1466049600")')
['FBHS']: YFTzMissingError('possibly delisted; no timezone found')
    Warning: No data found for TDY
  ✗ S1: Insufficient data for TDY
    YFinance output for TDY: 1 Failed download:
['BXLT']: YFPricesMissingError('possibly delisted; no price data found  (1d 2016-05-27 00:00:00 -> 2016-06-24)')
    Warning: No data found for TDY
    YFinance output for HOG: 1 Failed download:
['FBHS']: YFTzMissingError('possibly delisted; no timezone found')

1 Failed download:
['FBHS']: YFTzMissingError('possibly delisted; no timezone found')
    Warning: No data found for HOG
  ✗ S2: Insufficient data for TDY/HOG

129/223: 2020-06-12: Added=TYL, Removed=JWN
  Holding Period End Date: 2020-07-14
    Warning: No data found for TYL
  ✗ S1: Insufficient data for TYL
    YFinance output for TYL: 1 Failed download:
['ADS']: YFTzMissingError('possibly delisted; no timezone found')

1 Failed download:
['ADS']: YFTzMissingError('possibly delisted; no timezone found')
    Warning: No data found for TYL
  ✗ S2: Insufficient data for TYL/JWN

130/223: 2020-09-04: Added=CTLT, Removed=KSS
  Holding Period End Date: 2020-10-06
  ✓ S1: CTLT 0.66%, Portfolio: $1,386,346
    YFinance output for CTLT: 1 Failed download:
['FBHS']: YFTzMissingError('possibly delisted; no timezone found')
    Warning: No data found for CTLT
  ✗ S2: Insufficient data for CTLT/KSS

131/223: 2020-09-04: Added=ETSY, Removed=HRB
  Holding Period End Date: 2020-10-06
  ✗ S1: Error processing ETSY: cannot convert the series to <class 'float'>
  ✗ S2: Error processing ETSY/HRB: cannot convert the series to <class 'float'>

132/223: 2020-09-04: Added=TER, Removed=COTY
  Holding Period End Date: 2020-10-06
    Warning: No data found for TER
  ✗ S1: Insufficient data for TER
    YFinance output for TER: 1 Failed download:
['CPGX']: YFPricesMissingError('possibly delisted; no price data found  (1d 2016-06-23 00:00:00 -> 2016-07-21)')
    Warning: No data found for COTY
  ✗ S2: Insufficient data for TER/COTY

133/223: 2020-10-01: Added=POOL, Removed=ETFC
  Holding Period End Date: 2020-10-30
  ✓ S1: POOL -0.83%, Portfolio: $1,374,857
    Warning: No data found for ETFC
  ✗ S2: Insufficient data for POOL/ETFC

134/223: 2020-10-05: Added=VNT, Removed=nan
  Holding Period End Date: 2020-11-03
    YFinance output for VNT: 1 Failed download:
['TYC']: YFPricesMissingError('possibly delisted; no price data found  (1d 2016-08-25 00:00:00 -> 2016-09-22)')
  ✗ S1: Error processing VNT: cannot convert the series to <class 'float'>

135/223: 2020-10-05: Added=nan, Removed=NBL
  Holding Period End Date: 2020-11-03

136/223: 2020-12-11: Added=TSLA, Removed=AIV
  Holding Period End Date: 2021-01-13
    Warning: No data found for TSLA
  ✗ S1: Insufficient data for TSLA
    YFinance output for AIV: 1 Failed download:
['TYC']: YFPricesMissingError('possibly delisted; no price data found  (1d 2016-08-25 00:00:00 -> 2016-09-23)')
    Warning: No data found for AIV
  ✗ S2: Insufficient data for TSLA/AIV

137/223: 2020-12-30: Added=ENPH, Removed=TIF
  Holding Period End Date: 2021-02-01
    YFinance output for ENPH: 1 Failed download:
['EMC']: YFPricesMissingError('possibly delisted; no price data found  (1d 2016-08-31 00:00:00 -> 2016-09-28) (Yahoo error = "Data doesn\'t exist for startDate = 1472616000, endDate = 1475035200")')
    Warning: No data found for ENPH
  ✗ S1: Insufficient data for ENPH
    YFinance output for ENPH: 1 Failed download:
['SE']: YFPricesMissingError('possibly delisted; no price data found  (1d 2017-02-23 00:00:00 -> 2017-03-21) (Yahoo error = "Data doesn\'t exist for startDate = 1487826000, endDate = 1490068800")')
  ✓ S2: Long ENPH (1.66%), Short TIF (1.96%)
      Combined: 1.81%, Portfolio: $3,295,207

138/223: 2021-01-15: Added=TRMB, Removed=CXO
  Holding Period End Date: 2021-02-17
    YFinance output for TRMB: 1 Failed download:
['DO']: YFTzMissingError('possibly delisted; no timezone found')
    Warning: No data found for TRMB
  ✗ S1: Insufficient data for TRMB
    YFinance output for TRMB: 1 Failed download:
['ARG']: YFPricesMissingError('possibly delisted; no price data found  (1d 2016-05-18 00:00:00 -> 2016-06-17) (Yahoo error = "Data doesn\'t exist for startDate = 1463544000, endDate = 1466136000")')
    Warning: No data found for TRMB
  ✗ S2: Insufficient data for TRMB/CXO

139/223: 2021-02-08: Added=MPWR, Removed=FTI
  Holding Period End Date: 2021-03-10
  ✓ S1: MPWR -3.14%, Portfolio: $1,331,713
  ✓ S2: Long MPWR (-1.99%), Short FTI (6.26%)
      Combined: 2.13%, Portfolio: $3,365,519

140/223: 2021-03-12: Added=CZR, Removed=VNT
  Holding Period End Date: 2021-04-13
  ✓ S1: CZR -2.94%, Portfolio: $1,292,528
  ✓ S2: Long CZR (-1.61%), Short VNT (-2.50%)
      Combined: -2.05%, Portfolio: $3,296,390

141/223: 2021-03-12: Added=PENN, Removed=SLG
  Holding Period End Date: 2021-04-13
  ✓ S1: PENN -1.61%, Portfolio: $1,271,775
    Warning: No data found for PENN
    YFinance output for SLG: 1 Failed download:
['ENDP']: YFTzMissingError('possibly delisted; no timezone found')
    Warning: No data found for SLG
  ✗ S2: Insufficient data for PENN/SLG

142/223: 2021-03-12: Added=NXPI, Removed=FLS
  Holding Period End Date: 2021-04-13
  ✗ S1: Error processing NXPI: cannot convert the series to <class 'float'>
    YFinance output for NXPI: 1 Failed download:
['DISH']: YFTzMissingError('possibly delisted; no timezone found')

1 Failed download:
['DISH']: YFTzMissingError('possibly delisted; no timezone found')
    Warning: No data found for NXPI
    Warning: No data found for FLS
  ✗ S2: Insufficient data for NXPI/FLS

143/223: 2021-03-12: Added=GNRC, Removed=XRX
  Holding Period End Date: 2021-04-13
    YFinance output for GNRC: 1 Failed download:
['TWC']: Timeout('Failed to perform, curl: (28) Operation timed out after 10003 milliseconds with 0 bytes received. See https://curl.se/libcurl/c/libcurl-errors.html first for more details.')
    Warning: No data found for GNRC
  ✗ S1: Insufficient data for GNRC
    YFinance output for GNRC: 1 Failed download:
['TWC']: Timeout('Failed to perform, curl: (28) Operation timed out after 10003 milliseconds with 0 bytes received. See https://curl.se/libcurl/c/libcurl-errors.html first for more details.')
    Warning: No data found for GNRC
    YFinance output for XRX: 1 Failed download:
['FBHS']: YFTzMissingError('possibly delisted; no timezone found')

1 Failed download:
['FBHS']: YFTzMissingError('possibly delisted; no timezone found')
    Warning: No data found for XRX
  ✗ S2: Insufficient data for GNRC/XRX

144/223: 2021-04-15: Added=PTC, Removed=VAR
  Holding Period End Date: 2021-05-14
    Warning: No data found for PTC
  ✗ S1: Insufficient data for PTC
  ✓ S2: Long PTC (1.65%), Short VAR (-3.87%)
      Combined: -1.11%, Portfolio: $3,259,791

145/223: 2021-05-10: Added=CRL, Removed=FLIR
  Holding Period End Date: 2021-06-09
    Warning: No data found for CRL
  ✗ S1: Insufficient data for CRL
  ✓ S2: Long CRL (-0.45%), Short FLIR (4.15%)
      Combined: 1.85%, Portfolio: $3,319,963

146/223: 2021-05-27: Added=OGN, Removed=nan
  Holding Period End Date: 2021-06-28
  ✓ S1: OGN 0.72%, Portfolio: $1,280,966

147/223: 2021-05-27: Added=nan, Removed=HFC
  Holding Period End Date: 2021-06-28

148/223: 2021-07-15: Added=MRNA, Removed=ALXN
  Holding Period End Date: 2021-08-13
    YFinance output for MRNA: 1 Failed download:
['ENDP']: YFTzMissingError('possibly delisted; no timezone found')

1 Failed download:
['ENDP']: YFTzMissingError('possibly delisted; no timezone found')
  ✗ S1: Error processing MRNA: cannot convert the series to <class 'float'>
    Warning: No data found for MRNA
    Warning: No data found for ALXN
  ✗ S2: Insufficient data for MRNA/ALXN

149/223: 2021-08-24: Added=TECH, Removed=MXIM
  Holding Period End Date: 2021-09-23
    YFinance output for TECH: 1 Failed download:
['FTR']: YFTzMissingError('possibly delisted; no timezone found')
    Warning: No data found for TECH
  ✗ S1: Insufficient data for TECH
    YFinance output for TECH: 1 Failed download:
['ENDP']: YFTzMissingError('possibly delisted; no timezone found')
  ✗ S2: Error processing TECH/MXIM: cannot convert the series to <class 'float'>

150/223: 2021-09-03: Added=BRO, Removed=NOV
  Holding Period End Date: 2021-10-05
    YFinance output for BRO: 1 Failed download:
['DISH']: YFTzMissingError('possibly delisted; no timezone found')

1 Failed download:
['DISH']: YFTzMissingError('possibly delisted; no timezone found')
    Warning: No data found for BRO
  ✗ S1: Insufficient data for BRO
    Warning: No data found for BRO
  ✗ S2: Insufficient data for BRO/NOV

151/223: 2021-09-03: Added=CDAY, Removed=UNM
  Holding Period End Date: 2021-10-05
    YFinance output for CDAY: 1 Failed download:
['DISH']: YFTzMissingError('possibly delisted; no timezone found')
    Warning: No data found for CDAY
  ✗ S1: Insufficient data for CDAY
    Warning: No data found for UNM
  ✗ S2: Insufficient data for CDAY/UNM

152/223: 2021-09-03: Added=MTCH, Removed=PRGO
  Holding Period End Date: 2021-10-05
  ✓ S1: MTCH 5.68%, Portfolio: $1,353,777
    Warning: No data found for MTCH
    YFinance output for PRGO: 1 Failed download:
['SWN']: YFTzMissingError('possibly delisted; no timezone found')
    Warning: No data found for PRGO
  ✗ S2: Insufficient data for MTCH/PRGO

153/223: 2021-12-03: Added=FDS, Removed=WU
  Holding Period End Date: 2022-01-04
  ✓ S1: FDS 4.44%, Portfolio: $1,413,862
  ✓ S2: Long FDS (1.87%), Short WU (2.62%)
      Combined: 2.24%, Portfolio: $3,394,410

154/223: 2021-12-03: Added=SEDG, Removed=HBI
  Holding Period End Date: 2022-01-04
  ✗ S1: Error processing SEDG: cannot convert the series to <class 'float'>
    YFinance output for SEDG: 1 Failed download:
['FTR']: YFTzMissingError('possibly delisted; no timezone found')
    Warning: No data found for HBI
  ✗ S2: Insufficient data for SEDG/HBI

155/223: 2021-12-03: Added=SBNY, Removed=LEG
  Holding Period End Date: 2022-01-04
    YFinance output for SBNY: 1 Failed download:
['INFO']: YFPricesMissingError('possibly delisted; no price data found  (1d 2017-05-24 00:00:00 -> 2017-06-20) (Yahoo error = "Data doesn\'t exist for startDate = 1495598400, endDate = 1497931200")')
    Warning: No data found for SBNY
  ✗ S1: Insufficient data for SBNY
    YFinance output for LEG: 1 Failed download:
['SWN']: YFTzMissingError('possibly delisted; no timezone found')
  ✗ S2: Error processing SBNY/LEG: cannot convert the series to <class 'float'>

156/223: 2021-12-07: Added=EPAM, Removed=KSU
  Holding Period End Date: 2022-01-06
  ✓ S1: EPAM -4.60%, Portfolio: $1,348,810
  ✗ S2: Error processing EPAM/KSU: cannot convert the series to <class 'float'>

157/223: 2022-01-26: Added=CEG, Removed=nan
  Holding Period End Date: 2022-02-25
  ✓ S1: CEG 2.08%, Portfolio: $1,376,810

158/223: 2022-01-26: Added=nan, Removed=GPS
  Holding Period End Date: 2022-02-25

159/223: 2022-02-10: Added=NDSN, Removed=XLNX
  Holding Period End Date: 2022-03-14
  ✓ S1: NDSN -1.71%, Portfolio: $1,353,230
  ✓ S2: Long NDSN (2.08%), Short XLNX (5.06%)
      Combined: 3.57%, Portfolio: $3,515,482

160/223: 2022-02-25: Added=MOH, Removed=INFO
  Holding Period End Date: 2022-03-28
  ✓ S1: MOH -5.00%, Portfolio: $1,285,516
    Warning: No data found for MOH
    YFinance output for INFO: 1 Failed download:
['INFO']: YFPricesMissingError('possibly delisted; no price data found  (1d 2017-05-24 00:00:00 -> 2017-06-21) (Yahoo error = "Data doesn\'t exist for startDate = 1495598400, endDate = 1498017600")')
    Warning: No data found for INFO
  ✗ S2: Insufficient data for MOH/INFO

161/223: 2022-03-29: Added=CPT, Removed=PBCT
  Holding Period End Date: 2022-04-28
  ✓ S1: CPT 4.42%, Portfolio: $1,342,358
    Warning: No data found for CPT
    Warning: No data found for PBCT
  ✗ S2: Insufficient data for CPT/PBCT

162/223: 2022-04-07: Added=WBD, Removed=DISCA
  Holding Period End Date: 2022-05-09
    YFinance output for WBD: 1 Failed download:
['STJ']: YFPricesMissingError('possibly delisted; no price data found  (1d 2017-01-03 00:00:00 -> 2017-02-02)')

1 Failed download:
['STJ']: YFPricesMissingError('possibly delisted; no price data found  (1d 2017-01-03 00:00:00 -> 2017-02-02)')
    Warning: No data found for WBD
  ✗ S1: Insufficient data for WBD
    Warning: No data found for DISCA
  ✗ S2: Insufficient data for WBD/DISCA

163/223: 2022-04-07: Added=nan, Removed=DISCK
  Holding Period End Date: 2022-05-09

164/223: 2022-06-03: Added=VICI, Removed=CERN
  Holding Period End Date: 2022-07-06
  ✓ S1: VICI -5.06%, Portfolio: $1,274,421
    Warning: No data found for VICI
    YFinance output for CERN: 1 Failed download:
['DNB']: YFPricesMissingError('possibly delisted; no price data found  (1d 2017-03-29 00:00:00 -> 2017-04-27) (Yahoo error = "Data doesn\'t exist for startDate = 1490760000, endDate = 1493265600")')
    Warning: No data found for CERN
  ✗ S2: Insufficient data for VICI/CERN

165/223: 2022-06-03: Added=ON, Removed=IPGP
  Holding Period End Date: 2022-07-06
  ✗ S1: Error processing ON: cannot convert the series to <class 'float'>
  ✓ S2: Long ON (-1.71%), Short IPGP (-0.59%)
      Combined: -1.15%, Portfolio: $3,474,967

166/223: 2022-06-03: Added=KDP, Removed=UAA
  Holding Period End Date: 2022-07-06
  ✓ S1: KDP -5.67%, Portfolio: $1,202,187
    YFinance output for KDP: 1 Failed download:
['YHOO']: YFTzMissingError('possibly delisted; no timezone found')
    Warning: No data found for KDP
    YFinance output for UAA: 1 Failed download:
['BHI']: YFPricesMissingError('possibly delisted; no price data found  (1d 2017-06-30 00:00:00 -> 2017-07-27) (Yahoo error = "Data doesn\'t exist for startDate = 1498795200, endDate = 1501128000")')
    Warning: No data found for UAA
  ✗ S2: Insufficient data for KDP/UAA

167/223: 2022-06-03: Added=nan, Removed=UA
  Holding Period End Date: 2022-07-06

168/223: 2022-09-02: Added=CSGP, Removed=PVH
  Holding Period End Date: 2022-10-04
  ✓ S1: CSGP 2.08%, Portfolio: $1,227,224
    YFinance output for CSGP: 1 Failed download:
['RAI']: YFPricesMissingError('possibly delisted; no price data found  (1d 2017-07-19 00:00:00 -> 2017-08-14)')

1 Failed download:
['RAI']: YFPricesMissingError('possibly delisted; no price data found  (1d 2017-07-19 00:00:00 -> 2017-08-14)')
  ✗ S2: Error processing CSGP/PVH: cannot convert the series to <class 'float'>

169/223: 2022-09-02: Added=INVH, Removed=PENN
  Holding Period End Date: 2022-10-04
  ✓ S1: INVH -7.05%, Portfolio: $1,140,756
    Warning: No data found for INVH
    YFinance output for PENN: 1 Failed download:
['DISH']: YFTzMissingError('possibly delisted; no timezone found')
    Warning: No data found for PENN
  ✗ S2: Insufficient data for INVH/PENN

170/223: 2022-09-23: Added=PCG, Removed=CTXS
  Holding Period End Date: 2022-10-24
  ✓ S1: PCG -4.24%, Portfolio: $1,092,394
    Warning: No data found for PCG
    YFinance output for CTXS: 1 Failed download:
['MJN']: YFPricesMissingError('possibly delisted; no price data found  (1d 2017-06-12 00:00:00 -> 2017-07-11)')

1 Failed download:
['MJN']: YFPricesMissingError('possibly delisted; no price data found  (1d 2017-06-12 00:00:00 -> 2017-07-11)')
    Warning: No data found for CTXS
  ✗ S2: Insufficient data for PCG/CTXS

171/223: 2022-09-23: Added=EQT, Removed=DRE
  Holding Period End Date: 2022-10-24
  ✓ S1: EQT 3.40%, Portfolio: $1,129,579
    Warning: No data found for EQT
    YFinance output for DRE: 1 Failed download:
['BHI']: YFPricesMissingError('possibly delisted; no price data found  (1d 2017-06-30 00:00:00 -> 2017-07-31) (Yahoo error = "Data doesn\'t exist for startDate = 1498795200, endDate = 1501473600")')
    Warning: No data found for DRE
  ✗ S2: Insufficient data for EQT/DRE

172/223: 2022-10-06: Added=TRGP, Removed=NLSN
  Holding Period End Date: 2022-11-04
  ✓ S1: TRGP -1.99%, Portfolio: $1,107,138
    YFinance output for TRGP: 1 Failed download:
['MNK']: YFTzMissingError('possibly delisted; no timezone found')
  ✗ S2: Error processing TRGP/NLSN: cannot convert the series to <class 'float'>

173/223: 2022-10-27: Added=ACGL, Removed=TWTR
  Holding Period End Date: 2022-11-28
  ✓ S1: ACGL -5.69%, Portfolio: $1,044,165
    YFinance output for ACGL: 1 Failed download:
['RAI']: YFPricesMissingError('possibly delisted; no price data found  (1d 2017-07-19 00:00:00 -> 2017-08-16)')
  ✗ S2: Error processing ACGL/TWTR: cannot convert the series to <class 'float'>

174/223: 2022-12-12: Added=FSLR, Removed=FBHS
  Holding Period End Date: 2023-01-12
    YFinance output for FSLR: 1 Failed download:
['MNK']: YFTzMissingError('possibly delisted; no timezone found')

1 Failed download:
['MNK']: YFTzMissingError('possibly delisted; no timezone found')
  ✗ S1: Error processing FSLR: cannot convert the series to <class 'float'>
    YFinance output for FBHS: 1 Failed download:
['FTR']: YFTzMissingError('possibly delisted; no timezone found')
    Warning: No data found for FBHS
  ✗ S2: Insufficient data for FSLR/FBHS

175/223: 2022-12-12: Added=nan, Removed=MBC
  Holding Period End Date: 2023-01-12

176/223: 2022-12-12: Added=MBC, Removed=nan
  Holding Period End Date: 2023-01-12
  ✓ S1: MBC -6.07%, Portfolio: $980,740

177/223: 2022-12-19: Added=STLD, Removed=ABMD
  Holding Period End Date: 2023-01-20
  ✗ S1: Error processing STLD: cannot convert the series to <class 'float'>
  ✓ S2: Long STLD (-3.29%), Short ABMD (12.72%)
      Combined: 4.71%, Portfolio: $3,638,775

178/223: 2022-12-28: Added=GEHC, Removed=nan
  Holding Period End Date: 2023-01-30
  ✓ S1: GEHC -5.75%, Portfolio: $924,366

179/223: 2022-12-28: Added=nan, Removed=VNO
  Holding Period End Date: 2023-01-30

180/223: 2023-03-03: Added=FICO, Removed=LUMN
  Holding Period End Date: 2023-04-03
  ✓ S1: FICO -1.04%, Portfolio: $914,749
  ✗ S2: Error processing FICO/LUMN: cannot convert the series to <class 'float'>

181/223: 2023-03-10: Added=PODD, Removed=SIVB
  Holding Period End Date: 2023-04-11
    YFinance output for PODD: 1 Failed download:
['DRE']: YFTzMissingError('possibly delisted; no timezone found')
  ✗ S1: Error processing PODD: cannot convert the series to <class 'float'>
    YFinance output for PODD: 2 Failed downloads:
['Q']: YFPricesMissingError('possibly delisted; no price data found  (1d 2017-08-24 00:00:00 -> 2017-09-20)')
['DRE']: YFTzMissingError('possibly delisted; no timezone found')

2 Failed downloads:
['Q']: YFPricesMissingError('possibly delisted; no price data found  (1d 2017-08-24 00:00:00 -> 2017-09-20)')
['DRE']: YFTzMissingError('possibly delisted; no timezone found')
    Warning: No data found for PODD
  ✗ S2: Insufficient data for PODD/SIVB

182/223: 2023-03-13: Added=BG, Removed=SBNY
  Holding Period End Date: 2023-04-12
    YFinance output for BG: 1 Failed download:
['Q']: YFPricesMissingError('possibly delisted; no price data found  (1d 2017-08-24 00:00:00 -> 2017-09-20)')

1 Failed download:
['Q']: YFPricesMissingError('possibly delisted; no price data found  (1d 2017-08-24 00:00:00 -> 2017-09-20)')
    Warning: No data found for BG
  ✗ S1: Insufficient data for BG
    YFinance output for BG: 1 Failed download:
['WFM']: YFPricesMissingError('possibly delisted; no price data found  (1d 2017-08-24 00:00:00 -> 2017-09-20)')
    Warning: No data found for BG
    YFinance output for SBNY: 1 Failed download:
['WFM']: YFPricesMissingError('possibly delisted; no price data found  (1d 2017-08-24 00:00:00 -> 2017-09-20)')
  ✗ S2: Insufficient data for BG/SBNY

183/223: 2023-05-01: Added=AXON, Removed=FRC
  Holding Period End Date: 2023-05-31
    YFinance output for AXON: 1 Failed download:
['MNK']: YFTzMissingError('possibly delisted; no timezone found')
  ✗ S1: Error processing AXON: cannot convert the series to <class 'float'>
    YFinance output for AXON: 1 Failed download:
['DRE']: YFTzMissingError('possibly delisted; no timezone found')

1 Failed download:
['DRE']: YFTzMissingError('possibly delisted; no timezone found')
    Warning: No data found for FRC
  ✗ S2: Insufficient data for AXON/FRC

184/223: 2023-06-02: Added=PANW, Removed=DISH
  Holding Period End Date: 2023-07-05
  ✓ S1: PANW -16.18%, Portfolio: $766,726
    YFinance output for PANW: 1 Failed download:
['DWDP']: YFTzMissingError('possibly delisted; no timezone found')
    Warning: No data found for PANW
    YFinance output for DISH: 1 Failed download:
['DWDP']: YFTzMissingError('possibly delisted; no timezone found')
    Warning: No data found for DISH
  ✗ S2: Insufficient data for PANW/DISH

185/223: 2023-08-21: Added=nan, Removed=TEL
  Holding Period End Date: 2023-09-20

186/223: 2023-08-21: Added=KVUE, Removed=AAP
  Holding Period End Date: 2023-09-20
    YFinance output for KVUE: 1 Failed download:
['SWN']: YFTzMissingError('possibly delisted; no timezone found')
  ✗ S1: Error processing KVUE: cannot convert the series to <class 'float'>
    YFinance output for AAP: 1 Failed download:
['Q']: YFPricesMissingError('possibly delisted; no price data found  (1d 2017-08-24 00:00:00 -> 2017-09-22)')

1 Failed download:
['Q']: YFPricesMissingError('possibly delisted; no price data found  (1d 2017-08-24 00:00:00 -> 2017-09-22)')
    Warning: No data found for AAP
  ✗ S2: Insufficient data for KVUE/AAP

187/223: 2023-08-21: Added=PCS, Removed=nan
  Holding Period End Date: 2023-09-20
    YFinance output for PCS: 1 Failed download:
['DOW']: YFPricesMissingError('possibly delisted; no price data found  (1d 2017-08-24 00:00:00 -> 2017-09-20) (Yahoo error = "Data doesn\'t exist for startDate = 1503547200, endDate = 1505880000")')
    Warning: No data found for PCS
  ✗ S1: Insufficient data for PCS

188/223: 2023-09-14: Added=BX, Removed=LNC
  Holding Period End Date: 2023-10-13
    YFinance output for BX: 1 Failed download:
['INFO']: YFPricesMissingError('possibly delisted; no price data found  (1d 2017-05-24 00:00:00 -> 2017-06-23) (Yahoo error = "Data doesn\'t exist for startDate = 1495598400, endDate = 1498190400")')
    Warning: No data found for BX
  ✗ S1: Insufficient data for BX
    YFinance output for BX: 1 Failed download:
['SPLS']: YFPricesMissingError('possibly delisted; no price data found  (1d 2017-08-24 00:00:00 -> 2017-09-20)')
    Warning: No data found for BX
    YFinance output for LNC: 1 Failed download:
['Q']: YFPricesMissingError('possibly delisted; no price data found  (1d 2017-08-24 00:00:00 -> 2017-09-21)')
    Warning: No data found for LNC
  ✗ S2: Insufficient data for BX/LNC

189/223: 2023-09-14: Added=ABNB, Removed=NWL
  Holding Period End Date: 2023-10-13
    Warning: No data found for ABNB
  ✗ S1: Insufficient data for ABNB
  ✓ S2: Long ABNB (13.11%), Short NWL (1.37%)
      Combined: 7.24%, Portfolio: $3,902,229

190/223: 2023-09-28: Added=VLTO, Removed=nan
  Holding Period End Date: 2023-10-27
  ✓ S1: VLTO -0.61%, Portfolio: $762,069

191/223: 2023-09-28: Added=nan, Removed=DXC
  Holding Period End Date: 2023-10-27

192/223: 2023-10-13: Added=LULU, Removed=ATVI
  Holding Period End Date: 2023-11-13
  ✗ S1: Error processing LULU: cannot convert the series to <class 'float'>
    Warning: No data found for LULU
    YFinance output for ATVI: 1 Failed download:
['DWDP']: YFTzMissingError('possibly delisted; no timezone found')

1 Failed download:
['DWDP']: YFTzMissingError('possibly delisted; no timezone found')
  ✗ S2: Insufficient data for LULU/ATVI

193/223: 2023-10-13: Added=HUBB, Removed=OGN
  Holding Period End Date: 2023-11-13
  ✓ S1: HUBB -3.94%, Portfolio: $732,057
  ✓ S2: Long HUBB (-3.94%), Short OGN (-2.49%)
      Combined: -3.21%, Portfolio: $3,776,835

194/223: 2023-12-01: Added=UBER, Removed=SEE
  Holding Period End Date: 2024-01-03
  ✓ S1: UBER -0.55%, Portfolio: $728,052
    Warning: No data found for UBER
    YFinance output for SEE: 1 Failed download:
['DOW']: YFPricesMissingError('possibly delisted; no price data found  (1d 2017-08-24 00:00:00 -> 2017-09-22) (Yahoo error = "Data doesn\'t exist for startDate = 1503547200, endDate = 1506052800")')
    Warning: No data found for SEE
  ✗ S2: Insufficient data for UBER/SEE

195/223: 2023-12-01: Added=BLDR, Removed=SEDG
  Holding Period End Date: 2024-01-03
    YFinance output for BLDR: 2 Failed downloads:
['DOW']: YFPricesMissingError('possibly delisted; no price data found  (1d 2017-08-24 00:00:00 -> 2017-09-21) (Yahoo error = "Data doesn\'t exist for startDate = 1503547200, endDate = 1505966400")')
['RE']: YFTzMissingError('possibly delisted; no timezone found')

2 Failed downloads:
['DOW']: YFPricesMissingError('possibly delisted; no price data found  (1d 2017-08-24 00:00:00 -> 2017-09-21) (Yahoo error = "Data doesn\'t exist for startDate = 1503547200, endDate = 1505966400")')
['RE']: YFTzMissingError('possibly delisted; no timezone found')
    Warning: No data found for BLDR
  ✗ S1: Insufficient data for BLDR
  ✓ S2: Long BLDR (3.36%), Short SEDG (20.27%)
      Combined: 11.81%, Portfolio: $4,223,033

196/223: 2023-12-01: Added=JBL, Removed=ALK
  Holding Period End Date: 2024-01-03
  ✓ S1: JBL -2.85%, Portfolio: $707,311
    YFinance output for ALK: 1 Failed download:
['LVLT']: YFPricesMissingError('possibly delisted; no price data found  (1d 2017-10-04 00:00:00 -> 2017-11-01)')

1 Failed download:
['LVLT']: YFPricesMissingError('possibly delisted; no price data found  (1d 2017-10-04 00:00:00 -> 2017-11-01)')
    Warning: No data found for ALK
  ✗ S2: Insufficient data for JBL/ALK

197/223: 2024-03-01: Added=SMCI, Removed=WHR
  Holding Period End Date: 2024-04-02
  ✓ S1: SMCI 3.47%, Portfolio: $731,858
  ✗ S2: Error processing SMCI/WHR: cannot convert the series to <class 'float'>

198/223: 2024-03-01: Added=DECK, Removed=ZION
  Holding Period End Date: 2024-04-02
  ✓ S1: DECK 3.47%, Portfolio: $757,256
    YFinance output for ZION: 1 Failed download:
['LVLT']: YFPricesMissingError('possibly delisted; no price data found  (1d 2017-10-04 00:00:00 -> 2017-10-31)')

1 Failed download:
['LVLT']: YFPricesMissingError('possibly delisted; no price data found  (1d 2017-10-04 00:00:00 -> 2017-10-31)')
    Warning: No data found for ZION
  ✗ S2: Insufficient data for DECK/ZION

199/223: 2024-03-27: Added=SOLV, Removed=nan
  Holding Period End Date: 2024-04-26
    YFinance output for SOLV: 1 Failed download:
['BCR']: YFPricesMissingError('possibly delisted; no price data found  (1d 2017-12-28 00:00:00 -> 2018-01-29)')
  ✓ S1: SOLV 0.75%, Portfolio: $762,949

200/223: 2024-03-27: Added=GEV, Removed=nan
  Holding Period End Date: 2024-04-26
    YFinance output for GEV: 2 Failed downloads:
['SIVB', 'CHK']: YFTzMissingError('possibly delisted; no timezone found')
    Warning: No data found for GEV
  ✗ S1: Insufficient data for GEV

201/223: 2024-03-27: Added=nan, Removed=XRAY
  Holding Period End Date: 2024-04-26

202/223: 2024-03-27: Added=nan, Removed=VFC
  Holding Period End Date: 2024-04-26

203/223: 2024-05-03: Added=VST, Removed=PXD
  Holding Period End Date: 2024-06-04
    YFinance output for VST: 1 Failed download:
['SIVB']: YFTzMissingError('possibly delisted; no timezone found')

1 Failed download:
['SIVB']: YFTzMissingError('possibly delisted; no timezone found')
    Warning: No data found for VST
  ✗ S1: Insufficient data for VST
  ✓ S2: Long VST (-5.99%), Short PXD (23.23%)
      Combined: 8.62%, Portfolio: $4,586,993

204/223: 2024-06-07: Added=KKR, Removed=RHI
  Holding Period End Date: 2024-07-10
    YFinance output for KKR: 1 Failed download:
['BCR']: YFPricesMissingError('possibly delisted; no price data found  (1d 2017-12-28 00:00:00 -> 2018-01-26)')
  ✓ S1: KKR -23.46%, Portfolio: $583,991
    Warning: No data found for RHI
  ✗ S2: Insufficient data for KKR/RHI

205/223: 2024-06-07: Added=CRWD, Removed=CMA
  Holding Period End Date: 2024-07-10
  ✓ S1: CRWD 3.17%, Portfolio: $602,526
    Warning: No data found for CMA
  ✗ S2: Insufficient data for CRWD/CMA

206/223: 2024-06-07: Added=GDDY, Removed=ILMN
  Holding Period End Date: 2024-07-10
    Warning: No data found for GDDY
  ✗ S1: Insufficient data for GDDY
  ✗ S2: Error processing GDDY/ILMN: cannot convert the series to <class 'float'>

207/223: 2024-09-06: Added=ERIE, Removed=BIO
  Holding Period End Date: 2024-10-07
  ✓ S1: ERIE 8.50%, Portfolio: $653,767
  ✓ S2: Long ERIE (-3.98%), Short BIO (0.90%)
      Combined: -1.54%, Portfolio: $4,516,249

208/223: 2024-09-06: Added=DELL, Removed=ETSY
  Holding Period End Date: 2024-10-07
  ✗ S1: Error processing DELL: cannot convert the series to <class 'float'>
    Warning: No data found for DELL
    Warning: No data found for ETSY
  ✗ S2: Insufficient data for DELL/ETSY

209/223: 2024-09-06: Added=PLTR, Removed=AAL
  Holding Period End Date: 2024-10-07
    YFinance output for PLTR: 1 Failed download:
['DRE']: YFTzMissingError('possibly delisted; no timezone found')
    Warning: No data found for PLTR
  ✗ S1: Insufficient data for PLTR
    YFinance output for PLTR: 1 Failed download:
['MON']: YFTzMissingError('possibly delisted; no timezone found')
    Warning: No data found for PLTR
  ✗ S2: Insufficient data for PLTR/AAL

210/223: 2024-09-24: Added=AMTM, Removed=nan
  Holding Period End Date: 2024-10-23
    YFinance output for AMTM: 2 Failed downloads:
['SIVB', 'PDCO']: YFTzMissingError('possibly delisted; no timezone found')
    Warning: No data found for AMTM
  ✗ S1: Insufficient data for AMTM

211/223: 2024-09-24: Added=nan, Removed=BBWI
  Holding Period End Date: 2024-10-23

212/223: 2024-11-21: Added=TPL, Removed=MRO
  Holding Period End Date: 2024-12-23
    YFinance output for TPL: 1 Failed download:
['HFC']: YFTzMissingError('possibly delisted; no timezone found')
    Warning: No data found for TPL
  ✗ S1: Insufficient data for TPL
    YFinance output for TPL: 1 Failed download:
['HFC']: YFTzMissingError('possibly delisted; no timezone found')

1 Failed download:
['HFC']: YFTzMissingError('possibly delisted; no timezone found')
    Warning: No data found for TPL
  ✗ S2: Insufficient data for TPL/MRO

213/223: 2024-12-06: Added=WDAY, Removed=AMTM
  Holding Period End Date: 2025-01-08
    Warning: No data found for WDAY
  ✗ S1: Insufficient data for WDAY
    Warning: No data found for AMTM
  ✗ S2: Insufficient data for WDAY/AMTM

214/223: 2024-12-06: Added=APO, Removed=QRVO
  Holding Period End Date: 2025-01-08
  ✗ S1: Error processing APO: cannot convert the series to <class 'float'>
    YFinance output for APO: 1 Failed download:
['WYN']: YFPricesMissingError('possibly delisted; no price data found  (1d 2018-05-25 00:00:00 -> 2018-06-22)')

1 Failed download:
['WYN']: YFPricesMissingError('possibly delisted; no price data found  (1d 2018-05-25 00:00:00 -> 2018-06-22)')
    Warning: No data found for APO
  ✗ S2: Insufficient data for APO/QRVO

215/223: 2024-12-18: Added=LII, Removed=CTLT
  Holding Period End Date: 2025-01-22
    YFinance output for LII: 2 Failed downloads:
['TWTR', 'FLT']: YFTzMissingError('possibly delisted; no timezone found')
  ✗ S1: Error processing LII: cannot convert the series to <class 'float'>
    YFinance output for CTLT: 2 Failed downloads:
['TWTR']: YFTzMissingError('possibly delisted; no timezone found')
['DPS']: YFPricesMissingError('possibly delisted; no price data found  (1d 2018-06-25 00:00:00 -> 2018-07-20)')
  ✗ S2: Error processing LII/CTLT: cannot convert the series to <class 'float'>

216/223: 2025-03-07: Added=EXE, Removed=FMC
  Holding Period End Date: 2025-04-07
  ✓ S1: EXE -5.47%, Portfolio: $618,026
    YFinance output for EXE: 1 Failed download:
['HFC']: YFTzMissingError('possibly delisted; no timezone found')
  ✗ S2: Error processing EXE/FMC: cannot convert the series to <class 'float'>

217/223: 2025-03-07: Added=WSM, Removed=CE
  Holding Period End Date: 2025-04-07
    Warning: No data found for WSM
  ✗ S1: Insufficient data for WSM
    YFinance output for WSM: 1 Failed download:
['XL']: YFTzMissingError('possibly delisted; no timezone found')
    Warning: No data found for WSM
  ✗ S2: Insufficient data for WSM/CE

218/223: 2025-03-07: Added=TKO, Removed=TFX
  Holding Period End Date: 2025-04-07
    Warning: No data found for TKO
  ✗ S1: Insufficient data for TKO
    YFinance output for TFX: 1 Failed download:
['GGP']: YFPricesMissingError('possibly delisted; no price data found  (1d 2018-08-23 00:00:00 -> 2018-09-21)')
  ✓ S2: Long TKO (-3.38%), Short TFX (15.15%)
      Combined: 5.89%, Portfolio: $4,782,046

219/223: 2025-03-07: Added=DASH, Removed=BWA
  Holding Period End Date: 2025-04-07
    YFinance output for DASH: 2 Failed downloads:
['WCG', 'FLT']: YFTzMissingError('possibly delisted; no timezone found')

2 Failed downloads:
['WCG', 'FLT']: YFTzMissingError('possibly delisted; no timezone found')
  ✗ S1: Error processing DASH: cannot convert the series to <class 'float'>
    YFinance output for BWA: 2 Failed downloads:
['WCG', 'FLT']: YFTzMissingError('possibly delisted; no timezone found')
  ✗ S2: Error processing DASH/BWA: cannot convert the series to <class 'float'>

220/223: 2025-05-12: Added=COIN, Removed=DFS
  Holding Period End Date: 2025-06-11
  ✓ S1: COIN 1.84%, Portfolio: $629,398
    YFinance output for COIN: 1 Failed download:
['CA']: YFPricesMissingError('possibly delisted; no price data found  (1d 2018-10-30 00:00:00 -> 2018-11-26) (Yahoo error = "Data doesn\'t exist for startDate = 1540872000, endDate = 1543208400")')

1 Failed download:
['CA']: YFPricesMissingError('possibly delisted; no price data found  (1d 2018-10-30 00:00:00 -> 2018-11-26) (Yahoo error = "Data doesn\'t exist for startDate = 1540872000, endDate = 1543208400")')
    Warning: No data found for COIN
  ✗ S2: Insufficient data for COIN/DFS

221/223: 2025-07-02: Added=DDOG, Removed=JNPR
  Holding Period End Date: 2025-08-01
  ✓ S1: DDOG -8.77%, Portfolio: $574,195
    Warning: No data found for JNPR
  ✗ S2: Insufficient data for DDOG/JNPR

222/223: 2025-07-14: Added=TTD, Removed=ANSS
  Holding Period End Date: 2025-08-12
  ✓ S1: TTD 6.95%, Portfolio: $614,110
    YFinance output for TTD: 1 Failed download:
['WCG']: YFTzMissingError('possibly delisted; no timezone found')
    YFinance output for ANSS: 1 Failed download:
['WCG']: YFTzMissingError('possibly delisted; no timezone found')
  ✗ S2: Error processing TTD/ANSS: cannot convert the series to <class 'float'>

223/223: 2025-07-18: Added=XYZ, Removed=HES
  Holding Period End Date: 2025-08-18
    Warning: No data found for XYZ
  ✗ S1: Insufficient data for XYZ
    YFinance output for XYZ: 1 Failed download:
['MXIM']: YFTzMissingError('possibly delisted; no timezone found')
    Warning: No data found for XYZ
  ✗ S2: Insufficient data for XYZ/HES

============================================================
FINAL RESULTS
Strategy 1: 108 successful trades, Final: $614,110 (-38.59%)
Strategy 2: 69 successful trades, Final: $4,782,046 (378.20%)
Completed: 2025-08-31 18:17:01
