S&P 500 Index Update Trading Strategy Analysis (Multithread)
Holding Period: 5 trading days
Date Range: 2015-07-02 to 2025-07-18
Timestamp: 2025-08-31 17:56:06
============================================================

1/223: 2015-07-02: Added=KHC, Removed=KRFT
  Holding Period End Date: 2015-07-10
  ✓ S1: KHC 5.40%, Portfolio: $1,054,005
    Warning: No data found for KRFT
  ✗ S2: Insufficient data for KHC/KRFT

2/223: 2015-07-06: Added=AAP, Removed=FDO
  Holding Period End Date: 2015-07-13
  ✓ S1: AAP 3.93%, Portfolio: $1,095,428
    Warning: No data found for AAP
    Warning: No data found for FDO
  ✗ S2: Insufficient data for AAP/FDO

3/223: 2015-07-14: Added=PYPL, Removed=NE
  Holding Period End Date: 2015-07-21
  ✓ S1: PYPL 17.65%, Portfolio: $1,288,757
  ✓ S2: Long PYPL (15.13%), Short NE (-2.55%)
      Combined: 6.29%, Portfolio: $1,062,903

4/223: 2015-07-24: Added=SIG, Removed=DTV
  Holding Period End Date: 2015-07-31
    Warning: No data found for SIG
  ✗ S1: Insufficient data for SIG
    YFinance output for SIG: 2 Failed downloads:
['KSU']: YFTzMissingError('possibly delisted; no timezone found')
['SBNY']: YFPricesMissingError('possibly delisted; no price data found  (1d 2021-12-03 00:00:00 -> 2021-12-07) (Yahoo error = "Data doesn\'t exist for startDate = 1638507600, endDate = 1638853200")')
  ✓ S2: Long SIG (8.17%), Short DTV (14.75%)
      Combined: 11.46%, Portfolio: $1,184,695

5/223: 2015-08-27: Added=ATVI, Removed=PLL
  Holding Period End Date: 2015-09-03
  ✓ S1: ATVI -1.33%, Portfolio: $1,271,673
    YFinance output for PLL: 1 Failed download:
['XLNX']: YFTzMissingError('possibly delisted; no timezone found')

1 Failed download:
['XLNX']: YFTzMissingError('possibly delisted; no timezone found')

1 Failed download:
['XLNX']: YFTzMissingError('possibly delisted; no timezone found')

1 Failed download:
['XLNX']: YFTzMissingError('possibly delisted; no timezone found')
  ✗ S2: Error processing ATVI/PLL: cannot convert the series to <class 'float'>

6/223: 2015-08-27: Added=UAL, Removed=HSP
  Holding Period End Date: 2015-09-03
  ✓ S1: UAL -0.46%, Portfolio: $1,265,782
    Warning: No data found for UAL
  ✗ S2: Insufficient data for UAL/HSP

7/223: 2015-09-30: Added=VRSK, Removed=JOY
  Holding Period End Date: 2015-10-07
    YFinance output for VRSK: 1 Failed download:
['INFO']: YFPricesMissingError('possibly delisted; no price data found  (1d 2022-02-25 00:00:00 -> 2022-03-02) (Yahoo error = "Data doesn\'t exist for startDate = 1645765200, endDate = 1646197200")')
    Warning: No data found for VRSK
  ✗ S1: Insufficient data for VRSK
    YFinance output for VRSK: 1 Failed download:
['PBCT']: YFTzMissingError('possibly delisted; no timezone found')

1 Failed download:
['PBCT']: YFTzMissingError('possibly delisted; no timezone found')

1 Failed download:
['PBCT']: YFTzMissingError('possibly delisted; no timezone found')
    Warning: No data found for VRSK
  ✗ S2: Insufficient data for VRSK/JOY

8/223: 2015-10-27: Added=HPE, Removed=HCBK
  Holding Period End Date: 2015-11-03
    Warning: No data found for HPE
  ✗ S1: Insufficient data for HPE
    YFinance output for HPE: 1 Failed download:
['DISCA']: YFTzMissingError('possibly delisted; no timezone found')
    Warning: No data found for HPE
  ✗ S2: Insufficient data for HPE/HCBK

9/223: 2015-11-09: Added=SYF, Removed=GNW
  Holding Period End Date: 2015-11-16
  ✓ S1: SYF -2.26%, Portfolio: $1,237,152
    YFinance output for SYF: 2 Failed downloads:
['PBCT', 'DISCA']: YFTzMissingError('possibly delisted; no timezone found')
    Warning: No data found for SYF
  ✗ S2: Insufficient data for SYF/GNW

10/223: 2015-11-12: Added=ILMN, Removed=SIAL
  Holding Period End Date: 2015-11-19
  ✗ S1: Error processing ILMN: cannot convert the series to <class 'float'>
    Warning: No data found for ILMN
  ✗ S2: Insufficient data for ILMN/SIAL

11/223: 2015-11-23: Added=CSRA, Removed=CSC
  Holding Period End Date: 2015-12-01
  ✓ S1: CSRA 4.04%, Portfolio: $1,287,079
    YFinance output for CSRA: 1 Failed download:
['CERN']: YFTzMissingError('possibly delisted; no timezone found')

1 Failed download:
['CERN']: YFTzMissingError('possibly delisted; no timezone found')

1 Failed download:
['CERN']: YFTzMissingError('possibly delisted; no timezone found')
    Warning: No data found for CSC
  ✗ S2: Insufficient data for CSRA/CSC

12/223: 2015-12-15: Added=nan, Removed=CMCSK
  Holding Period End Date: 2015-12-22

13/223: 2015-12-22: Added=CHD, Removed=ALTR
  Holding Period End Date: 2015-12-30
    YFinance output for CHD: 1 Failed download:
['CERN']: YFTzMissingError('possibly delisted; no timezone found')

1 Failed download:
['CERN']: YFTzMissingError('possibly delisted; no timezone found')
  ✓ S1: CHD -4.27%, Portfolio: $1,232,085
    Warning: No data found for ALTR
  ✗ S2: Insufficient data for CHD/ALTR

14/223: 2015-12-28: Added=WLTW, Removed=FOSL
  Holding Period End Date: 2016-01-05
  ✗ S1: Error processing WLTW: cannot convert the series to <class 'float'>
  ✓ S2: Long WLTW (1.38%), Short FOSL (-9.20%)
      Combined: -3.91%, Portfolio: $1,138,405

15/223: 2016-01-13: Added=EXR, Removed=ACE
  Holding Period End Date: 2016-01-21
  ✓ S1: EXR 1.17%, Portfolio: $1,246,502
  ✓ S2: Long EXR (5.07%), Short ACE (-3.60%)
      Combined: 0.73%, Portfolio: $1,146,738

16/223: 2016-01-22: Added=FRT, Removed=BRCM
  Holding Period End Date: 2016-01-29
  ✓ S1: FRT 3.15%, Portfolio: $1,285,756
  ✗ S2: Error processing FRT/BRCM: cannot convert the series to <class 'float'>

17/223: 2016-01-26: Added=CFG, Removed=PCP
  Holding Period End Date: 2016-02-02
  ✓ S1: CFG 10.82%, Portfolio: $1,424,869
    Warning: No data found for CFG
  ✗ S2: Insufficient data for CFG/PCP

18/223: 2016-02-16: Added=CXO, Removed=PCL
  Holding Period End Date: 2016-02-23
  ✓ S1: CXO 6.12%, Portfolio: $1,512,072
  ✗ S2: Insufficient data for CXO/PCL

19/223: 2016-03-01: Added=AWK, Removed=CNX
  Holding Period End Date: 2016-03-08
  ✓ S1: AWK 1.11%, Portfolio: $1,528,860
    YFinance output for AWK: 2 Failed downloads:
['CA']: YFPricesMissingError('possibly delisted; no price data found  (1d 2018-10-30 00:00:00 -> 2018-11-05) (Yahoo error = "Data doesn\'t exist for startDate = 1540872000, endDate = 1541394000")')
['CTXS']: YFTzMissingError('possibly delisted; no timezone found')

2 Failed downloads:
['CA']: YFPricesMissingError('possibly delisted; no price data found  (1d 2018-10-30 00:00:00 -> 2018-11-05) (Yahoo error = "Data doesn\'t exist for startDate = 1540872000, endDate = 1541394000")')
['CTXS']: YFTzMissingError('possibly delisted; no timezone found')
    Warning: No data found for AWK
    Warning: No data found for CNX
  ✗ S2: Insufficient data for AWK/CNX

20/223: 2016-03-04: Added=UDR, Removed=GMCR
  Holding Period End Date: 2016-03-11
  ✓ S1: UDR 0.87%, Portfolio: $1,542,196
    Warning: No data found for GMCR
  ✗ S2: Insufficient data for UDR/GMCR

21/223: 2016-03-24: Added=CNC, Removed=ESV
  Holding Period End Date: 2016-04-01
    Warning: No data found for CNC
  ✗ S1: Insufficient data for CNC
  ✗ S2: Error processing CNC/ESV: cannot convert the series to <class 'float'>

22/223: 2016-03-24: Added=HOLX, Removed=POM
  Holding Period End Date: 2016-04-01
  ✗ S1: Error processing HOLX: cannot convert the series to <class 'float'>
  ✓ S2: Long HOLX (1.51%), Short POM (-8.60%)
      Combined: -3.55%, Portfolio: $1,106,078

23/223: 2016-03-28: Added=FL, Removed=CAM
  Holding Period End Date: 2016-04-04
  ✓ S1: FL 6.53%, Portfolio: $1,642,868
    Warning: No data found for FL
    Warning: No data found for CAM
  ✗ S2: Insufficient data for FL/CAM

24/223: 2016-04-07: Added=ULTA, Removed=THC
  Holding Period End Date: 2016-04-14
  ✓ S1: ULTA 9.65%, Portfolio: $1,801,466
  ✓ S2: Long ULTA (9.65%), Short THC (-5.73%)
      Combined: 1.96%, Portfolio: $1,127,792

25/223: 2016-04-19: Added=GPN, Removed=GME
  Holding Period End Date: 2016-04-26
    Warning: No data found for GPN
  ✗ S1: Insufficient data for GPN
    YFinance output for GPN: 1 Failed download:
['FBHS']: YFTzMissingError('possibly delisted; no timezone found')

1 Failed download:
['FBHS']: YFTzMissingError('possibly delisted; no timezone found')
    Warning: No data found for GPN
  ✗ S2: Insufficient data for GPN/GME

26/223: 2016-04-26: Added=AYI, Removed=ADT
  Holding Period End Date: 2016-05-03
    Warning: No data found for AYI
  ✗ S1: Insufficient data for AYI
    YFinance output for ADT: 1 Failed download:
['ABMD']: YFTzMissingError('possibly delisted; no timezone found')
  ✗ S2: Error processing AYI/ADT: cannot convert the series to <class 'float'>

27/223: 2016-05-10: Added=ALK, Removed=SNDK
  Holding Period End Date: 2016-05-17
  ✓ S1: ALK 1.29%, Portfolio: $1,824,707
  ✓ S2: Long ALK (1.63%), Short SNDK (-10.24%)
      Combined: -4.30%, Portfolio: $1,079,242

28/223: 2016-05-13: Added=DLR, Removed=TWC
  Holding Period End Date: 2016-05-20
    Error fetching DLR: 'STLD'
  ✗ S1: Insufficient data for DLR
  ✓ S2: Long DLR (1.53%), Short TWC (0.67%)
      Combined: 1.10%, Portfolio: $1,091,113

29/223: 2016-05-18: Added=LKQ, Removed=ARG
  Holding Period End Date: 2016-05-25
  ✓ S1: LKQ -0.50%, Portfolio: $1,815,651
  ✓ S2: Long LKQ (-0.67%), Short ARG (4.97%)
      Combined: 2.15%, Portfolio: $1,114,582

30/223: 2016-05-24: Added=AJG, Removed=CCE
  Holding Period End Date: 2016-06-01
  ✓ S1: AJG 0.79%, Portfolio: $1,829,955
    Warning: No data found for AJG
  ✗ S2: Insufficient data for AJG/CCE

31/223: 2016-05-27: Added=TDG, Removed=BXLT
  Holding Period End Date: 2016-06-06
    YFinance output for TDG: 1 Failed download:
['SIVB']: YFTzMissingError('possibly delisted; no timezone found')
    Warning: No data found for TDG
  ✗ S1: Insufficient data for TDG
    YFinance output for TDG: 1 Failed download:
['SIVB']: YFTzMissingError('possibly delisted; no timezone found')

1 Failed download:
['SIVB']: YFTzMissingError('possibly delisted; no timezone found')

1 Failed download:
['SIVB']: YFTzMissingError('possibly delisted; no timezone found')
    Warning: No data found for TDG
    Warning: No data found for BXLT
  ✗ S2: Insufficient data for TDG/BXLT

32/223: 2016-06-21: Added=FBHS, Removed=CVC
  Holding Period End Date: 2016-06-28
  ✗ S1: Error processing FBHS: cannot convert the series to <class 'float'>
    Warning: No data found for FBHS
  ✗ S2: Insufficient data for FBHS/CVC

33/223: 2016-06-23: Added=FTV, Removed=CPGX
  Holding Period End Date: 2016-06-30
  ✓ S1: FTV 14.48%, Portfolio: $2,094,867
    Warning: No data found for CPGX
  ✗ S2: Insufficient data for FTV/CPGX

34/223: 2016-06-23: Added=ALB, Removed=TE
  Holding Period End Date: 2016-06-30
    YFinance output for ALB: 2 Failed downloads:
['DISH', 'FRC']: YFTzMissingError('possibly delisted; no timezone found')
    Warning: No data found for ALB
  ✗ S1: Insufficient data for ALB
  ✓ S2: Long ALB (-6.04%), Short TE (-1.41%)
      Combined: -3.73%, Portfolio: $1,073,031

35/223: 2016-06-29: Added=LNT, Removed=GAS
  Holding Period End Date: 2016-07-07
  ✗ S1: Error processing LNT: cannot convert the series to <class 'float'>
    Warning: No data found for LNT
  ✗ S2: Insufficient data for LNT/GAS

36/223: 2016-08-25: Added=MTD, Removed=TYC
  Holding Period End Date: 2016-09-01
  ✓ S1: MTD 4.40%, Portfolio: $2,186,958
  ✗ S2: Insufficient data for MTD/TYC

37/223: 2016-08-31: Added=CHTR, Removed=EMC
  Holding Period End Date: 2016-09-08
    Warning: No data found for CHTR
  ✗ S1: Insufficient data for CHTR
    YFinance output for CHTR: 1 Failed download:
['PCS']: YFPricesMissingError('possibly delisted; no price data found  (1d 2023-08-21 00:00:00 -> 2023-08-25) (Yahoo error = "Data doesn\'t exist for startDate = 1692590400, endDate = 1692936000")')

1 Failed download:
['PCS']: YFPricesMissingError('possibly delisted; no price data found  (1d 2023-08-21 00:00:00 -> 2023-08-25) (Yahoo error = "Data doesn\'t exist for startDate = 1692590400, endDate = 1692936000")')
  ✓ S2: Long CHTR (1.47%), Short EMC (-2.09%)
      Combined: -0.31%, Portfolio: $1,069,701

38/223: 2016-09-10: Added=COO, Removed=HOT
  Holding Period End Date: 2016-09-19
    Warning: No data found for COO
  ✗ S1: Insufficient data for COO
  ✗ S2: Error processing COO/HOT: cannot convert the series to <class 'float'>

39/223: 2016-09-27: Added=COTY, Removed=DO
  Holding Period End Date: 2016-10-04
  ✓ S1: COTY -1.09%, Portfolio: $2,163,135
  ✓ S2: Long COTY (-0.95%), Short DO (0.96%)
      Combined: 0.00%, Portfolio: $1,069,750

40/223: 2016-11-29: Added=MAA, Removed=OI
  Holding Period End Date: 2016-12-06
  ✗ S1: Error processing MAA: cannot convert the series to <class 'float'>
  ✗ S2: Error processing MAA/OI: cannot convert the series to <class 'float'>

41/223: 2016-11-29: Added=EVHC, Removed=LM
  Holding Period End Date: 2016-12-06
    YFinance output for EVHC: 1 Failed download:
['ATVI']: YFTzMissingError('possibly delisted; no timezone found')

1 Failed download:
['ATVI']: YFTzMissingError('possibly delisted; no timezone found')

1 Failed download:
['ATVI']: YFTzMissingError('possibly delisted; no timezone found')
  ✗ S1: Error processing EVHC: cannot convert the series to <class 'float'>
    Warning: No data found for EVHC
    Warning: No data found for LM
  ✗ S2: Insufficient data for EVHC/LM

42/223: 2017-01-03: Added=IDXX, Removed=STJ
  Holding Period End Date: 2017-01-10
  ✓ S1: IDXX -0.42%, Portfolio: $2,154,068
  ✓ S2: Long IDXX (-0.42%), Short STJ (10.45%)
      Combined: 5.02%, Portfolio: $1,123,420

43/223: 2017-02-23: Added=INCY, Removed=SE
  Holding Period End Date: 2017-03-02
  ✓ S1: INCY -1.65%, Portfolio: $2,118,555
  ✓ S2: Long INCY (3.13%), Short SE (-2.18%)
      Combined: 0.48%, Portfolio: $1,128,763

44/223: 2017-02-23: Added=CBOE, Removed=PBI
  Holding Period End Date: 2017-03-02
    Warning: No data found for CBOE
  ✗ S1: Insufficient data for CBOE
  ✓ S2: Long CBOE (-5.08%), Short PBI (-1.62%)
      Combined: -3.35%, Portfolio: $1,090,934

45/223: 2017-02-23: Added=REG, Removed=ENDP
  Holding Period End Date: 2017-03-02
  ✓ S1: REG -1.64%, Portfolio: $2,083,723
  ✓ S2: Long REG (1.08%), Short ENDP (-4.10%)
      Combined: -1.51%, Portfolio: $1,074,447

46/223: 2017-03-06: Added=DISH, Removed=LLTC
  Holding Period End Date: 2017-03-13
  ✗ S1: Error processing DISH: cannot convert the series to <class 'float'>
  ✓ S2: Long DISH (4.28%), Short LLTC (1.35%)
      Combined: 2.82%, Portfolio: $1,104,701

47/223: 2017-03-10: Added=ARE, Removed=FSLR
  Holding Period End Date: 2017-03-17
  ✓ S1: ARE -2.19%, Portfolio: $2,037,996
  ✓ S2: Long ARE (4.64%), Short FSLR (0.71%)
      Combined: 2.67%, Portfolio: $1,134,242

48/223: 2017-03-10: Added=RJF, Removed=FTR
  Holding Period End Date: 2017-03-17
  ✓ S1: RJF -2.27%, Portfolio: $1,991,801
  ✓ S2: Long RJF (18.65%), Short FTR (-15.72%)
      Combined: 1.47%, Portfolio: $1,150,865

49/223: 2017-03-10: Added=AMD, Removed=URBN
  Holding Period End Date: 2017-03-17
  ✓ S1: AMD -2.27%, Portfolio: $1,946,653
  ✓ S2: Long AMD (2.86%), Short URBN (11.38%)
      Combined: 7.12%, Portfolio: $1,232,815

50/223: 2017-03-13: Added=SNPS, Removed=HAR
  Holding Period End Date: 2017-03-20
  ✓ S1: SNPS 24.21%, Portfolio: $2,417,945
  ✓ S2: Long SNPS (14.33%), Short HAR (0.24%)
      Combined: 7.29%, Portfolio: $1,322,669

51/223: 2017-03-28: Added=DXC, Removed=SWN
  Holding Period End Date: 2017-04-04
  ✓ S1: DXC 20.47%, Portfolio: $2,912,894
  ✓ S2: Long DXC (20.47%), Short SWN (0.50%)
      Combined: 10.48%, Portfolio: $1,461,341

52/223: 2017-03-29: Added=IT, Removed=DNB
  Holding Period End Date: 2017-04-05
  ✓ S1: IT 0.40%, Portfolio: $2,924,406
  ✓ S2: Long IT (-7.87%), Short DNB (-1.02%)
      Combined: -4.44%, Portfolio: $1,396,400

53/223: 2017-05-24: Added=INFO, Removed=TGNA
  Holding Period End Date: 2017-06-01
  ✓ S1: INFO 6.53%, Portfolio: $3,115,243
  ✗ S2: Error processing INFO/TGNA: cannot convert the series to <class 'float'>

54/223: 2017-06-09: Added=ANSS, Removed=R
  Holding Period End Date: 2017-06-16
  ✓ S1: ANSS -10.80%, Portfolio: $2,778,797
  ✓ S2: Long ANSS (0.31%), Short R (-10.06%)
      Combined: -4.88%, Portfolio: $1,328,305

55/223: 2017-06-09: Added=ALGN, Removed=TDC
  Holding Period End Date: 2017-06-16
  ✓ S1: ALGN -3.19%, Portfolio: $2,690,262
  ✓ S2: Long ALGN (11.18%), Short TDC (0.85%)
      Combined: 6.02%, Portfolio: $1,408,261

56/223: 2017-06-09: Added=HLT, Removed=YHOO
  Holding Period End Date: 2017-06-16
  ✓ S1: HLT -3.94%, Portfolio: $2,584,261
  ✓ S2: Long HLT (2.61%), Short YHOO (-1.44%)
      Combined: 0.59%, Portfolio: $1,416,516

57/223: 2017-06-12: Added=RE, Removed=MJN
  Holding Period End Date: 2017-06-19
  ✓ S1: RE 12.47%, Portfolio: $2,906,535
  ✓ S2: Long RE (7.29%), Short MJN (-8.64%)
      Combined: -0.68%, Portfolio: $1,406,928

58/223: 2017-06-30: Added=BKR, Removed=BHI
  Holding Period End Date: 2017-07-10
  ✓ S1: BKR 0.92%, Portfolio: $2,933,230
  ✓ S2: Long BKR (-1.66%), Short BHI (-2.17%)
      Combined: -1.92%, Portfolio: $1,379,959

59/223: 2017-07-19: Added=MGM, Removed=RAI
  Holding Period End Date: 2017-07-26
  ✓ S1: MGM 10.17%, Portfolio: $3,231,577
  ✓ S2: Long MGM (9.95%), Short RAI (-1.89%)
      Combined: 4.03%, Portfolio: $1,435,600

60/223: 2017-07-19: Added=RMD, Removed=MNK
  Holding Period End Date: 2017-07-26
  ✓ S1: RMD 1.92%, Portfolio: $3,293,723
  ✗ S2: Error processing RMD/MNK: cannot convert the series to <class 'float'>

61/223: 2017-07-19: Added=PKG, Removed=MUR
  Holding Period End Date: 2017-07-26
  ✓ S1: PKG 10.96%, Portfolio: $3,654,587
  ✓ S2: Long PKG (-0.61%), Short MUR (0.62%)
      Combined: 0.00%, Portfolio: $1,435,628

62/223: 2017-07-19: Added=AOS, Removed=BBBY
  Holding Period End Date: 2017-07-26
  ✓ S1: AOS 7.99%, Portfolio: $3,946,754
    Warning: No data found for BBBY
  ✗ S2: Insufficient data for AOS/BBBY

63/223: 2017-07-19: Added=DRE, Removed=RIG
  Holding Period End Date: 2017-07-26
  ✓ S1: DRE 6.67%, Portfolio: $4,209,872
  ✓ S2: Long DRE (4.55%), Short RIG (3.42%)
      Combined: 3.98%, Portfolio: $1,492,833

64/223: 2017-07-31: Added=BHF, Removed=AN
  Holding Period End Date: 2017-08-07
  ✓ S1: BHF -2.39%, Portfolio: $4,109,354
  ✓ S2: Long BHF (1.90%), Short AN (1.16%)
      Combined: 1.53%, Portfolio: $1,515,667

65/223: 2017-08-24: Added=Q, Removed=WFM
  Holding Period End Date: 2017-08-31
  ✗ S1: Error processing Q: cannot convert the series to <class 'float'>
  ✓ S2: Long Q (14.90%), Short WFM (5.39%)
      Combined: 10.15%, Portfolio: $1,669,474

66/223: 2017-08-24: Added=SBAC, Removed=DD
  Holding Period End Date: 2017-08-31
  ✓ S1: SBAC 1.76%, Portfolio: $4,181,648
    YFinance output for DD: 1 Failed download:
['MRO']: YFTzMissingError('possibly delisted; no timezone found')

1 Failed download:
['MRO']: YFTzMissingError('possibly delisted; no timezone found')

1 Failed download:
['MRO']: YFTzMissingError('possibly delisted; no timezone found')
  ✓ S2: Long SBAC (-0.28%), Short DD (-1.88%)
      Combined: -1.08%, Portfolio: $1,651,453

67/223: 2017-08-24: Added=DWDP, Removed=DOW
  Holding Period End Date: 2017-08-31
  ✓ S1: DWDP -8.47%, Portfolio: $3,827,391
  ✓ S2: Long DWDP (14.15%), Short DOW (-12.40%)
      Combined: 0.88%, Portfolio: $1,665,940

68/223: 2017-08-24: Added=CDNS, Removed=SPLS
  Holding Period End Date: 2017-08-31
    YFinance output for CDNS: 1 Failed download:
['MRO']: YFTzMissingError('possibly delisted; no timezone found')

1 Failed download:
['MRO']: YFTzMissingError('possibly delisted; no timezone found')

1 Failed download:
['MRO']: YFTzMissingError('possibly delisted; no timezone found')
  ✓ S1: CDNS 3.71%, Portfolio: $3,969,422
  ✓ S2: Long CDNS (6.50%), Short SPLS (-4.82%)
      Combined: 0.84%, Portfolio: $1,679,917

69/223: 2017-10-04: Added=NCLH, Removed=LVLT
  Holding Period End Date: 2017-10-11
  ✓ S1: NCLH 2.23%, Portfolio: $4,057,922
  ✓ S2: Long NCLH (1.67%), Short LVLT (-2.85%)
      Combined: -0.59%, Portfolio: $1,670,030

70/223: 2017-12-28: Added=HII, Removed=BCR
  Holding Period End Date: 2018-01-05
    Warning: No data found for HII
  ✗ S1: Insufficient data for HII
  ✓ S2: Long HII (-2.20%), Short BCR (3.12%)
      Combined: 0.46%, Portfolio: $1,677,674

71/223: 2018-03-02: Added=IPGP, Removed=SNI
  Holding Period End Date: 2018-03-09
  ✓ S1: IPGP 1.73%, Portfolio: $4,127,999
  ✓ S2: Long IPGP (-2.00%), Short SNI (2.97%)
      Combined: 0.49%, Portfolio: $1,685,819

72/223: 2018-03-09: Added=TTWO, Removed=SIG
  Holding Period End Date: 2018-03-16
  ✓ S1: TTWO -2.08%, Portfolio: $4,042,246
  ✗ S2: Error processing TTWO/SIG: cannot convert the series to <class 'float'>

73/223: 2018-03-09: Added=NKTR, Removed=CHK
  Holding Period End Date: 2018-03-16
  ✓ S1: NKTR 5.60%, Portfolio: $4,268,645
  ✗ S2: Error processing NKTR/CHK: cannot convert the series to <class 'float'>

74/223: 2018-03-09: Added=SIVB, Removed=PDCO
  Holding Period End Date: 2018-03-16
  ✓ S1: SIVB 3.19%, Portfolio: $4,404,666
    YFinance output for SIVB: 1 Failed download:
['Q']: YFPricesMissingError('possibly delisted; no price data found  (1d 2017-08-24 00:00:00 -> 2017-09-06)')

1 Failed download:
['Q']: YFPricesMissingError('possibly delisted; no price data found  (1d 2017-08-24 00:00:00 -> 2017-09-06)')
    Warning: No data found for SIVB
  ✗ S2: Insufficient data for SIVB/PDCO

75/223: 2018-03-28: Added=MSCI, Removed=CSRA
  Holding Period End Date: 2018-04-05
  ✓ S1: MSCI 0.22%, Portfolio: $4,414,267
  ✓ S2: Long MSCI (-7.17%), Short CSRA (-22.23%)
      Combined: -14.70%, Portfolio: $1,437,980

76/223: 2018-05-25: Added=ABMD, Removed=WYN
  Holding Period End Date: 2018-06-04
  ✓ S1: ABMD 0.99%, Portfolio: $4,457,878
  ✓ S2: Long ABMD (5.40%), Short WYN (-3.08%)
      Combined: 1.16%, Portfolio: $1,454,710

77/223: 2018-05-31: Added=EVRG, Removed=NAVI
  Holding Period End Date: 2018-06-07
  ✗ S1: Error processing EVRG: cannot convert the series to <class 'float'>
  ✓ S2: Long EVRG (-4.19%), Short NAVI (-21.33%)
      Combined: -12.76%, Portfolio: $1,269,053

78/223: 2018-06-04: Added=TWTR, Removed=MON
  Holding Period End Date: 2018-06-11
  ✓ S1: TWTR 6.34%, Portfolio: $4,740,374
  ✓ S2: Long TWTR (-2.99%), Short MON (-8.71%)
      Combined: -5.85%, Portfolio: $1,194,776

79/223: 2018-06-08: Added=HFC, Removed=AYI
  Holding Period End Date: 2018-06-15
    Warning: No data found for HFC
  ✗ S1: Insufficient data for HFC
  ✗ S2: Error processing HFC/AYI: cannot convert the series to <class 'float'>

80/223: 2018-06-08: Added=BR, Removed=RRC
  Holding Period End Date: 2018-06-15
    Warning: No data found for BR
  ✗ S1: Insufficient data for BR
  ✗ S2: Error processing BR/RRC: cannot convert the series to <class 'float'>

81/223: 2018-06-15: Added=FLT, Removed=TWX
  Holding Period End Date: 2018-06-22
  ✓ S1: FLT 3.60%, Portfolio: $4,911,226
  ✗ S2: Insufficient data for FLT/TWX

82/223: 2018-06-25: Added=CPRT, Removed=DPS
  Holding Period End Date: 2018-07-02
  ✓ S1: CPRT 6.55%, Portfolio: $5,233,055
    Warning: No data found for DPS
  ✗ S2: Insufficient data for CPRT/DPS

83/223: 2018-08-23: Added=ANET, Removed=GGP
  Holding Period End Date: 2018-08-30
  ✓ S1: ANET 0.33%, Portfolio: $5,250,322
  ✓ S2: Long ANET (7.22%), Short GGP (-3.48%)
      Combined: 1.87%, Portfolio: $1,217,145

84/223: 2018-09-11: Added=WCG, Removed=XL
  Holding Period End Date: 2018-09-18
  ✓ S1: WCG 0.33%, Portfolio: $5,267,645
  ✗ S2: Error processing WCG/XL: cannot convert the series to <class 'float'>

85/223: 2018-09-25: Added=ROL, Removed=ANDV
  Holding Period End Date: 2018-10-02
    YFinance output for ROL: 2 Failed downloads:
['ATVI', 'DTV']: YFTzMissingError('possibly delisted; no timezone found')
    Warning: No data found for ROL
  ✗ S1: Insufficient data for ROL
  ✓ S2: Long ROL (8.05%), Short ANDV (-6.79%)
      Combined: 0.63%, Portfolio: $1,224,756

86/223: 2018-10-04: Added=FTNT, Removed=EVHC
  Holding Period End Date: 2018-10-11
    Warning: No data found for FTNT
  ✗ S1: Insufficient data for FTNT
    YFinance output for FTNT: 2 Failed downloads:
['KRFT']: YFPricesMissingError('possibly delisted; no price data found  (1d 2015-07-02 00:00:00 -> 2015-07-16)')
['DTV']: YFTzMissingError('possibly delisted; no timezone found')
    Warning: No data found for FTNT
  ✗ S2: Insufficient data for FTNT/EVHC

87/223: 2018-10-30: Added=KEYS, Removed=CA
  Holding Period End Date: 2018-11-06
  ✗ S1: Error processing KEYS: cannot convert the series to <class 'float'>
    Warning: No data found for KEYS
  ✗ S2: Insufficient data for KEYS/CA

88/223: 2018-11-07: Added=JKHY, Removed=EQT
  Holding Period End Date: 2018-11-14
    Warning: No data found for JKHY
  ✗ S1: Insufficient data for JKHY
    Warning: No data found for JKHY
  ✗ S2: Insufficient data for JKHY/EQT

89/223: 2018-11-26: Added=FANG, Removed=SRCL
  Holding Period End Date: 2018-12-03
  ✓ S1: FANG 11.83%, Portfolio: $5,890,718
    Warning: No data found for FANG
  ✗ S2: Insufficient data for FANG/SRCL

90/223: 2018-11-26: Added=MXIM, Removed=AET
  Holding Period End Date: 2018-12-03
    YFinance output for MXIM: 1 Failed download:
['PLL']: YFPricesMissingError('possibly delisted; no price data found  (1d 2015-08-27 00:00:00 -> 2015-09-10) (Yahoo error = "Data doesn\'t exist for startDate = 1440648000, endDate = 1441857600")')
    Warning: No data found for MXIM
  ✗ S1: Insufficient data for MXIM
    YFinance output for MXIM: 1 Failed download:
['PLL']: YFPricesMissingError('possibly delisted; no price data found  (1d 2015-08-27 00:00:00 -> 2015-09-09) (Yahoo error = "Data doesn\'t exist for startDate = 1440648000, endDate = 1441771200")')
  ✗ S2: Error processing MXIM/AET: cannot convert the series to <class 'float'>

91/223: 2018-11-26: Added=LW, Removed=COL
  Holding Period End Date: 2018-12-03
    YFinance output for LW: 1 Failed download:
['WCG']: YFTzMissingError('possibly delisted; no timezone found')

1 Failed download:
['WCG']: YFTzMissingError('possibly delisted; no timezone found')
  ✓ S1: LW -8.71%, Portfolio: $5,377,668
    Warning: No data found for LW
    YFinance output for COL: 1 Failed download:
['JOY']: YFPricesMissingError('possibly delisted; no price data found  (1d 2015-09-30 00:00:00 -> 2015-10-12)')

1 Failed download:
['JOY']: YFPricesMissingError('possibly delisted; no price data found  (1d 2015-09-30 00:00:00 -> 2015-10-12)')

1 Failed download:
['JOY']: YFPricesMissingError('possibly delisted; no price data found  (1d 2015-09-30 00:00:00 -> 2015-10-12)')
  ✗ S2: Insufficient data for LW/COL

92/223: 2018-12-27: Added=CE, Removed=ESRX
  Holding Period End Date: 2019-01-04
  ✓ S1: CE -8.71%, Portfolio: $4,909,301
    Warning: No data found for CE
  ✗ S2: Insufficient data for CE/ESRX

93/223: 2018-12-27: Added=FRC, Removed=SCG
  Holding Period End Date: 2019-01-04
    Warning: No data found for FRC
  ✗ S1: Insufficient data for FRC
    YFinance output for SCG: 1 Failed download:
['HCBK']: YFPricesMissingError('possibly delisted; no price data found  (1d 2015-10-27 00:00:00 -> 2015-11-06)')
    Warning: No data found for SCG
  ✗ S2: Insufficient data for FRC/SCG

94/223: 2019-01-15: Added=TFX, Removed=PCG
  Holding Period End Date: 2019-01-23
    Warning: No data found for TFX
  ✗ S1: Insufficient data for TFX
  ✗ S2: Error processing TFX/PCG: cannot convert the series to <class 'float'>

95/223: 2019-02-08: Added=ATO, Removed=NFX
  Holding Period End Date: 2019-02-15
  ✓ S1: ATO 11.83%, Portfolio: $5,489,988
    YFinance output for NFX: 1 Failed download:
['ALTR']: YFTzMissingError('possibly delisted; no timezone found')
    Warning: No data found for NFX
  ✗ S2: Insufficient data for ATO/NFX

96/223: 2019-02-21: Added=WAB, Removed=GT
  Holding Period End Date: 2019-02-28
    Warning: No data found for WAB
  ✗ S1: Insufficient data for WAB
    YFinance output for WAB: 1 Failed download:
['CXO']: YFTzMissingError('possibly delisted; no timezone found')
    Warning: No data found for WAB
    YFinance output for GT: 1 Failed download:
['SIAL']: YFPricesMissingError('possibly delisted; no price data found  (1d 2015-11-12 00:00:00 -> 2015-11-24)')
    Warning: No data found for GT
  ✗ S2: Insufficient data for WAB/GT

97/223: 2019-03-14: Added=FOXA, Removed=FOXA
  Holding Period End Date: 2019-03-21
    YFinance output for FOXA: 1 Failed download:
['WLTW']: YFTzMissingError('possibly delisted; no timezone found')

1 Failed download:
['WLTW']: YFTzMissingError('possibly delisted; no timezone found')

1 Failed download:
['WLTW']: YFTzMissingError('possibly delisted; no timezone found')

1 Failed download:
['WLTW']: YFTzMissingError('possibly delisted; no timezone found')
    Warning: No data found for FOXA
  ✗ S1: Insufficient data for FOXA
    Warning: No data found for FOXA
    YFinance output for FOXA: 1 Failed download:
['WLTW']: YFTzMissingError('possibly delisted; no timezone found')

1 Failed download:
['WLTW']: YFTzMissingError('possibly delisted; no timezone found')

1 Failed download:
['WLTW']: YFTzMissingError('possibly delisted; no timezone found')

1 Failed download:
['WLTW']: YFTzMissingError('possibly delisted; no timezone found')
  ✗ S2: Insufficient data for FOXA/FOXA

98/223: 2019-03-14: Added=FOX, Removed=FOX
  Holding Period End Date: 2019-03-21
  ✓ S1: FOX 4.78%, Portfolio: $5,752,171
  ✓ S2: Long FOX (-9.02%), Short FOX (-1.22%)
      Combined: -5.12%, Portfolio: $1,162,025

99/223: 2019-03-26: Added=DOW, Removed=BHF
  Holding Period End Date: 2019-04-02
    YFinance output for DOW: 1 Failed download:
['WLTW']: YFTzMissingError('possibly delisted; no timezone found')

1 Failed download:
['WLTW']: YFTzMissingError('possibly delisted; no timezone found')

1 Failed download:
['WLTW']: YFTzMissingError('possibly delisted; no timezone found')

1 Failed download:
['WLTW']: YFTzMissingError('possibly delisted; no timezone found')
  ✗ S1: Error processing DOW: cannot convert the series to <class 'float'>
  ✓ S2: Long DOW (-9.02%), Short BHF (-0.09%)
      Combined: -4.55%, Portfolio: $1,109,102

100/223: 2019-05-28: Added=CTVA, Removed=FLR
  Holding Period End Date: 2019-06-04
    YFinance output for CTVA: 1 Failed download:
['CXO']: YFTzMissingError('possibly delisted; no timezone found')
    Warning: No data found for CTVA
  ✗ S1: Insufficient data for CTVA
    Warning: No data found for CTVA
    YFinance output for FLR: 1 Failed download:
['CXO']: YFTzMissingError('possibly delisted; no timezone found')

1 Failed download:
['CXO']: YFTzMissingError('possibly delisted; no timezone found')
  ✗ S2: Insufficient data for CTVA/FLR

101/223: 2019-05-28: Added=DD, Removed=DWDP
  Holding Period End Date: 2019-06-04
    YFinance output for DD: 1 Failed download:
['PCP']: YFPricesMissingError('possibly delisted; no price data found  (1d 2016-01-26 00:00:00 -> 2016-02-08) (Yahoo error = "Data doesn\'t exist for startDate = 1453784400, endDate = 1454907600")')

1 Failed download:
['PCP']: YFPricesMissingError('possibly delisted; no price data found  (1d 2016-01-26 00:00:00 -> 2016-02-08) (Yahoo error = "Data doesn\'t exist for startDate = 1453784400, endDate = 1454907600")')

1 Failed download:
['PCP']: YFPricesMissingError('possibly delisted; no price data found  (1d 2016-01-26 00:00:00 -> 2016-02-08) (Yahoo error = "Data doesn\'t exist for startDate = 1453784400, endDate = 1454907600")')
    Warning: No data found for DD
  ✗ S1: Insufficient data for DD
    Warning: No data found for DD
    YFinance output for DWDP: 1 Failed download:
['ACE']: YFPricesMissingError('possibly delisted; no price data found  (1d 2016-01-13 00:00:00 -> 2016-01-26) (Yahoo error = "Data doesn\'t exist for startDate = 1452661200, endDate = 1453784400")')
    Warning: No data found for DWDP
  ✗ S2: Insufficient data for DD/DWDP

102/223: 2019-06-03: Added=BMS, Removed=MAT
  Holding Period End Date: 2019-06-10
  ✓ S1: BMS 0.36%, Portfolio: $5,772,839
    Warning: No data found for BMS
    Warning: No data found for MAT
  ✗ S2: Insufficient data for BMS/MAT

103/223: 2019-06-03: Added=AMCR, Removed=BMS
  Holding Period End Date: 2019-06-10
  ✓ S1: AMCR 5.95%, Portfolio: $6,116,319
  ✗ S2: Error processing AMCR/BMS: cannot convert the series to <class 'float'>

104/223: 2019-06-24: Added=MKTX, Removed=LLL
  Holding Period End Date: 2019-07-01
    YFinance output for MKTX: 1 Failed download:
['PCL']: YFPricesMissingError('possibly delisted; no price data found  (1d 2016-02-16 00:00:00 -> 2016-02-25) (Yahoo error = "Data doesn\'t exist for startDate = 1455598800, endDate = 1456376400")')
  ✗ S1: Error processing MKTX: cannot convert the series to <class 'float'>
    YFinance output for MKTX: 2 Failed downloads:
['ESV', 'CXO']: YFTzMissingError('possibly delisted; no timezone found')
    Warning: No data found for LLL
  ✗ S2: Insufficient data for MKTX/LLL

105/223: 2019-07-09: Added=TMUS, Removed=RHT
  Holding Period End Date: 2019-07-16
  ✓ S1: TMUS 0.73%, Portfolio: $6,160,833
    Warning: No data found for RHT
  ✗ S2: Insufficient data for TMUS/RHT

106/223: 2019-08-01: Added=IEX, Removed=FL
  Holding Period End Date: 2019-08-08
  ✓ S1: IEX 4.70%, Portfolio: $6,450,477
    YFinance output for FL: 1 Failed download:
['SNDK']: YFPricesMissingError('possibly delisted; no price data found  (1d 2016-05-10 00:00:00 -> 2016-05-18) (Yahoo error = "Data doesn\'t exist for startDate = 1462852800, endDate = 1463544000")')

1 Failed download:
['SNDK']: YFPricesMissingError('possibly delisted; no price data found  (1d 2016-05-10 00:00:00 -> 2016-05-18) (Yahoo error = "Data doesn\'t exist for startDate = 1462852800, endDate = 1463544000")')

1 Failed download:
['SNDK']: YFPricesMissingError('possibly delisted; no price data found  (1d 2016-05-10 00:00:00 -> 2016-05-18) (Yahoo error = "Data doesn\'t exist for startDate = 1462852800, endDate = 1463544000")')
    Warning: No data found for FL
  ✗ S2: Insufficient data for IEX/FL

107/223: 2019-08-01: Added=LDOS, Removed=APC
  Holding Period End Date: 2019-08-08
  ✓ S1: LDOS -0.69%, Portfolio: $6,406,063
  ✓ S2: Long LDOS (4.78%), Short APC (-2.85%)
      Combined: 0.96%, Portfolio: $1,119,755

108/223: 2019-09-17: Added=CDW, Removed=TSS
  Holding Period End Date: 2019-09-24
  ✓ S1: CDW 3.00%, Portfolio: $6,598,297
    YFinance output for CDW: 1 Failed download:
['ARG']: YFPricesMissingError('possibly delisted; no price data found  (1d 2016-05-18 00:00:00 -> 2016-05-26) (Yahoo error = "Data doesn\'t exist for startDate = 1463544000, endDate = 1464235200")')
  ✗ S2: Error processing CDW/TSS: cannot convert the series to <class 'float'>

109/223: 2019-09-20: Added=NVR, Removed=JEF
  Holding Period End Date: 2019-09-27
    Warning: No data found for NVR
  ✗ S1: Insufficient data for NVR
  ✓ S2: Long NVR (5.95%), Short JEF (-3.52%)
      Combined: 1.22%, Portfolio: $1,133,378

110/223: 2019-09-20: Added=LVS, Removed=NKTR
  Holding Period End Date: 2019-09-27
  ✓ S1: LVS 3.64%, Portfolio: $6,838,803
    Warning: No data found for LVS
    Warning: No data found for NKTR
  ✗ S2: Insufficient data for LVS/NKTR

111/223: 2019-11-18: Added=NOW, Removed=CELG
  Holding Period End Date: 2019-11-25
  ✓ S1: NOW -4.45%, Portfolio: $6,534,362
  ✓ S2: Long NOW (-4.45%), Short CELG (5.94%)
      Combined: 0.75%, Portfolio: $1,141,837

112/223: 2019-11-27: Added=WRB, Removed=VIAB
  Holding Period End Date: 2019-12-05
  ✓ S1: WRB -2.59%, Portfolio: $6,364,991
  ✓ S2: Long WRB (-2.59%), Short VIAB (-4.80%)
      Combined: -3.70%, Portfolio: $1,099,610

113/223: 2019-12-02: Added=ODFL, Removed=STI
  Holding Period End Date: 2019-12-09
  ✓ S1: ODFL -5.53%, Portfolio: $6,013,089
  ✗ S2: Error processing ODFL/STI: cannot convert the series to <class 'float'>

114/223: 2019-12-13: Added=ZBRA, Removed=TRIP
  Holding Period End Date: 2019-12-20
    Warning: No data found for ZBRA
  ✗ S1: Insufficient data for ZBRA
    YFinance output for ZBRA: 1 Failed download:
['SNDK']: YFPricesMissingError('possibly delisted; no price data found  (1d 2016-05-10 00:00:00 -> 2016-05-23) (Yahoo error = "Data doesn\'t exist for startDate = 1462852800, endDate = 1463976000")')
    Warning: No data found for TRIP
  ✗ S2: Insufficient data for ZBRA/TRIP

115/223: 2019-12-13: Added=LYV, Removed=AMG
  Holding Period End Date: 2019-12-20
  ✓ S1: LYV 0.08%, Portfolio: $6,017,618
  ✗ S2: Error processing LYV/AMG: cannot convert the series to <class 'float'>

116/223: 2019-12-13: Added=STE, Removed=MAC
  Holding Period End Date: 2019-12-20
    Warning: No data found for STE
  ✗ S1: Insufficient data for STE
  ✓ S2: Long STE (-0.07%), Short MAC (5.94%)
      Combined: 2.94%, Portfolio: $1,131,885

117/223: 2020-01-22: Added=PAYC, Removed=WCG
  Holding Period End Date: 2020-01-29
  ✓ S1: PAYC 2.94%, Portfolio: $6,194,440
    YFinance output for PAYC: 2 Failed downloads:
['TYC']: YFPricesMissingError('possibly delisted; no price data found  (1d 2016-08-25 00:00:00 -> 2016-09-02)')
['FBHS']: YFTzMissingError('possibly delisted; no timezone found')

2 Failed downloads:
['TYC']: YFPricesMissingError('possibly delisted; no price data found  (1d 2016-08-25 00:00:00 -> 2016-09-02)')
['FBHS']: YFTzMissingError('possibly delisted; no timezone found')
    Warning: No data found for WCG
  ✗ S2: Insufficient data for PAYC/WCG

118/223: 2020-02-27: Added=IR, Removed=XEC
  Holding Period End Date: 2020-03-05
    YFinance output for IR: 2 Failed downloads:
['TSS']: YFTzMissingError('possibly delisted; no timezone found')
['SNDK']: YFPricesMissingError('possibly delisted; no price data found  (1d 2016-05-10 00:00:00 -> 2016-05-20) (Yahoo error = "Data doesn\'t exist for startDate = 1462852800, endDate = 1463716800")')
    Warning: No data found for IR
  ✗ S1: Insufficient data for IR
    Warning: No data found for IR
  ✗ S2: Insufficient data for IR/XEC

119/223: 2020-03-31: Added=nan, Removed=M
  Holding Period End Date: 2020-04-07

120/223: 2020-03-31: Added=nan, Removed=RTN
  Holding Period End Date: 2020-04-07

121/223: 2020-03-31: Added=CARR, Removed=nan
  Holding Period End Date: 2020-04-07
    YFinance output for CARR: 1 Failed download:
['EMC']: YFPricesMissingError('possibly delisted; no price data found  (1d 2016-08-31 00:00:00 -> 2016-09-09) (Yahoo error = "Data doesn\'t exist for startDate = 1472616000, endDate = 1473393600")')

1 Failed download:
['EMC']: YFPricesMissingError('possibly delisted; no price data found  (1d 2016-08-31 00:00:00 -> 2016-09-09) (Yahoo error = "Data doesn\'t exist for startDate = 1472616000, endDate = 1473393600")')
  ✓ S1: CARR -0.53%, Portfolio: $6,161,616

122/223: 2020-03-31: Added=OTIS, Removed=nan
  Holding Period End Date: 2020-04-07
  ✓ S1: OTIS 0.31%, Portfolio: $6,180,767

123/223: 2020-05-05: Added=HWM, Removed=ARNC
  Holding Period End Date: 2020-05-12
    Warning: No data found for HWM
  ✗ S1: Insufficient data for HWM
  ✗ S2: Error processing HWM/ARNC: cannot convert the series to <class 'float'>

124/223: 2020-05-06: Added=DXCM, Removed=AGN
  Holding Period End Date: 2020-05-13
  ✗ S1: Error processing DXCM: cannot convert the series to <class 'float'>
    Warning: No data found for DXCM
    Warning: No data found for AGN
  ✗ S2: Insufficient data for DXCM/AGN

125/223: 2020-05-06: Added=DPZ, Removed=CPRI
  Holding Period End Date: 2020-05-13
    Warning: No data found for DPZ
  ✗ S1: Insufficient data for DPZ
    Warning: No data found for DPZ
  ✗ S2: Insufficient data for DPZ/CPRI

126/223: 2020-05-18: Added=WST, Removed=HP
  Holding Period End Date: 2020-05-26
    Warning: No data found for WST
  ✗ S1: Insufficient data for WST
    Warning: No data found for HP
  ✗ S2: Insufficient data for WST/HP

127/223: 2020-06-12: Added=BIO, Removed=ADS
  Holding Period End Date: 2020-06-19
  ✓ S1: BIO 4.45%, Portfolio: $6,455,911
    Warning: No data found for ADS
  ✗ S2: Insufficient data for BIO/ADS

128/223: 2020-06-12: Added=TDY, Removed=HOG
  Holding Period End Date: 2020-06-19
  ✗ S1: Error processing TDY: cannot convert the series to <class 'float'>
    YFinance output for HOG: 1 Failed download:
['SE']: YFPricesMissingError('possibly delisted; no price data found  (1d 2017-02-23 00:00:00 -> 2017-03-03) (Yahoo error = "Data doesn\'t exist for startDate = 1487826000, endDate = 1488517200")')
    Warning: No data found for HOG
  ✗ S2: Insufficient data for TDY/HOG

129/223: 2020-06-12: Added=TYL, Removed=JWN
  Holding Period End Date: 2020-06-19
  ✓ S1: TYL -0.07%, Portfolio: $6,451,130
    YFinance output for JWN: 1 Failed download:
['TYC']: YFPricesMissingError('possibly delisted; no price data found  (1d 2016-08-25 00:00:00 -> 2016-09-07)')

1 Failed download:
['TYC']: YFPricesMissingError('possibly delisted; no price data found  (1d 2016-08-25 00:00:00 -> 2016-09-07)')

1 Failed download:
['TYC']: YFPricesMissingError('possibly delisted; no price data found  (1d 2016-08-25 00:00:00 -> 2016-09-07)')
    Warning: No data found for JWN
  ✗ S2: Insufficient data for TYL/JWN

130/223: 2020-09-04: Added=CTLT, Removed=KSS
  Holding Period End Date: 2020-09-14
  ✓ S1: CTLT 1.06%, Portfolio: $6,519,548
    Warning: No data found for KSS
  ✗ S2: Insufficient data for CTLT/KSS

131/223: 2020-09-04: Added=ETSY, Removed=HRB
  Holding Period End Date: 2020-09-14
  ✓ S1: ETSY 2.26%, Portfolio: $6,666,898
    Warning: No data found for HRB
  ✗ S2: Insufficient data for ETSY/HRB

132/223: 2020-09-04: Added=TER, Removed=COTY
  Holding Period End Date: 2020-09-14
  ✓ S1: TER 4.45%, Portfolio: $6,963,683
    Warning: No data found for TER
  ✗ S2: Insufficient data for TER/COTY

133/223: 2020-10-01: Added=POOL, Removed=ETFC
  Holding Period End Date: 2020-10-08
  ✓ S1: POOL 6.41%, Portfolio: $7,410,153
  ✗ S2: Error processing POOL/ETFC: cannot convert the series to <class 'float'>

134/223: 2020-10-05: Added=VNT, Removed=nan
  Holding Period End Date: 2020-10-12
  ✓ S1: VNT 2.64%, Portfolio: $7,606,119

135/223: 2020-10-05: Added=nan, Removed=NBL
  Holding Period End Date: 2020-10-12

136/223: 2020-12-11: Added=TSLA, Removed=AIV
  Holding Period End Date: 2020-12-18
  ✓ S1: TSLA 2.26%, Portfolio: $7,778,027
    YFinance output for AIV: 1 Failed download:
['STJ']: YFPricesMissingError('possibly delisted; no price data found  (1d 2017-01-03 00:00:00 -> 2017-01-17)')
    Warning: No data found for AIV
  ✗ S2: Insufficient data for TSLA/AIV

137/223: 2020-12-30: Added=ENPH, Removed=TIF
  Holding Period End Date: 2021-01-07
  ✓ S1: ENPH -5.67%, Portfolio: $7,336,934
    Warning: No data found for ENPH
  ✗ S2: Insufficient data for ENPH/TIF

138/223: 2021-01-15: Added=TRMB, Removed=CXO
  Holding Period End Date: 2021-01-25
    Warning: No data found for TRMB
  ✗ S1: Insufficient data for TRMB
  ✗ S2: Error processing TRMB/CXO: cannot convert the series to <class 'float'>

139/223: 2021-02-08: Added=MPWR, Removed=FTI
  Holding Period End Date: 2021-02-16
  ✓ S1: MPWR 0.48%, Portfolio: $7,371,989
    Warning: No data found for MPWR
  ✗ S2: Insufficient data for MPWR/FTI

140/223: 2021-03-12: Added=CZR, Removed=VNT
  Holding Period End Date: 2021-03-19
    YFinance output for CZR: 1 Failed download:
['SE']: YFPricesMissingError('possibly delisted; no price data found  (1d 2017-02-23 00:00:00 -> 2017-03-06) (Yahoo error = "Data doesn\'t exist for startDate = 1487826000, endDate = 1488776400")')

1 Failed download:
['SE']: YFPricesMissingError('possibly delisted; no price data found  (1d 2017-02-23 00:00:00 -> 2017-03-06) (Yahoo error = "Data doesn\'t exist for startDate = 1487826000, endDate = 1488776400")')
    Warning: No data found for CZR
  ✗ S1: Insufficient data for CZR
    Warning: No data found for CZR
    YFinance output for VNT: 1 Failed download:
['ENDP']: YFTzMissingError('possibly delisted; no timezone found')
    Warning: No data found for VNT
  ✗ S2: Insufficient data for CZR/VNT

141/223: 2021-03-12: Added=PENN, Removed=SLG
  Holding Period End Date: 2021-03-19
  ✓ S1: PENN -2.19%, Portfolio: $7,210,464
    Warning: No data found for PENN
    Warning: No data found for SLG
  ✗ S2: Insufficient data for PENN/SLG

142/223: 2021-03-12: Added=NXPI, Removed=FLS
  Holding Period End Date: 2021-03-19
  ✓ S1: NXPI -2.22%, Portfolio: $7,050,064
  ✗ S2: Error processing NXPI/FLS: cannot convert the series to <class 'float'>

143/223: 2021-03-12: Added=GNRC, Removed=XRX
  Holding Period End Date: 2021-03-19
  ✓ S1: GNRC 1.34%, Portfolio: $7,144,662
  ✓ S2: Long GNRC (-2.41%), Short XRX (1.79%)
      Combined: -0.31%, Portfolio: $1,128,370

144/223: 2021-04-15: Added=PTC, Removed=VAR
  Holding Period End Date: 2021-04-22
  ✓ S1: PTC -1.76%, Portfolio: $7,018,968
    Warning: No data found for PTC
    Warning: No data found for VAR
  ✗ S2: Insufficient data for PTC/VAR

145/223: 2021-05-10: Added=CRL, Removed=FLIR
  Holding Period End Date: 2021-05-17
    Warning: No data found for CRL
  ✗ S1: Insufficient data for CRL
    Warning: No data found for FLIR
  ✗ S2: Insufficient data for CRL/FLIR

146/223: 2021-05-27: Added=OGN, Removed=nan
  Holding Period End Date: 2021-06-04
  ✓ S1: OGN -0.79%, Portfolio: $6,963,471

147/223: 2021-05-27: Added=nan, Removed=HFC
  Holding Period End Date: 2021-06-04

148/223: 2021-07-15: Added=MRNA, Removed=ALXN
  Holding Period End Date: 2021-07-22
  ✓ S1: MRNA -1.77%, Portfolio: $6,840,535
  ✓ S2: Long MRNA (5.74%), Short ALXN (6.61%)
      Combined: 6.17%, Portfolio: $1,198,034

149/223: 2021-08-24: Added=TECH, Removed=MXIM
  Holding Period End Date: 2021-08-31
    YFinance output for TECH: 1 Failed download:
['SWN']: YFTzMissingError('possibly delisted; no timezone found')

1 Failed download:
['SWN']: YFTzMissingError('possibly delisted; no timezone found')

1 Failed download:
['SWN']: YFTzMissingError('possibly delisted; no timezone found')

1 Failed download:
['SWN']: YFTzMissingError('possibly delisted; no timezone found')
  ✗ S1: Error processing TECH: cannot convert the series to <class 'float'>
  ✓ S2: Long TECH (-0.79%), Short MXIM (0.52%)
      Combined: -0.14%, Portfolio: $1,196,383

150/223: 2021-09-03: Added=BRO, Removed=NOV
  Holding Period End Date: 2021-09-13
    Warning: No data found for BRO
  ✗ S1: Insufficient data for BRO
  ✓ S2: Long BRO (0.48%), Short NOV (-5.43%)
      Combined: -2.48%, Portfolio: $1,166,767

151/223: 2021-09-03: Added=CDAY, Removed=UNM
  Holding Period End Date: 2021-09-13
  ✓ S1: CDAY -3.10%, Portfolio: $6,628,519
    YFinance output for CDAY: 1 Failed download:
['MNK']: YFTzMissingError('possibly delisted; no timezone found')
    Warning: No data found for CDAY
    YFinance output for UNM: 1 Failed download:
['DNB']: YFPricesMissingError('possibly delisted; no price data found  (1d 2017-03-29 00:00:00 -> 2017-04-10) (Yahoo error = "Data doesn\'t exist for startDate = 1490760000, endDate = 1491796800")')
    Warning: No data found for UNM
  ✗ S2: Insufficient data for CDAY/UNM

152/223: 2021-09-03: Added=MTCH, Removed=PRGO
  Holding Period End Date: 2021-09-13
    YFinance output for MTCH: 1 Failed download:
['INFO']: YFPricesMissingError('possibly delisted; no price data found  (1d 2017-05-24 00:00:00 -> 2017-06-06) (Yahoo error = "Data doesn\'t exist for startDate = 1495598400, endDate = 1496721600")')

1 Failed download:
['INFO']: YFPricesMissingError('possibly delisted; no price data found  (1d 2017-05-24 00:00:00 -> 2017-06-06) (Yahoo error = "Data doesn\'t exist for startDate = 1495598400, endDate = 1496721600")')
    Warning: No data found for MTCH
  ✗ S1: Insufficient data for MTCH
  ✓ S2: Long MTCH (0.58%), Short PRGO (-0.58%)
      Combined: 0.00%, Portfolio: $1,166,787

153/223: 2021-12-03: Added=FDS, Removed=WU
  Holding Period End Date: 2021-12-10
    YFinance output for FDS: 1 Failed download:
['INFO']: YFPricesMissingError('possibly delisted; no price data found  (1d 2017-05-24 00:00:00 -> 2017-06-06) (Yahoo error = "Data doesn\'t exist for startDate = 1495598400, endDate = 1496721600")')

1 Failed download:
['INFO']: YFPricesMissingError('possibly delisted; no price data found  (1d 2017-05-24 00:00:00 -> 2017-06-06) (Yahoo error = "Data doesn\'t exist for startDate = 1495598400, endDate = 1496721600")')

1 Failed download:
['INFO']: YFPricesMissingError('possibly delisted; no price data found  (1d 2017-05-24 00:00:00 -> 2017-06-06) (Yahoo error = "Data doesn\'t exist for startDate = 1495598400, endDate = 1496721600")')
    Warning: No data found for FDS
  ✗ S1: Insufficient data for FDS
    Warning: No data found for FDS
    YFinance output for WU: 1 Failed download:
['DNB']: YFPricesMissingError('possibly delisted; no price data found  (1d 2017-03-29 00:00:00 -> 2017-04-11) (Yahoo error = "Data doesn\'t exist for startDate = 1490760000, endDate = 1491883200")')
    Warning: No data found for WU
  ✗ S2: Insufficient data for FDS/WU

154/223: 2021-12-03: Added=SEDG, Removed=HBI
  Holding Period End Date: 2021-12-10
  ✓ S1: SEDG -5.89%, Portfolio: $6,238,267
    Warning: No data found for SEDG
  ✗ S2: Insufficient data for SEDG/HBI

155/223: 2021-12-03: Added=SBNY, Removed=LEG
  Holding Period End Date: 2021-12-10
  ✗ S1: Error processing SBNY: cannot convert the series to <class 'float'>
    Warning: No data found for SBNY
  ✗ S2: Insufficient data for SBNY/LEG

156/223: 2021-12-07: Added=EPAM, Removed=KSU
  Holding Period End Date: 2021-12-14
  ✗ S1: Error processing EPAM: cannot convert the series to <class 'float'>
    Warning: No data found for EPAM
  ✗ S2: Insufficient data for EPAM/KSU

157/223: 2022-01-26: Added=CEG, Removed=nan
  Holding Period End Date: 2022-02-02
    YFinance output for CEG: 1 Failed download:
['RE']: YFTzMissingError('possibly delisted; no timezone found')
  ✗ S1: Error processing CEG: cannot convert the series to <class 'float'>

158/223: 2022-01-26: Added=nan, Removed=GPS
  Holding Period End Date: 2022-02-02

159/223: 2022-02-10: Added=NDSN, Removed=XLNX
  Holding Period End Date: 2022-02-17
  ✗ S1: Error processing NDSN: cannot convert the series to <class 'float'>
    Warning: No data found for NDSN
  ✗ S2: Insufficient data for NDSN/XLNX

160/223: 2022-02-25: Added=MOH, Removed=INFO
  Holding Period End Date: 2022-03-04
  ✓ S1: MOH 2.56%, Portfolio: $6,398,199
    YFinance output for MOH: 2 Failed downloads:
['MJN']: YFPricesMissingError('possibly delisted; no price data found  (1d 2017-06-12 00:00:00 -> 2017-06-22)')
['RE']: YFTzMissingError('possibly delisted; no timezone found')

2 Failed downloads:
['MJN']: YFPricesMissingError('possibly delisted; no price data found  (1d 2017-06-12 00:00:00 -> 2017-06-22)')
['RE']: YFTzMissingError('possibly delisted; no timezone found')

2 Failed downloads:
['MJN']: YFPricesMissingError('possibly delisted; no price data found  (1d 2017-06-12 00:00:00 -> 2017-06-22)')
['RE']: YFTzMissingError('possibly delisted; no timezone found')
    Warning: No data found for MOH
  ✗ S2: Insufficient data for MOH/INFO

161/223: 2022-03-29: Added=CPT, Removed=PBCT
  Holding Period End Date: 2022-04-05
  ✓ S1: CPT -1.95%, Portfolio: $6,273,210
  ✓ S2: Long CPT (3.57%), Short PBCT (-3.19%)
      Combined: 0.19%, Portfolio: $1,169,036

162/223: 2022-04-07: Added=WBD, Removed=DISCA
  Holding Period End Date: 2022-04-14
    YFinance output for WBD: 1 Failed download:
['BHI']: YFPricesMissingError('possibly delisted; no price data found  (1d 2017-06-30 00:00:00 -> 2017-07-13) (Yahoo error = "Data doesn\'t exist for startDate = 1498795200, endDate = 1499918400")')
    Warning: No data found for WBD
  ✗ S1: Insufficient data for WBD
    YFinance output for WBD: 1 Failed download:
['DWDP']: YFTzMissingError('possibly delisted; no timezone found')

1 Failed download:
['DWDP']: YFTzMissingError('possibly delisted; no timezone found')
    Warning: No data found for WBD
    Warning: No data found for DISCA
  ✗ S2: Insufficient data for WBD/DISCA

163/223: 2022-04-07: Added=nan, Removed=DISCK
  Holding Period End Date: 2022-04-14

164/223: 2022-06-03: Added=VICI, Removed=CERN
  Holding Period End Date: 2022-06-10
  ✓ S1: VICI 3.29%, Portfolio: $6,479,830
    YFinance output for VICI: 3 Failed downloads:
['DOW']: YFPricesMissingError('possibly delisted; no price data found  (1d 2017-08-24 00:00:00 -> 2017-09-01) (Yahoo error = "Data doesn\'t exist for startDate = 1503547200, endDate = 1504238400")')
['MNK']: YFTzMissingError('possibly delisted; no timezone found')
['BHI']: YFPricesMissingError('possibly delisted; no price data found  (1d 2017-06-30 00:00:00 -> 2017-07-14) (Yahoo error = "Data doesn\'t exist for startDate = 1498795200, endDate = 1500004800")')

3 Failed downloads:
['DOW']: YFPricesMissingError('possibly delisted; no price data found  (1d 2017-08-24 00:00:00 -> 2017-09-01) (Yahoo error = "Data doesn\'t exist for startDate = 1503547200, endDate = 1504238400")')
['MNK']: YFTzMissingError('possibly delisted; no timezone found')
['BHI']: YFPricesMissingError('possibly delisted; no price data found  (1d 2017-06-30 00:00:00 -> 2017-07-14) (Yahoo error = "Data doesn\'t exist for startDate = 1498795200, endDate = 1500004800")')
    Warning: No data found for VICI
    Warning: No data found for CERN
  ✗ S2: Insufficient data for VICI/CERN

165/223: 2022-06-03: Added=ON, Removed=IPGP
  Holding Period End Date: 2022-06-10
  ✓ S1: ON -0.51%, Portfolio: $6,446,629
    Warning: No data found for IPGP
  ✗ S2: Insufficient data for ON/IPGP

166/223: 2022-06-03: Added=KDP, Removed=UAA
  Holding Period End Date: 2022-06-10
  ✓ S1: KDP -0.51%, Portfolio: $6,413,595
  ✓ S2: Long KDP (-3.10%), Short UAA (-4.80%)
      Combined: -3.95%, Portfolio: $1,122,887

167/223: 2022-06-03: Added=nan, Removed=UA
  Holding Period End Date: 2022-06-10

168/223: 2022-09-02: Added=CSGP, Removed=PVH
  Holding Period End Date: 2022-09-12
  ✓ S1: CSGP 6.49%, Portfolio: $6,830,012
  ✗ S2: Error processing CSGP/PVH: cannot convert the series to <class 'float'>

169/223: 2022-09-02: Added=INVH, Removed=PENN
  Holding Period End Date: 2022-09-12
    Warning: No data found for INVH
  ✗ S1: Insufficient data for INVH
    YFinance output for PENN: 1 Failed download:
['BCR']: YFPricesMissingError('possibly delisted; no price data found  (1d 2017-12-28 00:00:00 -> 2018-01-08)')
    Warning: No data found for PENN
  ✗ S2: Insufficient data for INVH/PENN

170/223: 2022-09-23: Added=PCG, Removed=CTXS
  Holding Period End Date: 2022-09-30
  ✓ S1: PCG -1.17%, Portfolio: $6,749,895
    Warning: No data found for PCG
  ✗ S2: Insufficient data for PCG/CTXS

171/223: 2022-09-23: Added=EQT, Removed=DRE
  Holding Period End Date: 2022-09-30
  ✗ S1: Error processing EQT: cannot convert the series to <class 'float'>
  ✓ S2: Long EQT (-3.94%), Short DRE (-1.80%)
      Combined: -2.87%, Portfolio: $1,090,693

172/223: 2022-10-06: Added=TRGP, Removed=NLSN
  Holding Period End Date: 2022-10-13
    Warning: No data found for TRGP
  ✗ S1: Insufficient data for TRGP
  ✗ S2: Error processing TRGP/NLSN: cannot convert the series to <class 'float'>

173/223: 2022-10-27: Added=ACGL, Removed=TWTR
  Holding Period End Date: 2022-11-03
  ✓ S1: ACGL -7.99%, Portfolio: $6,210,413
  ✓ S2: Long ACGL (-6.48%), Short TWTR (6.93%)
      Combined: 0.22%, Portfolio: $1,093,145

174/223: 2022-12-12: Added=FSLR, Removed=FBHS
  Holding Period End Date: 2022-12-19
    Warning: No data found for FSLR
  ✗ S1: Insufficient data for FSLR
    Warning: No data found for FSLR
  ✗ S2: Insufficient data for FSLR/FBHS

175/223: 2022-12-12: Added=nan, Removed=MBC
  Holding Period End Date: 2022-12-19

176/223: 2022-12-12: Added=MBC, Removed=nan
  Holding Period End Date: 2022-12-19
    Warning: No data found for MBC
  ✗ S1: Insufficient data for MBC

177/223: 2022-12-19: Added=STLD, Removed=ABMD
  Holding Period End Date: 2022-12-27
  ✓ S1: STLD 3.69%, Portfolio: $6,439,822
    Warning: No data found for STLD
  ✗ S2: Insufficient data for STLD/ABMD

178/223: 2022-12-28: Added=GEHC, Removed=nan
  Holding Period End Date: 2023-01-05
    YFinance output for GEHC: 1 Failed download:
['DWDP']: YFTzMissingError('possibly delisted; no timezone found')
    Warning: No data found for GEHC
  ✗ S1: Insufficient data for GEHC

179/223: 2022-12-28: Added=nan, Removed=VNO
  Holding Period End Date: 2023-01-05

180/223: 2023-03-03: Added=FICO, Removed=LUMN
  Holding Period End Date: 2023-03-10
  ✓ S1: FICO 0.00%, Portfolio: $6,439,822
    Warning: No data found for LUMN
  ✗ S2: Insufficient data for FICO/LUMN

181/223: 2023-03-10: Added=PODD, Removed=SIVB
  Holding Period End Date: 2023-03-17
  ✓ S1: PODD 5.68%, Portfolio: $6,805,288
    Warning: No data found for SIVB
  ✗ S2: Insufficient data for PODD/SIVB

182/223: 2023-03-13: Added=BG, Removed=SBNY
  Holding Period End Date: 2023-03-20
  ✓ S1: BG 5.04%, Portfolio: $7,148,106
  ✓ S2: Long BG (5.04%), Short SBNY (-4.80%)
      Combined: 0.12%, Portfolio: $1,094,466

183/223: 2023-05-01: Added=AXON, Removed=FRC
  Holding Period End Date: 2023-05-08
    Warning: No data found for AXON
  ✗ S1: Insufficient data for AXON
  ✓ S2: Long AXON (-8.41%), Short FRC (2.44%)
      Combined: -2.99%, Portfolio: $1,061,773

184/223: 2023-06-02: Added=PANW, Removed=DISH
  Holding Period End Date: 2023-06-09
  ✓ S1: PANW 1.83%, Portfolio: $7,278,920
  ✗ S2: Error processing PANW/DISH: cannot convert the series to <class 'float'>

185/223: 2023-08-21: Added=nan, Removed=TEL
  Holding Period End Date: 2023-08-28

186/223: 2023-08-21: Added=KVUE, Removed=AAP
  Holding Period End Date: 2023-08-28
  ✓ S1: KVUE -2.38%, Portfolio: $7,105,649
    Warning: No data found for KVUE
    Warning: No data found for AAP
  ✗ S2: Insufficient data for KVUE/AAP

187/223: 2023-08-21: Added=PCS, Removed=nan
  Holding Period End Date: 2023-08-28
  ✓ S1: PCS -7.99%, Portfolio: $6,537,733

188/223: 2023-09-14: Added=BX, Removed=LNC
  Holding Period End Date: 2023-09-21
  ✓ S1: BX -7.99%, Portfolio: $6,015,208
    Warning: No data found for LNC
  ✗ S2: Insufficient data for BX/LNC

189/223: 2023-09-14: Added=ABNB, Removed=NWL
  Holding Period End Date: 2023-09-21
    YFinance output for ABNB: 2 Failed downloads:
['HFC', 'SIVB']: YFTzMissingError('possibly delisted; no timezone found')

2 Failed downloads:
['HFC', 'SIVB']: YFTzMissingError('possibly delisted; no timezone found')
    Warning: No data found for ABNB
  ✗ S1: Insufficient data for ABNB
    Warning: No data found for ABNB
    YFinance output for NWL: 1 Failed download:
['HFC']: YFTzMissingError('possibly delisted; no timezone found')

1 Failed download:
['HFC']: YFTzMissingError('possibly delisted; no timezone found')
    Warning: No data found for NWL
  ✗ S2: Insufficient data for ABNB/NWL

190/223: 2023-09-28: Added=VLTO, Removed=nan
  Holding Period End Date: 2023-10-05
  ✗ S1: Error processing VLTO: cannot convert the series to <class 'float'>

191/223: 2023-09-28: Added=nan, Removed=DXC
  Holding Period End Date: 2023-10-05

192/223: 2023-10-13: Added=LULU, Removed=ATVI
  Holding Period End Date: 2023-10-20
  ✓ S1: LULU -0.38%, Portfolio: $5,992,454
    Warning: No data found for ATVI
  ✗ S2: Insufficient data for LULU/ATVI

193/223: 2023-10-13: Added=HUBB, Removed=OGN
  Holding Period End Date: 2023-10-20
    Warning: No data found for HUBB
  ✗ S1: Insufficient data for HUBB
    YFinance output for HUBB: 1 Failed download:
['SIVB']: YFTzMissingError('possibly delisted; no timezone found')
    Warning: No data found for HUBB
    Warning: No data found for OGN
  ✗ S2: Insufficient data for HUBB/OGN

194/223: 2023-12-01: Added=UBER, Removed=SEE
  Holding Period End Date: 2023-12-08
    YFinance output for UBER: 1 Failed download:
['PDCO']: YFTzMissingError('possibly delisted; no timezone found')

1 Failed download:
['PDCO']: YFTzMissingError('possibly delisted; no timezone found')

1 Failed download:
['PDCO']: YFTzMissingError('possibly delisted; no timezone found')
    Warning: No data found for UBER
  ✗ S1: Insufficient data for UBER
  ✓ S2: Long UBER (0.00%), Short SEE (0.00%)
      Combined: 0.00%, Portfolio: $1,061,773

195/223: 2023-12-01: Added=BLDR, Removed=SEDG
  Holding Period End Date: 2023-12-08
  ✓ S1: BLDR -2.50%, Portfolio: $5,842,386
  ✗ S2: Error processing BLDR/SEDG: cannot convert the series to <class 'float'>

196/223: 2023-12-01: Added=JBL, Removed=ALK
  Holding Period End Date: 2023-12-08
  ✗ S1: Error processing JBL: cannot convert the series to <class 'float'>
  ✗ S2: Error processing JBL/ALK: cannot convert the series to <class 'float'>

197/223: 2024-03-01: Added=SMCI, Removed=WHR
  Holding Period End Date: 2024-03-08
    YFinance output for SMCI: 1 Failed download:
['WYN']: YFPricesMissingError('possibly delisted; no price data found  (1d 2018-05-25 00:00:00 -> 2018-06-07)')
    Warning: No data found for SMCI
  ✗ S1: Insufficient data for SMCI
    YFinance output for SMCI: 1 Failed download:
['WCG']: YFTzMissingError('possibly delisted; no timezone found')

1 Failed download:
['WCG']: YFTzMissingError('possibly delisted; no timezone found')
    Warning: No data found for SMCI
  ✗ S2: Insufficient data for SMCI/WHR

198/223: 2024-03-01: Added=DECK, Removed=ZION
  Holding Period End Date: 2024-03-08
  ✓ S1: DECK -2.41%, Portfolio: $5,701,611
  ✗ S2: Error processing DECK/ZION: cannot convert the series to <class 'float'>

199/223: 2024-03-27: Added=SOLV, Removed=nan
  Holding Period End Date: 2024-04-04
  ✓ S1: SOLV -2.68%, Portfolio: $5,548,591

200/223: 2024-03-27: Added=GEV, Removed=nan
  Holding Period End Date: 2024-04-04
  ✗ S1: Error processing GEV: cannot convert the series to <class 'float'>

201/223: 2024-03-27: Added=nan, Removed=XRAY
  Holding Period End Date: 2024-04-04

202/223: 2024-03-27: Added=nan, Removed=VFC
  Holding Period End Date: 2024-04-04

203/223: 2024-05-03: Added=VST, Removed=PXD
  Holding Period End Date: 2024-05-10
    YFinance output for VST: 1 Failed download:
['FLT']: YFTzMissingError('possibly delisted; no timezone found')
    Warning: No data found for VST
  ✗ S1: Insufficient data for VST
    Warning: No data found for VST
  ✗ S2: Insufficient data for VST/PXD

204/223: 2024-06-07: Added=KKR, Removed=RHI
  Holding Period End Date: 2024-06-14
  ✓ S1: KKR -6.03%, Portfolio: $5,214,208
    Warning: No data found for KKR
  ✗ S2: Insufficient data for KKR/RHI

205/223: 2024-06-07: Added=CRWD, Removed=CMA
  Holding Period End Date: 2024-06-14
  ✓ S1: CRWD -2.50%, Portfolio: $5,083,629
  ✓ S2: Long CRWD (5.40%), Short CMA (-5.12%)
      Combined: 0.14%, Portfolio: $1,063,241

206/223: 2024-06-07: Added=GDDY, Removed=ILMN
  Holding Period End Date: 2024-06-14
    YFinance output for GDDY: 1 Failed download:
['DPS']: YFPricesMissingError('possibly delisted; no price data found  (1d 2018-06-25 00:00:00 -> 2018-07-09)')

1 Failed download:
['DPS']: YFPricesMissingError('possibly delisted; no price data found  (1d 2018-06-25 00:00:00 -> 2018-07-09)')
    Warning: No data found for GDDY
  ✗ S1: Insufficient data for GDDY
    Warning: No data found for GDDY
  ✗ S2: Insufficient data for GDDY/ILMN

207/223: 2024-09-06: Added=ERIE, Removed=BIO
  Holding Period End Date: 2024-09-13
  ✓ S1: ERIE -10.37%, Portfolio: $4,556,457
    Warning: No data found for ERIE
  ✗ S2: Insufficient data for ERIE/BIO

208/223: 2024-09-06: Added=DELL, Removed=ETSY
  Holding Period End Date: 2024-09-13
  ✓ S1: DELL 5.40%, Portfolio: $4,802,491
    Warning: No data found for DELL
    Warning: No data found for ETSY
  ✗ S2: Insufficient data for DELL/ETSY

209/223: 2024-09-06: Added=PLTR, Removed=AAL
  Holding Period End Date: 2024-09-13
    Warning: No data found for PLTR
  ✗ S1: Insufficient data for PLTR
    Warning: No data found for PLTR
    YFinance output for AAL: 1 Failed download:
['MXIM']: YFTzMissingError('possibly delisted; no timezone found')

1 Failed download:
['MXIM']: YFTzMissingError('possibly delisted; no timezone found')
    Warning: No data found for AAL
  ✗ S2: Insufficient data for PLTR/AAL

210/223: 2024-09-24: Added=AMTM, Removed=nan
  Holding Period End Date: 2024-10-01
  ✓ S1: AMTM -11.11%, Portfolio: $4,268,880

211/223: 2024-09-24: Added=nan, Removed=BBWI
  Holding Period End Date: 2024-10-01

212/223: 2024-11-21: Added=TPL, Removed=MRO
  Holding Period End Date: 2024-11-29
  ✗ S1: Error processing TPL: cannot convert the series to <class 'float'>
  ✗ S2: Error processing TPL/MRO: cannot convert the series to <class 'float'>

213/223: 2024-12-06: Added=WDAY, Removed=AMTM
  Holding Period End Date: 2024-12-13
  ✗ S1: Error processing WDAY: cannot convert the series to <class 'float'>
  ✗ S2: Error processing WDAY/AMTM: cannot convert the series to <class 'float'>

214/223: 2024-12-06: Added=APO, Removed=QRVO
  Holding Period End Date: 2024-12-13
    YFinance output for APO: 1 Failed download:
['DPS']: YFPricesMissingError('possibly delisted; no price data found  (1d 2018-06-25 00:00:00 -> 2018-07-06)')
    Warning: No data found for APO
  ✗ S1: Insufficient data for APO
  ✓ S2: Long APO (0.13%), Short QRVO (2.09%)
      Combined: 1.11%, Portfolio: $1,075,062

215/223: 2024-12-18: Added=LII, Removed=CTLT
  Holding Period End Date: 2024-12-26
  ✓ S1: LII 1.75%, Portfolio: $4,343,388
  ✗ S2: Error processing LII/CTLT: cannot convert the series to <class 'float'>

216/223: 2025-03-07: Added=EXE, Removed=FMC
  Holding Period End Date: 2025-03-14
  ✓ S1: EXE 2.75%, Portfolio: $4,462,749
  ✗ S2: Error processing EXE/FMC: cannot convert the series to <class 'float'>

217/223: 2025-03-07: Added=WSM, Removed=CE
  Holding Period End Date: 2025-03-14
  ✓ S1: WSM 2.62%, Portfolio: $4,579,513
  ✗ S2: Error processing WSM/CE: cannot convert the series to <class 'float'>

218/223: 2025-03-07: Added=TKO, Removed=TFX
  Holding Period End Date: 2025-03-14
  ✓ S1: TKO -5.96%, Portfolio: $4,306,577
  ✗ S2: Error processing TKO/TFX: cannot convert the series to <class 'float'>

219/223: 2025-03-07: Added=DASH, Removed=BWA
  Holding Period End Date: 2025-03-14
    Warning: No data found for DASH
  ✗ S1: Insufficient data for DASH
    YFinance output for DASH: 1 Failed download:
['FRC']: YFTzMissingError('possibly delisted; no timezone found')

1 Failed download:
['FRC']: YFTzMissingError('possibly delisted; no timezone found')
  ✗ S2: Error processing DASH/BWA: cannot convert the series to <class 'float'>

220/223: 2025-05-12: Added=COIN, Removed=DFS
  Holding Period End Date: 2025-05-19
    Warning: No data found for COIN
  ✗ S1: Insufficient data for COIN
  ✓ S2: Long COIN (15.15%), Short DFS (-2.01%)
      Combined: 6.57%, Portfolio: $1,145,676

221/223: 2025-07-02: Added=DDOG, Removed=JNPR
  Holding Period End Date: 2025-07-10
    Warning: No data found for DDOG
  ✗ S1: Insufficient data for DDOG
  ✓ S2: Long DDOG (-3.53%), Short JNPR (3.66%)
      Combined: 0.06%, Portfolio: $1,146,415

222/223: 2025-07-14: Added=TTD, Removed=ANSS
  Holding Period End Date: 2025-07-21
  ✓ S1: TTD -2.05%, Portfolio: $4,218,291
  ✓ S2: Long TTD (15.63%), Short ANSS (0.95%)
      Combined: 8.29%, Portfolio: $1,241,439

223/223: 2025-07-18: Added=XYZ, Removed=HES
  Holding Period End Date: 2025-07-25
  ✓ S1: XYZ 13.80%, Portfolio: $4,800,513
  ✗ S2: Error processing XYZ/HES: cannot convert the series to <class 'float'>

============================================================
FINAL RESULTS
Strategy 1: 126 successful trades, Final: $4,800,513 (380.05%)
Strategy 2: 69 successful trades, Final: $1,241,439 (24.14%)
Completed: 2025-08-31 18:00:16
