S&P 500 Index Update Trading Strategy Analysis
Holding Period: 17 trading days
Date Range: 2015-07-02 to 2025-07-18
Timestamp: 2025-08-31 17:22:28
============================================================

1/223: 2015-07-02: Added=KHC, Removed=KRFT
  Holding Period End Date: 2015-07-28
    YFinance output for KHC: 2 Failed downloads:
['FSLR', 'PCG']: DNSError('Failed to perform, curl: (6) getaddrinfo() thread failed to start. See https://curl.se/libcurl/c/libcurl-errors.html first for more details.')

2 Failed downloads:
['FSLR', 'PCG']: DNSError('Failed to perform, curl: (6) getaddrinfo() thread failed to start. See https://curl.se/libcurl/c/libcurl-errors.html first for more details.')
    Warning: No data found for KHC
  ✗ S1: Insufficient data for KHC
    Warning: No data found for KHC
    Warning: No data found for KRFT
  ✗ S2: Insufficient data for KHC/KRFT

2/223: 2015-07-06: Added=AAP, Removed=FDO
  Holding Period End Date: 2015-07-29
    Error fetching AAP: can't start new thread
  ✗ S1: Insufficient data for AAP
    Error fetching FDO: can't start new thread
  ✗ S2: Insufficient data for AAP/FDO

3/223: 2015-07-14: Added=PYPL, Removed=NE
  Holding Period End Date: 2015-08-06
    Error fetching PYPL: can't start new thread
  ✗ S1: Insufficient data for PYPL
    Error fetching PYPL: can't start new thread
    Error fetching NE: can't start new thread
  ✗ S2: Insufficient data for PYPL/NE

4/223: 2015-07-24: Added=SIG, Removed=DTV
  Holding Period End Date: 2015-08-18
    Error fetching SIG: can't start new thread
  ✗ S1: Insufficient data for SIG
    Error fetching SIG: can't start new thread
    Error fetching DTV: can't start new thread
  ✗ S2: Insufficient data for SIG/DTV

5/223: 2015-08-27: Added=ATVI, Removed=PLL
  Holding Period End Date: 2015-09-22
    YFinance output for ATVI: 1 Failed download:
['DRE']: YFTzMissingError('possibly delisted; no timezone found')
    Warning: No data found for ATVI
  ✗ S1: Insufficient data for ATVI
    Error fetching ATVI: can't start new thread
    YFinance output for PLL: 1 Failed download:
['SBNY']: DNSError('Failed to perform, curl: (6) getaddrinfo() thread failed to start. See https://curl.se/libcurl/c/libcurl-errors.html first for more details.')

1 Failed download:
['SBNY']: DNSError('Failed to perform, curl: (6) getaddrinfo() thread failed to start. See https://curl.se/libcurl/c/libcurl-errors.html first for more details.')
    Warning: No data found for PLL
  ✗ S2: Insufficient data for ATVI/PLL

6/223: 2015-08-27: Added=UAL, Removed=HSP
  Holding Period End Date: 2015-09-22
    Error fetching UAL: can't start new thread
  ✗ S1: Insufficient data for UAL
    Error fetching UAL: can't start new thread
    Error fetching HSP: can't start new thread
  ✗ S2: Insufficient data for UAL/HSP

7/223: 2015-09-30: Added=VRSK, Removed=JOY
  Holding Period End Date: 2015-10-23
    Error fetching VRSK: can't start new thread
  ✗ S1: Insufficient data for VRSK
    Error fetching VRSK: can't start new thread
    Error fetching JOY: can't start new thread
  ✗ S2: Insufficient data for VRSK/JOY

8/223: 2015-10-27: Added=HPE, Removed=HCBK
  Holding Period End Date: 2015-11-19
    Error fetching HPE: can't start new thread
  ✗ S1: Insufficient data for HPE
    Error fetching HPE: can't start new thread
    Error fetching HCBK: can't start new thread
  ✗ S2: Insufficient data for HPE/HCBK

9/223: 2015-11-09: Added=SYF, Removed=GNW
  Holding Period End Date: 2015-12-03
    Error fetching SYF: can't start new thread
  ✗ S1: Insufficient data for SYF
    Error fetching SYF: can't start new thread
    Error fetching GNW: can't start new thread
  ✗ S2: Insufficient data for SYF/GNW

10/223: 2015-11-12: Added=ILMN, Removed=SIAL
  Holding Period End Date: 2015-12-08
    Error fetching ILMN: can't start new thread
  ✗ S1: Insufficient data for ILMN
    Error fetching ILMN: can't start new thread
    Error fetching SIAL: can't start new thread
  ✗ S2: Insufficient data for ILMN/SIAL

11/223: 2015-11-23: Added=CSRA, Removed=CSC
  Holding Period End Date: 2015-12-17
    Warning: No data found for CSRA
  ✗ S1: Insufficient data for CSRA
    Error fetching CSRA: can't start new thread
    Error fetching CSC: can't start new thread
  ✗ S2: Insufficient data for CSRA/CSC

12/223: 2015-12-15: Added=nan, Removed=CMCSK
  Holding Period End Date: 2016-01-11

13/223: 2015-12-22: Added=CHD, Removed=ALTR
  Holding Period End Date: 2016-01-19
    Error fetching CHD: can't start new thread
  ✗ S1: Insufficient data for CHD
    Error fetching CHD: can't start new thread
    Error fetching ALTR: can't start new thread
  ✗ S2: Insufficient data for CHD/ALTR

14/223: 2015-12-28: Added=WLTW, Removed=FOSL
  Holding Period End Date: 2016-01-22
    Error fetching WLTW: can't start new thread
  ✗ S1: Insufficient data for WLTW
    Error fetching WLTW: can't start new thread
    Error fetching FOSL: can't start new thread
  ✗ S2: Insufficient data for WLTW/FOSL

15/223: 2016-01-13: Added=EXR, Removed=ACE
  Holding Period End Date: 2016-02-08
    Error fetching EXR: can't start new thread
  ✗ S1: Insufficient data for EXR
    Error fetching EXR: can't start new thread
    Error fetching ACE: can't start new thread
  ✗ S2: Insufficient data for EXR/ACE

16/223: 2016-01-22: Added=FRT, Removed=BRCM
  Holding Period End Date: 2016-02-17
    Error fetching FRT: can't start new thread
  ✗ S1: Insufficient data for FRT
    Error fetching FRT: can't start new thread
    Error fetching BRCM: can't start new thread
  ✗ S2: Insufficient data for FRT/BRCM

17/223: 2016-01-26: Added=CFG, Removed=PCP
  Holding Period End Date: 2016-02-19
    Error fetching CFG: can't start new thread
  ✗ S1: Insufficient data for CFG
    Warning: No data found for CFG
    Error fetching PCP: can't start new thread
  ✗ S2: Insufficient data for CFG/PCP

18/223: 2016-02-16: Added=CXO, Removed=PCL
  Holding Period End Date: 2016-03-10
    Warning: No data found for CXO
  ✗ S1: Insufficient data for CXO
    Error fetching CXO: can't start new thread
    Warning: No data found for PCL
  ✗ S2: Insufficient data for CXO/PCL

19/223: 2016-03-01: Added=AWK, Removed=CNX
  Holding Period End Date: 2016-03-24
    Error fetching AWK: can't start new thread
  ✗ S1: Insufficient data for AWK
    Error fetching AWK: can't start new thread
    YFinance output for CNX: 1 Failed download:
['TRGP']: DNSError('Failed to perform, curl: (6) getaddrinfo() thread failed to start. See https://curl.se/libcurl/c/libcurl-errors.html first for more details.')
Failed to get ticker 'FRC' reason: Failed to perform, curl: (6) getaddrinfo() thread failed to start. See https://curl.se/libcurl/c/libcurl-errors.html first for more details.

2 Failed downloads:
['TRGP']: DNSError('Failed to perform, curl: (6) getaddrinfo() thread failed to start. See https://curl.se/libcurl/c/libcurl-errors.html first for more details.')
['FRC']: YFTzMissingError('possibly delisted; no timezone found')

2 Failed downloads:
['TRGP']: DNSError('Failed to perform, curl: (6) getaddrinfo() thread failed to start. See https://curl.se/libcurl/c/libcurl-errors.html first for more details.')
['FRC']: YFTzMissingError('possibly delisted; no timezone found')
    Warning: No data found for CNX
  ✗ S2: Insufficient data for AWK/CNX

20/223: 2016-03-04: Added=UDR, Removed=GMCR
  Holding Period End Date: 2016-03-30
    Error fetching UDR: can't start new thread
  ✗ S1: Insufficient data for UDR
    Error fetching UDR: can't start new thread
    Error fetching GMCR: can't start new thread
  ✗ S2: Insufficient data for UDR/GMCR

21/223: 2016-03-24: Added=CNC, Removed=ESV
  Holding Period End Date: 2016-04-19
    Warning: No data found for CNC
  ✗ S1: Insufficient data for CNC
    Warning: No data found for CNC
    Error fetching ESV: can't start new thread
  ✗ S2: Insufficient data for CNC/ESV

22/223: 2016-03-24: Added=HOLX, Removed=POM
  Holding Period End Date: 2016-04-19
    Error fetching HOLX: can't start new thread
  ✗ S1: Insufficient data for HOLX
    Error fetching HOLX: can't start new thread
    Error fetching POM: can't start new thread
  ✗ S2: Insufficient data for HOLX/POM

23/223: 2016-03-28: Added=FL, Removed=CAM
  Holding Period End Date: 2016-04-20
    Error fetching FL: can't start new thread
  ✗ S1: Insufficient data for FL
    Warning: No data found for FL
    Warning: No data found for CAM
  ✗ S2: Insufficient data for FL/CAM

24/223: 2016-04-07: Added=ULTA, Removed=THC
  Holding Period End Date: 2016-05-02
    Error fetching ULTA: can't start new thread
  ✗ S1: Insufficient data for ULTA
    Error fetching ULTA: can't start new thread
    Error fetching THC: can't start new thread
  ✗ S2: Insufficient data for ULTA/THC

25/223: 2016-04-19: Added=GPN, Removed=GME
  Holding Period End Date: 2016-05-12
    YFinance output for GPN: 1 Failed download:
['BG']: DNSError('Failed to perform, curl: (6) getaddrinfo() thread failed to start. See https://curl.se/libcurl/c/libcurl-errors.html first for more details.')
    Warning: No data found for GPN
  ✗ S1: Insufficient data for GPN
    Error fetching GPN: can't start new thread
    Error fetching GME: can't start new thread
  ✗ S2: Insufficient data for GPN/GME

26/223: 2016-04-26: Added=AYI, Removed=ADT
  Holding Period End Date: 2016-05-19
  ✗ S1: Error processing AYI: cannot convert the series to <class 'float'>
    Warning: No data found for AYI
  ✗ S2: Insufficient data for AYI/ADT

27/223: 2016-05-10: Added=ALK, Removed=SNDK
  Holding Period End Date: 2016-06-03
    Error fetching ALK: can't start new thread
  ✗ S1: Insufficient data for ALK
    Error fetching ALK: can't start new thread
    Error fetching SNDK: can't start new thread
  ✗ S2: Insufficient data for ALK/SNDK

28/223: 2016-05-13: Added=DLR, Removed=TWC
  Holding Period End Date: 2016-06-08
    YFinance output for DLR: 1 Failed download:
['DISH']: YFTzMissingError('possibly delisted; no timezone found')
    Warning: No data found for DLR
  ✗ S1: Insufficient data for DLR
    Warning: No data found for DLR
    Warning: No data found for TWC
  ✗ S2: Insufficient data for DLR/TWC

29/223: 2016-05-18: Added=LKQ, Removed=ARG
  Holding Period End Date: 2016-06-13
    Error fetching LKQ: can't start new thread
  ✗ S1: Insufficient data for LKQ
    Error fetching LKQ: can't start new thread
    Error fetching ARG: can't start new thread
  ✗ S2: Insufficient data for LKQ/ARG

30/223: 2016-05-24: Added=AJG, Removed=CCE
  Holding Period End Date: 2016-06-17
    Warning: No data found for AJG
  ✗ S1: Insufficient data for AJG
    Error fetching AJG: can't start new thread
    Warning: No data found for CCE
  ✗ S2: Insufficient data for AJG/CCE

31/223: 2016-05-27: Added=TDG, Removed=BXLT
  Holding Period End Date: 2016-06-22
    Error fetching TDG: can't start new thread
  ✗ S1: Insufficient data for TDG
    Error fetching TDG: can't start new thread
    Error fetching BXLT: can't start new thread
  ✗ S2: Insufficient data for TDG/BXLT

32/223: 2016-06-21: Added=FBHS, Removed=CVC
  Holding Period End Date: 2016-07-15
    Warning: No data found for FBHS
  ✗ S1: Insufficient data for FBHS
    Error fetching FBHS: can't start new thread
    Warning: No data found for CVC
  ✗ S2: Insufficient data for FBHS/CVC

33/223: 2016-06-23: Added=FTV, Removed=CPGX
  Holding Period End Date: 2016-07-19
    Error fetching FTV: can't start new thread
  ✗ S1: Insufficient data for FTV
    Error fetching FTV: can't start new thread
    Error fetching CPGX: can't start new thread
  ✗ S2: Insufficient data for FTV/CPGX

34/223: 2016-06-23: Added=ALB, Removed=TE
  Holding Period End Date: 2016-07-19
    Warning: No data found for ALB
  ✗ S1: Insufficient data for ALB
    Error fetching ALB: can't start new thread
  ✗ S2: Insufficient data for ALB/TE

35/223: 2016-06-29: Added=LNT, Removed=GAS
  Holding Period End Date: 2016-07-25
    Error fetching LNT: can't start new thread
  ✗ S1: Insufficient data for LNT
    YFinance output for LNT: 1 Failed download:
['LULU']: DNSError('Failed to perform, curl: (6) getaddrinfo() thread failed to start. See https://curl.se/libcurl/c/libcurl-errors.html first for more details.')
    Warning: No data found for LNT
    Warning: No data found for GAS
  ✗ S2: Insufficient data for LNT/GAS

36/223: 2016-08-25: Added=MTD, Removed=TYC
  Holding Period End Date: 2016-09-20
  ✓ S1: MTD -2.37%, Portfolio: $976,337
    Warning: No data found for MTD
    Error fetching TYC: can't start new thread
  ✗ S2: Insufficient data for MTD/TYC

37/223: 2016-08-31: Added=CHTR, Removed=EMC
  Holding Period End Date: 2016-09-26
    Error fetching CHTR: can't start new thread
  ✗ S1: Insufficient data for CHTR
    Error fetching CHTR: can't start new thread
    Error fetching EMC: can't start new thread
  ✗ S2: Insufficient data for CHTR/EMC

38/223: 2016-09-10: Added=COO, Removed=HOT
  Holding Period End Date: 2016-10-05
    Error fetching COO: can't start new thread
  ✗ S1: Insufficient data for COO
    Error fetching COO: can't start new thread
    Warning: No data found for HOT
  ✗ S2: Insufficient data for COO/HOT

39/223: 2016-09-27: Added=COTY, Removed=DO
  Holding Period End Date: 2016-10-20
  ✗ S1: Error processing COTY: cannot convert the series to <class 'float'>
    Warning: No data found for COTY
  ✗ S2: Insufficient data for COTY/DO

40/223: 2016-11-29: Added=MAA, Removed=OI
  Holding Period End Date: 2016-12-22
    Error fetching MAA: can't start new thread
  ✗ S1: Insufficient data for MAA
    Error fetching MAA: can't start new thread
    Error fetching OI: can't start new thread
  ✗ S2: Insufficient data for MAA/OI

41/223: 2016-11-29: Added=EVHC, Removed=LM
  Holding Period End Date: 2016-12-22
    Error fetching EVHC: can't start new thread
  ✗ S1: Insufficient data for EVHC
    Error fetching EVHC: can't start new thread
    Error fetching LM: can't start new thread
  ✗ S2: Insufficient data for EVHC/LM

42/223: 2017-01-03: Added=IDXX, Removed=STJ
  Holding Period End Date: 2017-01-27
    Error fetching IDXX: can't start new thread
  ✗ S1: Insufficient data for IDXX
    Error fetching IDXX: can't start new thread
    Error fetching STJ: can't start new thread
  ✗ S2: Insufficient data for IDXX/STJ

43/223: 2017-02-23: Added=INCY, Removed=SE
  Holding Period End Date: 2017-03-20
    Error fetching INCY: can't start new thread
  ✗ S1: Insufficient data for INCY
    Error fetching INCY: can't start new thread
  ✗ S2: Insufficient data for INCY/SE

44/223: 2017-02-23: Added=CBOE, Removed=PBI
  Holding Period End Date: 2017-03-20
    Error fetching CBOE: can't start new thread
  ✗ S1: Insufficient data for CBOE
    Error fetching CBOE: can't start new thread
    Error fetching PBI: can't start new thread
  ✗ S2: Insufficient data for CBOE/PBI

45/223: 2017-02-23: Added=REG, Removed=ENDP
  Holding Period End Date: 2017-03-20
    YFinance output for REG: 1 Failed download:
['ATVI']: YFTzMissingError('possibly delisted; no timezone found')

1 Failed download:
['ATVI']: YFTzMissingError('possibly delisted; no timezone found')

1 Failed download:
['ATVI']: YFTzMissingError('possibly delisted; no timezone found')
    Warning: No data found for REG
  ✗ S1: Insufficient data for REG
    Error fetching REG: can't start new thread
    Error fetching ENDP: can't start new thread
  ✗ S2: Insufficient data for REG/ENDP

46/223: 2017-03-06: Added=DISH, Removed=LLTC
  Holding Period End Date: 2017-03-29
    Error fetching DISH: can't start new thread
  ✗ S1: Insufficient data for DISH
    Error fetching DISH: can't start new thread
    Error fetching LLTC: can't start new thread
  ✗ S2: Insufficient data for DISH/LLTC

47/223: 2017-03-10: Added=ARE, Removed=FSLR
  Holding Period End Date: 2017-04-04
    Error fetching ARE: can't start new thread
  ✗ S1: Insufficient data for ARE
    Error fetching ARE: can't start new thread
    Error fetching FSLR: can't start new thread
  ✗ S2: Insufficient data for ARE/FSLR

48/223: 2017-03-10: Added=RJF, Removed=FTR
  Holding Period End Date: 2017-04-04
  ✓ S1: RJF 0.68%, Portfolio: $982,941
    Warning: No data found for RJF
    Error fetching FTR: can't start new thread
  ✗ S2: Insufficient data for RJF/FTR

49/223: 2017-03-10: Added=AMD, Removed=URBN
  Holding Period End Date: 2017-04-04
    Error fetching AMD: can't start new thread
  ✗ S1: Insufficient data for AMD
    Error fetching AMD: can't start new thread
    Error fetching URBN: can't start new thread
  ✗ S2: Insufficient data for AMD/URBN

50/223: 2017-03-13: Added=SNPS, Removed=HAR
  Holding Period End Date: 2017-04-05
    Error fetching SNPS: can't start new thread
  ✗ S1: Insufficient data for SNPS
    Warning: No data found for SNPS
    Warning: No data found for HAR
  ✗ S2: Insufficient data for SNPS/HAR

51/223: 2017-03-28: Added=DXC, Removed=SWN
  Holding Period End Date: 2017-04-21
    Warning: No data found for DXC
  ✗ S1: Insufficient data for DXC
    Warning: No data found for SWN
  ✗ S2: Insufficient data for DXC/SWN

52/223: 2017-03-29: Added=IT, Removed=DNB
  Holding Period End Date: 2017-04-24
    Error fetching IT: can't start new thread
  ✗ S1: Insufficient data for IT
    Error fetching IT: can't start new thread
    Error fetching DNB: can't start new thread
  ✗ S2: Insufficient data for IT/DNB

53/223: 2017-05-24: Added=INFO, Removed=TGNA
  Holding Period End Date: 2017-06-19
    Error fetching INFO: can't start new thread
  ✗ S1: Insufficient data for INFO
    Error fetching INFO: can't start new thread
    Error fetching TGNA: can't start new thread
  ✗ S2: Insufficient data for INFO/TGNA

54/223: 2017-06-09: Added=ANSS, Removed=R
  Holding Period End Date: 2017-07-05
    Error fetching ANSS: can't start new thread
  ✗ S1: Insufficient data for ANSS
    Error fetching ANSS: can't start new thread
    Error fetching R: can't start new thread
  ✗ S2: Insufficient data for ANSS/R

55/223: 2017-06-09: Added=ALGN, Removed=TDC
  Holding Period End Date: 2017-07-05
    Error fetching ALGN: can't start new thread
  ✗ S1: Insufficient data for ALGN
    Error fetching ALGN: can't start new thread
    Error fetching TDC: can't start new thread
  ✗ S2: Insufficient data for ALGN/TDC

56/223: 2017-06-09: Added=HLT, Removed=YHOO
  Holding Period End Date: 2017-07-05
  ✓ S1: HLT 1.82%, Portfolio: $1,000,813
    Error fetching HLT: can't start new thread
    Error fetching YHOO: can't start new thread
  ✗ S2: Insufficient data for HLT/YHOO

57/223: 2017-06-12: Added=RE, Removed=MJN
  Holding Period End Date: 2017-07-06
    Error fetching RE: can't start new thread
  ✗ S1: Insufficient data for RE
    Error fetching RE: can't start new thread
    Error fetching MJN: can't start new thread
  ✗ S2: Insufficient data for RE/MJN

58/223: 2017-06-30: Added=BKR, Removed=BHI
  Holding Period End Date: 2017-07-26
    Error fetching BKR: can't start new thread
  ✗ S1: Insufficient data for BKR
    Error fetching BKR: can't start new thread
    Error fetching BHI: can't start new thread
  ✗ S2: Insufficient data for BKR/BHI

59/223: 2017-07-19: Added=MGM, Removed=RAI
  Holding Period End Date: 2017-08-11
    Error fetching MGM: can't start new thread
  ✗ S1: Insufficient data for MGM
    Error fetching MGM: can't start new thread
    Error fetching RAI: can't start new thread
  ✗ S2: Insufficient data for MGM/RAI

60/223: 2017-07-19: Added=RMD, Removed=MNK
  Holding Period End Date: 2017-08-11
    Warning: No data found for RMD
  ✗ S1: Insufficient data for RMD
    Error fetching RMD: can't start new thread
    Error fetching MNK: can't start new thread
  ✗ S2: Insufficient data for RMD/MNK

61/223: 2017-07-19: Added=PKG, Removed=MUR
  Holding Period End Date: 2017-08-11
    Warning: No data found for PKG
  ✗ S1: Insufficient data for PKG
    Warning: No data found for PKG
    Error fetching MUR: can't start new thread
  ✗ S2: Insufficient data for PKG/MUR

62/223: 2017-07-19: Added=AOS, Removed=BBBY
  Holding Period End Date: 2017-08-11
    Warning: No data found for AOS
  ✗ S1: Insufficient data for AOS
    Error fetching AOS: can't start new thread
    Error fetching BBBY: can't start new thread
  ✗ S2: Insufficient data for AOS/BBBY

63/223: 2017-07-19: Added=DRE, Removed=RIG
  Holding Period End Date: 2017-08-11
    Error fetching DRE: can't start new thread
  ✗ S1: Insufficient data for DRE
    Error fetching DRE: can't start new thread
  ✗ S2: Insufficient data for DRE/RIG

64/223: 2017-07-31: Added=BHF, Removed=AN
  Holding Period End Date: 2017-08-23
  ✓ S1: BHF 24.21%, Portfolio: $1,243,113
    Warning: No data found for BHF
    Error fetching AN: can't start new thread
  ✗ S2: Insufficient data for BHF/AN

65/223: 2017-08-24: Added=Q, Removed=WFM
  Holding Period End Date: 2017-09-19
    YFinance output for Q: 1 Failed download:
['KKR']: DNSError('Failed to perform, curl: (6) getaddrinfo() thread failed to start. See https://curl.se/libcurl/c/libcurl-errors.html first for more details.')

1 Failed download:
['KKR']: DNSError('Failed to perform, curl: (6) getaddrinfo() thread failed to start. See https://curl.se/libcurl/c/libcurl-errors.html first for more details.')

1 Failed download:
['KKR']: DNSError('Failed to perform, curl: (6) getaddrinfo() thread failed to start. See https://curl.se/libcurl/c/libcurl-errors.html first for more details.')
  ✗ S1: Error processing Q: cannot convert the series to <class 'float'>
    Warning: No data found for Q
  ✗ S2: Insufficient data for Q/WFM

66/223: 2017-08-24: Added=SBAC, Removed=DD
  Holding Period End Date: 2017-09-19
    Warning: No data found for SBAC
  ✗ S1: Insufficient data for SBAC
    Error fetching DD: can't start new thread
  ✗ S2: Insufficient data for SBAC/DD

67/223: 2017-08-24: Added=DWDP, Removed=DOW
  Holding Period End Date: 2017-09-19
    Warning: No data found for DWDP
  ✗ S1: Insufficient data for DWDP
    Error fetching DWDP: can't start new thread
    Error fetching DOW: can't start new thread
  ✗ S2: Insufficient data for DWDP/DOW

68/223: 2017-08-24: Added=CDNS, Removed=SPLS
  Holding Period End Date: 2017-09-19
    Error fetching CDNS: can't start new thread
  ✗ S1: Insufficient data for CDNS
    Error fetching CDNS: can't start new thread
    Error fetching SPLS: can't start new thread
  ✗ S2: Insufficient data for CDNS/SPLS

69/223: 2017-10-04: Added=NCLH, Removed=LVLT
  Holding Period End Date: 2017-10-27
    Error fetching NCLH: can't start new thread
  ✗ S1: Insufficient data for NCLH
    Error fetching NCLH: can't start new thread
    Error fetching LVLT: can't start new thread
  ✗ S2: Insufficient data for NCLH/LVLT

70/223: 2017-12-28: Added=HII, Removed=BCR
  Holding Period End Date: 2018-01-24
    Error fetching HII: can't start new thread
  ✗ S1: Insufficient data for HII
    Error fetching HII: can't start new thread
    Error fetching BCR: can't start new thread
  ✗ S2: Insufficient data for HII/BCR

71/223: 2018-03-02: Added=IPGP, Removed=SNI
  Holding Period End Date: 2018-03-27
    Error fetching IPGP: can't start new thread
  ✗ S1: Insufficient data for IPGP
    Error fetching IPGP: can't start new thread
    Error fetching SNI: can't start new thread
  ✗ S2: Insufficient data for IPGP/SNI

72/223: 2018-03-09: Added=TTWO, Removed=SIG
  Holding Period End Date: 2018-04-04
    Error fetching TTWO: can't start new thread
  ✗ S1: Insufficient data for TTWO
    Error fetching TTWO: can't start new thread
    Error fetching SIG: can't start new thread
  ✗ S2: Insufficient data for TTWO/SIG

73/223: 2018-03-09: Added=NKTR, Removed=CHK
  Holding Period End Date: 2018-04-04
    Error fetching NKTR: can't start new thread
  ✗ S1: Insufficient data for NKTR
    Error fetching NKTR: can't start new thread
    Error fetching CHK: can't start new thread
  ✗ S2: Insufficient data for NKTR/CHK

74/223: 2018-03-09: Added=SIVB, Removed=PDCO
  Holding Period End Date: 2018-04-04
    Error fetching SIVB: can't start new thread
  ✗ S1: Insufficient data for SIVB
    Error fetching SIVB: can't start new thread
    Error fetching PDCO: can't start new thread
  ✗ S2: Insufficient data for SIVB/PDCO

75/223: 2018-03-28: Added=MSCI, Removed=CSRA
  Holding Period End Date: 2018-04-23
    Error fetching MSCI: can't start new thread
  ✗ S1: Insufficient data for MSCI
    Error fetching MSCI: can't start new thread
    Warning: No data found for CSRA
  ✗ S2: Insufficient data for MSCI/CSRA

76/223: 2018-05-25: Added=ABMD, Removed=WYN
  Holding Period End Date: 2018-06-20
    Error fetching ABMD: can't start new thread
  ✗ S1: Insufficient data for ABMD
    Error fetching ABMD: can't start new thread
    Error fetching WYN: can't start new thread
  ✗ S2: Insufficient data for ABMD/WYN

77/223: 2018-05-31: Added=EVRG, Removed=NAVI
  Holding Period End Date: 2018-06-25
    Warning: No data found for EVRG
  ✗ S1: Insufficient data for EVRG
    Warning: No data found for EVRG
    Error fetching NAVI: can't start new thread
  ✗ S2: Insufficient data for EVRG/NAVI

78/223: 2018-06-04: Added=TWTR, Removed=MON
  Holding Period End Date: 2018-06-27
    Warning: No data found for TWTR
  ✗ S1: Insufficient data for TWTR
    Error fetching TWTR: can't start new thread
    Error fetching MON: can't start new thread
  ✗ S2: Insufficient data for TWTR/MON

79/223: 2018-06-08: Added=HFC, Removed=AYI
  Holding Period End Date: 2018-07-03
    Error fetching HFC: can't start new thread
  ✗ S1: Insufficient data for HFC
    Error fetching HFC: can't start new thread
    Error fetching AYI: can't start new thread
  ✗ S2: Insufficient data for HFC/AYI

80/223: 2018-06-08: Added=BR, Removed=RRC
  Holding Period End Date: 2018-07-03
    Error fetching BR: can't start new thread
  ✗ S1: Insufficient data for BR
    Warning: No data found for BR
    Error fetching RRC: can't start new thread
  ✗ S2: Insufficient data for BR/RRC

81/223: 2018-06-15: Added=FLT, Removed=TWX
  Holding Period End Date: 2018-07-11
  ✓ S1: FLT 1.19%, Portfolio: $1,257,853
  ✓ S2: Long FLT (-4.95%), Short TWX (3.53%)
      Combined: -0.71%, Portfolio: $992,932

82/223: 2018-06-25: Added=CPRT, Removed=DPS
  Holding Period End Date: 2018-07-19
    Error fetching CPRT: can't start new thread
  ✗ S1: Insufficient data for CPRT
    Warning: No data found for CPRT
    Error fetching DPS: can't start new thread
  ✗ S2: Insufficient data for CPRT/DPS

83/223: 2018-08-23: Added=ANET, Removed=GGP
  Holding Period End Date: 2018-09-18
    Error fetching ANET: can't start new thread
  ✗ S1: Insufficient data for ANET
    Error fetching ANET: can't start new thread
    Error fetching GGP: can't start new thread
  ✗ S2: Insufficient data for ANET/GGP

84/223: 2018-09-11: Added=WCG, Removed=XL
  Holding Period End Date: 2018-10-04
    Error fetching WCG: can't start new thread
  ✗ S1: Insufficient data for WCG
    Error fetching WCG: can't start new thread
  ✗ S2: Insufficient data for WCG/XL

85/223: 2018-09-25: Added=ROL, Removed=ANDV
  Holding Period End Date: 2018-10-18
  ✓ S1: ROL 9.95%, Portfolio: $1,383,022
    Error fetching ROL: can't start new thread
    Error fetching ANDV: can't start new thread
  ✗ S2: Insufficient data for ROL/ANDV

86/223: 2018-10-04: Added=FTNT, Removed=EVHC
  Holding Period End Date: 2018-10-29
    YFinance output for FTNT: 1 Failed download:
['DELL']: DNSError('Failed to perform, curl: (6) getaddrinfo() thread failed to start. See https://curl.se/libcurl/c/libcurl-errors.html first for more details.')
  ✓ S1: FTNT 20.18%, Portfolio: $1,662,089
    Warning: No data found for FTNT
    Warning: No data found for EVHC
  ✗ S2: Insufficient data for FTNT/EVHC

87/223: 2018-10-30: Added=KEYS, Removed=CA
  Holding Period End Date: 2018-11-23
    YFinance output for KEYS: 1 Failed download:
['ALK']: DNSError('Failed to perform, curl: (6) getaddrinfo() thread failed to start. See https://curl.se/libcurl/c/libcurl-errors.html first for more details.')
    Warning: No data found for KEYS
  ✗ S1: Insufficient data for KEYS
    Error fetching KEYS: can't start new thread
    Error fetching CA: can't start new thread
  ✗ S2: Insufficient data for KEYS/CA

88/223: 2018-11-07: Added=JKHY, Removed=EQT
  Holding Period End Date: 2018-12-03
    Warning: No data found for JKHY
  ✗ S1: Insufficient data for JKHY
    Warning: No data found for JKHY
    Warning: No data found for EQT
  ✗ S2: Insufficient data for JKHY/EQT

89/223: 2018-11-26: Added=FANG, Removed=SRCL
  Holding Period End Date: 2018-12-20
    Error fetching FANG: can't start new thread
  ✗ S1: Insufficient data for FANG
    Error fetching FANG: can't start new thread
    Error fetching SRCL: can't start new thread
  ✗ S2: Insufficient data for FANG/SRCL

90/223: 2018-11-26: Added=MXIM, Removed=AET
  Holding Period End Date: 2018-12-20
    Warning: No data found for MXIM
  ✗ S1: Insufficient data for MXIM
    YFinance output for MXIM: Failed to get ticker 'MRO' reason: Failed to perform, curl: (6) getaddrinfo() thread failed to start. See https://curl.se/libcurl/c/libcurl-errors.html first for more details.
    Warning: No data found for MXIM
    Warning: No data found for AET
  ✗ S2: Insufficient data for MXIM/AET

91/223: 2018-11-26: Added=LW, Removed=COL
  Holding Period End Date: 2018-12-20
    Error fetching LW: can't start new thread
  ✗ S1: Insufficient data for LW
    Error fetching LW: can't start new thread
    Error fetching COL: can't start new thread
  ✗ S2: Insufficient data for LW/COL

92/223: 2018-12-27: Added=CE, Removed=ESRX
  Holding Period End Date: 2019-01-23
    Error fetching CE: can't start new thread
  ✗ S1: Insufficient data for CE
    Error fetching CE: can't start new thread
    Error fetching ESRX: can't start new thread
  ✗ S2: Insufficient data for CE/ESRX

93/223: 2018-12-27: Added=FRC, Removed=SCG
  Holding Period End Date: 2019-01-23
  ✗ S1: Error processing FRC: cannot convert the series to <class 'float'>
    YFinance output for FRC: 1 Failed download:
['MXIM']: YFTzMissingError('possibly delisted; no timezone found')
    Warning: No data found for FRC
    Error fetching SCG: can't start new thread
  ✗ S2: Insufficient data for FRC/SCG

94/223: 2019-01-15: Added=TFX, Removed=PCG
  Holding Period End Date: 2019-02-08
    YFinance output for TFX: 1 Failed download:
['MRO']: YFTzMissingError('possibly delisted; no timezone found')
  ✓ S1: TFX 12.43%, Portfolio: $1,868,684
    Warning: No data found for TFX
  ✗ S2: Insufficient data for TFX/PCG

95/223: 2019-02-08: Added=ATO, Removed=NFX
  Holding Period End Date: 2019-03-06
    Error fetching ATO: can't start new thread
  ✗ S1: Insufficient data for ATO
    Error fetching ATO: can't start new thread
    Error fetching NFX: can't start new thread
  ✗ S2: Insufficient data for ATO/NFX

96/223: 2019-02-21: Added=WAB, Removed=GT
  Holding Period End Date: 2019-03-18
    Error fetching WAB: can't start new thread
  ✗ S1: Insufficient data for WAB
    Error fetching WAB: can't start new thread
    Error fetching GT: can't start new thread
  ✗ S2: Insufficient data for WAB/GT

97/223: 2019-03-14: Added=FOXA, Removed=FOXA
  Holding Period End Date: 2019-04-08
    Error fetching FOXA: can't start new thread
  ✗ S1: Insufficient data for FOXA
    Error fetching FOXA: can't start new thread
    Error fetching FOXA: can't start new thread
  ✗ S2: Insufficient data for FOXA/FOXA

98/223: 2019-03-14: Added=FOX, Removed=FOX
  Holding Period End Date: 2019-04-08
    YFinance output for FOX: 1 Failed download:
['PXD']: YFTzMissingError('possibly delisted; no timezone found')
    Warning: No data found for FOX
  ✗ S1: Insufficient data for FOX
    YFinance output for FOX: 1 Failed download:
['PXD']: YFTzMissingError('possibly delisted; no timezone found')
    Error fetching FOX: can't start new thread
  ✗ S2: Insufficient data for FOX/FOX

99/223: 2019-03-26: Added=DOW, Removed=BHF
  Holding Period End Date: 2019-04-18
  ✓ S1: DOW 0.00%, Portfolio: $1,868,684
    Warning: No data found for DOW
    Warning: No data found for BHF
  ✗ S2: Insufficient data for DOW/BHF

100/223: 2019-05-28: Added=CTVA, Removed=FLR
  Holding Period End Date: 2019-06-20
    Error fetching CTVA: can't start new thread
  ✗ S1: Insufficient data for CTVA
    Error fetching CTVA: can't start new thread
    Error fetching FLR: can't start new thread
  ✗ S2: Insufficient data for CTVA/FLR

101/223: 2019-05-28: Added=DD, Removed=DWDP
  Holding Period End Date: 2019-06-20
    Error fetching DD: can't start new thread
  ✗ S1: Insufficient data for DD
    Error fetching DD: can't start new thread
    Error fetching DWDP: can't start new thread
  ✗ S2: Insufficient data for DD/DWDP

102/223: 2019-06-03: Added=BMS, Removed=MAT
  Holding Period End Date: 2019-06-26
    Error fetching BMS: can't start new thread
  ✗ S1: Insufficient data for BMS
    YFinance output for BMS: 1 Failed download:
['VST']: DNSError('Failed to perform, curl: (6) getaddrinfo() thread failed to start. See https://curl.se/libcurl/c/libcurl-errors.html first for more details.')

1 Failed download:
['VST']: DNSError('Failed to perform, curl: (6) getaddrinfo() thread failed to start. See https://curl.se/libcurl/c/libcurl-errors.html first for more details.')

1 Failed download:
['VST']: DNSError('Failed to perform, curl: (6) getaddrinfo() thread failed to start. See https://curl.se/libcurl/c/libcurl-errors.html first for more details.')

1 Failed download:
['VST']: DNSError('Failed to perform, curl: (6) getaddrinfo() thread failed to start. See https://curl.se/libcurl/c/libcurl-errors.html first for more details.')
    Warning: No data found for BMS
    YFinance output for MAT: 1 Failed download:
['CRWD']: DNSError('Failed to perform, curl: (6) getaddrinfo() thread failed to start. See https://curl.se/libcurl/c/libcurl-errors.html first for more details.')
  ✗ S2: Insufficient data for BMS/MAT

103/223: 2019-06-03: Added=AMCR, Removed=BMS
  Holding Period End Date: 2019-06-26
    Warning: No data found for AMCR
  ✗ S1: Insufficient data for AMCR
    Error fetching AMCR: can't start new thread
    Error fetching BMS: can't start new thread
  ✗ S2: Insufficient data for AMCR/BMS

104/223: 2019-06-24: Added=MKTX, Removed=LLL
  Holding Period End Date: 2019-07-18
    Error fetching MKTX: can't start new thread
  ✗ S1: Insufficient data for MKTX
    Error fetching MKTX: can't start new thread
    Error fetching LLL: can't start new thread
  ✗ S2: Insufficient data for MKTX/LLL

105/223: 2019-07-09: Added=TMUS, Removed=RHT
  Holding Period End Date: 2019-08-01
    Warning: No data found for TMUS
  ✗ S1: Insufficient data for TMUS
    Error fetching TMUS: can't start new thread
    Error fetching RHT: can't start new thread
  ✗ S2: Insufficient data for TMUS/RHT

106/223: 2019-08-01: Added=IEX, Removed=FL
  Holding Period End Date: 2019-08-26
    Error fetching IEX: can't start new thread
  ✗ S1: Insufficient data for IEX
    Error fetching IEX: can't start new thread
    Error fetching FL: can't start new thread
  ✗ S2: Insufficient data for IEX/FL

107/223: 2019-08-01: Added=LDOS, Removed=APC
  Holding Period End Date: 2019-08-26
    YFinance output for LDOS: 1 Failed download:
['CE']: DNSError('Failed to perform, curl: (6) getaddrinfo() thread failed to start. See https://curl.se/libcurl/c/libcurl-errors.html first for more details.')
    Warning: No data found for LDOS
  ✗ S1: Insufficient data for LDOS
    Warning: No data found for LDOS
    Error fetching APC: can't start new thread
  ✗ S2: Insufficient data for LDOS/APC

108/223: 2019-09-17: Added=CDW, Removed=TSS
  Holding Period End Date: 2019-10-10
    Error fetching CDW: can't start new thread
  ✗ S1: Insufficient data for CDW
    Error fetching CDW: can't start new thread
    Error fetching TSS: can't start new thread
  ✗ S2: Insufficient data for CDW/TSS

109/223: 2019-09-20: Added=NVR, Removed=JEF
  Holding Period End Date: 2019-10-15
    Error fetching NVR: can't start new thread
  ✗ S1: Insufficient data for NVR
    Error fetching NVR: can't start new thread
    Error fetching JEF: can't start new thread
  ✗ S2: Insufficient data for NVR/JEF

110/223: 2019-09-20: Added=LVS, Removed=NKTR
  Holding Period End Date: 2019-10-15
  ✓ S1: LVS 12.47%, Portfolio: $2,101,721
    Error fetching LVS: can't start new thread
    Warning: No data found for NKTR
  ✗ S2: Insufficient data for LVS/NKTR

111/223: 2019-11-18: Added=NOW, Removed=CELG
  Holding Period End Date: 2019-12-12
    Warning: No data found for NOW
  ✗ S1: Insufficient data for NOW
    Error fetching NOW: can't start new thread
    Error fetching CELG: can't start new thread
  ✗ S2: Insufficient data for NOW/CELG

112/223: 2019-11-27: Added=WRB, Removed=VIAB
  Holding Period End Date: 2019-12-23
  ✓ S1: WRB 13.14%, Portfolio: $2,377,830
    Error fetching WRB: can't start new thread
    Error fetching VIAB: can't start new thread
  ✗ S2: Insufficient data for WRB/VIAB

113/223: 2019-12-02: Added=ODFL, Removed=STI
  Holding Period End Date: 2019-12-26
  ✓ S1: ODFL 10.17%, Portfolio: $2,619,686
    Error fetching STI: can't start new thread
  ✗ S2: Insufficient data for ODFL/STI

114/223: 2019-12-13: Added=ZBRA, Removed=TRIP
  Holding Period End Date: 2020-01-09
    Error fetching ZBRA: can't start new thread
  ✗ S1: Insufficient data for ZBRA
    Warning: No data found for ZBRA
    Error fetching TRIP: can't start new thread
  ✗ S2: Insufficient data for ZBRA/TRIP

115/223: 2019-12-13: Added=LYV, Removed=AMG
  Holding Period End Date: 2020-01-09
    Error fetching LYV: can't start new thread
  ✗ S1: Insufficient data for LYV
    Error fetching LYV: can't start new thread
    Error fetching AMG: can't start new thread
  ✗ S2: Insufficient data for LYV/AMG

116/223: 2019-12-13: Added=STE, Removed=MAC
  Holding Period End Date: 2020-01-09
    Error fetching STE: can't start new thread
  ✗ S1: Insufficient data for STE
    Error fetching STE: can't start new thread
    Warning: No data found for MAC
  ✗ S2: Insufficient data for STE/MAC

117/223: 2020-01-22: Added=PAYC, Removed=WCG
  Holding Period End Date: 2020-02-14
    YFinance output for PAYC: 1 Failed download:
['ESRX']: DNSError('Failed to perform, curl: (6) getaddrinfo() thread failed to start. See https://curl.se/libcurl/c/libcurl-errors.html first for more details.')
    Warning: No data found for PAYC
  ✗ S1: Insufficient data for PAYC
    Warning: No data found for PAYC
    Warning: No data found for WCG
  ✗ S2: Insufficient data for PAYC/WCG

118/223: 2020-02-27: Added=IR, Removed=XEC
  Holding Period End Date: 2020-03-23
    Error fetching IR: can't start new thread
  ✗ S1: Insufficient data for IR
    Error fetching IR: can't start new thread
    Error fetching XEC: can't start new thread
  ✗ S2: Insufficient data for IR/XEC

119/223: 2020-03-31: Added=nan, Removed=M
  Holding Period End Date: 2020-04-24

120/223: 2020-03-31: Added=nan, Removed=RTN
  Holding Period End Date: 2020-04-24

121/223: 2020-03-31: Added=CARR, Removed=nan
  Holding Period End Date: 2020-04-24
    Warning: No data found for CARR
  ✗ S1: Insufficient data for CARR

122/223: 2020-03-31: Added=OTIS, Removed=nan
  Holding Period End Date: 2020-04-24
  ✓ S1: OTIS 4.00%, Portfolio: $2,724,573

123/223: 2020-05-05: Added=HWM, Removed=ARNC
  Holding Period End Date: 2020-05-29
    Error fetching HWM: can't start new thread
  ✗ S1: Insufficient data for HWM
    Error fetching HWM: can't start new thread
    Error fetching ARNC: can't start new thread
  ✗ S2: Insufficient data for HWM/ARNC

124/223: 2020-05-06: Added=DXCM, Removed=AGN
  Holding Period End Date: 2020-06-01
    Error fetching DXCM: can't start new thread
  ✗ S1: Insufficient data for DXCM
    Error fetching DXCM: can't start new thread
    Error fetching AGN: can't start new thread
  ✗ S2: Insufficient data for DXCM/AGN

125/223: 2020-05-06: Added=DPZ, Removed=CPRI
  Holding Period End Date: 2020-06-01
    Error fetching DPZ: can't start new thread
  ✗ S1: Insufficient data for DPZ
    Error fetching DPZ: can't start new thread
    Error fetching CPRI: can't start new thread
  ✗ S2: Insufficient data for DPZ/CPRI

126/223: 2020-05-18: Added=WST, Removed=HP
  Holding Period End Date: 2020-06-11
  ✓ S1: WST 0.09%, Portfolio: $2,726,941
    Error fetching WST: can't start new thread
    Error fetching HP: can't start new thread
  ✗ S2: Insufficient data for WST/HP

127/223: 2020-06-12: Added=BIO, Removed=ADS
  Holding Period End Date: 2020-07-08
    Error fetching BIO: can't start new thread
  ✗ S1: Insufficient data for BIO
    Error fetching BIO: can't start new thread
    Error fetching ADS: can't start new thread
  ✗ S2: Insufficient data for BIO/ADS

128/223: 2020-06-12: Added=TDY, Removed=HOG
  Holding Period End Date: 2020-07-08
    Error fetching TDY: can't start new thread
  ✗ S1: Insufficient data for TDY
    Error fetching TDY: can't start new thread
    Error fetching HOG: can't start new thread
  ✗ S2: Insufficient data for TDY/HOG

129/223: 2020-06-12: Added=TYL, Removed=JWN
  Holding Period End Date: 2020-07-08
    Error fetching TYL: can't start new thread
  ✗ S1: Insufficient data for TYL
    Error fetching TYL: can't start new thread
    Error fetching JWN: can't start new thread
  ✗ S2: Insufficient data for TYL/JWN

130/223: 2020-09-04: Added=CTLT, Removed=KSS
  Holding Period End Date: 2020-09-30
    Warning: No data found for CTLT
  ✗ S1: Insufficient data for CTLT
  ✗ S2: Error processing CTLT/KSS: cannot convert the series to <class 'float'>

131/223: 2020-09-04: Added=ETSY, Removed=HRB
  Holding Period End Date: 2020-09-30
  ✓ S1: ETSY 14.92%, Portfolio: $3,133,730
    Warning: No data found for ETSY
    Error fetching HRB: can't start new thread
  ✗ S2: Insufficient data for ETSY/HRB

132/223: 2020-09-04: Added=TER, Removed=COTY
  Holding Period End Date: 2020-09-30
    YFinance output for TER: 1 Failed download:
['EVHC']: DNSError('Failed to perform, curl: (6) getaddrinfo() thread failed to start. See https://curl.se/libcurl/c/libcurl-errors.html first for more details.')

1 Failed download:
['EVHC']: DNSError('Failed to perform, curl: (6) getaddrinfo() thread failed to start. See https://curl.se/libcurl/c/libcurl-errors.html first for more details.')

1 Failed download:
['EVHC']: DNSError('Failed to perform, curl: (6) getaddrinfo() thread failed to start. See https://curl.se/libcurl/c/libcurl-errors.html first for more details.')
    Warning: No data found for TER
  ✗ S1: Insufficient data for TER
    Error fetching TER: can't start new thread
    Error fetching COTY: can't start new thread
  ✗ S2: Insufficient data for TER/COTY

133/223: 2020-10-01: Added=POOL, Removed=ETFC
  Holding Period End Date: 2020-10-26
    Error fetching POOL: can't start new thread
  ✗ S1: Insufficient data for POOL
    Error fetching POOL: can't start new thread
    Error fetching ETFC: can't start new thread
  ✗ S2: Insufficient data for POOL/ETFC

134/223: 2020-10-05: Added=VNT, Removed=nan
  Holding Period End Date: 2020-10-28
    Error fetching VNT: can't start new thread
  ✗ S1: Insufficient data for VNT

135/223: 2020-10-05: Added=nan, Removed=NBL
  Holding Period End Date: 2020-10-28

136/223: 2020-12-11: Added=TSLA, Removed=AIV
  Holding Period End Date: 2021-01-07
    Error fetching TSLA: can't start new thread
  ✗ S1: Insufficient data for TSLA
    Error fetching TSLA: can't start new thread
    Error fetching AIV: can't start new thread
  ✗ S2: Insufficient data for TSLA/AIV

137/223: 2020-12-30: Added=ENPH, Removed=TIF
  Holding Period End Date: 2021-01-26
  ✓ S1: ENPH 7.36%, Portfolio: $3,364,392
    Error fetching ENPH: can't start new thread
    Error fetching TIF: can't start new thread
  ✗ S2: Insufficient data for ENPH/TIF

138/223: 2021-01-15: Added=TRMB, Removed=CXO
  Holding Period End Date: 2021-02-10
    Error fetching TRMB: can't start new thread
  ✗ S1: Insufficient data for TRMB
    Error fetching TRMB: can't start new thread
    Error fetching CXO: can't start new thread
  ✗ S2: Insufficient data for TRMB/CXO

139/223: 2021-02-08: Added=MPWR, Removed=FTI
  Holding Period End Date: 2021-03-04
    Error fetching MPWR: can't start new thread
  ✗ S1: Insufficient data for MPWR
  ✗ S2: Error processing MPWR/FTI: cannot convert the series to <class 'float'>

140/223: 2021-03-12: Added=CZR, Removed=VNT
  Holding Period End Date: 2021-04-07
    Error fetching CZR: can't start new thread
  ✗ S1: Insufficient data for CZR
    Error fetching CZR: can't start new thread
    Error fetching VNT: can't start new thread
  ✗ S2: Insufficient data for CZR/VNT

141/223: 2021-03-12: Added=PENN, Removed=SLG
  Holding Period End Date: 2021-04-07
  ✓ S1: PENN 9.14%, Portfolio: $3,671,964
    Error fetching PENN: can't start new thread
    Error fetching SLG: can't start new thread
  ✗ S2: Insufficient data for PENN/SLG

142/223: 2021-03-12: Added=NXPI, Removed=FLS
  Holding Period End Date: 2021-04-07
    YFinance output for NXPI: 2 Failed downloads:
['COIN', 'NXPI']: DNSError('Failed to perform, curl: (6) getaddrinfo() thread failed to start. See https://curl.se/libcurl/c/libcurl-errors.html first for more details.')

2 Failed downloads:
['COIN', 'NXPI']: DNSError('Failed to perform, curl: (6) getaddrinfo() thread failed to start. See https://curl.se/libcurl/c/libcurl-errors.html first for more details.')
  ✗ S1: Error processing NXPI: cannot convert the series to <class 'float'>
    Warning: No data found for FLS
  ✗ S2: Insufficient data for NXPI/FLS

143/223: 2021-03-12: Added=GNRC, Removed=XRX
  Holding Period End Date: 2021-04-07
    Error fetching GNRC: can't start new thread
  ✗ S1: Insufficient data for GNRC
    Error fetching GNRC: can't start new thread
    Error fetching XRX: can't start new thread
  ✗ S2: Insufficient data for GNRC/XRX

144/223: 2021-04-15: Added=PTC, Removed=VAR
  Holding Period End Date: 2021-05-10
    Error fetching PTC: can't start new thread
  ✗ S1: Insufficient data for PTC
  ✓ S2: Long PTC (1.84%), Short VAR (-9.56%)
      Combined: -3.86%, Portfolio: $954,602

145/223: 2021-05-10: Added=CRL, Removed=FLIR
  Holding Period End Date: 2021-06-03
    YFinance output for CRL: 1 Failed download:
['WSM']: DNSError('Failed to perform, curl: (6) getaddrinfo() thread failed to start. See https://curl.se/libcurl/c/libcurl-errors.html first for more details.')

1 Failed download:
['WSM']: DNSError('Failed to perform, curl: (6) getaddrinfo() thread failed to start. See https://curl.se/libcurl/c/libcurl-errors.html first for more details.')
    Warning: No data found for CRL
  ✗ S1: Insufficient data for CRL
    Error fetching CRL: can't start new thread
    Error fetching FLIR: can't start new thread
  ✗ S2: Insufficient data for CRL/FLIR

146/223: 2021-05-27: Added=OGN, Removed=nan
  Holding Period End Date: 2021-06-22
    Warning: No data found for OGN
  ✗ S1: Insufficient data for OGN

147/223: 2021-05-27: Added=nan, Removed=HFC
  Holding Period End Date: 2021-06-22

148/223: 2021-07-15: Added=MRNA, Removed=ALXN
  Holding Period End Date: 2021-08-09
    Error fetching MRNA: can't start new thread
  ✗ S1: Insufficient data for MRNA
    Error fetching MRNA: can't start new thread
    Error fetching ALXN: can't start new thread
  ✗ S2: Insufficient data for MRNA/ALXN

149/223: 2021-08-24: Added=TECH, Removed=MXIM
  Holding Period End Date: 2021-09-17
    YFinance output for TECH: 1 Failed download:
['SIG']: DNSError('Failed to perform, curl: (6) getaddrinfo() thread failed to start. See https://curl.se/libcurl/c/libcurl-errors.html first for more details.')

1 Failed download:
['SIG']: DNSError('Failed to perform, curl: (6) getaddrinfo() thread failed to start. See https://curl.se/libcurl/c/libcurl-errors.html first for more details.')

1 Failed download:
['SIG']: DNSError('Failed to perform, curl: (6) getaddrinfo() thread failed to start. See https://curl.se/libcurl/c/libcurl-errors.html first for more details.')

1 Failed download:
['SIG']: DNSError('Failed to perform, curl: (6) getaddrinfo() thread failed to start. See https://curl.se/libcurl/c/libcurl-errors.html first for more details.')

1 Failed download:
['SIG']: DNSError('Failed to perform, curl: (6) getaddrinfo() thread failed to start. See https://curl.se/libcurl/c/libcurl-errors.html first for more details.')
    Warning: No data found for TECH
  ✗ S1: Insufficient data for TECH
    Warning: No data found for TECH
    Error fetching MXIM: can't start new thread
  ✗ S2: Insufficient data for TECH/MXIM

150/223: 2021-09-03: Added=BRO, Removed=NOV
  Holding Period End Date: 2021-09-29
    Error fetching BRO: can't start new thread
  ✗ S1: Insufficient data for BRO
    Error fetching BRO: can't start new thread
    Error fetching NOV: can't start new thread
  ✗ S2: Insufficient data for BRO/NOV

151/223: 2021-09-03: Added=CDAY, Removed=UNM
  Holding Period End Date: 2021-09-29
    Warning: No data found for CDAY
  ✗ S1: Insufficient data for CDAY
    Error fetching CDAY: can't start new thread
    Error fetching UNM: can't start new thread
  ✗ S2: Insufficient data for CDAY/UNM

152/223: 2021-09-03: Added=MTCH, Removed=PRGO
  Holding Period End Date: 2021-09-29
  ✓ S1: MTCH -1.57%, Portfolio: $3,614,209
    Error fetching MTCH: can't start new thread
    Error fetching PRGO: can't start new thread
  ✗ S2: Insufficient data for MTCH/PRGO

153/223: 2021-12-03: Added=FDS, Removed=WU
  Holding Period End Date: 2021-12-29
    Warning: No data found for FDS
  ✗ S1: Insufficient data for FDS
    YFinance output for FDS: 1 Failed download:
['KRFT']: DNSError('Failed to perform, curl: (6) getaddrinfo() thread failed to start. See https://curl.se/libcurl/c/libcurl-errors.html first for more details.')

1 Failed download:
['KRFT']: DNSError('Failed to perform, curl: (6) getaddrinfo() thread failed to start. See https://curl.se/libcurl/c/libcurl-errors.html first for more details.')
    Warning: No data found for FDS
    Error fetching WU: can't start new thread
  ✗ S2: Insufficient data for FDS/WU

154/223: 2021-12-03: Added=SEDG, Removed=HBI
  Holding Period End Date: 2021-12-29
    YFinance output for SEDG: 1 Failed download:
['UAL']: DNSError('Failed to perform, curl: (6) getaddrinfo() thread failed to start. See https://curl.se/libcurl/c/libcurl-errors.html first for more details.')
  ✓ S1: SEDG 6.52%, Portfolio: $3,849,918
    Warning: No data found for SEDG
  ✗ S2: Insufficient data for SEDG/HBI

155/223: 2021-12-03: Added=SBNY, Removed=LEG
  Holding Period End Date: 2021-12-29
  ✓ S1: SBNY 4.45%, Portfolio: $4,021,322
    Warning: No data found for SBNY
    Warning: No data found for LEG
  ✗ S2: Insufficient data for SBNY/LEG

156/223: 2021-12-07: Added=EPAM, Removed=KSU
  Holding Period End Date: 2021-12-31
    Error fetching EPAM: can't start new thread
  ✗ S1: Insufficient data for EPAM
    Error fetching EPAM: can't start new thread
    Error fetching KSU: can't start new thread
  ✗ S2: Insufficient data for EPAM/KSU

157/223: 2022-01-26: Added=CEG, Removed=nan
  Holding Period End Date: 2022-02-18
    Warning: No data found for CEG
  ✗ S1: Insufficient data for CEG

158/223: 2022-01-26: Added=nan, Removed=GPS
  Holding Period End Date: 2022-02-18

159/223: 2022-02-10: Added=NDSN, Removed=XLNX
  Holding Period End Date: 2022-03-08
    YFinance output for NDSN: 1 Failed download:
['DTV']: YFTzMissingError('possibly delisted; no timezone found')

1 Failed download:
['DTV']: YFTzMissingError('possibly delisted; no timezone found')
    Warning: No data found for NDSN
  ✗ S1: Insufficient data for NDSN
    Error fetching NDSN: can't start new thread
    Error fetching XLNX: can't start new thread
  ✗ S2: Insufficient data for NDSN/XLNX

160/223: 2022-02-25: Added=MOH, Removed=INFO
  Holding Period End Date: 2022-03-22
    Warning: No data found for MOH
  ✗ S1: Insufficient data for MOH
    Error fetching MOH: can't start new thread
    Error fetching INFO: can't start new thread
  ✗ S2: Insufficient data for MOH/INFO

161/223: 2022-03-29: Added=CPT, Removed=PBCT
  Holding Period End Date: 2022-04-22
  ✗ S1: Error processing CPT: cannot convert the series to <class 'float'>
    Error fetching PBCT: can't start new thread
  ✗ S2: Insufficient data for CPT/PBCT

162/223: 2022-04-07: Added=WBD, Removed=DISCA
  Holding Period End Date: 2022-05-03
    Error fetching WBD: can't start new thread
  ✗ S1: Insufficient data for WBD
    Error fetching WBD: can't start new thread
    Error fetching DISCA: can't start new thread
  ✗ S2: Insufficient data for WBD/DISCA

163/223: 2022-04-07: Added=nan, Removed=DISCK
  Holding Period End Date: 2022-05-03

164/223: 2022-06-03: Added=VICI, Removed=CERN
  Holding Period End Date: 2022-06-29
    Error fetching VICI: can't start new thread
  ✗ S1: Insufficient data for VICI
    Error fetching VICI: can't start new thread
    Error fetching CERN: can't start new thread
  ✗ S2: Insufficient data for VICI/CERN

165/223: 2022-06-03: Added=ON, Removed=IPGP
  Holding Period End Date: 2022-06-29
    Error fetching ON: can't start new thread
  ✗ S1: Insufficient data for ON
    Error fetching ON: can't start new thread
    Error fetching IPGP: can't start new thread
  ✗ S2: Insufficient data for ON/IPGP

166/223: 2022-06-03: Added=KDP, Removed=UAA
  Holding Period End Date: 2022-06-29
    YFinance output for KDP: 2 Failed downloads:
['TTD', 'JOY']: DNSError('Failed to perform, curl: (6) getaddrinfo() thread failed to start. See https://curl.se/libcurl/c/libcurl-errors.html first for more details.')
    Warning: No data found for KDP
  ✗ S1: Insufficient data for KDP
    Error fetching KDP: can't start new thread
    Error fetching UAA: can't start new thread
  ✗ S2: Insufficient data for KDP/UAA

167/223: 2022-06-03: Added=nan, Removed=UA
  Holding Period End Date: 2022-06-29

168/223: 2022-09-02: Added=CSGP, Removed=PVH
  Holding Period End Date: 2022-09-28
    YFinance output for CSGP: 1 Failed download:
['DASH']: DNSError('Failed to perform, curl: (6) getaddrinfo() thread failed to start. See https://curl.se/libcurl/c/libcurl-errors.html first for more details.')

1 Failed download:
['DASH']: DNSError('Failed to perform, curl: (6) getaddrinfo() thread failed to start. See https://curl.se/libcurl/c/libcurl-errors.html first for more details.')
    Warning: No data found for CSGP
  ✗ S1: Insufficient data for CSGP
    Error fetching CSGP: can't start new thread
    Error fetching PVH: can't start new thread
  ✗ S2: Insufficient data for CSGP/PVH

169/223: 2022-09-02: Added=INVH, Removed=PENN
  Holding Period End Date: 2022-09-28
  ✓ S1: INVH -0.69%, Portfolio: $3,993,654
    Error fetching INVH: can't start new thread
    Error fetching PENN: can't start new thread
  ✗ S2: Insufficient data for INVH/PENN

170/223: 2022-09-23: Added=PCG, Removed=CTXS
  Holding Period End Date: 2022-10-18
    Error fetching PCG: can't start new thread
  ✗ S1: Insufficient data for PCG
    Error fetching PCG: can't start new thread
    Error fetching CTXS: can't start new thread
  ✗ S2: Insufficient data for PCG/CTXS

171/223: 2022-09-23: Added=EQT, Removed=DRE
  Holding Period End Date: 2022-10-18
    YFinance output for EQT: 1 Failed download:
['ATVI']: YFTzMissingError('possibly delisted; no timezone found')

1 Failed download:
['ATVI']: YFTzMissingError('possibly delisted; no timezone found')
    Warning: No data found for EQT
  ✗ S1: Insufficient data for EQT
    Error fetching EQT: can't start new thread
    Error fetching DRE: can't start new thread
  ✗ S2: Insufficient data for EQT/DRE

172/223: 2022-10-06: Added=TRGP, Removed=NLSN
  Holding Period End Date: 2022-10-31
    Error fetching TRGP: can't start new thread
  ✗ S1: Insufficient data for TRGP
    Error fetching TRGP: can't start new thread
    Error fetching NLSN: can't start new thread
  ✗ S2: Insufficient data for TRGP/NLSN

173/223: 2022-10-27: Added=ACGL, Removed=TWTR
  Holding Period End Date: 2022-11-21
    Error fetching ACGL: can't start new thread
  ✗ S1: Insufficient data for ACGL
    Warning: No data found for TWTR
  ✗ S2: Insufficient data for ACGL/TWTR

174/223: 2022-12-12: Added=FSLR, Removed=FBHS
  Holding Period End Date: 2023-01-06
    YFinance output for FSLR: 1 Failed download:
['SBNY']: YFPricesMissingError('possibly delisted; no price data found  (1d 2021-12-03 00:00:00 -> 2021-12-31) (Yahoo error = "Data doesn\'t exist for startDate = 1638507600, endDate = 1640926800")')

1 Failed download:
['SBNY']: YFPricesMissingError('possibly delisted; no price data found  (1d 2021-12-03 00:00:00 -> 2021-12-31) (Yahoo error = "Data doesn\'t exist for startDate = 1638507600, endDate = 1640926800")')

1 Failed download:
['SBNY']: YFPricesMissingError('possibly delisted; no price data found  (1d 2021-12-03 00:00:00 -> 2021-12-31) (Yahoo error = "Data doesn\'t exist for startDate = 1638507600, endDate = 1640926800")')

1 Failed download:
['SBNY']: YFPricesMissingError('possibly delisted; no price data found  (1d 2021-12-03 00:00:00 -> 2021-12-31) (Yahoo error = "Data doesn\'t exist for startDate = 1638507600, endDate = 1640926800")')

1 Failed download:
['SBNY']: YFPricesMissingError('possibly delisted; no price data found  (1d 2021-12-03 00:00:00 -> 2021-12-31) (Yahoo error = "Data doesn\'t exist for startDate = 1638507600, endDate = 1640926800")')

1 Failed download:
['SBNY']: YFPricesMissingError('possibly delisted; no price data found  (1d 2021-12-03 00:00:00 -> 2021-12-31) (Yahoo error = "Data doesn\'t exist for startDate = 1638507600, endDate = 1640926800")')
    Warning: No data found for FSLR
  ✗ S1: Insufficient data for FSLR
    Error fetching FSLR: can't start new thread
    Error fetching FBHS: can't start new thread
  ✗ S2: Insufficient data for FSLR/FBHS

175/223: 2022-12-12: Added=nan, Removed=MBC
  Holding Period End Date: 2023-01-06

176/223: 2022-12-12: Added=MBC, Removed=nan
  Holding Period End Date: 2023-01-06
    Error fetching MBC: can't start new thread
  ✗ S1: Insufficient data for MBC

177/223: 2022-12-19: Added=STLD, Removed=ABMD
  Holding Period End Date: 2023-01-13
    Warning: No data found for STLD
  ✗ S1: Insufficient data for STLD
    Error fetching STLD: can't start new thread
    Error fetching ABMD: can't start new thread
  ✗ S2: Insufficient data for STLD/ABMD

178/223: 2022-12-28: Added=GEHC, Removed=nan
  Holding Period End Date: 2023-01-24
    Warning: No data found for GEHC
  ✗ S1: Insufficient data for GEHC

179/223: 2022-12-28: Added=nan, Removed=VNO
  Holding Period End Date: 2023-01-24

180/223: 2023-03-03: Added=FICO, Removed=LUMN
  Holding Period End Date: 2023-03-28
    Error fetching FICO: can't start new thread
  ✗ S1: Insufficient data for FICO
    Error fetching FICO: can't start new thread
    Error fetching LUMN: can't start new thread
  ✗ S2: Insufficient data for FICO/LUMN

181/223: 2023-03-10: Added=PODD, Removed=SIVB
  Holding Period End Date: 2023-04-04
    Error fetching PODD: can't start new thread
  ✗ S1: Insufficient data for PODD
    Error fetching PODD: can't start new thread
    Error fetching SIVB: can't start new thread
  ✗ S2: Insufficient data for PODD/SIVB

182/223: 2023-03-13: Added=BG, Removed=SBNY
  Holding Period End Date: 2023-04-05
  ✓ S1: BG 2.99%, Portfolio: $4,113,155
    Error fetching BG: can't start new thread
    Error fetching SBNY: can't start new thread
  ✗ S2: Insufficient data for BG/SBNY

183/223: 2023-05-01: Added=AXON, Removed=FRC
  Holding Period End Date: 2023-05-24
    Error fetching AXON: can't start new thread
  ✗ S1: Insufficient data for AXON
    Error fetching AXON: can't start new thread
    YFinance output for FRC: 1 Failed download:
['PYPL']: DNSError('Failed to perform, curl: (6) getaddrinfo() thread failed to start. See https://curl.se/libcurl/c/libcurl-errors.html first for more details.')
    Warning: No data found for FRC
  ✗ S2: Insufficient data for AXON/FRC

184/223: 2023-06-02: Added=PANW, Removed=DISH
  Holding Period End Date: 2023-06-28
    Error fetching PANW: can't start new thread
  ✗ S1: Insufficient data for PANW
    Error fetching PANW: can't start new thread
    Error fetching DISH: can't start new thread
  ✗ S2: Insufficient data for PANW/DISH

185/223: 2023-08-21: Added=nan, Removed=TEL
  Holding Period End Date: 2023-09-14

186/223: 2023-08-21: Added=KVUE, Removed=AAP
  Holding Period End Date: 2023-09-14
    Error fetching KVUE: can't start new thread
  ✗ S1: Insufficient data for KVUE
    Error fetching KVUE: can't start new thread
    Error fetching AAP: can't start new thread
  ✗ S2: Insufficient data for KVUE/AAP

187/223: 2023-08-21: Added=PCS, Removed=nan
  Holding Period End Date: 2023-09-14
    Error fetching PCS: can't start new thread
  ✗ S1: Insufficient data for PCS

188/223: 2023-09-14: Added=BX, Removed=LNC
  Holding Period End Date: 2023-10-09
    YFinance output for BX: 1 Failed download:
['HPE']: DNSError('Failed to perform, curl: (6) getaddrinfo() thread failed to start. See https://curl.se/libcurl/c/libcurl-errors.html first for more details.')

1 Failed download:
['HPE']: DNSError('Failed to perform, curl: (6) getaddrinfo() thread failed to start. See https://curl.se/libcurl/c/libcurl-errors.html first for more details.')
    Warning: No data found for BX
  ✗ S1: Insufficient data for BX
    Error fetching BX: can't start new thread
  ✗ S2: Insufficient data for BX/LNC

189/223: 2023-09-14: Added=ABNB, Removed=NWL
  Holding Period End Date: 2023-10-09
  ✗ S1: Error processing ABNB: cannot convert the series to <class 'float'>
    Warning: No data found for ABNB
    YFinance output for NWL: 1 Failed download:
['FRT']: DNSError('Failed to perform, curl: (6) getaddrinfo() thread failed to start. See https://curl.se/libcurl/c/libcurl-errors.html first for more details.')
    Warning: No data found for NWL
  ✗ S2: Insufficient data for ABNB/NWL

190/223: 2023-09-28: Added=VLTO, Removed=nan
  Holding Period End Date: 2023-10-23
    Error fetching VLTO: can't start new thread
  ✗ S1: Insufficient data for VLTO

191/223: 2023-09-28: Added=nan, Removed=DXC
  Holding Period End Date: 2023-10-23

192/223: 2023-10-13: Added=LULU, Removed=ATVI
  Holding Period End Date: 2023-11-07
  ✓ S1: LULU -3.04%, Portfolio: $3,987,940
    Warning: No data found for LULU
    YFinance output for ATVI: 1 Failed download:
['BRCM']: possibly delisted; no price data found  (1d 2016-01-22 00:00:00 -> 2016-02-05)
    Warning: No data found for ATVI
  ✗ S2: Insufficient data for LULU/ATVI

193/223: 2023-10-13: Added=HUBB, Removed=OGN
  Holding Period End Date: 2023-11-07
    Warning: No data found for HUBB
  ✗ S1: Insufficient data for HUBB
  ✓ S2: Long HUBB (-4.91%), Short OGN (-6.86%)
      Combined: -5.89%, Portfolio: $898,389

194/223: 2023-12-01: Added=UBER, Removed=SEE
  Holding Period End Date: 2023-12-27
    Error fetching UBER: can't start new thread
  ✗ S1: Insufficient data for UBER
    Error fetching UBER: can't start new thread
    Warning: No data found for SEE
  ✗ S2: Insufficient data for UBER/SEE

195/223: 2023-12-01: Added=BLDR, Removed=SEDG
  Holding Period End Date: 2023-12-27
    Warning: No data found for BLDR
  ✗ S1: Insufficient data for BLDR
    Warning: No data found for BLDR
    Warning: No data found for SEDG
  ✗ S2: Insufficient data for BLDR/SEDG

196/223: 2023-12-01: Added=JBL, Removed=ALK
  Holding Period End Date: 2023-12-27
    Error fetching JBL: can't start new thread
  ✗ S1: Insufficient data for JBL
    Error fetching JBL: can't start new thread
    Error fetching ALK: can't start new thread
  ✗ S2: Insufficient data for JBL/ALK

197/223: 2024-03-01: Added=SMCI, Removed=WHR
  Holding Period End Date: 2024-03-26
    YFinance output for SMCI: 1 Failed download:
['FDO']: DNSError('Failed to perform, curl: (6) getaddrinfo() thread failed to start. See https://curl.se/libcurl/c/libcurl-errors.html first for more details.')

1 Failed download:
['FDO']: DNSError('Failed to perform, curl: (6) getaddrinfo() thread failed to start. See https://curl.se/libcurl/c/libcurl-errors.html first for more details.')
    Warning: No data found for SMCI
  ✗ S1: Insufficient data for SMCI
    Error fetching SMCI: can't start new thread
    Error fetching WHR: can't start new thread
  ✗ S2: Insufficient data for SMCI/WHR

198/223: 2024-03-01: Added=DECK, Removed=ZION
  Holding Period End Date: 2024-03-26
    Error fetching DECK: can't start new thread
  ✗ S1: Insufficient data for DECK
    Error fetching DECK: can't start new thread
    Warning: No data found for ZION
  ✗ S2: Insufficient data for DECK/ZION

199/223: 2024-03-27: Added=SOLV, Removed=nan
  Holding Period End Date: 2024-04-22
    Error fetching SOLV: can't start new thread
  ✗ S1: Insufficient data for SOLV

200/223: 2024-03-27: Added=GEV, Removed=nan
  Holding Period End Date: 2024-04-22
  ✓ S1: GEV 1.27%, Portfolio: $4,038,708

201/223: 2024-03-27: Added=nan, Removed=XRAY
  Holding Period End Date: 2024-04-22

202/223: 2024-03-27: Added=nan, Removed=VFC
  Holding Period End Date: 2024-04-22

203/223: 2024-05-03: Added=VST, Removed=PXD
  Holding Period End Date: 2024-05-29
    Error fetching VST: can't start new thread
  ✗ S1: Insufficient data for VST
    Error fetching VST: can't start new thread
    Error fetching PXD: can't start new thread
  ✗ S2: Insufficient data for VST/PXD

204/223: 2024-06-07: Added=KKR, Removed=RHI
  Holding Period End Date: 2024-07-03
  ✓ S1: KKR 0.28%, Portfolio: $4,049,994
    Warning: No data found for KKR
  ✗ S2: Insufficient data for KKR/RHI

205/223: 2024-06-07: Added=CRWD, Removed=CMA
  Holding Period End Date: 2024-07-03
    YFinance output for CRWD: 3 Failed downloads:
['CFG', 'SIG']: DNSError('Failed to perform, curl: (6) getaddrinfo() thread failed to start. See https://curl.se/libcurl/c/libcurl-errors.html first for more details.')
['WLTW']: YFTzMissingError('possibly delisted; no timezone found')

3 Failed downloads:
['CFG', 'SIG']: DNSError('Failed to perform, curl: (6) getaddrinfo() thread failed to start. See https://curl.se/libcurl/c/libcurl-errors.html first for more details.')
['WLTW']: YFTzMissingError('possibly delisted; no timezone found')

3 Failed downloads:
['CFG', 'SIG']: DNSError('Failed to perform, curl: (6) getaddrinfo() thread failed to start. See https://curl.se/libcurl/c/libcurl-errors.html first for more details.')
['WLTW']: YFTzMissingError('possibly delisted; no timezone found')
    Warning: No data found for CRWD
  ✗ S1: Insufficient data for CRWD
    Warning: No data found for CRWD
    Error fetching CMA: can't start new thread
  ✗ S2: Insufficient data for CRWD/CMA

206/223: 2024-06-07: Added=GDDY, Removed=ILMN
  Holding Period End Date: 2024-07-03
    Error fetching GDDY: can't start new thread
  ✗ S1: Insufficient data for GDDY
    Error fetching GDDY: can't start new thread
    Warning: No data found for ILMN
  ✗ S2: Insufficient data for GDDY/ILMN

207/223: 2024-09-06: Added=ERIE, Removed=BIO
  Holding Period End Date: 2024-10-01
    YFinance output for ERIE: 1 Failed download:
['CXO']: YFTzMissingError('possibly delisted; no timezone found')

1 Failed download:
['CXO']: YFTzMissingError('possibly delisted; no timezone found')

1 Failed download:
['CXO']: YFTzMissingError('possibly delisted; no timezone found')
    Warning: No data found for ERIE
  ✗ S1: Insufficient data for ERIE
    Error fetching ERIE: can't start new thread
    Error fetching BIO: can't start new thread
  ✗ S2: Insufficient data for ERIE/BIO

208/223: 2024-09-06: Added=DELL, Removed=ETSY
  Holding Period End Date: 2024-10-01
    Warning: No data found for DELL
  ✗ S1: Insufficient data for DELL
    Error fetching DELL: can't start new thread
    Error fetching ETSY: can't start new thread
  ✗ S2: Insufficient data for DELL/ETSY

209/223: 2024-09-06: Added=PLTR, Removed=AAL
  Holding Period End Date: 2024-10-01
    Warning: No data found for PLTR
  ✗ S1: Insufficient data for PLTR
    Warning: No data found for PLTR
    Error fetching AAL: can't start new thread
  ✗ S2: Insufficient data for PLTR/AAL

210/223: 2024-09-24: Added=AMTM, Removed=nan
  Holding Period End Date: 2024-10-17
    Error fetching AMTM: can't start new thread
  ✗ S1: Insufficient data for AMTM

211/223: 2024-09-24: Added=nan, Removed=BBWI
  Holding Period End Date: 2024-10-17

212/223: 2024-11-21: Added=TPL, Removed=MRO
  Holding Period End Date: 2024-12-17
    YFinance output for TPL: 1 Failed download:
['ZION']: DNSError('Failed to perform, curl: (6) getaddrinfo() thread failed to start. See https://curl.se/libcurl/c/libcurl-errors.html first for more details.')
  ✓ S1: TPL -2.34%, Portfolio: $3,955,139
    Error fetching TPL: can't start new thread
    Error fetching MRO: can't start new thread
  ✗ S2: Insufficient data for TPL/MRO

213/223: 2024-12-06: Added=WDAY, Removed=AMTM
  Holding Period End Date: 2025-01-02
    Error fetching WDAY: can't start new thread
  ✗ S1: Insufficient data for WDAY
    Error fetching WDAY: can't start new thread
    Error fetching AMTM: can't start new thread
  ✗ S2: Insufficient data for WDAY/AMTM

214/223: 2024-12-06: Added=APO, Removed=QRVO
  Holding Period End Date: 2025-01-02
    Error fetching APO: can't start new thread
  ✗ S1: Insufficient data for APO
    Error fetching APO: can't start new thread
    Error fetching QRVO: can't start new thread
  ✗ S2: Insufficient data for APO/QRVO

215/223: 2024-12-18: Added=LII, Removed=CTLT
  Holding Period End Date: 2025-01-15
    Error fetching LII: can't start new thread
  ✗ S1: Insufficient data for LII
    Error fetching LII: can't start new thread
    Error fetching CTLT: can't start new thread
  ✗ S2: Insufficient data for LII/CTLT

216/223: 2025-03-07: Added=EXE, Removed=FMC
  Holding Period End Date: 2025-04-01
    YFinance output for EXE: 1 Failed download:
['CXO']: YFTzMissingError('possibly delisted; no timezone found')
    Warning: No data found for EXE
  ✗ S1: Insufficient data for EXE
  ✓ S2: Long EXE (-6.45%), Short FMC (0.95%)
      Combined: -2.75%, Portfolio: $873,675

217/223: 2025-03-07: Added=WSM, Removed=CE
  Holding Period End Date: 2025-04-01
    Error fetching WSM: can't start new thread
  ✗ S1: Insufficient data for WSM
    Error fetching WSM: can't start new thread
    Error fetching CE: can't start new thread
  ✗ S2: Insufficient data for WSM/CE

218/223: 2025-03-07: Added=TKO, Removed=TFX
  Holding Period End Date: 2025-04-01
    Error fetching TKO: can't start new thread
  ✗ S1: Insufficient data for TKO
    Error fetching TKO: can't start new thread
    Warning: No data found for TFX
  ✗ S2: Insufficient data for TKO/TFX

219/223: 2025-03-07: Added=DASH, Removed=BWA
  Holding Period End Date: 2025-04-01
    Error fetching DASH: can't start new thread
  ✗ S1: Insufficient data for DASH
    Error fetching DASH: can't start new thread
    Error fetching BWA: can't start new thread
  ✗ S2: Insufficient data for DASH/BWA

220/223: 2025-05-12: Added=COIN, Removed=DFS
  Holding Period End Date: 2025-06-05
    YFinance output for COIN: 1 Failed download:
['CSC']: DNSError('Failed to perform, curl: (6) getaddrinfo() thread failed to start. See https://curl.se/libcurl/c/libcurl-errors.html first for more details.')
    Warning: No data found for COIN
  ✗ S1: Insufficient data for COIN
    Warning: No data found for DFS
  ✗ S2: Insufficient data for COIN/DFS

221/223: 2025-07-02: Added=DDOG, Removed=JNPR
  Holding Period End Date: 2025-07-28
    Error fetching DDOG: can't start new thread
  ✗ S1: Insufficient data for DDOG
    Error fetching DDOG: can't start new thread
    Error fetching JNPR: can't start new thread
  ✗ S2: Insufficient data for DDOG/JNPR

222/223: 2025-07-14: Added=TTD, Removed=ANSS
  Holding Period End Date: 2025-08-06
    Error fetching TTD: can't start new thread
  ✗ S1: Insufficient data for TTD
    Error fetching TTD: can't start new thread
    Error fetching ANSS: can't start new thread
  ✗ S2: Insufficient data for TTD/ANSS

223/223: 2025-07-18: Added=XYZ, Removed=HES
  Holding Period End Date: 2025-08-12
    Error fetching XYZ: can't start new thread
  ✗ S1: Insufficient data for XYZ
    Error fetching XYZ: can't start new thread
    Error fetching HES: can't start new thread
  ✗ S2: Insufficient data for XYZ/HES

============================================================
FINAL RESULTS
Strategy 1: 26 successful trades, Final: $3,955,139 (295.51%)
Strategy 2: 4 successful trades, Final: $873,675 (-12.63%)
Completed: 2025-08-31 17:24:27
