S&P 500 Index Update Trading Strategy Analysis
Holding Period: 15 trading days
Date Range: 2015-07-02 to 2025-07-18
Timestamp: 2025-08-31 17:19:33
============================================================

1/223: 2015-07-02: Added=KHC, Removed=KRFT
  Holding Period End Date: 2015-07-24
  ✗ S1: Error processing KHC: cannot convert the series to <class 'float'>
  ✓ S2: Long KHC (4.97%), Short KRFT (-4.73%)
      Combined: 0.12%, Portfolio: $1,001,175

2/223: 2015-07-06: Added=AAP, Removed=FDO
  Holding Period End Date: 2015-07-27
  ✓ S1: AAP -11.11%, Portfolio: $888,889
    Warning: No data found for FDO
  ✗ S2: Insufficient data for AAP/FDO

3/223: 2015-07-14: Added=PYPL, Removed=NE
  Holding Period End Date: 2015-08-04
    YFinance output for PYPL: 1 Failed download:
['FRC']: YFTzMissingError('possibly delisted; no timezone found')
  ✓ S1: PYPL 2.05%, Portfolio: $907,139
  ✗ S2: Error processing PYPL/NE: cannot convert the series to <class 'float'>

4/223: 2015-07-24: Added=SIG, Removed=DTV
  Holding Period End Date: 2015-08-14
  ✓ S1: SIG 3.01%, Portfolio: $934,468
    YFinance output for SIG: 1 Failed download:
['ESRX']: YFPricesMissingError('possibly delisted; no price data found  (1d 2018-12-27 00:00:00 -> 2019-01-07)')
  ✗ S2: Error processing SIG/DTV: cannot convert the series to <class 'float'>

5/223: 2015-08-27: Added=ATVI, Removed=PLL
  Holding Period End Date: 2015-09-18
    YFinance output for ATVI: 1 Failed download:
['ESRX']: YFPricesMissingError('possibly delisted; no price data found  (1d 2018-12-27 00:00:00 -> 2019-01-08)')

1 Failed download:
['ESRX']: YFPricesMissingError('possibly delisted; no price data found  (1d 2018-12-27 00:00:00 -> 2019-01-08)')

1 Failed download:
['ESRX']: YFPricesMissingError('possibly delisted; no price data found  (1d 2018-12-27 00:00:00 -> 2019-01-08)')

1 Failed download:
['ESRX']: YFPricesMissingError('possibly delisted; no price data found  (1d 2018-12-27 00:00:00 -> 2019-01-08)')
    Warning: No data found for ATVI
  ✗ S1: Insufficient data for ATVI
    Warning: No data found for PLL
  ✗ S2: Insufficient data for ATVI/PLL

6/223: 2015-08-27: Added=UAL, Removed=HSP
  Holding Period End Date: 2015-09-18
    Warning: No data found for UAL
  ✗ S1: Insufficient data for UAL
    Warning: No data found for UAL
  ✗ S2: Insufficient data for UAL/HSP

7/223: 2015-09-30: Added=VRSK, Removed=JOY
  Holding Period End Date: 2015-10-21
  ✗ S1: Error processing VRSK: cannot convert the series to <class 'float'>
  ✓ S2: Long VRSK (73.81%), Short JOY (-10.26%)
      Combined: 31.77%, Portfolio: $1,319,280

8/223: 2015-10-27: Added=HPE, Removed=HCBK
  Holding Period End Date: 2015-11-17
    YFinance output for HPE: 1 Failed download:
['ESRX']: YFPricesMissingError('possibly delisted; no price data found  (1d 2018-12-27 00:00:00 -> 2019-01-02)')
  ✓ S1: HPE -0.30%, Portfolio: $931,674
  ✓ S2: Long HPE (4.13%), Short HCBK (17.56%)
      Combined: 10.85%, Portfolio: $1,462,411

9/223: 2015-11-09: Added=SYF, Removed=GNW
  Holding Period End Date: 2015-12-01
  ✓ S1: SYF 1.18%, Portfolio: $942,705
  ✓ S2: Long SYF (-2.05%), Short GNW (-1.72%)
      Combined: -1.88%, Portfolio: $1,434,866

10/223: 2015-11-12: Added=ILMN, Removed=SIAL
  Holding Period End Date: 2015-12-04
    Error fetching ILMN: dictionary changed size during iteration
  ✗ S1: Insufficient data for ILMN
  ✓ S2: Long ILMN (-0.76%), Short SIAL (-2.52%)
      Combined: -1.64%, Portfolio: $1,411,330

11/223: 2015-11-23: Added=CSRA, Removed=CSC
  Holding Period End Date: 2015-12-15
  ✓ S1: CSRA -4.99%, Portfolio: $895,628
  ✓ S2: Long CSRA (-2.39%), Short CSC (-2.55%)
      Combined: -2.47%, Portfolio: $1,376,457

12/223: 2015-12-15: Added=nan, Removed=CMCSK
  Holding Period End Date: 2016-01-07

13/223: 2015-12-22: Added=CHD, Removed=ALTR
  Holding Period End Date: 2016-01-14
  ✗ S1: Error processing CHD: cannot convert the series to <class 'float'>
    Warning: No data found for ALTR
  ✗ S2: Insufficient data for CHD/ALTR

14/223: 2015-12-28: Added=WLTW, Removed=FOSL
  Holding Period End Date: 2016-01-20
  ✓ S1: WLTW -0.94%, Portfolio: $887,218
  ✓ S2: Long WLTW (4.72%), Short FOSL (1.60%)
      Combined: 3.16%, Portfolio: $1,419,992

15/223: 2016-01-13: Added=EXR, Removed=ACE
  Holding Period End Date: 2016-02-04
  ✗ S1: Error processing EXR: cannot convert the series to <class 'float'>
  ✓ S2: Long EXR (-0.43%), Short ACE (0.44%)
      Combined: 0.00%, Portfolio: $1,420,005

16/223: 2016-01-22: Added=FRT, Removed=BRCM
  Holding Period End Date: 2016-02-12
  ✓ S1: FRT -5.91%, Portfolio: $834,820
  ✓ S2: Long FRT (22.23%), Short BRCM (4.98%)
      Combined: 13.61%, Portfolio: $1,613,239

17/223: 2016-01-26: Added=CFG, Removed=PCP
  Holding Period End Date: 2016-02-17
  ✓ S1: CFG -5.91%, Portfolio: $785,516
  ✗ S2: Error processing CFG/PCP: cannot convert the series to <class 'float'>

18/223: 2016-02-16: Added=CXO, Removed=PCL
  Holding Period End Date: 2016-03-08
    YFinance output for CXO: 1 Failed download:
['PCP']: YFPricesMissingError('possibly delisted; no price data found  (1d 2016-01-26 00:00:00 -> 2016-02-17) (Yahoo error = "Data doesn\'t exist for startDate = 1453784400, endDate = 1455685200")')

1 Failed download:
['PCP']: YFPricesMissingError('possibly delisted; no price data found  (1d 2016-01-26 00:00:00 -> 2016-02-17) (Yahoo error = "Data doesn\'t exist for startDate = 1453784400, endDate = 1455685200")')

1 Failed download:
['PCP']: YFPricesMissingError('possibly delisted; no price data found  (1d 2016-01-26 00:00:00 -> 2016-02-17) (Yahoo error = "Data doesn\'t exist for startDate = 1453784400, endDate = 1455685200")')
  ✓ S1: CXO -1.55%, Portfolio: $773,342
  ✓ S2: Long CXO (-0.81%), Short PCL (-8.69%)
      Combined: -4.75%, Portfolio: $1,536,577

19/223: 2016-03-01: Added=AWK, Removed=CNX
  Holding Period End Date: 2016-03-22
  ✓ S1: AWK -6.26%, Portfolio: $724,960
  ✓ S2: Long AWK (6.25%), Short CNX (2.76%)
      Combined: 4.51%, Portfolio: $1,605,835

20/223: 2016-03-04: Added=UDR, Removed=GMCR
  Holding Period End Date: 2016-03-28
  ✓ S1: UDR -3.85%, Portfolio: $697,030
  ✗ S2: Error processing UDR/GMCR: cannot convert the series to <class 'float'>

21/223: 2016-03-24: Added=CNC, Removed=ESV
  Holding Period End Date: 2016-04-15
    Warning: No data found for CNC
  ✗ S1: Insufficient data for CNC
    Warning: No data found for CNC
  ✗ S2: Insufficient data for CNC/ESV

22/223: 2016-03-24: Added=HOLX, Removed=POM
  Holding Period End Date: 2016-04-15
  ✓ S1: HOLX 2.25%, Portfolio: $712,729
  ✗ S2: Error processing HOLX/POM: cannot convert the series to <class 'float'>

23/223: 2016-03-28: Added=FL, Removed=CAM
  Holding Period End Date: 2016-04-18
  ✓ S1: FL 17.93%, Portfolio: $840,504
    Error fetching FL: 'DD'
  ✗ S2: Insufficient data for FL/CAM

24/223: 2016-04-07: Added=ULTA, Removed=THC
  Holding Period End Date: 2016-04-28
  ✓ S1: ULTA 0.00%, Portfolio: $840,504
    Warning: No data found for THC
  ✗ S2: Insufficient data for ULTA/THC

25/223: 2016-04-19: Added=GPN, Removed=GME
  Holding Period End Date: 2016-05-10
  ✓ S1: GPN -0.69%, Portfolio: $834,672
  ✓ S2: Long GPN (21.55%), Short GME (-3.55%)
      Combined: 9.00%, Portfolio: $1,750,358

26/223: 2016-04-26: Added=AYI, Removed=ADT
  Holding Period End Date: 2016-05-17
  ✓ S1: AYI -5.01%, Portfolio: $792,865
  ✓ S2: Long AYI (0.75%), Short ADT (-10.73%)
      Combined: -4.99%, Portfolio: $1,662,972

27/223: 2016-05-10: Added=ALK, Removed=SNDK
  Holding Period End Date: 2016-06-01
  ✓ S1: ALK 2.57%, Portfolio: $813,216
  ✓ S2: Long ALK (-1.52%), Short SNDK (-0.12%)
      Combined: -0.82%, Portfolio: $1,649,284

28/223: 2016-05-13: Added=DLR, Removed=TWC
  Holding Period End Date: 2016-06-06
  ✓ S1: DLR 0.27%, Portfolio: $815,403
  ✗ S2: Error processing DLR/TWC: cannot convert the series to <class 'float'>

29/223: 2016-05-18: Added=LKQ, Removed=ARG
  Holding Period End Date: 2016-06-09
  ✓ S1: LKQ -0.69%, Portfolio: $809,746
    Warning: No data found for ARG
  ✗ S2: Insufficient data for LKQ/ARG

30/223: 2016-05-24: Added=AJG, Removed=CCE
  Holding Period End Date: 2016-06-15
  ✓ S1: AJG 14.61%, Portfolio: $928,061
  ✓ S2: Long AJG (3.75%), Short CCE (-2.60%)
      Combined: 0.58%, Portfolio: $1,658,811

31/223: 2016-05-27: Added=TDG, Removed=BXLT
  Holding Period End Date: 2016-06-20
    YFinance output for TDG: 1 Failed download:
['LLL']: YFTzMissingError('possibly delisted; no timezone found')

1 Failed download:
['LLL']: YFTzMissingError('possibly delisted; no timezone found')

1 Failed download:
['LLL']: YFTzMissingError('possibly delisted; no timezone found')
    Warning: No data found for TDG
  ✗ S1: Insufficient data for TDG
  ✗ S2: Error processing TDG/BXLT: cannot convert the series to <class 'float'>

32/223: 2016-06-21: Added=FBHS, Removed=CVC
  Holding Period End Date: 2016-07-13
  ✓ S1: FBHS 3.39%, Portfolio: $959,561
  ✓ S2: Long FBHS (-5.07%), Short CVC (-1.28%)
      Combined: -3.18%, Portfolio: $1,606,083

33/223: 2016-06-23: Added=FTV, Removed=CPGX
  Holding Period End Date: 2016-07-15
  ✓ S1: FTV 1.74%, Portfolio: $976,228
  ✗ S2: Error processing FTV/CPGX: cannot convert the series to <class 'float'>

34/223: 2016-06-23: Added=ALB, Removed=TE
  Holding Period End Date: 2016-07-15
  ✗ S1: Error processing ALB: cannot convert the series to <class 'float'>
  ✓ S2: Long ALB (1.06%), Short TE (3.65%)
      Combined: 2.35%, Portfolio: $1,643,883

35/223: 2016-06-29: Added=LNT, Removed=GAS
  Holding Period End Date: 2016-07-21
  ✗ S1: Error processing LNT: cannot convert the series to <class 'float'>
  ✓ S2: Long LNT (5.03%), Short GAS (3.24%)
      Combined: 4.13%, Portfolio: $1,711,828

36/223: 2016-08-25: Added=MTD, Removed=TYC
  Holding Period End Date: 2016-09-16
    YFinance output for MTD: 1 Failed download:
['DISH']: YFTzMissingError('possibly delisted; no timezone found')

1 Failed download:
['DISH']: YFTzMissingError('possibly delisted; no timezone found')

1 Failed download:
['DISH']: YFTzMissingError('possibly delisted; no timezone found')

1 Failed download:
['DISH']: YFTzMissingError('possibly delisted; no timezone found')
    Warning: No data found for MTD
  ✗ S1: Insufficient data for MTD
  ✗ S2: Error processing MTD/TYC: cannot convert the series to <class 'float'>

37/223: 2016-08-31: Added=CHTR, Removed=EMC
  Holding Period End Date: 2016-09-22
    Warning: No data found for CHTR
  ✗ S1: Insufficient data for CHTR
  ✗ S2: Error processing CHTR/EMC: cannot convert the series to <class 'float'>

38/223: 2016-09-10: Added=COO, Removed=HOT
  Holding Period End Date: 2016-10-03
    YFinance output for COO: 1 Failed download:
['APC']: YFTzMissingError('possibly delisted; no timezone found')
    Warning: No data found for COO
  ✗ S1: Insufficient data for COO
  ✗ S2: Error processing COO/HOT: cannot convert the series to <class 'float'>

39/223: 2016-09-27: Added=COTY, Removed=DO
  Holding Period End Date: 2016-10-18
    YFinance output for COTY: 1 Failed download:
['APC']: YFTzMissingError('possibly delisted; no timezone found')
    Warning: No data found for COTY
  ✗ S1: Insufficient data for COTY
  ✓ S2: Long COTY (-3.56%), Short DO (-2.16%)
      Combined: -2.86%, Portfolio: $1,662,827

40/223: 2016-11-29: Added=MAA, Removed=OI
  Holding Period End Date: 2016-12-20
  ✓ S1: MAA -6.11%, Portfolio: $916,574
  ✗ S2: Error processing MAA/OI: cannot convert the series to <class 'float'>

41/223: 2016-11-29: Added=EVHC, Removed=LM
  Holding Period End Date: 2016-12-20
  ✓ S1: EVHC 2.30%, Portfolio: $937,617
  ✓ S2: Long EVHC (2.30%), Short LM (-0.58%)
      Combined: 0.86%, Portfolio: $1,677,059

42/223: 2017-01-03: Added=IDXX, Removed=STJ
  Holding Period End Date: 2017-01-25
  ✓ S1: IDXX -0.33%, Portfolio: $934,479
    Warning: No data found for STJ
  ✗ S2: Insufficient data for IDXX/STJ

43/223: 2017-02-23: Added=INCY, Removed=SE
  Holding Period End Date: 2017-03-16
  ✓ S1: INCY -6.70%, Portfolio: $871,872
    Warning: No data found for INCY
  ✗ S2: Insufficient data for INCY/SE

44/223: 2017-02-23: Added=CBOE, Removed=PBI
  Holding Period End Date: 2017-03-16
  ✗ S1: Error processing CBOE: cannot convert the series to <class 'float'>
  ✓ S2: Long CBOE (4.14%), Short PBI (-6.35%)
      Combined: -1.11%, Portfolio: $1,658,490

45/223: 2017-02-23: Added=REG, Removed=ENDP
  Holding Period End Date: 2017-03-16
  ✓ S1: REG 1.56%, Portfolio: $885,492
  ✓ S2: Long REG (-0.01%), Short ENDP (2.75%)
      Combined: 1.37%, Portfolio: $1,681,246

46/223: 2017-03-06: Added=DISH, Removed=LLTC
  Holding Period End Date: 2017-03-27
  ✓ S1: DISH 4.27%, Portfolio: $923,309
  ✗ S2: Error processing DISH/LLTC: cannot convert the series to <class 'float'>

47/223: 2017-03-10: Added=ARE, Removed=FSLR
  Holding Period End Date: 2017-03-31
  ✓ S1: ARE -7.25%, Portfolio: $856,412
  ✗ S2: Error processing ARE/FSLR: cannot convert the series to <class 'float'>

48/223: 2017-03-10: Added=RJF, Removed=FTR
  Holding Period End Date: 2017-03-31
  ✓ S1: RJF -0.80%, Portfolio: $849,571
  ✓ S2: Long RJF (-1.69%), Short FTR (-2.48%)
      Combined: -2.08%, Portfolio: $1,646,215

49/223: 2017-03-10: Added=AMD, Removed=URBN
  Holding Period End Date: 2017-03-31
  ✓ S1: AMD -5.31%, Portfolio: $804,449
    Warning: No data found for AMD
  ✗ S2: Insufficient data for AMD/URBN

50/223: 2017-03-13: Added=SNPS, Removed=HAR
  Holding Period End Date: 2017-04-03
    Warning: No data found for SNPS
  ✗ S1: Insufficient data for SNPS
  ✓ S2: Long SNPS (0.30%), Short HAR (-4.88%)
      Combined: -2.29%, Portfolio: $1,608,511

51/223: 2017-03-28: Added=DXC, Removed=SWN
  Holding Period End Date: 2017-04-19
  ✓ S1: DXC 5.98%, Portfolio: $852,549
  ✗ S2: Error processing DXC/SWN: cannot convert the series to <class 'float'>

52/223: 2017-03-29: Added=IT, Removed=DNB
  Holding Period End Date: 2017-04-20
    Warning: No data found for IT
  ✗ S1: Insufficient data for IT
    Warning: No data found for IT
  ✗ S2: Insufficient data for IT/DNB

53/223: 2017-05-24: Added=INFO, Removed=TGNA
  Holding Period End Date: 2017-06-15
  ✗ S1: Error processing INFO: cannot convert the series to <class 'float'>
  ✓ S2: Long INFO (5.05%), Short TGNA (-2.99%)
      Combined: 1.03%, Portfolio: $1,625,092

54/223: 2017-06-09: Added=ANSS, Removed=R
  Holding Period End Date: 2017-06-30
  ✓ S1: ANSS 9.75%, Portfolio: $935,631
  ✗ S2: Error processing ANSS/R: cannot convert the series to <class 'float'>

55/223: 2017-06-09: Added=ALGN, Removed=TDC
  Holding Period End Date: 2017-06-30
    YFinance output for ALGN: 1 Failed download:
['VIAB']: YFTzMissingError('possibly delisted; no timezone found')

1 Failed download:
['VIAB']: YFTzMissingError('possibly delisted; no timezone found')

1 Failed download:
['VIAB']: YFTzMissingError('possibly delisted; no timezone found')

1 Failed download:
['VIAB']: YFTzMissingError('possibly delisted; no timezone found')

1 Failed download:
['VIAB']: YFTzMissingError('possibly delisted; no timezone found')

1 Failed download:
['VIAB']: YFTzMissingError('possibly delisted; no timezone found')
    Warning: No data found for ALGN
  ✗ S1: Insufficient data for ALGN
    Warning: No data found for ALGN
  ✗ S2: Insufficient data for ALGN/TDC

56/223: 2017-06-09: Added=HLT, Removed=YHOO
  Holding Period End Date: 2017-06-30
  ✓ S1: HLT -3.08%, Portfolio: $906,838
    Warning: No data found for HLT
  ✗ S2: Insufficient data for HLT/YHOO

57/223: 2017-06-12: Added=RE, Removed=MJN
  Holding Period End Date: 2017-07-03
  ✓ S1: RE 0.74%, Portfolio: $913,514
  ✗ S2: Error processing RE/MJN: cannot convert the series to <class 'float'>

58/223: 2017-06-30: Added=BKR, Removed=BHI
  Holding Period End Date: 2017-07-24
    Warning: No data found for BKR
  ✗ S1: Insufficient data for BKR
  ✓ S2: Long BKR (-1.31%), Short BHI (1.33%)
      Combined: 0.01%, Portfolio: $1,625,234

59/223: 2017-07-19: Added=MGM, Removed=RAI
  Holding Period End Date: 2017-08-09
    Warning: No data found for MGM
  ✗ S1: Insufficient data for MGM
    YFinance output for MGM: 1 Failed download:
['CELG']: YFTzMissingError('possibly delisted; no timezone found')
    Warning: No data found for RAI
  ✗ S2: Insufficient data for MGM/RAI

60/223: 2017-07-19: Added=RMD, Removed=MNK
  Holding Period End Date: 2017-08-09
  ✓ S1: RMD 3.76%, Portfolio: $947,868
  ✓ S2: Long RMD (2.77%), Short MNK (0.42%)
      Combined: 1.59%, Portfolio: $1,651,124

61/223: 2017-07-19: Added=PKG, Removed=MUR
  Holding Period End Date: 2017-08-09
  ✗ S1: Error processing PKG: cannot convert the series to <class 'float'>
    Warning: No data found for MUR
  ✗ S2: Insufficient data for PKG/MUR

62/223: 2017-07-19: Added=AOS, Removed=BBBY
  Holding Period End Date: 2017-08-09
    Warning: No data found for AOS
  ✗ S1: Insufficient data for AOS
  ✓ S2: Long AOS (9.48%), Short BBBY (-8.66%)
      Combined: 0.41%, Portfolio: $1,657,902

63/223: 2017-07-19: Added=DRE, Removed=RIG
  Holding Period End Date: 2017-08-09
  ✓ S1: DRE 0.96%, Portfolio: $956,965
    Warning: No data found for DRE
  ✗ S2: Insufficient data for DRE/RIG

64/223: 2017-07-31: Added=BHF, Removed=AN
  Holding Period End Date: 2017-08-21
    YFinance output for BHF: 1 Failed download:
['STI']: YFPricesMissingError('possibly delisted; no price data found  (1d 2019-12-02 00:00:00 -> 2019-12-05) (Yahoo error = "Data doesn\'t exist for startDate = 1575262800, endDate = 1575522000")')

1 Failed download:
['STI']: YFPricesMissingError('possibly delisted; no price data found  (1d 2019-12-02 00:00:00 -> 2019-12-05) (Yahoo error = "Data doesn\'t exist for startDate = 1575262800, endDate = 1575522000")')

1 Failed download:
['STI']: YFPricesMissingError('possibly delisted; no price data found  (1d 2019-12-02 00:00:00 -> 2019-12-05) (Yahoo error = "Data doesn\'t exist for startDate = 1575262800, endDate = 1575522000")')

1 Failed download:
['STI']: YFPricesMissingError('possibly delisted; no price data found  (1d 2019-12-02 00:00:00 -> 2019-12-05) (Yahoo error = "Data doesn\'t exist for startDate = 1575262800, endDate = 1575522000")')

1 Failed download:
['STI']: YFPricesMissingError('possibly delisted; no price data found  (1d 2019-12-02 00:00:00 -> 2019-12-05) (Yahoo error = "Data doesn\'t exist for startDate = 1575262800, endDate = 1575522000")')

1 Failed download:
['STI']: YFPricesMissingError('possibly delisted; no price data found  (1d 2019-12-02 00:00:00 -> 2019-12-05) (Yahoo error = "Data doesn\'t exist for startDate = 1575262800, endDate = 1575522000")')
    Warning: No data found for BHF
  ✗ S1: Insufficient data for BHF
    Warning: No data found for AN
  ✗ S2: Insufficient data for BHF/AN

65/223: 2017-08-24: Added=Q, Removed=WFM
  Holding Period End Date: 2017-09-15
  ✓ S1: Q -0.30%, Portfolio: $954,130
  ✓ S2: Long Q (-8.12%), Short WFM (7.07%)
      Combined: -0.53%, Portfolio: $1,649,168

66/223: 2017-08-24: Added=SBAC, Removed=DD
  Holding Period End Date: 2017-09-15
  ✓ S1: SBAC -3.69%, Portfolio: $918,966
  ✗ S2: Error processing SBAC/DD: cannot convert the series to <class 'float'>

67/223: 2017-08-24: Added=DWDP, Removed=DOW
  Holding Period End Date: 2017-09-15
  ✓ S1: DWDP -29.01%, Portfolio: $652,381
    Warning: No data found for DOW
  ✗ S2: Insufficient data for DWDP/DOW

68/223: 2017-08-24: Added=CDNS, Removed=SPLS
  Holding Period End Date: 2017-09-15
    Warning: No data found for CDNS
  ✗ S1: Insufficient data for CDNS
  ✗ S2: Error processing CDNS/SPLS: cannot convert the series to <class 'float'>

69/223: 2017-10-04: Added=NCLH, Removed=LVLT
  Holding Period End Date: 2017-10-25
    YFinance output for NCLH: 1 Failed download:
['AGN']: YFTzMissingError('possibly delisted; no timezone found')

1 Failed download:
['AGN']: YFTzMissingError('possibly delisted; no timezone found')
  ✓ S1: NCLH -18.90%, Portfolio: $529,090
  ✓ S2: Long NCLH (-0.27%), Short LVLT (1.40%)
      Combined: 0.56%, Portfolio: $1,658,464

70/223: 2017-12-28: Added=HII, Removed=BCR
  Holding Period End Date: 2018-01-22
  ✓ S1: HII -21.27%, Portfolio: $416,564
  ✗ S2: Error processing HII/BCR: cannot convert the series to <class 'float'>

71/223: 2018-03-02: Added=IPGP, Removed=SNI
  Holding Period End Date: 2018-03-23
  ✓ S1: IPGP 6.96%, Portfolio: $445,546
  ✓ S2: Long IPGP (-8.93%), Short SNI (-5.63%)
      Combined: -7.28%, Portfolio: $1,537,745

72/223: 2018-03-09: Added=TTWO, Removed=SIG
  Holding Period End Date: 2018-04-02
  ✓ S1: TTWO 0.65%, Portfolio: $448,454
  ✗ S2: Error processing TTWO/SIG: cannot convert the series to <class 'float'>

73/223: 2018-03-09: Added=NKTR, Removed=CHK
  Holding Period End Date: 2018-04-02
    Warning: No data found for NKTR
  ✗ S1: Insufficient data for NKTR
  ✓ S2: Long NKTR (-4.92%), Short CHK (2.47%)
      Combined: -1.22%, Portfolio: $1,518,927

74/223: 2018-03-09: Added=SIVB, Removed=PDCO
  Holding Period End Date: 2018-04-02
  ✓ S1: SIVB -2.13%, Portfolio: $438,908
  ✓ S2: Long SIVB (-3.19%), Short PDCO (-9.06%)
      Combined: -6.13%, Portfolio: $1,425,892

75/223: 2018-03-28: Added=MSCI, Removed=CSRA
  Holding Period End Date: 2018-04-19
  ✓ S1: MSCI -3.19%, Portfolio: $424,921
  ✗ S2: Error processing MSCI/CSRA: cannot convert the series to <class 'float'>

76/223: 2018-05-25: Added=ABMD, Removed=WYN
  Holding Period End Date: 2018-06-18
    Warning: No data found for ABMD
  ✗ S1: Insufficient data for ABMD
    Warning: No data found for ABMD
  ✗ S2: Insufficient data for ABMD/WYN

77/223: 2018-05-31: Added=EVRG, Removed=NAVI
  Holding Period End Date: 2018-06-21
  ✓ S1: EVRG -1.07%, Portfolio: $420,383
    Warning: No data found for EVRG
  ✗ S2: Insufficient data for EVRG/NAVI

78/223: 2018-06-04: Added=TWTR, Removed=MON
  Holding Period End Date: 2018-06-25
    Warning: No data found for TWTR
  ✗ S1: Insufficient data for TWTR
  ✓ S2: Long TWTR (-0.48%), Short MON (-9.61%)
      Combined: -5.04%, Portfolio: $1,353,966

79/223: 2018-06-08: Added=HFC, Removed=AYI
  Holding Period End Date: 2018-06-29
    Warning: No data found for HFC
  ✗ S1: Insufficient data for HFC
    Warning: No data found for HFC
  ✗ S2: Insufficient data for HFC/AYI

80/223: 2018-06-08: Added=BR, Removed=RRC
  Holding Period End Date: 2018-06-29
    Warning: No data found for BR
  ✗ S1: Insufficient data for BR
    Warning: No data found for BR
  ✗ S2: Insufficient data for BR/RRC

81/223: 2018-06-15: Added=FLT, Removed=TWX
  Holding Period End Date: 2018-07-09
  ✗ S1: Error processing FLT: cannot convert the series to <class 'float'>
  ✗ S2: Insufficient data for FLT/TWX

82/223: 2018-06-25: Added=CPRT, Removed=DPS
  Holding Period End Date: 2018-07-17
  ✗ S1: Error processing CPRT: cannot convert the series to <class 'float'>
    Warning: No data found for CPRT
  ✗ S2: Insufficient data for CPRT/DPS

83/223: 2018-08-23: Added=ANET, Removed=GGP
  Holding Period End Date: 2018-09-14
  ✗ S1: Error processing ANET: cannot convert the series to <class 'float'>
  ✓ S2: Long ANET (-2.19%), Short GGP (2.16%)
      Combined: -0.02%, Portfolio: $1,353,757

84/223: 2018-09-11: Added=WCG, Removed=XL
  Holding Period End Date: 2018-10-02
  ✓ S1: WCG 7.44%, Portfolio: $451,641
  ✗ S2: Error processing WCG/XL: cannot convert the series to <class 'float'>

85/223: 2018-09-25: Added=ROL, Removed=ANDV
  Holding Period End Date: 2018-10-16
  ✓ S1: ROL -4.68%, Portfolio: $430,496
  ✓ S2: Long ROL (1.37%), Short ANDV (-2.05%)
      Combined: -0.34%, Portfolio: $1,349,156

86/223: 2018-10-04: Added=FTNT, Removed=EVHC
  Holding Period End Date: 2018-10-25
  ✓ S1: FTNT 2.10%, Portfolio: $439,515
  ✗ S2: Insufficient data for FTNT/EVHC

87/223: 2018-10-30: Added=KEYS, Removed=CA
  Holding Period End Date: 2018-11-20
    Warning: No data found for KEYS
  ✗ S1: Insufficient data for KEYS
    YFinance output for KEYS: 1 Failed download:
['CTLT']: YFTzMissingError('possibly delisted; no timezone found')

1 Failed download:
['CTLT']: YFTzMissingError('possibly delisted; no timezone found')

1 Failed download:
['CTLT']: YFTzMissingError('possibly delisted; no timezone found')

1 Failed download:
['CTLT']: YFTzMissingError('possibly delisted; no timezone found')

1 Failed download:
['CTLT']: YFTzMissingError('possibly delisted; no timezone found')
    Warning: No data found for KEYS
  ✗ S2: Insufficient data for KEYS/CA

88/223: 2018-11-07: Added=JKHY, Removed=EQT
  Holding Period End Date: 2018-11-29
    Warning: No data found for JKHY
  ✗ S1: Insufficient data for JKHY
  ✓ S2: Long JKHY (4.94%), Short EQT (1.18%)
      Combined: 3.06%, Portfolio: $1,390,439

89/223: 2018-11-26: Added=FANG, Removed=SRCL
  Holding Period End Date: 2018-12-18
  ✓ S1: FANG 1.22%, Portfolio: $444,894
  ✓ S2: Long FANG (4.98%), Short SRCL (-7.00%)
      Combined: -1.01%, Portfolio: $1,376,367

90/223: 2018-11-26: Added=MXIM, Removed=AET
  Holding Period End Date: 2018-12-18
  ✓ S1: MXIM 16.36%, Portfolio: $517,675
    Warning: No data found for MXIM
    Warning: No data found for AET
  ✗ S2: Insufficient data for MXIM/AET

91/223: 2018-11-26: Added=LW, Removed=COL
  Holding Period End Date: 2018-12-18
  ✗ S1: Error processing LW: cannot convert the series to <class 'float'>
    Warning: No data found for LW
    Warning: No data found for COL
  ✗ S2: Insufficient data for LW/COL

92/223: 2018-12-27: Added=CE, Removed=ESRX
  Holding Period End Date: 2019-01-18
  ✓ S1: CE -16.80%, Portfolio: $430,727
    Warning: No data found for ESRX
  ✗ S2: Insufficient data for CE/ESRX

93/223: 2018-12-27: Added=FRC, Removed=SCG
  Holding Period End Date: 2019-01-18
  ✓ S1: FRC 16.63%, Portfolio: $502,336
    Warning: No data found for FRC
  ✗ S2: Insufficient data for FRC/SCG

94/223: 2019-01-15: Added=TFX, Removed=PCG
  Holding Period End Date: 2019-02-06
  ✓ S1: TFX 7.22%, Portfolio: $538,618
  ✓ S2: Long TFX (1.87%), Short PCG (4.69%)
      Combined: 3.28%, Portfolio: $1,421,557

95/223: 2019-02-08: Added=ATO, Removed=NFX
  Holding Period End Date: 2019-03-04
  ✓ S1: ATO 1.47%, Portfolio: $546,529
  ✓ S2: Long ATO (1.87%), Short NFX (4.22%)
      Combined: 3.04%, Portfolio: $1,464,826

96/223: 2019-02-21: Added=WAB, Removed=GT
  Holding Period End Date: 2019-03-14
  ✗ S1: Error processing WAB: cannot convert the series to <class 'float'>
  ✗ S2: Error processing WAB/GT: cannot convert the series to <class 'float'>

97/223: 2019-03-14: Added=FOXA, Removed=FOXA
  Holding Period End Date: 2019-04-04
  ✗ S1: Error processing FOXA: cannot convert the series to <class 'float'>
    YFinance output for FOXA: 1 Failed download:
['HRB']: DNSError('Failed to perform, curl: (6) getaddrinfo() thread failed to start. See https://curl.se/libcurl/c/libcurl-errors.html first for more details.')
    Warning: No data found for FOXA
  ✗ S2: Insufficient data for FOXA/FOXA

98/223: 2019-03-14: Added=FOX, Removed=FOX
  Holding Period End Date: 2019-04-04
    YFinance output for FOX: 1 Failed download:
['CDW']: DNSError('Failed to perform, curl: (6) getaddrinfo() thread failed to start. See https://curl.se/libcurl/c/libcurl-errors.html first for more details.')

1 Failed download:
['CDW']: DNSError('Failed to perform, curl: (6) getaddrinfo() thread failed to start. See https://curl.se/libcurl/c/libcurl-errors.html first for more details.')
    Warning: No data found for FOX
  ✗ S1: Insufficient data for FOX
    Error fetching FOX: can't start new thread
    YFinance output for FOX: 1 Failed download:
['TER']: DNSError('Failed to perform, curl: (6) getaddrinfo() thread failed to start. See https://curl.se/libcurl/c/libcurl-errors.html first for more details.')
    Warning: No data found for FOX
  ✗ S2: Insufficient data for FOX/FOX

99/223: 2019-03-26: Added=DOW, Removed=BHF
  Holding Period End Date: 2019-04-16
    Error fetching DOW: can't start new thread
  ✗ S1: Insufficient data for DOW
    Error fetching DOW: can't start new thread
    Warning: No data found for BHF
  ✗ S2: Insufficient data for DOW/BHF

100/223: 2019-05-28: Added=CTVA, Removed=FLR
  Holding Period End Date: 2019-06-18
    Warning: No data found for CTVA
  ✗ S1: Insufficient data for CTVA
    Warning: No data found for CTVA
    Warning: No data found for FLR
  ✗ S2: Insufficient data for CTVA/FLR

101/223: 2019-05-28: Added=DD, Removed=DWDP
  Holding Period End Date: 2019-06-18
    Error fetching DD: can't start new thread
  ✗ S1: Insufficient data for DD
    Warning: No data found for DD
    Error fetching DWDP: can't start new thread
  ✗ S2: Insufficient data for DD/DWDP

102/223: 2019-06-03: Added=BMS, Removed=MAT
  Holding Period End Date: 2019-06-24
    Error fetching BMS: can't start new thread
  ✗ S1: Insufficient data for BMS
    YFinance output for BMS: 2 Failed downloads:
['ENPH', 'POOL']: DNSError('Failed to perform, curl: (6) getaddrinfo() thread failed to start. See https://curl.se/libcurl/c/libcurl-errors.html first for more details.')

2 Failed downloads:
['ENPH', 'POOL']: DNSError('Failed to perform, curl: (6) getaddrinfo() thread failed to start. See https://curl.se/libcurl/c/libcurl-errors.html first for more details.')

2 Failed downloads:
['ENPH', 'POOL']: DNSError('Failed to perform, curl: (6) getaddrinfo() thread failed to start. See https://curl.se/libcurl/c/libcurl-errors.html first for more details.')
    Warning: No data found for BMS
  ✗ S2: Insufficient data for BMS/MAT

103/223: 2019-06-03: Added=AMCR, Removed=BMS
  Holding Period End Date: 2019-06-24
    Error fetching AMCR: can't start new thread
  ✗ S1: Insufficient data for AMCR
    Error fetching AMCR: can't start new thread
    Error fetching BMS: can't start new thread
  ✗ S2: Insufficient data for AMCR/BMS

104/223: 2019-06-24: Added=MKTX, Removed=LLL
  Holding Period End Date: 2019-07-16
    Warning: No data found for MKTX
  ✗ S1: Insufficient data for MKTX
    Error fetching MKTX: can't start new thread
    YFinance output for LLL: 1 Failed download:
['PTC']: DNSError('Failed to perform, curl: (6) getaddrinfo() thread failed to start. See https://curl.se/libcurl/c/libcurl-errors.html first for more details.')
    Warning: No data found for LLL
  ✗ S2: Insufficient data for MKTX/LLL

105/223: 2019-07-09: Added=TMUS, Removed=RHT
  Holding Period End Date: 2019-07-30
    Error fetching TMUS: can't start new thread
  ✗ S1: Insufficient data for TMUS
    Error fetching TMUS: can't start new thread
    Error fetching RHT: can't start new thread
  ✗ S2: Insufficient data for TMUS/RHT

106/223: 2019-08-01: Added=IEX, Removed=FL
  Holding Period End Date: 2019-08-22
    Error fetching IEX: can't start new thread
  ✗ S1: Insufficient data for IEX
    Error fetching IEX: can't start new thread
    Error fetching FL: can't start new thread
  ✗ S2: Insufficient data for IEX/FL

107/223: 2019-08-01: Added=LDOS, Removed=APC
  Holding Period End Date: 2019-08-22
    Error fetching LDOS: can't start new thread
  ✗ S1: Insufficient data for LDOS
    YFinance output for LDOS: 1 Failed download:
['TIF']: YFTzMissingError('possibly delisted; no timezone found')

1 Failed download:
['TIF']: YFTzMissingError('possibly delisted; no timezone found')
    Warning: No data found for LDOS
    Error fetching APC: can't start new thread
  ✗ S2: Insufficient data for LDOS/APC

108/223: 2019-09-17: Added=CDW, Removed=TSS
  Holding Period End Date: 2019-10-08
    Warning: No data found for CDW
  ✗ S1: Insufficient data for CDW
    Error fetching CDW: can't start new thread
    Error fetching TSS: can't start new thread
  ✗ S2: Insufficient data for CDW/TSS

109/223: 2019-09-20: Added=NVR, Removed=JEF
  Holding Period End Date: 2019-10-11
    Error fetching NVR: can't start new thread
  ✗ S1: Insufficient data for NVR
    Error fetching NVR: can't start new thread
    Warning: No data found for JEF
  ✗ S2: Insufficient data for NVR/JEF

110/223: 2019-09-20: Added=LVS, Removed=NKTR
  Holding Period End Date: 2019-10-11
    Error fetching LVS: can't start new thread
  ✗ S1: Insufficient data for LVS
    Error fetching LVS: can't start new thread
    Error fetching NKTR: can't start new thread
  ✗ S2: Insufficient data for LVS/NKTR

111/223: 2019-11-18: Added=NOW, Removed=CELG
  Holding Period End Date: 2019-12-10
    Warning: No data found for NOW
  ✗ S1: Insufficient data for NOW
    Error fetching NOW: can't start new thread
    Warning: No data found for CELG
  ✗ S2: Insufficient data for NOW/CELG

112/223: 2019-11-27: Added=WRB, Removed=VIAB
  Holding Period End Date: 2019-12-19
    Error fetching WRB: can't start new thread
  ✗ S1: Insufficient data for WRB
    Warning: No data found for WRB
    Error fetching VIAB: can't start new thread
  ✗ S2: Insufficient data for WRB/VIAB

113/223: 2019-12-02: Added=ODFL, Removed=STI
  Holding Period End Date: 2019-12-23
    Warning: No data found for ODFL
  ✗ S1: Insufficient data for ODFL
    Warning: No data found for ODFL
    Error fetching STI: can't start new thread
  ✗ S2: Insufficient data for ODFL/STI

114/223: 2019-12-13: Added=ZBRA, Removed=TRIP
  Holding Period End Date: 2020-01-07
    Error fetching ZBRA: can't start new thread
  ✗ S1: Insufficient data for ZBRA
  ✗ S2: Error processing ZBRA/TRIP: cannot convert the series to <class 'float'>

115/223: 2019-12-13: Added=LYV, Removed=AMG
  Holding Period End Date: 2020-01-07
    Error fetching LYV: can't start new thread
  ✗ S1: Insufficient data for LYV
    Warning: No data found for LYV
    YFinance output for AMG: 1 Failed download:
['VNT']: DNSError('Failed to perform, curl: (6) getaddrinfo() thread failed to start. See https://curl.se/libcurl/c/libcurl-errors.html first for more details.')

1 Failed download:
['VNT']: DNSError('Failed to perform, curl: (6) getaddrinfo() thread failed to start. See https://curl.se/libcurl/c/libcurl-errors.html first for more details.')
    Warning: No data found for AMG
  ✗ S2: Insufficient data for LYV/AMG

116/223: 2019-12-13: Added=STE, Removed=MAC
  Holding Period End Date: 2020-01-07
    Error fetching STE: can't start new thread
  ✗ S1: Insufficient data for STE
    Error fetching STE: can't start new thread
    Error fetching MAC: can't start new thread
  ✗ S2: Insufficient data for STE/MAC

117/223: 2020-01-22: Added=PAYC, Removed=WCG
  Holding Period End Date: 2020-02-12
    Error fetching PAYC: can't start new thread
  ✗ S1: Insufficient data for PAYC
    Error fetching PAYC: can't start new thread
    Error fetching WCG: can't start new thread
  ✗ S2: Insufficient data for PAYC/WCG

118/223: 2020-02-27: Added=IR, Removed=XEC
  Holding Period End Date: 2020-03-19
    Error fetching IR: can't start new thread
  ✗ S1: Insufficient data for IR
    Error fetching IR: can't start new thread
    Error fetching XEC: can't start new thread
  ✗ S2: Insufficient data for IR/XEC

119/223: 2020-03-31: Added=nan, Removed=M
  Holding Period End Date: 2020-04-22

120/223: 2020-03-31: Added=nan, Removed=RTN
  Holding Period End Date: 2020-04-22

121/223: 2020-03-31: Added=CARR, Removed=nan
  Holding Period End Date: 2020-04-22
    Error fetching CARR: can't start new thread
  ✗ S1: Insufficient data for CARR

122/223: 2020-03-31: Added=OTIS, Removed=nan
  Holding Period End Date: 2020-04-22
    Warning: No data found for OTIS
  ✗ S1: Insufficient data for OTIS

123/223: 2020-05-05: Added=HWM, Removed=ARNC
  Holding Period End Date: 2020-05-27
    Warning: No data found for HWM
  ✗ S1: Insufficient data for HWM
  ✓ S2: Long HWM (-7.88%), Short ARNC (-20.95%)
      Combined: -14.41%, Portfolio: $1,253,676

124/223: 2020-05-06: Added=DXCM, Removed=AGN
  Holding Period End Date: 2020-05-28
    Error fetching DXCM: can't start new thread
  ✗ S1: Insufficient data for DXCM
    Error fetching AGN: can't start new thread
  ✗ S2: Insufficient data for DXCM/AGN

125/223: 2020-05-06: Added=DPZ, Removed=CPRI
  Holding Period End Date: 2020-05-28
    Error fetching DPZ: can't start new thread
  ✗ S1: Insufficient data for DPZ
    Error fetching DPZ: can't start new thread
    Error fetching CPRI: can't start new thread
  ✗ S2: Insufficient data for DPZ/CPRI

126/223: 2020-05-18: Added=WST, Removed=HP
  Holding Period End Date: 2020-06-09
    Error fetching WST: can't start new thread
  ✗ S1: Insufficient data for WST
    Error fetching WST: can't start new thread
    Error fetching HP: can't start new thread
  ✗ S2: Insufficient data for WST/HP

127/223: 2020-06-12: Added=BIO, Removed=ADS
  Holding Period End Date: 2020-07-06
    Warning: No data found for BIO
  ✗ S1: Insufficient data for BIO
    Warning: No data found for BIO
    Warning: No data found for ADS
  ✗ S2: Insufficient data for BIO/ADS

128/223: 2020-06-12: Added=TDY, Removed=HOG
  Holding Period End Date: 2020-07-06
    YFinance output for TDY: 1 Failed download:
['FDS']: DNSError('Failed to perform, curl: (6) getaddrinfo() thread failed to start. See https://curl.se/libcurl/c/libcurl-errors.html first for more details.')

1 Failed download:
['FDS']: DNSError('Failed to perform, curl: (6) getaddrinfo() thread failed to start. See https://curl.se/libcurl/c/libcurl-errors.html first for more details.')

1 Failed download:
['FDS']: DNSError('Failed to perform, curl: (6) getaddrinfo() thread failed to start. See https://curl.se/libcurl/c/libcurl-errors.html first for more details.')

1 Failed download:
['FDS']: DNSError('Failed to perform, curl: (6) getaddrinfo() thread failed to start. See https://curl.se/libcurl/c/libcurl-errors.html first for more details.')
    Warning: No data found for TDY
  ✗ S1: Insufficient data for TDY
    YFinance output for HOG: Failed to get ticker 'CDAY' reason: Failed to perform, curl: (6) getaddrinfo() thread failed to start. See https://curl.se/libcurl/c/libcurl-errors.html first for more details.

1 Failed download:
['CDAY']: YFTzMissingError('possibly delisted; no timezone found')
    Warning: No data found for HOG
  ✗ S2: Insufficient data for TDY/HOG

129/223: 2020-06-12: Added=TYL, Removed=JWN
  Holding Period End Date: 2020-07-06
    Warning: No data found for TYL
  ✗ S1: Insufficient data for TYL
    Error fetching TYL: can't start new thread
    Error fetching JWN: can't start new thread
  ✗ S2: Insufficient data for TYL/JWN

130/223: 2020-09-04: Added=CTLT, Removed=KSS
  Holding Period End Date: 2020-09-28
    Warning: No data found for CTLT
  ✗ S1: Insufficient data for CTLT
    Warning: No data found for CTLT
    Error fetching KSS: can't start new thread
  ✗ S2: Insufficient data for CTLT/KSS

131/223: 2020-09-04: Added=ETSY, Removed=HRB
  Holding Period End Date: 2020-09-28
    Error fetching ETSY: can't start new thread
  ✗ S1: Insufficient data for ETSY
    Warning: No data found for ETSY
    Error fetching HRB: can't start new thread
  ✗ S2: Insufficient data for ETSY/HRB

132/223: 2020-09-04: Added=TER, Removed=COTY
  Holding Period End Date: 2020-09-28
    Warning: No data found for TER
  ✗ S1: Insufficient data for TER
    YFinance output for TER: 2 Failed downloads:
['UNM', 'OGN']: DNSError('Failed to perform, curl: (6) getaddrinfo() thread failed to start. See https://curl.se/libcurl/c/libcurl-errors.html first for more details.')
    Warning: No data found for TER
    Warning: No data found for COTY
  ✗ S2: Insufficient data for TER/COTY

133/223: 2020-10-01: Added=POOL, Removed=ETFC
  Holding Period End Date: 2020-10-22
    Error fetching POOL: can't start new thread
  ✗ S1: Insufficient data for POOL
    Error fetching POOL: can't start new thread
    Error fetching ETFC: can't start new thread
  ✗ S2: Insufficient data for POOL/ETFC

134/223: 2020-10-05: Added=VNT, Removed=nan
  Holding Period End Date: 2020-10-26
    Warning: No data found for VNT
  ✗ S1: Insufficient data for VNT

135/223: 2020-10-05: Added=nan, Removed=NBL
  Holding Period End Date: 2020-10-26

136/223: 2020-12-11: Added=TSLA, Removed=AIV
  Holding Period End Date: 2021-01-05
    YFinance output for TSLA: 1 Failed download:
['LEG']: DNSError('Failed to perform, curl: (6) getaddrinfo() thread failed to start. See https://curl.se/libcurl/c/libcurl-errors.html first for more details.')

1 Failed download:
['LEG']: DNSError('Failed to perform, curl: (6) getaddrinfo() thread failed to start. See https://curl.se/libcurl/c/libcurl-errors.html first for more details.')
  ✗ S1: Insufficient data for TSLA
    Error fetching TSLA: can't start new thread
    Error fetching AIV: can't start new thread
  ✗ S2: Insufficient data for TSLA/AIV

137/223: 2020-12-30: Added=ENPH, Removed=TIF
  Holding Period End Date: 2021-01-22
    Error fetching ENPH: can't start new thread
  ✗ S1: Insufficient data for ENPH
    YFinance output for ENPH: 1 Failed download:
['EPAM']: DNSError('Failed to perform, curl: (6) getaddrinfo() thread failed to start. See https://curl.se/libcurl/c/libcurl-errors.html first for more details.')
    Warning: No data found for ENPH
    Error fetching TIF: can't start new thread
  ✗ S2: Insufficient data for ENPH/TIF

138/223: 2021-01-15: Added=TRMB, Removed=CXO
  Holding Period End Date: 2021-02-08
    Warning: No data found for TRMB
  ✗ S1: Insufficient data for TRMB
    YFinance output for TRMB: 1 Failed download:
['BRO']: DNSError('Failed to perform, curl: (6) getaddrinfo() thread failed to start. See https://curl.se/libcurl/c/libcurl-errors.html first for more details.')
    Warning: No data found for TRMB
    Warning: No data found for CXO
  ✗ S2: Insufficient data for TRMB/CXO

139/223: 2021-02-08: Added=MPWR, Removed=FTI
  Holding Period End Date: 2021-03-02
    YFinance output for MPWR: 1 Failed download:
['BRO']: DNSError('Failed to perform, curl: (6) getaddrinfo() thread failed to start. See https://curl.se/libcurl/c/libcurl-errors.html first for more details.')

3 Failed downloads:
['BRO', 'SEDG', 'CEG']: DNSError('Failed to perform, curl: (6) getaddrinfo() thread failed to start. See https://curl.se/libcurl/c/libcurl-errors.html first for more details.')
    Warning: No data found for MPWR
  ✗ S1: Insufficient data for MPWR
    Error fetching MPWR: can't start new thread
    YFinance output for FTI: 1 Failed download:
['CEG']: DNSError('Failed to perform, curl: (6) getaddrinfo() thread failed to start. See https://curl.se/libcurl/c/libcurl-errors.html first for more details.')

1 Failed download:
['CEG']: DNSError('Failed to perform, curl: (6) getaddrinfo() thread failed to start. See https://curl.se/libcurl/c/libcurl-errors.html first for more details.')
    Warning: No data found for FTI
  ✗ S2: Insufficient data for MPWR/FTI

140/223: 2021-03-12: Added=CZR, Removed=VNT
  Holding Period End Date: 2021-04-05
    Error fetching CZR: can't start new thread
  ✗ S1: Insufficient data for CZR
    Error fetching CZR: can't start new thread
    Error fetching VNT: can't start new thread
  ✗ S2: Insufficient data for CZR/VNT

141/223: 2021-03-12: Added=PENN, Removed=SLG
  Holding Period End Date: 2021-04-05
    Error fetching PENN: can't start new thread
  ✗ S1: Insufficient data for PENN
    Error fetching PENN: can't start new thread
    Error fetching SLG: can't start new thread
  ✗ S2: Insufficient data for PENN/SLG

142/223: 2021-03-12: Added=NXPI, Removed=FLS
  Holding Period End Date: 2021-04-05
    Error fetching NXPI: can't start new thread
  ✗ S1: Insufficient data for NXPI
    Error fetching NXPI: can't start new thread
    Error fetching FLS: can't start new thread
  ✗ S2: Insufficient data for NXPI/FLS

143/223: 2021-03-12: Added=GNRC, Removed=XRX
  Holding Period End Date: 2021-04-05
    Error fetching GNRC: can't start new thread
  ✗ S1: Insufficient data for GNRC
    Error fetching GNRC: can't start new thread
    Error fetching XRX: can't start new thread
  ✗ S2: Insufficient data for GNRC/XRX

144/223: 2021-04-15: Added=PTC, Removed=VAR
  Holding Period End Date: 2021-05-06
    Warning: No data found for PTC
  ✗ S1: Insufficient data for PTC
    Error fetching PTC: can't start new thread
    Error fetching VAR: can't start new thread
  ✗ S2: Insufficient data for PTC/VAR

145/223: 2021-05-10: Added=CRL, Removed=FLIR
  Holding Period End Date: 2021-06-01
    Error fetching CRL: can't start new thread
  ✗ S1: Insufficient data for CRL
    Error fetching CRL: can't start new thread
    Error fetching FLIR: can't start new thread
  ✗ S2: Insufficient data for CRL/FLIR

146/223: 2021-05-27: Added=OGN, Removed=nan
  Holding Period End Date: 2021-06-18
    Error fetching OGN: can't start new thread
  ✗ S1: Insufficient data for OGN

147/223: 2021-05-27: Added=nan, Removed=HFC
  Holding Period End Date: 2021-06-18

148/223: 2021-07-15: Added=MRNA, Removed=ALXN
  Holding Period End Date: 2021-08-05
    Warning: No data found for MRNA
  ✗ S1: Insufficient data for MRNA
    Error fetching ALXN: can't start new thread
  ✗ S2: Insufficient data for MRNA/ALXN

149/223: 2021-08-24: Added=TECH, Removed=MXIM
  Holding Period End Date: 2021-09-15
    Error fetching TECH: can't start new thread
  ✗ S1: Insufficient data for TECH
    Error fetching TECH: can't start new thread
    Error fetching MXIM: can't start new thread
  ✗ S2: Insufficient data for TECH/MXIM

150/223: 2021-09-03: Added=BRO, Removed=NOV
  Holding Period End Date: 2021-09-27
  ✓ S1: BRO -1.25%, Portfolio: $539,700
    Warning: No data found for BRO
    Error fetching NOV: can't start new thread
  ✗ S2: Insufficient data for BRO/NOV

151/223: 2021-09-03: Added=CDAY, Removed=UNM
  Holding Period End Date: 2021-09-27
    Warning: No data found for CDAY
  ✗ S1: Insufficient data for CDAY
    Warning: No data found for CDAY
    Error fetching UNM: can't start new thread
  ✗ S2: Insufficient data for CDAY/UNM

152/223: 2021-09-03: Added=MTCH, Removed=PRGO
  Holding Period End Date: 2021-09-27
  ✓ S1: MTCH 0.71%, Portfolio: $543,532
    Error fetching MTCH: can't start new thread
    Warning: No data found for PRGO
  ✗ S2: Insufficient data for MTCH/PRGO

153/223: 2021-12-03: Added=FDS, Removed=WU
  Holding Period End Date: 2021-12-27
  ✓ S1: FDS -10.39%, Portfolio: $487,084
    Error fetching FDS: can't start new thread
    Error fetching WU: can't start new thread
  ✗ S2: Insufficient data for FDS/WU

154/223: 2021-12-03: Added=SEDG, Removed=HBI
  Holding Period End Date: 2021-12-27
  ✓ S1: SEDG 11.45%, Portfolio: $542,857
    Warning: No data found for SEDG
    Error fetching HBI: can't start new thread
  ✗ S2: Insufficient data for SEDG/HBI

155/223: 2021-12-03: Added=SBNY, Removed=LEG
  Holding Period End Date: 2021-12-27
    Error fetching SBNY: can't start new thread
  ✗ S1: Insufficient data for SBNY
    Error fetching SBNY: can't start new thread
    Error fetching LEG: can't start new thread
  ✗ S2: Insufficient data for SBNY/LEG

156/223: 2021-12-07: Added=EPAM, Removed=KSU
  Holding Period End Date: 2021-12-29
  ✓ S1: EPAM 6.98%, Portfolio: $580,742
    Warning: No data found for EPAM
    Error fetching KSU: can't start new thread
  ✗ S2: Insufficient data for EPAM/KSU

157/223: 2022-01-26: Added=CEG, Removed=nan
  Holding Period End Date: 2022-02-16
    Warning: No data found for CEG
  ✗ S1: Insufficient data for CEG

158/223: 2022-01-26: Added=nan, Removed=GPS
  Holding Period End Date: 2022-02-16

159/223: 2022-02-10: Added=NDSN, Removed=XLNX
  Holding Period End Date: 2022-03-04
    Error fetching NDSN: can't start new thread
  ✗ S1: Insufficient data for NDSN
    YFinance output for NDSN: 1 Failed download:
['EQT']: DNSError('Failed to perform, curl: (6) getaddrinfo() thread failed to start. See https://curl.se/libcurl/c/libcurl-errors.html first for more details.')

1 Failed download:
['EQT']: DNSError('Failed to perform, curl: (6) getaddrinfo() thread failed to start. See https://curl.se/libcurl/c/libcurl-errors.html first for more details.')

1 Failed download:
['EQT']: DNSError('Failed to perform, curl: (6) getaddrinfo() thread failed to start. See https://curl.se/libcurl/c/libcurl-errors.html first for more details.')

1 Failed download:
['EQT']: DNSError('Failed to perform, curl: (6) getaddrinfo() thread failed to start. See https://curl.se/libcurl/c/libcurl-errors.html first for more details.')
    Warning: No data found for NDSN
    Warning: No data found for XLNX
  ✗ S2: Insufficient data for NDSN/XLNX

160/223: 2022-02-25: Added=MOH, Removed=INFO
  Holding Period End Date: 2022-03-18
    Error fetching MOH: can't start new thread
  ✗ S1: Insufficient data for MOH
    Error fetching MOH: can't start new thread
    Warning: No data found for INFO
  ✗ S2: Insufficient data for MOH/INFO

161/223: 2022-03-29: Added=CPT, Removed=PBCT
  Holding Period End Date: 2022-04-20
    Warning: No data found for CPT
  ✗ S1: Insufficient data for CPT
    Warning: No data found for CPT
    Warning: No data found for PBCT
  ✗ S2: Insufficient data for CPT/PBCT

162/223: 2022-04-07: Added=WBD, Removed=DISCA
  Holding Period End Date: 2022-04-29
    Error fetching WBD: can't start new thread
  ✗ S1: Insufficient data for WBD
    Error fetching WBD: can't start new thread
    YFinance output for DISCA: Failed to get ticker 'DISCA' reason: Failed to perform, curl: (6) getaddrinfo() thread failed to start. See https://curl.se/libcurl/c/libcurl-errors.html first for more details.

1 Failed download:
['DISCA']: YFTzMissingError('possibly delisted; no timezone found')
    Warning: No data found for DISCA
  ✗ S2: Insufficient data for WBD/DISCA

163/223: 2022-04-07: Added=nan, Removed=DISCK
  Holding Period End Date: 2022-04-29

164/223: 2022-06-03: Added=VICI, Removed=CERN
  Holding Period End Date: 2022-06-27
    Error fetching VICI: can't start new thread
  ✗ S1: Insufficient data for VICI
    Error fetching VICI: can't start new thread
    Error fetching CERN: can't start new thread
  ✗ S2: Insufficient data for VICI/CERN

165/223: 2022-06-03: Added=ON, Removed=IPGP
  Holding Period End Date: 2022-06-27
    YFinance output for ON: 1 Failed download:
['CPT']: DNSError('Failed to perform, curl: (6) getaddrinfo() thread failed to start. See https://curl.se/libcurl/c/libcurl-errors.html first for more details.')

1 Failed download:
['CPT']: DNSError('Failed to perform, curl: (6) getaddrinfo() thread failed to start. See https://curl.se/libcurl/c/libcurl-errors.html first for more details.')
    Warning: No data found for ON
  ✗ S1: Insufficient data for ON
    Error fetching ON: can't start new thread
    Error fetching IPGP: can't start new thread
  ✗ S2: Insufficient data for ON/IPGP

166/223: 2022-06-03: Added=KDP, Removed=UAA
  Holding Period End Date: 2022-06-27
    YFinance output for KDP: 1 Failed download:
['UAA']: DNSError('Failed to perform, curl: (6) getaddrinfo() thread failed to start. See https://curl.se/libcurl/c/libcurl-errors.html first for more details.')

1 Failed download:
['UAA']: DNSError('Failed to perform, curl: (6) getaddrinfo() thread failed to start. See https://curl.se/libcurl/c/libcurl-errors.html first for more details.')
    Warning: No data found for KDP
  ✗ S1: Insufficient data for KDP
    Error fetching KDP: can't start new thread
    Warning: No data found for UAA
  ✗ S2: Insufficient data for KDP/UAA

167/223: 2022-06-03: Added=nan, Removed=UA
  Holding Period End Date: 2022-06-27

168/223: 2022-09-02: Added=CSGP, Removed=PVH
  Holding Period End Date: 2022-09-26
    Error fetching CSGP: can't start new thread
  ✗ S1: Insufficient data for CSGP
    Error fetching CSGP: can't start new thread
    Error fetching PVH: can't start new thread
  ✗ S2: Insufficient data for CSGP/PVH

169/223: 2022-09-02: Added=INVH, Removed=PENN
  Holding Period End Date: 2022-09-26
    Warning: No data found for INVH
  ✗ S1: Insufficient data for INVH
    Error fetching PENN: can't start new thread
  ✗ S2: Insufficient data for INVH/PENN

170/223: 2022-09-23: Added=PCG, Removed=CTXS
  Holding Period End Date: 2022-10-14
    Error fetching PCG: can't start new thread
  ✗ S1: Insufficient data for PCG
    Error fetching PCG: can't start new thread
    Error fetching CTXS: can't start new thread
  ✗ S2: Insufficient data for PCG/CTXS

171/223: 2022-09-23: Added=EQT, Removed=DRE
  Holding Period End Date: 2022-10-14
    Error fetching EQT: can't start new thread
  ✗ S1: Insufficient data for EQT
    YFinance output for EQT: Failed to get ticker 'CTXS' reason: Failed to perform, curl: (6) getaddrinfo() thread failed to start. See https://curl.se/libcurl/c/libcurl-errors.html first for more details.
    Warning: No data found for EQT
    Warning: No data found for DRE
  ✗ S2: Insufficient data for EQT/DRE

172/223: 2022-10-06: Added=TRGP, Removed=NLSN
  Holding Period End Date: 2022-10-27
  ✓ S1: TRGP 10.62%, Portfolio: $642,429
    Error fetching TRGP: can't start new thread
  ✗ S2: Insufficient data for TRGP/NLSN

173/223: 2022-10-27: Added=ACGL, Removed=TWTR
  Holding Period End Date: 2022-11-17
    Error fetching ACGL: can't start new thread
  ✗ S1: Insufficient data for ACGL
    Warning: No data found for ACGL
    Error fetching TWTR: can't start new thread
  ✗ S2: Insufficient data for ACGL/TWTR

174/223: 2022-12-12: Added=FSLR, Removed=FBHS
  Holding Period End Date: 2023-01-04
  ✓ S1: FSLR -2.03%, Portfolio: $629,392
    Error fetching FSLR: can't start new thread
    Error fetching FBHS: can't start new thread
  ✗ S2: Insufficient data for FSLR/FBHS

175/223: 2022-12-12: Added=nan, Removed=MBC
  Holding Period End Date: 2023-01-04

176/223: 2022-12-12: Added=MBC, Removed=nan
  Holding Period End Date: 2023-01-04
    Warning: No data found for MBC
  ✗ S1: Insufficient data for MBC

177/223: 2022-12-19: Added=STLD, Removed=ABMD
  Holding Period End Date: 2023-01-11
    Warning: No data found for STLD
  ✗ S1: Insufficient data for STLD
    Error fetching STLD: can't start new thread
    Warning: No data found for ABMD
  ✗ S2: Insufficient data for STLD/ABMD

178/223: 2022-12-28: Added=GEHC, Removed=nan
  Holding Period End Date: 2023-01-20
    Error fetching GEHC: can't start new thread
  ✗ S1: Insufficient data for GEHC

179/223: 2022-12-28: Added=nan, Removed=VNO
  Holding Period End Date: 2023-01-20

180/223: 2023-03-03: Added=FICO, Removed=LUMN
  Holding Period End Date: 2023-03-24
    Error fetching FICO: can't start new thread
  ✗ S1: Insufficient data for FICO
    Error fetching FICO: can't start new thread
    Error fetching LUMN: can't start new thread
  ✗ S2: Insufficient data for FICO/LUMN

181/223: 2023-03-10: Added=PODD, Removed=SIVB
  Holding Period End Date: 2023-03-31
    YFinance output for PODD: 1 Failed download:
['INVH']: DNSError('Failed to perform, curl: (6) getaddrinfo() thread failed to start. See https://curl.se/libcurl/c/libcurl-errors.html first for more details.')

2 Failed downloads:
['INVH', 'EQT']: DNSError('Failed to perform, curl: (6) getaddrinfo() thread failed to start. See https://curl.se/libcurl/c/libcurl-errors.html first for more details.')
    Warning: No data found for PODD
  ✗ S1: Insufficient data for PODD
    Error fetching SIVB: can't start new thread
  ✗ S2: Insufficient data for PODD/SIVB

182/223: 2023-03-13: Added=BG, Removed=SBNY
  Holding Period End Date: 2023-04-03
    Warning: No data found for BG
  ✗ S1: Insufficient data for BG
    Warning: No data found for BG
    Error fetching SBNY: can't start new thread
  ✗ S2: Insufficient data for BG/SBNY

183/223: 2023-05-01: Added=AXON, Removed=FRC
  Holding Period End Date: 2023-05-22
    YFinance output for AXON: 1 Failed download:
['PCG']: DNSError('Failed to perform, curl: (6) getaddrinfo() thread failed to start. See https://curl.se/libcurl/c/libcurl-errors.html first for more details.')

1 Failed download:
['PCG']: DNSError('Failed to perform, curl: (6) getaddrinfo() thread failed to start. See https://curl.se/libcurl/c/libcurl-errors.html first for more details.')
  ✓ S1: AXON -8.89%, Portfolio: $573,451
    YFinance output for AXON: Failed to get ticker 'CTXS' reason: Failed to perform, curl: (6) getaddrinfo() thread failed to start. See https://curl.se/libcurl/c/libcurl-errors.html first for more details.

1 Failed download:
['CTXS']: YFTzMissingError('possibly delisted; no timezone found')
    Warning: No data found for AXON
    Error fetching FRC: can't start new thread
  ✗ S2: Insufficient data for AXON/FRC

184/223: 2023-06-02: Added=PANW, Removed=DISH
  Holding Period End Date: 2023-06-26
    Error fetching PANW: can't start new thread
  ✗ S1: Insufficient data for PANW
    YFinance output for PANW: Failed to get ticker 'DRE' reason: Failed to perform, curl: (6) getaddrinfo() thread failed to start. See https://curl.se/libcurl/c/libcurl-errors.html first for more details.

1 Failed download:
['DRE']: YFTzMissingError('possibly delisted; no timezone found')

1 Failed download:
['DRE']: YFTzMissingError('possibly delisted; no timezone found')
    Warning: No data found for PANW
    Warning: No data found for DISH
  ✗ S2: Insufficient data for PANW/DISH

185/223: 2023-08-21: Added=nan, Removed=TEL
  Holding Period End Date: 2023-09-12

186/223: 2023-08-21: Added=KVUE, Removed=AAP
  Holding Period End Date: 2023-09-12
    Warning: No data found for KVUE
  ✗ S1: Insufficient data for KVUE
    Error fetching KVUE: can't start new thread
    Warning: No data found for AAP
  ✗ S2: Insufficient data for KVUE/AAP

187/223: 2023-08-21: Added=PCS, Removed=nan
  Holding Period End Date: 2023-09-12
  ✓ S1: PCS 2.29%, Portfolio: $586,589

188/223: 2023-09-14: Added=BX, Removed=LNC
  Holding Period End Date: 2023-10-05
    Error fetching BX: can't start new thread
  ✗ S1: Insufficient data for BX
    Warning: No data found for BX
    Error fetching LNC: can't start new thread
  ✗ S2: Insufficient data for BX/LNC

189/223: 2023-09-14: Added=ABNB, Removed=NWL
  Holding Period End Date: 2023-10-05
    YFinance output for ABNB: Failed to get ticker 'TWTR' reason: Failed to perform, curl: (6) getaddrinfo() thread failed to start. See https://curl.se/libcurl/c/libcurl-errors.html first for more details.

1 Failed download:
['TWTR']: YFTzMissingError('possibly delisted; no timezone found')
    Warning: No data found for ABNB
  ✗ S1: Insufficient data for ABNB
    Error fetching ABNB: can't start new thread
    Warning: No data found for NWL
  ✗ S2: Insufficient data for ABNB/NWL

190/223: 2023-09-28: Added=VLTO, Removed=nan
  Holding Period End Date: 2023-10-19
    Warning: No data found for VLTO
  ✗ S1: Insufficient data for VLTO

191/223: 2023-09-28: Added=nan, Removed=DXC
  Holding Period End Date: 2023-10-19

192/223: 2023-10-13: Added=LULU, Removed=ATVI
  Holding Period End Date: 2023-11-03
    Warning: No data found for LULU
  ✗ S1: Insufficient data for LULU
    Warning: No data found for LULU
    Error fetching ATVI: can't start new thread
  ✗ S2: Insufficient data for LULU/ATVI

193/223: 2023-10-13: Added=HUBB, Removed=OGN
  Holding Period End Date: 2023-11-03
    Error fetching HUBB: can't start new thread
  ✗ S1: Insufficient data for HUBB
    Error fetching HUBB: can't start new thread
    Error fetching OGN: can't start new thread
  ✗ S2: Insufficient data for HUBB/OGN

194/223: 2023-12-01: Added=UBER, Removed=SEE
  Holding Period End Date: 2023-12-22
    YFinance output for UBER: 1 Failed download:
['FBHS']: YFTzMissingError('possibly delisted; no timezone found')
    Warning: No data found for UBER
  ✗ S1: Insufficient data for UBER
    Error fetching UBER: can't start new thread
    Error fetching SEE: can't start new thread
  ✗ S2: Insufficient data for UBER/SEE

195/223: 2023-12-01: Added=BLDR, Removed=SEDG
  Holding Period End Date: 2023-12-22
    Warning: No data found for BLDR
  ✗ S1: Insufficient data for BLDR
    Warning: No data found for BLDR
    Warning: No data found for SEDG
  ✗ S2: Insufficient data for BLDR/SEDG

196/223: 2023-12-01: Added=JBL, Removed=ALK
  Holding Period End Date: 2023-12-22
    Error fetching JBL: can't start new thread
  ✗ S1: Insufficient data for JBL
    Error fetching JBL: can't start new thread
    Error fetching ALK: can't start new thread
  ✗ S2: Insufficient data for JBL/ALK

197/223: 2024-03-01: Added=SMCI, Removed=WHR
  Holding Period End Date: 2024-03-22
    YFinance output for SMCI: 1 Failed download:
['PCG']: DNSError('Failed to perform, curl: (6) getaddrinfo() thread failed to start. See https://curl.se/libcurl/c/libcurl-errors.html first for more details.')
  ✗ S1: Error processing SMCI: cannot convert the series to <class 'float'>
    Error fetching SMCI: can't start new thread
    Error fetching WHR: can't start new thread
  ✗ S2: Insufficient data for SMCI/WHR

198/223: 2024-03-01: Added=DECK, Removed=ZION
  Holding Period End Date: 2024-03-22
    Error fetching DECK: can't start new thread
  ✗ S1: Insufficient data for DECK
    Warning: No data found for DECK
    Warning: No data found for ZION
  ✗ S2: Insufficient data for DECK/ZION

199/223: 2024-03-27: Added=SOLV, Removed=nan
  Holding Period End Date: 2024-04-18
    YFinance output for SOLV: 1 Failed download:
['AMTM']: DNSError('Failed to perform, curl: (6) getaddrinfo() thread failed to start. See https://curl.se/libcurl/c/libcurl-errors.html first for more details.')

1 Failed download:
['AMTM']: DNSError('Failed to perform, curl: (6) getaddrinfo() thread failed to start. See https://curl.se/libcurl/c/libcurl-errors.html first for more details.')

1 Failed download:
['AMTM']: DNSError('Failed to perform, curl: (6) getaddrinfo() thread failed to start. See https://curl.se/libcurl/c/libcurl-errors.html first for more details.')
    Warning: No data found for SOLV
  ✗ S1: Insufficient data for SOLV

200/223: 2024-03-27: Added=GEV, Removed=nan
  Holding Period End Date: 2024-04-18
    Warning: No data found for GEV
  ✗ S1: Insufficient data for GEV

201/223: 2024-03-27: Added=nan, Removed=XRAY
  Holding Period End Date: 2024-04-18

202/223: 2024-03-27: Added=nan, Removed=VFC
  Holding Period End Date: 2024-04-18

203/223: 2024-05-03: Added=VST, Removed=PXD
  Holding Period End Date: 2024-05-24
    Error fetching VST: can't start new thread
  ✗ S1: Insufficient data for VST
    Error fetching VST: can't start new thread
    Error fetching PXD: can't start new thread
  ✗ S2: Insufficient data for VST/PXD

204/223: 2024-06-07: Added=KKR, Removed=RHI
  Holding Period End Date: 2024-07-01
    Error fetching KKR: can't start new thread
  ✗ S1: Insufficient data for KKR
    Error fetching KKR: can't start new thread
    Error fetching RHI: can't start new thread
  ✗ S2: Insufficient data for KKR/RHI

205/223: 2024-06-07: Added=CRWD, Removed=CMA
  Holding Period End Date: 2024-07-01
    Error fetching CRWD: can't start new thread
  ✗ S1: Insufficient data for CRWD
    Error fetching CRWD: can't start new thread
    Error fetching CMA: can't start new thread
  ✗ S2: Insufficient data for CRWD/CMA

206/223: 2024-06-07: Added=GDDY, Removed=ILMN
  Holding Period End Date: 2024-07-01
    Error fetching GDDY: can't start new thread
  ✗ S1: Insufficient data for GDDY
    Error fetching GDDY: can't start new thread
    Warning: No data found for ILMN
  ✗ S2: Insufficient data for GDDY/ILMN

207/223: 2024-09-06: Added=ERIE, Removed=BIO
  Holding Period End Date: 2024-09-27
    YFinance output for ERIE: 2 Failed downloads:
['BG', 'HES']: DNSError('Failed to perform, curl: (6) getaddrinfo() thread failed to start. See https://curl.se/libcurl/c/libcurl-errors.html first for more details.')

2 Failed downloads:
['BG', 'HES']: DNSError('Failed to perform, curl: (6) getaddrinfo() thread failed to start. See https://curl.se/libcurl/c/libcurl-errors.html first for more details.')

2 Failed downloads:
['BG', 'HES']: DNSError('Failed to perform, curl: (6) getaddrinfo() thread failed to start. See https://curl.se/libcurl/c/libcurl-errors.html first for more details.')

2 Failed downloads:
['BG', 'HES']: DNSError('Failed to perform, curl: (6) getaddrinfo() thread failed to start. See https://curl.se/libcurl/c/libcurl-errors.html first for more details.')

2 Failed downloads:
['BG', 'HES']: DNSError('Failed to perform, curl: (6) getaddrinfo() thread failed to start. See https://curl.se/libcurl/c/libcurl-errors.html first for more details.')
    Warning: No data found for ERIE
  ✗ S1: Insufficient data for ERIE
    Warning: No data found for ERIE
  ✗ S2: Insufficient data for ERIE/BIO

208/223: 2024-09-06: Added=DELL, Removed=ETSY
  Holding Period End Date: 2024-09-27
    Error fetching DELL: can't start new thread
  ✗ S1: Insufficient data for DELL
    Warning: No data found for DELL
    Error fetching ETSY: can't start new thread
  ✗ S2: Insufficient data for DELL/ETSY

209/223: 2024-09-06: Added=PLTR, Removed=AAL
  Holding Period End Date: 2024-09-27
  ✗ S1: Error processing PLTR: cannot convert the series to <class 'float'>
    Error fetching PLTR: can't start new thread
    Error fetching AAL: can't start new thread
  ✗ S2: Insufficient data for PLTR/AAL

210/223: 2024-09-24: Added=AMTM, Removed=nan
  Holding Period End Date: 2024-10-15
    Error fetching AMTM: can't start new thread
  ✗ S1: Insufficient data for AMTM

211/223: 2024-09-24: Added=nan, Removed=BBWI
  Holding Period End Date: 2024-10-15

212/223: 2024-11-21: Added=TPL, Removed=MRO
  Holding Period End Date: 2024-12-13
    Error fetching TPL: can't start new thread
  ✗ S1: Insufficient data for TPL
    Error fetching TPL: can't start new thread
    Warning: No data found for MRO
  ✗ S2: Insufficient data for TPL/MRO

213/223: 2024-12-06: Added=WDAY, Removed=AMTM
  Holding Period End Date: 2024-12-30
    Warning: No data found for WDAY
  ✗ S1: Insufficient data for WDAY
    Error fetching WDAY: can't start new thread
    Error fetching AMTM: can't start new thread
  ✗ S2: Insufficient data for WDAY/AMTM

214/223: 2024-12-06: Added=APO, Removed=QRVO
  Holding Period End Date: 2024-12-30
    Error fetching APO: can't start new thread
  ✗ S1: Insufficient data for APO
    Error fetching APO: can't start new thread
    Error fetching QRVO: can't start new thread
  ✗ S2: Insufficient data for APO/QRVO

215/223: 2024-12-18: Added=LII, Removed=CTLT
  Holding Period End Date: 2025-01-13
    Error fetching LII: can't start new thread
  ✗ S1: Insufficient data for LII
    Error fetching LII: can't start new thread
    Error fetching CTLT: can't start new thread
  ✗ S2: Insufficient data for LII/CTLT

216/223: 2025-03-07: Added=EXE, Removed=FMC
  Holding Period End Date: 2025-03-28
    Error fetching EXE: can't start new thread
  ✗ S1: Insufficient data for EXE
    Error fetching EXE: can't start new thread
    Error fetching FMC: can't start new thread
  ✗ S2: Insufficient data for EXE/FMC

217/223: 2025-03-07: Added=WSM, Removed=CE
  Holding Period End Date: 2025-03-28
    Error fetching WSM: can't start new thread
  ✗ S1: Insufficient data for WSM
    Error fetching WSM: can't start new thread
    Error fetching CE: can't start new thread
  ✗ S2: Insufficient data for WSM/CE

218/223: 2025-03-07: Added=TKO, Removed=TFX
  Holding Period End Date: 2025-03-28
  ✓ S1: TKO 0.91%, Portfolio: $591,921
    Warning: No data found for TKO
    Warning: No data found for TFX
  ✗ S2: Insufficient data for TKO/TFX

219/223: 2025-03-07: Added=DASH, Removed=BWA
  Holding Period End Date: 2025-03-28
    Error fetching DASH: can't start new thread
  ✗ S1: Insufficient data for DASH
    Error fetching DASH: can't start new thread
    Error fetching BWA: can't start new thread
  ✗ S2: Insufficient data for DASH/BWA

220/223: 2025-05-12: Added=COIN, Removed=DFS
  Holding Period End Date: 2025-06-03
    Warning: No data found for COIN
  ✗ S1: Insufficient data for COIN
    Warning: No data found for COIN
    Error fetching DFS: can't start new thread
  ✗ S2: Insufficient data for COIN/DFS

221/223: 2025-07-02: Added=DDOG, Removed=JNPR
  Holding Period End Date: 2025-07-24
    Warning: No data found for DDOG
  ✗ S1: Insufficient data for DDOG
    Error fetching DDOG: can't start new thread
    Error fetching JNPR: can't start new thread
  ✗ S2: Insufficient data for DDOG/JNPR

222/223: 2025-07-14: Added=TTD, Removed=ANSS
  Holding Period End Date: 2025-08-04
  ✓ S1: TTD -8.22%, Portfolio: $543,293
    Error fetching TTD: can't start new thread
    Error fetching ANSS: can't start new thread
  ✗ S2: Insufficient data for TTD/ANSS

223/223: 2025-07-18: Added=XYZ, Removed=HES
  Holding Period End Date: 2025-08-08
    Error fetching XYZ: can't start new thread
  ✗ S1: Insufficient data for XYZ
    Error fetching XYZ: can't start new thread
    Warning: No data found for HES
  ✗ S2: Insufficient data for XYZ/HES

============================================================
FINAL RESULTS
Strategy 1: 68 successful trades, Final: $543,293 (-45.67%)
Strategy 2: 41 successful trades, Final: $1,253,676 (25.37%)
Completed: 2025-08-31 17:22:49
