S&P 500 Index Update Trading Strategy Analysis (Multithread)
Holding Period: 3 trading days
Date Range: 2015-07-02 to 2025-07-18
Timestamp: 2025-08-31 17:51:30
============================================================

1/223: 2015-07-02: Added=KHC, Removed=KRFT
  Holding Period End Date: 2015-07-08
  ✓ S1: KHC 3.34%, Portfolio: $1,033,443
  ✓ S2: Long KHC (2.52%), Short KRFT (-2.24%)
      Combined: 0.14%, Portfolio: $1,001,421

2/223: 2015-07-06: Added=AAP, Removed=FDO
  Holding Period End Date: 2015-07-09
    YFinance output for AAP: 1 Failed download:
['KHC']: YFPricesMissingError('possibly delisted; no price data found  (1d 2015-07-02 00:00:00 -> 2015-07-06) (Yahoo error = "Data doesn\'t exist for startDate = 1435809600, endDate = 1436155200")')
    Warning: No data found for AAP
  ✗ S1: Insufficient data for AAP
    Warning: No data found for FDO
  ✗ S2: Insufficient data for AAP/FDO

3/223: 2015-07-14: Added=PYPL, Removed=NE
  Holding Period End Date: 2015-07-17
    Warning: No data found for PYPL
  ✗ S1: Insufficient data for PYPL
    YFinance output for NE: 1 Failed download:
['FDO']: YFPricesMissingError('possibly delisted; no price data found  (1d 2015-07-06 00:00:00 -> 2015-07-10)')

1 Failed download:
['FDO']: YFPricesMissingError('possibly delisted; no price data found  (1d 2015-07-06 00:00:00 -> 2015-07-10)')
  ✗ S2: Error processing PYPL/NE: cannot convert the series to <class 'float'>

4/223: 2015-07-24: Added=SIG, Removed=DTV
  Holding Period End Date: 2015-07-29
  ✓ S1: SIG 3.95%, Portfolio: $1,074,299
  ✓ S2: Long SIG (4.60%), Short DTV (-1.55%)
      Combined: 1.53%, Portfolio: $1,016,728

5/223: 2015-08-27: Added=ATVI, Removed=PLL
  Holding Period End Date: 2015-09-01
    Warning: No data found for ATVI
  ✗ S1: Insufficient data for ATVI
    YFinance output for ATVI: 1 Failed download:
['NE']: possibly delisted; no price data found  (1d 2015-07-14 00:00:00 -> 2015-07-20) (Yahoo error = "Data doesn't exist for startDate = 1436846400, endDate = 1437364800")
    Warning: No data found for ATVI
  ✗ S2: Insufficient data for ATVI/PLL

6/223: 2015-08-27: Added=UAL, Removed=HSP
  Holding Period End Date: 2015-09-01
  ✓ S1: UAL 0.61%, Portfolio: $1,080,867
    Warning: No data found for HSP
  ✗ S2: Insufficient data for UAL/HSP

7/223: 2015-09-30: Added=VRSK, Removed=JOY
  Holding Period End Date: 2015-10-05
  ✓ S1: VRSK 7.07%, Portfolio: $1,157,233
  ✓ S2: Long VRSK (7.07%), Short JOY (-6.58%)
      Combined: 0.24%, Portfolio: $1,019,181

8/223: 2015-10-27: Added=HPE, Removed=HCBK
  Holding Period End Date: 2015-10-30
    YFinance output for HPE: 1 Failed download:
['PLL']: YFPricesMissingError('possibly delisted; no price data found  (1d 2015-08-27 00:00:00 -> 2015-09-03) (Yahoo error = "Data doesn\'t exist for startDate = 1440648000, endDate = 1441252800")')
    Warning: No data found for HPE
  ✗ S1: Insufficient data for HPE
    YFinance output for HPE: 1 Failed download:
['ATVI']: YFTzMissingError('possibly delisted; no timezone found')

1 Failed download:
['ATVI']: YFTzMissingError('possibly delisted; no timezone found')
    Warning: No data found for HCBK
  ✗ S2: Insufficient data for HPE/HCBK

9/223: 2015-11-09: Added=SYF, Removed=GNW
  Holding Period End Date: 2015-11-12
    Warning: No data found for SYF
  ✗ S1: Insufficient data for SYF
  ✓ S2: Long SYF (5.75%), Short GNW (-7.47%)
      Combined: -0.86%, Portfolio: $1,010,398

10/223: 2015-11-12: Added=ILMN, Removed=SIAL
  Holding Period End Date: 2015-11-17
  ✓ S1: ILMN 9.97%, Portfolio: $1,272,627
  ✓ S2: Long ILMN (-5.32%), Short SIAL (-7.47%)
      Combined: -6.40%, Portfolio: $945,766

11/223: 2015-11-23: Added=CSRA, Removed=CSC
  Holding Period End Date: 2015-11-27
  ✓ S1: CSRA 1.40%, Portfolio: $1,290,426
  ✓ S2: Long CSRA (-6.42%), Short CSC (11.09%)
      Combined: 2.34%, Portfolio: $967,855

12/223: 2015-12-15: Added=nan, Removed=CMCSK
  Holding Period End Date: 2015-12-18

13/223: 2015-12-22: Added=CHD, Removed=ALTR
  Holding Period End Date: 2015-12-28
  ✓ S1: CHD -1.45%, Portfolio: $1,271,736
    Warning: No data found for CHD
  ✗ S2: Insufficient data for CHD/ALTR

14/223: 2015-12-28: Added=WLTW, Removed=FOSL
  Holding Period End Date: 2015-12-31
  ✓ S1: WLTW -5.32%, Portfolio: $1,204,082
  ✓ S2: Long WLTW (-4.43%), Short FOSL (-5.44%)
      Combined: -4.93%, Portfolio: $920,113

15/223: 2016-01-13: Added=EXR, Removed=ACE
  Holding Period End Date: 2016-01-19
    Warning: No data found for EXR
  ✗ S1: Insufficient data for EXR
  ✓ S2: Long EXR (-2.95%), Short ACE (-0.21%)
      Combined: -1.58%, Portfolio: $905,587

16/223: 2016-01-22: Added=FRT, Removed=BRCM
  Holding Period End Date: 2016-01-27
  ✓ S1: FRT -4.43%, Portfolio: $1,150,765
  ✓ S2: Long FRT (11.64%), Short BRCM (0.21%)
      Combined: 5.93%, Portfolio: $959,255

17/223: 2016-01-26: Added=CFG, Removed=PCP
  Holding Period End Date: 2016-01-29
  ✓ S1: CFG 11.64%, Portfolio: $1,284,733
  ✓ S2: Long CFG (9.47%), Short PCP (-6.19%)
      Combined: 1.64%, Portfolio: $974,983

18/223: 2016-02-16: Added=CXO, Removed=PCL
  Holding Period End Date: 2016-02-19
  ✓ S1: CXO -9.98%, Portfolio: $1,156,458
  ✓ S2: Long CXO (11.64%), Short PCL (-1.38%)
      Combined: 5.13%, Portfolio: $1,025,011

19/223: 2016-03-01: Added=AWK, Removed=CNX
  Holding Period End Date: 2016-03-04
  ✓ S1: AWK -1.45%, Portfolio: $1,139,708
    Warning: No data found for CNX
  ✗ S2: Insufficient data for AWK/CNX

20/223: 2016-03-04: Added=UDR, Removed=GMCR
  Holding Period End Date: 2016-03-09
  ✓ S1: UDR -9.98%, Portfolio: $1,025,913
  ✓ S2: Long UDR (-6.35%), Short GMCR (0.00%)
      Combined: -3.17%, Portfolio: $992,476

21/223: 2016-03-24: Added=CNC, Removed=ESV
  Holding Period End Date: 2016-03-30
  ✓ S1: CNC -9.98%, Portfolio: $923,479
  ✓ S2: Long CNC (0.00%), Short ESV (-1.69%)
      Combined: -0.85%, Portfolio: $984,072

22/223: 2016-03-24: Added=HOLX, Removed=POM
  Holding Period End Date: 2016-03-30
  ✓ S1: HOLX 0.02%, Portfolio: $923,696
    Warning: No data found for HOLX
  ✗ S2: Insufficient data for HOLX/POM

23/223: 2016-03-28: Added=FL, Removed=CAM
  Holding Period End Date: 2016-03-31
    Warning: No data found for FL
  ✗ S1: Insufficient data for FL
    Warning: No data found for FL
    Warning: No data found for CAM
  ✗ S2: Insufficient data for FL/CAM

24/223: 2016-04-07: Added=ULTA, Removed=THC
  Holding Period End Date: 2016-04-12
  ✓ S1: ULTA -1.17%, Portfolio: $912,865
  ✓ S2: Long ULTA (-2.60%), Short THC (4.09%)
      Combined: 0.74%, Portfolio: $991,401

25/223: 2016-04-19: Added=GPN, Removed=GME
  Holding Period End Date: 2016-04-22
  ✓ S1: GPN -3.93%, Portfolio: $876,983
    Warning: No data found for GME
  ✗ S2: Insufficient data for GPN/GME

26/223: 2016-04-26: Added=AYI, Removed=ADT
  Holding Period End Date: 2016-04-29
    Warning: No data found for AYI
  ✗ S1: Insufficient data for AYI
    Warning: No data found for AYI
  ✗ S2: Insufficient data for AYI/ADT

27/223: 2016-05-10: Added=ALK, Removed=SNDK
  Holding Period End Date: 2016-05-13
  ✗ S1: Error processing ALK: cannot convert the series to <class 'float'>
    Warning: No data found for SNDK
  ✗ S2: Insufficient data for ALK/SNDK

28/223: 2016-05-13: Added=DLR, Removed=TWC
  Holding Period End Date: 2016-05-18
  ✓ S1: DLR 4.73%, Portfolio: $918,476
    Warning: No data found for DLR
    Warning: No data found for TWC
  ✗ S2: Insufficient data for DLR/TWC

29/223: 2016-05-18: Added=LKQ, Removed=ARG
  Holding Period End Date: 2016-05-23
    YFinance output for LKQ: 1 Failed download:
['CXO']: YFTzMissingError('possibly delisted; no timezone found')

1 Failed download:
['CXO']: YFTzMissingError('possibly delisted; no timezone found')
  ✗ S1: Error processing LKQ: cannot convert the series to <class 'float'>
    Warning: No data found for ARG
  ✗ S2: Insufficient data for LKQ/ARG

30/223: 2016-05-24: Added=AJG, Removed=CCE
  Holding Period End Date: 2016-05-27
    YFinance output for AJG: 1 Failed download:
['CXO']: YFTzMissingError('possibly delisted; no timezone found')

1 Failed download:
['CXO']: YFTzMissingError('possibly delisted; no timezone found')
    Warning: No data found for AJG
  ✗ S1: Insufficient data for AJG
  ✓ S2: Long AJG (3.94%), Short CCE (-14.46%)
      Combined: -5.26%, Portfolio: $939,226

31/223: 2016-05-27: Added=TDG, Removed=BXLT
  Holding Period End Date: 2016-06-02
  ✓ S1: TDG 3.94%, Portfolio: $954,625
    YFinance output for BXLT: 1 Failed download:
['PCL']: YFPricesMissingError('possibly delisted; no price data found  (1d 2016-02-16 00:00:00 -> 2016-02-18) (Yahoo error = "Data doesn\'t exist for startDate = 1455598800, endDate = 1455771600")')

1 Failed download:
['PCL']: YFPricesMissingError('possibly delisted; no price data found  (1d 2016-02-16 00:00:00 -> 2016-02-18) (Yahoo error = "Data doesn\'t exist for startDate = 1455598800, endDate = 1455771600")')

1 Failed download:
['PCL']: YFPricesMissingError('possibly delisted; no price data found  (1d 2016-02-16 00:00:00 -> 2016-02-18) (Yahoo error = "Data doesn\'t exist for startDate = 1455598800, endDate = 1455771600")')

1 Failed download:
['PCL']: YFPricesMissingError('possibly delisted; no price data found  (1d 2016-02-16 00:00:00 -> 2016-02-18) (Yahoo error = "Data doesn\'t exist for startDate = 1455598800, endDate = 1455771600")')
    Warning: No data found for BXLT
  ✗ S2: Insufficient data for TDG/BXLT

32/223: 2016-06-21: Added=FBHS, Removed=CVC
  Holding Period End Date: 2016-06-24
  ✓ S1: FBHS -1.82%, Portfolio: $937,257
  ✓ S2: Long FBHS (-1.82%), Short CVC (2.08%)
      Combined: 0.13%, Portfolio: $940,457

33/223: 2016-06-23: Added=FTV, Removed=CPGX
  Holding Period End Date: 2016-06-28
  ✓ S1: FTV -2.04%, Portfolio: $918,148
    Warning: No data found for FTV
    Warning: No data found for CPGX
  ✗ S2: Insufficient data for FTV/CPGX

34/223: 2016-06-23: Added=ALB, Removed=TE
  Holding Period End Date: 2016-06-28
  ✗ S1: Insufficient data for ALB
    Warning: No data found for ALB
  ✗ S2: Insufficient data for ALB/TE

35/223: 2016-06-29: Added=LNT, Removed=GAS
  Holding Period End Date: 2016-07-05
  ✓ S1: LNT 0.83%, Portfolio: $925,752
    Warning: No data found for GAS
  ✗ S2: Insufficient data for LNT/GAS

36/223: 2016-08-25: Added=MTD, Removed=TYC
  Holding Period End Date: 2016-08-30
    YFinance output for MTD: 1 Failed download:
['TE']: YFPricesMissingError('possibly delisted; no price data found  (1d 2016-06-23 00:00:00 -> 2016-06-29) (Yahoo error = "Data doesn\'t exist for startDate = 1466654400, endDate = 1467172800")')
    Warning: No data found for MTD
  ✗ S1: Insufficient data for MTD
    Warning: No data found for MTD
    YFinance output for TYC: 1 Failed download:
['CAM']: possibly delisted; no price data found  (1d 2016-03-28 00:00:00 -> 2016-04-04)
  ✗ S2: Insufficient data for MTD/TYC

37/223: 2016-08-31: Added=CHTR, Removed=EMC
  Holding Period End Date: 2016-09-06
  ✓ S1: CHTR 1.79%, Portfolio: $942,300
  ✓ S2: Long CHTR (1.79%), Short EMC (-3.19%)
      Combined: -0.70%, Portfolio: $933,877

38/223: 2016-09-10: Added=COO, Removed=HOT
  Holding Period End Date: 2016-09-15
  ✓ S1: COO 4.11%, Portfolio: $981,037
    Warning: No data found for COO
  ✗ S2: Insufficient data for COO/HOT

39/223: 2016-09-27: Added=COTY, Removed=DO
  Holding Period End Date: 2016-09-30
  ✓ S1: COTY -0.78%, Portfolio: $973,353
  ✓ S2: Long COTY (-0.78%), Short DO (5.16%)
      Combined: 2.19%, Portfolio: $954,323

40/223: 2016-11-29: Added=MAA, Removed=OI
  Holding Period End Date: 2016-12-02
  ✓ S1: MAA -1.46%, Portfolio: $959,104
  ✓ S2: Long MAA (-0.71%), Short OI (4.63%)
      Combined: 1.96%, Portfolio: $973,064

41/223: 2016-11-29: Added=EVHC, Removed=LM
  Holding Period End Date: 2016-12-02
    YFinance output for EVHC: 1 Failed download:
['SNDK']: YFPricesMissingError('possibly delisted; no price data found  (1d 2016-05-10 00:00:00 -> 2016-05-13) (Yahoo error = "Data doesn\'t exist for startDate = 1462852800, endDate = 1463112000")')

2 Failed downloads:
['SNDK']: YFPricesMissingError('possibly delisted; no price data found  (1d 2016-05-10 00:00:00 -> 2016-05-13) (Yahoo error = "Data doesn\'t exist for startDate = 1462852800, endDate = 1463112000")')
['ADT']: YFPricesMissingError('possibly delisted; no price data found  (1d 2016-04-26 00:00:00 -> 2016-05-02) (Yahoo error = "Data doesn\'t exist for startDate = 1461643200, endDate = 1462161600")')
    Warning: No data found for EVHC
  ✗ S1: Insufficient data for EVHC
    Warning: No data found for EVHC
    YFinance output for LM: 1 Failed download:
['SNDK']: YFPricesMissingError('possibly delisted; no price data found  (1d 2016-05-10 00:00:00 -> 2016-05-17) (Yahoo error = "Data doesn\'t exist for startDate = 1462852800, endDate = 1463457600")')
    Warning: No data found for LM
  ✗ S2: Insufficient data for EVHC/LM

42/223: 2017-01-03: Added=IDXX, Removed=STJ
  Holding Period End Date: 2017-01-06
  ✓ S1: IDXX -0.89%, Portfolio: $950,570
    Warning: No data found for IDXX
  ✗ S2: Insufficient data for IDXX/STJ

43/223: 2017-02-23: Added=INCY, Removed=SE
  Holding Period End Date: 2017-02-28
  ✓ S1: INCY -0.28%, Portfolio: $947,896
    Warning: No data found for SE
  ✗ S2: Insufficient data for INCY/SE

44/223: 2017-02-23: Added=CBOE, Removed=PBI
  Holding Period End Date: 2017-02-28
    YFinance output for CBOE: 1 Failed download:
['CCE']: YFPricesMissingError('possibly delisted; no price data found  (1d 2016-05-24 00:00:00 -> 2016-05-27)')

1 Failed download:
['CCE']: YFPricesMissingError('possibly delisted; no price data found  (1d 2016-05-24 00:00:00 -> 2016-05-27)')
    Warning: No data found for CBOE
  ✗ S1: Insufficient data for CBOE
    YFinance output for CBOE: 1 Failed download:
['CCE']: YFPricesMissingError('possibly delisted; no price data found  (1d 2016-05-24 00:00:00 -> 2016-05-27)')
    Warning: No data found for CBOE
  ✗ S2: Insufficient data for CBOE/PBI

45/223: 2017-02-23: Added=REG, Removed=ENDP
  Holding Period End Date: 2017-02-28
  ✓ S1: REG 0.02%, Portfolio: $948,093
    Warning: No data found for REG
    Warning: No data found for ENDP
  ✗ S2: Insufficient data for REG/ENDP

46/223: 2017-03-06: Added=DISH, Removed=LLTC
  Holding Period End Date: 2017-03-09
    YFinance output for DISH: 1 Failed download:
['BXLT']: YFPricesMissingError('possibly delisted; no price data found  (1d 2016-05-27 00:00:00 -> 2016-06-03)')
    Warning: No data found for DISH
  ✗ S1: Insufficient data for DISH
    YFinance output for DISH: 1 Failed download:
['BXLT']: YFPricesMissingError('possibly delisted; no price data found  (1d 2016-05-27 00:00:00 -> 2016-06-03)')
    Warning: No data found for DISH
    YFinance output for LLTC: 1 Failed download:
['FBHS']: YFTzMissingError('possibly delisted; no timezone found')

1 Failed download:
['FBHS']: YFTzMissingError('possibly delisted; no timezone found')
    Warning: No data found for LLTC
  ✗ S2: Insufficient data for DISH/LLTC

47/223: 2017-03-10: Added=ARE, Removed=FSLR
  Holding Period End Date: 2017-03-15
    YFinance output for ARE: 2 Failed downloads:
['CVC']: YFPricesMissingError('possibly delisted; no price data found  (1d 2016-06-21 00:00:00 -> 2016-06-27)')
['FBHS']: YFTzMissingError('possibly delisted; no timezone found')
    Warning: No data found for ARE
  ✗ S1: Insufficient data for ARE
    YFinance output for ARE: 1 Failed download:
['BXLT']: YFPricesMissingError('possibly delisted; no price data found  (1d 2016-05-27 00:00:00 -> 2016-05-31)')

1 Failed download:
['BXLT']: YFPricesMissingError('possibly delisted; no price data found  (1d 2016-05-27 00:00:00 -> 2016-05-31)')

1 Failed download:
['BXLT']: YFPricesMissingError('possibly delisted; no price data found  (1d 2016-05-27 00:00:00 -> 2016-05-31)')

1 Failed download:
['BXLT']: YFPricesMissingError('possibly delisted; no price data found  (1d 2016-05-27 00:00:00 -> 2016-05-31)')
    Warning: No data found for FSLR
  ✗ S2: Insufficient data for ARE/FSLR

48/223: 2017-03-10: Added=RJF, Removed=FTR
  Holding Period End Date: 2017-03-15
  ✓ S1: RJF -7.24%, Portfolio: $879,457
    YFinance output for RJF: 1 Failed download:
['FTV']: YFPricesMissingError('possibly delisted; no price data found  (1d 2016-06-23 00:00:00 -> 2016-06-28) (Yahoo error = "Data doesn\'t exist for startDate = 1466654400, endDate = 1467086400")')

1 Failed download:
['FTV']: YFPricesMissingError('possibly delisted; no price data found  (1d 2016-06-23 00:00:00 -> 2016-06-28) (Yahoo error = "Data doesn\'t exist for startDate = 1466654400, endDate = 1467086400")')

1 Failed download:
['FTV']: YFPricesMissingError('possibly delisted; no price data found  (1d 2016-06-23 00:00:00 -> 2016-06-28) (Yahoo error = "Data doesn\'t exist for startDate = 1466654400, endDate = 1467086400")')
    Warning: No data found for RJF
    Warning: No data found for FTR
  ✗ S2: Insufficient data for RJF/FTR

49/223: 2017-03-10: Added=AMD, Removed=URBN
  Holding Period End Date: 2017-03-15
    Warning: No data found for AMD
  ✗ S1: Insufficient data for AMD
    YFinance output for AMD: 1 Failed download:
['POM']: YFPricesMissingError('possibly delisted; no price data found  (1d 2016-03-24 00:00:00 -> 2016-03-28)')
    YFinance output for URBN: 1 Failed download:
['CPGX']: YFPricesMissingError('possibly delisted; no price data found  (1d 2016-06-23 00:00:00 -> 2016-06-27)')
  ✗ S2: Error processing AMD/URBN: cannot convert the series to <class 'float'>

50/223: 2017-03-13: Added=SNPS, Removed=HAR
  Holding Period End Date: 2017-03-16
    YFinance output for SNPS: 1 Failed download:
['TE']: YFPricesMissingError('possibly delisted; no price data found  (1d 2016-06-23 00:00:00 -> 2016-06-28) (Yahoo error = "Data doesn\'t exist for startDate = 1466654400, endDate = 1467086400")')

1 Failed download:
['TE']: YFPricesMissingError('possibly delisted; no price data found  (1d 2016-06-23 00:00:00 -> 2016-06-28) (Yahoo error = "Data doesn\'t exist for startDate = 1466654400, endDate = 1467086400")')

1 Failed download:
['TE']: YFPricesMissingError('possibly delisted; no price data found  (1d 2016-06-23 00:00:00 -> 2016-06-28) (Yahoo error = "Data doesn\'t exist for startDate = 1466654400, endDate = 1467086400")')
    Warning: No data found for SNPS
  ✗ S1: Insufficient data for SNPS
  ✓ S2: Long SNPS (5.65%), Short HAR (0.30%)
      Combined: 2.97%, Portfolio: $1,002,000

51/223: 2017-03-28: Added=DXC, Removed=SWN
  Holding Period End Date: 2017-03-31
    Warning: No data found for DXC
  ✗ S1: Insufficient data for DXC
  ✓ S2: Long DXC (-0.17%), Short SWN (-0.75%)
      Combined: -0.46%, Portfolio: $997,402

52/223: 2017-03-29: Added=IT, Removed=DNB
  Holding Period End Date: 2017-04-03
  ✗ S1: Error processing IT: cannot convert the series to <class 'float'>
    Warning: No data found for IT
  ✗ S2: Insufficient data for IT/DNB

53/223: 2017-05-24: Added=INFO, Removed=TGNA
  Holding Period End Date: 2017-05-30
  ✓ S1: INFO 0.14%, Portfolio: $880,672
  ✓ S2: Long INFO (0.21%), Short TGNA (1.60%)
      Combined: 0.91%, Portfolio: $1,006,460

54/223: 2017-06-09: Added=ANSS, Removed=R
  Holding Period End Date: 2017-06-14
    YFinance output for ANSS: 1 Failed download:
['DO']: YFTzMissingError('possibly delisted; no timezone found')
  ✗ S1: Error processing ANSS: cannot convert the series to <class 'float'>
    Warning: No data found for ANSS
    Warning: No data found for R
  ✗ S2: Insufficient data for ANSS/R

55/223: 2017-06-09: Added=ALGN, Removed=TDC
  Holding Period End Date: 2017-06-14
  ✓ S1: ALGN 0.17%, Portfolio: $882,132
  ✗ S2: Error processing ALGN/TDC: cannot convert the series to <class 'float'>

56/223: 2017-06-09: Added=HLT, Removed=YHOO
  Holding Period End Date: 2017-06-14
    YFinance output for HLT: 1 Failed download:
['MJN']: YFPricesMissingError('possibly delisted; no price data found  (1d 2017-06-12 00:00:00 -> 2017-06-15)')
    Warning: No data found for HLT
  ✗ S1: Insufficient data for HLT
    YFinance output for HLT: 1 Failed download:
['MJN']: YFPricesMissingError('possibly delisted; no price data found  (1d 2017-06-12 00:00:00 -> 2017-06-15)')
    YFinance output for YHOO: 1 Failed download:
['LM']: YFTzMissingError('possibly delisted; no timezone found')
    Warning: No data found for YHOO
  ✗ S2: Insufficient data for HLT/YHOO

57/223: 2017-06-12: Added=RE, Removed=MJN
  Holding Period End Date: 2017-06-15
  ✗ S1: Error processing RE: cannot convert the series to <class 'float'>
    Warning: No data found for MJN
  ✗ S2: Insufficient data for RE/MJN

58/223: 2017-06-30: Added=BKR, Removed=BHI
  Holding Period End Date: 2017-07-06
    YFinance output for BKR: 1 Failed download:
['LM']: YFTzMissingError('possibly delisted; no timezone found')
  ✗ S1: Error processing BKR: cannot convert the series to <class 'float'>
  ✗ S2: Error processing BKR/BHI: cannot convert the series to <class 'float'>

59/223: 2017-07-19: Added=MGM, Removed=RAI
  Holding Period End Date: 2017-07-24
  ✓ S1: MGM 1.10%, Portfolio: $891,820
    Warning: No data found for RAI
  ✗ S2: Insufficient data for MGM/RAI

60/223: 2017-07-19: Added=RMD, Removed=MNK
  Holding Period End Date: 2017-07-24
  ✓ S1: RMD -1.40%, Portfolio: $879,307
  ✗ S2: Error processing RMD/MNK: cannot convert the series to <class 'float'>

61/223: 2017-07-19: Added=PKG, Removed=MUR
  Holding Period End Date: 2017-07-24
  ✓ S1: PKG 9.14%, Portfolio: $959,703
  ✓ S2: Long PKG (1.30%), Short MUR (-7.06%)
      Combined: -2.88%, Portfolio: $977,505

62/223: 2017-07-19: Added=AOS, Removed=BBBY
  Holding Period End Date: 2017-07-24
  ✓ S1: AOS 9.14%, Portfolio: $1,047,449
    Warning: No data found for AOS
    Warning: No data found for BBBY
  ✗ S2: Insufficient data for AOS/BBBY

63/223: 2017-07-19: Added=DRE, Removed=RIG
  Holding Period End Date: 2017-07-24
    YFinance output for DRE: 1 Failed download:
['DISH']: YFTzMissingError('possibly delisted; no timezone found')

1 Failed download:
['DISH']: YFTzMissingError('possibly delisted; no timezone found')
  ✗ S1: Error processing DRE: cannot convert the series to <class 'float'>
    YFinance output for DRE: 1 Failed download:
['DISH']: YFTzMissingError('possibly delisted; no timezone found')
  ✓ S2: Long DRE (-0.85%), Short RIG (-0.34%)
      Combined: -0.59%, Portfolio: $971,724

64/223: 2017-07-31: Added=BHF, Removed=AN
  Holding Period End Date: 2017-08-03
    Warning: No data found for BHF
  ✗ S1: Insufficient data for BHF
  ✓ S2: Long BHF (-0.85%), Short AN (0.58%)
      Combined: -0.13%, Portfolio: $970,445

65/223: 2017-08-24: Added=Q, Removed=WFM
  Holding Period End Date: 2017-08-29
  ✓ S1: Q -0.58%, Portfolio: $1,041,385
  ✓ S2: Long Q (-4.27%), Short WFM (2.71%)
      Combined: -0.78%, Portfolio: $962,839

66/223: 2017-08-24: Added=SBAC, Removed=DD
  Holding Period End Date: 2017-08-29
  ✓ S1: SBAC -1.35%, Portfolio: $1,027,333
    YFinance output for SBAC: 1 Failed download:
['LLTC']: YFPricesMissingError('possibly delisted; no price data found  (1d 2017-03-06 00:00:00 -> 2017-03-08)')

1 Failed download:
['LLTC']: YFPricesMissingError('possibly delisted; no price data found  (1d 2017-03-06 00:00:00 -> 2017-03-08)')

1 Failed download:
['LLTC']: YFPricesMissingError('possibly delisted; no price data found  (1d 2017-03-06 00:00:00 -> 2017-03-08)')
    Warning: No data found for SBAC
  ✗ S2: Insufficient data for SBAC/DD

67/223: 2017-08-24: Added=DWDP, Removed=DOW
  Holding Period End Date: 2017-08-29
  ✓ S1: DWDP 0.50%, Portfolio: $1,032,503
  ✗ S2: Error processing DWDP/DOW: cannot convert the series to <class 'float'>

68/223: 2017-08-24: Added=CDNS, Removed=SPLS
  Holding Period End Date: 2017-08-29
    YFinance output for CDNS: 1 Failed download:
['FTR']: YFTzMissingError('possibly delisted; no timezone found')
  ✓ S1: CDNS -2.64%, Portfolio: $1,005,291
    Warning: No data found for SPLS
  ✗ S2: Insufficient data for CDNS/SPLS

69/223: 2017-10-04: Added=NCLH, Removed=LVLT
  Holding Period End Date: 2017-10-09
  ✓ S1: NCLH 1.96%, Portfolio: $1,025,029
  ✗ S2: Error processing NCLH/LVLT: cannot convert the series to <class 'float'>

70/223: 2017-12-28: Added=HII, Removed=BCR
  Holding Period End Date: 2018-01-03
  ✓ S1: HII 3.01%, Portfolio: $1,055,897
  ✓ S2: Long HII (-3.81%), Short BCR (0.56%)
      Combined: -1.62%, Portfolio: $947,196

71/223: 2018-03-02: Added=IPGP, Removed=SNI
  Holding Period End Date: 2018-03-07
  ✓ S1: IPGP -0.56%, Portfolio: $1,049,966
    YFinance output for IPGP: 2 Failed downloads:
['SWN', 'CHK']: YFTzMissingError('possibly delisted; no timezone found')

2 Failed downloads:
['SWN', 'CHK']: YFTzMissingError('possibly delisted; no timezone found')
    Warning: No data found for IPGP
    Error fetching SNI: 'HAR'
  ✗ S2: Insufficient data for IPGP/SNI

72/223: 2018-03-09: Added=TTWO, Removed=SIG
  Holding Period End Date: 2018-03-14
    Warning: No data found for TTWO
  ✗ S1: Insufficient data for TTWO
    YFinance output for TTWO: 2 Failed downloads:
['DNB']: YFPricesMissingError('possibly delisted; no price data found  (1d 2017-03-29 00:00:00 -> 2017-04-05) (Yahoo error = "Data doesn\'t exist for startDate = 1490760000, endDate = 1491364800")')
['INFO']: YFPricesMissingError('possibly delisted; no price data found  (1d 2017-05-24 00:00:00 -> 2017-05-30) (Yahoo error = "Data doesn\'t exist for startDate = 1495598400, endDate = 1496116800")')

2 Failed downloads:
['DNB']: YFPricesMissingError('possibly delisted; no price data found  (1d 2017-03-29 00:00:00 -> 2017-04-05) (Yahoo error = "Data doesn\'t exist for startDate = 1490760000, endDate = 1491364800")')
['INFO']: YFPricesMissingError('possibly delisted; no price data found  (1d 2017-05-24 00:00:00 -> 2017-05-30) (Yahoo error = "Data doesn\'t exist for startDate = 1495598400, endDate = 1496116800")')

2 Failed downloads:
['DNB']: YFPricesMissingError('possibly delisted; no price data found  (1d 2017-03-29 00:00:00 -> 2017-04-05) (Yahoo error = "Data doesn\'t exist for startDate = 1490760000, endDate = 1491364800")')
['INFO']: YFPricesMissingError('possibly delisted; no price data found  (1d 2017-05-24 00:00:00 -> 2017-05-30) (Yahoo error = "Data doesn\'t exist for startDate = 1495598400, endDate = 1496116800")')
    Warning: No data found for TTWO
    Warning: No data found for SIG
  ✗ S2: Insufficient data for TTWO/SIG

73/223: 2018-03-09: Added=NKTR, Removed=CHK
  Holding Period End Date: 2018-03-14
    Warning: No data found for NKTR
  ✗ S1: Insufficient data for NKTR
    Warning: No data found for NKTR
    Warning: No data found for CHK
  ✗ S2: Insufficient data for NKTR/CHK

74/223: 2018-03-09: Added=SIVB, Removed=PDCO
  Holding Period End Date: 2018-03-14
  ✗ S1: Error processing SIVB: cannot convert the series to <class 'float'>
  ✗ S2: Error processing SIVB/PDCO: cannot convert the series to <class 'float'>

75/223: 2018-03-28: Added=MSCI, Removed=CSRA
  Holding Period End Date: 2018-04-03
    Warning: No data found for MSCI
  ✗ S1: Insufficient data for MSCI
    Warning: No data found for MSCI
  ✗ S2: Insufficient data for MSCI/CSRA

76/223: 2018-05-25: Added=ABMD, Removed=WYN
  Holding Period End Date: 2018-05-31
  ✓ S1: ABMD 2.32%, Portfolio: $1,074,290
    Warning: No data found for ABMD
    YFinance output for WYN: 1 Failed download:
['INFO']: YFPricesMissingError('possibly delisted; no price data found  (1d 2017-05-24 00:00:00 -> 2017-05-26) (Yahoo error = "Data doesn\'t exist for startDate = 1495598400, endDate = 1495771200")')
    Warning: No data found for WYN
  ✗ S2: Insufficient data for ABMD/WYN

77/223: 2018-05-31: Added=EVRG, Removed=NAVI
  Holding Period End Date: 2018-06-05
  ✓ S1: EVRG -1.70%, Portfolio: $1,056,000
    Warning: No data found for NAVI
  ✗ S2: Insufficient data for EVRG/NAVI

78/223: 2018-06-04: Added=TWTR, Removed=MON
  Holding Period End Date: 2018-06-07
    YFinance output for TWTR: 1 Failed download:
['RE']: YFTzMissingError('possibly delisted; no timezone found')
    Warning: No data found for TWTR
  ✗ S1: Insufficient data for TWTR
    YFinance output for TWTR: 1 Failed download:
['MJN']: YFPricesMissingError('possibly delisted; no price data found  (1d 2017-06-12 00:00:00 -> 2017-06-19)')

1 Failed download:
['MJN']: YFPricesMissingError('possibly delisted; no price data found  (1d 2017-06-12 00:00:00 -> 2017-06-19)')
  ✓ S2: Long TWTR (-3.06%), Short MON (-1.83%)
      Combined: -2.44%, Portfolio: $924,063

79/223: 2018-06-08: Added=HFC, Removed=AYI
  Holding Period End Date: 2018-06-13
  ✓ S1: HFC -5.23%, Portfolio: $1,000,729
  ✓ S2: Long HFC (-1.90%), Short AYI (-1.67%)
      Combined: -1.79%, Portfolio: $907,563

80/223: 2018-06-08: Added=BR, Removed=RRC
  Holding Period End Date: 2018-06-13
    YFinance output for BR: 2 Failed downloads:
['YHOO', 'RE']: YFTzMissingError('possibly delisted; no timezone found')

2 Failed downloads:
['YHOO', 'RE']: YFTzMissingError('possibly delisted; no timezone found')
  ✗ S1: Error processing BR: cannot convert the series to <class 'float'>
    Warning: No data found for BR
    Warning: No data found for RRC
  ✗ S2: Insufficient data for BR/RRC

81/223: 2018-06-15: Added=FLT, Removed=TWX
  Holding Period End Date: 2018-06-20
    YFinance output for FLT: 1 Failed download:
['RE']: YFTzMissingError('possibly delisted; no timezone found')

1 Failed download:
['RE']: YFTzMissingError('possibly delisted; no timezone found')
  ✗ S1: Error processing FLT: cannot convert the series to <class 'float'>
    Warning: No data found for FLT
  ✗ S2: Insufficient data for FLT/TWX

82/223: 2018-06-25: Added=CPRT, Removed=DPS
  Holding Period End Date: 2018-06-28
    Warning: No data found for CPRT
  ✗ S1: Insufficient data for CPRT
    Warning: No data found for CPRT
  ✗ S2: Insufficient data for CPRT/DPS

83/223: 2018-08-23: Added=ANET, Removed=GGP
  Holding Period End Date: 2018-08-28
  ✓ S1: ANET -2.93%, Portfolio: $971,406
    Warning: No data found for ANET
    YFinance output for GGP: 1 Failed download:
['DPS']: YFPricesMissingError('possibly delisted; no price data found  (1d 2018-06-25 00:00:00 -> 2018-06-29)')
    Warning: No data found for GGP
  ✗ S2: Insufficient data for ANET/GGP

84/223: 2018-09-11: Added=WCG, Removed=XL
  Holding Period End Date: 2018-09-14
  ✗ S1: Error processing WCG: cannot convert the series to <class 'float'>
    YFinance output for WCG: 1 Failed download:
['RAI']: YFPricesMissingError('possibly delisted; no price data found  (1d 2017-07-19 00:00:00 -> 2017-07-21)')

1 Failed download:
['RAI']: YFPricesMissingError('possibly delisted; no price data found  (1d 2017-07-19 00:00:00 -> 2017-07-21)')
    Warning: No data found for WCG
  ✗ S2: Insufficient data for WCG/XL

85/223: 2018-09-25: Added=ROL, Removed=ANDV
  Holding Period End Date: 2018-09-28
  ✗ S1: Error processing ROL: cannot convert the series to <class 'float'>
    Warning: No data found for ANDV
  ✗ S2: Insufficient data for ROL/ANDV

86/223: 2018-10-04: Added=FTNT, Removed=EVHC
  Holding Period End Date: 2018-10-09
  ✓ S1: FTNT -1.68%, Portfolio: $955,068
    Warning: No data found for FTNT
    YFinance output for EVHC: 2 Failed downloads:
['WFM', 'Q']: YFPricesMissingError('possibly delisted; no price data found  (1d 2017-08-24 00:00:00 -> 2017-08-29)')

2 Failed downloads:
['WFM', 'Q']: YFPricesMissingError('possibly delisted; no price data found  (1d 2017-08-24 00:00:00 -> 2017-08-29)')
    Warning: No data found for EVHC
  ✗ S2: Insufficient data for FTNT/EVHC

87/223: 2018-10-30: Added=KEYS, Removed=CA
  Holding Period End Date: 2018-11-02
  ✓ S1: KEYS -3.98%, Portfolio: $917,085
    YFinance output for CA: 1 Failed download:
['DRE']: YFTzMissingError('possibly delisted; no timezone found')

1 Failed download:
['DRE']: YFTzMissingError('possibly delisted; no timezone found')
    Warning: No data found for CA
  ✗ S2: Insufficient data for KEYS/CA

88/223: 2018-11-07: Added=JKHY, Removed=EQT
  Holding Period End Date: 2018-11-12
  ✓ S1: JKHY -1.58%, Portfolio: $902,591
  ✓ S2: Long JKHY (2.89%), Short EQT (3.02%)
      Combined: 2.96%, Portfolio: $934,388

89/223: 2018-11-26: Added=FANG, Removed=SRCL
  Holding Period End Date: 2018-11-29
  ✓ S1: FANG 0.50%, Portfolio: $907,079
    Warning: No data found for FANG
    Warning: No data found for SRCL
  ✗ S2: Insufficient data for FANG/SRCL

90/223: 2018-11-26: Added=MXIM, Removed=AET
  Holding Period End Date: 2018-11-29
  ✓ S1: MXIM -1.57%, Portfolio: $892,795
  ✗ S2: Error processing MXIM/AET: cannot convert the series to <class 'float'>

91/223: 2018-11-26: Added=LW, Removed=COL
  Holding Period End Date: 2018-11-29
  ✗ S1: Error processing LW: cannot convert the series to <class 'float'>
  ✓ S2: Long LW (-0.20%), Short COL (-0.38%)
      Combined: -0.29%, Portfolio: $931,681

92/223: 2018-12-27: Added=CE, Removed=ESRX
  Holding Period End Date: 2019-01-02
  ✓ S1: CE -0.97%, Portfolio: $884,157
    Warning: No data found for ESRX
  ✗ S2: Insufficient data for CE/ESRX

93/223: 2018-12-27: Added=FRC, Removed=SCG
  Holding Period End Date: 2019-01-02
    YFinance output for FRC: 1 Failed download:
['Q']: possibly delisted; no price data found  (1d 2017-08-24 00:00:00 -> 2017-08-28)

1 Failed download:
['Q']: possibly delisted; no price data found  (1d 2017-08-24 00:00:00 -> 2017-08-28)
    Warning: No data found for FRC
  ✗ S1: Insufficient data for FRC
    YFinance output for SCG: 1 Failed download:
['WFM']: YFPricesMissingError('possibly delisted; no price data found  (1d 2017-08-24 00:00:00 -> 2017-08-28)')
    Warning: No data found for SCG
  ✗ S2: Insufficient data for FRC/SCG

94/223: 2019-01-15: Added=TFX, Removed=PCG
  Holding Period End Date: 2019-01-18
    YFinance output for TFX: 1 Failed download:
['DWDP']: YFTzMissingError('possibly delisted; no timezone found')
  ✗ S1: Error processing TFX: cannot convert the series to <class 'float'>
  ✓ S2: Long TFX (1.77%), Short PCG (1.39%)
      Combined: 1.58%, Portfolio: $946,429

95/223: 2019-02-08: Added=ATO, Removed=NFX
  Holding Period End Date: 2019-02-13
    YFinance output for ATO: 2 Failed downloads:
['SPLS']: YFPricesMissingError('possibly delisted; no price data found  (1d 2017-08-24 00:00:00 -> 2017-08-28)')
['SNI']: YFPricesMissingError('possibly delisted; no price data found  (1d 2018-03-02 00:00:00 -> 2018-03-07)')
  ✗ S1: Error processing ATO: cannot convert the series to <class 'float'>
    Warning: No data found for ATO
  ✗ S2: Insufficient data for ATO/NFX

96/223: 2019-02-21: Added=WAB, Removed=GT
  Holding Period End Date: 2019-02-26
  ✓ S1: WAB -2.68%, Portfolio: $860,501
  ✗ S2: Error processing WAB/GT: cannot convert the series to <class 'float'>

97/223: 2019-03-14: Added=FOXA, Removed=FOXA
  Holding Period End Date: 2019-03-19
  ✓ S1: FOXA -0.83%, Portfolio: $853,330
    Warning: No data found for FOXA
  ✗ S2: Insufficient data for FOXA/FOXA

98/223: 2019-03-14: Added=FOX, Removed=FOX
  Holding Period End Date: 2019-03-19
    YFinance output for FOX: 1 Failed download:
['SWN']: YFTzMissingError('possibly delisted; no timezone found')

1 Failed download:
['SWN']: YFTzMissingError('possibly delisted; no timezone found')
    Warning: No data found for FOX
  ✗ S1: Insufficient data for FOX
    Warning: No data found for FOX
    Warning: No data found for FOX
  ✗ S2: Insufficient data for FOX/FOX

99/223: 2019-03-26: Added=DOW, Removed=BHF
  Holding Period End Date: 2019-03-29
  ✓ S1: DOW -3.06%, Portfolio: $827,201
    Warning: No data found for DOW
  ✗ S2: Insufficient data for DOW/BHF

100/223: 2019-05-28: Added=CTVA, Removed=FLR
  Holding Period End Date: 2019-05-31
    Warning: No data found for CTVA
  ✗ S1: Insufficient data for CTVA
  ✓ S2: Long CTVA (-3.21%), Short FLR (1.92%)
      Combined: -0.65%, Portfolio: $940,289

101/223: 2019-05-28: Added=DD, Removed=DWDP
  Holding Period End Date: 2019-05-31
  ✓ S1: DD -3.54%, Portfolio: $797,958
    Warning: No data found for DD
  ✗ S2: Insufficient data for DD/DWDP

102/223: 2019-06-03: Added=BMS, Removed=MAT
  Holding Period End Date: 2019-06-06
    YFinance output for BMS: 1 Failed download:
['ABMD']: YFTzMissingError('possibly delisted; no timezone found')

1 Failed download:
['ABMD']: YFTzMissingError('possibly delisted; no timezone found')
  ✗ S1: Error processing BMS: cannot convert the series to <class 'float'>
  ✓ S2: Long BMS (-3.54%), Short MAT (0.00%)
      Combined: -1.77%, Portfolio: $923,669

103/223: 2019-06-03: Added=AMCR, Removed=BMS
  Holding Period End Date: 2019-06-06
  ✓ S1: AMCR -3.21%, Portfolio: $772,304
    Warning: No data found for AMCR
  ✗ S2: Insufficient data for AMCR/BMS

104/223: 2019-06-24: Added=MKTX, Removed=LLL
  Holding Period End Date: 2019-06-27
    Warning: No data found for MKTX
  ✗ S1: Insufficient data for MKTX
    Warning: No data found for MKTX
    YFinance output for LLL: 1 Failed download:
['TWTR']: YFTzMissingError('possibly delisted; no timezone found')

1 Failed download:
['TWTR']: YFTzMissingError('possibly delisted; no timezone found')
    Warning: No data found for LLL
  ✗ S2: Insufficient data for MKTX/LLL

105/223: 2019-07-09: Added=TMUS, Removed=RHT
  Holding Period End Date: 2019-07-12
  ✓ S1: TMUS -2.65%, Portfolio: $751,800
    Warning: No data found for RHT
  ✗ S2: Insufficient data for TMUS/RHT

106/223: 2019-08-01: Added=IEX, Removed=FL
  Holding Period End Date: 2019-08-06
  ✓ S1: IEX 2.05%, Portfolio: $767,248
    YFinance output for IEX: 1 Failed download:
['HFC']: YFTzMissingError('possibly delisted; no timezone found')
    Warning: No data found for IEX
  ✗ S2: Insufficient data for IEX/FL

107/223: 2019-08-01: Added=LDOS, Removed=APC
  Holding Period End Date: 2019-08-06
  ✓ S1: LDOS 7.10%, Portfolio: $821,695
    Warning: No data found for LDOS
    YFinance output for APC: 2 Failed downloads:
['FLT', 'LLL']: YFTzMissingError('possibly delisted; no timezone found')

3 Failed downloads:
['FLT', 'LLL', 'HFC']: YFTzMissingError('possibly delisted; no timezone found')

3 Failed downloads:
['FLT', 'LLL', 'HFC']: YFTzMissingError('possibly delisted; no timezone found')
    Warning: No data found for APC
  ✗ S2: Insufficient data for LDOS/APC

108/223: 2019-09-17: Added=CDW, Removed=TSS
  Holding Period End Date: 2019-09-20
  ✓ S1: CDW -3.07%, Portfolio: $796,507
    YFinance output for CDW: 1 Failed download:
['FLT']: YFTzMissingError('possibly delisted; no timezone found')
    Warning: No data found for TSS
  ✗ S2: Insufficient data for CDW/TSS

109/223: 2019-09-20: Added=NVR, Removed=JEF
  Holding Period End Date: 2019-09-25
    YFinance output for NVR: 1 Failed download:
['FLT']: YFTzMissingError('possibly delisted; no timezone found')

1 Failed download:
['FLT']: YFTzMissingError('possibly delisted; no timezone found')
  ✗ S1: Error processing NVR: cannot convert the series to <class 'float'>
    YFinance output for JEF: 1 Failed download:
['FLT']: YFTzMissingError('possibly delisted; no timezone found')
  ✗ S2: Error processing NVR/JEF: cannot convert the series to <class 'float'>

110/223: 2019-09-20: Added=LVS, Removed=NKTR
  Holding Period End Date: 2019-09-25
    Warning: No data found for LVS
  ✗ S1: Insufficient data for LVS
  ✓ S2: Long LVS (-1.36%), Short NKTR (-0.80%)
      Combined: -1.08%, Portfolio: $913,689

111/223: 2019-11-18: Added=NOW, Removed=CELG
  Holding Period End Date: 2019-11-21
  ✓ S1: NOW -3.93%, Portfolio: $765,221
    Warning: No data found for NOW
  ✗ S2: Insufficient data for NOW/CELG

112/223: 2019-11-27: Added=WRB, Removed=VIAB
  Holding Period End Date: 2019-12-03
  ✗ S1: Error processing WRB: cannot convert the series to <class 'float'>
    Warning: No data found for WRB
    Warning: No data found for VIAB
  ✗ S2: Insufficient data for WRB/VIAB

113/223: 2019-12-02: Added=ODFL, Removed=STI
  Holding Period End Date: 2019-12-05
    Warning: No data found for ODFL
  ✗ S1: Insufficient data for ODFL
    YFinance output for ODFL: 1 Failed download:
['XL']: YFTzMissingError('possibly delisted; no timezone found')
    Warning: No data found for ODFL
  ✗ S2: Insufficient data for ODFL/STI

114/223: 2019-12-13: Added=ZBRA, Removed=TRIP
  Holding Period End Date: 2019-12-18
  ✓ S1: ZBRA -6.26%, Portfolio: $717,314
  ✓ S2: Long ZBRA (-2.86%), Short TRIP (2.47%)
      Combined: -0.20%, Portfolio: $911,881

115/223: 2019-12-13: Added=LYV, Removed=AMG
  Holding Period End Date: 2019-12-18
  ✓ S1: LYV -2.86%, Portfolio: $696,764
  ✓ S2: Long LYV (0.75%), Short AMG (-0.75%)
      Combined: 0.00%, Portfolio: $911,906

116/223: 2019-12-13: Added=STE, Removed=MAC
  Holding Period End Date: 2019-12-18
    Warning: No data found for STE
  ✗ S1: Insufficient data for STE
  ✓ S2: Long STE (0.11%), Short MAC (3.70%)
      Combined: 1.91%, Portfolio: $929,296

117/223: 2020-01-22: Added=PAYC, Removed=WCG
  Holding Period End Date: 2020-01-27
  ✓ S1: PAYC -3.51%, Portfolio: $672,295
  ✓ S2: Long PAYC (0.09%), Short WCG (-0.07%)
      Combined: 0.01%, Portfolio: $929,399

118/223: 2020-02-27: Added=IR, Removed=XEC
  Holding Period End Date: 2020-03-03
    Warning: No data found for IR
  ✗ S1: Insufficient data for IR
  ✓ S2: Long IR (-0.09%), Short XEC (-1.36%)
      Combined: -0.72%, Portfolio: $922,687

119/223: 2020-03-31: Added=nan, Removed=M
  Holding Period End Date: 2020-04-03

120/223: 2020-03-31: Added=nan, Removed=RTN
  Holding Period End Date: 2020-04-03

121/223: 2020-03-31: Added=CARR, Removed=nan
  Holding Period End Date: 2020-04-03
    Error fetching CARR: 'FANG'
  ✗ S1: Insufficient data for CARR

122/223: 2020-03-31: Added=OTIS, Removed=nan
  Holding Period End Date: 2020-04-03
    YFinance output for OTIS: 1 Failed download:
['DISH']: YFTzMissingError('possibly delisted; no timezone found')
    Warning: No data found for OTIS
  ✗ S1: Insufficient data for OTIS

123/223: 2020-05-05: Added=HWM, Removed=ARNC
  Holding Period End Date: 2020-05-08
    YFinance output for HWM: 1 Failed download:
['CA']: YFPricesMissingError('possibly delisted; no price data found  (1d 2018-10-30 00:00:00 -> 2018-11-01) (Yahoo error = "Data doesn\'t exist for startDate = 1540872000, endDate = 1541044800")')
    Warning: No data found for HWM
  ✗ S1: Insufficient data for HWM
    Warning: No data found for ARNC
  ✗ S2: Insufficient data for HWM/ARNC

124/223: 2020-05-06: Added=DXCM, Removed=AGN
  Holding Period End Date: 2020-05-11
    YFinance output for DXCM: 1 Failed download:
['MXIM']: YFTzMissingError('possibly delisted; no timezone found')
  ✓ S1: DXCM 1.24%, Portfolio: $680,614
    Warning: No data found for AGN
  ✗ S2: Insufficient data for DXCM/AGN

125/223: 2020-05-06: Added=DPZ, Removed=CPRI
  Holding Period End Date: 2020-05-11
  ✓ S1: DPZ 0.00%, Portfolio: $680,614
  ✗ S2: Error processing DPZ/CPRI: cannot convert the series to <class 'float'>

126/223: 2020-05-18: Added=WST, Removed=HP
  Holding Period End Date: 2020-05-21
  ✓ S1: WST -4.52%, Portfolio: $649,874
  ✓ S2: Long WST (0.39%), Short HP (-0.90%)
      Combined: -0.25%, Portfolio: $920,354

127/223: 2020-06-12: Added=BIO, Removed=ADS
  Holding Period End Date: 2020-06-17
  ✓ S1: BIO -3.51%, Portfolio: $627,071
    Warning: No data found for BIO
    Warning: No data found for ADS
  ✗ S2: Insufficient data for BIO/ADS

128/223: 2020-06-12: Added=TDY, Removed=HOG
  Holding Period End Date: 2020-06-17
  ✓ S1: TDY -2.05%, Portfolio: $614,216
    YFinance output for TDY: 2 Failed downloads:
['FRC']: YFTzMissingError('possibly delisted; no timezone found')
['ESRX']: YFPricesMissingError('possibly delisted; no price data found  (1d 2018-12-27 00:00:00 -> 2019-01-04)')
    Warning: No data found for HOG
  ✗ S2: Insufficient data for TDY/HOG

129/223: 2020-06-12: Added=TYL, Removed=JWN
  Holding Period End Date: 2020-06-17
  ✗ S1: Error processing TYL: cannot convert the series to <class 'float'>
    YFinance output for TYL: 1 Failed download:
['FRC']: YFTzMissingError('possibly delisted; no timezone found')
    YFinance output for JWN: 1 Failed download:
['FRC']: YFTzMissingError('possibly delisted; no timezone found')

1 Failed download:
['FRC']: YFTzMissingError('possibly delisted; no timezone found')
  ✗ S2: Error processing TYL/JWN: cannot convert the series to <class 'float'>

130/223: 2020-09-04: Added=CTLT, Removed=KSS
  Holding Period End Date: 2020-09-10
  ✓ S1: CTLT -2.16%, Portfolio: $600,925
  ✓ S2: Long CTLT (-1.41%), Short KSS (1.43%)
      Combined: 0.01%, Portfolio: $920,447

131/223: 2020-09-04: Added=ETSY, Removed=HRB
  Holding Period End Date: 2020-09-10
  ✓ S1: ETSY 4.72%, Portfolio: $629,312
  ✗ S2: Error processing ETSY/HRB: cannot convert the series to <class 'float'>

132/223: 2020-09-04: Added=TER, Removed=COTY
  Holding Period End Date: 2020-09-10
  ✓ S1: TER 0.52%, Portfolio: $632,562
  ✓ S2: Long TER (0.52%), Short COTY (1.16%)
      Combined: 0.84%, Portfolio: $928,146

133/223: 2020-10-01: Added=POOL, Removed=ETFC
  Holding Period End Date: 2020-10-06
  ✓ S1: POOL 4.75%, Portfolio: $662,589
  ✓ S2: Long POOL (-1.14%), Short ETFC (-3.13%)
      Combined: -2.14%, Portfolio: $908,302

134/223: 2020-10-05: Added=VNT, Removed=nan
  Holding Period End Date: 2020-10-08
  ✓ S1: VNT 3.23%, Portfolio: $684,019

135/223: 2020-10-05: Added=nan, Removed=NBL
  Holding Period End Date: 2020-10-08

136/223: 2020-12-11: Added=TSLA, Removed=AIV
  Holding Period End Date: 2020-12-16
  ✓ S1: TSLA 2.58%, Portfolio: $701,687
  ✓ S2: Long TSLA (-0.76%), Short AIV (0.30%)
      Combined: -0.23%, Portfolio: $906,200

137/223: 2020-12-30: Added=ENPH, Removed=TIF
  Holding Period End Date: 2021-01-05
  ✓ S1: ENPH 2.25%, Portfolio: $717,491
  ✓ S2: Long ENPH (-1.03%), Short TIF (-0.93%)
      Combined: -0.98%, Portfolio: $897,336

138/223: 2021-01-15: Added=TRMB, Removed=CXO
  Holding Period End Date: 2021-01-21
  ✓ S1: TRMB 4.09%, Portfolio: $746,866
  ✓ S2: Long TRMB (-1.03%), Short CXO (-2.52%)
      Combined: -1.77%, Portfolio: $881,436

139/223: 2021-02-08: Added=MPWR, Removed=FTI
  Holding Period End Date: 2021-02-11
    YFinance output for MPWR: 1 Failed download:
['SIVB']: YFTzMissingError('possibly delisted; no timezone found')

1 Failed download:
['SIVB']: YFTzMissingError('possibly delisted; no timezone found')

1 Failed download:
['SIVB']: YFTzMissingError('possibly delisted; no timezone found')
  ✓ S1: MPWR 5.69%, Portfolio: $789,370
  ✓ S2: Long MPWR (5.69%), Short FTI (-2.52%)
      Combined: 1.59%, Portfolio: $895,419

140/223: 2021-03-12: Added=CZR, Removed=VNT
  Holding Period End Date: 2021-03-17
  ✓ S1: CZR -1.19%, Portfolio: $779,939
  ✗ S2: Error processing CZR/VNT: cannot convert the series to <class 'float'>

141/223: 2021-03-12: Added=PENN, Removed=SLG
  Holding Period End Date: 2021-03-17
  ✓ S1: PENN 2.65%, Portfolio: $800,628
  ✓ S2: Long PENN (-3.50%), Short SLG (0.82%)
      Combined: -1.34%, Portfolio: $883,406

142/223: 2021-03-12: Added=NXPI, Removed=FLS
  Holding Period End Date: 2021-03-17
  ✓ S1: NXPI -6.24%, Portfolio: $750,667
  ✓ S2: Long NXPI (0.81%), Short FLS (0.82%)
      Combined: 0.81%, Portfolio: $890,585

143/223: 2021-03-12: Added=GNRC, Removed=XRX
  Holding Period End Date: 2021-03-17
  ✓ S1: GNRC 2.56%, Portfolio: $769,875
  ✓ S2: Long GNRC (-6.24%), Short XRX (-1.28%)
      Combined: -3.76%, Portfolio: $857,083

144/223: 2021-04-15: Added=PTC, Removed=VAR
  Holding Period End Date: 2021-04-20
  ✓ S1: PTC -4.76%, Portfolio: $733,215
    Warning: No data found for VAR
  ✗ S2: Insufficient data for PTC/VAR

145/223: 2021-05-10: Added=CRL, Removed=FLIR
  Holding Period End Date: 2021-05-13
  ✓ S1: CRL -0.92%, Portfolio: $726,460
  ✓ S2: Long CRL (-6.11%), Short FLIR (-10.57%)
      Combined: -8.34%, Portfolio: $785,619

146/223: 2021-05-27: Added=OGN, Removed=nan
  Holding Period End Date: 2021-06-02
  ✓ S1: OGN 4.14%, Portfolio: $756,524

147/223: 2021-05-27: Added=nan, Removed=HFC
  Holding Period End Date: 2021-06-02

148/223: 2021-07-15: Added=MRNA, Removed=ALXN
  Holding Period End Date: 2021-07-20
    Warning: No data found for MRNA
  ✗ S1: Insufficient data for MRNA
  ✗ S2: Error processing MRNA/ALXN: cannot convert the series to <class 'float'>

149/223: 2021-08-24: Added=TECH, Removed=MXIM
  Holding Period End Date: 2021-08-27
    Warning: No data found for TECH
  ✗ S1: Insufficient data for TECH
  ✓ S2: Long TECH (1.04%), Short MXIM (0.00%)
      Combined: 0.52%, Portfolio: $789,704

150/223: 2021-09-03: Added=BRO, Removed=NOV
  Holding Period End Date: 2021-09-09
  ✓ S1: BRO -0.78%, Portfolio: $750,618
    Warning: No data found for NOV
  ✗ S2: Insufficient data for BRO/NOV

151/223: 2021-09-03: Added=CDAY, Removed=UNM
  Holding Period End Date: 2021-09-09
  ✓ S1: CDAY 5.72%, Portfolio: $793,568
  ✓ S2: Long CDAY (-7.25%), Short UNM (-5.41%)
      Combined: -6.33%, Portfolio: $739,726

152/223: 2021-09-03: Added=MTCH, Removed=PRGO
  Holding Period End Date: 2021-09-09
    Warning: No data found for MTCH
  ✗ S1: Insufficient data for MTCH
    YFinance output for MTCH: 1 Failed download:
['TWTR']: YFTzMissingError('possibly delisted; no timezone found')
  ✗ S2: Error processing MTCH/PRGO: cannot convert the series to <class 'float'>

153/223: 2021-12-03: Added=FDS, Removed=WU
  Holding Period End Date: 2021-12-08
    YFinance output for FDS: 1 Failed download:
['RHT']: YFTzMissingError('possibly delisted; no timezone found')
    Warning: No data found for FDS
  ✗ S1: Insufficient data for FDS
  ✓ S2: Long FDS (-4.04%), Short WU (4.21%)
      Combined: 0.09%, Portfolio: $740,355

154/223: 2021-12-03: Added=SEDG, Removed=HBI
  Holding Period End Date: 2021-12-08
  ✓ S1: SEDG -3.08%, Portfolio: $769,147
  ✓ S2: Long SEDG (1.85%), Short HBI (4.21%)
      Combined: 3.03%, Portfolio: $762,789

155/223: 2021-12-03: Added=SBNY, Removed=LEG
  Holding Period End Date: 2021-12-08
    YFinance output for SBNY: 2 Failed downloads:
['APC', 'RHT']: YFTzMissingError('possibly delisted; no timezone found')

2 Failed downloads:
['APC', 'RHT']: YFTzMissingError('possibly delisted; no timezone found')

2 Failed downloads:
['APC', 'RHT']: YFTzMissingError('possibly delisted; no timezone found')
    Warning: No data found for SBNY
  ✗ S1: Insufficient data for SBNY
    Warning: No data found for SBNY
  ✗ S2: Insufficient data for SBNY/LEG

156/223: 2021-12-07: Added=EPAM, Removed=KSU
  Holding Period End Date: 2021-12-10
  ✓ S1: EPAM 6.27%, Portfolio: $817,350
    Warning: No data found for EPAM
  ✗ S2: Insufficient data for EPAM/KSU

157/223: 2022-01-26: Added=CEG, Removed=nan
  Holding Period End Date: 2022-01-31
  ✓ S1: CEG -1.66%, Portfolio: $803,803

158/223: 2022-01-26: Added=nan, Removed=GPS
  Holding Period End Date: 2022-01-31

159/223: 2022-02-10: Added=NDSN, Removed=XLNX
  Holding Period End Date: 2022-02-15
    YFinance output for NDSN: 1 Failed download:
['TSS']: YFTzMissingError('possibly delisted; no timezone found')
  ✓ S1: NDSN -1.17%, Portfolio: $794,391
    Warning: No data found for XLNX
  ✗ S2: Insufficient data for NDSN/XLNX

160/223: 2022-02-25: Added=MOH, Removed=INFO
  Holding Period End Date: 2022-03-02
    YFinance output for MOH: 2 Failed downloads:
['VIAB', 'KSU']: YFTzMissingError('possibly delisted; no timezone found')

2 Failed downloads:
['VIAB', 'KSU']: YFTzMissingError('possibly delisted; no timezone found')

2 Failed downloads:
['VIAB', 'KSU']: YFTzMissingError('possibly delisted; no timezone found')

2 Failed downloads:
['VIAB', 'KSU']: YFTzMissingError('possibly delisted; no timezone found')
    Warning: No data found for MOH
  ✗ S1: Insufficient data for MOH
  ✗ S2: Error processing MOH/INFO: cannot convert the series to <class 'float'>

161/223: 2022-03-29: Added=CPT, Removed=PBCT
  Holding Period End Date: 2022-04-01
  ✗ S1: Error processing CPT: cannot convert the series to <class 'float'>
  ✓ S2: Long CPT (-3.64%), Short PBCT (3.78%)
      Combined: 0.07%, Portfolio: $763,313

162/223: 2022-04-07: Added=WBD, Removed=DISCA
  Holding Period End Date: 2022-04-12
  ✓ S1: WBD -2.22%, Portfolio: $776,735
    YFinance output for DISCA: 1 Failed download:
['VIAB']: YFTzMissingError('possibly delisted; no timezone found')

1 Failed download:
['VIAB']: YFTzMissingError('possibly delisted; no timezone found')

1 Failed download:
['VIAB']: YFTzMissingError('possibly delisted; no timezone found')
    Warning: No data found for DISCA
  ✗ S2: Insufficient data for WBD/DISCA

163/223: 2022-04-07: Added=nan, Removed=DISCK
  Holding Period End Date: 2022-04-12

164/223: 2022-06-03: Added=VICI, Removed=CERN
  Holding Period End Date: 2022-06-08
  ✓ S1: VICI -0.27%, Portfolio: $774,639
  ✓ S2: Long VICI (-0.61%), Short CERN (-2.24%)
      Combined: -1.42%, Portfolio: $752,452

165/223: 2022-06-03: Added=ON, Removed=IPGP
  Holding Period End Date: 2022-06-08
    Warning: No data found for ON
  ✗ S1: Insufficient data for ON
    Warning: No data found for IPGP
  ✗ S2: Insufficient data for ON/IPGP

166/223: 2022-06-03: Added=KDP, Removed=UAA
  Holding Period End Date: 2022-06-08
  ✓ S1: KDP -0.61%, Portfolio: $769,943
  ✓ S2: Long KDP (-0.91%), Short UAA (0.61%)
      Combined: -0.15%, Portfolio: $751,317

167/223: 2022-06-03: Added=nan, Removed=UA
  Holding Period End Date: 2022-06-08

168/223: 2022-09-02: Added=CSGP, Removed=PVH
  Holding Period End Date: 2022-09-08
    YFinance output for CSGP: 1 Failed download:
['XEC']: YFTzMissingError('possibly delisted; no timezone found')
    Warning: No data found for CSGP
  ✗ S1: Insufficient data for CSGP
  ✓ S2: Long CSGP (-12.00%), Short PVH (2.86%)
      Combined: -4.57%, Portfolio: $716,998

169/223: 2022-09-02: Added=INVH, Removed=PENN
  Holding Period End Date: 2022-09-08
    YFinance output for INVH: 1 Failed download:
['WCG']: YFTzMissingError('possibly delisted; no timezone found')

1 Failed download:
['WCG']: YFTzMissingError('possibly delisted; no timezone found')

1 Failed download:
['WCG']: YFTzMissingError('possibly delisted; no timezone found')
  ✓ S1: INVH -0.78%, Portfolio: $763,963
  ✓ S2: Long INVH (-5.68%), Short PENN (0.78%)
      Combined: -2.45%, Portfolio: $699,431

170/223: 2022-09-23: Added=PCG, Removed=CTXS
  Holding Period End Date: 2022-09-28
  ✓ S1: PCG 3.05%, Portfolio: $787,264
    Warning: No data found for PCG
  ✗ S2: Insufficient data for PCG/CTXS

171/223: 2022-09-23: Added=EQT, Removed=DRE
  Holding Period End Date: 2022-09-28
    Warning: No data found for EQT
  ✗ S1: Insufficient data for EQT
  ✗ S2: Error processing EQT/DRE: cannot convert the series to <class 'float'>

172/223: 2022-10-06: Added=TRGP, Removed=NLSN
  Holding Period End Date: 2022-10-11
  ✓ S1: TRGP 3.36%, Portfolio: $813,700
  ✗ S2: Error processing TRGP/NLSN: cannot convert the series to <class 'float'>

173/223: 2022-10-27: Added=ACGL, Removed=TWTR
  Holding Period End Date: 2022-11-01
    Warning: No data found for ACGL
  ✗ S1: Insufficient data for ACGL
  ✓ S2: Long ACGL (13.37%), Short TWTR (3.96%)
      Combined: 8.66%, Portfolio: $760,016

174/223: 2022-12-12: Added=FSLR, Removed=FBHS
  Holding Period End Date: 2022-12-15
    YFinance output for FSLR: 1 Failed download:
['AGN']: YFTzMissingError('possibly delisted; no timezone found')

1 Failed download:
['AGN']: YFTzMissingError('possibly delisted; no timezone found')
    Warning: No data found for FSLR
  ✗ S1: Insufficient data for FSLR
  ✗ S2: Error processing FSLR/FBHS: cannot convert the series to <class 'float'>

175/223: 2022-12-12: Added=nan, Removed=MBC
  Holding Period End Date: 2022-12-15

176/223: 2022-12-12: Added=MBC, Removed=nan
  Holding Period End Date: 2022-12-15
  ✓ S1: MBC -3.38%, Portfolio: $786,204

177/223: 2022-12-19: Added=STLD, Removed=ABMD
  Holding Period End Date: 2022-12-22
  ✓ S1: STLD 14.96%, Portfolio: $903,838
    Warning: No data found for ABMD
  ✗ S2: Insufficient data for STLD/ABMD

178/223: 2022-12-28: Added=GEHC, Removed=nan
  Holding Period End Date: 2023-01-03
    YFinance output for GEHC: 1 Failed download:
['ADS']: YFTzMissingError('possibly delisted; no timezone found')

1 Failed download:
['ADS']: YFTzMissingError('possibly delisted; no timezone found')
    Warning: No data found for GEHC
  ✗ S1: Insufficient data for GEHC

179/223: 2022-12-28: Added=nan, Removed=VNO
  Holding Period End Date: 2023-01-03

180/223: 2023-03-03: Added=FICO, Removed=LUMN
  Holding Period End Date: 2023-03-08
  ✓ S1: FICO 10.32%, Portfolio: $997,152
  ✓ S2: Long FICO (8.08%), Short LUMN (-1.37%)
      Combined: 3.35%, Portfolio: $785,502

181/223: 2023-03-10: Added=PODD, Removed=SIVB
  Holding Period End Date: 2023-03-15
  ✓ S1: PODD -3.38%, Portfolio: $963,457
  ✓ S2: Long PODD (-0.34%), Short SIVB (1.08%)
      Combined: 0.37%, Portfolio: $788,411

182/223: 2023-03-13: Added=BG, Removed=SBNY
  Holding Period End Date: 2023-03-16
  ✓ S1: BG -0.34%, Portfolio: $960,193
    Warning: No data found for BG
  ✗ S2: Insufficient data for BG/SBNY

183/223: 2023-05-01: Added=AXON, Removed=FRC
  Holding Period End Date: 2023-05-04
  ✓ S1: AXON 0.57%, Portfolio: $965,662
    Warning: No data found for FRC
  ✗ S2: Insufficient data for AXON/FRC

184/223: 2023-06-02: Added=PANW, Removed=DISH
  Holding Period End Date: 2023-06-07
  ✓ S1: PANW -1.31%, Portfolio: $952,992
    YFinance output for DISH: 1 Failed download:
['CTLT']: YFTzMissingError('possibly delisted; no timezone found')

1 Failed download:
['CTLT']: YFTzMissingError('possibly delisted; no timezone found')

1 Failed download:
['CTLT']: YFTzMissingError('possibly delisted; no timezone found')
  ✓ S2: Long PANW (-1.31%), Short DISH (-1.17%)
      Combined: -1.24%, Portfolio: $778,610

185/223: 2023-08-21: Added=nan, Removed=TEL
  Holding Period End Date: 2023-08-24

186/223: 2023-08-21: Added=KVUE, Removed=AAP
  Holding Period End Date: 2023-08-24
  ✓ S1: KVUE -0.48%, Portfolio: $948,460
  ✓ S2: Long KVUE (-1.62%), Short AAP (4.59%)
      Combined: 1.49%, Portfolio: $790,199

187/223: 2023-08-21: Added=PCS, Removed=nan
  Holding Period End Date: 2023-08-24
  ✓ S1: PCS -5.43%, Portfolio: $896,993

188/223: 2023-09-14: Added=BX, Removed=LNC
  Holding Period End Date: 2023-09-19
  ✓ S1: BX -0.08%, Portfolio: $896,255
  ✗ S2: Insufficient data for BX/LNC

189/223: 2023-09-14: Added=ABNB, Removed=NWL
  Holding Period End Date: 2023-09-19
    Warning: No data found for ABNB
  ✗ S1: Insufficient data for ABNB
    YFinance output for ABNB: 1 Failed download:
['PCS']: YFPricesMissingError('possibly delisted; no price data found  (1d 2023-08-21 00:00:00 -> 2023-08-23) (Yahoo error = "Data doesn\'t exist for startDate = 1692590400, endDate = 1692763200")')

1 Failed download:
['PCS']: YFPricesMissingError('possibly delisted; no price data found  (1d 2023-08-21 00:00:00 -> 2023-08-23) (Yahoo error = "Data doesn\'t exist for startDate = 1692590400, endDate = 1692763200")')
    Warning: No data found for ABNB
  ✗ S2: Insufficient data for ABNB/NWL

190/223: 2023-09-28: Added=VLTO, Removed=nan
  Holding Period End Date: 2023-10-03
  ✓ S1: VLTO 3.81%, Portfolio: $930,431

191/223: 2023-09-28: Added=nan, Removed=DXC
  Holding Period End Date: 2023-10-03

192/223: 2023-10-13: Added=LULU, Removed=ATVI
  Holding Period End Date: 2023-10-18
  ✓ S1: LULU 15.44%, Portfolio: $1,074,118
    YFinance output for LULU: 1 Failed download:
['ETFC']: YFTzMissingError('possibly delisted; no timezone found')
  ✗ S2: Error processing LULU/ATVI: cannot convert the series to <class 'float'>

193/223: 2023-10-13: Added=HUBB, Removed=OGN
  Holding Period End Date: 2023-10-18
  ✓ S1: HUBB -1.67%, Portfolio: $1,056,156
  ✓ S2: Long HUBB (-0.40%), Short OGN (2.24%)
      Combined: 0.92%, Portfolio: $797,468

194/223: 2023-12-01: Added=UBER, Removed=SEE
  Holding Period End Date: 2023-12-06
  ✓ S1: UBER 1.22%, Portfolio: $1,069,080
    YFinance output for UBER: 1 Failed download:
['TIF']: YFTzMissingError('possibly delisted; no timezone found')
  ✗ S2: Error processing UBER/SEE: cannot convert the series to <class 'float'>

195/223: 2023-12-01: Added=BLDR, Removed=SEDG
  Holding Period End Date: 2023-12-06
  ✗ S1: Error processing BLDR: cannot convert the series to <class 'float'>
    Warning: No data found for BLDR
    YFinance output for SEDG: 1 Failed download:
['CXO']: YFTzMissingError('possibly delisted; no timezone found')

1 Failed download:
['CXO']: YFTzMissingError('possibly delisted; no timezone found')
  ✗ S2: Insufficient data for BLDR/SEDG

196/223: 2023-12-01: Added=JBL, Removed=ALK
  Holding Period End Date: 2023-12-06
  ✓ S1: JBL -2.54%, Portfolio: $1,041,900
  ✗ S2: Error processing JBL/ALK: cannot convert the series to <class 'float'>

197/223: 2024-03-01: Added=SMCI, Removed=WHR
  Holding Period End Date: 2024-03-06
  ✓ S1: SMCI 2.35%, Portfolio: $1,066,372
  ✓ S2: Long SMCI (2.86%), Short WHR (4.77%)
      Combined: 3.81%, Portfolio: $827,888

198/223: 2024-03-01: Added=DECK, Removed=ZION
  Holding Period End Date: 2024-03-06
  ✓ S1: DECK -0.80%, Portfolio: $1,057,794
  ✓ S2: Long DECK (0.83%), Short ZION (-12.11%)
      Combined: -5.64%, Portfolio: $781,215

199/223: 2024-03-27: Added=SOLV, Removed=nan
  Holding Period End Date: 2024-04-02
  ✓ S1: SOLV -4.55%, Portfolio: $1,009,646

200/223: 2024-03-27: Added=GEV, Removed=nan
  Holding Period End Date: 2024-04-02
  ✓ S1: GEV 10.52%, Portfolio: $1,115,910

201/223: 2024-03-27: Added=nan, Removed=XRAY
  Holding Period End Date: 2024-04-02

202/223: 2024-03-27: Added=nan, Removed=VFC
  Holding Period End Date: 2024-04-02

203/223: 2024-05-03: Added=VST, Removed=PXD
  Holding Period End Date: 2024-05-08
  ✗ S1: Error processing VST: cannot convert the series to <class 'float'>
  ✗ S2: Error processing VST/PXD: cannot convert the series to <class 'float'>

204/223: 2024-06-07: Added=KKR, Removed=RHI
  Holding Period End Date: 2024-06-12
  ✓ S1: KKR -4.55%, Portfolio: $1,065,105
  ✓ S2: Long KKR (-3.88%), Short RHI (4.04%)
      Combined: 0.08%, Portfolio: $781,827

205/223: 2024-06-07: Added=CRWD, Removed=CMA
  Holding Period End Date: 2024-06-12
  ✓ S1: CRWD 13.56%, Portfolio: $1,209,484
  ✓ S2: Long CRWD (-2.92%), Short CMA (3.42%)
      Combined: 0.25%, Portfolio: $783,787

206/223: 2024-06-07: Added=GDDY, Removed=ILMN
  Holding Period End Date: 2024-06-12
  ✓ S1: GDDY 8.96%, Portfolio: $1,317,861
  ✓ S2: Long GDDY (-5.25%), Short ILMN (5.54%)
      Combined: 0.15%, Portfolio: $784,928

207/223: 2024-09-06: Added=ERIE, Removed=BIO
  Holding Period End Date: 2024-09-11
  ✓ S1: ERIE -2.54%, Portfolio: $1,284,437
  ✓ S2: Long ERIE (-3.63%), Short BIO (-8.22%)
      Combined: -5.93%, Portfolio: $738,396

208/223: 2024-09-06: Added=DELL, Removed=ETSY
  Holding Period End Date: 2024-09-11
  ✓ S1: DELL -1.04%, Portfolio: $1,271,096
    Warning: No data found for ETSY
  ✗ S2: Insufficient data for DELL/ETSY

209/223: 2024-09-06: Added=PLTR, Removed=AAL
  Holding Period End Date: 2024-09-11
    YFinance output for PLTR: 1 Failed download:
['VAR']: YFTzMissingError('possibly delisted; no timezone found')

1 Failed download:
['VAR']: YFTzMissingError('possibly delisted; no timezone found')
  ✗ S1: Error processing PLTR: cannot convert the series to <class 'float'>
    YFinance output for PLTR: 1 Failed download:
['VAR']: YFTzMissingError('possibly delisted; no timezone found')

1 Failed download:
['VAR']: YFTzMissingError('possibly delisted; no timezone found')
    Warning: No data found for PLTR
  ✗ S2: Insufficient data for PLTR/AAL

210/223: 2024-09-24: Added=AMTM, Removed=nan
  Holding Period End Date: 2024-09-27
    Warning: No data found for AMTM
  ✗ S1: Insufficient data for AMTM

211/223: 2024-09-24: Added=nan, Removed=BBWI
  Holding Period End Date: 2024-09-27

212/223: 2024-11-21: Added=TPL, Removed=MRO
  Holding Period End Date: 2024-11-26
  ✓ S1: TPL -3.57%, Portfolio: $1,225,770
    Warning: No data found for MRO
  ✗ S2: Insufficient data for TPL/MRO

213/223: 2024-12-06: Added=WDAY, Removed=AMTM
  Holding Period End Date: 2024-12-11
  ✓ S1: WDAY 18.35%, Portfolio: $1,450,721
  ✗ S2: Error processing WDAY/AMTM: cannot convert the series to <class 'float'>

214/223: 2024-12-06: Added=APO, Removed=QRVO
  Holding Period End Date: 2024-12-11
    Warning: No data found for APO
  ✗ S1: Insufficient data for APO
    YFinance output for APO: 1 Failed download:
['RHT']: YFTzMissingError('possibly delisted; no timezone found')

1 Failed download:
['RHT']: YFTzMissingError('possibly delisted; no timezone found')
    Warning: No data found for APO
  ✗ S2: Insufficient data for APO/QRVO

215/223: 2024-12-18: Added=LII, Removed=CTLT
  Holding Period End Date: 2024-12-23
  ✓ S1: LII 0.51%, Portfolio: $1,458,144
    Warning: No data found for LII
    Warning: No data found for CTLT
  ✗ S2: Insufficient data for LII/CTLT

216/223: 2025-03-07: Added=EXE, Removed=FMC
  Holding Period End Date: 2025-03-12
  ✓ S1: EXE -1.78%, Portfolio: $1,432,246
    Warning: No data found for EXE
    YFinance output for FMC: 1 Failed download:
['CDAY']: YFTzMissingError('possibly delisted; no timezone found')
    Warning: No data found for FMC
  ✗ S2: Insufficient data for EXE/FMC

217/223: 2025-03-07: Added=WSM, Removed=CE
  Holding Period End Date: 2025-03-12
    YFinance output for WSM: 1 Failed download:
['CDAY']: YFTzMissingError('possibly delisted; no timezone found')

1 Failed download:
['CDAY']: YFTzMissingError('possibly delisted; no timezone found')

1 Failed download:
['CDAY']: YFTzMissingError('possibly delisted; no timezone found')
  ✗ S1: Error processing WSM: cannot convert the series to <class 'float'>
  ✓ S2: Long WSM (6.82%), Short CE (-6.04%)
      Combined: 0.39%, Portfolio: $741,273

218/223: 2025-03-07: Added=TKO, Removed=TFX
  Holding Period End Date: 2025-03-12
  ✗ S1: Error processing TKO: cannot convert the series to <class 'float'>
  ✓ S2: Long TKO (0.10%), Short TFX (-1.71%)
      Combined: -0.81%, Portfolio: $735,303

219/223: 2025-03-07: Added=DASH, Removed=BWA
  Holding Period End Date: 2025-03-12
  ✓ S1: DASH 5.66%, Portfolio: $1,513,356
  ✗ S2: Insufficient data for DASH/BWA

220/223: 2025-05-12: Added=COIN, Removed=DFS
  Holding Period End Date: 2025-05-15
  ✓ S1: COIN 6.13%, Portfolio: $1,606,178
  ✓ S2: Long COIN (-1.42%), Short DFS (-7.13%)
      Combined: -4.27%, Portfolio: $703,889

221/223: 2025-07-02: Added=DDOG, Removed=JNPR
  Holding Period End Date: 2025-07-08
  ✓ S1: DDOG -1.42%, Portfolio: $1,583,414
  ✓ S2: Long DDOG (2.67%), Short JNPR (-6.52%)
      Combined: -1.93%, Portfolio: $690,322

222/223: 2025-07-14: Added=TTD, Removed=ANSS
  Holding Period End Date: 2025-07-17
  ✓ S1: TTD 3.54%, Portfolio: $1,639,440
    Warning: No data found for ANSS
  ✗ S2: Insufficient data for TTD/ANSS

223/223: 2025-07-18: Added=XYZ, Removed=HES
  Holding Period End Date: 2025-07-23
    YFinance output for XYZ: 1 Failed download:
['SBNY']: YFPricesMissingError('possibly delisted; no price data found  (1d 2021-12-03 00:00:00 -> 2021-12-09) (Yahoo error = "Data doesn\'t exist for startDate = 1638507600, endDate = 1639026000")')
    Warning: No data found for XYZ
  ✗ S1: Insufficient data for XYZ
    YFinance output for XYZ: 1 Failed download:
['SBNY']: YFPricesMissingError('possibly delisted; no price data found  (1d 2021-12-03 00:00:00 -> 2021-12-09) (Yahoo error = "Data doesn\'t exist for startDate = 1638507600, endDate = 1639026000")')
  ✓ S2: Long XYZ (17.65%), Short HES (-14.65%)
      Combined: 1.50%, Portfolio: $700,677

============================================================
FINAL RESULTS
Strategy 1: 131 successful trades, Final: $1,639,440 (63.94%)
Strategy 2: 78 successful trades, Final: $700,677 (-29.93%)
Completed: 2025-08-31 17:56:10
