S&P 500 Index Update Trading Strategy Analysis (Multithread)
Holding Period: 14 trading days
Date Range: 2015-07-02 to 2025-07-18
Timestamp: 2025-08-31 18:04:49
============================================================

1/223: 2015-07-02: Added=KHC, Removed=KRFT
  Holding Period End Date: 2015-07-23
  ✓ S1: KHC 4.69%, Portfolio: $1,046,913
    Warning: No data found for KHC
    Warning: No data found for KRFT
  ✗ S2: Insufficient data for KHC/KRFT

2/223: 2015-07-06: Added=AAP, Removed=FDO
  Holding Period End Date: 2015-07-24
  ✓ S1: AAP -1.40%, Portfolio: $1,032,284
    YFinance output for AAP: 1 Failed download:
['INFO']: YFPricesMissingError('possibly delisted; no price data found  (1d 2017-05-24 00:00:00 -> 2017-06-13) (Yahoo error = "Data doesn\'t exist for startDate = 1495598400, endDate = 1497326400")')
    Warning: No data found for AAP
    YFinance output for FDO: 1 Failed download:
['Q']: YFPricesMissingError('possibly delisted; no price data found  (1d 2017-08-24 00:00:00 -> 2017-09-08)')
  ✗ S2: Insufficient data for AAP/FDO

3/223: 2015-07-14: Added=PYPL, Removed=NE
  Holding Period End Date: 2015-08-03
    YFinance output for PYPL: 1 Failed download:
['INFO']: YFPricesMissingError('possibly delisted; no price data found  (1d 2017-05-24 00:00:00 -> 2017-06-13) (Yahoo error = "Data doesn\'t exist for startDate = 1495598400, endDate = 1497326400")')

1 Failed download:
['INFO']: YFPricesMissingError('possibly delisted; no price data found  (1d 2017-05-24 00:00:00 -> 2017-06-13) (Yahoo error = "Data doesn\'t exist for startDate = 1495598400, endDate = 1497326400")')
    Warning: No data found for PYPL
  ✗ S1: Insufficient data for PYPL
    YFinance output for PYPL: 1 Failed download:
['INFO']: YFPricesMissingError('possibly delisted; no price data found  (1d 2017-05-24 00:00:00 -> 2017-06-13) (Yahoo error = "Data doesn\'t exist for startDate = 1495598400, endDate = 1497326400")')
    Warning: No data found for NE
  ✗ S2: Insufficient data for PYPL/NE

4/223: 2015-07-24: Added=SIG, Removed=DTV
  Holding Period End Date: 2015-08-13
    YFinance output for SIG: 1 Failed download:
['RE']: YFTzMissingError('possibly delisted; no timezone found')

1 Failed download:
['RE']: YFTzMissingError('possibly delisted; no timezone found')

1 Failed download:
['RE']: YFTzMissingError('possibly delisted; no timezone found')

1 Failed download:
['RE']: YFTzMissingError('possibly delisted; no timezone found')
    Warning: No data found for SIG
  ✗ S1: Insufficient data for SIG
  ✓ S2: Long SIG (0.33%), Short DTV (-0.33%)
      Combined: 0.00%, Portfolio: $1,000,005

5/223: 2015-08-27: Added=ATVI, Removed=PLL
  Holding Period End Date: 2015-09-17
  ✓ S1: ATVI 5.98%, Portfolio: $1,094,007
    Warning: No data found for PLL
  ✗ S2: Insufficient data for ATVI/PLL

6/223: 2015-08-27: Added=UAL, Removed=HSP
  Holding Period End Date: 2015-09-17
  ✓ S1: UAL 3.36%, Portfolio: $1,130,787
  ✓ S2: Long UAL (-3.77%), Short HSP (7.65%)
      Combined: 1.94%, Portfolio: $1,019,423

7/223: 2015-09-30: Added=VRSK, Removed=JOY
  Holding Period End Date: 2015-10-20
    YFinance output for VRSK: 1 Failed download:
['BHI']: YFPricesMissingError('possibly delisted; no price data found  (1d 2017-06-30 00:00:00 -> 2017-07-19) (Yahoo error = "Data doesn\'t exist for startDate = 1498795200, endDate = 1500436800")')
    Warning: No data found for VRSK
  ✗ S1: Insufficient data for VRSK
    YFinance output for VRSK: 1 Failed download:
['BHI']: YFPricesMissingError('possibly delisted; no price data found  (1d 2017-06-30 00:00:00 -> 2017-07-20) (Yahoo error = "Data doesn\'t exist for startDate = 1498795200, endDate = 1500523200")')

1 Failed download:
['BHI']: YFPricesMissingError('possibly delisted; no price data found  (1d 2017-06-30 00:00:00 -> 2017-07-20) (Yahoo error = "Data doesn\'t exist for startDate = 1498795200, endDate = 1500523200")')

1 Failed download:
['BHI']: YFPricesMissingError('possibly delisted; no price data found  (1d 2017-06-30 00:00:00 -> 2017-07-20) (Yahoo error = "Data doesn\'t exist for startDate = 1498795200, endDate = 1500523200")')
    Warning: No data found for VRSK
  ✗ S2: Insufficient data for VRSK/JOY

8/223: 2015-10-27: Added=HPE, Removed=HCBK
  Holding Period End Date: 2015-11-16
  ✓ S1: HPE -5.91%, Portfolio: $1,064,006
    Warning: No data found for HCBK
  ✗ S2: Insufficient data for HPE/HCBK

9/223: 2015-11-09: Added=SYF, Removed=GNW
  Holding Period End Date: 2015-11-30
    YFinance output for SYF: 1 Failed download:
['MNK']: YFTzMissingError('possibly delisted; no timezone found')
    Warning: No data found for SYF
  ✗ S1: Insufficient data for SYF
  ✓ S2: Long SYF (-5.23%), Short GNW (2.00%)
      Combined: -1.61%, Portfolio: $1,002,973

10/223: 2015-11-12: Added=ILMN, Removed=SIAL
  Holding Period End Date: 2015-12-03
    YFinance output for ILMN: 1 Failed download:
['MNK']: YFTzMissingError('possibly delisted; no timezone found')

1 Failed download:
['MNK']: YFTzMissingError('possibly delisted; no timezone found')

1 Failed download:
['MNK']: YFTzMissingError('possibly delisted; no timezone found')
    Warning: No data found for ILMN
  ✗ S1: Insufficient data for ILMN
  ✓ S2: Long ILMN (-1.96%), Short SIAL (13.89%)
      Combined: 5.96%, Portfolio: $1,062,794

11/223: 2015-11-23: Added=CSRA, Removed=CSC
  Holding Period End Date: 2015-12-14
  ✓ S1: CSRA -6.45%, Portfolio: $995,361
  ✓ S2: Long CSRA (-2.32%), Short CSC (-13.32%)
      Combined: -7.82%, Portfolio: $979,699

12/223: 2015-12-15: Added=nan, Removed=CMCSK
  Holding Period End Date: 2016-01-06

13/223: 2015-12-22: Added=CHD, Removed=ALTR
  Holding Period End Date: 2016-01-13
    YFinance output for CHD: 1 Failed download:
['DRE']: YFTzMissingError('possibly delisted; no timezone found')

1 Failed download:
['DRE']: YFTzMissingError('possibly delisted; no timezone found')

1 Failed download:
['DRE']: YFTzMissingError('possibly delisted; no timezone found')
    Warning: No data found for CHD
  ✗ S1: Insufficient data for CHD
    Warning: No data found for ALTR
  ✗ S2: Insufficient data for CHD/ALTR

14/223: 2015-12-28: Added=WLTW, Removed=FOSL
  Holding Period End Date: 2016-01-19
    YFinance output for WLTW: 1 Failed download:
['DRE']: YFTzMissingError('possibly delisted; no timezone found')
  ✓ S1: WLTW -1.56%, Portfolio: $979,860
    Warning: No data found for WLTW
    Warning: No data found for FOSL
  ✗ S2: Insufficient data for WLTW/FOSL

15/223: 2016-01-13: Added=EXR, Removed=ACE
  Holding Period End Date: 2016-02-03
    Warning: No data found for EXR
  ✗ S1: Insufficient data for EXR
  ✗ S2: Error processing EXR/ACE: cannot convert the series to <class 'float'>

16/223: 2016-01-22: Added=FRT, Removed=BRCM
  Holding Period End Date: 2016-02-11
  ✓ S1: FRT 0.93%, Portfolio: $988,926
    Warning: No data found for FRT
  ✗ S2: Insufficient data for FRT/BRCM

17/223: 2016-01-26: Added=CFG, Removed=PCP
  Holding Period End Date: 2016-02-16
    Warning: No data found for CFG
  ✗ S1: Insufficient data for CFG
    Warning: No data found for CFG
  ✗ S2: Insufficient data for CFG/PCP

18/223: 2016-02-16: Added=CXO, Removed=PCL
  Holding Period End Date: 2016-03-07
    YFinance output for CXO: 1 Failed download:
['DOW']: YFPricesMissingError('possibly delisted; no price data found  (1d 2017-08-24 00:00:00 -> 2017-09-11) (Yahoo error = "Data doesn\'t exist for startDate = 1503547200, endDate = 1505102400")')
    Warning: No data found for CXO
  ✗ S1: Insufficient data for CXO
    Warning: No data found for CXO
    Warning: No data found for PCL
  ✗ S2: Insufficient data for CXO/PCL

19/223: 2016-03-01: Added=AWK, Removed=CNX
  Holding Period End Date: 2016-03-21
    Warning: No data found for AWK
  ✗ S1: Insufficient data for AWK
    YFinance output for AWK: 1 Failed download:
['MON']: YFTzMissingError('possibly delisted; no timezone found')

1 Failed download:
['MON']: YFTzMissingError('possibly delisted; no timezone found')
  ✗ S2: Error processing AWK/CNX: cannot convert the series to <class 'float'>

20/223: 2016-03-04: Added=UDR, Removed=GMCR
  Holding Period End Date: 2016-03-24
    Warning: No data found for UDR
  ✗ S1: Insufficient data for UDR
    YFinance output for UDR: 1 Failed download:
['LVLT']: YFPricesMissingError('possibly delisted; no price data found  (1d 2017-10-04 00:00:00 -> 2017-10-19)')
    YFinance output for GMCR: 1 Failed download:
['DOW']: YFPricesMissingError('possibly delisted; no price data found  (1d 2017-08-24 00:00:00 -> 2017-09-13) (Yahoo error = "Data doesn\'t exist for startDate = 1503547200, endDate = 1505275200")')

1 Failed download:
['DOW']: YFPricesMissingError('possibly delisted; no price data found  (1d 2017-08-24 00:00:00 -> 2017-09-13) (Yahoo error = "Data doesn\'t exist for startDate = 1503547200, endDate = 1505275200")')
  ✓ S2: Long UDR (3.33%), Short GMCR (-0.99%)
      Combined: 1.17%, Portfolio: $991,197

21/223: 2016-03-24: Added=CNC, Removed=ESV
  Holding Period End Date: 2016-04-14
  ✓ S1: CNC -1.80%, Portfolio: $971,167
    YFinance output for ESV: 1 Failed download:
['FLT']: YFTzMissingError('possibly delisted; no timezone found')
    Warning: No data found for ESV
  ✗ S2: Insufficient data for CNC/ESV

22/223: 2016-03-24: Added=HOLX, Removed=POM
  Holding Period End Date: 2016-04-14
    YFinance output for HOLX: 1 Failed download:
['SNI']: YFPricesMissingError('possibly delisted; no price data found  (1d 2018-03-02 00:00:00 -> 2018-03-20)')
  ✗ S1: Error processing HOLX: cannot convert the series to <class 'float'>
    Warning: No data found for HOLX
  ✗ S2: Insufficient data for HOLX/POM

23/223: 2016-03-28: Added=FL, Removed=CAM
  Holding Period End Date: 2016-04-15
  ✓ S1: FL 5.53%, Portfolio: $1,024,885
  ✓ S2: Long FL (-4.93%), Short CAM (5.18%)
      Combined: 0.13%, Portfolio: $992,463

24/223: 2016-04-07: Added=ULTA, Removed=THC
  Holding Period End Date: 2016-04-27
    Warning: No data found for ULTA
  ✗ S1: Insufficient data for ULTA
    Warning: No data found for ULTA
    Warning: No data found for THC
  ✗ S2: Insufficient data for ULTA/THC

25/223: 2016-04-19: Added=GPN, Removed=GME
  Holding Period End Date: 2016-05-09
    YFinance output for GPN: 1 Failed download:
['SIVB']: YFTzMissingError('possibly delisted; no timezone found')
    Warning: No data found for GPN
  ✗ S1: Insufficient data for GPN
  ✗ S2: Error processing GPN/GME: cannot convert the series to <class 'float'>

26/223: 2016-04-26: Added=AYI, Removed=ADT
  Holding Period End Date: 2016-05-16
  ✗ S1: Error processing AYI: cannot convert the series to <class 'float'>
    YFinance output for AYI: 1 Failed download:
['CHK']: YFTzMissingError('possibly delisted; no timezone found')

1 Failed download:
['CHK']: YFTzMissingError('possibly delisted; no timezone found')

1 Failed download:
['CHK']: YFTzMissingError('possibly delisted; no timezone found')
  ✗ S2: Error processing AYI/ADT: cannot convert the series to <class 'float'>

27/223: 2016-05-10: Added=ALK, Removed=SNDK
  Holding Period End Date: 2016-05-31
    YFinance output for ALK: 2 Failed downloads:
['SIVB', 'PDCO']: YFTzMissingError('possibly delisted; no timezone found')

2 Failed downloads:
['SIVB', 'PDCO']: YFTzMissingError('possibly delisted; no timezone found')

2 Failed downloads:
['SIVB', 'PDCO']: YFTzMissingError('possibly delisted; no timezone found')
    Warning: No data found for ALK
  ✗ S1: Insufficient data for ALK
    Warning: No data found for ALK
  ✗ S2: Insufficient data for ALK/SNDK

28/223: 2016-05-13: Added=DLR, Removed=TWC
  Holding Period End Date: 2016-06-03
    Warning: No data found for DLR
  ✗ S1: Insufficient data for DLR
    Warning: No data found for DLR
  ✗ S2: Insufficient data for DLR/TWC

29/223: 2016-05-18: Added=LKQ, Removed=ARG
  Holding Period End Date: 2016-06-08
    YFinance output for LKQ: 1 Failed download:
['ABMD']: YFTzMissingError('possibly delisted; no timezone found')
  ✓ S1: LKQ -5.07%, Portfolio: $972,935
    Warning: No data found for LKQ
    Warning: No data found for ARG
  ✗ S2: Insufficient data for LKQ/ARG

30/223: 2016-05-24: Added=AJG, Removed=CCE
  Holding Period End Date: 2016-06-14
  ✓ S1: AJG -6.65%, Portfolio: $908,245
    Warning: No data found for AJG
    YFinance output for CCE: 2 Failed downloads:
['HFC', 'MXIM']: YFTzMissingError('possibly delisted; no timezone found')
    Warning: No data found for CCE
  ✗ S2: Insufficient data for AJG/CCE

31/223: 2016-05-27: Added=TDG, Removed=BXLT
  Holding Period End Date: 2016-06-17
  ✓ S1: TDG -3.55%, Portfolio: $876,019
    Warning: No data found for BXLT
  ✗ S2: Insufficient data for TDG/BXLT

32/223: 2016-06-21: Added=FBHS, Removed=CVC
  Holding Period End Date: 2016-07-12
  ✗ S1: Insufficient data for FBHS
    Warning: No data found for FBHS
    YFinance output for CVC: 1 Failed download:
['FLT']: YFTzMissingError('possibly delisted; no timezone found')

1 Failed download:
['FLT']: YFTzMissingError('possibly delisted; no timezone found')
    Warning: No data found for CVC
  ✗ S2: Insufficient data for FBHS/CVC

33/223: 2016-06-23: Added=FTV, Removed=CPGX
  Holding Period End Date: 2016-07-14
  ✓ S1: FTV -3.41%, Portfolio: $846,186
  ✓ S2: Long FTV (0.70%), Short CPGX (1.30%)
      Combined: 1.00%, Portfolio: $1,002,389

34/223: 2016-06-23: Added=ALB, Removed=TE
  Holding Period End Date: 2016-07-14
    Warning: No data found for ALB
  ✗ S1: Insufficient data for ALB
    Warning: No data found for ALB
    YFinance output for TE: 1 Failed download:
['FLT']: YFTzMissingError('possibly delisted; no timezone found')

1 Failed download:
['FLT']: YFTzMissingError('possibly delisted; no timezone found')

1 Failed download:
['FLT']: YFTzMissingError('possibly delisted; no timezone found')

1 Failed download:
['FLT']: YFTzMissingError('possibly delisted; no timezone found')
  ✗ S2: Insufficient data for ALB/TE

35/223: 2016-06-29: Added=LNT, Removed=GAS
  Holding Period End Date: 2016-07-20
    YFinance output for LNT: 2 Failed downloads:
['FRC', 'WCG']: YFTzMissingError('possibly delisted; no timezone found')
    Warning: No data found for LNT
  ✗ S1: Insufficient data for LNT
    YFinance output for LNT: 2 Failed downloads:
['FRC', 'XL']: YFTzMissingError('possibly delisted; no timezone found')
    Warning: No data found for LNT
    YFinance output for GAS: 1 Failed download:
['GGP']: YFPricesMissingError('possibly delisted; no price data found  (1d 2018-08-23 00:00:00 -> 2018-09-10)')

1 Failed download:
['GGP']: YFPricesMissingError('possibly delisted; no price data found  (1d 2018-08-23 00:00:00 -> 2018-09-10)')
    Warning: No data found for GAS
  ✗ S2: Insufficient data for LNT/GAS

36/223: 2016-08-25: Added=MTD, Removed=TYC
  Holding Period End Date: 2016-09-15
  ✗ S1: Error processing MTD: cannot convert the series to <class 'float'>
    YFinance output for TYC: 1 Failed download:
['WCG']: YFTzMissingError('possibly delisted; no timezone found')

1 Failed download:
['WCG']: YFTzMissingError('possibly delisted; no timezone found')
  ✗ S2: Error processing MTD/TYC: cannot convert the series to <class 'float'>

37/223: 2016-08-31: Added=CHTR, Removed=EMC
  Holding Period End Date: 2016-09-21
  ✓ S1: CHTR 6.36%, Portfolio: $899,981
    Warning: No data found for EMC
  ✗ S2: Insufficient data for CHTR/EMC

38/223: 2016-09-10: Added=COO, Removed=HOT
  Holding Period End Date: 2016-09-30
  ✓ S1: COO -5.39%, Portfolio: $851,438
  ✓ S2: Long COO (-5.45%), Short HOT (5.76%)
      Combined: 0.16%, Portfolio: $1,003,963

39/223: 2016-09-27: Added=COTY, Removed=DO
  Holding Period End Date: 2016-10-17
    YFinance output for COTY: 2 Failed downloads:
['GGP']: YFPricesMissingError('possibly delisted; no price data found  (1d 2018-08-23 00:00:00 -> 2018-09-12)')
['WCG']: YFTzMissingError('possibly delisted; no timezone found')
  ✓ S1: COTY -2.41%, Portfolio: $830,922
  ✗ S2: Error processing COTY/DO: cannot convert the series to <class 'float'>

40/223: 2016-11-29: Added=MAA, Removed=OI
  Holding Period End Date: 2016-12-19
  ✓ S1: MAA -9.18%, Portfolio: $754,678
  ✓ S2: Long MAA (-9.36%), Short OI (10.10%)
      Combined: 0.37%, Portfolio: $1,007,678

41/223: 2016-11-29: Added=EVHC, Removed=LM
  Holding Period End Date: 2016-12-19
  ✗ S1: Error processing EVHC: cannot convert the series to <class 'float'>
  ✓ S2: Long EVHC (-11.09%), Short LM (9.96%)
      Combined: -0.56%, Portfolio: $1,001,992

42/223: 2017-01-03: Added=IDXX, Removed=STJ
  Holding Period End Date: 2017-01-24
  ✓ S1: IDXX -9.41%, Portfolio: $683,667
  ✓ S2: Long IDXX (-4.95%), Short STJ (9.96%)
      Combined: 2.51%, Portfolio: $1,027,124

43/223: 2017-02-23: Added=INCY, Removed=SE
  Holding Period End Date: 2017-03-15
  ✓ S1: INCY 1.26%, Portfolio: $692,283
  ✓ S2: Long INCY (0.13%), Short SE (-0.57%)
      Combined: -0.22%, Portfolio: $1,024,845

44/223: 2017-02-23: Added=CBOE, Removed=PBI
  Holding Period End Date: 2017-03-15
    YFinance output for CBOE: 1 Failed download:
['CA']: YFPricesMissingError('possibly delisted; no price data found  (1d 2018-10-30 00:00:00 -> 2018-11-14) (Yahoo error = "Data doesn\'t exist for startDate = 1540872000, endDate = 1542171600")')
  ✓ S1: CBOE 7.56%, Portfolio: $744,603
  ✓ S2: Long CBOE (2.80%), Short PBI (-11.70%)
      Combined: -4.45%, Portfolio: $979,246

45/223: 2017-02-23: Added=REG, Removed=ENDP
  Holding Period End Date: 2017-03-15
  ✓ S1: REG 2.28%, Portfolio: $761,562
  ✓ S2: Long REG (0.60%), Short ENDP (13.49%)
      Combined: 7.04%, Portfolio: $1,048,222

46/223: 2017-03-06: Added=DISH, Removed=LLTC
  Holding Period End Date: 2017-03-24
  ✓ S1: DISH -0.69%, Portfolio: $756,277
    Warning: No data found for DISH
    Warning: No data found for LLTC
  ✗ S2: Insufficient data for DISH/LLTC

47/223: 2017-03-10: Added=ARE, Removed=FSLR
  Holding Period End Date: 2017-03-30
  ✓ S1: ARE -9.90%, Portfolio: $681,418
  ✗ S2: Error processing ARE/FSLR: cannot convert the series to <class 'float'>

48/223: 2017-03-10: Added=RJF, Removed=FTR
  Holding Period End Date: 2017-03-30
  ✓ S1: RJF -3.60%, Portfolio: $656,894
  ✗ S2: Error processing RJF/FTR: cannot convert the series to <class 'float'>

49/223: 2017-03-10: Added=AMD, Removed=URBN
  Holding Period End Date: 2017-03-30
  ✗ S1: Error processing AMD: cannot convert the series to <class 'float'>
    Warning: No data found for URBN
  ✗ S2: Insufficient data for AMD/URBN

50/223: 2017-03-13: Added=SNPS, Removed=HAR
  Holding Period End Date: 2017-03-31
  ✓ S1: SNPS 3.34%, Portfolio: $678,834
  ✓ S2: Long SNPS (4.85%), Short HAR (-5.40%)
      Combined: -0.28%, Portfolio: $1,045,337

51/223: 2017-03-28: Added=DXC, Removed=SWN
  Holding Period End Date: 2017-04-18
    Warning: No data found for DXC
  ✗ S1: Insufficient data for DXC
  ✓ S2: Long DXC (97.83%), Short SWN (-7.02%)
      Combined: 45.40%, Portfolio: $1,519,955

52/223: 2017-03-29: Added=IT, Removed=DNB
  Holding Period End Date: 2017-04-19
    Warning: No data found for IT
  ✗ S1: Insufficient data for IT
  ✓ S2: Long IT (-6.57%), Short DNB (2.09%)
      Combined: -2.24%, Portfolio: $1,485,909

53/223: 2017-05-24: Added=INFO, Removed=TGNA
  Holding Period End Date: 2017-06-14
  ✓ S1: INFO -0.71%, Portfolio: $674,032
  ✓ S2: Long INFO (-10.46%), Short TGNA (0.71%)
      Combined: -4.87%, Portfolio: $1,413,526

54/223: 2017-06-09: Added=ANSS, Removed=R
  Holding Period End Date: 2017-06-29
  ✓ S1: ANSS 6.79%, Portfolio: $719,800
    Warning: No data found for ANSS
  ✗ S2: Insufficient data for ANSS/R

55/223: 2017-06-09: Added=ALGN, Removed=TDC
  Holding Period End Date: 2017-06-29
  ✓ S1: ALGN 15.19%, Portfolio: $829,133
    YFinance output for ALGN: 1 Failed download:
['TSS']: YFTzMissingError('possibly delisted; no timezone found')

1 Failed download:
['TSS']: YFTzMissingError('possibly delisted; no timezone found')
  ✗ S2: Error processing ALGN/TDC: cannot convert the series to <class 'float'>

56/223: 2017-06-09: Added=HLT, Removed=YHOO
  Holding Period End Date: 2017-06-29
  ✓ S1: HLT -0.67%, Portfolio: $823,540
  ✓ S2: Long HLT (-9.69%), Short YHOO (10.73%)
      Combined: 0.52%, Portfolio: $1,420,878

57/223: 2017-06-12: Added=RE, Removed=MJN
  Holding Period End Date: 2017-06-30
  ✓ S1: RE -13.26%, Portfolio: $714,316
  ✓ S2: Long RE (-9.35%), Short MJN (11.37%)
      Combined: 1.01%, Portfolio: $1,435,251

58/223: 2017-06-30: Added=BKR, Removed=BHI
  Holding Period End Date: 2017-07-21
  ✓ S1: BKR -9.35%, Portfolio: $647,541
  ✓ S2: Long BKR (-13.26%), Short BHI (-8.38%)
      Combined: -10.82%, Portfolio: $1,279,916

59/223: 2017-07-19: Added=MGM, Removed=RAI
  Holding Period End Date: 2017-08-08
  ✓ S1: MGM 14.04%, Portfolio: $738,475
  ✓ S2: Long MGM (-0.18%), Short RAI (10.54%)
      Combined: 5.18%, Portfolio: $1,346,208

60/223: 2017-07-19: Added=RMD, Removed=MNK
  Holding Period End Date: 2017-08-08
  ✓ S1: RMD 14.04%, Portfolio: $842,180
  ✓ S2: Long RMD (7.61%), Short MNK (-11.00%)
      Combined: -1.70%, Portfolio: $1,323,386

61/223: 2017-07-19: Added=PKG, Removed=MUR
  Holding Period End Date: 2017-08-08
    YFinance output for PKG: 2 Failed downloads:
['CELG', 'DWDP']: YFTzMissingError('possibly delisted; no timezone found')

2 Failed downloads:
['CELG', 'DWDP']: YFTzMissingError('possibly delisted; no timezone found')
    Warning: No data found for PKG
  ✗ S1: Insufficient data for PKG
  ✗ S2: Error processing PKG/MUR: cannot convert the series to <class 'float'>

62/223: 2017-07-19: Added=AOS, Removed=BBBY
  Holding Period End Date: 2017-08-08
    YFinance output for AOS: 1 Failed download:
['VIAB']: YFTzMissingError('possibly delisted; no timezone found')

1 Failed download:
['VIAB']: YFTzMissingError('possibly delisted; no timezone found')

1 Failed download:
['VIAB']: YFTzMissingError('possibly delisted; no timezone found')
  ✗ S1: Error processing AOS: cannot convert the series to <class 'float'>
    Warning: No data found for AOS
  ✗ S2: Insufficient data for AOS/BBBY

63/223: 2017-07-19: Added=DRE, Removed=RIG
  Holding Period End Date: 2017-08-08
  ✓ S1: DRE 7.34%, Portfolio: $903,981
    Warning: No data found for RIG
  ✗ S2: Insufficient data for DRE/RIG

64/223: 2017-07-31: Added=BHF, Removed=AN
  Holding Period End Date: 2017-08-18
  ✗ S1: Error processing BHF: cannot convert the series to <class 'float'>
    Warning: No data found for BHF
    YFinance output for AN: 1 Failed download:
['LLL']: YFTzMissingError('possibly delisted; no timezone found')

1 Failed download:
['LLL']: YFTzMissingError('possibly delisted; no timezone found')

1 Failed download:
['LLL']: YFTzMissingError('possibly delisted; no timezone found')
    Warning: No data found for AN
  ✗ S2: Insufficient data for BHF/AN

65/223: 2017-08-24: Added=Q, Removed=WFM
  Holding Period End Date: 2017-09-14
  ✓ S1: Q 6.46%, Portfolio: $962,370
  ✓ S2: Long Q (-3.77%), Short WFM (-10.20%)
      Combined: -6.99%, Portfolio: $1,230,918

66/223: 2017-08-24: Added=SBAC, Removed=DD
  Holding Period End Date: 2017-09-14
    YFinance output for SBAC: 1 Failed download:
['RHT']: YFTzMissingError('possibly delisted; no timezone found')

1 Failed download:
['RHT']: YFTzMissingError('possibly delisted; no timezone found')
    Warning: No data found for SBAC
  ✗ S1: Insufficient data for SBAC
  ✓ S2: Long SBAC (-1.37%), Short DD (-0.49%)
      Combined: -0.93%, Portfolio: $1,219,460

67/223: 2017-08-24: Added=DWDP, Removed=DOW
  Holding Period End Date: 2017-09-14
    Warning: No data found for DWDP
  ✗ S1: Insufficient data for DWDP
  ✓ S2: Long DWDP (-1.52%), Short DOW (43.08%)
      Combined: 20.78%, Portfolio: $1,472,859

68/223: 2017-08-24: Added=CDNS, Removed=SPLS
  Holding Period End Date: 2017-09-14
  ✓ S1: CDNS -30.11%, Portfolio: $672,599
  ✗ S2: Error processing CDNS/SPLS: cannot convert the series to <class 'float'>

69/223: 2017-10-04: Added=NCLH, Removed=LVLT
  Holding Period End Date: 2017-10-24
    YFinance output for NCLH: 1 Failed download:
['APC']: YFTzMissingError('possibly delisted; no timezone found')
    Warning: No data found for NCLH
  ✗ S1: Insufficient data for NCLH
  ✓ S2: Long NCLH (1.96%), Short LVLT (-1.13%)
      Combined: 0.41%, Portfolio: $1,478,949

70/223: 2017-12-28: Added=HII, Removed=BCR
  Holding Period End Date: 2018-01-19
  ✓ S1: HII 5.17%, Portfolio: $707,352
  ✗ S2: Error processing HII/BCR: cannot convert the series to <class 'float'>

71/223: 2018-03-02: Added=IPGP, Removed=SNI
  Holding Period End Date: 2018-03-22
  ✓ S1: IPGP 1.12%, Portfolio: $715,239
    Warning: No data found for SNI
  ✗ S2: Insufficient data for IPGP/SNI

72/223: 2018-03-09: Added=TTWO, Removed=SIG
  Holding Period End Date: 2018-03-29
  ✓ S1: TTWO -0.62%, Portfolio: $710,840
  ✗ S2: Error processing TTWO/SIG: cannot convert the series to <class 'float'>

73/223: 2018-03-09: Added=NKTR, Removed=CHK
  Holding Period End Date: 2018-03-29
    Warning: No data found for NKTR
  ✗ S1: Insufficient data for NKTR
  ✓ S2: Long NKTR (-2.59%), Short CHK (-0.14%)
      Combined: -1.37%, Portfolio: $1,458,754

74/223: 2018-03-09: Added=SIVB, Removed=PDCO
  Holding Period End Date: 2018-03-29
    YFinance output for SIVB: 1 Failed download:
['STI']: YFPricesMissingError('possibly delisted; no price data found  (1d 2019-12-02 00:00:00 -> 2019-12-17) (Yahoo error = "Data doesn\'t exist for startDate = 1575262800, endDate = 1576558800")')
    Warning: No data found for SIVB
  ✗ S1: Insufficient data for SIVB
    Warning: No data found for SIVB
  ✗ S2: Insufficient data for SIVB/PDCO

75/223: 2018-03-28: Added=MSCI, Removed=CSRA
  Holding Period End Date: 2018-04-18
    Warning: No data found for MSCI
  ✗ S1: Insufficient data for MSCI
    Warning: No data found for MSCI
  ✗ S2: Insufficient data for MSCI/CSRA

76/223: 2018-05-25: Added=ABMD, Removed=WYN
  Holding Period End Date: 2018-06-15
  ✓ S1: ABMD -0.70%, Portfolio: $705,883
    YFinance output for WYN: 2 Failed downloads:
['STI']: YFPricesMissingError('possibly delisted; no price data found  (1d 2019-12-02 00:00:00 -> 2019-12-19) (Yahoo error = "Data doesn\'t exist for startDate = 1575262800, endDate = 1576731600")')
['CA']: YFPricesMissingError('possibly delisted; no price data found  (1d 2018-10-30 00:00:00 -> 2018-11-19) (Yahoo error = "Data doesn\'t exist for startDate = 1540872000, endDate = 1542603600")')

2 Failed downloads:
['STI']: YFPricesMissingError('possibly delisted; no price data found  (1d 2019-12-02 00:00:00 -> 2019-12-19) (Yahoo error = "Data doesn\'t exist for startDate = 1575262800, endDate = 1576731600")')
['CA']: YFPricesMissingError('possibly delisted; no price data found  (1d 2018-10-30 00:00:00 -> 2018-11-19) (Yahoo error = "Data doesn\'t exist for startDate = 1540872000, endDate = 1542603600")')

2 Failed downloads:
['STI']: YFPricesMissingError('possibly delisted; no price data found  (1d 2019-12-02 00:00:00 -> 2019-12-19) (Yahoo error = "Data doesn\'t exist for startDate = 1575262800, endDate = 1576731600")')
['CA']: YFPricesMissingError('possibly delisted; no price data found  (1d 2018-10-30 00:00:00 -> 2018-11-19) (Yahoo error = "Data doesn\'t exist for startDate = 1540872000, endDate = 1542603600")')
    Warning: No data found for WYN
  ✗ S2: Insufficient data for ABMD/WYN

77/223: 2018-05-31: Added=EVRG, Removed=NAVI
  Holding Period End Date: 2018-06-20
    YFinance output for EVRG: 1 Failed download:
['JWN']: YFTzMissingError('possibly delisted; no timezone found')

1 Failed download:
['JWN']: YFTzMissingError('possibly delisted; no timezone found')

1 Failed download:
['JWN']: YFTzMissingError('possibly delisted; no timezone found')

1 Failed download:
['JWN']: YFTzMissingError('possibly delisted; no timezone found')
    Warning: No data found for EVRG
  ✗ S1: Insufficient data for EVRG
    YFinance output for NAVI: 1 Failed download:
['CTLT']: YFTzMissingError('possibly delisted; no timezone found')

1 Failed download:
['CTLT']: YFTzMissingError('possibly delisted; no timezone found')

1 Failed download:
['CTLT']: YFTzMissingError('possibly delisted; no timezone found')
    Warning: No data found for NAVI
  ✗ S2: Insufficient data for EVRG/NAVI

78/223: 2018-06-04: Added=TWTR, Removed=MON
  Holding Period End Date: 2018-06-22
  ✗ S1: Error processing TWTR: cannot convert the series to <class 'float'>
    YFinance output for MON: 1 Failed download:
['WCG']: YFTzMissingError('possibly delisted; no timezone found')
    Warning: No data found for MON
  ✗ S2: Insufficient data for TWTR/MON

79/223: 2018-06-08: Added=HFC, Removed=AYI
  Holding Period End Date: 2018-06-28
  ✗ S1: Error processing HFC: cannot convert the series to <class 'float'>
    Warning: No data found for AYI
  ✗ S2: Insufficient data for HFC/AYI

80/223: 2018-06-08: Added=BR, Removed=RRC
  Holding Period End Date: 2018-06-28
  ✓ S1: BR -22.55%, Portfolio: $546,701
  ✗ S2: Error processing BR/RRC: cannot convert the series to <class 'float'>

81/223: 2018-06-15: Added=FLT, Removed=TWX
  Holding Period End Date: 2018-07-06
    YFinance output for FLT: 1 Failed download:
['WCG']: YFTzMissingError('possibly delisted; no timezone found')

1 Failed download:
['WCG']: YFTzMissingError('possibly delisted; no timezone found')

1 Failed download:
['WCG']: YFTzMissingError('possibly delisted; no timezone found')

1 Failed download:
['WCG']: YFTzMissingError('possibly delisted; no timezone found')
  ✗ S1: Error processing FLT: cannot convert the series to <class 'float'>
    Warning: No data found for FLT
    YFinance output for TWX: 1 Failed download:
['ARNC']: YFTzMissingError('possibly delisted; no timezone found')
    Warning: No data found for TWX
  ✗ S2: Insufficient data for FLT/TWX

82/223: 2018-06-25: Added=CPRT, Removed=DPS
  Holding Period End Date: 2018-07-16
    YFinance output for CPRT: 1 Failed download:
['ARNC']: YFTzMissingError('possibly delisted; no timezone found')
  ✗ S1: Error processing CPRT: cannot convert the series to <class 'float'>
  ✗ S2: Error processing CPRT/DPS: cannot convert the series to <class 'float'>

83/223: 2018-08-23: Added=ANET, Removed=GGP
  Holding Period End Date: 2018-09-13
  ✓ S1: ANET 8.96%, Portfolio: $595,700
    YFinance output for ANET: 1 Failed download:
['AGN']: YFTzMissingError('possibly delisted; no timezone found')
    Warning: No data found for ANET
  ✗ S2: Insufficient data for ANET/GGP

84/223: 2018-09-11: Added=WCG, Removed=XL
  Holding Period End Date: 2018-10-01
    Warning: No data found for WCG
  ✗ S1: Insufficient data for WCG
  ✓ S2: Long WCG (-7.70%), Short XL (-12.51%)
      Combined: -10.10%, Portfolio: $1,311,352

85/223: 2018-09-25: Added=ROL, Removed=ANDV
  Holding Period End Date: 2018-10-15
  ✓ S1: ROL 1.80%, Portfolio: $606,433
  ✓ S2: Long ROL (17.79%), Short ANDV (-15.10%)
      Combined: 1.34%, Portfolio: $1,328,965

86/223: 2018-10-04: Added=FTNT, Removed=EVHC
  Holding Period End Date: 2018-10-24
    Warning: No data found for FTNT
  ✗ S1: Insufficient data for FTNT
  ✓ S2: Long FTNT (9.52%), Short EVHC (3.82%)
      Combined: 6.67%, Portfolio: $1,417,576

87/223: 2018-10-30: Added=KEYS, Removed=CA
  Holding Period End Date: 2018-11-19
    YFinance output for KEYS: 2 Failed downloads:
['CXO', 'ADS']: YFTzMissingError('possibly delisted; no timezone found')

2 Failed downloads:
['CXO', 'ADS']: YFTzMissingError('possibly delisted; no timezone found')

2 Failed downloads:
['CXO', 'ADS']: YFTzMissingError('possibly delisted; no timezone found')

2 Failed downloads:
['CXO', 'ADS']: YFTzMissingError('possibly delisted; no timezone found')
    Warning: No data found for KEYS
  ✗ S1: Insufficient data for KEYS
  ✓ S2: Long KEYS (-9.37%), Short CA (-1.08%)
      Combined: -5.23%, Portfolio: $1,343,478

88/223: 2018-11-07: Added=JKHY, Removed=EQT
  Holding Period End Date: 2018-11-28
  ✓ S1: JKHY -5.96%, Portfolio: $570,308
  ✗ S2: Error processing JKHY/EQT: cannot convert the series to <class 'float'>

89/223: 2018-11-26: Added=FANG, Removed=SRCL
  Holding Period End Date: 2018-12-17
  ✓ S1: FANG -0.56%, Portfolio: $567,113
  ✓ S2: Long FANG (-8.63%), Short SRCL (-0.58%)
      Combined: -4.61%, Portfolio: $1,281,591

90/223: 2018-11-26: Added=MXIM, Removed=AET
  Holding Period End Date: 2018-12-17
  ✓ S1: MXIM 0.59%, Portfolio: $570,449
  ✗ S2: Error processing MXIM/AET: cannot convert the series to <class 'float'>

91/223: 2018-11-26: Added=LW, Removed=COL
  Holding Period End Date: 2018-12-17
  ✓ S1: LW -4.94%, Portfolio: $542,245
    Warning: No data found for LW
  ✗ S2: Insufficient data for LW/COL

92/223: 2018-12-27: Added=CE, Removed=ESRX
  Holding Period End Date: 2019-01-17
  ✗ S1: Error processing CE: cannot convert the series to <class 'float'>
    Warning: No data found for CE
    YFinance output for ESRX: 1 Failed download:
['CTLT']: YFTzMissingError('possibly delisted; no timezone found')

1 Failed download:
['CTLT']: YFTzMissingError('possibly delisted; no timezone found')
    Warning: No data found for ESRX
  ✗ S2: Insufficient data for CE/ESRX

93/223: 2018-12-27: Added=FRC, Removed=SCG
  Holding Period End Date: 2019-01-17
  ✓ S1: FRC 1.22%, Portfolio: $548,843
  ✗ S2: Error processing FRC/SCG: cannot convert the series to <class 'float'>

94/223: 2019-01-15: Added=TFX, Removed=PCG
  Holding Period End Date: 2019-02-05
  ✓ S1: TFX 6.52%, Portfolio: $584,652
  ✓ S2: Long TFX (4.27%), Short PCG (2.58%)
      Combined: 3.42%, Portfolio: $1,325,479

95/223: 2019-02-08: Added=ATO, Removed=NFX
  Holding Period End Date: 2019-03-01
  ✓ S1: ATO -4.65%, Portfolio: $557,445
  ✓ S2: Long ATO (-4.79%), Short NFX (2.18%)
      Combined: -1.30%, Portfolio: $1,308,223

96/223: 2019-02-21: Added=WAB, Removed=GT
  Holding Period End Date: 2019-03-13
  ✓ S1: WAB -2.77%, Portfolio: $541,984
  ✓ S2: Long WAB (12.11%), Short GT (2.18%)
      Combined: 7.15%, Portfolio: $1,401,716

97/223: 2019-03-14: Added=FOXA, Removed=FOXA
  Holding Period End Date: 2019-04-03
  ✗ S1: Error processing FOXA: cannot convert the series to <class 'float'>
  ✓ S2: Long FOXA (-9.22%), Short FOXA (4.23%)
      Combined: -2.49%, Portfolio: $1,366,773

98/223: 2019-03-14: Added=FOX, Removed=FOX
  Holding Period End Date: 2019-04-03
  ✓ S1: FOX 0.50%, Portfolio: $544,702
  ✓ S2: Long FOX (-24.55%), Short FOX (1.73%)
      Combined: -11.41%, Portfolio: $1,210,816

99/223: 2019-03-26: Added=DOW, Removed=BHF
  Holding Period End Date: 2019-04-15
    YFinance output for DOW: 1 Failed download:
['ETFC']: YFTzMissingError('possibly delisted; no timezone found')
    Warning: No data found for DOW
  ✗ S1: Insufficient data for DOW
    YFinance output for DOW: 1 Failed download:
['ETFC']: YFTzMissingError('possibly delisted; no timezone found')

1 Failed download:
['ETFC']: YFTzMissingError('possibly delisted; no timezone found')
    Warning: No data found for DOW
  ✗ S2: Insufficient data for DOW/BHF

100/223: 2019-05-28: Added=CTVA, Removed=FLR
  Holding Period End Date: 2019-06-17
    Warning: No data found for CTVA
  ✗ S1: Insufficient data for CTVA
  ✗ S2: Error processing CTVA/FLR: cannot convert the series to <class 'float'>

101/223: 2019-05-28: Added=DD, Removed=DWDP
  Holding Period End Date: 2019-06-17
    Warning: No data found for DD
  ✗ S1: Insufficient data for DD
    Warning: No data found for DD
    YFinance output for DWDP: 1 Failed download:
['TIF']: YFTzMissingError('possibly delisted; no timezone found')
  ✗ S2: Insufficient data for DD/DWDP

102/223: 2019-06-03: Added=BMS, Removed=MAT
  Holding Period End Date: 2019-06-21
  ✓ S1: BMS -3.95%, Portfolio: $523,209
  ✗ S2: Error processing BMS/MAT: cannot convert the series to <class 'float'>

103/223: 2019-06-03: Added=AMCR, Removed=BMS
  Holding Period End Date: 2019-06-21
    YFinance output for AMCR: 1 Failed download:
['CXO']: YFTzMissingError('possibly delisted; no timezone found')
  ✓ S1: AMCR -2.51%, Portfolio: $510,103
  ✓ S2: Long AMCR (-2.51%), Short BMS (3.39%)
      Combined: 0.44%, Portfolio: $1,216,146

104/223: 2019-06-24: Added=MKTX, Removed=LLL
  Holding Period End Date: 2019-07-15
  ✓ S1: MKTX -1.64%, Portfolio: $501,758
  ✓ S2: Long MKTX (5.82%), Short LLL (-0.82%)
      Combined: 2.50%, Portfolio: $1,246,536

105/223: 2019-07-09: Added=TMUS, Removed=RHT
  Holding Period End Date: 2019-07-29
  ✓ S1: TMUS 5.82%, Portfolio: $530,939
  ✓ S2: Long TMUS (0.82%), Short RHT (0.68%)
      Combined: 0.75%, Portfolio: $1,255,936

106/223: 2019-08-01: Added=IEX, Removed=FL
  Holding Period End Date: 2019-08-21
  ✓ S1: IEX -5.66%, Portfolio: $500,885
    Warning: No data found for FL
  ✗ S2: Insufficient data for IEX/FL

107/223: 2019-08-01: Added=LDOS, Removed=APC
  Holding Period End Date: 2019-08-21
  ✓ S1: LDOS -1.83%, Portfolio: $491,699
  ✓ S2: Long LDOS (6.04%), Short APC (22.42%)
      Combined: 14.23%, Portfolio: $1,434,622

108/223: 2019-09-17: Added=CDW, Removed=TSS
  Holding Period End Date: 2019-10-07
    YFinance output for CDW: 1 Failed download:
['VAR']: YFTzMissingError('possibly delisted; no timezone found')
  ✗ S1: Error processing CDW: cannot convert the series to <class 'float'>
  ✓ S2: Long CDW (-21.18%), Short TSS (12.69%)
      Combined: -4.25%, Portfolio: $1,373,707

109/223: 2019-09-20: Added=NVR, Removed=JEF
  Holding Period End Date: 2019-10-10
  ✓ S1: NVR -6.77%, Portfolio: $458,424
  ✓ S2: Long NVR (1.08%), Short JEF (-1.06%)
      Combined: 0.01%, Portfolio: $1,373,786

110/223: 2019-09-20: Added=LVS, Removed=NKTR
  Holding Period End Date: 2019-10-10
  ✓ S1: LVS 8.64%, Portfolio: $498,048
  ✗ S2: Error processing LVS/NKTR: cannot convert the series to <class 'float'>

111/223: 2019-11-18: Added=NOW, Removed=CELG
  Holding Period End Date: 2019-12-09
  ✓ S1: NOW 7.79%, Portfolio: $536,867
  ✓ S2: Long NOW (-3.51%), Short CELG (4.20%)
      Combined: 0.34%, Portfolio: $1,378,513

112/223: 2019-11-27: Added=WRB, Removed=VIAB
  Holding Period End Date: 2019-12-18
  ✓ S1: WRB -14.70%, Portfolio: $457,925
    Warning: No data found for VIAB
  ✗ S2: Insufficient data for WRB/VIAB

113/223: 2019-12-02: Added=ODFL, Removed=STI
  Holding Period End Date: 2019-12-20
  ✓ S1: ODFL 36.17%, Portfolio: $623,557
    Warning: No data found for ODFL
  ✗ S2: Insufficient data for ODFL/STI

114/223: 2019-12-13: Added=ZBRA, Removed=TRIP
  Holding Period End Date: 2020-01-06
    YFinance output for ZBRA: 2 Failed downloads:
['FLIR', 'CDAY']: YFTzMissingError('possibly delisted; no timezone found')

2 Failed downloads:
['FLIR', 'CDAY']: YFTzMissingError('possibly delisted; no timezone found')
    Warning: No data found for ZBRA
  ✗ S1: Insufficient data for ZBRA
    Warning: No data found for ZBRA
  ✗ S2: Insufficient data for ZBRA/TRIP

115/223: 2019-12-13: Added=LYV, Removed=AMG
  Holding Period End Date: 2020-01-06
  ✗ S1: Error processing LYV: cannot convert the series to <class 'float'>
    Warning: No data found for AMG
  ✗ S2: Insufficient data for LYV/AMG

116/223: 2019-12-13: Added=STE, Removed=MAC
  Holding Period End Date: 2020-01-06
  ✗ S1: Error processing STE: cannot convert the series to <class 'float'>
  ✗ S2: Error processing STE/MAC: cannot convert the series to <class 'float'>

117/223: 2020-01-22: Added=PAYC, Removed=WCG
  Holding Period End Date: 2020-02-11
    Warning: No data found for PAYC
  ✗ S1: Insufficient data for PAYC
  ✗ S2: Error processing PAYC/WCG: cannot convert the series to <class 'float'>

118/223: 2020-02-27: Added=IR, Removed=XEC
  Holding Period End Date: 2020-03-18
    Warning: No data found for IR
  ✗ S1: Insufficient data for IR
  ✗ S2: Error processing IR/XEC: cannot convert the series to <class 'float'>

119/223: 2020-03-31: Added=nan, Removed=M
  Holding Period End Date: 2020-04-21

120/223: 2020-03-31: Added=nan, Removed=RTN
  Holding Period End Date: 2020-04-21

121/223: 2020-03-31: Added=CARR, Removed=nan
  Holding Period End Date: 2020-04-21
  ✓ S1: CARR -1.40%, Portfolio: $614,810

122/223: 2020-03-31: Added=OTIS, Removed=nan
  Holding Period End Date: 2020-04-21
  ✓ S1: OTIS 2.12%, Portfolio: $627,852

123/223: 2020-05-05: Added=HWM, Removed=ARNC
  Holding Period End Date: 2020-05-26
    YFinance output for HWM: 1 Failed download:
['SBNY']: YFPricesMissingError('possibly delisted; no price data found  (1d 2021-12-03 00:00:00 -> 2021-12-21) (Yahoo error = "Data doesn\'t exist for startDate = 1638507600, endDate = 1640062800")')
    Warning: No data found for HWM
  ✗ S1: Insufficient data for HWM
    YFinance output for HWM: 1 Failed download:
['SBNY']: YFPricesMissingError('possibly delisted; no price data found  (1d 2021-12-03 00:00:00 -> 2021-12-21) (Yahoo error = "Data doesn\'t exist for startDate = 1638507600, endDate = 1640062800")')

1 Failed download:
['SBNY']: YFPricesMissingError('possibly delisted; no price data found  (1d 2021-12-03 00:00:00 -> 2021-12-21) (Yahoo error = "Data doesn\'t exist for startDate = 1638507600, endDate = 1640062800")')

1 Failed download:
['SBNY']: YFPricesMissingError('possibly delisted; no price data found  (1d 2021-12-03 00:00:00 -> 2021-12-21) (Yahoo error = "Data doesn\'t exist for startDate = 1638507600, endDate = 1640062800")')

1 Failed download:
['SBNY']: YFPricesMissingError('possibly delisted; no price data found  (1d 2021-12-03 00:00:00 -> 2021-12-21) (Yahoo error = "Data doesn\'t exist for startDate = 1638507600, endDate = 1640062800")')
    Warning: No data found for HWM
  ✗ S2: Insufficient data for HWM/ARNC

124/223: 2020-05-06: Added=DXCM, Removed=AGN
  Holding Period End Date: 2020-05-27
  ✓ S1: DXCM -0.62%, Portfolio: $623,955
  ✓ S2: Long DXCM (-2.43%), Short AGN (-9.92%)
      Combined: -6.17%, Portfolio: $1,293,413

125/223: 2020-05-06: Added=DPZ, Removed=CPRI
  Holding Period End Date: 2020-05-27
  ✓ S1: DPZ -0.62%, Portfolio: $620,082
    Warning: No data found for DPZ
    YFinance output for CPRI: 1 Failed download:
['SBNY']: YFPricesMissingError('possibly delisted; no price data found  (1d 2021-12-03 00:00:00 -> 2021-12-20) (Yahoo error = "Data doesn\'t exist for startDate = 1638507600, endDate = 1639976400")')

1 Failed download:
['SBNY']: YFPricesMissingError('possibly delisted; no price data found  (1d 2021-12-03 00:00:00 -> 2021-12-20) (Yahoo error = "Data doesn\'t exist for startDate = 1638507600, endDate = 1639976400")')
    Warning: No data found for CPRI
  ✗ S2: Insufficient data for DPZ/CPRI

126/223: 2020-05-18: Added=WST, Removed=HP
  Holding Period End Date: 2020-06-08
    YFinance output for WST: 1 Failed download:
['KSU']: YFTzMissingError('possibly delisted; no timezone found')

1 Failed download:
['KSU']: YFTzMissingError('possibly delisted; no timezone found')
  ✓ S1: WST 9.07%, Portfolio: $676,348
  ✗ S2: Error processing WST/HP: cannot convert the series to <class 'float'>

127/223: 2020-06-12: Added=BIO, Removed=ADS
  Holding Period End Date: 2020-07-02
  ✓ S1: BIO 9.46%, Portfolio: $740,352
  ✓ S2: Long BIO (11.44%), Short ADS (-10.27%)
      Combined: 0.59%, Portfolio: $1,301,010

128/223: 2020-06-12: Added=TDY, Removed=HOG
  Holding Period End Date: 2020-07-02
  ✓ S1: TDY 16.02%, Portfolio: $858,950
  ✗ S2: Error processing TDY/HOG: cannot convert the series to <class 'float'>

129/223: 2020-06-12: Added=TYL, Removed=JWN
  Holding Period End Date: 2020-07-02
  ✓ S1: TYL -1.30%, Portfolio: $847,787
    Warning: No data found for TYL
    Warning: No data found for JWN
  ✗ S2: Insufficient data for TYL/JWN

130/223: 2020-09-04: Added=CTLT, Removed=KSS
  Holding Period End Date: 2020-09-25
  ✗ S1: Error processing CTLT: cannot convert the series to <class 'float'>
    YFinance output for CTLT: 1 Failed download:
['XLNX']: YFTzMissingError('possibly delisted; no timezone found')
    Warning: No data found for CTLT
    Warning: No data found for KSS
  ✗ S2: Insufficient data for CTLT/KSS

131/223: 2020-09-04: Added=ETSY, Removed=HRB
  Holding Period End Date: 2020-09-25
  ✓ S1: ETSY 2.96%, Portfolio: $872,901
    Warning: No data found for HRB
  ✗ S2: Insufficient data for ETSY/HRB

132/223: 2020-09-04: Added=TER, Removed=COTY
  Holding Period End Date: 2020-09-25
  ✗ S1: Error processing TER: cannot convert the series to <class 'float'>
    Warning: No data found for COTY
  ✗ S2: Insufficient data for TER/COTY

133/223: 2020-10-01: Added=POOL, Removed=ETFC
  Holding Period End Date: 2020-10-21
  ✓ S1: POOL -16.65%, Portfolio: $727,556
    YFinance output for ETFC: 1 Failed download:
['DISCA']: YFTzMissingError('possibly delisted; no timezone found')

1 Failed download:
['DISCA']: YFTzMissingError('possibly delisted; no timezone found')

1 Failed download:
['DISCA']: YFTzMissingError('possibly delisted; no timezone found')
  ✓ S2: Long POOL (0.03%), Short ETFC (24.01%)
      Combined: 12.02%, Portfolio: $1,457,406

134/223: 2020-10-05: Added=VNT, Removed=nan
  Holding Period End Date: 2020-10-23
  ✓ S1: VNT -5.95%, Portfolio: $684,242

135/223: 2020-10-05: Added=nan, Removed=NBL
  Holding Period End Date: 2020-10-23

136/223: 2020-12-11: Added=TSLA, Removed=AIV
  Holding Period End Date: 2021-01-04
    YFinance output for TSLA: 1 Failed download:
['CERN']: YFTzMissingError('possibly delisted; no timezone found')

1 Failed download:
['CERN']: YFTzMissingError('possibly delisted; no timezone found')
  ✓ S1: TSLA -5.58%, Portfolio: $646,037
  ✗ S2: Error processing TSLA/AIV: cannot convert the series to <class 'float'>

137/223: 2020-12-30: Added=ENPH, Removed=TIF
  Holding Period End Date: 2021-01-21
    YFinance output for ENPH: 1 Failed download:
['GMCR']: YFPricesMissingError('possibly delisted; no price data found  (1d 2016-03-04 00:00:00 -> 2016-03-21)')
    Warning: No data found for ENPH
  ✗ S1: Insufficient data for ENPH
  ✗ S2: Error processing ENPH/TIF: cannot convert the series to <class 'float'>

138/223: 2021-01-15: Added=TRMB, Removed=CXO
  Holding Period End Date: 2021-02-05
    YFinance output for TRMB: 1 Failed download:
['CTXS']: YFTzMissingError('possibly delisted; no timezone found')

1 Failed download:
['CTXS']: YFTzMissingError('possibly delisted; no timezone found')
    Warning: No data found for TRMB
  ✗ S1: Insufficient data for TRMB
  ✗ S2: Error processing TRMB/CXO: cannot convert the series to <class 'float'>

139/223: 2021-02-08: Added=MPWR, Removed=FTI
  Holding Period End Date: 2021-03-01
    Warning: No data found for MPWR
  ✗ S1: Insufficient data for MPWR
    YFinance output for MPWR: 1 Failed download:
['SIVB']: YFTzMissingError('possibly delisted; no timezone found')

1 Failed download:
['SIVB']: YFTzMissingError('possibly delisted; no timezone found')
  ✓ S2: Long MPWR (-1.75%), Short FTI (1.78%)
      Combined: 0.02%, Portfolio: $1,457,633

140/223: 2021-03-12: Added=CZR, Removed=VNT
  Holding Period End Date: 2021-04-01
  ✓ S1: CZR 4.50%, Portfolio: $675,117
  ✗ S2: Error processing CZR/VNT: cannot convert the series to <class 'float'>

141/223: 2021-03-12: Added=PENN, Removed=SLG
  Holding Period End Date: 2021-04-01
    YFinance output for PENN: 1 Failed download:
['TWTR']: YFTzMissingError('possibly delisted; no timezone found')

1 Failed download:
['TWTR']: YFTzMissingError('possibly delisted; no timezone found')

1 Failed download:
['TWTR']: YFTzMissingError('possibly delisted; no timezone found')

1 Failed download:
['TWTR']: YFTzMissingError('possibly delisted; no timezone found')
  ✗ S1: Error processing PENN: cannot convert the series to <class 'float'>
    Warning: No data found for PENN
  ✗ S2: Insufficient data for PENN/SLG

142/223: 2021-03-12: Added=NXPI, Removed=FLS
  Holding Period End Date: 2021-04-01
  ✗ S1: Error processing NXPI: cannot convert the series to <class 'float'>
    YFinance output for NXPI: 1 Failed download:
['FBHS']: YFTzMissingError('possibly delisted; no timezone found')
    Warning: No data found for NXPI
    YFinance output for FLS: 2 Failed downloads:
['DISH', 'FBHS']: YFTzMissingError('possibly delisted; no timezone found')

2 Failed downloads:
['DISH', 'FBHS']: YFTzMissingError('possibly delisted; no timezone found')

2 Failed downloads:
['DISH', 'FBHS']: YFTzMissingError('possibly delisted; no timezone found')
  ✗ S2: Insufficient data for NXPI/FLS

143/223: 2021-03-12: Added=GNRC, Removed=XRX
  Holding Period End Date: 2021-04-01
    Warning: No data found for GNRC
  ✗ S1: Insufficient data for GNRC
    YFinance output for GNRC: 1 Failed download:
['PCS']: YFPricesMissingError('possibly delisted; no price data found  (1d 2023-08-21 00:00:00 -> 2023-09-05) (Yahoo error = "Data doesn\'t exist for startDate = 1692590400, endDate = 1693886400")')

1 Failed download:
['PCS']: YFPricesMissingError('possibly delisted; no price data found  (1d 2023-08-21 00:00:00 -> 2023-09-05) (Yahoo error = "Data doesn\'t exist for startDate = 1692590400, endDate = 1693886400")')
    Warning: No data found for GNRC
    YFinance output for XRX: 1 Failed download:
['NLSN']: YFTzMissingError('possibly delisted; no timezone found')
  ✗ S2: Insufficient data for GNRC/XRX

144/223: 2021-04-15: Added=PTC, Removed=VAR
  Holding Period End Date: 2021-05-05
  ✓ S1: PTC -7.00%, Portfolio: $627,852
  ✓ S2: Long PTC (-9.29%), Short VAR (3.32%)
      Combined: -2.99%, Portfolio: $1,414,113

145/223: 2021-05-10: Added=CRL, Removed=FLIR
  Holding Period End Date: 2021-05-28
  ✗ S1: Error processing CRL: cannot convert the series to <class 'float'>
    YFinance output for FLIR: 1 Failed download:
['TWTR']: YFTzMissingError('possibly delisted; no timezone found')
    Warning: No data found for FLIR
  ✗ S2: Insufficient data for CRL/FLIR

146/223: 2021-05-27: Added=OGN, Removed=nan
  Holding Period End Date: 2021-06-17
  ✓ S1: OGN -2.46%, Portfolio: $612,437

147/223: 2021-05-27: Added=nan, Removed=HFC
  Holding Period End Date: 2021-06-17

148/223: 2021-07-15: Added=MRNA, Removed=ALXN
  Holding Period End Date: 2021-08-04
    Warning: No data found for MRNA
  ✗ S1: Insufficient data for MRNA
  ✗ S2: Error processing MRNA/ALXN: cannot convert the series to <class 'float'>

149/223: 2021-08-24: Added=TECH, Removed=MXIM
  Holding Period End Date: 2021-09-14
  ✓ S1: TECH -1.00%, Portfolio: $606,325
    Warning: No data found for TECH
  ✗ S2: Insufficient data for TECH/MXIM

150/223: 2021-09-03: Added=BRO, Removed=NOV
  Holding Period End Date: 2021-09-24
    YFinance output for BRO: 2 Failed downloads:
['FRC', 'SIVB']: YFTzMissingError('possibly delisted; no timezone found')
    Warning: No data found for BRO
  ✗ S1: Insufficient data for BRO
    YFinance output for BRO: 1 Failed download:
['SBNY']: YFPricesMissingError('possibly delisted; no price data found  (1d 2023-03-13 00:00:00 -> 2023-03-29) (Yahoo error = "Data doesn\'t exist for startDate = 1678680000, endDate = 1680062400")')

1 Failed download:
['SBNY']: YFPricesMissingError('possibly delisted; no price data found  (1d 2023-03-13 00:00:00 -> 2023-03-29) (Yahoo error = "Data doesn\'t exist for startDate = 1678680000, endDate = 1680062400")')

1 Failed download:
['SBNY']: YFPricesMissingError('possibly delisted; no price data found  (1d 2023-03-13 00:00:00 -> 2023-03-29) (Yahoo error = "Data doesn\'t exist for startDate = 1678680000, endDate = 1680062400")')
    Warning: No data found for BRO
  ✗ S2: Insufficient data for BRO/NOV

151/223: 2021-09-03: Added=CDAY, Removed=UNM
  Holding Period End Date: 2021-09-24
  ✗ S1: Error processing CDAY: cannot convert the series to <class 'float'>
    YFinance output for UNM: 1 Failed download:
['DISH']: YFTzMissingError('possibly delisted; no timezone found')
    Warning: No data found for UNM
  ✗ S2: Insufficient data for CDAY/UNM

152/223: 2021-09-03: Added=MTCH, Removed=PRGO
  Holding Period End Date: 2021-09-24
  ✓ S1: MTCH 16.78%, Portfolio: $708,065
  ✓ S2: Long MTCH (11.21%), Short PRGO (-4.63%)
      Combined: 3.29%, Portfolio: $1,460,639

153/223: 2021-12-03: Added=FDS, Removed=WU
  Holding Period End Date: 2021-12-23
  ✓ S1: FDS 10.14%, Portfolio: $779,856
  ✓ S2: Long FDS (16.69%), Short WU (1.46%)
      Combined: 9.07%, Portfolio: $1,593,145

154/223: 2021-12-03: Added=SEDG, Removed=HBI
  Holding Period End Date: 2021-12-23
    Warning: No data found for SEDG
  ✗ S1: Insufficient data for SEDG
  ✓ S2: Long SEDG (11.03%), Short HBI (1.46%)
      Combined: 6.25%, Portfolio: $1,692,643

155/223: 2021-12-03: Added=SBNY, Removed=LEG
  Holding Period End Date: 2021-12-23
  ✓ S1: SBNY -1.06%, Portfolio: $771,606
  ✓ S2: Long SBNY (3.29%), Short LEG (-3.19%)
      Combined: 0.05%, Portfolio: $1,693,533

156/223: 2021-12-07: Added=EPAM, Removed=KSU
  Holding Period End Date: 2021-12-28
    YFinance output for EPAM: 1 Failed download:
['DISH']: YFTzMissingError('possibly delisted; no timezone found')

1 Failed download:
['DISH']: YFTzMissingError('possibly delisted; no timezone found')

1 Failed download:
['DISH']: YFTzMissingError('possibly delisted; no timezone found')

1 Failed download:
['DISH']: YFTzMissingError('possibly delisted; no timezone found')
  ✗ S1: Error processing EPAM: cannot convert the series to <class 'float'>
    Warning: No data found for EPAM
  ✗ S2: Insufficient data for EPAM/KSU

157/223: 2022-01-26: Added=CEG, Removed=nan
  Holding Period End Date: 2022-02-15
  ✓ S1: CEG -8.48%, Portfolio: $706,162

158/223: 2022-01-26: Added=nan, Removed=GPS
  Holding Period End Date: 2022-02-15

159/223: 2022-02-10: Added=NDSN, Removed=XLNX
  Holding Period End Date: 2022-03-03
    Warning: No data found for NDSN
  ✗ S1: Insufficient data for NDSN
  ✗ S2: Error processing NDSN/XLNX: cannot convert the series to <class 'float'>

160/223: 2022-02-25: Added=MOH, Removed=INFO
  Holding Period End Date: 2022-03-17
    YFinance output for MOH: 1 Failed download:
['DISH']: YFTzMissingError('possibly delisted; no timezone found')

1 Failed download:
['DISH']: YFTzMissingError('possibly delisted; no timezone found')

1 Failed download:
['DISH']: YFTzMissingError('possibly delisted; no timezone found')
    Warning: No data found for MOH
  ✗ S1: Insufficient data for MOH
  ✓ S2: Long MOH (14.30%), Short INFO (0.95%)
      Combined: 7.62%, Portfolio: $1,822,610

161/223: 2022-03-29: Added=CPT, Removed=PBCT
  Holding Period End Date: 2022-04-19
  ✓ S1: CPT 9.98%, Portfolio: $776,635
  ✓ S2: Long CPT (9.98%), Short PBCT (4.14%)
      Combined: 7.06%, Portfolio: $1,951,277

162/223: 2022-04-07: Added=WBD, Removed=DISCA
  Holding Period End Date: 2022-04-28
    YFinance output for WBD: 1 Failed download:
['PXD']: YFTzMissingError('possibly delisted; no timezone found')
    Warning: No data found for WBD
  ✗ S1: Insufficient data for WBD
  ✓ S2: Long WBD (-7.56%), Short DISCA (7.12%)
      Combined: -0.22%, Portfolio: $1,947,041

163/223: 2022-04-07: Added=nan, Removed=DISCK
  Holding Period End Date: 2022-04-28

164/223: 2022-06-03: Added=VICI, Removed=CERN
  Holding Period End Date: 2022-06-24
  ✓ S1: VICI 9.03%, Portfolio: $846,731
    Warning: No data found for VICI
  ✗ S2: Insufficient data for VICI/CERN

165/223: 2022-06-03: Added=ON, Removed=IPGP
  Holding Period End Date: 2022-06-24
  ✓ S1: ON -10.49%, Portfolio: $757,876
  ✗ S2: Error processing ON/IPGP: cannot convert the series to <class 'float'>

166/223: 2022-06-03: Added=KDP, Removed=UAA
  Holding Period End Date: 2022-06-24
  ✓ S1: KDP -5.25%, Portfolio: $718,121
  ✓ S2: Long KDP (-4.51%), Short UAA (-10.21%)
      Combined: -7.36%, Portfolio: $1,803,679

167/223: 2022-06-03: Added=nan, Removed=UA
  Holding Period End Date: 2022-06-24

168/223: 2022-09-02: Added=CSGP, Removed=PVH
  Holding Period End Date: 2022-09-23
  ✓ S1: CSGP 3.96%, Portfolio: $746,531
  ✓ S2: Long CSGP (4.50%), Short PVH (-9.51%)
      Combined: -2.51%, Portfolio: $1,758,495

169/223: 2022-09-02: Added=INVH, Removed=PENN
  Holding Period End Date: 2022-09-23
    YFinance output for INVH: 1 Failed download:
['ATVI']: YFTzMissingError('possibly delisted; no timezone found')
  ✗ S1: Error processing INVH: cannot convert the series to <class 'float'>
  ✓ S2: Long INVH (10.51%), Short PENN (-4.01%)
      Combined: 3.25%, Portfolio: $1,815,654

170/223: 2022-09-23: Added=PCG, Removed=CTXS
  Holding Period End Date: 2022-10-13
  ✓ S1: PCG -1.52%, Portfolio: $735,208
  ✓ S2: Long PCG (4.18%), Short CTXS (-0.61%)
      Combined: 1.78%, Portfolio: $1,848,044

171/223: 2022-09-23: Added=EQT, Removed=DRE
  Holding Period End Date: 2022-10-13
  ✓ S1: EQT -4.67%, Portfolio: $700,866
  ✓ S2: Long EQT (-8.38%), Short DRE (9.14%)
      Combined: 0.38%, Portfolio: $1,855,118

172/223: 2022-10-06: Added=TRGP, Removed=NLSN
  Holding Period End Date: 2022-10-26
  ✓ S1: TRGP 21.43%, Portfolio: $851,068
  ✓ S2: Long TRGP (-13.63%), Short NLSN (17.11%)
      Combined: 1.74%, Portfolio: $1,887,400

173/223: 2022-10-27: Added=ACGL, Removed=TWTR
  Holding Period End Date: 2022-11-16
  ✓ S1: ACGL 2.87%, Portfolio: $875,497
  ✓ S2: Long ACGL (-13.42%), Short TWTR (-7.68%)
      Combined: -10.55%, Portfolio: $1,688,299

174/223: 2022-12-12: Added=FSLR, Removed=FBHS
  Holding Period End Date: 2023-01-03
  ✓ S1: FSLR 7.86%, Portfolio: $944,346
  ✓ S2: Long FSLR (-16.33%), Short FBHS (12.43%)
      Combined: -1.95%, Portfolio: $1,655,341

175/223: 2022-12-12: Added=nan, Removed=MBC
  Holding Period End Date: 2023-01-03

176/223: 2022-12-12: Added=MBC, Removed=nan
  Holding Period End Date: 2023-01-03
  ✓ S1: MBC 7.28%, Portfolio: $1,013,106

177/223: 2022-12-19: Added=STLD, Removed=ABMD
  Holding Period End Date: 2023-01-10
  ✓ S1: STLD 4.82%, Portfolio: $1,061,887
    Warning: No data found for ABMD
  ✗ S2: Insufficient data for STLD/ABMD

178/223: 2022-12-28: Added=GEHC, Removed=nan
  Holding Period End Date: 2023-01-19
    YFinance output for GEHC: 1 Failed download:
['MRO']: YFTzMissingError('possibly delisted; no timezone found')

1 Failed download:
['MRO']: YFTzMissingError('possibly delisted; no timezone found')
    Warning: No data found for GEHC
  ✗ S1: Insufficient data for GEHC

179/223: 2022-12-28: Added=nan, Removed=VNO
  Holding Period End Date: 2023-01-19

180/223: 2023-03-03: Added=FICO, Removed=LUMN
  Holding Period End Date: 2023-03-23
  ✓ S1: FICO 16.68%, Portfolio: $1,238,995
  ✓ S2: Long FICO (17.75%), Short LUMN (-10.91%)
      Combined: 3.42%, Portfolio: $1,711,934

181/223: 2023-03-10: Added=PODD, Removed=SIVB
  Holding Period End Date: 2023-03-30
  ✓ S1: PODD 9.62%, Portfolio: $1,358,229
  ✗ S2: Error processing PODD/SIVB: cannot convert the series to <class 'float'>

182/223: 2023-03-13: Added=BG, Removed=SBNY
  Holding Period End Date: 2023-03-31
  ✓ S1: BG 13.69%, Portfolio: $1,544,113
  ✓ S2: Long BG (1.18%), Short SBNY (5.39%)
      Combined: 3.29%, Portfolio: $1,768,226

183/223: 2023-05-01: Added=AXON, Removed=FRC
  Holding Period End Date: 2023-05-19
  ✓ S1: AXON 0.61%, Portfolio: $1,553,475
  ✓ S2: Long AXON (-11.37%), Short FRC (-0.60%)
      Combined: -5.99%, Portfolio: $1,662,353

184/223: 2023-06-02: Added=PANW, Removed=DISH
  Holding Period End Date: 2023-06-23
  ✓ S1: PANW -5.12%, Portfolio: $1,473,977
    YFinance output for DISH: 1 Failed download:
['CTXS']: YFTzMissingError('possibly delisted; no timezone found')
  ✗ S2: Error processing PANW/DISH: cannot convert the series to <class 'float'>

185/223: 2023-08-21: Added=nan, Removed=TEL
  Holding Period End Date: 2023-09-11

186/223: 2023-08-21: Added=KVUE, Removed=AAP
  Holding Period End Date: 2023-09-11
  ✓ S1: KVUE 2.35%, Portfolio: $1,508,604
  ✗ S2: Error processing KVUE/AAP: cannot convert the series to <class 'float'>

187/223: 2023-08-21: Added=PCS, Removed=nan
  Holding Period End Date: 2023-09-11
  ✓ S1: PCS 4.05%, Portfolio: $1,569,753

188/223: 2023-09-14: Added=BX, Removed=LNC
  Holding Period End Date: 2023-10-04
  ✓ S1: BX 0.38%, Portfolio: $1,575,733
  ✓ S2: Long BX (6.32%), Short LNC (14.19%)
      Combined: 10.26%, Portfolio: $1,832,837

189/223: 2023-09-14: Added=ABNB, Removed=NWL
  Holding Period End Date: 2023-10-04
  ✓ S1: ABNB -2.89%, Portfolio: $1,530,227
    Warning: No data found for NWL
  ✗ S2: Insufficient data for ABNB/NWL

190/223: 2023-09-28: Added=VLTO, Removed=nan
  Holding Period End Date: 2023-10-18
  ✓ S1: VLTO 15.45%, Portfolio: $1,766,643

191/223: 2023-09-28: Added=nan, Removed=DXC
  Holding Period End Date: 2023-10-18

192/223: 2023-10-13: Added=LULU, Removed=ATVI
  Holding Period End Date: 2023-11-02
  ✓ S1: LULU 15.26%, Portfolio: $2,036,316
  ✓ S2: Long LULU (15.26%), Short ATVI (-13.53%)
      Combined: 0.87%, Portfolio: $1,848,741

193/223: 2023-10-13: Added=HUBB, Removed=OGN
  Holding Period End Date: 2023-11-02
  ✓ S1: HUBB 3.08%, Portfolio: $2,099,102
  ✓ S2: Long HUBB (9.67%), Short OGN (-8.82%)
      Combined: 0.43%, Portfolio: $1,856,629

194/223: 2023-12-01: Added=UBER, Removed=SEE
  Holding Period End Date: 2023-12-21
  ✓ S1: UBER 25.12%, Portfolio: $2,626,472
  ✓ S2: Long UBER (4.87%), Short SEE (-7.36%)
      Combined: -1.25%, Portfolio: $1,833,450

195/223: 2023-12-01: Added=BLDR, Removed=SEDG
  Holding Period End Date: 2023-12-21
  ✓ S1: BLDR 8.34%, Portfolio: $2,845,493
    Error fetching SEDG: 'ZION'
  ✗ S2: Insufficient data for BLDR/SEDG

196/223: 2023-12-01: Added=JBL, Removed=ALK
  Holding Period End Date: 2023-12-21
  ✓ S1: JBL 1.41%, Portfolio: $2,885,718
    YFinance output for ALK: 1 Failed download:
['MRO']: YFTzMissingError('possibly delisted; no timezone found')

1 Failed download:
['MRO']: YFTzMissingError('possibly delisted; no timezone found')
  ✗ S2: Error processing JBL/ALK: cannot convert the series to <class 'float'>

197/223: 2024-03-01: Added=SMCI, Removed=WHR
  Holding Period End Date: 2024-03-21
  ✓ S1: SMCI -12.35%, Portfolio: $2,529,344
  ✓ S2: Long SMCI (-0.68%), Short WHR (-0.96%)
      Combined: -0.82%, Portfolio: $1,818,416

198/223: 2024-03-01: Added=DECK, Removed=ZION
  Holding Period End Date: 2024-03-21
  ✓ S1: DECK -3.04%, Portfolio: $2,452,373
  ✗ S2: Error processing DECK/ZION: cannot convert the series to <class 'float'>

199/223: 2024-03-27: Added=SOLV, Removed=nan
  Holding Period End Date: 2024-04-17
  ✓ S1: SOLV 7.61%, Portfolio: $2,639,050

200/223: 2024-03-27: Added=GEV, Removed=nan
  Holding Period End Date: 2024-04-17
  ✓ S1: GEV -3.50%, Portfolio: $2,546,754

201/223: 2024-03-27: Added=nan, Removed=XRAY
  Holding Period End Date: 2024-04-17

202/223: 2024-03-27: Added=nan, Removed=VFC
  Holding Period End Date: 2024-04-17

203/223: 2024-05-03: Added=VST, Removed=PXD
  Holding Period End Date: 2024-05-23
  ✓ S1: VST 14.20%, Portfolio: $2,908,357
  ✓ S2: Long VST (-0.56%), Short PXD (2.59%)
      Combined: 1.01%, Portfolio: $1,836,868

204/223: 2024-06-07: Added=KKR, Removed=RHI
  Holding Period End Date: 2024-06-28
    Warning: No data found for KKR
  ✗ S1: Insufficient data for KKR
  ✓ S2: Long KKR (-4.26%), Short RHI (-13.05%)
      Combined: -8.66%, Portfolio: $1,677,875

205/223: 2024-06-07: Added=CRWD, Removed=CMA
  Holding Period End Date: 2024-06-28
  ✗ S1: Error processing CRWD: cannot convert the series to <class 'float'>
  ✓ S2: Long CRWD (14.27%), Short CMA (-5.75%)
      Combined: 4.26%, Portfolio: $1,749,408

206/223: 2024-06-07: Added=GDDY, Removed=ILMN
  Holding Period End Date: 2024-06-28
  ✓ S1: GDDY 21.66%, Portfolio: $3,538,358
  ✗ S2: Error processing GDDY/ILMN: cannot convert the series to <class 'float'>

207/223: 2024-09-06: Added=ERIE, Removed=BIO
  Holding Period End Date: 2024-09-26
  ✓ S1: ERIE 7.79%, Portfolio: $3,813,822
    YFinance output for ERIE: 1 Failed download:
['MRO']: YFTzMissingError('possibly delisted; no timezone found')

1 Failed download:
['MRO']: YFTzMissingError('possibly delisted; no timezone found')
    Warning: No data found for ERIE
  ✗ S2: Insufficient data for ERIE/BIO

208/223: 2024-09-06: Added=DELL, Removed=ETSY
  Holding Period End Date: 2024-09-26
  ✓ S1: DELL -9.61%, Portfolio: $3,447,237
  ✓ S2: Long DELL (-11.60%), Short ETSY (9.72%)
      Combined: -0.94%, Portfolio: $1,733,002

209/223: 2024-09-06: Added=PLTR, Removed=AAL
  Holding Period End Date: 2024-09-26
  ✓ S1: PLTR 0.98%, Portfolio: $3,481,137
  ✓ S2: Long PLTR (7.45%), Short AAL (-2.42%)
      Combined: 2.51%, Portfolio: $1,776,526

210/223: 2024-09-24: Added=AMTM, Removed=nan
  Holding Period End Date: 2024-10-14
  ✓ S1: AMTM -14.50%, Portfolio: $2,976,320

211/223: 2024-09-24: Added=nan, Removed=BBWI
  Holding Period End Date: 2024-10-14

212/223: 2024-11-21: Added=TPL, Removed=MRO
  Holding Period End Date: 2024-12-12
  ✗ S1: Error processing TPL: cannot convert the series to <class 'float'>
  ✓ S2: Long TPL (-1.69%), Short MRO (1.72%)
      Combined: 0.01%, Portfolio: $1,776,783

213/223: 2024-12-06: Added=WDAY, Removed=AMTM
  Holding Period End Date: 2024-12-27
  ✓ S1: WDAY 1.20%, Portfolio: $3,012,074
  ✗ S2: Error processing WDAY/AMTM: cannot convert the series to <class 'float'>

214/223: 2024-12-06: Added=APO, Removed=QRVO
  Holding Period End Date: 2024-12-27
  ✓ S1: APO 4.79%, Portfolio: $3,156,438
    Warning: No data found for QRVO
  ✗ S2: Insufficient data for APO/QRVO

215/223: 2024-12-18: Added=LII, Removed=CTLT
  Holding Period End Date: 2025-01-10
    Warning: No data found for LII
  ✗ S1: Insufficient data for LII
  ✓ S2: Long LII (22.71%), Short CTLT (-18.51%)
      Combined: 2.10%, Portfolio: $1,814,137

216/223: 2025-03-07: Added=EXE, Removed=FMC
  Holding Period End Date: 2025-03-27
  ✓ S1: EXE 12.44%, Portfolio: $3,549,113
    Warning: No data found for EXE
    YFinance output for FMC: 1 Failed download:
['ATVI']: YFTzMissingError('possibly delisted; no timezone found')
    Warning: No data found for FMC
  ✗ S2: Insufficient data for EXE/FMC

217/223: 2025-03-07: Added=WSM, Removed=CE
  Holding Period End Date: 2025-03-27
  ✓ S1: WSM 8.60%, Portfolio: $3,854,406
  ✓ S2: Long WSM (12.06%), Short CE (-6.51%)
      Combined: 2.78%, Portfolio: $1,864,547

218/223: 2025-03-07: Added=TKO, Removed=TFX
  Holding Period End Date: 2025-03-27
  ✓ S1: TKO -5.63%, Portfolio: $3,637,537
    Warning: No data found for TKO
  ✗ S2: Insufficient data for TKO/TFX

219/223: 2025-03-07: Added=DASH, Removed=BWA
  Holding Period End Date: 2025-03-27
  ✓ S1: DASH 4.53%, Portfolio: $3,802,380
  ✓ S2: Long DASH (12.15%), Short BWA (17.48%)
      Combined: 14.81%, Portfolio: $2,140,757

220/223: 2025-05-12: Added=COIN, Removed=DFS
  Holding Period End Date: 2025-06-02
    Warning: No data found for COIN
  ✗ S1: Insufficient data for COIN
  ✓ S2: Long COIN (5.92%), Short DFS (-6.58%)
      Combined: -0.33%, Portfolio: $2,133,727

221/223: 2025-07-02: Added=DDOG, Removed=JNPR
  Holding Period End Date: 2025-07-23
  ✓ S1: DDOG 20.08%, Portfolio: $4,566,085
    Warning: No data found for DDOG
  ✗ S2: Insufficient data for DDOG/JNPR

222/223: 2025-07-14: Added=TTD, Removed=ANSS
  Holding Period End Date: 2025-08-01
  ✗ S1: Error processing TTD: cannot convert the series to <class 'float'>
  ✓ S2: Long TTD (28.56%), Short ANSS (3.73%)
      Combined: 16.15%, Portfolio: $2,478,228

223/223: 2025-07-18: Added=XYZ, Removed=HES
  Holding Period End Date: 2025-08-07
  ✓ S1: XYZ 2.99%, Portfolio: $4,702,715
    YFinance output for XYZ: 1 Failed download:
['FDO']: YFPricesMissingError('possibly delisted; no price data found  (1d 2015-07-06 00:00:00 -> 2015-07-27)')

1 Failed download:
['FDO']: YFPricesMissingError('possibly delisted; no price data found  (1d 2015-07-06 00:00:00 -> 2015-07-27)')
    Warning: No data found for XYZ
  ✗ S2: Insufficient data for XYZ/HES

============================================================
FINAL RESULTS
Strategy 1: 129 successful trades, Final: $4,702,715 (370.27%)
Strategy 2: 85 successful trades, Final: $2,478,228 (147.82%)
Completed: 2025-08-31 18:08:58
