S&P 500 Index Update Trading Strategy Analysis
Holding Period: 19 trading days
Date Range: 2015-07-02 to 2025-07-18
Timestamp: 2025-08-31 17:22:31
============================================================

1/223: 2015-07-02: Added=KHC, Removed=KRFT
  Holding Period End Date: 2015-07-30
    Warning: No data found for KHC
  ✗ S1: Insufficient data for KHC
    Error fetching KHC: can't start new thread
    Error fetching KRFT: can't start new thread
  ✗ S2: Insufficient data for KHC/KRFT

2/223: 2015-07-06: Added=AAP, Removed=FDO
  Holding Period End Date: 2015-07-31
    Error fetching AAP: can't start new thread
  ✗ S1: Insufficient data for AAP
    Error fetching AAP: can't start new thread
    Error fetching FDO: can't start new thread
  ✗ S2: Insufficient data for AAP/FDO

3/223: 2015-07-14: Added=PYPL, Removed=NE
  Holding Period End Date: 2015-08-10
    Error fetching PYPL: can't start new thread
  ✗ S1: Insufficient data for PYPL
    Error fetching PYPL: can't start new thread
    Error fetching NE: can't start new thread
  ✗ S2: Insufficient data for PYPL/NE

4/223: 2015-07-24: Added=SIG, Removed=DTV
  Holding Period End Date: 2015-08-20
    Error fetching SIG: can't start new thread
  ✗ S1: Insufficient data for SIG
    Error fetching SIG: can't start new thread
    Error fetching DTV: can't start new thread
  ✗ S2: Insufficient data for SIG/DTV

5/223: 2015-08-27: Added=ATVI, Removed=PLL
  Holding Period End Date: 2015-09-24
    Error fetching ATVI: can't start new thread
  ✗ S1: Insufficient data for ATVI
    Error fetching ATVI: can't start new thread
    Error fetching PLL: can't start new thread
  ✗ S2: Insufficient data for ATVI/PLL

6/223: 2015-08-27: Added=UAL, Removed=HSP
  Holding Period End Date: 2015-09-24
    Error fetching UAL: can't start new thread
  ✗ S1: Insufficient data for UAL
    Error fetching UAL: can't start new thread
    Error fetching HSP: can't start new thread
  ✗ S2: Insufficient data for UAL/HSP

7/223: 2015-09-30: Added=VRSK, Removed=JOY
  Holding Period End Date: 2015-10-27
  ✓ S1: VRSK -1.25%, Portfolio: $987,522
    Error fetching VRSK: can't start new thread
    Error fetching JOY: can't start new thread
  ✗ S2: Insufficient data for VRSK/JOY

8/223: 2015-10-27: Added=HPE, Removed=HCBK
  Holding Period End Date: 2015-11-23
  ✗ S1: Error processing HPE: cannot convert the series to <class 'float'>
    Error fetching HPE: can't start new thread
    Error fetching HCBK: can't start new thread
  ✗ S2: Insufficient data for HPE/HCBK

9/223: 2015-11-09: Added=SYF, Removed=GNW
  Holding Period End Date: 2015-12-07
    Error fetching SYF: can't start new thread
  ✗ S1: Insufficient data for SYF
    Error fetching SYF: can't start new thread
    Error fetching GNW: can't start new thread
  ✗ S2: Insufficient data for SYF/GNW

10/223: 2015-11-12: Added=ILMN, Removed=SIAL
  Holding Period End Date: 2015-12-10
    Warning: No data found for ILMN
  ✗ S1: Insufficient data for ILMN
    Warning: No data found for ILMN
    Error fetching SIAL: can't start new thread
  ✗ S2: Insufficient data for ILMN/SIAL

11/223: 2015-11-23: Added=CSRA, Removed=CSC
  Holding Period End Date: 2015-12-21
    Error fetching CSRA: can't start new thread
  ✗ S1: Insufficient data for CSRA
    Error fetching CSRA: can't start new thread
    Error fetching CSC: can't start new thread
  ✗ S2: Insufficient data for CSRA/CSC

12/223: 2015-12-15: Added=nan, Removed=CMCSK
  Holding Period End Date: 2016-01-13

13/223: 2015-12-22: Added=CHD, Removed=ALTR
  Holding Period End Date: 2016-01-21
    Error fetching CHD: can't start new thread
  ✗ S1: Insufficient data for CHD
    Error fetching CHD: can't start new thread
    Error fetching ALTR: can't start new thread
  ✗ S2: Insufficient data for CHD/ALTR

14/223: 2015-12-28: Added=WLTW, Removed=FOSL
  Holding Period End Date: 2016-01-26
    YFinance output for WLTW: 2 Failed downloads:
['ACGL', 'PODD']: DNSError('Failed to perform, curl: (6) getaddrinfo() thread failed to start. See https://curl.se/libcurl/c/libcurl-errors.html first for more details.')
    Warning: No data found for WLTW
  ✗ S1: Insufficient data for WLTW
    Error fetching WLTW: can't start new thread
    Error fetching FOSL: can't start new thread
  ✗ S2: Insufficient data for WLTW/FOSL

15/223: 2016-01-13: Added=EXR, Removed=ACE
  Holding Period End Date: 2016-02-10
    YFinance output for EXR: 1 Failed download:
['SIVB']: YFTzMissingError('possibly delisted; no timezone found')
    Warning: No data found for EXR
  ✗ S1: Insufficient data for EXR
    Error fetching EXR: can't start new thread
    Warning: No data found for ACE
  ✗ S2: Insufficient data for EXR/ACE

16/223: 2016-01-22: Added=FRT, Removed=BRCM
  Holding Period End Date: 2016-02-19
  ✗ S1: Error processing FRT: cannot convert the series to <class 'float'>
    Error fetching FRT: can't start new thread
    Warning: No data found for BRCM
  ✗ S2: Insufficient data for FRT/BRCM

17/223: 2016-01-26: Added=CFG, Removed=PCP
  Holding Period End Date: 2016-02-23
    Error fetching CFG: can't start new thread
  ✗ S1: Insufficient data for CFG
    Error fetching CFG: can't start new thread
    Error fetching PCP: can't start new thread
  ✗ S2: Insufficient data for CFG/PCP

18/223: 2016-02-16: Added=CXO, Removed=PCL
  Holding Period End Date: 2016-03-14
    Error fetching CXO: can't start new thread
  ✗ S1: Insufficient data for CXO
    Warning: No data found for CXO
    Error fetching PCL: can't start new thread
  ✗ S2: Insufficient data for CXO/PCL

19/223: 2016-03-01: Added=AWK, Removed=CNX
  Holding Period End Date: 2016-03-29
    Warning: No data found for AWK
  ✗ S1: Insufficient data for AWK
    Error fetching AWK: can't start new thread
    Error fetching CNX: can't start new thread
  ✗ S2: Insufficient data for AWK/CNX

20/223: 2016-03-04: Added=UDR, Removed=GMCR
  Holding Period End Date: 2016-04-01
    Error fetching UDR: can't start new thread
  ✗ S1: Insufficient data for UDR
    Error fetching UDR: can't start new thread
    Error fetching GMCR: can't start new thread
  ✗ S2: Insufficient data for UDR/GMCR

21/223: 2016-03-24: Added=CNC, Removed=ESV
  Holding Period End Date: 2016-04-21
    Error fetching CNC: can't start new thread
  ✗ S1: Insufficient data for CNC
    Error fetching CNC: can't start new thread
    Error fetching ESV: can't start new thread
  ✗ S2: Insufficient data for CNC/ESV

22/223: 2016-03-24: Added=HOLX, Removed=POM
  Holding Period End Date: 2016-04-21
    Error fetching HOLX: can't start new thread
  ✗ S1: Insufficient data for HOLX
    YFinance output for HOLX: 1 Failed download:
['FSLR']: DNSError('Failed to perform, curl: (6) getaddrinfo() thread failed to start. See https://curl.se/libcurl/c/libcurl-errors.html first for more details.')

1 Failed download:
['FSLR']: DNSError('Failed to perform, curl: (6) getaddrinfo() thread failed to start. See https://curl.se/libcurl/c/libcurl-errors.html first for more details.')

1 Failed download:
['FSLR']: DNSError('Failed to perform, curl: (6) getaddrinfo() thread failed to start. See https://curl.se/libcurl/c/libcurl-errors.html first for more details.')

1 Failed download:
['FSLR']: DNSError('Failed to perform, curl: (6) getaddrinfo() thread failed to start. See https://curl.se/libcurl/c/libcurl-errors.html first for more details.')

1 Failed download:
['FSLR']: DNSError('Failed to perform, curl: (6) getaddrinfo() thread failed to start. See https://curl.se/libcurl/c/libcurl-errors.html first for more details.')
    Warning: No data found for HOLX
    Error fetching POM: can't start new thread
  ✗ S2: Insufficient data for HOLX/POM

23/223: 2016-03-28: Added=FL, Removed=CAM
  Holding Period End Date: 2016-04-22
    Error fetching FL: can't start new thread
  ✗ S1: Insufficient data for FL
    Error fetching FL: can't start new thread
    Error fetching CAM: can't start new thread
  ✗ S2: Insufficient data for FL/CAM

24/223: 2016-04-07: Added=ULTA, Removed=THC
  Holding Period End Date: 2016-05-04
    Error fetching ULTA: can't start new thread
  ✗ S1: Insufficient data for ULTA
    Error fetching ULTA: can't start new thread
    Error fetching THC: can't start new thread
  ✗ S2: Insufficient data for ULTA/THC

25/223: 2016-04-19: Added=GPN, Removed=GME
  Holding Period End Date: 2016-05-16
  ✓ S1: GPN 6.53%, Portfolio: $1,051,985
    Warning: No data found for GME
  ✗ S2: Insufficient data for GPN/GME

26/223: 2016-04-26: Added=AYI, Removed=ADT
  Holding Period End Date: 2016-05-23
    Error fetching AYI: can't start new thread
  ✗ S1: Insufficient data for AYI
    Error fetching AYI: can't start new thread
    Error fetching ADT: can't start new thread
  ✗ S2: Insufficient data for AYI/ADT

27/223: 2016-05-10: Added=ALK, Removed=SNDK
  Holding Period End Date: 2016-06-07
    YFinance output for ALK: Failed to get ticker 'FRC' reason: Failed to perform, curl: (6) getaddrinfo() thread failed to start. See https://curl.se/libcurl/c/libcurl-errors.html first for more details.

2 Failed downloads:
['FRC']: YFTzMissingError('possibly delisted; no timezone found')
['GEHC']: DNSError('Failed to perform, curl: (6) getaddrinfo() thread failed to start. See https://curl.se/libcurl/c/libcurl-errors.html first for more details.')

2 Failed downloads:
['FRC']: YFTzMissingError('possibly delisted; no timezone found')
['GEHC']: DNSError('Failed to perform, curl: (6) getaddrinfo() thread failed to start. See https://curl.se/libcurl/c/libcurl-errors.html first for more details.')

2 Failed downloads:
['FRC']: YFTzMissingError('possibly delisted; no timezone found')
['GEHC']: DNSError('Failed to perform, curl: (6) getaddrinfo() thread failed to start. See https://curl.se/libcurl/c/libcurl-errors.html first for more details.')

2 Failed downloads:
['FRC']: YFTzMissingError('possibly delisted; no timezone found')
['GEHC']: DNSError('Failed to perform, curl: (6) getaddrinfo() thread failed to start. See https://curl.se/libcurl/c/libcurl-errors.html first for more details.')

2 Failed downloads:
['FRC']: YFTzMissingError('possibly delisted; no timezone found')
['GEHC']: DNSError('Failed to perform, curl: (6) getaddrinfo() thread failed to start. See https://curl.se/libcurl/c/libcurl-errors.html first for more details.')
    Warning: No data found for ALK
  ✗ S1: Insufficient data for ALK
    Warning: No data found for ALK
    Warning: No data found for SNDK
  ✗ S2: Insufficient data for ALK/SNDK

28/223: 2016-05-13: Added=DLR, Removed=TWC
  Holding Period End Date: 2016-06-10
    Error fetching DLR: can't start new thread
  ✗ S1: Insufficient data for DLR
    Error fetching DLR: can't start new thread
    YFinance output for TWC: 1 Failed download:
['STLD']: DNSError('Failed to perform, curl: (6) getaddrinfo() thread failed to start. See https://curl.se/libcurl/c/libcurl-errors.html first for more details.')
    Warning: No data found for TWC
  ✗ S2: Insufficient data for DLR/TWC

29/223: 2016-05-18: Added=LKQ, Removed=ARG
  Holding Period End Date: 2016-06-15
    Error fetching LKQ: can't start new thread
  ✗ S1: Insufficient data for LKQ
    YFinance output for LKQ: 1 Failed download:
['SBNY']: YFPricesMissingError('possibly delisted; no price data found  (1d 2023-03-13 00:00:00 -> 2023-03-17) (Yahoo error = "Data doesn\'t exist for startDate = 1678680000, endDate = 1679025600")')

1 Failed download:
['SBNY']: YFPricesMissingError('possibly delisted; no price data found  (1d 2023-03-13 00:00:00 -> 2023-03-17) (Yahoo error = "Data doesn\'t exist for startDate = 1678680000, endDate = 1679025600")')

1 Failed download:
['SBNY']: YFPricesMissingError('possibly delisted; no price data found  (1d 2023-03-13 00:00:00 -> 2023-03-17) (Yahoo error = "Data doesn\'t exist for startDate = 1678680000, endDate = 1679025600")')
    Warning: No data found for LKQ
    Error fetching ARG: can't start new thread
  ✗ S2: Insufficient data for LKQ/ARG

30/223: 2016-05-24: Added=AJG, Removed=CCE
  Holding Period End Date: 2016-06-21
    Error fetching AJG: can't start new thread
  ✗ S1: Insufficient data for AJG
    Error fetching AJG: can't start new thread
    Error fetching CCE: can't start new thread
  ✗ S2: Insufficient data for AJG/CCE

31/223: 2016-05-27: Added=TDG, Removed=BXLT
  Holding Period End Date: 2016-06-24
    Error fetching TDG: can't start new thread
  ✗ S1: Insufficient data for TDG
  ✓ S2: Long TDG (-4.24%), Short BXLT (-3.54%)
      Combined: -3.89%, Portfolio: $961,111

32/223: 2016-06-21: Added=FBHS, Removed=CVC
  Holding Period End Date: 2016-07-19
    Warning: No data found for FBHS
  ✗ S1: Insufficient data for FBHS
    Warning: No data found for FBHS
  ✗ S2: Insufficient data for FBHS/CVC

33/223: 2016-06-23: Added=FTV, Removed=CPGX
  Holding Period End Date: 2016-07-21
    Error fetching FTV: can't start new thread
  ✗ S1: Insufficient data for FTV
    Error fetching FTV: can't start new thread
    Error fetching CPGX: can't start new thread
  ✗ S2: Insufficient data for FTV/CPGX

34/223: 2016-06-23: Added=ALB, Removed=TE
  Holding Period End Date: 2016-07-21
  ✗ S1: Error processing ALB: cannot convert the series to <class 'float'>
    Error fetching ALB: can't start new thread
    Error fetching TE: can't start new thread
  ✗ S2: Insufficient data for ALB/TE

35/223: 2016-06-29: Added=LNT, Removed=GAS
  Holding Period End Date: 2016-07-27
    Error fetching LNT: can't start new thread
  ✗ S1: Insufficient data for LNT
    Error fetching LNT: can't start new thread
    Error fetching GAS: can't start new thread
  ✗ S2: Insufficient data for LNT/GAS

36/223: 2016-08-25: Added=MTD, Removed=TYC
  Holding Period End Date: 2016-09-22
  ✓ S1: MTD -4.25%, Portfolio: $1,007,271
    Warning: No data found for MTD
    Error fetching TYC: can't start new thread
  ✗ S2: Insufficient data for MTD/TYC

37/223: 2016-08-31: Added=CHTR, Removed=EMC
  Holding Period End Date: 2016-09-28
    Warning: No data found for CHTR
  ✗ S1: Insufficient data for CHTR
    Error fetching CHTR: can't start new thread
    Error fetching EMC: can't start new thread
  ✗ S2: Insufficient data for CHTR/EMC

38/223: 2016-09-10: Added=COO, Removed=HOT
  Holding Period End Date: 2016-10-07
    YFinance output for COO: 1 Failed download:
['UBER']: DNSError('Failed to perform, curl: (6) getaddrinfo() thread failed to start. See https://curl.se/libcurl/c/libcurl-errors.html first for more details.')

1 Failed download:
['UBER']: DNSError('Failed to perform, curl: (6) getaddrinfo() thread failed to start. See https://curl.se/libcurl/c/libcurl-errors.html first for more details.')
    Warning: No data found for COO
  ✗ S1: Insufficient data for COO
    Error fetching COO: can't start new thread
    Error fetching HOT: can't start new thread
  ✗ S2: Insufficient data for COO/HOT

39/223: 2016-09-27: Added=COTY, Removed=DO
  Holding Period End Date: 2016-10-24
    Error fetching COTY: can't start new thread
  ✗ S1: Insufficient data for COTY
    Error fetching COTY: can't start new thread
    Error fetching DO: can't start new thread
  ✗ S2: Insufficient data for COTY/DO

40/223: 2016-11-29: Added=MAA, Removed=OI
  Holding Period End Date: 2016-12-27
    Error fetching MAA: can't start new thread
  ✗ S1: Insufficient data for MAA
    Error fetching MAA: can't start new thread
    Error fetching OI: can't start new thread
  ✗ S2: Insufficient data for MAA/OI

41/223: 2016-11-29: Added=EVHC, Removed=LM
  Holding Period End Date: 2016-12-27
    Warning: No data found for EVHC
  ✗ S1: Insufficient data for EVHC
    Warning: No data found for EVHC
    YFinance output for LM: 1 Failed download:
['HUBB']: DNSError('Failed to perform, curl: (6) getaddrinfo() thread failed to start. See https://curl.se/libcurl/c/libcurl-errors.html first for more details.')
    Warning: No data found for LM
  ✗ S2: Insufficient data for EVHC/LM

42/223: 2017-01-03: Added=IDXX, Removed=STJ
  Holding Period End Date: 2017-01-31
    Warning: No data found for IDXX
  ✗ S1: Insufficient data for IDXX
    Error fetching IDXX: can't start new thread
    Error fetching STJ: can't start new thread
  ✗ S2: Insufficient data for IDXX/STJ

43/223: 2017-02-23: Added=INCY, Removed=SE
  Holding Period End Date: 2017-03-22
  ✗ S1: Error processing INCY: cannot convert the series to <class 'float'>
    Warning: No data found for INCY
  ✗ S2: Insufficient data for INCY/SE

44/223: 2017-02-23: Added=CBOE, Removed=PBI
  Holding Period End Date: 2017-03-22
    Error fetching CBOE: can't start new thread
  ✗ S1: Insufficient data for CBOE
    Error fetching CBOE: can't start new thread
    Error fetching PBI: can't start new thread
  ✗ S2: Insufficient data for CBOE/PBI

45/223: 2017-02-23: Added=REG, Removed=ENDP
  Holding Period End Date: 2017-03-22
    Warning: No data found for REG
  ✗ S1: Insufficient data for REG
    Error fetching REG: can't start new thread
    Error fetching ENDP: can't start new thread
  ✗ S2: Insufficient data for REG/ENDP

46/223: 2017-03-06: Added=DISH, Removed=LLTC
  Holding Period End Date: 2017-03-31
    Error fetching DISH: can't start new thread
  ✗ S1: Insufficient data for DISH
    Error fetching DISH: can't start new thread
    Error fetching LLTC: can't start new thread
  ✗ S2: Insufficient data for DISH/LLTC

47/223: 2017-03-10: Added=ARE, Removed=FSLR
  Holding Period End Date: 2017-04-06
    Warning: No data found for ARE
  ✗ S1: Insufficient data for ARE
    Warning: No data found for ARE
  ✗ S2: Insufficient data for ARE/FSLR

48/223: 2017-03-10: Added=RJF, Removed=FTR
  Holding Period End Date: 2017-04-06
  ✗ S1: Error processing RJF: cannot convert the series to <class 'float'>
    Error fetching RJF: can't start new thread
    YFinance output for FTR: 1 Failed download:
['SEDG']: DNSError('Failed to perform, curl: (6) getaddrinfo() thread failed to start. See https://curl.se/libcurl/c/libcurl-errors.html first for more details.')

1 Failed download:
['SEDG']: DNSError('Failed to perform, curl: (6) getaddrinfo() thread failed to start. See https://curl.se/libcurl/c/libcurl-errors.html first for more details.')
    Warning: No data found for FTR
  ✗ S2: Insufficient data for RJF/FTR

49/223: 2017-03-10: Added=AMD, Removed=URBN
  Holding Period End Date: 2017-04-06
    Error fetching AMD: can't start new thread
  ✗ S1: Insufficient data for AMD
    Error fetching AMD: can't start new thread
    Warning: No data found for URBN
  ✗ S2: Insufficient data for AMD/URBN

50/223: 2017-03-13: Added=SNPS, Removed=HAR
  Holding Period End Date: 2017-04-07
    Error fetching SNPS: can't start new thread
  ✗ S1: Insufficient data for SNPS
    Error fetching SNPS: can't start new thread
    Error fetching HAR: can't start new thread
  ✗ S2: Insufficient data for SNPS/HAR

51/223: 2017-03-28: Added=DXC, Removed=SWN
  Holding Period End Date: 2017-04-25
    Warning: No data found for DXC
  ✗ S1: Insufficient data for DXC
    Error fetching DXC: can't start new thread
    YFinance output for SWN: 4 Failed downloads:
['ALK', 'ABNB', 'ZION', 'BLDR']: DNSError('Failed to perform, curl: (6) getaddrinfo() thread failed to start. See https://curl.se/libcurl/c/libcurl-errors.html first for more details.')

4 Failed downloads:
['ALK', 'ABNB', 'ZION', 'BLDR']: DNSError('Failed to perform, curl: (6) getaddrinfo() thread failed to start. See https://curl.se/libcurl/c/libcurl-errors.html first for more details.')

4 Failed downloads:
['ALK', 'ABNB', 'ZION', 'BLDR']: DNSError('Failed to perform, curl: (6) getaddrinfo() thread failed to start. See https://curl.se/libcurl/c/libcurl-errors.html first for more details.')

4 Failed downloads:
['ALK', 'ABNB', 'ZION', 'BLDR']: DNSError('Failed to perform, curl: (6) getaddrinfo() thread failed to start. See https://curl.se/libcurl/c/libcurl-errors.html first for more details.')
    Warning: No data found for SWN
  ✗ S2: Insufficient data for DXC/SWN

52/223: 2017-03-29: Added=IT, Removed=DNB
  Holding Period End Date: 2017-04-26
    YFinance output for IT: 1 Failed download:
['PCS']: YFPricesMissingError('possibly delisted; no price data found  (1d 2023-08-21 00:00:00 -> 2023-08-30) (Yahoo error = "Data doesn\'t exist for startDate = 1692590400, endDate = 1693368000")')
    Warning: No data found for IT
  ✗ S1: Insufficient data for IT
    Error fetching IT: can't start new thread
    Error fetching DNB: can't start new thread
  ✗ S2: Insufficient data for IT/DNB

53/223: 2017-05-24: Added=INFO, Removed=TGNA
  Holding Period End Date: 2017-06-21
  ✗ S1: Error processing INFO: cannot convert the series to <class 'float'>
    Warning: No data found for INFO
    Warning: No data found for TGNA
  ✗ S2: Insufficient data for INFO/TGNA

54/223: 2017-06-09: Added=ANSS, Removed=R
  Holding Period End Date: 2017-07-07
    Error fetching ANSS: can't start new thread
  ✗ S1: Insufficient data for ANSS
    Error fetching ANSS: can't start new thread
    Error fetching R: can't start new thread
  ✗ S2: Insufficient data for ANSS/R

55/223: 2017-06-09: Added=ALGN, Removed=TDC
  Holding Period End Date: 2017-07-07
  ✓ S1: ALGN 4.28%, Portfolio: $1,050,374
    Error fetching ALGN: can't start new thread
    Error fetching TDC: can't start new thread
  ✗ S2: Insufficient data for ALGN/TDC

56/223: 2017-06-09: Added=HLT, Removed=YHOO
  Holding Period End Date: 2017-07-07
  ✓ S1: HLT 1.82%, Portfolio: $1,069,472
    Warning: No data found for HLT
    YFinance output for YHOO: 1 Failed download:
['BX']: DNSError('Failed to perform, curl: (6) getaddrinfo() thread failed to start. See https://curl.se/libcurl/c/libcurl-errors.html first for more details.')
    Warning: No data found for YHOO
  ✗ S2: Insufficient data for HLT/YHOO

57/223: 2017-06-12: Added=RE, Removed=MJN
  Holding Period End Date: 2017-07-10
    Error fetching RE: can't start new thread
  ✗ S1: Insufficient data for RE
    Error fetching RE: can't start new thread
    Error fetching MJN: can't start new thread
  ✗ S2: Insufficient data for RE/MJN

58/223: 2017-06-30: Added=BKR, Removed=BHI
  Holding Period End Date: 2017-07-28
    Error fetching BKR: can't start new thread
  ✗ S1: Insufficient data for BKR
    Error fetching BKR: can't start new thread
    Error fetching BHI: can't start new thread
  ✗ S2: Insufficient data for BKR/BHI

59/223: 2017-07-19: Added=MGM, Removed=RAI
  Holding Period End Date: 2017-08-15
    Warning: No data found for MGM
  ✗ S1: Insufficient data for MGM
    Error fetching MGM: can't start new thread
    Error fetching RAI: can't start new thread
  ✗ S2: Insufficient data for MGM/RAI

60/223: 2017-07-19: Added=RMD, Removed=MNK
  Holding Period End Date: 2017-08-15
    Error fetching RMD: can't start new thread
  ✗ S1: Insufficient data for RMD
    Error fetching RMD: can't start new thread
    Error fetching MNK: can't start new thread
  ✗ S2: Insufficient data for RMD/MNK

61/223: 2017-07-19: Added=PKG, Removed=MUR
  Holding Period End Date: 2017-08-15
    Error fetching PKG: can't start new thread
  ✗ S1: Insufficient data for PKG
    Error fetching PKG: can't start new thread
    Warning: No data found for MUR
  ✗ S2: Insufficient data for PKG/MUR

62/223: 2017-07-19: Added=AOS, Removed=BBBY
  Holding Period End Date: 2017-08-15
    Warning: No data found for AOS
  ✗ S1: Insufficient data for AOS
    Error fetching AOS: can't start new thread
  ✗ S2: Insufficient data for AOS/BBBY

63/223: 2017-07-19: Added=DRE, Removed=RIG
  Holding Period End Date: 2017-08-15
    Error fetching DRE: can't start new thread
  ✗ S1: Insufficient data for DRE
    Error fetching DRE: can't start new thread
    Error fetching RIG: can't start new thread
  ✗ S2: Insufficient data for DRE/RIG

64/223: 2017-07-31: Added=BHF, Removed=AN
  Holding Period End Date: 2017-08-25
    Error fetching BHF: can't start new thread
  ✗ S1: Insufficient data for BHF
    Error fetching BHF: can't start new thread
    Error fetching AN: can't start new thread
  ✗ S2: Insufficient data for BHF/AN

65/223: 2017-08-24: Added=Q, Removed=WFM
  Holding Period End Date: 2017-09-21
    Error fetching Q: can't start new thread
  ✗ S1: Insufficient data for Q
    Error fetching Q: can't start new thread
    Warning: No data found for WFM
  ✗ S2: Insufficient data for Q/WFM

66/223: 2017-08-24: Added=SBAC, Removed=DD
  Holding Period End Date: 2017-09-21
    YFinance output for SBAC: 2 Failed downloads:
['LULU', 'RHI']: DNSError('Failed to perform, curl: (6) getaddrinfo() thread failed to start. See https://curl.se/libcurl/c/libcurl-errors.html first for more details.')
    Warning: No data found for SBAC
  ✗ S1: Insufficient data for SBAC
    Error fetching DD: can't start new thread
  ✗ S2: Insufficient data for SBAC/DD

67/223: 2017-08-24: Added=DWDP, Removed=DOW
  Holding Period End Date: 2017-09-21
    Warning: No data found for DWDP
  ✗ S1: Insufficient data for DWDP
    Error fetching DWDP: can't start new thread
    Warning: No data found for DOW
  ✗ S2: Insufficient data for DWDP/DOW

68/223: 2017-08-24: Added=CDNS, Removed=SPLS
  Holding Period End Date: 2017-09-21
  ✓ S1: CDNS 9.46%, Portfolio: $1,170,623
    Warning: No data found for SPLS
  ✗ S2: Insufficient data for CDNS/SPLS

69/223: 2017-10-04: Added=NCLH, Removed=LVLT
  Holding Period End Date: 2017-10-31
    YFinance output for NCLH: 1 Failed download:
['UBER']: DNSError('Failed to perform, curl: (6) getaddrinfo() thread failed to start. See https://curl.se/libcurl/c/libcurl-errors.html first for more details.')
    Warning: No data found for NCLH
  ✗ S1: Insufficient data for NCLH
    YFinance output for NCLH: 2 Failed downloads:
['GDDY', 'URBN']: DNSError('Failed to perform, curl: (6) getaddrinfo() thread failed to start. See https://curl.se/libcurl/c/libcurl-errors.html first for more details.')
    Warning: No data found for LVLT
  ✗ S2: Insufficient data for NCLH/LVLT

70/223: 2017-12-28: Added=HII, Removed=BCR
  Holding Period End Date: 2018-01-26
  ✓ S1: HII 7.29%, Portfolio: $1,255,959
    Warning: No data found for HII
    Error fetching BCR: can't start new thread
  ✗ S2: Insufficient data for HII/BCR

71/223: 2018-03-02: Added=IPGP, Removed=SNI
  Holding Period End Date: 2018-03-29
    Error fetching IPGP: can't start new thread
  ✗ S1: Insufficient data for IPGP
    Error fetching IPGP: can't start new thread
    YFinance output for SNI: 1 Failed download:
['ERIE']: DNSError('Failed to perform, curl: (6) getaddrinfo() thread failed to start. See https://curl.se/libcurl/c/libcurl-errors.html first for more details.')
    Warning: No data found for SNI
  ✗ S2: Insufficient data for IPGP/SNI

72/223: 2018-03-09: Added=TTWO, Removed=SIG
  Holding Period End Date: 2018-04-06
    Error fetching TTWO: can't start new thread
  ✗ S1: Insufficient data for TTWO
    Error fetching TTWO: can't start new thread
    Error fetching SIG: can't start new thread
  ✗ S2: Insufficient data for TTWO/SIG

73/223: 2018-03-09: Added=NKTR, Removed=CHK
  Holding Period End Date: 2018-04-06
  ✓ S1: NKTR -4.79%, Portfolio: $1,195,756
    YFinance output for NKTR: 1 Failed download:
['SBAC']: DNSError('Failed to perform, curl: (6) getaddrinfo() thread failed to start. See https://curl.se/libcurl/c/libcurl-errors.html first for more details.')

1 Failed download:
['SBAC']: DNSError('Failed to perform, curl: (6) getaddrinfo() thread failed to start. See https://curl.se/libcurl/c/libcurl-errors.html first for more details.')

1 Failed download:
['SBAC']: DNSError('Failed to perform, curl: (6) getaddrinfo() thread failed to start. See https://curl.se/libcurl/c/libcurl-errors.html first for more details.')
    Warning: No data found for NKTR
    Error fetching CHK: can't start new thread
  ✗ S2: Insufficient data for NKTR/CHK

74/223: 2018-03-09: Added=SIVB, Removed=PDCO
  Holding Period End Date: 2018-04-06
    Error fetching SIVB: can't start new thread
  ✗ S1: Insufficient data for SIVB
    Error fetching SIVB: can't start new thread
    Error fetching PDCO: can't start new thread
  ✗ S2: Insufficient data for SIVB/PDCO

75/223: 2018-03-28: Added=MSCI, Removed=CSRA
  Holding Period End Date: 2018-04-25
    Error fetching MSCI: can't start new thread
  ✗ S1: Insufficient data for MSCI
    Error fetching MSCI: can't start new thread
    Error fetching CSRA: can't start new thread
  ✗ S2: Insufficient data for MSCI/CSRA

76/223: 2018-05-25: Added=ABMD, Removed=WYN
  Holding Period End Date: 2018-06-22
    Error fetching ABMD: can't start new thread
  ✗ S1: Insufficient data for ABMD
    Error fetching ABMD: can't start new thread
    Error fetching WYN: can't start new thread
  ✗ S2: Insufficient data for ABMD/WYN

77/223: 2018-05-31: Added=EVRG, Removed=NAVI
  Holding Period End Date: 2018-06-27
    Error fetching EVRG: can't start new thread
  ✗ S1: Insufficient data for EVRG
    Error fetching EVRG: can't start new thread
    Error fetching NAVI: can't start new thread
  ✗ S2: Insufficient data for EVRG/NAVI

78/223: 2018-06-04: Added=TWTR, Removed=MON
  Holding Period End Date: 2018-06-29
    Error fetching TWTR: can't start new thread
  ✗ S1: Insufficient data for TWTR
    Error fetching TWTR: can't start new thread
    Error fetching MON: can't start new thread
  ✗ S2: Insufficient data for TWTR/MON

79/223: 2018-06-08: Added=HFC, Removed=AYI
  Holding Period End Date: 2018-07-06
    Error fetching HFC: can't start new thread
  ✗ S1: Insufficient data for HFC
    Error fetching HFC: can't start new thread
    Error fetching AYI: can't start new thread
  ✗ S2: Insufficient data for HFC/AYI

80/223: 2018-06-08: Added=BR, Removed=RRC
  Holding Period End Date: 2018-07-06
    Warning: No data found for BR
  ✗ S1: Insufficient data for BR
    Error fetching BR: can't start new thread
    Error fetching RRC: can't start new thread
  ✗ S2: Insufficient data for BR/RRC

81/223: 2018-06-15: Added=FLT, Removed=TWX
  Holding Period End Date: 2018-07-13
    Error fetching FLT: can't start new thread
  ✗ S1: Insufficient data for FLT
    Error fetching FLT: can't start new thread
  ✗ S2: Insufficient data for FLT/TWX

82/223: 2018-06-25: Added=CPRT, Removed=DPS
  Holding Period End Date: 2018-07-23
    Warning: No data found for CPRT
  ✗ S1: Insufficient data for CPRT
    Warning: No data found for DPS
  ✗ S2: Insufficient data for CPRT/DPS

83/223: 2018-08-23: Added=ANET, Removed=GGP
  Holding Period End Date: 2018-09-20
  ✓ S1: ANET 15.10%, Portfolio: $1,376,322
    Warning: No data found for ANET
    Error fetching GGP: can't start new thread
  ✗ S2: Insufficient data for ANET/GGP

84/223: 2018-09-11: Added=WCG, Removed=XL
  Holding Period End Date: 2018-10-08
    Warning: No data found for WCG
  ✗ S1: Insufficient data for WCG
    Warning: No data found for WCG
    Error fetching XL: can't start new thread
  ✗ S2: Insufficient data for WCG/XL

85/223: 2018-09-25: Added=ROL, Removed=ANDV
  Holding Period End Date: 2018-10-22
    Error fetching ROL: can't start new thread
  ✗ S1: Insufficient data for ROL
    Error fetching ROL: can't start new thread
    Error fetching ANDV: can't start new thread
  ✗ S2: Insufficient data for ROL/ANDV

86/223: 2018-10-04: Added=FTNT, Removed=EVHC
  Holding Period End Date: 2018-10-31
  ✓ S1: FTNT 0.74%, Portfolio: $1,386,517
    Warning: No data found for FTNT
    Error fetching EVHC: can't start new thread
  ✗ S2: Insufficient data for FTNT/EVHC

87/223: 2018-10-30: Added=KEYS, Removed=CA
  Holding Period End Date: 2018-11-27
    Error fetching KEYS: can't start new thread
  ✗ S1: Insufficient data for KEYS
    Error fetching KEYS: can't start new thread
    Error fetching CA: can't start new thread
  ✗ S2: Insufficient data for KEYS/CA

88/223: 2018-11-07: Added=JKHY, Removed=EQT
  Holding Period End Date: 2018-12-06
    YFinance output for JKHY: 1 Failed download:
['MRO']: YFTzMissingError('possibly delisted; no timezone found')

1 Failed download:
['MRO']: YFTzMissingError('possibly delisted; no timezone found')

1 Failed download:
['MRO']: YFTzMissingError('possibly delisted; no timezone found')

1 Failed download:
['MRO']: YFTzMissingError('possibly delisted; no timezone found')
    Warning: No data found for JKHY
  ✗ S1: Insufficient data for JKHY
    Error fetching JKHY: can't start new thread
    Error fetching EQT: can't start new thread
  ✗ S2: Insufficient data for JKHY/EQT

89/223: 2018-11-26: Added=FANG, Removed=SRCL
  Holding Period End Date: 2018-12-24
    Warning: No data found for FANG
  ✗ S1: Insufficient data for FANG
    Error fetching FANG: can't start new thread
    Warning: No data found for SRCL
  ✗ S2: Insufficient data for FANG/SRCL

90/223: 2018-11-26: Added=MXIM, Removed=AET
  Holding Period End Date: 2018-12-24
    Warning: No data found for MXIM
  ✗ S1: Insufficient data for MXIM
    Warning: No data found for AET
  ✗ S2: Insufficient data for MXIM/AET

91/223: 2018-11-26: Added=LW, Removed=COL
  Holding Period End Date: 2018-12-24
    Error fetching LW: can't start new thread
  ✗ S1: Insufficient data for LW
    Warning: No data found for LW
    Error fetching COL: can't start new thread
  ✗ S2: Insufficient data for LW/COL

92/223: 2018-12-27: Added=CE, Removed=ESRX
  Holding Period End Date: 2019-01-25
    Error fetching CE: can't start new thread
  ✗ S1: Insufficient data for CE
    Warning: No data found for ESRX
  ✗ S2: Insufficient data for CE/ESRX

93/223: 2018-12-27: Added=FRC, Removed=SCG
  Holding Period End Date: 2019-01-25
    YFinance output for FRC: 2 Failed downloads:
['KKR', 'AMTM']: DNSError('Failed to perform, curl: (6) getaddrinfo() thread failed to start. See https://curl.se/libcurl/c/libcurl-errors.html first for more details.')

2 Failed downloads:
['KKR', 'AMTM']: DNSError('Failed to perform, curl: (6) getaddrinfo() thread failed to start. See https://curl.se/libcurl/c/libcurl-errors.html first for more details.')
  ✓ S1: FRC 0.00%, Portfolio: $1,386,517
    YFinance output for FRC: 2 Failed downloads:
['LII', 'GEV']: DNSError('Failed to perform, curl: (6) getaddrinfo() thread failed to start. See https://curl.se/libcurl/c/libcurl-errors.html first for more details.')

2 Failed downloads:
['LII', 'GEV']: DNSError('Failed to perform, curl: (6) getaddrinfo() thread failed to start. See https://curl.se/libcurl/c/libcurl-errors.html first for more details.')

2 Failed downloads:
['LII', 'GEV']: DNSError('Failed to perform, curl: (6) getaddrinfo() thread failed to start. See https://curl.se/libcurl/c/libcurl-errors.html first for more details.')

2 Failed downloads:
['LII', 'GEV']: DNSError('Failed to perform, curl: (6) getaddrinfo() thread failed to start. See https://curl.se/libcurl/c/libcurl-errors.html first for more details.')

2 Failed downloads:
['LII', 'GEV']: DNSError('Failed to perform, curl: (6) getaddrinfo() thread failed to start. See https://curl.se/libcurl/c/libcurl-errors.html first for more details.')
    Warning: No data found for FRC
    Warning: No data found for SCG
  ✗ S2: Insufficient data for FRC/SCG

94/223: 2019-01-15: Added=TFX, Removed=PCG
  Holding Period End Date: 2019-02-12
    Warning: No data found for TFX
  ✗ S1: Insufficient data for TFX
    Error fetching TFX: can't start new thread
    Error fetching PCG: can't start new thread
  ✗ S2: Insufficient data for TFX/PCG

95/223: 2019-02-08: Added=ATO, Removed=NFX
  Holding Period End Date: 2019-03-08
    Error fetching ATO: can't start new thread
  ✗ S1: Insufficient data for ATO
    Error fetching ATO: can't start new thread
    YFinance output for NFX: 1 Failed download:
['TPL']: DNSError('Failed to perform, curl: (6) getaddrinfo() thread failed to start. See https://curl.se/libcurl/c/libcurl-errors.html first for more details.')
    Warning: No data found for NFX
  ✗ S2: Insufficient data for ATO/NFX

96/223: 2019-02-21: Added=WAB, Removed=GT
  Holding Period End Date: 2019-03-20
    Error fetching WAB: can't start new thread
  ✗ S1: Insufficient data for WAB
    Error fetching WAB: can't start new thread
    Warning: No data found for GT
  ✗ S2: Insufficient data for WAB/GT

97/223: 2019-03-14: Added=FOXA, Removed=FOXA
  Holding Period End Date: 2019-04-10
    Warning: No data found for FOXA
  ✗ S1: Insufficient data for FOXA
    Error fetching FOXA: can't start new thread
    Error fetching FOXA: can't start new thread
  ✗ S2: Insufficient data for FOXA/FOXA

98/223: 2019-03-14: Added=FOX, Removed=FOX
  Holding Period End Date: 2019-04-10
    Error fetching FOX: can't start new thread
  ✗ S1: Insufficient data for FOX
    Error fetching FOX: can't start new thread
    Error fetching FOX: can't start new thread
  ✗ S2: Insufficient data for FOX/FOX

99/223: 2019-03-26: Added=DOW, Removed=BHF
  Holding Period End Date: 2019-04-23
    Error fetching DOW: can't start new thread
  ✗ S1: Insufficient data for DOW
    Error fetching DOW: can't start new thread
    Error fetching BHF: can't start new thread
  ✗ S2: Insufficient data for DOW/BHF

100/223: 2019-05-28: Added=CTVA, Removed=FLR
  Holding Period End Date: 2019-06-24
    Error fetching CTVA: can't start new thread
  ✗ S1: Insufficient data for CTVA
    Error fetching CTVA: can't start new thread
    Error fetching FLR: can't start new thread
  ✗ S2: Insufficient data for CTVA/FLR

101/223: 2019-05-28: Added=DD, Removed=DWDP
  Holding Period End Date: 2019-06-24
    Error fetching DD: can't start new thread
  ✗ S1: Insufficient data for DD
    Warning: No data found for DD
    YFinance output for DWDP: 1 Failed download:
['CE']: DNSError('Failed to perform, curl: (6) getaddrinfo() thread failed to start. See https://curl.se/libcurl/c/libcurl-errors.html first for more details.')
    Warning: No data found for DWDP
  ✗ S2: Insufficient data for DD/DWDP

102/223: 2019-06-03: Added=BMS, Removed=MAT
  Holding Period End Date: 2019-06-28
    Error fetching BMS: can't start new thread
  ✗ S1: Insufficient data for BMS
    Error fetching BMS: can't start new thread
    Error fetching MAT: can't start new thread
  ✗ S2: Insufficient data for BMS/MAT

103/223: 2019-06-03: Added=AMCR, Removed=BMS
  Holding Period End Date: 2019-06-28
  ✓ S1: AMCR -1.31%, Portfolio: $1,368,310
  ✓ S2: Long AMCR (12.47%), Short BMS (-3.60%)
      Combined: 4.44%, Portfolio: $1,003,760

104/223: 2019-06-24: Added=MKTX, Removed=LLL
  Holding Period End Date: 2019-07-22
    YFinance output for MKTX: 1 Failed download:
['TKO']: DNSError('Failed to perform, curl: (6) getaddrinfo() thread failed to start. See https://curl.se/libcurl/c/libcurl-errors.html first for more details.')
    Warning: No data found for MKTX
  ✗ S1: Insufficient data for MKTX
    Error fetching MKTX: can't start new thread
    Error fetching LLL: can't start new thread
  ✗ S2: Insufficient data for MKTX/LLL

105/223: 2019-07-09: Added=TMUS, Removed=RHT
  Holding Period End Date: 2019-08-05
    Error fetching TMUS: can't start new thread
  ✗ S1: Insufficient data for TMUS
    Error fetching TMUS: can't start new thread
    Error fetching RHT: can't start new thread
  ✗ S2: Insufficient data for TMUS/RHT

106/223: 2019-08-01: Added=IEX, Removed=FL
  Holding Period End Date: 2019-08-28
    Error fetching IEX: can't start new thread
  ✗ S1: Insufficient data for IEX
    Error fetching IEX: can't start new thread
    Error fetching FL: can't start new thread
  ✗ S2: Insufficient data for IEX/FL

107/223: 2019-08-01: Added=LDOS, Removed=APC
  Holding Period End Date: 2019-08-28
    Error fetching LDOS: can't start new thread
  ✗ S1: Insufficient data for LDOS
    Error fetching LDOS: can't start new thread
  ✗ S2: Insufficient data for LDOS/APC

108/223: 2019-09-17: Added=CDW, Removed=TSS
  Holding Period End Date: 2019-10-14
    Error fetching CDW: can't start new thread
  ✗ S1: Insufficient data for CDW
    Error fetching CDW: can't start new thread
    Error fetching TSS: can't start new thread
  ✗ S2: Insufficient data for CDW/TSS

109/223: 2019-09-20: Added=NVR, Removed=JEF
  Holding Period End Date: 2019-10-17
    Warning: No data found for NVR
  ✗ S1: Insufficient data for NVR
    Warning: No data found for NVR
    Error fetching JEF: can't start new thread
  ✗ S2: Insufficient data for NVR/JEF

110/223: 2019-09-20: Added=LVS, Removed=NKTR
  Holding Period End Date: 2019-10-17
    Error fetching LVS: can't start new thread
  ✗ S1: Insufficient data for LVS
    Error fetching LVS: can't start new thread
    Error fetching NKTR: can't start new thread
  ✗ S2: Insufficient data for LVS/NKTR

111/223: 2019-11-18: Added=NOW, Removed=CELG
  Holding Period End Date: 2019-12-16
  ✓ S1: NOW 1.48%, Portfolio: $1,388,622
    Error fetching NOW: can't start new thread
    Error fetching CELG: can't start new thread
  ✗ S2: Insufficient data for NOW/CELG

112/223: 2019-11-27: Added=WRB, Removed=VIAB
  Holding Period End Date: 2019-12-26
    Error fetching WRB: can't start new thread
  ✗ S1: Insufficient data for WRB
    Error fetching WRB: can't start new thread
    Error fetching VIAB: can't start new thread
  ✗ S2: Insufficient data for WRB/VIAB

113/223: 2019-12-02: Added=ODFL, Removed=STI
  Holding Period End Date: 2019-12-30
    Error fetching ODFL: can't start new thread
  ✗ S1: Insufficient data for ODFL
    YFinance output for ODFL: 1 Failed download:
['PAYC']: DNSError('Failed to perform, curl: (6) getaddrinfo() thread failed to start. See https://curl.se/libcurl/c/libcurl-errors.html first for more details.')

1 Failed download:
['PAYC']: DNSError('Failed to perform, curl: (6) getaddrinfo() thread failed to start. See https://curl.se/libcurl/c/libcurl-errors.html first for more details.')

1 Failed download:
['PAYC']: DNSError('Failed to perform, curl: (6) getaddrinfo() thread failed to start. See https://curl.se/libcurl/c/libcurl-errors.html first for more details.')
    Warning: No data found for ODFL
  ✗ S2: Insufficient data for ODFL/STI

114/223: 2019-12-13: Added=ZBRA, Removed=TRIP
  Holding Period End Date: 2020-01-13
    Error fetching ZBRA: can't start new thread
  ✗ S1: Insufficient data for ZBRA
    Error fetching ZBRA: can't start new thread
    Error fetching TRIP: can't start new thread
  ✗ S2: Insufficient data for ZBRA/TRIP

115/223: 2019-12-13: Added=LYV, Removed=AMG
  Holding Period End Date: 2020-01-13
    Error fetching LYV: can't start new thread
  ✗ S1: Insufficient data for LYV
    Error fetching LYV: can't start new thread
    Error fetching AMG: can't start new thread
  ✗ S2: Insufficient data for LYV/AMG

116/223: 2019-12-13: Added=STE, Removed=MAC
  Holding Period End Date: 2020-01-13
  ✓ S1: STE 4.00%, Portfolio: $1,444,219
    Error fetching STE: can't start new thread
    Error fetching MAC: can't start new thread
  ✗ S2: Insufficient data for STE/MAC

117/223: 2020-01-22: Added=PAYC, Removed=WCG
  Holding Period End Date: 2020-02-19
    Error fetching PAYC: can't start new thread
  ✗ S1: Insufficient data for PAYC
    Error fetching PAYC: can't start new thread
    Error fetching WCG: can't start new thread
  ✗ S2: Insufficient data for PAYC/WCG

118/223: 2020-02-27: Added=IR, Removed=XEC
  Holding Period End Date: 2020-03-25
    Error fetching IR: can't start new thread
  ✗ S1: Insufficient data for IR
    Error fetching IR: can't start new thread
    Error fetching XEC: can't start new thread
  ✗ S2: Insufficient data for IR/XEC

119/223: 2020-03-31: Added=nan, Removed=M
  Holding Period End Date: 2020-04-28

120/223: 2020-03-31: Added=nan, Removed=RTN
  Holding Period End Date: 2020-04-28

121/223: 2020-03-31: Added=CARR, Removed=nan
  Holding Period End Date: 2020-04-28
    Error fetching CARR: can't start new thread
  ✗ S1: Insufficient data for CARR

122/223: 2020-03-31: Added=OTIS, Removed=nan
  Holding Period End Date: 2020-04-28
    Error fetching OTIS: can't start new thread
  ✗ S1: Insufficient data for OTIS

123/223: 2020-05-05: Added=HWM, Removed=ARNC
  Holding Period End Date: 2020-06-02
  ✓ S1: HWM 2.81%, Portfolio: $1,484,762
    YFinance output for HWM: 1 Failed download:
['COIN']: DNSError('Failed to perform, curl: (6) getaddrinfo() thread failed to start. See https://curl.se/libcurl/c/libcurl-errors.html first for more details.')
  ✗ S2: Error processing HWM/ARNC: cannot convert the series to <class 'float'>

124/223: 2020-05-06: Added=DXCM, Removed=AGN
  Holding Period End Date: 2020-06-03
    Warning: No data found for DXCM
  ✗ S1: Insufficient data for DXCM
    Error fetching DXCM: can't start new thread
    Error fetching AGN: can't start new thread
  ✗ S2: Insufficient data for DXCM/AGN

125/223: 2020-05-06: Added=DPZ, Removed=CPRI
  Holding Period End Date: 2020-06-03
    Error fetching DPZ: can't start new thread
  ✗ S1: Insufficient data for DPZ
    Error fetching DPZ: can't start new thread
    Error fetching CPRI: can't start new thread
  ✗ S2: Insufficient data for DPZ/CPRI

126/223: 2020-05-18: Added=WST, Removed=HP
  Holding Period End Date: 2020-06-15
  ✓ S1: WST 0.17%, Portfolio: $1,487,266
    Error fetching HP: can't start new thread
  ✗ S2: Insufficient data for WST/HP

127/223: 2020-06-12: Added=BIO, Removed=ADS
  Holding Period End Date: 2020-07-10
  ✓ S1: BIO 2.46%, Portfolio: $1,523,897
    Warning: No data found for BIO
    Error fetching ADS: can't start new thread
  ✗ S2: Insufficient data for BIO/ADS

128/223: 2020-06-12: Added=TDY, Removed=HOG
  Holding Period End Date: 2020-07-10
    Warning: No data found for TDY
  ✗ S1: Insufficient data for TDY
    Error fetching TDY: can't start new thread
    Error fetching HOG: can't start new thread
  ✗ S2: Insufficient data for TDY/HOG

129/223: 2020-06-12: Added=TYL, Removed=JWN
  Holding Period End Date: 2020-07-10
    Error fetching TYL: can't start new thread
  ✗ S1: Insufficient data for TYL
    Error fetching TYL: can't start new thread
    Error fetching JWN: can't start new thread
  ✗ S2: Insufficient data for TYL/JWN

130/223: 2020-09-04: Added=CTLT, Removed=KSS
  Holding Period End Date: 2020-10-02
  ✗ S1: Error processing CTLT: cannot convert the series to <class 'float'>
    Error fetching KSS: can't start new thread
  ✗ S2: Insufficient data for CTLT/KSS

131/223: 2020-09-04: Added=ETSY, Removed=HRB
  Holding Period End Date: 2020-10-02
  ✓ S1: ETSY 9.14%, Portfolio: $1,663,211
    Warning: No data found for ETSY
    Error fetching HRB: can't start new thread
  ✗ S2: Insufficient data for ETSY/HRB

132/223: 2020-09-04: Added=TER, Removed=COTY
  Holding Period End Date: 2020-10-02
    Error fetching TER: can't start new thread
  ✗ S1: Insufficient data for TER
    Error fetching TER: can't start new thread
    Error fetching COTY: can't start new thread
  ✗ S2: Insufficient data for TER/COTY

133/223: 2020-10-01: Added=POOL, Removed=ETFC
  Holding Period End Date: 2020-10-28
    Error fetching POOL: can't start new thread
  ✗ S1: Insufficient data for POOL
    Error fetching POOL: can't start new thread
    Error fetching ETFC: can't start new thread
  ✗ S2: Insufficient data for POOL/ETFC

134/223: 2020-10-05: Added=VNT, Removed=nan
  Holding Period End Date: 2020-10-30
    YFinance output for VNT: 1 Failed download:
['AMTM']: DNSError('Failed to perform, curl: (6) getaddrinfo() thread failed to start. See https://curl.se/libcurl/c/libcurl-errors.html first for more details.')
    Warning: No data found for VNT
  ✗ S1: Insufficient data for VNT

135/223: 2020-10-05: Added=nan, Removed=NBL
  Holding Period End Date: 2020-10-30

136/223: 2020-12-11: Added=TSLA, Removed=AIV
  Holding Period End Date: 2021-01-11
    YFinance output for TSLA: 1 Failed download:
['FDO']: YFPricesMissingError('possibly delisted; no price data found  (1d 2015-07-06 00:00:00 -> 2015-07-20)')
    Warning: No data found for TSLA
  ✗ S1: Insufficient data for TSLA
    Error fetching AIV: can't start new thread
  ✗ S2: Insufficient data for TSLA/AIV

137/223: 2020-12-30: Added=ENPH, Removed=TIF
  Holding Period End Date: 2021-01-28
    Warning: No data found for ENPH
  ✗ S1: Insufficient data for ENPH
    Error fetching ENPH: can't start new thread
    Error fetching TIF: can't start new thread
  ✗ S2: Insufficient data for ENPH/TIF

138/223: 2021-01-15: Added=TRMB, Removed=CXO
  Holding Period End Date: 2021-02-12
    Error fetching TRMB: can't start new thread
  ✗ S1: Insufficient data for TRMB
    Error fetching TRMB: can't start new thread
    Warning: No data found for CXO
  ✗ S2: Insufficient data for TRMB/CXO

139/223: 2021-02-08: Added=MPWR, Removed=FTI
  Holding Period End Date: 2021-03-08
    YFinance output for MPWR: 1 Failed download:
['EXE']: DNSError('Failed to perform, curl: (6) getaddrinfo() thread failed to start. See https://curl.se/libcurl/c/libcurl-errors.html first for more details.')
    Warning: No data found for MPWR
  ✗ S1: Insufficient data for MPWR
    Warning: No data found for MPWR
    Error fetching FTI: can't start new thread
  ✗ S2: Insufficient data for MPWR/FTI

140/223: 2021-03-12: Added=CZR, Removed=VNT
  Holding Period End Date: 2021-04-09
    Warning: No data found for CZR
  ✗ S1: Insufficient data for CZR
    Error fetching CZR: can't start new thread
    Error fetching VNT: can't start new thread
  ✗ S2: Insufficient data for CZR/VNT

141/223: 2021-03-12: Added=PENN, Removed=SLG
  Holding Period End Date: 2021-04-09
    Error fetching PENN: can't start new thread
  ✗ S1: Insufficient data for PENN
    Error fetching PENN: can't start new thread
    Error fetching SLG: can't start new thread
  ✗ S2: Insufficient data for PENN/SLG

142/223: 2021-03-12: Added=NXPI, Removed=FLS
  Holding Period End Date: 2021-04-09
    Error fetching NXPI: can't start new thread
  ✗ S1: Insufficient data for NXPI
    Error fetching NXPI: can't start new thread
    Error fetching FLS: can't start new thread
  ✗ S2: Insufficient data for NXPI/FLS

143/223: 2021-03-12: Added=GNRC, Removed=XRX
  Holding Period End Date: 2021-04-09
    Warning: No data found for GNRC
  ✗ S1: Insufficient data for GNRC
    Error fetching GNRC: can't start new thread
    Error fetching XRX: can't start new thread
  ✗ S2: Insufficient data for GNRC/XRX

144/223: 2021-04-15: Added=PTC, Removed=VAR
  Holding Period End Date: 2021-05-12
    Error fetching PTC: can't start new thread
  ✗ S1: Insufficient data for PTC
    Error fetching PTC: can't start new thread
    Error fetching VAR: can't start new thread
  ✗ S2: Insufficient data for PTC/VAR

145/223: 2021-05-10: Added=CRL, Removed=FLIR
  Holding Period End Date: 2021-06-07
  ✓ S1: CRL -1.57%, Portfolio: $1,637,051
  ✗ S2: Error processing CRL/FLIR: cannot convert the series to <class 'float'>

146/223: 2021-05-27: Added=OGN, Removed=nan
  Holding Period End Date: 2021-06-24
    Error fetching OGN: can't start new thread
  ✗ S1: Insufficient data for OGN

147/223: 2021-05-27: Added=nan, Removed=HFC
  Holding Period End Date: 2021-06-24

148/223: 2021-07-15: Added=MRNA, Removed=ALXN
  Holding Period End Date: 2021-08-11
    Warning: No data found for MRNA
  ✗ S1: Insufficient data for MRNA
    Error fetching MRNA: can't start new thread
    Error fetching ALXN: can't start new thread
  ✗ S2: Insufficient data for MRNA/ALXN

149/223: 2021-08-24: Added=TECH, Removed=MXIM
  Holding Period End Date: 2021-09-21
    Error fetching TECH: can't start new thread
  ✗ S1: Insufficient data for TECH
    Error fetching TECH: can't start new thread
    Error fetching MXIM: can't start new thread
  ✗ S2: Insufficient data for TECH/MXIM

150/223: 2021-09-03: Added=BRO, Removed=NOV
  Holding Period End Date: 2021-10-01
    Error fetching BRO: can't start new thread
  ✗ S1: Insufficient data for BRO
    Error fetching BRO: can't start new thread
    Error fetching NOV: can't start new thread
  ✗ S2: Insufficient data for BRO/NOV

151/223: 2021-09-03: Added=CDAY, Removed=UNM
  Holding Period End Date: 2021-10-01
    Error fetching CDAY: can't start new thread
  ✗ S1: Insufficient data for CDAY
    Error fetching CDAY: can't start new thread
    Error fetching UNM: can't start new thread
  ✗ S2: Insufficient data for CDAY/UNM

152/223: 2021-09-03: Added=MTCH, Removed=PRGO
  Holding Period End Date: 2021-10-01
    Error fetching MTCH: can't start new thread
  ✗ S1: Insufficient data for MTCH
    Error fetching MTCH: can't start new thread
    Error fetching PRGO: can't start new thread
  ✗ S2: Insufficient data for MTCH/PRGO

153/223: 2021-12-03: Added=FDS, Removed=WU
  Holding Period End Date: 2021-12-31
    Error fetching FDS: can't start new thread
  ✗ S1: Insufficient data for FDS
    Error fetching FDS: can't start new thread
    Error fetching WU: can't start new thread
  ✗ S2: Insufficient data for FDS/WU

154/223: 2021-12-03: Added=SEDG, Removed=HBI
  Holding Period End Date: 2021-12-31
    YFinance output for SEDG: 1 Failed download:
['EXE']: DNSError('Failed to perform, curl: (6) getaddrinfo() thread failed to start. See https://curl.se/libcurl/c/libcurl-errors.html first for more details.')
    Warning: No data found for SEDG
  ✗ S1: Insufficient data for SEDG
    Error fetching SEDG: can't start new thread
  ✗ S2: Insufficient data for SEDG/HBI

155/223: 2021-12-03: Added=SBNY, Removed=LEG
  Holding Period End Date: 2021-12-31
  ✓ S1: SBNY 4.45%, Portfolio: $1,709,935
    Warning: No data found for SBNY
    Error fetching LEG: can't start new thread
  ✗ S2: Insufficient data for SBNY/LEG

156/223: 2021-12-07: Added=EPAM, Removed=KSU
  Holding Period End Date: 2022-01-04
    Error fetching EPAM: can't start new thread
  ✗ S1: Insufficient data for EPAM
    Error fetching EPAM: can't start new thread
    Warning: No data found for KSU
  ✗ S2: Insufficient data for EPAM/KSU

157/223: 2022-01-26: Added=CEG, Removed=nan
  Holding Period End Date: 2022-02-23
    YFinance output for CEG: 1 Failed download:
['HPE']: DNSError('Failed to perform, curl: (6) getaddrinfo() thread failed to start. See https://curl.se/libcurl/c/libcurl-errors.html first for more details.')

2 Failed downloads:
['HPE', 'KHC']: DNSError('Failed to perform, curl: (6) getaddrinfo() thread failed to start. See https://curl.se/libcurl/c/libcurl-errors.html first for more details.')

3 Failed downloads:
['HPE', 'KHC', 'KRFT']: DNSError('Failed to perform, curl: (6) getaddrinfo() thread failed to start. See https://curl.se/libcurl/c/libcurl-errors.html first for more details.')

3 Failed downloads:
['HPE', 'KHC', 'KRFT']: DNSError('Failed to perform, curl: (6) getaddrinfo() thread failed to start. See https://curl.se/libcurl/c/libcurl-errors.html first for more details.')
    Warning: No data found for CEG
  ✗ S1: Insufficient data for CEG

158/223: 2022-01-26: Added=nan, Removed=GPS
  Holding Period End Date: 2022-02-23

159/223: 2022-02-10: Added=NDSN, Removed=XLNX
  Holding Period End Date: 2022-03-10
    Error fetching NDSN: can't start new thread
  ✗ S1: Insufficient data for NDSN
    Error fetching NDSN: can't start new thread
    Warning: No data found for XLNX
  ✗ S2: Insufficient data for NDSN/XLNX

160/223: 2022-02-25: Added=MOH, Removed=INFO
  Holding Period End Date: 2022-03-24
  ✓ S1: MOH 6.50%, Portfolio: $1,821,132
    Error fetching INFO: can't start new thread
  ✗ S2: Insufficient data for MOH/INFO

161/223: 2022-03-29: Added=CPT, Removed=PBCT
  Holding Period End Date: 2022-04-26
    Error fetching CPT: can't start new thread
  ✗ S1: Insufficient data for CPT
    Error fetching CPT: can't start new thread
    Error fetching PBCT: can't start new thread
  ✗ S2: Insufficient data for CPT/PBCT

162/223: 2022-04-07: Added=WBD, Removed=DISCA
  Holding Period End Date: 2022-05-05
    Error fetching WBD: can't start new thread
  ✗ S1: Insufficient data for WBD
    Error fetching WBD: can't start new thread
    Error fetching DISCA: can't start new thread
  ✗ S2: Insufficient data for WBD/DISCA

163/223: 2022-04-07: Added=nan, Removed=DISCK
  Holding Period End Date: 2022-05-05

164/223: 2022-06-03: Added=VICI, Removed=CERN
  Holding Period End Date: 2022-07-01
    Error fetching VICI: can't start new thread
  ✗ S1: Insufficient data for VICI
    Error fetching VICI: can't start new thread
  ✗ S2: Insufficient data for VICI/CERN

165/223: 2022-06-03: Added=ON, Removed=IPGP
  Holding Period End Date: 2022-07-01
    Error fetching ON: can't start new thread
  ✗ S1: Insufficient data for ON
    YFinance output for IPGP: 2 Failed downloads:
['ON', 'TTD']: DNSError('Failed to perform, curl: (6) getaddrinfo() thread failed to start. See https://curl.se/libcurl/c/libcurl-errors.html first for more details.')

2 Failed downloads:
['ON', 'TTD']: DNSError('Failed to perform, curl: (6) getaddrinfo() thread failed to start. See https://curl.se/libcurl/c/libcurl-errors.html first for more details.')

2 Failed downloads:
['ON', 'TTD']: DNSError('Failed to perform, curl: (6) getaddrinfo() thread failed to start. See https://curl.se/libcurl/c/libcurl-errors.html first for more details.')
    Warning: No data found for IPGP
  ✗ S2: Insufficient data for ON/IPGP

166/223: 2022-06-03: Added=KDP, Removed=UAA
  Holding Period End Date: 2022-07-01
    YFinance output for KDP: 1 Failed download:
['ANSS']: DNSError('Failed to perform, curl: (6) getaddrinfo() thread failed to start. See https://curl.se/libcurl/c/libcurl-errors.html first for more details.')
    Warning: No data found for KDP
  ✗ S1: Insufficient data for KDP
    Error fetching KDP: can't start new thread
  ✗ S2: Insufficient data for KDP/UAA

167/223: 2022-06-03: Added=nan, Removed=UA
  Holding Period End Date: 2022-07-01

168/223: 2022-09-02: Added=CSGP, Removed=PVH
  Holding Period End Date: 2022-09-30
    Warning: No data found for CSGP
  ✗ S1: Insufficient data for CSGP
    Error fetching CSGP: can't start new thread
    Error fetching PVH: can't start new thread
  ✗ S2: Insufficient data for CSGP/PVH

169/223: 2022-09-02: Added=INVH, Removed=PENN
  Holding Period End Date: 2022-09-30
    Warning: No data found for INVH
  ✗ S1: Insufficient data for INVH
    Error fetching INVH: can't start new thread
    Error fetching PENN: can't start new thread
  ✗ S2: Insufficient data for INVH/PENN

170/223: 2022-09-23: Added=PCG, Removed=CTXS
  Holding Period End Date: 2022-10-20
    Error fetching PCG: can't start new thread
  ✗ S1: Insufficient data for PCG
    Error fetching PCG: can't start new thread
    Warning: No data found for CTXS
  ✗ S2: Insufficient data for PCG/CTXS

171/223: 2022-09-23: Added=EQT, Removed=DRE
  Holding Period End Date: 2022-10-20
    Error fetching EQT: can't start new thread
  ✗ S1: Insufficient data for EQT
    Error fetching EQT: can't start new thread
  ✗ S2: Insufficient data for EQT/DRE

172/223: 2022-10-06: Added=TRGP, Removed=NLSN
  Holding Period End Date: 2022-11-02
    Warning: No data found for TRGP
  ✗ S1: Insufficient data for TRGP
    Warning: No data found for TRGP
  ✗ S2: Insufficient data for TRGP/NLSN

173/223: 2022-10-27: Added=ACGL, Removed=TWTR
  Holding Period End Date: 2022-11-23
    YFinance output for ACGL: 1 Failed download:
['UAL']: DNSError('Failed to perform, curl: (6) getaddrinfo() thread failed to start. See https://curl.se/libcurl/c/libcurl-errors.html first for more details.')

1 Failed download:
['UAL']: DNSError('Failed to perform, curl: (6) getaddrinfo() thread failed to start. See https://curl.se/libcurl/c/libcurl-errors.html first for more details.')
    Warning: No data found for ACGL
  ✗ S1: Insufficient data for ACGL
    Warning: No data found for ACGL
    Warning: No data found for TWTR
  ✗ S2: Insufficient data for ACGL/TWTR

174/223: 2022-12-12: Added=FSLR, Removed=FBHS
  Holding Period End Date: 2023-01-10
    Error fetching FSLR: can't start new thread
  ✗ S1: Insufficient data for FSLR
    Error fetching FSLR: can't start new thread
    Error fetching FBHS: can't start new thread
  ✗ S2: Insufficient data for FSLR/FBHS

175/223: 2022-12-12: Added=nan, Removed=MBC
  Holding Period End Date: 2023-01-10

176/223: 2022-12-12: Added=MBC, Removed=nan
  Holding Period End Date: 2023-01-10
    Warning: No data found for MBC
  ✗ S1: Insufficient data for MBC

177/223: 2022-12-19: Added=STLD, Removed=ABMD
  Holding Period End Date: 2023-01-18
    Warning: No data found for STLD
  ✗ S1: Insufficient data for STLD
    Error fetching STLD: can't start new thread
    Error fetching ABMD: can't start new thread
  ✗ S2: Insufficient data for STLD/ABMD

178/223: 2022-12-28: Added=GEHC, Removed=nan
  Holding Period End Date: 2023-01-26
    YFinance output for GEHC: Failed to get ticker 'WLTW' reason: Failed to perform, curl: (6) getaddrinfo() thread failed to start. See https://curl.se/libcurl/c/libcurl-errors.html first for more details.

1 Failed download:
['WLTW']: YFTzMissingError('possibly delisted; no timezone found')
    Warning: No data found for GEHC
  ✗ S1: Insufficient data for GEHC

179/223: 2022-12-28: Added=nan, Removed=VNO
  Holding Period End Date: 2023-01-26

180/223: 2023-03-03: Added=FICO, Removed=LUMN
  Holding Period End Date: 2023-03-30
    Error fetching FICO: can't start new thread
  ✗ S1: Insufficient data for FICO
    Error fetching FICO: can't start new thread
    Error fetching LUMN: can't start new thread
  ✗ S2: Insufficient data for FICO/LUMN

181/223: 2023-03-10: Added=PODD, Removed=SIVB
  Holding Period End Date: 2023-04-06
    Error fetching PODD: can't start new thread
  ✗ S1: Insufficient data for PODD
    Warning: No data found for PODD
    Error fetching SIVB: can't start new thread
  ✗ S2: Insufficient data for PODD/SIVB

182/223: 2023-03-13: Added=BG, Removed=SBNY
  Holding Period End Date: 2023-04-10
    Error fetching BG: can't start new thread
  ✗ S1: Insufficient data for BG
    Error fetching BG: can't start new thread
    Error fetching SBNY: can't start new thread
  ✗ S2: Insufficient data for BG/SBNY

183/223: 2023-05-01: Added=AXON, Removed=FRC
  Holding Period End Date: 2023-05-26
  ✓ S1: AXON 3.01%, Portfolio: $1,875,959
    YFinance output for AXON: 1 Failed download:
['FDO']: DNSError('Failed to perform, curl: (6) getaddrinfo() thread failed to start. See https://curl.se/libcurl/c/libcurl-errors.html first for more details.')

1 Failed download:
['FDO']: DNSError('Failed to perform, curl: (6) getaddrinfo() thread failed to start. See https://curl.se/libcurl/c/libcurl-errors.html first for more details.')

1 Failed download:
['FDO']: DNSError('Failed to perform, curl: (6) getaddrinfo() thread failed to start. See https://curl.se/libcurl/c/libcurl-errors.html first for more details.')
    Warning: No data found for AXON
    Error fetching FRC: can't start new thread
  ✗ S2: Insufficient data for AXON/FRC

184/223: 2023-06-02: Added=PANW, Removed=DISH
  Holding Period End Date: 2023-06-30
    Error fetching PANW: can't start new thread
  ✗ S1: Insufficient data for PANW
    Error fetching PANW: can't start new thread
    Warning: No data found for DISH
  ✗ S2: Insufficient data for PANW/DISH

185/223: 2023-08-21: Added=nan, Removed=TEL
  Holding Period End Date: 2023-09-18

186/223: 2023-08-21: Added=KVUE, Removed=AAP
  Holding Period End Date: 2023-09-18
    Error fetching KVUE: can't start new thread
  ✗ S1: Insufficient data for KVUE
    Error fetching KVUE: can't start new thread
    Error fetching AAP: can't start new thread
  ✗ S2: Insufficient data for KVUE/AAP

187/223: 2023-08-21: Added=PCS, Removed=nan
  Holding Period End Date: 2023-09-18
    Warning: No data found for PCS
  ✗ S1: Insufficient data for PCS

188/223: 2023-09-14: Added=BX, Removed=LNC
  Holding Period End Date: 2023-10-11
    Error fetching BX: can't start new thread
  ✗ S1: Insufficient data for BX
    YFinance output for BX: 1 Failed download:
['CSRA']: DNSError('Failed to perform, curl: (6) getaddrinfo() thread failed to start. See https://curl.se/libcurl/c/libcurl-errors.html first for more details.')

1 Failed download:
['CSRA']: DNSError('Failed to perform, curl: (6) getaddrinfo() thread failed to start. See https://curl.se/libcurl/c/libcurl-errors.html first for more details.')

1 Failed download:
['CSRA']: DNSError('Failed to perform, curl: (6) getaddrinfo() thread failed to start. See https://curl.se/libcurl/c/libcurl-errors.html first for more details.')
    Warning: No data found for BX
    Error fetching LNC: can't start new thread
  ✗ S2: Insufficient data for BX/LNC

189/223: 2023-09-14: Added=ABNB, Removed=NWL
  Holding Period End Date: 2023-10-11
    Error fetching ABNB: can't start new thread
  ✗ S1: Insufficient data for ABNB
    Error fetching ABNB: can't start new thread
    Error fetching NWL: can't start new thread
  ✗ S2: Insufficient data for ABNB/NWL

190/223: 2023-09-28: Added=VLTO, Removed=nan
  Holding Period End Date: 2023-10-25
    Error fetching VLTO: can't start new thread
  ✗ S1: Insufficient data for VLTO

191/223: 2023-09-28: Added=nan, Removed=DXC
  Holding Period End Date: 2023-10-25

192/223: 2023-10-13: Added=LULU, Removed=ATVI
  Holding Period End Date: 2023-11-09
    Warning: No data found for LULU
  ✗ S1: Insufficient data for LULU
    Error fetching LULU: can't start new thread
    Error fetching ATVI: can't start new thread
  ✗ S2: Insufficient data for LULU/ATVI

193/223: 2023-10-13: Added=HUBB, Removed=OGN
  Holding Period End Date: 2023-11-09
  ✓ S1: HUBB -0.90%, Portfolio: $1,858,991
    Warning: No data found for HUBB
  ✗ S2: Insufficient data for HUBB/OGN

194/223: 2023-12-01: Added=UBER, Removed=SEE
  Holding Period End Date: 2023-12-29
    Error fetching UBER: can't start new thread
  ✗ S1: Insufficient data for UBER
    YFinance output for UBER: 1 Failed download:
['ALTR']: YFTzMissingError('possibly delisted; no timezone found')
  ✗ S2: Error processing UBER/SEE: cannot convert the series to <class 'float'>

195/223: 2023-12-01: Added=BLDR, Removed=SEDG
  Holding Period End Date: 2023-12-29
    Error fetching BLDR: can't start new thread
  ✗ S1: Insufficient data for BLDR
    Error fetching BLDR: can't start new thread
    Error fetching SEDG: can't start new thread
  ✗ S2: Insufficient data for BLDR/SEDG

196/223: 2023-12-01: Added=JBL, Removed=ALK
  Holding Period End Date: 2023-12-29
    Error fetching JBL: can't start new thread
  ✗ S1: Insufficient data for JBL
    Error fetching JBL: can't start new thread
    Error fetching ALK: can't start new thread
  ✗ S2: Insufficient data for JBL/ALK

197/223: 2024-03-01: Added=SMCI, Removed=WHR
  Holding Period End Date: 2024-03-28
    Error fetching SMCI: can't start new thread
  ✗ S1: Insufficient data for SMCI
    Error fetching SMCI: can't start new thread
    Error fetching WHR: can't start new thread
  ✗ S2: Insufficient data for SMCI/WHR

198/223: 2024-03-01: Added=DECK, Removed=ZION
  Holding Period End Date: 2024-03-28
    Error fetching DECK: can't start new thread
  ✗ S1: Insufficient data for DECK
    Error fetching DECK: can't start new thread
    Error fetching ZION: can't start new thread
  ✗ S2: Insufficient data for DECK/ZION

199/223: 2024-03-27: Added=SOLV, Removed=nan
  Holding Period End Date: 2024-04-24
    Warning: No data found for SOLV
  ✗ S1: Insufficient data for SOLV

200/223: 2024-03-27: Added=GEV, Removed=nan
  Holding Period End Date: 2024-04-24
    Warning: No data found for GEV
  ✗ S1: Insufficient data for GEV

201/223: 2024-03-27: Added=nan, Removed=XRAY
  Holding Period End Date: 2024-04-24

202/223: 2024-03-27: Added=nan, Removed=VFC
  Holding Period End Date: 2024-04-24

203/223: 2024-05-03: Added=VST, Removed=PXD
  Holding Period End Date: 2024-05-31
  ✓ S1: VST -4.91%, Portfolio: $1,767,630
    Error fetching VST: can't start new thread
    Error fetching PXD: can't start new thread
  ✗ S2: Insufficient data for VST/PXD

204/223: 2024-06-07: Added=KKR, Removed=RHI
  Holding Period End Date: 2024-07-08
    Error fetching KKR: can't start new thread
  ✗ S1: Insufficient data for KKR
    Error fetching KKR: can't start new thread
    Error fetching RHI: can't start new thread
  ✗ S2: Insufficient data for KKR/RHI

205/223: 2024-06-07: Added=CRWD, Removed=CMA
  Holding Period End Date: 2024-07-08
    Warning: No data found for CRWD
  ✗ S1: Insufficient data for CRWD
    Error fetching CRWD: can't start new thread
    Warning: No data found for CMA
  ✗ S2: Insufficient data for CRWD/CMA

206/223: 2024-06-07: Added=GDDY, Removed=ILMN
  Holding Period End Date: 2024-07-08
    YFinance output for GDDY: 1 Failed download:
['VRSK']: DNSError('Failed to perform, curl: (6) getaddrinfo() thread failed to start. See https://curl.se/libcurl/c/libcurl-errors.html first for more details.')

1 Failed download:
['VRSK']: DNSError('Failed to perform, curl: (6) getaddrinfo() thread failed to start. See https://curl.se/libcurl/c/libcurl-errors.html first for more details.')
    Warning: No data found for GDDY
  ✗ S1: Insufficient data for GDDY
    Error fetching GDDY: can't start new thread
    Error fetching ILMN: can't start new thread
  ✗ S2: Insufficient data for GDDY/ILMN

207/223: 2024-09-06: Added=ERIE, Removed=BIO
  Holding Period End Date: 2024-10-03
    YFinance output for ERIE: 1 Failed download:
['EXR']: DNSError('Failed to perform, curl: (6) getaddrinfo() thread failed to start. See https://curl.se/libcurl/c/libcurl-errors.html first for more details.')

1 Failed download:
['EXR']: DNSError('Failed to perform, curl: (6) getaddrinfo() thread failed to start. See https://curl.se/libcurl/c/libcurl-errors.html first for more details.')
    Warning: No data found for ERIE
  ✗ S1: Insufficient data for ERIE
    YFinance output for ERIE: 1 Failed download:
['HSP']: DNSError('Failed to perform, curl: (6) getaddrinfo() thread failed to start. See https://curl.se/libcurl/c/libcurl-errors.html first for more details.')

1 Failed download:
['HSP']: DNSError('Failed to perform, curl: (6) getaddrinfo() thread failed to start. See https://curl.se/libcurl/c/libcurl-errors.html first for more details.')
    Warning: No data found for ERIE
    Error fetching BIO: can't start new thread
  ✗ S2: Insufficient data for ERIE/BIO

208/223: 2024-09-06: Added=DELL, Removed=ETSY
  Holding Period End Date: 2024-10-03
    YFinance output for DELL: 1 Failed download:
['ACE']: DNSError('Failed to perform, curl: (6) getaddrinfo() thread failed to start. See https://curl.se/libcurl/c/libcurl-errors.html first for more details.')

1 Failed download:
['ACE']: DNSError('Failed to perform, curl: (6) getaddrinfo() thread failed to start. See https://curl.se/libcurl/c/libcurl-errors.html first for more details.')

1 Failed download:
['ACE']: DNSError('Failed to perform, curl: (6) getaddrinfo() thread failed to start. See https://curl.se/libcurl/c/libcurl-errors.html first for more details.')

1 Failed download:
['ACE']: DNSError('Failed to perform, curl: (6) getaddrinfo() thread failed to start. See https://curl.se/libcurl/c/libcurl-errors.html first for more details.')
    Warning: No data found for DELL
  ✗ S1: Insufficient data for DELL
    Warning: No data found for DELL
    Error fetching ETSY: can't start new thread
  ✗ S2: Insufficient data for DELL/ETSY

209/223: 2024-09-06: Added=PLTR, Removed=AAL
  Holding Period End Date: 2024-10-03
    Error fetching PLTR: can't start new thread
  ✗ S1: Insufficient data for PLTR
    Error fetching PLTR: can't start new thread
  ✗ S2: Insufficient data for PLTR/AAL

210/223: 2024-09-24: Added=AMTM, Removed=nan
  Holding Period End Date: 2024-10-21
  ✓ S1: AMTM 1.27%, Portfolio: $1,790,133

211/223: 2024-09-24: Added=nan, Removed=BBWI
  Holding Period End Date: 2024-10-21

212/223: 2024-11-21: Added=TPL, Removed=MRO
  Holding Period End Date: 2024-12-19
    Error fetching TPL: can't start new thread
  ✗ S1: Insufficient data for TPL
    Error fetching TPL: can't start new thread
    Error fetching MRO: can't start new thread
  ✗ S2: Insufficient data for TPL/MRO

213/223: 2024-12-06: Added=WDAY, Removed=AMTM
  Holding Period End Date: 2025-01-06
    Error fetching WDAY: can't start new thread
  ✗ S1: Insufficient data for WDAY
    Error fetching AMTM: can't start new thread
  ✗ S2: Insufficient data for WDAY/AMTM

214/223: 2024-12-06: Added=APO, Removed=QRVO
  Holding Period End Date: 2025-01-06
    Error fetching APO: can't start new thread
  ✗ S1: Insufficient data for APO
    Error fetching APO: can't start new thread
    Error fetching QRVO: can't start new thread
  ✗ S2: Insufficient data for APO/QRVO

215/223: 2024-12-18: Added=LII, Removed=CTLT
  Holding Period End Date: 2025-01-17
    Error fetching LII: can't start new thread
  ✗ S1: Insufficient data for LII
    Error fetching LII: can't start new thread
    Error fetching CTLT: can't start new thread
  ✗ S2: Insufficient data for LII/CTLT

216/223: 2025-03-07: Added=EXE, Removed=FMC
  Holding Period End Date: 2025-04-03
  ✗ S1: Error processing EXE: cannot convert the series to <class 'float'>
    Warning: No data found for EXE
    YFinance output for FMC: 2 Failed downloads:
['ACE']: YFPricesMissingError('possibly delisted; no price data found  (1d 2016-01-13 00:00:00 -> 2016-02-01) (Yahoo error = "Data doesn\'t exist for startDate = 1452661200, endDate = 1454302800")')
['WLTW']: YFTzMissingError('possibly delisted; no timezone found')

2 Failed downloads:
['ACE']: YFPricesMissingError('possibly delisted; no price data found  (1d 2016-01-13 00:00:00 -> 2016-02-01) (Yahoo error = "Data doesn\'t exist for startDate = 1452661200, endDate = 1454302800")')
['WLTW']: YFTzMissingError('possibly delisted; no timezone found')
    Warning: No data found for FMC
  ✗ S2: Insufficient data for EXE/FMC

217/223: 2025-03-07: Added=WSM, Removed=CE
  Holding Period End Date: 2025-04-03
    Error fetching WSM: can't start new thread
  ✗ S1: Insufficient data for WSM
    Error fetching WSM: can't start new thread
    Error fetching CE: can't start new thread
  ✗ S2: Insufficient data for WSM/CE

218/223: 2025-03-07: Added=TKO, Removed=TFX
  Holding Period End Date: 2025-04-03
    Warning: No data found for TKO
  ✗ S1: Insufficient data for TKO
    Error fetching TKO: can't start new thread
    Error fetching TFX: can't start new thread
  ✗ S2: Insufficient data for TKO/TFX

219/223: 2025-03-07: Added=DASH, Removed=BWA
  Holding Period End Date: 2025-04-03
    Warning: No data found for DASH
  ✗ S1: Insufficient data for DASH
    Warning: No data found for DASH
    Error fetching BWA: can't start new thread
  ✗ S2: Insufficient data for DASH/BWA

220/223: 2025-05-12: Added=COIN, Removed=DFS
  Holding Period End Date: 2025-06-09
    Warning: No data found for COIN
  ✗ S1: Insufficient data for COIN
    Warning: No data found for COIN
    Error fetching DFS: can't start new thread
  ✗ S2: Insufficient data for COIN/DFS

221/223: 2025-07-02: Added=DDOG, Removed=JNPR
  Holding Period End Date: 2025-07-30
    Error fetching DDOG: can't start new thread
  ✗ S1: Insufficient data for DDOG
    Warning: No data found for DDOG
    Error fetching JNPR: can't start new thread
  ✗ S2: Insufficient data for DDOG/JNPR

222/223: 2025-07-14: Added=TTD, Removed=ANSS
  Holding Period End Date: 2025-08-08
    Error fetching TTD: can't start new thread
  ✗ S1: Insufficient data for TTD
    Error fetching TTD: can't start new thread
    Error fetching ANSS: can't start new thread
  ✗ S2: Insufficient data for TTD/ANSS

223/223: 2025-07-18: Added=XYZ, Removed=HES
  Holding Period End Date: 2025-08-14
  ✓ S1: XYZ -2.34%, Portfolio: $1,748,206
    Error fetching XYZ: can't start new thread
    Error fetching HES: can't start new thread
  ✗ S2: Insufficient data for XYZ/HES

============================================================
FINAL RESULTS
Strategy 1: 26 successful trades, Final: $1,748,206 (74.82%)
Strategy 2: 2 successful trades, Final: $1,003,760 (0.38%)
Completed: 2025-08-31 17:24:22
