S&P 500 Index Update Trading Strategy Analysis (Multithread)
Holding Period: 22 trading days
Date Range: 2015-07-02 to 2025-07-18
Timestamp: 2025-08-31 18:13:21
============================================================

1/223: 2015-07-02: Added=KHC, Removed=KRFT
  Holding Period End Date: 2015-08-04
    YFinance output for KHC: 1 Failed download:
['FBHS']: YFTzMissingError('possibly delisted; no timezone found')
    Warning: No data found for KHC
  ✗ S1: Insufficient data for KHC
  ✗ S2: Error processing KHC/KRFT: cannot convert the series to <class 'float'>

2/223: 2015-07-06: Added=AAP, Removed=FDO
  Holding Period End Date: 2015-08-05
    Warning: No data found for AAP
  ✗ S1: Insufficient data for AAP
  ✗ S2: Error processing AAP/FDO: cannot convert the series to <class 'float'>

3/223: 2015-07-14: Added=PYPL, Removed=NE
  Holding Period End Date: 2015-08-13
  ✓ S1: PYPL 7.86%, Portfolio: $1,078,564
    Warning: No data found for PYPL
  ✗ S2: Insufficient data for PYPL/NE

4/223: 2015-07-24: Added=SIG, Removed=DTV
  Holding Period End Date: 2015-08-25
    Warning: No data found for SIG
  ✗ S1: Insufficient data for SIG
    Warning: No data found for SIG
    Warning: No data found for DTV
  ✗ S2: Insufficient data for SIG/DTV

5/223: 2015-08-27: Added=ATVI, Removed=PLL
  Holding Period End Date: 2015-09-29
  ✓ S1: ATVI 11.61%, Portfolio: $1,203,747
    Warning: No data found for ATVI
    Warning: No data found for PLL
  ✗ S2: Insufficient data for ATVI/PLL

6/223: 2015-08-27: Added=UAL, Removed=HSP
  Holding Period End Date: 2015-09-29
  ✓ S1: UAL -21.33%, Portfolio: $947,031
  ✓ S2: Long UAL (3.76%), Short HSP (-3.63%)
      Combined: 0.07%, Portfolio: $1,000,682

7/223: 2015-09-30: Added=VRSK, Removed=JOY
  Holding Period End Date: 2015-10-30
    Warning: No data found for VRSK
  ✗ S1: Insufficient data for VRSK
  ✓ S2: Long VRSK (-16.56%), Short JOY (1.38%)
      Combined: -7.59%, Portfolio: $924,729

8/223: 2015-10-27: Added=HPE, Removed=HCBK
  Holding Period End Date: 2015-11-27
    YFinance output for HPE: 2 Failed downloads:
['TWTR', 'CERN']: YFTzMissingError('possibly delisted; no timezone found')

2 Failed downloads:
['TWTR', 'CERN']: YFTzMissingError('possibly delisted; no timezone found')

2 Failed downloads:
['TWTR', 'CERN']: YFTzMissingError('possibly delisted; no timezone found')
  ✗ S1: Error processing HPE: cannot convert the series to <class 'float'>
    Warning: No data found for HPE
  ✗ S2: Insufficient data for HPE/HCBK

9/223: 2015-11-09: Added=SYF, Removed=GNW
  Holding Period End Date: 2015-12-10
  ✗ S1: Error processing SYF: cannot convert the series to <class 'float'>
    Warning: No data found for SYF
  ✗ S2: Insufficient data for SYF/GNW

10/223: 2015-11-12: Added=ILMN, Removed=SIAL
  Holding Period End Date: 2015-12-15
  ✓ S1: ILMN 1.66%, Portfolio: $962,757
    Warning: No data found for SIAL
  ✗ S2: Insufficient data for ILMN/SIAL

11/223: 2015-11-23: Added=CSRA, Removed=CSC
  Holding Period End Date: 2015-12-24
    YFinance output for CSRA: 1 Failed download:
['DISH']: YFTzMissingError('possibly delisted; no timezone found')
  ✗ S1: Error processing CSRA: cannot convert the series to <class 'float'>
  ✗ S2: Error processing CSRA/CSC: cannot convert the series to <class 'float'>

12/223: 2015-12-15: Added=nan, Removed=CMCSK
  Holding Period End Date: 2016-01-19

13/223: 2015-12-22: Added=CHD, Removed=ALTR
  Holding Period End Date: 2016-01-26
  ✓ S1: CHD -15.00%, Portfolio: $818,331
    Warning: No data found for ALTR
  ✗ S2: Insufficient data for CHD/ALTR

14/223: 2015-12-28: Added=WLTW, Removed=FOSL
  Holding Period End Date: 2016-01-29
  ✓ S1: WLTW -8.42%, Portfolio: $749,428
  ✓ S2: Long WLTW (13.03%), Short FOSL (6.23%)
      Combined: 9.63%, Portfolio: $1,013,779

15/223: 2016-01-13: Added=EXR, Removed=ACE
  Holding Period End Date: 2016-02-16
  ✗ S1: Error processing EXR: cannot convert the series to <class 'float'>
    Warning: No data found for EXR
  ✗ S2: Insufficient data for EXR/ACE

16/223: 2016-01-22: Added=FRT, Removed=BRCM
  Holding Period End Date: 2016-02-24
  ✓ S1: FRT 9.67%, Portfolio: $821,935
    YFinance output for BRCM: 1 Failed download:
['PCL']: YFPricesMissingError('possibly delisted; no price data found  (1d 2016-02-16 00:00:00 -> 2016-03-17) (Yahoo error = "Data doesn\'t exist for startDate = 1455598800, endDate = 1458187200")')

1 Failed download:
['PCL']: YFPricesMissingError('possibly delisted; no price data found  (1d 2016-02-16 00:00:00 -> 2016-03-17) (Yahoo error = "Data doesn\'t exist for startDate = 1455598800, endDate = 1458187200")')
    Warning: No data found for BRCM
  ✗ S2: Insufficient data for FRT/BRCM

17/223: 2016-01-26: Added=CFG, Removed=PCP
  Holding Period End Date: 2016-02-26
  ✓ S1: CFG 4.07%, Portfolio: $855,359
    Warning: No data found for CFG
    Warning: No data found for PCP
  ✗ S2: Insufficient data for CFG/PCP

18/223: 2016-02-16: Added=CXO, Removed=PCL
  Holding Period End Date: 2016-03-17
    YFinance output for CXO: 1 Failed download:
['SBNY']: YFPricesMissingError('possibly delisted; no price data found  (1d 2023-03-13 00:00:00 -> 2023-04-03) (Yahoo error = "Data doesn\'t exist for startDate = 1678680000, endDate = 1680494400")')

1 Failed download:
['SBNY']: YFPricesMissingError('possibly delisted; no price data found  (1d 2023-03-13 00:00:00 -> 2023-04-03) (Yahoo error = "Data doesn\'t exist for startDate = 1678680000, endDate = 1680494400")')

1 Failed download:
['SBNY']: YFPricesMissingError('possibly delisted; no price data found  (1d 2023-03-13 00:00:00 -> 2023-04-03) (Yahoo error = "Data doesn\'t exist for startDate = 1678680000, endDate = 1680494400")')
    Warning: No data found for CXO
  ✗ S1: Insufficient data for CXO
  ✗ S2: Error processing CXO/PCL: cannot convert the series to <class 'float'>

19/223: 2016-03-01: Added=AWK, Removed=CNX
  Holding Period End Date: 2016-04-01
  ✓ S1: AWK 4.66%, Portfolio: $895,218
    YFinance output for CNX: 1 Failed download:
['NLSN']: YFTzMissingError('possibly delisted; no timezone found')
  ✗ S2: Error processing AWK/CNX: cannot convert the series to <class 'float'>

20/223: 2016-03-04: Added=UDR, Removed=GMCR
  Holding Period End Date: 2016-04-06
  ✓ S1: UDR 4.67%, Portfolio: $937,033
    YFinance output for GMCR: 1 Failed download:
['FBHS']: YFTzMissingError('possibly delisted; no timezone found')
    Warning: No data found for GMCR
  ✗ S2: Insufficient data for UDR/GMCR

21/223: 2016-03-24: Added=CNC, Removed=ESV
  Holding Period End Date: 2016-04-26
    Warning: No data found for CNC
  ✗ S1: Insufficient data for CNC
  ✓ S2: Long CNC (-15.42%), Short ESV (-5.49%)
      Combined: -10.45%, Portfolio: $907,821

22/223: 2016-03-24: Added=HOLX, Removed=POM
  Holding Period End Date: 2016-04-26
  ✗ S1: Error processing HOLX: cannot convert the series to <class 'float'>
    YFinance output for HOLX: 2 Failed downloads:
['FBHS', 'ABMD']: YFTzMissingError('possibly delisted; no timezone found')
    Warning: No data found for HOLX
  ✗ S2: Insufficient data for HOLX/POM

23/223: 2016-03-28: Added=FL, Removed=CAM
  Holding Period End Date: 2016-04-27
    YFinance output for FL: 1 Failed download:
['ABMD']: YFTzMissingError('possibly delisted; no timezone found')
    Warning: No data found for FL
  ✗ S1: Insufficient data for FL
  ✓ S2: Long FL (8.70%), Short CAM (13.12%)
      Combined: 10.91%, Portfolio: $1,006,850

24/223: 2016-04-07: Added=ULTA, Removed=THC
  Holding Period End Date: 2016-05-09
  ✓ S1: ULTA 9.99%, Portfolio: $1,030,648
    YFinance output for ULTA: 1 Failed download:
['ADT']: YFPricesMissingError('possibly delisted; no price data found  (1d 2016-04-26 00:00:00 -> 2016-05-26) (Yahoo error = "Data doesn\'t exist for startDate = 1461643200, endDate = 1464235200")')
    Warning: No data found for ULTA
    YFinance output for THC: 1 Failed download:
['ATVI']: YFTzMissingError('possibly delisted; no timezone found')
    Warning: No data found for THC
  ✗ S2: Insufficient data for ULTA/THC

25/223: 2016-04-19: Added=GPN, Removed=GME
  Holding Period End Date: 2016-05-19
  ✗ S1: Error processing GPN: cannot convert the series to <class 'float'>
  ✓ S2: Long GPN (-2.35%), Short GME (-12.07%)
      Combined: -7.21%, Portfolio: $934,243

26/223: 2016-04-26: Added=AYI, Removed=ADT
  Holding Period End Date: 2016-05-26
    YFinance output for AYI: 1 Failed download:
['SIVB']: YFTzMissingError('possibly delisted; no timezone found')

1 Failed download:
['SIVB']: YFTzMissingError('possibly delisted; no timezone found')
  ✗ S1: Error processing AYI: cannot convert the series to <class 'float'>
    YFinance output for AYI: 1 Failed download:
['SIVB']: YFTzMissingError('possibly delisted; no timezone found')
  ✗ S2: Error processing AYI/ADT: cannot convert the series to <class 'float'>

27/223: 2016-05-10: Added=ALK, Removed=SNDK
  Holding Period End Date: 2016-06-10
  ✓ S1: ALK 13.77%, Portfolio: $1,172,547
  ✓ S2: Long ALK (1.32%), Short SNDK (-3.30%)
      Combined: -0.99%, Portfolio: $924,971

28/223: 2016-05-13: Added=DLR, Removed=TWC
  Holding Period End Date: 2016-06-15
  ✓ S1: DLR -2.88%, Portfolio: $1,138,720
    YFinance output for TWC: 1 Failed download:
['FRC']: YFTzMissingError('possibly delisted; no timezone found')

1 Failed download:
['FRC']: YFTzMissingError('possibly delisted; no timezone found')
    Warning: No data found for TWC
  ✗ S2: Insufficient data for DLR/TWC

29/223: 2016-05-18: Added=LKQ, Removed=ARG
  Holding Period End Date: 2016-06-20
    YFinance output for LKQ: 1 Failed download:
['SBNY']: YFPricesMissingError('possibly delisted; no price data found  (1d 2023-03-13 00:00:00 -> 2023-04-05) (Yahoo error = "Data doesn\'t exist for startDate = 1678680000, endDate = 1680667200")')
    Warning: No data found for LKQ
  ✗ S1: Insufficient data for LKQ
  ✓ S2: Long LKQ (-0.90%), Short ARG (-15.39%)
      Combined: -8.15%, Portfolio: $849,623

30/223: 2016-05-24: Added=AJG, Removed=CCE
  Holding Period End Date: 2016-06-24
    YFinance output for AJG: 1 Failed download:
['FRC']: YFTzMissingError('possibly delisted; no timezone found')

1 Failed download:
['FRC']: YFTzMissingError('possibly delisted; no timezone found')
  ✗ S1: Error processing AJG: cannot convert the series to <class 'float'>
  ✗ S2: Error processing AJG/CCE: cannot convert the series to <class 'float'>

31/223: 2016-05-27: Added=TDG, Removed=BXLT
  Holding Period End Date: 2016-06-29
  ✓ S1: TDG 10.13%, Portfolio: $1,254,043
  ✓ S2: Long TDG (8.03%), Short BXLT (-10.89%)
      Combined: -1.43%, Portfolio: $837,461

32/223: 2016-06-21: Added=FBHS, Removed=CVC
  Holding Period End Date: 2016-07-22
  ✓ S1: FBHS 12.23%, Portfolio: $1,407,364
    Warning: No data found for FBHS
    YFinance output for CVC: 1 Failed download:
['PXD']: YFTzMissingError('possibly delisted; no timezone found')
    Warning: No data found for CVC
  ✗ S2: Insufficient data for FBHS/CVC

33/223: 2016-06-23: Added=FTV, Removed=CPGX
  Holding Period End Date: 2016-07-26
    Warning: No data found for FTV
  ✗ S1: Insufficient data for FTV
  ✓ S2: Long FTV (-15.06%), Short CPGX (7.82%)
      Combined: -3.62%, Portfolio: $807,142

34/223: 2016-06-23: Added=ALB, Removed=TE
  Holding Period End Date: 2016-07-26
  ✓ S1: ALB 7.30%, Portfolio: $1,510,148
    Warning: No data found for TE
  ✗ S2: Insufficient data for ALB/TE

35/223: 2016-06-29: Added=LNT, Removed=GAS
  Holding Period End Date: 2016-08-01
  ✓ S1: LNT 0.63%, Portfolio: $1,519,684
  ✓ S2: Long LNT (-12.32%), Short GAS (8.18%)
      Combined: -2.07%, Portfolio: $790,411

36/223: 2016-08-25: Added=MTD, Removed=TYC
  Holding Period End Date: 2016-09-27
  ✓ S1: MTD 7.33%, Portfolio: $1,631,005
  ✗ S2: Error processing MTD/TYC: cannot convert the series to <class 'float'>

37/223: 2016-08-31: Added=CHTR, Removed=EMC
  Holding Period End Date: 2016-10-03
    YFinance output for CHTR: 1 Failed download:
['PXD']: YFTzMissingError('possibly delisted; no timezone found')

1 Failed download:
['PXD']: YFTzMissingError('possibly delisted; no timezone found')
  ✗ S1: Error processing CHTR: cannot convert the series to <class 'float'>
  ✓ S2: Long CHTR (8.01%), Short EMC (4.50%)
      Combined: 6.26%, Portfolio: $839,859

38/223: 2016-09-10: Added=COO, Removed=HOT
  Holding Period End Date: 2016-10-12
  ✗ S1: Error processing COO: cannot convert the series to <class 'float'>
  ✗ S2: Error processing COO/HOT: cannot convert the series to <class 'float'>

39/223: 2016-09-27: Added=COTY, Removed=DO
  Holding Period End Date: 2016-10-27
  ✓ S1: COTY -5.61%, Portfolio: $1,539,493
    YFinance output for COTY: 1 Failed download:
['ATVI']: YFTzMissingError('possibly delisted; no timezone found')
  ✗ S2: Error processing COTY/DO: cannot convert the series to <class 'float'>

40/223: 2016-11-29: Added=MAA, Removed=OI
  Holding Period End Date: 2016-12-30
  ✓ S1: MAA 17.81%, Portfolio: $1,813,734
  ✓ S2: Long MAA (2.78%), Short OI (-7.47%)
      Combined: -2.35%, Portfolio: $820,160

41/223: 2016-11-29: Added=EVHC, Removed=LM
  Holding Period End Date: 2016-12-30
  ✓ S1: EVHC 8.07%, Portfolio: $1,960,161
  ✗ S2: Error processing EVHC/LM: cannot convert the series to <class 'float'>

42/223: 2017-01-03: Added=IDXX, Removed=STJ
  Holding Period End Date: 2017-02-03
  ✓ S1: IDXX -4.39%, Portfolio: $1,874,051
  ✓ S2: Long IDXX (22.39%), Short STJ (-8.89%)
      Combined: 6.75%, Portfolio: $875,504

43/223: 2017-02-23: Added=INCY, Removed=SE
  Holding Period End Date: 2017-03-27
  ✓ S1: INCY 21.08%, Portfolio: $2,269,098
  ✗ S2: Error processing INCY/SE: cannot convert the series to <class 'float'>

44/223: 2017-02-23: Added=CBOE, Removed=PBI
  Holding Period End Date: 2017-03-27
  ✓ S1: CBOE 7.60%, Portfolio: $2,441,605
  ✓ S2: Long CBOE (7.60%), Short PBI (-14.93%)
      Combined: -3.67%, Portfolio: $843,410

45/223: 2017-02-23: Added=REG, Removed=ENDP
  Holding Period End Date: 2017-03-27
  ✓ S1: REG 0.25%, Portfolio: $2,447,738
  ✗ S2: Error processing REG/ENDP: cannot convert the series to <class 'float'>

46/223: 2017-03-06: Added=DISH, Removed=LLTC
  Holding Period End Date: 2017-04-05
  ✓ S1: DISH 9.87%, Portfolio: $2,689,350
  ✓ S2: Long DISH (7.40%), Short LLTC (25.44%)
      Combined: 16.42%, Portfolio: $981,876

47/223: 2017-03-10: Added=ARE, Removed=FSLR
  Holding Period End Date: 2017-04-11
  ✓ S1: ARE 1.08%, Portfolio: $2,718,457
  ✓ S2: Long ARE (20.07%), Short FSLR (25.44%)
      Combined: 22.76%, Portfolio: $1,205,306

48/223: 2017-03-10: Added=RJF, Removed=FTR
  Holding Period End Date: 2017-04-11
  ✓ S1: RJF -14.39%, Portfolio: $2,327,167
  ✓ S2: Long RJF (20.07%), Short FTR (-1.10%)
      Combined: 9.49%, Portfolio: $1,319,665

49/223: 2017-03-10: Added=AMD, Removed=URBN
  Holding Period End Date: 2017-04-11
  ✓ S1: AMD 15.16%, Portfolio: $2,680,066
  ✓ S2: Long AMD (-11.14%), Short URBN (-19.36%)
      Combined: -15.25%, Portfolio: $1,118,440

50/223: 2017-03-13: Added=SNPS, Removed=HAR
  Holding Period End Date: 2017-04-12
  ✓ S1: SNPS 9.38%, Portfolio: $2,931,544
  ✓ S2: Long SNPS (24.01%), Short HAR (-5.84%)
      Combined: 9.09%, Portfolio: $1,220,071

51/223: 2017-03-28: Added=DXC, Removed=SWN
  Holding Period End Date: 2017-04-28
  ✓ S1: DXC 3.24%, Portfolio: $3,026,635
  ✓ S2: Long DXC (-1.96%), Short SWN (-4.61%)
      Combined: -3.28%, Portfolio: $1,180,030

52/223: 2017-03-29: Added=IT, Removed=DNB
  Holding Period End Date: 2017-05-01
  ✓ S1: IT 7.43%, Portfolio: $3,251,457
  ✓ S2: Long IT (22.32%), Short DNB (-5.49%)
      Combined: 8.42%, Portfolio: $1,279,365

53/223: 2017-05-24: Added=INFO, Removed=TGNA
  Holding Period End Date: 2017-06-26
  ✓ S1: INFO 2.12%, Portfolio: $3,320,388
  ✓ S2: Long INFO (2.93%), Short TGNA (1.85%)
      Combined: 2.39%, Portfolio: $1,309,944

54/223: 2017-06-09: Added=ANSS, Removed=R
  Holding Period End Date: 2017-07-12
  ✓ S1: ANSS -3.83%, Portfolio: $3,193,244
  ✓ S2: Long ANSS (-1.81%), Short R (-23.27%)
      Combined: -12.54%, Portfolio: $1,145,671

55/223: 2017-06-09: Added=ALGN, Removed=TDC
  Holding Period End Date: 2017-07-12
  ✓ S1: ALGN 30.32%, Portfolio: $4,161,522
    YFinance output for TDC: 1 Failed download:
['CTLT']: YFTzMissingError('possibly delisted; no timezone found')
  ✓ S2: Long ALGN (15.15%), Short TDC (-4.35%)
      Combined: 5.40%, Portfolio: $1,207,552

56/223: 2017-06-09: Added=HLT, Removed=YHOO
  Holding Period End Date: 2017-07-12
    YFinance output for HLT: 1 Failed download:
['PXD']: YFTzMissingError('possibly delisted; no timezone found')
    Warning: No data found for HLT
  ✗ S1: Insufficient data for HLT
  ✓ S2: Long HLT (2.57%), Short YHOO (-2.50%)
      Combined: 0.03%, Portfolio: $1,207,940

57/223: 2017-06-12: Added=RE, Removed=MJN
  Holding Period End Date: 2017-07-13
  ✓ S1: RE 25.29%, Portfolio: $5,214,032
  ✓ S2: Long RE (-12.23%), Short MJN (4.83%)
      Combined: -3.70%, Portfolio: $1,163,205

58/223: 2017-06-30: Added=BKR, Removed=BHI
  Holding Period End Date: 2017-08-02
  ✓ S1: BKR 6.94%, Portfolio: $5,575,960
  ✗ S2: Error processing BKR/BHI: cannot convert the series to <class 'float'>

59/223: 2017-07-19: Added=MGM, Removed=RAI
  Holding Period End Date: 2017-08-18
  ✓ S1: MGM 6.62%, Portfolio: $5,945,121
    YFinance output for MGM: 1 Failed download:
['CTLT']: YFTzMissingError('possibly delisted; no timezone found')
  ✗ S2: Error processing MGM/RAI: cannot convert the series to <class 'float'>

60/223: 2017-07-19: Added=RMD, Removed=MNK
  Holding Period End Date: 2017-08-18
  ✓ S1: RMD -4.25%, Portfolio: $5,692,579
  ✓ S2: Long RMD (4.40%), Short MNK (-18.47%)
      Combined: -7.03%, Portfolio: $1,081,383

61/223: 2017-07-19: Added=PKG, Removed=MUR
  Holding Period End Date: 2017-08-18
  ✓ S1: PKG 12.33%, Portfolio: $6,394,204
  ✗ S2: Error processing PKG/MUR: cannot convert the series to <class 'float'>

62/223: 2017-07-19: Added=AOS, Removed=BBBY
  Holding Period End Date: 2017-08-18
  ✓ S1: AOS 19.01%, Portfolio: $7,609,973
  ✓ S2: Long AOS (-12.73%), Short BBBY (-1.51%)
      Combined: -7.12%, Portfolio: $1,004,360

63/223: 2017-07-19: Added=DRE, Removed=RIG
  Holding Period End Date: 2017-08-18
    Warning: No data found for DRE
  ✗ S1: Insufficient data for DRE
  ✓ S2: Long DRE (-3.15%), Short RIG (-6.82%)
      Combined: -4.98%, Portfolio: $954,302

64/223: 2017-07-31: Added=BHF, Removed=AN
  Holding Period End Date: 2017-08-30
  ✗ S1: Error processing BHF: cannot convert the series to <class 'float'>
  ✓ S2: Long BHF (0.61%), Short AN (-6.82%)
      Combined: -3.10%, Portfolio: $924,688

65/223: 2017-08-24: Added=Q, Removed=WFM
  Holding Period End Date: 2017-09-26
  ✓ S1: Q -9.24%, Portfolio: $6,907,110
  ✓ S2: Long Q (16.22%), Short WFM (-13.26%)
      Combined: 1.48%, Portfolio: $938,358

66/223: 2017-08-24: Added=SBAC, Removed=DD
  Holding Period End Date: 2017-09-26
  ✓ S1: SBAC 2.34%, Portfolio: $7,068,845
  ✗ S2: Error processing SBAC/DD: cannot convert the series to <class 'float'>

67/223: 2017-08-24: Added=DWDP, Removed=DOW
  Holding Period End Date: 2017-09-26
    YFinance output for DWDP: 1 Failed download:
['CTLT']: YFTzMissingError('possibly delisted; no timezone found')
  ✗ S1: Error processing DWDP: cannot convert the series to <class 'float'>
  ✓ S2: Long DWDP (8.95%), Short DOW (-4.35%)
      Combined: 2.30%, Portfolio: $959,956

68/223: 2017-08-24: Added=CDNS, Removed=SPLS
  Holding Period End Date: 2017-09-26
  ✓ S1: CDNS 4.55%, Portfolio: $7,390,156
  ✗ S2: Error processing CDNS/SPLS: cannot convert the series to <class 'float'>

69/223: 2017-10-04: Added=NCLH, Removed=LVLT
  Holding Period End Date: 2017-11-03
  ✓ S1: NCLH 16.60%, Portfolio: $8,616,827
    YFinance output for NCLH: 1 Failed download:
['DFS']: YFTzMissingError('possibly delisted; no timezone found')

1 Failed download:
['DFS']: YFTzMissingError('possibly delisted; no timezone found')
  ✗ S2: Error processing NCLH/LVLT: cannot convert the series to <class 'float'>

70/223: 2017-12-28: Added=HII, Removed=BCR
  Holding Period End Date: 2018-01-31
    Warning: No data found for HII
  ✗ S1: Insufficient data for HII
  ✓ S2: Long HII (8.10%), Short BCR (-3.48%)
      Combined: 2.31%, Portfolio: $982,153

71/223: 2018-03-02: Added=IPGP, Removed=SNI
  Holding Period End Date: 2018-04-04
  ✓ S1: IPGP 19.06%, Portfolio: $10,259,355
  ✓ S2: Long IPGP (7.04%), Short SNI (19.17%)
      Combined: 13.10%, Portfolio: $1,110,856

72/223: 2018-03-09: Added=TTWO, Removed=SIG
  Holding Period End Date: 2018-04-11
  ✓ S1: TTWO 5.90%, Portfolio: $10,864,544
  ✓ S2: Long TTWO (-2.74%), Short SIG (19.17%)
      Combined: 8.21%, Portfolio: $1,202,094

73/223: 2018-03-09: Added=NKTR, Removed=CHK
  Holding Period End Date: 2018-04-11
    YFinance output for NKTR: 1 Failed download:
['FDO']: YFPricesMissingError('possibly delisted; no price data found  (1d 2015-07-06 00:00:00 -> 2015-07-30)')
    Warning: No data found for NKTR
  ✗ S1: Insufficient data for NKTR
  ✗ S2: Error processing NKTR/CHK: cannot convert the series to <class 'float'>

74/223: 2018-03-09: Added=SIVB, Removed=PDCO
  Holding Period End Date: 2018-04-11
    YFinance output for SIVB: 1 Failed download:
['MRO']: YFTzMissingError('possibly delisted; no timezone found')
  ✓ S1: SIVB -20.81%, Portfolio: $8,603,787
  ✓ S2: Long SIVB (14.12%), Short PDCO (-2.67%)
      Combined: 5.73%, Portfolio: $1,270,936

75/223: 2018-03-28: Added=MSCI, Removed=CSRA
  Holding Period End Date: 2018-04-30
  ✓ S1: MSCI -1.66%, Portfolio: $8,461,047
    YFinance output for CSRA: 1 Failed download:
['NE']: YFPricesMissingError('possibly delisted; no price data found  (1d 2015-07-14 00:00:00 -> 2015-08-07) (Yahoo error = "Data doesn\'t exist for startDate = 1436846400, endDate = 1438920000")')
    Warning: No data found for CSRA
  ✗ S2: Insufficient data for MSCI/CSRA

76/223: 2018-05-25: Added=ABMD, Removed=WYN
  Holding Period End Date: 2018-06-27
  ✓ S1: ABMD 2.63%, Portfolio: $8,683,881
    Warning: No data found for ABMD
  ✗ S2: Insufficient data for ABMD/WYN

77/223: 2018-05-31: Added=EVRG, Removed=NAVI
  Holding Period End Date: 2018-07-02
    Warning: No data found for EVRG
  ✗ S1: Insufficient data for EVRG
    Warning: No data found for EVRG
    YFinance output for NAVI: 1 Failed download:
['FDO']: YFPricesMissingError('possibly delisted; no price data found  (1d 2015-07-06 00:00:00 -> 2015-07-31)')
    Warning: No data found for NAVI
  ✗ S2: Insufficient data for EVRG/NAVI

78/223: 2018-06-04: Added=TWTR, Removed=MON
  Holding Period End Date: 2018-07-05
  ✓ S1: TWTR -2.92%, Portfolio: $8,430,171
  ✓ S2: Long TWTR (5.96%), Short MON (-9.90%)
      Combined: -1.97%, Portfolio: $1,245,898

79/223: 2018-06-08: Added=HFC, Removed=AYI
  Holding Period End Date: 2018-07-11
  ✓ S1: HFC 16.20%, Portfolio: $9,795,917
  ✗ S2: Error processing HFC/AYI: cannot convert the series to <class 'float'>

80/223: 2018-06-08: Added=BR, Removed=RRC
  Holding Period End Date: 2018-07-11
    YFinance output for BR: 1 Failed download:
['NE']: YFPricesMissingError('possibly delisted; no price data found  (1d 2015-07-14 00:00:00 -> 2015-08-10) (Yahoo error = "Data doesn\'t exist for startDate = 1436846400, endDate = 1439179200")')

1 Failed download:
['NE']: YFPricesMissingError('possibly delisted; no price data found  (1d 2015-07-14 00:00:00 -> 2015-08-10) (Yahoo error = "Data doesn\'t exist for startDate = 1436846400, endDate = 1439179200")')
    Warning: No data found for BR
  ✗ S1: Insufficient data for BR
    Warning: No data found for BR
  ✗ S2: Insufficient data for BR/RRC

81/223: 2018-06-15: Added=FLT, Removed=TWX
  Holding Period End Date: 2018-07-18
  ✓ S1: FLT -2.99%, Portfolio: $9,502,686
  ✗ S2: Error processing FLT/TWX: cannot convert the series to <class 'float'>

82/223: 2018-06-25: Added=CPRT, Removed=DPS
  Holding Period End Date: 2018-07-26
    Warning: No data found for CPRT
  ✗ S1: Insufficient data for CPRT
    Warning: No data found for DPS
  ✗ S2: Insufficient data for CPRT/DPS

83/223: 2018-08-23: Added=ANET, Removed=GGP
  Holding Period End Date: 2018-09-25
  ✓ S1: ANET 2.54%, Portfolio: $9,744,416
  ✓ S2: Long ANET (6.60%), Short GGP (8.07%)
      Combined: 7.34%, Portfolio: $1,337,285

84/223: 2018-09-11: Added=WCG, Removed=XL
  Holding Period End Date: 2018-10-11
    YFinance output for WCG: 1 Failed download:
['ALTR']: YFTzMissingError('possibly delisted; no timezone found')
    Warning: No data found for WCG
  ✗ S1: Insufficient data for WCG
  ✗ S2: Error processing WCG/XL: cannot convert the series to <class 'float'>

85/223: 2018-09-25: Added=ROL, Removed=ANDV
  Holding Period End Date: 2018-10-25
  ✗ S1: Error processing ROL: cannot convert the series to <class 'float'>
    YFinance output for ANDV: 1 Failed download:
['DTV']: YFTzMissingError('possibly delisted; no timezone found')
  ✗ S2: Error processing ROL/ANDV: cannot convert the series to <class 'float'>

86/223: 2018-10-04: Added=FTNT, Removed=EVHC
  Holding Period End Date: 2018-11-05
    Warning: No data found for FTNT
  ✗ S1: Insufficient data for FTNT
  ✓ S2: Long FTNT (19.00%), Short EVHC (1.42%)
      Combined: 10.21%, Portfolio: $1,473,787

87/223: 2018-10-30: Added=KEYS, Removed=CA
  Holding Period End Date: 2018-11-30
    Warning: No data found for KEYS
  ✗ S1: Insufficient data for KEYS
  ✗ S2: Error processing KEYS/CA: cannot convert the series to <class 'float'>

88/223: 2018-11-07: Added=JKHY, Removed=EQT
  Holding Period End Date: 2018-12-11
    Warning: No data found for JKHY
  ✗ S1: Insufficient data for JKHY
  ✓ S2: Long JKHY (-4.72%), Short EQT (-7.99%)
      Combined: -6.35%, Portfolio: $1,380,139

89/223: 2018-11-26: Added=FANG, Removed=SRCL
  Holding Period End Date: 2018-12-28
    Warning: No data found for FANG
  ✗ S1: Insufficient data for FANG
  ✗ S2: Error processing FANG/SRCL: cannot convert the series to <class 'float'>

90/223: 2018-11-26: Added=MXIM, Removed=AET
  Holding Period End Date: 2018-12-28
    YFinance output for MXIM: 1 Failed download:
['PCP']: YFPricesMissingError('possibly delisted; no price data found  (1d 2016-01-26 00:00:00 -> 2016-02-22) (Yahoo error = "Data doesn\'t exist for startDate = 1453784400, endDate = 1456117200")')
    Warning: No data found for MXIM
  ✗ S1: Insufficient data for MXIM
    YFinance output for MXIM: 1 Failed download:
['CXO']: YFTzMissingError('possibly delisted; no timezone found')

1 Failed download:
['CXO']: YFTzMissingError('possibly delisted; no timezone found')
    Warning: No data found for MXIM
    YFinance output for AET: Failed to get ticker 'WLTW' reason: Failed to perform, curl: (28) Connection timed out after 10003 milliseconds. See https://curl.se/libcurl/c/libcurl-errors.html first for more details.

1 Failed download:
['WLTW']: YFTzMissingError('possibly delisted; no timezone found')

1 Failed download:
['WLTW']: YFTzMissingError('possibly delisted; no timezone found')
    Warning: No data found for AET
  ✗ S2: Insufficient data for MXIM/AET

91/223: 2018-11-26: Added=LW, Removed=COL
  Holding Period End Date: 2018-12-28
  ✓ S1: LW -13.29%, Portfolio: $8,449,701
    YFinance output for COL: 1 Failed download:
['MXIM']: YFTzMissingError('possibly delisted; no timezone found')
    Warning: No data found for COL
  ✗ S2: Insufficient data for LW/COL

92/223: 2018-12-27: Added=CE, Removed=ESRX
  Holding Period End Date: 2019-01-30
    Warning: No data found for CE
  ✗ S1: Insufficient data for CE
    YFinance output for CE: 1 Failed download:
['ALTR']: YFTzMissingError('possibly delisted; no timezone found')
    YFinance output for ESRX: 1 Failed download:
['WLTW']: YFTzMissingError('possibly delisted; no timezone found')
  ✗ S2: Error processing CE/ESRX: cannot convert the series to <class 'float'>

93/223: 2018-12-27: Added=FRC, Removed=SCG
  Holding Period End Date: 2019-01-30
  ✓ S1: FRC 3.57%, Portfolio: $8,751,197
  ✓ S2: Long FRC (20.88%), Short SCG (5.56%)
      Combined: 13.22%, Portfolio: $1,562,590

94/223: 2019-01-15: Added=TFX, Removed=PCG
  Holding Period End Date: 2019-02-15
  ✗ S1: Error processing TFX: cannot convert the series to <class 'float'>
    YFinance output for PCG: 1 Failed download:
['ATVI']: YFTzMissingError('possibly delisted; no timezone found')

1 Failed download:
['ATVI']: YFTzMissingError('possibly delisted; no timezone found')
  ✗ S2: Error processing TFX/PCG: cannot convert the series to <class 'float'>

95/223: 2019-02-08: Added=ATO, Removed=NFX
  Holding Period End Date: 2019-03-13
  ✓ S1: ATO 17.54%, Portfolio: $10,286,415
    YFinance output for NFX: 1 Failed download:
['GMCR']: YFPricesMissingError('possibly delisted; no price data found  (1d 2016-03-04 00:00:00 -> 2016-03-31)')
    Warning: No data found for NFX
  ✗ S2: Insufficient data for ATO/NFX

96/223: 2019-02-21: Added=WAB, Removed=GT
  Holding Period End Date: 2019-03-25
    YFinance output for WAB: 1 Failed download:
['ATVI']: YFTzMissingError('possibly delisted; no timezone found')
  ✗ S1: Error processing WAB: cannot convert the series to <class 'float'>
    YFinance output for WAB: 1 Failed download:
['ATVI']: YFTzMissingError('possibly delisted; no timezone found')
    YFinance output for GT: 1 Failed download:
['NE']: YFPricesMissingError('possibly delisted; no price data found  (1d 2015-07-14 00:00:00 -> 2015-08-12) (Yahoo error = "Data doesn\'t exist for startDate = 1436846400, endDate = 1439352000")')
  ✓ S2: Long WAB (-7.23%), Short GT (0.00%)
      Combined: -3.62%, Portfolio: $1,506,100

97/223: 2019-03-14: Added=FOXA, Removed=FOXA
  Holding Period End Date: 2019-04-15
    YFinance output for FOXA: 1 Failed download:
['ESV']: YFTzMissingError('possibly delisted; no timezone found')
    Warning: No data found for FOXA
  ✗ S1: Insufficient data for FOXA
    YFinance output for FOXA: 1 Failed download:
['ALTR']: YFTzMissingError('possibly delisted; no timezone found')
    Warning: No data found for FOXA
    Warning: No data found for FOXA
  ✗ S2: Insufficient data for FOXA/FOXA

98/223: 2019-03-14: Added=FOX, Removed=FOX
  Holding Period End Date: 2019-04-15
  ✓ S1: FOX -7.17%, Portfolio: $9,548,656
    YFinance output for FOX: 1 Failed download:
['WLTW']: YFTzMissingError('possibly delisted; no timezone found')
  ✗ S2: Error processing FOX/FOX: cannot convert the series to <class 'float'>

99/223: 2019-03-26: Added=DOW, Removed=BHF
  Holding Period End Date: 2019-04-26
  ✓ S1: DOW -1.69%, Portfolio: $9,387,166
    YFinance output for DOW: 1 Failed download:
['JOY']: YFPricesMissingError('possibly delisted; no price data found  (1d 2015-09-30 00:00:00 -> 2015-10-29)')
    Warning: No data found for DOW
  ✗ S2: Insufficient data for DOW/BHF

100/223: 2019-05-28: Added=CTVA, Removed=FLR
  Holding Period End Date: 2019-06-27
  ✓ S1: CTVA -14.53%, Portfolio: $8,023,482
    YFinance output for CTVA: 2 Failed downloads:
['HCBK']: YFPricesMissingError('possibly delisted; no price data found  (1d 2015-10-27 00:00:00 -> 2015-11-25)')
['CXO']: YFTzMissingError('possibly delisted; no timezone found')
    Warning: No data found for CTVA
    YFinance output for FLR: 1 Failed download:
['CAM']: YFPricesMissingError('possibly delisted; no price data found  (1d 2016-03-28 00:00:00 -> 2016-04-21)')
    Warning: No data found for FLR
  ✗ S2: Insufficient data for CTVA/FLR

101/223: 2019-05-28: Added=DD, Removed=DWDP
  Holding Period End Date: 2019-06-27
    YFinance output for DD: 1 Failed download:
['CXO']: YFTzMissingError('possibly delisted; no timezone found')
  ✗ S1: Error processing DD: cannot convert the series to <class 'float'>
    YFinance output for DD: 1 Failed download:
['PCP']: YFPricesMissingError('possibly delisted; no price data found  (1d 2016-01-26 00:00:00 -> 2016-02-23) (Yahoo error = "Data doesn\'t exist for startDate = 1453784400, endDate = 1456203600")')

1 Failed download:
['PCP']: YFPricesMissingError('possibly delisted; no price data found  (1d 2016-01-26 00:00:00 -> 2016-02-23) (Yahoo error = "Data doesn\'t exist for startDate = 1453784400, endDate = 1456203600")')
    Warning: No data found for DD
  ✗ S2: Insufficient data for DD/DWDP

102/223: 2019-06-03: Added=BMS, Removed=MAT
  Holding Period End Date: 2019-07-03
    Warning: No data found for BMS
  ✗ S1: Insufficient data for BMS
    Warning: No data found for BMS
  ✗ S2: Insufficient data for BMS/MAT

103/223: 2019-06-03: Added=AMCR, Removed=BMS
  Holding Period End Date: 2019-07-03
    YFinance output for AMCR: 1 Failed download:
['CXO']: YFTzMissingError('possibly delisted; no timezone found')
    Warning: No data found for AMCR
  ✗ S1: Insufficient data for AMCR
    YFinance output for AMCR: 1 Failed download:
['PCL']: YFPricesMissingError('possibly delisted; no price data found  (1d 2016-02-16 00:00:00 -> 2016-03-14) (Yahoo error = "Data doesn\'t exist for startDate = 1455598800, endDate = 1457928000")')
    Warning: No data found for AMCR
    YFinance output for BMS: 1 Failed download:
['CXO']: YFTzMissingError('possibly delisted; no timezone found')
  ✗ S2: Insufficient data for AMCR/BMS

104/223: 2019-06-24: Added=MKTX, Removed=LLL
  Holding Period End Date: 2019-07-25
    YFinance output for MKTX: 1 Failed download:
['ADT']: YFPricesMissingError('possibly delisted; no price data found  (1d 2016-04-26 00:00:00 -> 2016-05-20) (Yahoo error = "Data doesn\'t exist for startDate = 1461643200, endDate = 1463716800")')

1 Failed download:
['ADT']: YFPricesMissingError('possibly delisted; no price data found  (1d 2016-04-26 00:00:00 -> 2016-05-20) (Yahoo error = "Data doesn\'t exist for startDate = 1461643200, endDate = 1463716800")')
    Warning: No data found for MKTX
  ✗ S1: Insufficient data for MKTX
    Warning: No data found for MKTX
    YFinance output for LLL: 1 Failed download:
['GMCR']: YFPricesMissingError('possibly delisted; no price data found  (1d 2016-03-04 00:00:00 -> 2016-04-01)')

1 Failed download:
['GMCR']: YFPricesMissingError('possibly delisted; no price data found  (1d 2016-03-04 00:00:00 -> 2016-04-01)')
    Warning: No data found for LLL
  ✗ S2: Insufficient data for MKTX/LLL

105/223: 2019-07-09: Added=TMUS, Removed=RHT
  Holding Period End Date: 2019-08-08
    Warning: No data found for TMUS
  ✗ S1: Insufficient data for TMUS
    YFinance output for TMUS: 1 Failed download:
['PCL']: YFPricesMissingError('possibly delisted; no price data found  (1d 2016-02-16 00:00:00 -> 2016-03-15) (Yahoo error = "Data doesn\'t exist for startDate = 1455598800, endDate = 1458014400")')
    Warning: No data found for TMUS
  ✗ S2: Insufficient data for TMUS/RHT

106/223: 2019-08-01: Added=IEX, Removed=FL
  Holding Period End Date: 2019-09-03
    YFinance output for IEX: 1 Failed download:
['TWC']: YFPricesMissingError('possibly delisted; no price data found  (1d 2016-05-13 00:00:00 -> 2016-06-09)')
  ✗ S1: Error processing IEX: cannot convert the series to <class 'float'>
  ✓ S2: Long IEX (10.41%), Short FL (-7.93%)
      Combined: 1.24%, Portfolio: $1,524,782

107/223: 2019-08-01: Added=LDOS, Removed=APC
  Holding Period End Date: 2019-09-03
  ✓ S1: LDOS 10.41%, Portfolio: $8,859,071
  ✗ S2: Error processing LDOS/APC: cannot convert the series to <class 'float'>

108/223: 2019-09-17: Added=CDW, Removed=TSS
  Holding Period End Date: 2019-10-17
  ✓ S1: CDW -14.77%, Portfolio: $7,550,373
    YFinance output for CDW: 2 Failed downloads:
['CAM']: YFPricesMissingError('possibly delisted; no price data found  (1d 2016-03-28 00:00:00 -> 2016-04-22)')
['POM']: YFPricesMissingError('possibly delisted; no price data found  (1d 2016-03-24 00:00:00 -> 2016-04-22)')
    Warning: No data found for CDW
  ✗ S2: Insufficient data for CDW/TSS

109/223: 2019-09-20: Added=NVR, Removed=JEF
  Holding Period End Date: 2019-10-22
    Warning: No data found for NVR
  ✗ S1: Insufficient data for NVR
    YFinance output for NVR: 1 Failed download:
['BRCM']: YFPricesMissingError('possibly delisted; no price data found  (1d 2016-01-22 00:00:00 -> 2016-02-23)')
    Warning: No data found for NVR
  ✗ S2: Insufficient data for NVR/JEF

110/223: 2019-09-20: Added=LVS, Removed=NKTR
  Holding Period End Date: 2019-10-22
  ✗ S1: Error processing LVS: cannot convert the series to <class 'float'>
    YFinance output for NKTR: 1 Failed download:
['BXLT']: YFPricesMissingError('possibly delisted; no price data found  (1d 2016-05-27 00:00:00 -> 2016-06-23)')
  ✓ S2: Long LVS (-3.07%), Short NKTR (-7.55%)
      Combined: -5.31%, Portfolio: $1,443,842

111/223: 2019-11-18: Added=NOW, Removed=CELG
  Holding Period End Date: 2019-12-19
  ✓ S1: NOW -11.46%, Portfolio: $6,684,814
    YFinance output for CELG: 1 Failed download:
['FBHS']: YFTzMissingError('possibly delisted; no timezone found')
    Warning: No data found for CELG
  ✗ S2: Insufficient data for NOW/CELG

112/223: 2019-11-27: Added=WRB, Removed=VIAB
  Holding Period End Date: 2019-12-31
    YFinance output for WRB: 1 Failed download:
['CVC']: YFPricesMissingError('possibly delisted; no price data found  (1d 2016-06-21 00:00:00 -> 2016-07-18)')

1 Failed download:
['CVC']: YFPricesMissingError('possibly delisted; no price data found  (1d 2016-06-21 00:00:00 -> 2016-07-18)')
    Warning: No data found for WRB
  ✗ S1: Insufficient data for WRB
    Warning: No data found for WRB
    YFinance output for VIAB: 1 Failed download:
['PCL']: YFPricesMissingError('possibly delisted; no price data found  (1d 2016-02-16 00:00:00 -> 2016-03-16) (Yahoo error = "Data doesn\'t exist for startDate = 1455598800, endDate = 1458100800")')
    Warning: No data found for VIAB
  ✗ S2: Insufficient data for WRB/VIAB

113/223: 2019-12-02: Added=ODFL, Removed=STI
  Holding Period End Date: 2020-01-03
    YFinance output for ODFL: 1 Failed download:
['GMCR']: YFPricesMissingError('possibly delisted; no price data found  (1d 2016-03-04 00:00:00 -> 2016-03-29)')

1 Failed download:
['GMCR']: YFPricesMissingError('possibly delisted; no price data found  (1d 2016-03-04 00:00:00 -> 2016-03-29)')
    Warning: No data found for ODFL
  ✗ S1: Insufficient data for ODFL
    Warning: No data found for ODFL
  ✗ S2: Insufficient data for ODFL/STI

114/223: 2019-12-13: Added=ZBRA, Removed=TRIP
  Holding Period End Date: 2020-01-16
  ✓ S1: ZBRA 5.07%, Portfolio: $7,023,662
  ✓ S2: Long ZBRA (5.07%), Short TRIP (-1.77%)
      Combined: 1.65%, Portfolio: $1,467,664

115/223: 2019-12-13: Added=LYV, Removed=AMG
  Holding Period End Date: 2020-01-16
  ✗ S1: Error processing LYV: cannot convert the series to <class 'float'>
    Warning: No data found for LYV
    YFinance output for AMG: 1 Failed download:
['ADT']: YFPricesMissingError('possibly delisted; no price data found  (1d 2016-04-26 00:00:00 -> 2016-05-24) (Yahoo error = "Data doesn\'t exist for startDate = 1461643200, endDate = 1464062400")')
  ✗ S2: Insufficient data for LYV/AMG

116/223: 2019-12-13: Added=STE, Removed=MAC
  Holding Period End Date: 2020-01-16
  ✓ S1: STE 10.93%, Portfolio: $7,791,496
    YFinance output for MAC: 1 Failed download:
['GMCR']: YFPricesMissingError('possibly delisted; no price data found  (1d 2016-03-04 00:00:00 -> 2016-04-05)')
    Warning: No data found for MAC
  ✗ S2: Insufficient data for STE/MAC

117/223: 2020-01-22: Added=PAYC, Removed=WCG
  Holding Period End Date: 2020-02-24
  ✓ S1: PAYC 1.46%, Portfolio: $7,904,986
    Warning: No data found for PAYC
    YFinance output for WCG: 1 Failed download:
['TWC']: YFPricesMissingError('possibly delisted; no price data found  (1d 2016-05-13 00:00:00 -> 2016-06-10)')
  ✗ S2: Insufficient data for PAYC/WCG

118/223: 2020-02-27: Added=IR, Removed=XEC
  Holding Period End Date: 2020-03-30
    YFinance output for IR: 1 Failed download:
['SNDK']: YFPricesMissingError('possibly delisted; no price data found  (1d 2016-05-10 00:00:00 -> 2016-06-08) (Yahoo error = "Data doesn\'t exist for startDate = 1462852800, endDate = 1465358400")')

1 Failed download:
['SNDK']: YFPricesMissingError('possibly delisted; no price data found  (1d 2016-05-10 00:00:00 -> 2016-06-08) (Yahoo error = "Data doesn\'t exist for startDate = 1462852800, endDate = 1465358400")')
    Warning: No data found for IR
  ✗ S1: Insufficient data for IR
    Warning: No data found for IR
    YFinance output for XEC: 1 Failed download:
['CHTR']: DNSError('Failed to perform, curl: (6) Could not resolve host: query2.finance.yahoo.com. See https://curl.se/libcurl/c/libcurl-errors.html first for more details.')

1 Failed download:
['CHTR']: DNSError('Failed to perform, curl: (6) Could not resolve host: query2.finance.yahoo.com. See https://curl.se/libcurl/c/libcurl-errors.html first for more details.')
    Warning: No data found for XEC
  ✗ S2: Insufficient data for IR/XEC

119/223: 2020-03-31: Added=nan, Removed=M
  Holding Period End Date: 2020-05-01

120/223: 2020-03-31: Added=nan, Removed=RTN
  Holding Period End Date: 2020-05-01

121/223: 2020-03-31: Added=CARR, Removed=nan
  Holding Period End Date: 2020-05-01
    YFinance output for CARR: 1 Failed download:
['ARG']: YFPricesMissingError('possibly delisted; no price data found  (1d 2016-05-18 00:00:00 -> 2016-06-15) (Yahoo error = "Data doesn\'t exist for startDate = 1463544000, endDate = 1465963200")')
    Warning: No data found for CARR
  ✗ S1: Insufficient data for CARR

122/223: 2020-03-31: Added=OTIS, Removed=nan
  Holding Period End Date: 2020-05-01
    YFinance output for OTIS: 1 Failed download:
['CCE']: YFPricesMissingError('possibly delisted; no price data found  (1d 2016-05-24 00:00:00 -> 2016-06-21)')
  ✗ S1: Error processing OTIS: cannot convert the series to <class 'float'>

123/223: 2020-05-05: Added=HWM, Removed=ARNC
  Holding Period End Date: 2020-06-05
    Warning: No data found for HWM
  ✗ S1: Insufficient data for HWM
    Warning: No data found for HWM
    YFinance output for ARNC: 2 Failed downloads:
['BXLT']: YFPricesMissingError('possibly delisted; no price data found  (1d 2016-05-27 00:00:00 -> 2016-06-24)')
['CAM']: YFPricesMissingError('possibly delisted; no price data found  (1d 2016-03-28 00:00:00 -> 2016-04-26)')
    Warning: No data found for ARNC
  ✗ S2: Insufficient data for HWM/ARNC

124/223: 2020-05-06: Added=DXCM, Removed=AGN
  Holding Period End Date: 2020-06-08
    YFinance output for DXCM: 1 Failed download:
['EMC']: YFPricesMissingError('possibly delisted; no price data found  (1d 2016-08-31 00:00:00 -> 2016-09-27) (Yahoo error = "Data doesn\'t exist for startDate = 1472616000, endDate = 1474948800")')

1 Failed download:
['EMC']: YFPricesMissingError('possibly delisted; no price data found  (1d 2016-08-31 00:00:00 -> 2016-09-27) (Yahoo error = "Data doesn\'t exist for startDate = 1472616000, endDate = 1474948800")')
    Warning: No data found for DXCM
  ✗ S1: Insufficient data for DXCM
    Warning: No data found for DXCM
  ✗ S2: Insufficient data for DXCM/AGN

125/223: 2020-05-06: Added=DPZ, Removed=CPRI
  Holding Period End Date: 2020-06-08
    YFinance output for DPZ: 1 Failed download:
['CVC']: YFPricesMissingError('possibly delisted; no price data found  (1d 2016-06-21 00:00:00 -> 2016-07-19)')
    Warning: No data found for DPZ
  ✗ S1: Insufficient data for DPZ
    Warning: No data found for DPZ
    YFinance output for CPRI: 1 Failed download:
['BXLT']: YFPricesMissingError('possibly delisted; no price data found  (1d 2016-05-27 00:00:00 -> 2016-06-27)')
    Warning: No data found for CPRI
  ✗ S2: Insufficient data for DPZ/CPRI

126/223: 2020-05-18: Added=WST, Removed=HP
  Holding Period End Date: 2020-06-18
  ✓ S1: WST 2.57%, Portfolio: $8,107,880
  ✗ S2: Error processing WST/HP: cannot convert the series to <class 'float'>

127/223: 2020-06-12: Added=BIO, Removed=ADS
  Holding Period End Date: 2020-07-15
    YFinance output for BIO: 1 Failed download:
['CPGX']: YFPricesMissingError('possibly delisted; no price data found  (1d 2016-06-23 00:00:00 -> 2016-07-21)')
    Warning: No data found for BIO
  ✗ S1: Insufficient data for BIO
    YFinance output for BIO: 1 Failed download:
['DO']: YFTzMissingError('possibly delisted; no timezone found')
    Warning: No data found for BIO
    YFinance output for ADS: 1 Failed download:
['CPGX']: YFPricesMissingError('possibly delisted; no price data found  (1d 2016-06-23 00:00:00 -> 2016-07-22)')

1 Failed download:
['CPGX']: YFPricesMissingError('possibly delisted; no price data found  (1d 2016-06-23 00:00:00 -> 2016-07-22)')
  ✗ S2: Insufficient data for BIO/ADS

128/223: 2020-06-12: Added=TDY, Removed=HOG
  Holding Period End Date: 2020-07-15
  ✓ S1: TDY 0.68%, Portfolio: $8,162,856
    YFinance output for TDY: 2 Failed downloads:
['TE']: YFPricesMissingError('possibly delisted; no price data found  (1d 2016-06-23 00:00:00 -> 2016-07-21) (Yahoo error = "Data doesn\'t exist for startDate = 1466654400, endDate = 1469073600")')
['ADT']: YFPricesMissingError('possibly delisted; no price data found  (1d 2016-04-26 00:00:00 -> 2016-05-18) (Yahoo error = "Data doesn\'t exist for startDate = 1461643200, endDate = 1463544000")')

2 Failed downloads:
['TE']: YFPricesMissingError('possibly delisted; no price data found  (1d 2016-06-23 00:00:00 -> 2016-07-21) (Yahoo error = "Data doesn\'t exist for startDate = 1466654400, endDate = 1469073600")')
['ADT']: YFPricesMissingError('possibly delisted; no price data found  (1d 2016-04-26 00:00:00 -> 2016-05-18) (Yahoo error = "Data doesn\'t exist for startDate = 1461643200, endDate = 1463544000")')
    Warning: No data found for TDY
  ✗ S2: Insufficient data for TDY/HOG

129/223: 2020-06-12: Added=TYL, Removed=JWN
  Holding Period End Date: 2020-07-15
    YFinance output for TYL: 1 Failed download:
['TE']: YFPricesMissingError('possibly delisted; no price data found  (1d 2016-06-23 00:00:00 -> 2016-07-22) (Yahoo error = "Data doesn\'t exist for startDate = 1466654400, endDate = 1469160000")')
    Warning: No data found for TYL
  ✗ S1: Insufficient data for TYL
    YFinance output for TYL: 1 Failed download:
['ADT']: YFPricesMissingError('possibly delisted; no price data found  (1d 2016-04-26 00:00:00 -> 2016-05-25) (Yahoo error = "Data doesn\'t exist for startDate = 1461643200, endDate = 1464148800")')
    Warning: No data found for TYL
  ✗ S2: Insufficient data for TYL/JWN

130/223: 2020-09-04: Added=CTLT, Removed=KSS
  Holding Period End Date: 2020-10-07
    YFinance output for CTLT: 1 Failed download:
['LM']: YFTzMissingError('possibly delisted; no timezone found')

1 Failed download:
['LM']: YFTzMissingError('possibly delisted; no timezone found')
    Warning: No data found for CTLT
  ✗ S1: Insufficient data for CTLT
  ✗ S2: Error processing CTLT/KSS: cannot convert the series to <class 'float'>

131/223: 2020-09-04: Added=ETSY, Removed=HRB
  Holding Period End Date: 2020-10-07
  ✓ S1: ETSY 7.11%, Portfolio: $8,743,037
    YFinance output for ETSY: 1 Failed download:
['SNDK']: YFPricesMissingError('possibly delisted; no price data found  (1d 2016-05-10 00:00:00 -> 2016-06-09) (Yahoo error = "Data doesn\'t exist for startDate = 1462852800, endDate = 1465444800")')

1 Failed download:
['SNDK']: YFPricesMissingError('possibly delisted; no price data found  (1d 2016-05-10 00:00:00 -> 2016-06-09) (Yahoo error = "Data doesn\'t exist for startDate = 1462852800, endDate = 1465444800")')
    Warning: No data found for ETSY
    Warning: No data found for HRB
  ✗ S2: Insufficient data for ETSY/HRB

132/223: 2020-09-04: Added=TER, Removed=COTY
  Holding Period End Date: 2020-10-07
    Warning: No data found for TER
  ✗ S1: Insufficient data for TER
  ✓ S2: Long TER (7.53%), Short COTY (-1.63%)
      Combined: 2.95%, Portfolio: $1,510,939

133/223: 2020-10-01: Added=POOL, Removed=ETFC
  Holding Period End Date: 2020-11-02
  ✓ S1: POOL -1.92%, Portfolio: $8,575,261
    Warning: No data found for POOL
    YFinance output for ETFC: 1 Failed download:
['EMC']: YFPricesMissingError('possibly delisted; no price data found  (1d 2016-08-31 00:00:00 -> 2016-09-29) (Yahoo error = "Data doesn\'t exist for startDate = 1472616000, endDate = 1475121600")')
    Warning: No data found for ETFC
  ✗ S2: Insufficient data for POOL/ETFC

134/223: 2020-10-05: Added=VNT, Removed=nan
  Holding Period End Date: 2020-11-04
  ✓ S1: VNT -7.46%, Portfolio: $7,935,685

135/223: 2020-10-05: Added=nan, Removed=NBL
  Holding Period End Date: 2020-11-04

136/223: 2020-12-11: Added=TSLA, Removed=AIV
  Holding Period End Date: 2021-01-14
  ✓ S1: TSLA -1.99%, Portfolio: $7,777,548
    YFinance output for TSLA: 1 Failed download:
['CCE']: YFPricesMissingError('possibly delisted; no price data found  (1d 2016-05-24 00:00:00 -> 2016-06-23)')
  ✗ S2: Error processing TSLA/AIV: cannot convert the series to <class 'float'>

137/223: 2020-12-30: Added=ENPH, Removed=TIF
  Holding Period End Date: 2021-02-02
  ✓ S1: ENPH -2.94%, Portfolio: $7,548,699
  ✓ S2: Long ENPH (-1.61%), Short TIF (-2.50%)
      Combined: -2.05%, Portfolio: $1,479,904

138/223: 2021-01-15: Added=TRMB, Removed=CXO
  Holding Period End Date: 2021-02-18
  ✓ S1: TRMB -1.61%, Portfolio: $7,427,492
    YFinance output for TRMB: 1 Failed download:
['LM']: YFTzMissingError('possibly delisted; no timezone found')

1 Failed download:
['LM']: YFTzMissingError('possibly delisted; no timezone found')
    Warning: No data found for TRMB
    Warning: No data found for CXO
  ✗ S2: Insufficient data for TRMB/CXO

139/223: 2021-02-08: Added=MPWR, Removed=FTI
  Holding Period End Date: 2021-03-11
    YFinance output for MPWR: 1 Failed download:
['LLTC']: YFPricesMissingError('possibly delisted; no price data found  (1d 2017-03-06 00:00:00 -> 2017-03-30)')

1 Failed download:
['LLTC']: YFPricesMissingError('possibly delisted; no price data found  (1d 2017-03-06 00:00:00 -> 2017-03-30)')
  ✗ S1: Error processing MPWR: cannot convert the series to <class 'float'>
    Warning: No data found for MPWR
    YFinance output for FTI: 1 Failed download:
['DISH']: YFTzMissingError('possibly delisted; no timezone found')

1 Failed download:
['DISH']: YFTzMissingError('possibly delisted; no timezone found')
    Warning: No data found for FTI
  ✗ S2: Insufficient data for MPWR/FTI

140/223: 2021-03-12: Added=CZR, Removed=VNT
  Holding Period End Date: 2021-04-14
    Warning: No data found for CZR
  ✗ S1: Insufficient data for CZR
    YFinance output for CZR: 1 Failed download:
['LM']: YFTzMissingError('possibly delisted; no timezone found')

1 Failed download:
['LM']: YFTzMissingError('possibly delisted; no timezone found')
    Warning: No data found for CZR
    Warning: No data found for VNT
  ✗ S2: Insufficient data for CZR/VNT

141/223: 2021-03-12: Added=PENN, Removed=SLG
  Holding Period End Date: 2021-04-14
    YFinance output for PENN: 1 Failed download:
['CVC']: YFPricesMissingError('possibly delisted; no price data found  (1d 2016-06-21 00:00:00 -> 2016-07-21)')

1 Failed download:
['CVC']: YFPricesMissingError('possibly delisted; no price data found  (1d 2016-06-21 00:00:00 -> 2016-07-21)')
    Warning: No data found for PENN
  ✗ S1: Insufficient data for PENN
  ✓ S2: Long PENN (4.02%), Short SLG (-13.34%)
      Combined: -4.66%, Portfolio: $1,410,921

142/223: 2021-03-12: Added=NXPI, Removed=FLS
  Holding Period End Date: 2021-04-14
    YFinance output for NXPI: 1 Failed download:
['SE']: YFPricesMissingError('possibly delisted; no price data found  (1d 2017-02-23 00:00:00 -> 2017-03-22) (Yahoo error = "Data doesn\'t exist for startDate = 1487826000, endDate = 1490155200")')
    Warning: No data found for NXPI
  ✗ S1: Insufficient data for NXPI
    YFinance output for NXPI: 1 Failed download:
['SE']: YFPricesMissingError('possibly delisted; no price data found  (1d 2017-02-23 00:00:00 -> 2017-03-22) (Yahoo error = "Data doesn\'t exist for startDate = 1487826000, endDate = 1490155200")')
  ✓ S2: Long NXPI (-0.45%), Short FLS (4.15%)
      Combined: 1.85%, Portfolio: $1,436,965

143/223: 2021-03-12: Added=GNRC, Removed=XRX
  Holding Period End Date: 2021-04-14
  ✓ S1: GNRC -0.45%, Portfolio: $7,393,798
  ✓ S2: Long GNRC (-8.69%), Short XRX (-0.72%)
      Combined: -4.70%, Portfolio: $1,369,378

144/223: 2021-04-15: Added=PTC, Removed=VAR
  Holding Period End Date: 2021-05-17
  ✗ S1: Error processing PTC: cannot convert the series to <class 'float'>
    YFinance output for PTC: 1 Failed download:
['DISH']: YFTzMissingError('possibly delisted; no timezone found')

1 Failed download:
['DISH']: YFTzMissingError('possibly delisted; no timezone found')
    Warning: No data found for PTC
    YFinance output for VAR: 2 Failed downloads:
['SE']: YFPricesMissingError('possibly delisted; no price data found  (1d 2017-02-23 00:00:00 -> 2017-03-23) (Yahoo error = "Data doesn\'t exist for startDate = 1487826000, endDate = 1490241600")')
['DISH']: YFTzMissingError('possibly delisted; no timezone found')
    Warning: No data found for VAR
  ✗ S2: Insufficient data for PTC/VAR

145/223: 2021-05-10: Added=CRL, Removed=FLIR
  Holding Period End Date: 2021-06-10
    YFinance output for CRL: 1 Failed download:
['ENDP']: YFTzMissingError('possibly delisted; no timezone found')
  ✗ S1: Error processing CRL: cannot convert the series to <class 'float'>
    Warning: No data found for FLIR
  ✗ S2: Insufficient data for CRL/FLIR

146/223: 2021-05-27: Added=OGN, Removed=nan
  Holding Period End Date: 2021-06-29
    YFinance output for OGN: 1 Failed download:
['TE']: YFPricesMissingError('possibly delisted; no price data found  (1d 2016-06-23 00:00:00 -> 2016-07-25) (Yahoo error = "Data doesn\'t exist for startDate = 1466654400, endDate = 1469419200")')
  ✓ S1: OGN 5.44%, Portfolio: $7,795,881

147/223: 2021-05-27: Added=nan, Removed=HFC
  Holding Period End Date: 2021-06-29

148/223: 2021-07-15: Added=MRNA, Removed=ALXN
  Holding Period End Date: 2021-08-16
  ✓ S1: MRNA 0.78%, Portfolio: $7,856,513
    YFinance output for MRNA: 1 Failed download:
['TYC']: YFPricesMissingError('possibly delisted; no price data found  (1d 2016-08-25 00:00:00 -> 2016-09-26)')
    Warning: No data found for MRNA
    YFinance output for ALXN: 1 Failed download:
['FTR']: YFTzMissingError('possibly delisted; no timezone found')

1 Failed download:
['FTR']: YFTzMissingError('possibly delisted; no timezone found')
    Warning: No data found for ALXN
  ✗ S2: Insufficient data for MRNA/ALXN

149/223: 2021-08-24: Added=TECH, Removed=MXIM
  Holding Period End Date: 2021-09-24
  ✓ S1: TECH -17.96%, Portfolio: $6,445,250
    YFinance output for MXIM: 1 Failed download:
['CDAY']: YFTzMissingError('possibly delisted; no timezone found')
    Warning: No data found for MXIM
  ✗ S2: Insufficient data for TECH/MXIM

150/223: 2021-09-03: Added=BRO, Removed=NOV
  Holding Period End Date: 2021-10-06
  ✓ S1: BRO 4.44%, Portfolio: $6,731,310
  ✓ S2: Long BRO (1.87%), Short NOV (2.62%)
      Combined: 2.24%, Portfolio: $1,400,085

151/223: 2021-09-03: Added=CDAY, Removed=UNM
  Holding Period End Date: 2021-10-06
    YFinance output for CDAY: 1 Failed download:
['EMC']: YFPricesMissingError('possibly delisted; no price data found  (1d 2016-08-31 00:00:00 -> 2016-09-30) (Yahoo error = "Data doesn\'t exist for startDate = 1472616000, endDate = 1475208000")')
    Warning: No data found for CDAY
  ✗ S1: Insufficient data for CDAY
  ✗ S2: Error processing CDAY/UNM: cannot convert the series to <class 'float'>

152/223: 2021-09-03: Added=MTCH, Removed=PRGO
  Holding Period End Date: 2021-10-06
    YFinance output for MTCH: 1 Failed download:
['INFO']: YFPricesMissingError('possibly delisted; no price data found  (1d 2017-05-24 00:00:00 -> 2017-06-20) (Yahoo error = "Data doesn\'t exist for startDate = 1495598400, endDate = 1497931200")')

1 Failed download:
['INFO']: YFPricesMissingError('possibly delisted; no price data found  (1d 2017-05-24 00:00:00 -> 2017-06-20) (Yahoo error = "Data doesn\'t exist for startDate = 1495598400, endDate = 1497931200")')
    Warning: No data found for MTCH
  ✗ S1: Insufficient data for MTCH
    Warning: No data found for MTCH
    Warning: No data found for PRGO
  ✗ S2: Insufficient data for MTCH/PRGO

153/223: 2021-12-03: Added=FDS, Removed=WU
  Holding Period End Date: 2022-01-05
  ✗ S1: Error processing FDS: cannot convert the series to <class 'float'>
  ✗ S2: Error processing FDS/WU: cannot convert the series to <class 'float'>

154/223: 2021-12-03: Added=SEDG, Removed=HBI
  Holding Period End Date: 2022-01-05
  ✓ S1: SEDG 9.58%, Portfolio: $7,376,470
  ✓ S2: Long SEDG (2.22%), Short HBI (-8.75%)
      Combined: -3.26%, Portfolio: $1,354,380

155/223: 2021-12-03: Added=SBNY, Removed=LEG
  Holding Period End Date: 2022-01-05
  ✓ S1: SBNY 2.08%, Portfolio: $7,529,599
  ✓ S2: Long SBNY (-11.36%), Short LEG (-2.03%)
      Combined: -6.70%, Portfolio: $1,263,661

156/223: 2021-12-07: Added=EPAM, Removed=KSU
  Holding Period End Date: 2022-01-07
  ✓ S1: EPAM 4.24%, Portfolio: $7,849,226
  ✓ S2: Long EPAM (4.83%), Short KSU (5.06%)
      Combined: 4.95%, Portfolio: $1,326,156

157/223: 2022-01-26: Added=CEG, Removed=nan
  Holding Period End Date: 2022-02-28
  ✓ S1: CEG -5.00%, Portfolio: $7,456,461

158/223: 2022-01-26: Added=nan, Removed=GPS
  Holding Period End Date: 2022-02-28

159/223: 2022-02-10: Added=NDSN, Removed=XLNX
  Holding Period End Date: 2022-03-15
    YFinance output for NDSN: 1 Failed download:
['DNB']: YFPricesMissingError('possibly delisted; no price data found  (1d 2017-03-29 00:00:00 -> 2017-04-26) (Yahoo error = "Data doesn\'t exist for startDate = 1490760000, endDate = 1493179200")')
    Warning: No data found for NDSN
  ✗ S1: Insufficient data for NDSN
    YFinance output for XLNX: 1 Failed download:
['SWN']: YFTzMissingError('possibly delisted; no timezone found')
    Warning: No data found for XLNX
  ✗ S2: Insufficient data for NDSN/XLNX

160/223: 2022-02-25: Added=MOH, Removed=INFO
  Holding Period End Date: 2022-03-29
    YFinance output for MOH: 2 Failed downloads:
['INFO']: YFPricesMissingError('possibly delisted; no price data found  (1d 2017-05-24 00:00:00 -> 2017-06-21) (Yahoo error = "Data doesn\'t exist for startDate = 1495598400, endDate = 1498017600")')
['YHOO']: YFTzMissingError('possibly delisted; no timezone found')

2 Failed downloads:
['INFO']: YFPricesMissingError('possibly delisted; no price data found  (1d 2017-05-24 00:00:00 -> 2017-06-21) (Yahoo error = "Data doesn\'t exist for startDate = 1495598400, endDate = 1498017600")')
['YHOO']: YFTzMissingError('possibly delisted; no timezone found')
    Warning: No data found for MOH
  ✗ S1: Insufficient data for MOH
    Warning: No data found for MOH
  ✗ S2: Insufficient data for MOH/INFO

161/223: 2022-03-29: Added=CPT, Removed=PBCT
  Holding Period End Date: 2022-04-29
    YFinance output for CPT: 1 Failed download:
['RE']: YFTzMissingError('possibly delisted; no timezone found')
    Warning: No data found for CPT
  ✗ S1: Insufficient data for CPT
    YFinance output for PBCT: 1 Failed download:
['INFO']: YFPricesMissingError('possibly delisted; no price data found  (1d 2017-05-24 00:00:00 -> 2017-06-22) (Yahoo error = "Data doesn\'t exist for startDate = 1495598400, endDate = 1498104000")')
    Warning: No data found for PBCT
  ✗ S2: Insufficient data for CPT/PBCT

162/223: 2022-04-07: Added=WBD, Removed=DISCA
  Holding Period End Date: 2022-05-10
    Warning: No data found for WBD
  ✗ S1: Insufficient data for WBD
  ✗ S2: Error processing WBD/DISCA: cannot convert the series to <class 'float'>

163/223: 2022-04-07: Added=nan, Removed=DISCK
  Holding Period End Date: 2022-05-10

164/223: 2022-06-03: Added=VICI, Removed=CERN
  Holding Period End Date: 2022-07-07
  ✓ S1: VICI -0.19%, Portfolio: $7,442,206
    Warning: No data found for CERN
  ✗ S2: Insufficient data for VICI/CERN

165/223: 2022-06-03: Added=ON, Removed=IPGP
  Holding Period End Date: 2022-07-07
  ✗ S1: Error processing ON: cannot convert the series to <class 'float'>
    YFinance output for ON: 1 Failed download:
['RE']: YFTzMissingError('possibly delisted; no timezone found')

1 Failed download:
['RE']: YFTzMissingError('possibly delisted; no timezone found')
  ✗ S2: Error processing ON/IPGP: cannot convert the series to <class 'float'>

166/223: 2022-06-03: Added=KDP, Removed=UAA
  Holding Period End Date: 2022-07-07
    YFinance output for KDP: 1 Failed download:
['RE']: YFTzMissingError('possibly delisted; no timezone found')
  ✗ S1: Error processing KDP: cannot convert the series to <class 'float'>
    YFinance output for UAA: 1 Failed download:
['MNK']: YFTzMissingError('possibly delisted; no timezone found')

1 Failed download:
['MNK']: YFTzMissingError('possibly delisted; no timezone found')
    Warning: No data found for UAA
  ✗ S2: Insufficient data for KDP/UAA

167/223: 2022-06-03: Added=nan, Removed=UA
  Holding Period End Date: 2022-07-07

168/223: 2022-09-02: Added=CSGP, Removed=PVH
  Holding Period End Date: 2022-10-05
  ✓ S1: CSGP -4.77%, Portfolio: $7,087,109
    YFinance output for CSGP: 1 Failed download:
['LLTC']: YFPricesMissingError('possibly delisted; no price data found  (1d 2017-03-06 00:00:00 -> 2017-04-04)')
    Warning: No data found for CSGP
  ✗ S2: Insufficient data for CSGP/PVH

169/223: 2022-09-02: Added=INVH, Removed=PENN
  Holding Period End Date: 2022-10-05
    YFinance output for INVH: 1 Failed download:
['BHI']: YFPricesMissingError('possibly delisted; no price data found  (1d 2017-06-30 00:00:00 -> 2017-07-28) (Yahoo error = "Data doesn\'t exist for startDate = 1498795200, endDate = 1501214400")')
    Warning: No data found for INVH
  ✗ S1: Insufficient data for INVH
    YFinance output for INVH: 1 Failed download:
['RAI']: YFPricesMissingError('possibly delisted; no price data found  (1d 2017-07-19 00:00:00 -> 2017-08-15)')
    Warning: No data found for INVH
  ✗ S2: Insufficient data for INVH/PENN

170/223: 2022-09-23: Added=PCG, Removed=CTXS
  Holding Period End Date: 2022-10-25
  ✓ S1: PCG -6.53%, Portfolio: $6,624,200
    YFinance output for CTXS: 1 Failed download:
['RAI']: YFPricesMissingError('possibly delisted; no price data found  (1d 2017-07-19 00:00:00 -> 2017-08-16)')
  ✗ S2: Error processing PCG/CTXS: cannot convert the series to <class 'float'>

171/223: 2022-09-23: Added=EQT, Removed=DRE
  Holding Period End Date: 2022-10-25
  ✓ S1: EQT 9.04%, Portfolio: $7,223,064
    Warning: No data found for DRE
  ✗ S2: Insufficient data for EQT/DRE

172/223: 2022-10-06: Added=TRGP, Removed=NLSN
  Holding Period End Date: 2022-11-07
    YFinance output for TRGP: 1 Failed download:
['DRE']: YFTzMissingError('possibly delisted; no timezone found')
    Warning: No data found for TRGP
  ✗ S1: Insufficient data for TRGP
  ✗ S2: Error processing TRGP/NLSN: cannot convert the series to <class 'float'>

173/223: 2022-10-27: Added=ACGL, Removed=TWTR
  Holding Period End Date: 2022-11-29
  ✓ S1: ACGL -14.17%, Portfolio: $6,199,797
  ✓ S2: Long ACGL (-11.28%), Short TWTR (6.10%)
      Combined: -2.59%, Portfolio: $1,291,778

174/223: 2022-12-12: Added=FSLR, Removed=FBHS
  Holding Period End Date: 2023-01-13
  ✓ S1: FSLR -1.04%, Portfolio: $6,135,296
    Warning: No data found for FBHS
  ✗ S2: Insufficient data for FSLR/FBHS

175/223: 2022-12-12: Added=nan, Removed=MBC
  Holding Period End Date: 2023-01-13

176/223: 2022-12-12: Added=MBC, Removed=nan
  Holding Period End Date: 2023-01-13
  ✓ S1: MBC -4.10%, Portfolio: $5,884,009

177/223: 2022-12-19: Added=STLD, Removed=ABMD
  Holding Period End Date: 2023-01-23
    Warning: No data found for STLD
  ✗ S1: Insufficient data for STLD
    Warning: No data found for STLD
  ✗ S2: Insufficient data for STLD/ABMD

178/223: 2022-12-28: Added=GEHC, Removed=nan
  Holding Period End Date: 2023-01-31
  ✗ S1: Error processing GEHC: cannot convert the series to <class 'float'>

179/223: 2022-12-28: Added=nan, Removed=VNO
  Holding Period End Date: 2023-01-31

180/223: 2023-03-03: Added=FICO, Removed=LUMN
  Holding Period End Date: 2023-04-04
    YFinance output for FICO: 2 Failed downloads:
['SWN']: YFTzMissingError('possibly delisted; no timezone found')
['DNB']: YFPricesMissingError('possibly delisted; no price data found  (1d 2017-03-29 00:00:00 -> 2017-04-28) (Yahoo error = "Data doesn\'t exist for startDate = 1490760000, endDate = 1493352000")')
    Warning: No data found for FICO
  ✗ S1: Insufficient data for FICO
    Warning: No data found for LUMN
  ✗ S2: Insufficient data for FICO/LUMN

181/223: 2023-03-10: Added=PODD, Removed=SIVB
  Holding Period End Date: 2023-04-12
    YFinance output for PODD: 1 Failed download:
['INFO']: YFPricesMissingError('possibly delisted; no price data found  (1d 2017-05-24 00:00:00 -> 2017-06-23) (Yahoo error = "Data doesn\'t exist for startDate = 1495598400, endDate = 1498190400")')
    Warning: No data found for PODD
  ✗ S1: Insufficient data for PODD
    Warning: No data found for SIVB
  ✗ S2: Insufficient data for PODD/SIVB

182/223: 2023-03-13: Added=BG, Removed=SBNY
  Holding Period End Date: 2023-04-13
    YFinance output for BG: 1 Failed download:
['DOW']: YFPricesMissingError('possibly delisted; no price data found  (1d 2017-08-24 00:00:00 -> 2017-09-20) (Yahoo error = "Data doesn\'t exist for startDate = 1503547200, endDate = 1505880000")')
    Warning: No data found for BG
  ✗ S1: Insufficient data for BG
    Warning: No data found for BG
    YFinance output for SBNY: 1 Failed download:
['WFM']: YFPricesMissingError('possibly delisted; no price data found  (1d 2017-08-24 00:00:00 -> 2017-09-22)')
    Warning: No data found for SBNY
  ✗ S2: Insufficient data for BG/SBNY

183/223: 2023-05-01: Added=AXON, Removed=FRC
  Holding Period End Date: 2023-06-01
  ✓ S1: AXON 1.83%, Portfolio: $5,991,925
    YFinance output for AXON: 1 Failed download:
['WFM']: YFPricesMissingError('possibly delisted; no price data found  (1d 2017-08-24 00:00:00 -> 2017-09-21)')

1 Failed download:
['WFM']: YFPricesMissingError('possibly delisted; no price data found  (1d 2017-08-24 00:00:00 -> 2017-09-21)')
    Warning: No data found for AXON
  ✗ S2: Insufficient data for AXON/FRC

184/223: 2023-06-02: Added=PANW, Removed=DISH
  Holding Period End Date: 2023-07-06
  ✓ S1: PANW -0.61%, Portfolio: $5,955,533
  ✗ S2: Error processing PANW/DISH: cannot convert the series to <class 'float'>

185/223: 2023-08-21: Added=nan, Removed=TEL
  Holding Period End Date: 2023-09-21

186/223: 2023-08-21: Added=KVUE, Removed=AAP
  Holding Period End Date: 2023-09-21
    YFinance output for KVUE: 1 Failed download:
['DWDP']: YFTzMissingError('possibly delisted; no timezone found')
  ✗ S1: Error processing KVUE: cannot convert the series to <class 'float'>
    YFinance output for KVUE: 1 Failed download:
['DWDP']: YFTzMissingError('possibly delisted; no timezone found')
    YFinance output for AAP: 2 Failed downloads:
['LVLT']: YFPricesMissingError('possibly delisted; no price data found  (1d 2017-10-04 00:00:00 -> 2017-10-30)')
['DWDP']: YFTzMissingError('possibly delisted; no timezone found')
  ✗ S2: Error processing KVUE/AAP: cannot convert the series to <class 'float'>

187/223: 2023-08-21: Added=PCS, Removed=nan
  Holding Period End Date: 2023-09-21
  ✓ S1: PCS 2.55%, Portfolio: $6,107,522

188/223: 2023-09-14: Added=BX, Removed=LNC
  Holding Period End Date: 2023-10-16
  ✓ S1: BX -6.14%, Portfolio: $5,732,289
    YFinance output for BX: 1 Failed download:
['YHOO']: YFTzMissingError('possibly delisted; no timezone found')
    Warning: No data found for BX
    Warning: No data found for LNC
  ✗ S2: Insufficient data for BX/LNC

189/223: 2023-09-14: Added=ABNB, Removed=NWL
  Holding Period End Date: 2023-10-16
  ✓ S1: ABNB 3.36%, Portfolio: $5,925,009
    YFinance output for ABNB: 1 Failed download:
['RE']: YFTzMissingError('possibly delisted; no timezone found')
    Warning: No data found for ABNB
  ✗ S2: Insufficient data for ABNB/NWL

190/223: 2023-09-28: Added=VLTO, Removed=nan
  Holding Period End Date: 2023-10-30
    Warning: No data found for VLTO
  ✗ S1: Insufficient data for VLTO

191/223: 2023-09-28: Added=nan, Removed=DXC
  Holding Period End Date: 2023-10-30

192/223: 2023-10-13: Added=LULU, Removed=ATVI
  Holding Period End Date: 2023-11-14
    Warning: No data found for LULU
  ✗ S1: Insufficient data for LULU
    Warning: No data found for LULU
  ✗ S2: Insufficient data for LULU/ATVI

193/223: 2023-10-13: Added=HUBB, Removed=OGN
  Holding Period End Date: 2023-11-14
  ✓ S1: HUBB -4.67%, Portfolio: $5,648,606
    Warning: No data found for HUBB
    YFinance output for OGN: 1 Failed download:
['RAI']: YFPricesMissingError('possibly delisted; no price data found  (1d 2017-07-19 00:00:00 -> 2017-08-17)')
    Warning: No data found for OGN
  ✗ S2: Insufficient data for HUBB/OGN

194/223: 2023-12-01: Added=UBER, Removed=SEE
  Holding Period End Date: 2024-01-04
    Warning: No data found for UBER
  ✗ S1: Insufficient data for UBER
    YFinance output for UBER: 1 Failed download:
['PDCO']: YFTzMissingError('possibly delisted; no timezone found')
    Warning: No data found for UBER
  ✗ S2: Insufficient data for UBER/SEE

195/223: 2023-12-01: Added=BLDR, Removed=SEDG
  Holding Period End Date: 2024-01-04
  ✓ S1: BLDR -18.85%, Portfolio: $4,583,891
    Warning: No data found for BLDR
  ✗ S2: Insufficient data for BLDR/SEDG

196/223: 2023-12-01: Added=JBL, Removed=ALK
  Holding Period End Date: 2024-01-04
  ✓ S1: JBL -7.77%, Portfolio: $4,227,741
    YFinance output for ALK: 1 Failed download:
['MNK']: YFTzMissingError('possibly delisted; no timezone found')
    Warning: No data found for ALK
  ✗ S2: Insufficient data for JBL/ALK

197/223: 2024-03-01: Added=SMCI, Removed=WHR
  Holding Period End Date: 2024-04-03
  ✓ S1: SMCI -13.36%, Portfolio: $3,663,080
    YFinance output for SMCI: 1 Failed download:
['SIVB']: YFTzMissingError('possibly delisted; no timezone found')

1 Failed download:
['SIVB']: YFTzMissingError('possibly delisted; no timezone found')
    Warning: No data found for SMCI
    Warning: No data found for WHR
  ✗ S2: Insufficient data for SMCI/WHR

198/223: 2024-03-01: Added=DECK, Removed=ZION
  Holding Period End Date: 2024-04-03
    YFinance output for DECK: 1 Failed download:
['ABMD']: YFTzMissingError('possibly delisted; no timezone found')
  ✓ S1: DECK -3.16%, Portfolio: $3,547,437
  ✓ S2: Long DECK (-3.16%), Short ZION (0.90%)
      Combined: -1.13%, Portfolio: $1,277,188

199/223: 2024-03-27: Added=SOLV, Removed=nan
  Holding Period End Date: 2024-04-29
    YFinance output for SOLV: 1 Failed download:
['CHK']: YFTzMissingError('possibly delisted; no timezone found')

1 Failed download:
['CHK']: YFTzMissingError('possibly delisted; no timezone found')
  ✗ S1: Error processing SOLV: cannot convert the series to <class 'float'>

200/223: 2024-03-27: Added=GEV, Removed=nan
  Holding Period End Date: 2024-04-29
    YFinance output for GEV: 1 Failed download:
['ABMD']: YFTzMissingError('possibly delisted; no timezone found')
    Warning: No data found for GEV
  ✗ S1: Insufficient data for GEV

201/223: 2024-03-27: Added=nan, Removed=XRAY
  Holding Period End Date: 2024-04-29

202/223: 2024-03-27: Added=nan, Removed=VFC
  Holding Period End Date: 2024-04-29

203/223: 2024-05-03: Added=VST, Removed=PXD
  Holding Period End Date: 2024-06-05
    YFinance output for VST: 3 Failed downloads:
['DRE', 'TWTR', 'SIVB']: YFTzMissingError('possibly delisted; no timezone found')

3 Failed downloads:
['DRE', 'TWTR', 'SIVB']: YFTzMissingError('possibly delisted; no timezone found')
    Warning: No data found for VST
  ✗ S1: Insufficient data for VST
    Warning: No data found for PXD
  ✗ S2: Insufficient data for VST/PXD

204/223: 2024-06-07: Added=KKR, Removed=RHI
  Holding Period End Date: 2024-07-11
    Warning: No data found for KKR
  ✗ S1: Insufficient data for KKR
    YFinance output for RHI: 1 Failed download:
['TWTR']: YFTzMissingError('possibly delisted; no timezone found')
    Warning: No data found for RHI
  ✗ S2: Insufficient data for KKR/RHI

205/223: 2024-06-07: Added=CRWD, Removed=CMA
  Holding Period End Date: 2024-07-11
    YFinance output for CRWD: 1 Failed download:
['HFC']: YFTzMissingError('possibly delisted; no timezone found')
    Warning: No data found for CRWD
  ✗ S1: Insufficient data for CRWD
    YFinance output for CRWD: 2 Failed downloads:
['Q']: YFPricesMissingError('possibly delisted; no price data found  (1d 2017-08-24 00:00:00 -> 2017-09-25)')
['ABMD']: YFTzMissingError('possibly delisted; no timezone found')
    YFinance output for CMA: 1 Failed download:
['Q']: YFPricesMissingError('possibly delisted; no price data found  (1d 2017-08-24 00:00:00 -> 2017-09-25)')

1 Failed download:
['Q']: YFPricesMissingError('possibly delisted; no price data found  (1d 2017-08-24 00:00:00 -> 2017-09-25)')
    Warning: No data found for CMA
  ✗ S2: Insufficient data for CRWD/CMA

206/223: 2024-06-07: Added=GDDY, Removed=ILMN
  Holding Period End Date: 2024-07-11
  ✓ S1: GDDY -2.04%, Portfolio: $3,474,909
    YFinance output for GDDY: 1 Failed download:
['FLT']: YFTzMissingError('possibly delisted; no timezone found')
    Warning: No data found for GDDY
    YFinance output for ILMN: 1 Failed download:
['FLT']: YFTzMissingError('possibly delisted; no timezone found')
    Warning: No data found for ILMN
  ✗ S2: Insufficient data for GDDY/ILMN

207/223: 2024-09-06: Added=ERIE, Removed=BIO
  Holding Period End Date: 2024-10-08
    YFinance output for ERIE: 1 Failed download:
['WFM']: YFPricesMissingError('possibly delisted; no price data found  (1d 2017-08-24 00:00:00 -> 2017-09-25)')

1 Failed download:
['WFM']: YFPricesMissingError('possibly delisted; no price data found  (1d 2017-08-24 00:00:00 -> 2017-09-25)')
  ✗ S1: Error processing ERIE: cannot convert the series to <class 'float'>
    Warning: No data found for ERIE
  ✗ S2: Insufficient data for ERIE/BIO

208/223: 2024-09-06: Added=DELL, Removed=ETSY
  Holding Period End Date: 2024-10-08
  ✓ S1: DELL 1.42%, Portfolio: $3,524,380
    YFinance output for DELL: 1 Failed download:
['FLT']: YFTzMissingError('possibly delisted; no timezone found')
  ✗ S2: Error processing DELL/ETSY: cannot convert the series to <class 'float'>

209/223: 2024-09-06: Added=PLTR, Removed=AAL
  Holding Period End Date: 2024-10-08
  ✓ S1: PLTR -5.47%, Portfolio: $3,331,706
  ✓ S2: Long PLTR (-5.47%), Short AAL (0.07%)
      Combined: -2.70%, Portfolio: $1,242,716

210/223: 2024-09-24: Added=AMTM, Removed=nan
  Holding Period End Date: 2024-10-24
    YFinance output for AMTM: 1 Failed download:
['WCG']: YFTzMissingError('possibly delisted; no timezone found')
  ✓ S1: AMTM -9.59%, Portfolio: $3,012,293

211/223: 2024-09-24: Added=nan, Removed=BBWI
  Holding Period End Date: 2024-10-24

212/223: 2024-11-21: Added=TPL, Removed=MRO
  Holding Period End Date: 2024-12-24
    YFinance output for TPL: 2 Failed downloads:
['DOW']: YFPricesMissingError('possibly delisted; no price data found  (1d 2017-08-24 00:00:00 -> 2017-09-25) (Yahoo error = "Data doesn\'t exist for startDate = 1503547200, endDate = 1506312000")')
['DWDP']: YFTzMissingError('possibly delisted; no timezone found')
  ✓ S1: TPL 4.57%, Portfolio: $3,150,026
  ✗ S2: Error processing TPL/MRO: cannot convert the series to <class 'float'>

213/223: 2024-12-06: Added=WDAY, Removed=AMTM
  Holding Period End Date: 2025-01-10
  ✗ S1: Error processing WDAY: cannot convert the series to <class 'float'>
    YFinance output for AMTM: 1 Failed download:
['XL']: YFTzMissingError('possibly delisted; no timezone found')
  ✗ S2: Error processing WDAY/AMTM: cannot convert the series to <class 'float'>

214/223: 2024-12-06: Added=APO, Removed=QRVO
  Holding Period End Date: 2025-01-10
    Warning: No data found for APO
  ✗ S1: Insufficient data for APO
  ✓ S2: Long APO (3.45%), Short QRVO (22.78%)
      Combined: 13.11%, Portfolio: $1,405,662

215/223: 2024-12-18: Added=LII, Removed=CTLT
  Holding Period End Date: 2025-01-23
  ✓ S1: LII -8.77%, Portfolio: $2,873,744
    YFinance output for CTLT: 1 Failed download:
['DPS']: YFPricesMissingError('possibly delisted; no price data found  (1d 2018-06-25 00:00:00 -> 2018-07-23)')
    Warning: No data found for CTLT
  ✗ S2: Insufficient data for LII/CTLT

216/223: 2025-03-07: Added=EXE, Removed=FMC
  Holding Period End Date: 2025-04-08
  ✗ S1: Error processing EXE: cannot convert the series to <class 'float'>
    YFinance output for EXE: 1 Failed download:
['WCG']: YFTzMissingError('possibly delisted; no timezone found')

1 Failed download:
['WCG']: YFTzMissingError('possibly delisted; no timezone found')
    Warning: No data found for EXE
    YFinance output for FMC: 1 Failed download:
['XL']: YFTzMissingError('possibly delisted; no timezone found')
    Warning: No data found for FMC
  ✗ S2: Insufficient data for EXE/FMC

217/223: 2025-03-07: Added=WSM, Removed=CE
  Holding Period End Date: 2025-04-08
    YFinance output for WSM: 2 Failed downloads:
['SRCL', 'MXIM']: YFTzMissingError('possibly delisted; no timezone found')
    Warning: No data found for WSM
  ✗ S1: Insufficient data for WSM
    YFinance output for WSM: 1 Failed download:
['SNI']: YFPricesMissingError('possibly delisted; no price data found  (1d 2018-03-02 00:00:00 -> 2018-04-03)')

1 Failed download:
['SNI']: YFPricesMissingError('possibly delisted; no price data found  (1d 2018-03-02 00:00:00 -> 2018-04-03)')
    Warning: No data found for WSM
    Warning: No data found for CE
  ✗ S2: Insufficient data for WSM/CE

218/223: 2025-03-07: Added=TKO, Removed=TFX
  Holding Period End Date: 2025-04-08
  ✓ S1: TKO -8.67%, Portfolio: $2,624,522
  ✗ S2: Error processing TKO/TFX: cannot convert the series to <class 'float'>

219/223: 2025-03-07: Added=DASH, Removed=BWA
  Holding Period End Date: 2025-04-08
  ✓ S1: DASH 3.97%, Portfolio: $2,728,805
    YFinance output for BWA: 1 Failed download:
['TWTR']: YFTzMissingError('possibly delisted; no timezone found')
  ✗ S2: Error processing DASH/BWA: cannot convert the series to <class 'float'>

220/223: 2025-05-12: Added=COIN, Removed=DFS
  Holding Period End Date: 2025-06-12
    YFinance output for COIN: 2 Failed downloads:
['SIVB', 'CHK']: YFTzMissingError('possibly delisted; no timezone found')
    Warning: No data found for COIN
  ✗ S1: Insufficient data for COIN
  ✓ S2: Long COIN (0.47%), Short DFS (7.58%)
      Combined: 4.02%, Portfolio: $1,462,237

221/223: 2025-07-02: Added=DDOG, Removed=JNPR
  Holding Period End Date: 2025-08-04
    YFinance output for DDOG: 1 Failed download:
['SIVB']: YFTzMissingError('possibly delisted; no timezone found')
    Warning: No data found for DDOG
  ✗ S1: Insufficient data for DDOG
    YFinance output for DDOG: 1 Failed download:
['CA']: YFPricesMissingError('possibly delisted; no price data found  (1d 2018-10-30 00:00:00 -> 2018-11-27) (Yahoo error = "Data doesn\'t exist for startDate = 1540872000, endDate = 1543294800")')
    Warning: No data found for DDOG
    YFinance output for JNPR: 1 Failed download:
['PDCO']: YFTzMissingError('possibly delisted; no timezone found')
    Warning: No data found for JNPR
  ✗ S2: Insufficient data for DDOG/JNPR

222/223: 2025-07-14: Added=TTD, Removed=ANSS
  Holding Period End Date: 2025-08-13
  ✓ S1: TTD -0.63%, Portfolio: $2,711,585
    YFinance output for TTD: 1 Failed download:
['FRC']: YFTzMissingError('possibly delisted; no timezone found')
    Warning: No data found for TTD
    YFinance output for ANSS: 1 Failed download:
['FRC']: YFTzMissingError('possibly delisted; no timezone found')
    Warning: No data found for ANSS
  ✗ S2: Insufficient data for TTD/ANSS

223/223: 2025-07-18: Added=XYZ, Removed=HES
  Holding Period End Date: 2025-08-19
  ✓ S1: XYZ -2.05%, Portfolio: $2,655,997
    YFinance output for XYZ: 1 Failed download:
['ABMD']: YFTzMissingError('possibly delisted; no timezone found')
    Warning: No data found for XYZ
    YFinance output for HES: 1 Failed download:
['SRCL']: YFTzMissingError('possibly delisted; no timezone found')
  ✗ S2: Insufficient data for XYZ/HES

============================================================
FINAL RESULTS
Strategy 1: 110 successful trades, Final: $2,655,997 (165.60%)
Strategy 2: 60 successful trades, Final: $1,462,237 (46.22%)
Completed: 2025-08-31 18:17:09
