S&P 500 Index Update Trading Strategy Analysis
Holding Period: 6 trading days
Date Range: 2015-07-02 to 2025-07-18
Timestamp: 2025-08-31 17:14:29
============================================================

1/223: 2015-07-02: Added=KHC, Removed=KRFT
  Holding Period End Date: 2015-07-13
  ✓ S1: KHC 6.91%, Portfolio: $1,069,079
  ✓ S2: Long KHC (2.52%), Short KRFT (-6.46%)
      Combined: -1.97%, Portfolio: $980,302

2/223: 2015-07-06: Added=AAP, Removed=FDO
  Holding Period End Date: 2015-07-14
    YFinance output for AAP: 1 Failed download:
['KHC']: YFPricesMissingError('possibly delisted; no price data found  (1d 2015-07-02 00:00:00 -> 2015-07-06) (Yahoo error = "Data doesn\'t exist for startDate = 1435809600, endDate = 1436155200")')

1 Failed download:
['KHC']: YFPricesMissingError('possibly delisted; no price data found  (1d 2015-07-02 00:00:00 -> 2015-07-06) (Yahoo error = "Data doesn\'t exist for startDate = 1435809600, endDate = 1436155200")')

1 Failed download:
['KHC']: YFPricesMissingError('possibly delisted; no price data found  (1d 2015-07-02 00:00:00 -> 2015-07-06) (Yahoo error = "Data doesn\'t exist for startDate = 1435809600, endDate = 1436155200")')
    Warning: No data found for AAP
  ✗ S1: Insufficient data for AAP
    Warning: No data found for AAP
    Warning: No data found for FDO
  ✗ S2: Insufficient data for AAP/FDO

3/223: 2015-07-14: Added=PYPL, Removed=NE
  Holding Period End Date: 2015-07-22
  ✓ S1: PYPL -0.83%, Portfolio: $1,060,247
  ✗ S2: Error processing PYPL/NE: cannot convert the series to <class 'float'>

4/223: 2015-07-24: Added=SIG, Removed=DTV
  Holding Period End Date: 2015-08-03
    Warning: No data found for SIG
  ✗ S1: Insufficient data for SIG
  ✓ S2: Long SIG (2.32%), Short DTV (-3.48%)
      Combined: -0.58%, Portfolio: $974,618

5/223: 2015-08-27: Added=ATVI, Removed=PLL
  Holding Period End Date: 2015-09-04
    Warning: No data found for ATVI
  ✗ S1: Insufficient data for ATVI
    Warning: No data found for ATVI
  ✗ S2: Insufficient data for ATVI/PLL

6/223: 2015-08-27: Added=UAL, Removed=HSP
  Holding Period End Date: 2015-09-04
  ✓ S1: UAL 3.95%, Portfolio: $1,102,163
    Warning: No data found for HSP
  ✗ S2: Insufficient data for UAL/HSP

7/223: 2015-09-30: Added=VRSK, Removed=JOY
  Holding Period End Date: 2015-10-08
  ✓ S1: VRSK 4.60%, Portfolio: $1,152,899
    YFinance output for VRSK: 1 Failed download:
['NE']: YFPricesMissingError('possibly delisted; no price data found  (1d 2015-07-14 00:00:00 -> 2015-07-22) (Yahoo error = "Data doesn\'t exist for startDate = 1436846400, endDate = 1437537600")')
    Warning: No data found for VRSK
  ✗ S2: Insufficient data for VRSK/JOY

8/223: 2015-10-27: Added=HPE, Removed=HCBK
  Holding Period End Date: 2015-11-04
  ✓ S1: HPE 0.33%, Portfolio: $1,156,703
    Warning: No data found for HPE
    Warning: No data found for HCBK
  ✗ S2: Insufficient data for HPE/HCBK

9/223: 2015-11-09: Added=SYF, Removed=GNW
  Holding Period End Date: 2015-11-17
  ✓ S1: SYF -2.00%, Portfolio: $1,133,577
    Warning: No data found for GNW
  ✗ S2: Insufficient data for SYF/GNW

10/223: 2015-11-12: Added=ILMN, Removed=SIAL
  Holding Period End Date: 2015-11-20
  ✓ S1: ILMN 0.40%, Portfolio: $1,138,162
  ✗ S2: Error processing ILMN/SIAL: cannot convert the series to <class 'float'>

11/223: 2015-11-23: Added=CSRA, Removed=CSC
  Holding Period End Date: 2015-12-02
    Warning: No data found for CSRA
  ✗ S1: Insufficient data for CSRA
    Warning: No data found for CSRA
  ✗ S2: Insufficient data for CSRA/CSC

12/223: 2015-12-15: Added=nan, Removed=CMCSK
  Holding Period End Date: 2015-12-23

13/223: 2015-12-22: Added=CHD, Removed=ALTR
  Holding Period End Date: 2015-12-31
    YFinance output for CHD: 1 Failed download:
['PLL']: YFPricesMissingError('possibly delisted; no price data found  (1d 2015-08-27 00:00:00 -> 2015-09-09) (Yahoo error = "Data doesn\'t exist for startDate = 1440648000, endDate = 1441771200")')
  ✓ S1: CHD 6.24%, Portfolio: $1,209,190
  ✓ S2: Long CHD (7.37%), Short ALTR (-6.34%)
      Combined: 0.51%, Portfolio: $979,629

14/223: 2015-12-28: Added=WLTW, Removed=FOSL
  Holding Period End Date: 2016-01-06
    YFinance output for WLTW: 1 Failed download:
['NE']: YFPricesMissingError('possibly delisted; no price data found  (1d 2015-07-14 00:00:00 -> 2015-07-17) (Yahoo error = "Data doesn\'t exist for startDate = 1436846400, endDate = 1437105600")')

1 Failed download:
['NE']: YFPricesMissingError('possibly delisted; no price data found  (1d 2015-07-14 00:00:00 -> 2015-07-17) (Yahoo error = "Data doesn\'t exist for startDate = 1436846400, endDate = 1437105600")')
    Warning: No data found for WLTW
  ✗ S1: Insufficient data for WLTW
    Warning: No data found for WLTW
    YFinance output for FOSL: 1 Failed download:
['FDO']: YFPricesMissingError('possibly delisted; no price data found  (1d 2015-07-06 00:00:00 -> 2015-07-16)')
  ✗ S2: Insufficient data for WLTW/FOSL

15/223: 2016-01-13: Added=EXR, Removed=ACE
  Holding Period End Date: 2016-01-22
  ✓ S1: EXR 9.51%, Portfolio: $1,324,203
  ✓ S2: Long EXR (10.15%), Short ACE (-9.07%)
      Combined: 0.54%, Portfolio: $984,920

16/223: 2016-01-22: Added=FRT, Removed=BRCM
  Holding Period End Date: 2016-02-01
  ✓ S1: FRT 9.35%, Portfolio: $1,448,006
  ✓ S2: Long FRT (9.51%), Short BRCM (15.15%)
      Combined: 12.33%, Portfolio: $1,106,387

17/223: 2016-01-26: Added=CFG, Removed=PCP
  Holding Period End Date: 2016-02-03
  ✓ S1: CFG 10.15%, Portfolio: $1,594,941
    Warning: No data found for CFG
    YFinance output for PCP: 1 Failed download:
['JOY']: YFPricesMissingError('possibly delisted; no price data found  (1d 2015-09-30 00:00:00 -> 2015-10-02)')
    Warning: No data found for PCP
  ✗ S2: Insufficient data for CFG/PCP

18/223: 2016-02-16: Added=CXO, Removed=PCL
  Holding Period End Date: 2016-02-24
    YFinance output for CXO: 1 Failed download:
['JOY']: YFPricesMissingError('possibly delisted; no price data found  (1d 2015-09-30 00:00:00 -> 2015-10-12)')
    Warning: No data found for CXO
  ✗ S1: Insufficient data for CXO
    YFinance output for CXO: 1 Failed download:
['JOY']: YFPricesMissingError('possibly delisted; no price data found  (1d 2015-09-30 00:00:00 -> 2015-10-13)')

1 Failed download:
['JOY']: YFPricesMissingError('possibly delisted; no price data found  (1d 2015-09-30 00:00:00 -> 2015-10-13)')

1 Failed download:
['JOY']: YFPricesMissingError('possibly delisted; no price data found  (1d 2015-09-30 00:00:00 -> 2015-10-13)')

1 Failed download:
['JOY']: YFPricesMissingError('possibly delisted; no price data found  (1d 2015-09-30 00:00:00 -> 2015-10-13)')

1 Failed download:
['JOY']: YFPricesMissingError('possibly delisted; no price data found  (1d 2015-09-30 00:00:00 -> 2015-10-13)')
    Warning: No data found for PCL
  ✗ S2: Insufficient data for CXO/PCL

19/223: 2016-03-01: Added=AWK, Removed=CNX
  Holding Period End Date: 2016-03-09
  ✓ S1: AWK 3.50%, Portfolio: $1,650,709
  ✓ S2: Long AWK (-8.71%), Short CNX (9.54%)
      Combined: 0.42%, Portfolio: $1,110,983

20/223: 2016-03-04: Added=UDR, Removed=GMCR
  Holding Period End Date: 2016-03-14
  ✓ S1: UDR -5.97%, Portfolio: $1,552,235
  ✓ S2: Long UDR (-6.42%), Short GMCR (15.15%)
      Combined: 4.37%, Portfolio: $1,159,493

21/223: 2016-03-24: Added=CNC, Removed=ESV
  Holding Period End Date: 2016-04-04
    Warning: No data found for CNC
  ✗ S1: Insufficient data for CNC
  ✓ S2: Long CNC (-4.43%), Short ESV (6.86%)
      Combined: 1.22%, Portfolio: $1,173,601

22/223: 2016-03-24: Added=HOLX, Removed=POM
  Holding Period End Date: 2016-04-04
    YFinance output for HOLX: 1 Failed download:
['HCBK']: YFPricesMissingError('possibly delisted; no price data found  (1d 2015-10-27 00:00:00 -> 2015-11-02)')

1 Failed download:
['HCBK']: YFPricesMissingError('possibly delisted; no price data found  (1d 2015-10-27 00:00:00 -> 2015-11-02)')

1 Failed download:
['HCBK']: YFPricesMissingError('possibly delisted; no price data found  (1d 2015-10-27 00:00:00 -> 2015-11-02)')

1 Failed download:
['HCBK']: YFPricesMissingError('possibly delisted; no price data found  (1d 2015-10-27 00:00:00 -> 2015-11-02)')

1 Failed download:
['HCBK']: YFPricesMissingError('possibly delisted; no price data found  (1d 2015-10-27 00:00:00 -> 2015-11-02)')
  ✗ S1: Error processing HOLX: cannot convert the series to <class 'float'>
    YFinance output for HOLX: 1 Failed download:
['HCBK']: YFPricesMissingError('possibly delisted; no price data found  (1d 2015-10-27 00:00:00 -> 2015-11-03)')

1 Failed download:
['HCBK']: YFPricesMissingError('possibly delisted; no price data found  (1d 2015-10-27 00:00:00 -> 2015-11-03)')
  ✓ S2: Long HOLX (-5.97%), Short POM (6.34%)
      Combined: 0.19%, Portfolio: $1,175,822

23/223: 2016-03-28: Added=FL, Removed=CAM
  Holding Period End Date: 2016-04-05
  ✓ S1: FL -4.89%, Portfolio: $1,476,341
  ✓ S2: Long FL (-5.97%), Short CAM (5.14%)
      Combined: -0.41%, Portfolio: $1,170,972

24/223: 2016-04-07: Added=ULTA, Removed=THC
  Holding Period End Date: 2016-04-15
  ✓ S1: ULTA -6.15%, Portfolio: $1,385,545
  ✗ S2: Error processing ULTA/THC: cannot convert the series to <class 'float'>

25/223: 2016-04-19: Added=GPN, Removed=GME
  Holding Period End Date: 2016-04-27
  ✓ S1: GPN 12.20%, Portfolio: $1,554,514
    Warning: No data found for GME
  ✗ S2: Insufficient data for GPN/GME

26/223: 2016-04-26: Added=AYI, Removed=ADT
  Holding Period End Date: 2016-05-04
  ✓ S1: AYI 12.20%, Portfolio: $1,744,089
    Warning: No data found for ADT
  ✗ S2: Insufficient data for AYI/ADT

27/223: 2016-05-10: Added=ALK, Removed=SNDK
  Holding Period End Date: 2016-05-18
    YFinance output for ALK: 1 Failed download:
['SIAL']: YFPricesMissingError('possibly delisted; no price data found  (1d 2015-11-12 00:00:00 -> 2015-11-17)')
  ✓ S1: ALK 13.54%, Portfolio: $1,980,241
    Warning: No data found for ALK
  ✗ S2: Insufficient data for ALK/SNDK

28/223: 2016-05-13: Added=DLR, Removed=TWC
  Holding Period End Date: 2016-05-23
  ✓ S1: DLR -5.21%, Portfolio: $1,877,110
  ✓ S2: Long DLR (-6.35%), Short TWC (5.49%)
      Combined: -0.43%, Portfolio: $1,165,971

29/223: 2016-05-18: Added=LKQ, Removed=ARG
  Holding Period End Date: 2016-05-26
  ✓ S1: LKQ -5.21%, Portfolio: $1,779,350
  ✓ S2: Long LKQ (0.00%), Short ARG (0.00%)
      Combined: 0.00%, Portfolio: $1,165,971

30/223: 2016-05-24: Added=AJG, Removed=CCE
  Holding Period End Date: 2016-06-02
  ✓ S1: AJG 0.00%, Portfolio: $1,779,350
    Warning: No data found for AJG
  ✗ S2: Insufficient data for AJG/CCE

31/223: 2016-05-27: Added=TDG, Removed=BXLT
  Holding Period End Date: 2016-06-07
  ✓ S1: TDG -0.53%, Portfolio: $1,769,965
    Warning: No data found for TDG
    Warning: No data found for BXLT
  ✗ S2: Insufficient data for TDG/BXLT

32/223: 2016-06-21: Added=FBHS, Removed=CVC
  Holding Period End Date: 2016-06-29
  ✓ S1: FBHS 0.00%, Portfolio: $1,769,965
    Warning: No data found for FBHS
    Warning: No data found for CVC
  ✗ S2: Insufficient data for FBHS/CVC

33/223: 2016-06-23: Added=FTV, Removed=CPGX
  Holding Period End Date: 2016-07-01
    Warning: No data found for FTV
  ✗ S1: Insufficient data for FTV
  ✓ S2: Long FTV (3.29%), Short CPGX (2.52%)
      Combined: 2.90%, Portfolio: $1,199,809

34/223: 2016-06-23: Added=ALB, Removed=TE
  Holding Period End Date: 2016-07-01
  ✓ S1: ALB -2.60%, Portfolio: $1,723,912
  ✓ S2: Long ALB (-2.46%), Short TE (9.92%)
      Combined: 3.73%, Portfolio: $1,244,558

35/223: 2016-06-29: Added=LNT, Removed=GAS
  Holding Period End Date: 2016-07-08
  ✓ S1: LNT -6.54%, Portfolio: $1,611,146
    Warning: No data found for LNT
    Warning: No data found for GAS
  ✗ S2: Insufficient data for LNT/GAS

36/223: 2016-08-25: Added=MTD, Removed=TYC
  Holding Period End Date: 2016-09-02
  ✗ S1: Error processing MTD: cannot convert the series to <class 'float'>
    Warning: No data found for MTD
  ✗ S2: Insufficient data for MTD/TYC

37/223: 2016-08-31: Added=CHTR, Removed=EMC
  Holding Period End Date: 2016-09-09
  ✗ S1: Error processing CHTR: cannot convert the series to <class 'float'>
  ✗ S2: Error processing CHTR/EMC: cannot convert the series to <class 'float'>

38/223: 2016-09-10: Added=COO, Removed=HOT
  Holding Period End Date: 2016-09-20
  ✓ S1: COO -1.46%, Portfolio: $1,587,562
    Warning: No data found for HOT
  ✗ S2: Insufficient data for COO/HOT

39/223: 2016-09-27: Added=COTY, Removed=DO
  Holding Period End Date: 2016-10-05
    YFinance output for COTY: 1 Failed download:
['BRCM']: YFPricesMissingError('possibly delisted; no price data found  (1d 2016-01-22 00:00:00 -> 2016-01-28)')

1 Failed download:
['BRCM']: YFPricesMissingError('possibly delisted; no price data found  (1d 2016-01-22 00:00:00 -> 2016-01-28)')
  ✗ S1: Error processing COTY: cannot convert the series to <class 'float'>
    YFinance output for COTY: 1 Failed download:
['BRCM']: YFPricesMissingError('possibly delisted; no price data found  (1d 2016-01-22 00:00:00 -> 2016-01-28)')
    Warning: No data found for DO
  ✗ S2: Insufficient data for COTY/DO

40/223: 2016-11-29: Added=MAA, Removed=OI
  Holding Period End Date: 2016-12-07
  ✓ S1: MAA -0.71%, Portfolio: $1,576,369
    Warning: No data found for MAA
    Warning: No data found for OI
  ✗ S2: Insufficient data for MAA/OI

41/223: 2016-11-29: Added=EVHC, Removed=LM
  Holding Period End Date: 2016-12-07
    Warning: No data found for EVHC
  ✗ S1: Insufficient data for EVHC
    Warning: No data found for EVHC
  ✗ S2: Insufficient data for EVHC/LM

42/223: 2017-01-03: Added=IDXX, Removed=STJ
  Holding Period End Date: 2017-01-11
    YFinance output for IDXX: 1 Failed download:
['CXO']: YFTzMissingError('possibly delisted; no timezone found')

1 Failed download:
['CXO']: YFTzMissingError('possibly delisted; no timezone found')
    Warning: No data found for IDXX
  ✗ S1: Insufficient data for IDXX
    Warning: No data found for IDXX
    YFinance output for STJ: 1 Failed download:
['PCL']: YFPricesMissingError('possibly delisted; no price data found  (1d 2016-02-16 00:00:00 -> 2016-02-24) (Yahoo error = "Data doesn\'t exist for startDate = 1455598800, endDate = 1456290000")')

1 Failed download:
['PCL']: YFPricesMissingError('possibly delisted; no price data found  (1d 2016-02-16 00:00:00 -> 2016-02-24) (Yahoo error = "Data doesn\'t exist for startDate = 1455598800, endDate = 1456290000")')

1 Failed download:
['PCL']: YFPricesMissingError('possibly delisted; no price data found  (1d 2016-02-16 00:00:00 -> 2016-02-24) (Yahoo error = "Data doesn\'t exist for startDate = 1455598800, endDate = 1456290000")')

1 Failed download:
['PCL']: YFPricesMissingError('possibly delisted; no price data found  (1d 2016-02-16 00:00:00 -> 2016-02-24) (Yahoo error = "Data doesn\'t exist for startDate = 1455598800, endDate = 1456290000")')
    Warning: No data found for STJ
  ✗ S2: Insufficient data for IDXX/STJ

43/223: 2017-02-23: Added=INCY, Removed=SE
  Holding Period End Date: 2017-03-03
  ✓ S1: INCY 3.12%, Portfolio: $1,625,615
    Warning: No data found for INCY
    YFinance output for SE: 1 Failed download:
['PCL']: YFPricesMissingError('possibly delisted; no price data found  (1d 2016-02-16 00:00:00 -> 2016-02-19) (Yahoo error = "Data doesn\'t exist for startDate = 1455598800, endDate = 1455858000")')

1 Failed download:
['PCL']: YFPricesMissingError('possibly delisted; no price data found  (1d 2016-02-16 00:00:00 -> 2016-02-19) (Yahoo error = "Data doesn\'t exist for startDate = 1455598800, endDate = 1455858000")')
    Warning: No data found for SE
  ✗ S2: Insufficient data for INCY/SE

44/223: 2017-02-23: Added=CBOE, Removed=PBI
  Holding Period End Date: 2017-03-03
  ✓ S1: CBOE 28.84%, Portfolio: $2,094,439
  ✗ S2: Error processing CBOE/PBI: cannot convert the series to <class 'float'>

45/223: 2017-02-23: Added=REG, Removed=ENDP
  Holding Period End Date: 2017-03-03
  ✓ S1: REG 16.91%, Portfolio: $2,448,526
  ✓ S2: Long REG (-3.72%), Short ENDP (-3.01%)
      Combined: -3.37%, Portfolio: $1,202,676

46/223: 2017-03-06: Added=DISH, Removed=LLTC
  Holding Period End Date: 2017-03-14
    Warning: No data found for DISH
  ✗ S1: Insufficient data for DISH
  ✓ S2: Long DISH (1.78%), Short LLTC (-2.82%)
      Combined: -0.52%, Portfolio: $1,196,422

47/223: 2017-03-10: Added=ARE, Removed=FSLR
  Holding Period End Date: 2017-03-20
  ✓ S1: ARE 2.91%, Portfolio: $2,519,672
  ✗ S2: Insufficient data for ARE/FSLR

48/223: 2017-03-10: Added=RJF, Removed=FTR
  Holding Period End Date: 2017-03-20
    Warning: No data found for RJF
  ✗ S1: Insufficient data for RJF
  ✓ S2: Long RJF (-3.72%), Short FTR (-2.44%)
      Combined: -3.08%, Portfolio: $1,159,575

49/223: 2017-03-10: Added=AMD, Removed=URBN
  Holding Period End Date: 2017-03-20
  ✓ S1: AMD 0.44%, Portfolio: $2,530,675
  ✓ S2: Long AMD (-2.08%), Short URBN (-0.43%)
      Combined: -1.26%, Portfolio: $1,144,990

50/223: 2017-03-13: Added=SNPS, Removed=HAR
  Holding Period End Date: 2017-03-21
  ✓ S1: SNPS 0.44%, Portfolio: $2,541,726
    YFinance output for SNPS: 2 Failed downloads:
['ESV']: YFTzMissingError('possibly delisted; no timezone found')
['POM']: YFPricesMissingError('possibly delisted; no price data found  (1d 2016-03-24 00:00:00 -> 2016-04-05)')

2 Failed downloads:
['ESV']: YFTzMissingError('possibly delisted; no timezone found')
['POM']: YFPricesMissingError('possibly delisted; no price data found  (1d 2016-03-24 00:00:00 -> 2016-04-05)')
  ✓ S2: Long SNPS (0.44%), Short HAR (3.82%)
      Combined: 2.13%, Portfolio: $1,169,369

51/223: 2017-03-28: Added=DXC, Removed=SWN
  Holding Period End Date: 2017-04-05
  ✓ S1: DXC 0.73%, Portfolio: $2,560,225
  ✗ S2: Insufficient data for DXC/SWN

52/223: 2017-03-29: Added=IT, Removed=DNB
  Holding Period End Date: 2017-04-06
  ✗ S1: Insufficient data for IT
    YFinance output for DNB: 1 Failed download:
['POM']: YFPricesMissingError('possibly delisted; no price data found  (1d 2016-03-24 00:00:00 -> 2016-03-30)')
  ✓ S2: Long IT (-3.68%), Short DNB (2.27%)
      Combined: -0.70%, Portfolio: $1,161,146

53/223: 2017-05-24: Added=INFO, Removed=TGNA
  Holding Period End Date: 2017-06-02
    YFinance output for INFO: 1 Failed download:
['POM']: YFPricesMissingError('possibly delisted; no price data found  (1d 2016-03-24 00:00:00 -> 2016-04-06)')
    Warning: No data found for INFO
  ✗ S1: Insufficient data for INFO
    Warning: No data found for INFO
  ✗ S2: Insufficient data for INFO/TGNA

54/223: 2017-06-09: Added=ANSS, Removed=R
  Holding Period End Date: 2017-06-19
  ✓ S1: ANSS 5.12%, Portfolio: $2,691,322
    Warning: No data found for ANSS
  ✗ S2: Insufficient data for ANSS/R

55/223: 2017-06-09: Added=ALGN, Removed=TDC
  Holding Period End Date: 2017-06-19
  ✓ S1: ALGN 3.29%, Portfolio: $2,779,915
  ✓ S2: Long ALGN (3.29%), Short TDC (-3.95%)
      Combined: -0.33%, Portfolio: $1,157,333

56/223: 2017-06-09: Added=HLT, Removed=YHOO
  Holding Period End Date: 2017-06-19
  ✓ S1: HLT 0.57%, Portfolio: $2,795,789
  ✓ S2: Long HLT (4.11%), Short YHOO (-1.62%)
      Combined: 1.25%, Portfolio: $1,171,742

57/223: 2017-06-12: Added=RE, Removed=MJN
  Holding Period End Date: 2017-06-20
  ✓ S1: RE -2.42%, Portfolio: $2,728,267
    Warning: No data found for RE
  ✗ S2: Insufficient data for RE/MJN

58/223: 2017-06-30: Added=BKR, Removed=BHI
  Holding Period End Date: 2017-07-11
  ✓ S1: BKR 5.06%, Portfolio: $2,866,283
  ✓ S2: Long BKR (-4.45%), Short BHI (4.60%)
      Combined: 0.08%, Portfolio: $1,172,638

59/223: 2017-07-19: Added=MGM, Removed=RAI
  Holding Period End Date: 2017-07-27
  ✓ S1: MGM -5.58%, Portfolio: $2,706,473
  ✓ S2: Long MGM (-4.40%), Short RAI (-1.07%)
      Combined: -2.73%, Portfolio: $1,140,573

60/223: 2017-07-19: Added=RMD, Removed=MNK
  Holding Period End Date: 2017-07-27
  ✗ S1: Error processing RMD: cannot convert the series to <class 'float'>
    Warning: No data found for RMD
    Warning: No data found for MNK
  ✗ S2: Insufficient data for RMD/MNK

61/223: 2017-07-19: Added=PKG, Removed=MUR
  Holding Period End Date: 2017-07-27
  ✓ S1: PKG 2.68%, Portfolio: $2,779,034
    Warning: No data found for MUR
  ✗ S2: Insufficient data for PKG/MUR

62/223: 2017-07-19: Added=AOS, Removed=BBBY
  Holding Period End Date: 2017-07-27
  ✓ S1: AOS -4.91%, Portfolio: $2,642,618
    Warning: No data found for AOS
    Warning: No data found for BBBY
  ✗ S2: Insufficient data for AOS/BBBY

63/223: 2017-07-19: Added=DRE, Removed=RIG
  Holding Period End Date: 2017-07-27
  ✓ S1: DRE -5.58%, Portfolio: $2,495,279
  ✓ S2: Long DRE (-5.58%), Short RIG (4.15%)
      Combined: -0.71%, Portfolio: $1,132,419

64/223: 2017-07-31: Added=BHF, Removed=AN
  Holding Period End Date: 2017-08-08
    YFinance output for BHF: 1 Failed download:
['SNDK']: YFPricesMissingError('possibly delisted; no price data found  (1d 2016-05-10 00:00:00 -> 2016-05-23) (Yahoo error = "Data doesn\'t exist for startDate = 1462852800, endDate = 1463976000")')

1 Failed download:
['SNDK']: YFPricesMissingError('possibly delisted; no price data found  (1d 2016-05-10 00:00:00 -> 2016-05-23) (Yahoo error = "Data doesn\'t exist for startDate = 1462852800, endDate = 1463976000")')

1 Failed download:
['SNDK']: YFPricesMissingError('possibly delisted; no price data found  (1d 2016-05-10 00:00:00 -> 2016-05-23) (Yahoo error = "Data doesn\'t exist for startDate = 1462852800, endDate = 1463976000")')
    Warning: No data found for BHF
  ✗ S1: Insufficient data for BHF
    Warning: No data found for BHF
    YFinance output for AN: 2 Failed downloads:
['Q']: YFPricesMissingError('possibly delisted; no price data found  (1d 2017-08-24 00:00:00 -> 2017-08-28)')
['TWC']: YFPricesMissingError('possibly delisted; no price data found  (1d 2016-05-13 00:00:00 -> 2016-05-17)')
  ✗ S2: Insufficient data for BHF/AN

65/223: 2017-08-24: Added=Q, Removed=WFM
  Holding Period End Date: 2017-09-01
  ✓ S1: Q 0.84%, Portfolio: $2,516,339
    Warning: No data found for Q
    YFinance output for WFM: 1 Failed download:
['TWC']: YFPricesMissingError('possibly delisted; no price data found  (1d 2016-05-13 00:00:00 -> 2016-05-26)')
    Warning: No data found for WFM
  ✗ S2: Insufficient data for Q/WFM

66/223: 2017-08-24: Added=SBAC, Removed=DD
  Holding Period End Date: 2017-09-01
  ✗ S1: Error processing SBAC: cannot convert the series to <class 'float'>
    Warning: No data found for DD
  ✗ S2: Insufficient data for SBAC/DD

67/223: 2017-08-24: Added=DWDP, Removed=DOW
  Holding Period End Date: 2017-09-01
    Warning: No data found for DWDP
  ✗ S1: Insufficient data for DWDP
    Warning: No data found for DWDP
    YFinance output for DOW: 1 Failed download:
['TWC']: YFPricesMissingError('possibly delisted; no price data found  (1d 2016-05-13 00:00:00 -> 2016-05-23)')

1 Failed download:
['TWC']: YFPricesMissingError('possibly delisted; no price data found  (1d 2016-05-13 00:00:00 -> 2016-05-23)')
    Warning: No data found for DOW
  ✗ S2: Insufficient data for DWDP/DOW

68/223: 2017-08-24: Added=CDNS, Removed=SPLS
  Holding Period End Date: 2017-09-01
  ✓ S1: CDNS 4.18%, Portfolio: $2,621,527
    Warning: No data found for CDNS
    YFinance output for SPLS: 1 Failed download:
['TWC']: YFPricesMissingError('possibly delisted; no price data found  (1d 2016-05-13 00:00:00 -> 2016-05-18)')

1 Failed download:
['TWC']: YFPricesMissingError('possibly delisted; no price data found  (1d 2016-05-13 00:00:00 -> 2016-05-18)')
    Warning: No data found for SPLS
  ✗ S2: Insufficient data for CDNS/SPLS

69/223: 2017-10-04: Added=NCLH, Removed=LVLT
  Holding Period End Date: 2017-10-12
    Warning: No data found for NCLH
  ✗ S1: Insufficient data for NCLH
    YFinance output for NCLH: 1 Failed download:
['CCE']: YFPricesMissingError('possibly delisted; no price data found  (1d 2016-05-24 00:00:00 -> 2016-05-26)')

1 Failed download:
['CCE']: YFPricesMissingError('possibly delisted; no price data found  (1d 2016-05-24 00:00:00 -> 2016-05-26)')
    Warning: No data found for LVLT
  ✗ S2: Insufficient data for NCLH/LVLT

70/223: 2017-12-28: Added=HII, Removed=BCR
  Holding Period End Date: 2018-01-08
    Warning: No data found for HII
  ✗ S1: Insufficient data for HII
    Warning: No data found for HII
    Warning: No data found for BCR
  ✗ S2: Insufficient data for HII/BCR

71/223: 2018-03-02: Added=IPGP, Removed=SNI
  Holding Period End Date: 2018-03-12
    YFinance output for IPGP: 1 Failed download:
['FBHS']: YFTzMissingError('possibly delisted; no timezone found')

1 Failed download:
['FBHS']: YFTzMissingError('possibly delisted; no timezone found')

1 Failed download:
['FBHS']: YFTzMissingError('possibly delisted; no timezone found')

1 Failed download:
['FBHS']: YFTzMissingError('possibly delisted; no timezone found')

1 Failed download:
['FBHS']: YFTzMissingError('possibly delisted; no timezone found')

1 Failed download:
['FBHS']: YFTzMissingError('possibly delisted; no timezone found')
    Warning: No data found for IPGP
  ✗ S1: Insufficient data for IPGP
    Warning: No data found for SNI
  ✗ S2: Insufficient data for IPGP/SNI

72/223: 2018-03-09: Added=TTWO, Removed=SIG
  Holding Period End Date: 2018-03-19
    Warning: No data found for TTWO
  ✗ S1: Insufficient data for TTWO
    Warning: No data found for TTWO
    Warning: No data found for SIG
  ✗ S2: Insufficient data for TTWO/SIG

73/223: 2018-03-09: Added=NKTR, Removed=CHK
  Holding Period End Date: 2018-03-19
    Warning: No data found for NKTR
  ✗ S1: Insufficient data for NKTR
    Warning: No data found for NKTR
    Warning: No data found for CHK
  ✗ S2: Insufficient data for NKTR/CHK

74/223: 2018-03-09: Added=SIVB, Removed=PDCO
  Holding Period End Date: 2018-03-19
    YFinance output for SIVB: 1 Failed download:
['FTV']: YFPricesMissingError('possibly delisted; no price data found  (1d 2016-06-23 00:00:00 -> 2016-06-29) (Yahoo error = "Data doesn\'t exist for startDate = 1466654400, endDate = 1467172800")')

1 Failed download:
['FTV']: YFPricesMissingError('possibly delisted; no price data found  (1d 2016-06-23 00:00:00 -> 2016-06-29) (Yahoo error = "Data doesn\'t exist for startDate = 1466654400, endDate = 1467172800")')

1 Failed download:
['FTV']: YFPricesMissingError('possibly delisted; no price data found  (1d 2016-06-23 00:00:00 -> 2016-06-29) (Yahoo error = "Data doesn\'t exist for startDate = 1466654400, endDate = 1467172800")')

1 Failed download:
['FTV']: YFPricesMissingError('possibly delisted; no price data found  (1d 2016-06-23 00:00:00 -> 2016-06-29) (Yahoo error = "Data doesn\'t exist for startDate = 1466654400, endDate = 1467172800")')
    Warning: No data found for SIVB
  ✗ S1: Insufficient data for SIVB
    Warning: No data found for SIVB
  ✗ S2: Insufficient data for SIVB/PDCO

75/223: 2018-03-28: Added=MSCI, Removed=CSRA
  Holding Period End Date: 2018-04-06
  ✗ S1: Insufficient data for MSCI
    Warning: No data found for CSRA
  ✗ S2: Insufficient data for MSCI/CSRA

76/223: 2018-05-25: Added=ABMD, Removed=WYN
  Holding Period End Date: 2018-06-05
  ✓ S1: ABMD 6.45%, Portfolio: $2,790,658
    Warning: No data found for WYN
  ✗ S2: Insufficient data for ABMD/WYN

77/223: 2018-05-31: Added=EVRG, Removed=NAVI
  Holding Period End Date: 2018-06-08
    Warning: No data found for EVRG
  ✗ S1: Insufficient data for EVRG
  ✗ S2: Error processing EVRG/NAVI: cannot convert the series to <class 'float'>

78/223: 2018-06-04: Added=TWTR, Removed=MON
  Holding Period End Date: 2018-06-12
    Warning: No data found for TWTR
  ✗ S1: Insufficient data for TWTR
  ✓ S2: Long TWTR (1.83%), Short MON (-1.80%)
      Combined: 0.02%, Portfolio: $1,132,606

79/223: 2018-06-08: Added=HFC, Removed=AYI
  Holding Period End Date: 2018-06-18
    YFinance output for HFC: 1 Failed download:
['TYC']: YFPricesMissingError('possibly delisted; no price data found  (1d 2016-08-25 00:00:00 -> 2016-09-01)')
  ✓ S1: HFC 0.81%, Portfolio: $2,813,163
    Warning: No data found for HFC
    YFinance output for AYI: 1 Failed download:
['TYC']: YFPricesMissingError('possibly delisted; no price data found  (1d 2016-08-25 00:00:00 -> 2016-08-31)')
  ✗ S2: Insufficient data for HFC/AYI

80/223: 2018-06-08: Added=BR, Removed=RRC
  Holding Period End Date: 2018-06-18
  ✓ S1: BR 6.79%, Portfolio: $3,004,128
    Warning: No data found for BR
  ✗ S2: Insufficient data for BR/RRC

81/223: 2018-06-15: Added=FLT, Removed=TWX
  Holding Period End Date: 2018-06-25
  ✗ S1: Error processing FLT: cannot convert the series to <class 'float'>
    Warning: No data found for TWX
  ✗ S2: Insufficient data for FLT/TWX

82/223: 2018-06-25: Added=CPRT, Removed=DPS
  Holding Period End Date: 2018-07-03
    YFinance output for CPRT: 1 Failed download:
['EMC']: YFPricesMissingError('possibly delisted; no price data found  (1d 2016-08-31 00:00:00 -> 2016-09-07) (Yahoo error = "Data doesn\'t exist for startDate = 1472616000, endDate = 1473220800")')
    Warning: No data found for CPRT
  ✗ S1: Insufficient data for CPRT
  ✓ S2: Long CPRT (4.51%), Short DPS (-0.94%)
      Combined: 1.79%, Portfolio: $1,152,851

83/223: 2018-08-23: Added=ANET, Removed=GGP
  Holding Period End Date: 2018-08-31
  ✓ S1: ANET 1.69%, Portfolio: $3,054,963
    Error fetching ANET: 'HOT'
  ✗ S2: Insufficient data for ANET/GGP

84/223: 2018-09-11: Added=WCG, Removed=XL
  Holding Period End Date: 2018-09-19
  ✓ S1: WCG -0.50%, Portfolio: $3,039,749
  ✗ S2: Error processing WCG/XL: cannot convert the series to <class 'float'>

85/223: 2018-09-25: Added=ROL, Removed=ANDV
  Holding Period End Date: 2018-10-03
    YFinance output for ROL: 1 Failed download:
['XL']: YFTzMissingError('possibly delisted; no timezone found')
    Warning: No data found for ROL
  ✗ S1: Insufficient data for ROL
  ✗ S2: Error processing ROL/ANDV: cannot convert the series to <class 'float'>

86/223: 2018-10-04: Added=FTNT, Removed=EVHC
  Holding Period End Date: 2018-10-12
    Warning: No data found for FTNT
  ✗ S1: Insufficient data for FTNT
    Warning: No data found for FTNT
  ✗ S2: Insufficient data for FTNT/EVHC

87/223: 2018-10-30: Added=KEYS, Removed=CA
  Holding Period End Date: 2018-11-07
  ✗ S1: Error processing KEYS: cannot convert the series to <class 'float'>
  ✓ S2: Long KEYS (7.04%), Short CA (-2.21%)
      Combined: 2.41%, Portfolio: $1,180,670

88/223: 2018-11-07: Added=JKHY, Removed=EQT
  Holding Period End Date: 2018-11-15
  ✓ S1: JKHY 2.26%, Portfolio: $3,108,451
  ✓ S2: Long JKHY (5.19%), Short EQT (-6.57%)
      Combined: -0.69%, Portfolio: $1,172,510

89/223: 2018-11-26: Added=FANG, Removed=SRCL
  Holding Period End Date: 2018-12-04
  ✓ S1: FANG 1.10%, Portfolio: $3,142,590
  ✓ S2: Long FANG (1.10%), Short SRCL (-6.09%)
      Combined: -2.50%, Portfolio: $1,143,242

90/223: 2018-11-26: Added=MXIM, Removed=AET
  Holding Period End Date: 2018-12-04
    YFinance output for MXIM: 1 Failed download:
['DO']: YFTzMissingError('possibly delisted; no timezone found')

1 Failed download:
['DO']: YFTzMissingError('possibly delisted; no timezone found')

1 Failed download:
['DO']: YFTzMissingError('possibly delisted; no timezone found')
  ✗ S1: Error processing MXIM: cannot convert the series to <class 'float'>
  ✓ S2: Long MXIM (-1.58%), Short AET (-2.62%)
      Combined: -2.10%, Portfolio: $1,119,269

91/223: 2018-11-26: Added=LW, Removed=COL
  Holding Period End Date: 2018-12-04
  ✓ S1: LW -5.13%, Portfolio: $2,981,458
  ✓ S2: Long LW (-1.40%), Short COL (-50.47%)
      Combined: -25.93%, Portfolio: $828,992

92/223: 2018-12-27: Added=CE, Removed=ESRX
  Holding Period End Date: 2019-01-07
  ✓ S1: CE 2.69%, Portfolio: $3,061,548
  ✓ S2: Long CE (1.21%), Short ESRX (-4.43%)
      Combined: -1.61%, Portfolio: $815,652

93/223: 2018-12-27: Added=FRC, Removed=SCG
  Holding Period End Date: 2019-01-07
    Warning: No data found for FRC
  ✗ S1: Insufficient data for FRC
  ✓ S2: Long FRC (-2.05%), Short SCG (-7.06%)
      Combined: -4.55%, Portfolio: $778,509

94/223: 2019-01-15: Added=TFX, Removed=PCG
  Holding Period End Date: 2019-01-24
  ✓ S1: TFX -5.23%, Portfolio: $2,901,308
  ✓ S2: Long TFX (2.64%), Short PCG (-2.91%)
      Combined: -0.13%, Portfolio: $777,491

95/223: 2019-02-08: Added=ATO, Removed=NFX
  Holding Period End Date: 2019-02-19
  ✓ S1: ATO 2.99%, Portfolio: $2,988,150
    YFinance output for NFX: 1 Failed download:
['LM']: YFTzMissingError('possibly delisted; no timezone found')

1 Failed download:
['LM']: YFTzMissingError('possibly delisted; no timezone found')
  ✗ S2: Error processing ATO/NFX: cannot convert the series to <class 'float'>

96/223: 2019-02-21: Added=WAB, Removed=GT
  Holding Period End Date: 2019-03-01
  ✗ S1: Error processing WAB: cannot convert the series to <class 'float'>
    Warning: No data found for WAB
    YFinance output for GT: 1 Failed download:
['STJ']: YFPricesMissingError('possibly delisted; no price data found  (1d 2017-01-03 00:00:00 -> 2017-01-11)')
  ✗ S2: Insufficient data for WAB/GT

97/223: 2019-03-14: Added=FOXA, Removed=FOXA
  Holding Period End Date: 2019-03-22
  ✓ S1: FOXA 12.27%, Portfolio: $3,354,716
  ✗ S2: Error processing FOXA/FOXA: cannot convert the series to <class 'float'>

98/223: 2019-03-14: Added=FOX, Removed=FOX
  Holding Period End Date: 2019-03-22
  ✓ S1: FOX -0.88%, Portfolio: $3,325,241
    Warning: No data found for FOX
    YFinance output for FOX: 1 Failed download:
['GMCR']: YFPricesMissingError('possibly delisted; no price data found  (1d 2016-03-04 00:00:00 -> 2016-03-08)')

1 Failed download:
['GMCR']: YFPricesMissingError('possibly delisted; no price data found  (1d 2016-03-04 00:00:00 -> 2016-03-08)')

1 Failed download:
['GMCR']: YFPricesMissingError('possibly delisted; no price data found  (1d 2016-03-04 00:00:00 -> 2016-03-08)')

1 Failed download:
['GMCR']: YFPricesMissingError('possibly delisted; no price data found  (1d 2016-03-04 00:00:00 -> 2016-03-08)')

1 Failed download:
['GMCR']: YFPricesMissingError('possibly delisted; no price data found  (1d 2016-03-04 00:00:00 -> 2016-03-08)')

1 Failed download:
['GMCR']: YFPricesMissingError('possibly delisted; no price data found  (1d 2016-03-04 00:00:00 -> 2016-03-08)')
    Warning: No data found for FOX
  ✗ S2: Insufficient data for FOX/FOX

99/223: 2019-03-26: Added=DOW, Removed=BHF
  Holding Period End Date: 2019-04-03
  ✓ S1: DOW -2.19%, Portfolio: $3,252,382
  ✓ S2: Long DOW (-2.17%), Short BHF (0.85%)
      Combined: -0.66%, Portfolio: $772,386

100/223: 2019-05-28: Added=CTVA, Removed=FLR
  Holding Period End Date: 2019-06-05
    YFinance output for CTVA: 1 Failed download:
['SE']: YFPricesMissingError('possibly delisted; no price data found  (1d 2017-02-23 00:00:00 -> 2017-03-03) (Yahoo error = "Data doesn\'t exist for startDate = 1487826000, endDate = 1488517200")')

1 Failed download:
['SE']: YFPricesMissingError('possibly delisted; no price data found  (1d 2017-02-23 00:00:00 -> 2017-03-03) (Yahoo error = "Data doesn\'t exist for startDate = 1487826000, endDate = 1488517200")')

1 Failed download:
['SE']: YFPricesMissingError('possibly delisted; no price data found  (1d 2017-02-23 00:00:00 -> 2017-03-03) (Yahoo error = "Data doesn\'t exist for startDate = 1487826000, endDate = 1488517200")')
  ✓ S1: CTVA 9.90%, Portfolio: $3,574,287
    Warning: No data found for CTVA
    Warning: No data found for FLR
  ✗ S2: Insufficient data for CTVA/FLR

101/223: 2019-05-28: Added=DD, Removed=DWDP
  Holding Period End Date: 2019-06-05
  ✓ S1: DD -2.57%, Portfolio: $3,482,600
    Warning: No data found for DWDP
  ✗ S2: Insufficient data for DD/DWDP

102/223: 2019-06-03: Added=BMS, Removed=MAT
  Holding Period End Date: 2019-06-11
    Warning: No data found for BMS
  ✗ S1: Insufficient data for BMS
    Warning: No data found for BMS
    Warning: No data found for MAT
  ✗ S2: Insufficient data for BMS/MAT

103/223: 2019-06-03: Added=AMCR, Removed=BMS
  Holding Period End Date: 2019-06-11
  ✓ S1: AMCR -0.69%, Portfolio: $3,458,436
    Warning: No data found for BMS
  ✗ S2: Insufficient data for AMCR/BMS

104/223: 2019-06-24: Added=MKTX, Removed=LLL
  Holding Period End Date: 2019-07-02
  ✓ S1: MKTX 1.07%, Portfolio: $3,495,306
    Warning: No data found for LLL
  ✗ S2: Insufficient data for MKTX/LLL

105/223: 2019-07-09: Added=TMUS, Removed=RHT
  Holding Period End Date: 2019-07-17
    YFinance output for TMUS: 1 Failed download:
['DISH']: YFTzMissingError('possibly delisted; no timezone found')

1 Failed download:
['DISH']: YFTzMissingError('possibly delisted; no timezone found')
  ✓ S1: TMUS 1.07%, Portfolio: $3,532,569
    Warning: No data found for TMUS
    Warning: No data found for RHT
  ✗ S2: Insufficient data for TMUS/RHT

106/223: 2019-08-01: Added=IEX, Removed=FL
  Holding Period End Date: 2019-08-09
    Warning: No data found for IEX
  ✗ S1: Insufficient data for IEX
    Warning: No data found for IEX
  ✗ S2: Insufficient data for IEX/FL

107/223: 2019-08-01: Added=LDOS, Removed=APC
  Holding Period End Date: 2019-08-09
    YFinance output for LDOS: 1 Failed download:
['FTR']: YFTzMissingError('possibly delisted; no timezone found')

1 Failed download:
['FTR']: YFTzMissingError('possibly delisted; no timezone found')

1 Failed download:
['FTR']: YFTzMissingError('possibly delisted; no timezone found')

1 Failed download:
['FTR']: YFTzMissingError('possibly delisted; no timezone found')
  ✓ S1: LDOS -1.87%, Portfolio: $3,466,540
  ✓ S2: Long LDOS (0.50%), Short APC (3.97%)
      Combined: 2.23%, Portfolio: $789,643

108/223: 2019-09-17: Added=CDW, Removed=TSS
  Holding Period End Date: 2019-09-25
  ✓ S1: CDW -1.87%, Portfolio: $3,401,745
  ✓ S2: Long CDW (-1.77%), Short TSS (1.80%)
      Combined: 0.02%, Portfolio: $789,768

109/223: 2019-09-20: Added=NVR, Removed=JEF
  Holding Period End Date: 2019-09-30
  ✓ S1: NVR -2.08%, Portfolio: $3,330,964
  ✓ S2: Long NVR (-1.09%), Short JEF (-4.12%)
      Combined: -2.60%, Portfolio: $769,206

110/223: 2019-09-20: Added=LVS, Removed=NKTR
  Holding Period End Date: 2019-09-30
  ✓ S1: LVS -1.02%, Portfolio: $3,297,037
  ✓ S2: Long LVS (-4.29%), Short NKTR (1.34%)
      Combined: -1.48%, Portfolio: $757,839

111/223: 2019-11-18: Added=NOW, Removed=CELG
  Holding Period End Date: 2019-11-26
  ✓ S1: NOW 3.52%, Portfolio: $3,413,180
  ✗ S2: Error processing NOW/CELG: cannot convert the series to <class 'float'>

112/223: 2019-11-27: Added=WRB, Removed=VIAB
  Holding Period End Date: 2019-12-06
  ✓ S1: WRB 1.37%, Portfolio: $3,459,802
    Warning: No data found for WRB
  ✗ S2: Insufficient data for WRB/VIAB

113/223: 2019-12-02: Added=ODFL, Removed=STI
  Holding Period End Date: 2019-12-10
  ✓ S1: ODFL 3.94%, Portfolio: $3,596,050
  ✗ S2: Error processing ODFL/STI: cannot convert the series to <class 'float'>

114/223: 2019-12-13: Added=ZBRA, Removed=TRIP
  Holding Period End Date: 2019-12-23
  ✓ S1: ZBRA 0.44%, Portfolio: $3,611,753
    Warning: No data found for TRIP
  ✗ S2: Insufficient data for ZBRA/TRIP

115/223: 2019-12-13: Added=LYV, Removed=AMG
  Holding Period End Date: 2019-12-23
  ✗ S1: Error processing LYV: cannot convert the series to <class 'float'>
    Warning: No data found for AMG
  ✗ S2: Insufficient data for LYV/AMG

116/223: 2019-12-13: Added=STE, Removed=MAC
  Holding Period End Date: 2019-12-23
  ✓ S1: STE 3.94%, Portfolio: $3,753,985
    Warning: No data found for STE
  ✗ S2: Insufficient data for STE/MAC

117/223: 2020-01-22: Added=PAYC, Removed=WCG
  Holding Period End Date: 2020-01-30
    YFinance output for PAYC: 1 Failed download:
['INFO']: YFPricesMissingError('possibly delisted; no price data found  (1d 2017-05-24 00:00:00 -> 2017-06-05) (Yahoo error = "Data doesn\'t exist for startDate = 1495598400, endDate = 1496635200")')

1 Failed download:
['INFO']: YFPricesMissingError('possibly delisted; no price data found  (1d 2017-05-24 00:00:00 -> 2017-06-05) (Yahoo error = "Data doesn\'t exist for startDate = 1495598400, endDate = 1496635200")')
    Warning: No data found for PAYC
  ✗ S1: Insufficient data for PAYC
    Warning: No data found for PAYC
    Warning: No data found for WCG
  ✗ S2: Insufficient data for PAYC/WCG

118/223: 2020-02-27: Added=IR, Removed=XEC
  Holding Period End Date: 2020-03-06
  ✓ S1: IR -1.70%, Portfolio: $3,690,072
  ✓ S2: Long IR (1.72%), Short XEC (2.66%)
      Combined: 2.19%, Portfolio: $774,447

119/223: 2020-03-31: Added=nan, Removed=M
  Holding Period End Date: 2020-04-08

120/223: 2020-03-31: Added=nan, Removed=RTN
  Holding Period End Date: 2020-04-08

121/223: 2020-03-31: Added=CARR, Removed=nan
  Holding Period End Date: 2020-04-08
  ✓ S1: CARR -1.50%, Portfolio: $3,634,656

122/223: 2020-03-31: Added=OTIS, Removed=nan
  Holding Period End Date: 2020-04-08
  ✓ S1: OTIS -3.65%, Portfolio: $3,501,821

123/223: 2020-05-05: Added=HWM, Removed=ARNC
  Holding Period End Date: 2020-05-13
  ✓ S1: HWM -1.50%, Portfolio: $3,449,232
    Warning: No data found for HWM
  ✗ S2: Insufficient data for HWM/ARNC

124/223: 2020-05-06: Added=DXCM, Removed=AGN
  Holding Period End Date: 2020-05-14
    YFinance output for DXCM: 1 Failed download:
['INFO']: YFPricesMissingError('possibly delisted; no price data found  (1d 2017-05-24 00:00:00 -> 2017-06-06) (Yahoo error = "Data doesn\'t exist for startDate = 1495598400, endDate = 1496721600")')

1 Failed download:
['INFO']: YFPricesMissingError('possibly delisted; no price data found  (1d 2017-05-24 00:00:00 -> 2017-06-06) (Yahoo error = "Data doesn\'t exist for startDate = 1495598400, endDate = 1496721600")')

1 Failed download:
['INFO']: YFPricesMissingError('possibly delisted; no price data found  (1d 2017-05-24 00:00:00 -> 2017-06-06) (Yahoo error = "Data doesn\'t exist for startDate = 1495598400, endDate = 1496721600")')
    Warning: No data found for DXCM
  ✗ S1: Insufficient data for DXCM
    Warning: No data found for DXCM
  ✗ S2: Insufficient data for DXCM/AGN

125/223: 2020-05-06: Added=DPZ, Removed=CPRI
  Holding Period End Date: 2020-05-14
  ✓ S1: DPZ 2.64%, Portfolio: $3,540,427
  ✓ S2: Long DPZ (-3.06%), Short CPRI (-0.57%)
      Combined: -1.81%, Portfolio: $760,412

126/223: 2020-05-18: Added=WST, Removed=HP
  Holding Period End Date: 2020-05-27
  ✗ S1: Error processing WST: cannot convert the series to <class 'float'>
    Warning: No data found for HP
  ✗ S2: Insufficient data for WST/HP

127/223: 2020-06-12: Added=BIO, Removed=ADS
  Holding Period End Date: 2020-06-22
  ✗ S1: Error processing BIO: cannot convert the series to <class 'float'>
    Warning: No data found for BIO
    Warning: No data found for ADS
  ✗ S2: Insufficient data for BIO/ADS

128/223: 2020-06-12: Added=TDY, Removed=HOG
  Holding Period End Date: 2020-06-22
    YFinance output for TDY: 1 Failed download:
['YHOO']: YFTzMissingError('possibly delisted; no timezone found')

1 Failed download:
['YHOO']: YFTzMissingError('possibly delisted; no timezone found')
    Warning: No data found for TDY
  ✗ S1: Insufficient data for TDY
    YFinance output for TDY: 1 Failed download:
['YHOO']: YFTzMissingError('possibly delisted; no timezone found')
  ✗ S2: Error processing TDY/HOG: cannot convert the series to <class 'float'>

129/223: 2020-06-12: Added=TYL, Removed=JWN
  Holding Period End Date: 2020-06-22
    YFinance output for TYL: 1 Failed download:
['RE']: YFTzMissingError('possibly delisted; no timezone found')

1 Failed download:
['RE']: YFTzMissingError('possibly delisted; no timezone found')

1 Failed download:
['RE']: YFTzMissingError('possibly delisted; no timezone found')
  ✓ S1: TYL 1.32%, Portfolio: $3,587,328
    Warning: No data found for JWN
  ✗ S2: Insufficient data for TYL/JWN

130/223: 2020-09-04: Added=CTLT, Removed=KSS
  Holding Period End Date: 2020-09-15
    YFinance output for CTLT: 1 Failed download:
['RE']: YFTzMissingError('possibly delisted; no timezone found')

1 Failed download:
['RE']: YFTzMissingError('possibly delisted; no timezone found')

1 Failed download:
['RE']: YFTzMissingError('possibly delisted; no timezone found')

1 Failed download:
['RE']: YFTzMissingError('possibly delisted; no timezone found')
  ✗ S1: Error processing CTLT: cannot convert the series to <class 'float'>
    Warning: No data found for KSS
  ✗ S2: Insufficient data for CTLT/KSS

131/223: 2020-09-04: Added=ETSY, Removed=HRB
  Holding Period End Date: 2020-09-15
    YFinance output for ETSY: 1 Failed download:
['BHI']: YFPricesMissingError('possibly delisted; no price data found  (1d 2017-06-30 00:00:00 -> 2017-07-07) (Yahoo error = "Data doesn\'t exist for startDate = 1498795200, endDate = 1499400000")')

1 Failed download:
['BHI']: YFPricesMissingError('possibly delisted; no price data found  (1d 2017-06-30 00:00:00 -> 2017-07-07) (Yahoo error = "Data doesn\'t exist for startDate = 1498795200, endDate = 1499400000")')

1 Failed download:
['BHI']: YFPricesMissingError('possibly delisted; no price data found  (1d 2017-06-30 00:00:00 -> 2017-07-07) (Yahoo error = "Data doesn\'t exist for startDate = 1498795200, endDate = 1499400000")')
    Warning: No data found for ETSY
  ✗ S1: Insufficient data for ETSY
    Warning: No data found for ETSY
    YFinance output for HRB: 1 Failed download:
['MJN']: YFPricesMissingError('possibly delisted; no price data found  (1d 2017-06-12 00:00:00 -> 2017-06-22)')
  ✗ S2: Insufficient data for ETSY/HRB

132/223: 2020-09-04: Added=TER, Removed=COTY
  Holding Period End Date: 2020-09-15
  ✓ S1: TER -1.64%, Portfolio: $3,528,587
    Warning: No data found for TER
    Warning: No data found for COTY
  ✗ S2: Insufficient data for TER/COTY

133/223: 2020-10-01: Added=POOL, Removed=ETFC
  Holding Period End Date: 2020-10-09
    Warning: No data found for POOL
  ✗ S1: Insufficient data for POOL
    YFinance output for POOL: 1 Failed download:
['RE']: YFTzMissingError('possibly delisted; no timezone found')

1 Failed download:
['RE']: YFTzMissingError('possibly delisted; no timezone found')

1 Failed download:
['RE']: YFTzMissingError('possibly delisted; no timezone found')

1 Failed download:
['RE']: YFTzMissingError('possibly delisted; no timezone found')

1 Failed download:
['RE']: YFTzMissingError('possibly delisted; no timezone found')

1 Failed download:
['RE']: YFTzMissingError('possibly delisted; no timezone found')
    Warning: No data found for POOL
    Warning: No data found for ETFC
  ✗ S2: Insufficient data for POOL/ETFC

134/223: 2020-10-05: Added=VNT, Removed=nan
  Holding Period End Date: 2020-10-13
    Warning: No data found for VNT
  ✗ S1: Insufficient data for VNT

135/223: 2020-10-05: Added=nan, Removed=NBL
  Holding Period End Date: 2020-10-13

136/223: 2020-12-11: Added=TSLA, Removed=AIV
  Holding Period End Date: 2020-12-21
  ✓ S1: TSLA -0.49%, Portfolio: $3,511,409
  ✓ S2: Long TSLA (-1.62%), Short AIV (1.66%)
      Combined: 0.02%, Portfolio: $760,578

137/223: 2020-12-30: Added=ENPH, Removed=TIF
  Holding Period End Date: 2021-01-08
  ✓ S1: ENPH -0.77%, Portfolio: $3,484,421
  ✓ S2: Long ENPH (-2.93%), Short TIF (3.14%)
      Combined: 0.10%, Portfolio: $761,366

138/223: 2021-01-15: Added=TRMB, Removed=CXO
  Holding Period End Date: 2021-01-26
  ✓ S1: TRMB -3.30%, Portfolio: $3,369,599
  ✗ S2: Error processing TRMB/CXO: cannot convert the series to <class 'float'>

139/223: 2021-02-08: Added=MPWR, Removed=FTI
  Holding Period End Date: 2021-02-17
  ✓ S1: MPWR -0.51%, Portfolio: $3,352,332
  ✗ S2: Error processing MPWR/FTI: cannot convert the series to <class 'float'>

140/223: 2021-03-12: Added=CZR, Removed=VNT
  Holding Period End Date: 2021-03-22
    YFinance output for CZR: 1 Failed download:
['DRE']: YFTzMissingError('possibly delisted; no timezone found')

1 Failed download:
['DRE']: YFTzMissingError('possibly delisted; no timezone found')

1 Failed download:
['DRE']: YFTzMissingError('possibly delisted; no timezone found')

1 Failed download:
['DRE']: YFTzMissingError('possibly delisted; no timezone found')

1 Failed download:
['DRE']: YFTzMissingError('possibly delisted; no timezone found')
    Warning: No data found for CZR
  ✗ S1: Insufficient data for CZR
  ✓ S2: Long CZR (-1.54%), Short VNT (3.12%)
      Combined: 0.79%, Portfolio: $767,396

141/223: 2021-03-12: Added=PENN, Removed=SLG
  Holding Period End Date: 2021-03-22
    YFinance output for PENN: 1 Failed download:
['DRE']: YFTzMissingError('possibly delisted; no timezone found')

1 Failed download:
['DRE']: YFTzMissingError('possibly delisted; no timezone found')

1 Failed download:
['DRE']: YFTzMissingError('possibly delisted; no timezone found')

1 Failed download:
['DRE']: YFTzMissingError('possibly delisted; no timezone found')

1 Failed download:
['DRE']: YFTzMissingError('possibly delisted; no timezone found')
  ✗ S1: Error processing PENN: cannot convert the series to <class 'float'>
  ✗ S2: Error processing PENN/SLG: cannot convert the series to <class 'float'>

142/223: 2021-03-12: Added=NXPI, Removed=FLS
  Holding Period End Date: 2021-03-22
    YFinance output for NXPI: 1 Failed download:
['DRE']: YFTzMissingError('possibly delisted; no timezone found')

1 Failed download:
['DRE']: YFTzMissingError('possibly delisted; no timezone found')

1 Failed download:
['DRE']: YFTzMissingError('possibly delisted; no timezone found')

1 Failed download:
['DRE']: YFTzMissingError('possibly delisted; no timezone found')
  ✗ S1: Error processing NXPI: cannot convert the series to <class 'float'>
    Warning: No data found for FLS
  ✗ S2: Insufficient data for NXPI/FLS

143/223: 2021-03-12: Added=GNRC, Removed=XRX
  Holding Period End Date: 2021-03-22
    Warning: No data found for GNRC
  ✗ S1: Insufficient data for GNRC
    YFinance output for GNRC: 1 Failed download:
['Q']: YFPricesMissingError('possibly delisted; no price data found  (1d 2017-08-24 00:00:00 -> 2017-09-06)')

1 Failed download:
['Q']: YFPricesMissingError('possibly delisted; no price data found  (1d 2017-08-24 00:00:00 -> 2017-09-06)')

1 Failed download:
['Q']: YFPricesMissingError('possibly delisted; no price data found  (1d 2017-08-24 00:00:00 -> 2017-09-06)')
  ✗ S2: Error processing GNRC/XRX: cannot convert the series to <class 'float'>

144/223: 2021-04-15: Added=PTC, Removed=VAR
  Holding Period End Date: 2021-04-23
    Warning: No data found for PTC
  ✗ S1: Insufficient data for PTC
    Warning: No data found for PTC
  ✗ S2: Insufficient data for PTC/VAR

145/223: 2021-05-10: Added=CRL, Removed=FLIR
  Holding Period End Date: 2021-05-18
    Warning: No data found for CRL
  ✗ S1: Insufficient data for CRL
  ✓ S2: Long CRL (2.71%), Short FLIR (-0.29%)
      Combined: 1.21%, Portfolio: $776,683

146/223: 2021-05-27: Added=OGN, Removed=nan
  Holding Period End Date: 2021-06-07
    YFinance output for OGN: 1 Failed download:
['WFM']: YFPricesMissingError('possibly delisted; no price data found  (1d 2017-08-24 00:00:00 -> 2017-08-29)')

1 Failed download:
['WFM']: YFPricesMissingError('possibly delisted; no price data found  (1d 2017-08-24 00:00:00 -> 2017-08-29)')
  ✓ S1: OGN 2.65%, Portfolio: $3,441,075

147/223: 2021-05-27: Added=nan, Removed=HFC
  Holding Period End Date: 2021-06-07

148/223: 2021-07-15: Added=MRNA, Removed=ALXN
  Holding Period End Date: 2021-07-23
  ✓ S1: MRNA 1.90%, Portfolio: $3,506,605
    Warning: No data found for MRNA
    Warning: No data found for ALXN
  ✗ S2: Insufficient data for MRNA/ALXN

149/223: 2021-08-24: Added=TECH, Removed=MXIM
  Holding Period End Date: 2021-09-01
  ✓ S1: TECH 15.13%, Portfolio: $4,037,016
  ✓ S2: Long TECH (15.13%), Short MXIM (6.93%)
      Combined: 11.03%, Portfolio: $862,354

150/223: 2021-09-03: Added=BRO, Removed=NOV
  Holding Period End Date: 2021-09-14
    YFinance output for BRO: 1 Failed download:
['WFM']: YFPricesMissingError('possibly delisted; no price data found  (1d 2017-08-24 00:00:00 -> 2017-08-31)')

1 Failed download:
['WFM']: YFPricesMissingError('possibly delisted; no price data found  (1d 2017-08-24 00:00:00 -> 2017-08-31)')

1 Failed download:
['WFM']: YFPricesMissingError('possibly delisted; no price data found  (1d 2017-08-24 00:00:00 -> 2017-08-31)')
    Warning: No data found for BRO
  ✗ S1: Insufficient data for BRO
    YFinance output for BRO: 1 Failed download:
['WFM']: YFPricesMissingError('possibly delisted; no price data found  (1d 2017-08-24 00:00:00 -> 2017-08-31)')

1 Failed download:
['WFM']: YFPricesMissingError('possibly delisted; no price data found  (1d 2017-08-24 00:00:00 -> 2017-08-31)')
  ✗ S2: Error processing BRO/NOV: cannot convert the series to <class 'float'>

151/223: 2021-09-03: Added=CDAY, Removed=UNM
  Holding Period End Date: 2021-09-14
    Warning: No data found for CDAY
  ✗ S1: Insufficient data for CDAY
    YFinance output for CDAY: 1 Failed download:
['DWDP']: YFTzMissingError('possibly delisted; no timezone found')
    Warning: No data found for CDAY
  ✗ S2: Insufficient data for CDAY/UNM

152/223: 2021-09-03: Added=MTCH, Removed=PRGO
  Holding Period End Date: 2021-09-14
    Warning: No data found for MTCH
  ✗ S1: Insufficient data for MTCH
    Warning: No data found for MTCH
    Warning: No data found for PRGO
  ✗ S2: Insufficient data for MTCH/PRGO

153/223: 2021-12-03: Added=FDS, Removed=WU
  Holding Period End Date: 2021-12-13
    YFinance output for FDS: 1 Failed download:
['WFM']: YFPricesMissingError('possibly delisted; no price data found  (1d 2017-08-24 00:00:00 -> 2017-09-07)')

1 Failed download:
['WFM']: YFPricesMissingError('possibly delisted; no price data found  (1d 2017-08-24 00:00:00 -> 2017-09-07)')

1 Failed download:
['WFM']: YFPricesMissingError('possibly delisted; no price data found  (1d 2017-08-24 00:00:00 -> 2017-09-07)')

1 Failed download:
['WFM']: YFPricesMissingError('possibly delisted; no price data found  (1d 2017-08-24 00:00:00 -> 2017-09-07)')
    Warning: No data found for FDS
  ✗ S1: Insufficient data for FDS
    Warning: No data found for FDS
    Warning: No data found for WU
  ✗ S2: Insufficient data for FDS/WU

154/223: 2021-12-03: Added=SEDG, Removed=HBI
  Holding Period End Date: 2021-12-13
    YFinance output for SEDG: 1 Failed download:
['DOW']: YFPricesMissingError('possibly delisted; no price data found  (1d 2017-08-24 00:00:00 -> 2017-08-30) (Yahoo error = "Data doesn\'t exist for startDate = 1503547200, endDate = 1504065600")')

1 Failed download:
['DOW']: YFPricesMissingError('possibly delisted; no price data found  (1d 2017-08-24 00:00:00 -> 2017-08-30) (Yahoo error = "Data doesn\'t exist for startDate = 1503547200, endDate = 1504065600")')
    Warning: No data found for SEDG
  ✗ S1: Insufficient data for SEDG
    YFinance output for SEDG: 1 Failed download:
['DOW']: YFPricesMissingError('possibly delisted; no price data found  (1d 2017-08-24 00:00:00 -> 2017-08-30) (Yahoo error = "Data doesn\'t exist for startDate = 1503547200, endDate = 1504065600")')

1 Failed download:
['DOW']: YFPricesMissingError('possibly delisted; no price data found  (1d 2017-08-24 00:00:00 -> 2017-08-30) (Yahoo error = "Data doesn\'t exist for startDate = 1503547200, endDate = 1504065600")')
  ✗ S2: Error processing SEDG/HBI: cannot convert the series to <class 'float'>

155/223: 2021-12-03: Added=SBNY, Removed=LEG
  Holding Period End Date: 2021-12-13
  ✓ S1: SBNY 4.06%, Portfolio: $4,200,972
  ✓ S2: Long SBNY (5.20%), Short LEG (-4.94%)
      Combined: 0.13%, Portfolio: $863,461

156/223: 2021-12-07: Added=EPAM, Removed=KSU
  Holding Period End Date: 2021-12-15
    Warning: No data found for EPAM
  ✗ S1: Insufficient data for EPAM
    YFinance output for EPAM: 1 Failed download:
['DWDP']: YFTzMissingError('possibly delisted; no timezone found')

1 Failed download:
['DWDP']: YFTzMissingError('possibly delisted; no timezone found')

1 Failed download:
['DWDP']: YFTzMissingError('possibly delisted; no timezone found')

1 Failed download:
['DWDP']: YFTzMissingError('possibly delisted; no timezone found')

1 Failed download:
['DWDP']: YFTzMissingError('possibly delisted; no timezone found')
  ✗ S2: Error processing EPAM/KSU: cannot convert the series to <class 'float'>

157/223: 2022-01-26: Added=CEG, Removed=nan
  Holding Period End Date: 2022-02-03
    Warning: No data found for CEG
  ✗ S1: Insufficient data for CEG

158/223: 2022-01-26: Added=nan, Removed=GPS
  Holding Period End Date: 2022-02-03

159/223: 2022-02-10: Added=NDSN, Removed=XLNX
  Holding Period End Date: 2022-02-18
  ✓ S1: NDSN 5.11%, Portfolio: $4,415,598
  ✓ S2: Long NDSN (-1.42%), Short XLNX (-4.89%)
      Combined: -3.16%, Portfolio: $836,189

160/223: 2022-02-25: Added=MOH, Removed=INFO
  Holding Period End Date: 2022-03-07
  ✗ S1: Error processing MOH: cannot convert the series to <class 'float'>
  ✗ S2: Error processing MOH/INFO: cannot convert the series to <class 'float'>

161/223: 2022-03-29: Added=CPT, Removed=PBCT
  Holding Period End Date: 2022-04-06
  ✓ S1: CPT -4.78%, Portfolio: $4,204,637
    YFinance output for CPT: 1 Failed download:
['LVLT']: YFPricesMissingError('possibly delisted; no price data found  (1d 2017-10-04 00:00:00 -> 2017-10-11)')
    Warning: No data found for PBCT
  ✗ S2: Insufficient data for CPT/PBCT

162/223: 2022-04-07: Added=WBD, Removed=DISCA
  Holding Period End Date: 2022-04-18
    Warning: No data found for WBD
  ✗ S1: Insufficient data for WBD
  ✓ S2: Long WBD (5.04%), Short DISCA (6.76%)
      Combined: 5.90%, Portfolio: $885,498

163/223: 2022-04-07: Added=nan, Removed=DISCK
  Holding Period End Date: 2022-04-18

164/223: 2022-06-03: Added=VICI, Removed=CERN
  Holding Period End Date: 2022-06-13
    Warning: No data found for VICI
  ✗ S1: Insufficient data for VICI
    YFinance output for VICI: 1 Failed download:
['LVLT']: YFPricesMissingError('possibly delisted; no price data found  (1d 2017-10-04 00:00:00 -> 2017-10-12)')

1 Failed download:
['LVLT']: YFPricesMissingError('possibly delisted; no price data found  (1d 2017-10-04 00:00:00 -> 2017-10-12)')

1 Failed download:
['LVLT']: YFPricesMissingError('possibly delisted; no price data found  (1d 2017-10-04 00:00:00 -> 2017-10-12)')

1 Failed download:
['LVLT']: YFPricesMissingError('possibly delisted; no price data found  (1d 2017-10-04 00:00:00 -> 2017-10-12)')
    Warning: No data found for VICI
  ✗ S2: Insufficient data for VICI/CERN

165/223: 2022-06-03: Added=ON, Removed=IPGP
  Holding Period End Date: 2022-06-13
  ✓ S1: ON -1.82%, Portfolio: $4,127,948
  ✓ S2: Long ON (-10.39%), Short IPGP (1.44%)
      Combined: -4.47%, Portfolio: $845,915

166/223: 2022-06-03: Added=KDP, Removed=UAA
  Holding Period End Date: 2022-06-13
  ✓ S1: KDP 4.05%, Portfolio: $4,295,224
    Warning: No data found for KDP
  ✗ S2: Insufficient data for KDP/UAA

167/223: 2022-06-03: Added=nan, Removed=UA
  Holding Period End Date: 2022-06-13

168/223: 2022-09-02: Added=CSGP, Removed=PVH
  Holding Period End Date: 2022-09-13
  ✓ S1: CSGP 4.05%, Portfolio: $4,469,279
    Warning: No data found for CSGP
    Warning: No data found for PVH
  ✗ S2: Insufficient data for CSGP/PVH

169/223: 2022-09-02: Added=INVH, Removed=PENN
  Holding Period End Date: 2022-09-13
    Warning: No data found for INVH
  ✗ S1: Insufficient data for INVH
  ✓ S2: Long INVH (-2.02%), Short PENN (11.59%)
      Combined: 4.78%, Portfolio: $886,366

170/223: 2022-09-23: Added=PCG, Removed=CTXS
  Holding Period End Date: 2022-10-03
    Warning: No data found for PCG
  ✗ S1: Insufficient data for PCG
    Warning: No data found for PCG
    Warning: No data found for CTXS
  ✗ S2: Insufficient data for PCG/CTXS

171/223: 2022-09-23: Added=EQT, Removed=DRE
  Holding Period End Date: 2022-10-03
    Warning: No data found for EQT
  ✗ S1: Insufficient data for EQT
    Warning: No data found for EQT
    YFinance output for DRE: 1 Failed download:
['CHK']: YFTzMissingError('possibly delisted; no timezone found')

1 Failed download:
['CHK']: YFTzMissingError('possibly delisted; no timezone found')
    Warning: No data found for DRE
  ✗ S2: Insufficient data for EQT/DRE

172/223: 2022-10-06: Added=TRGP, Removed=NLSN
  Holding Period End Date: 2022-10-14
  ✓ S1: TRGP -4.78%, Portfolio: $4,255,592
  ✗ S2: Error processing TRGP/NLSN: cannot convert the series to <class 'float'>

173/223: 2022-10-27: Added=ACGL, Removed=TWTR
  Holding Period End Date: 2022-11-04
  ✗ S1: Error processing ACGL: cannot convert the series to <class 'float'>
    Warning: No data found for TWTR
  ✗ S2: Insufficient data for ACGL/TWTR

174/223: 2022-12-12: Added=FSLR, Removed=FBHS
  Holding Period End Date: 2022-12-20
    Warning: No data found for FSLR
  ✗ S1: Insufficient data for FSLR
    Warning: No data found for FSLR
    Warning: No data found for FBHS
  ✗ S2: Insufficient data for FSLR/FBHS

175/223: 2022-12-12: Added=nan, Removed=MBC
  Holding Period End Date: 2022-12-20

176/223: 2022-12-12: Added=MBC, Removed=nan
  Holding Period End Date: 2022-12-20
    Warning: No data found for MBC
  ✗ S1: Insufficient data for MBC

177/223: 2022-12-19: Added=STLD, Removed=ABMD
  Holding Period End Date: 2022-12-28
  ✓ S1: STLD -2.86%, Portfolio: $4,134,004
  ✓ S2: Long STLD (-4.32%), Short ABMD (4.51%)
      Combined: 0.10%, Portfolio: $887,229

178/223: 2022-12-28: Added=GEHC, Removed=nan
  Holding Period End Date: 2023-01-06
  ✓ S1: GEHC -4.32%, Portfolio: $3,955,517

179/223: 2022-12-28: Added=nan, Removed=VNO
  Holding Period End Date: 2023-01-06

180/223: 2023-03-03: Added=FICO, Removed=LUMN
  Holding Period End Date: 2023-03-13
  ✓ S1: FICO 0.00%, Portfolio: $3,955,517
  ✗ S2: Error processing FICO/LUMN: cannot convert the series to <class 'float'>

181/223: 2023-03-10: Added=PODD, Removed=SIVB
  Holding Period End Date: 2023-03-20
    Warning: No data found for PODD
  ✗ S1: Insufficient data for PODD
    YFinance output for PODD: 1 Failed download:
['ABMD']: YFTzMissingError('possibly delisted; no timezone found')

2 Failed downloads:
['ABMD']: YFTzMissingError('possibly delisted; no timezone found')
['PCS']: YFPricesMissingError('possibly delisted; no price data found  (1d 2023-08-21 00:00:00 -> 2023-08-23) (Yahoo error = "Data doesn\'t exist for startDate = 1692590400, endDate = 1692763200")')
    Warning: No data found for PODD
    YFinance output for SIVB: 1 Failed download:
['ABMD']: YFTzMissingError('possibly delisted; no timezone found')
    Warning: No data found for SIVB
  ✗ S2: Insufficient data for PODD/SIVB

182/223: 2023-03-13: Added=BG, Removed=SBNY
  Holding Period End Date: 2023-03-21
  ✓ S1: BG 0.00%, Portfolio: $3,955,517
    Warning: No data found for BG
  ✗ S2: Insufficient data for BG/SBNY

183/223: 2023-05-01: Added=AXON, Removed=FRC
  Holding Period End Date: 2023-05-09
    Warning: No data found for AXON
  ✗ S1: Insufficient data for AXON
    YFinance output for AXON: 1 Failed download:
['HFC']: YFTzMissingError('possibly delisted; no timezone found')

1 Failed download:
['HFC']: YFTzMissingError('possibly delisted; no timezone found')
    Warning: No data found for AXON
  ✗ S2: Insufficient data for AXON/FRC

184/223: 2023-06-02: Added=PANW, Removed=DISH
  Holding Period End Date: 2023-06-12
    YFinance output for PANW: 1 Failed download:
['WYN']: YFPricesMissingError('possibly delisted; no price data found  (1d 2018-05-25 00:00:00 -> 2018-06-06)')

1 Failed download:
['WYN']: YFPricesMissingError('possibly delisted; no price data found  (1d 2018-05-25 00:00:00 -> 2018-06-06)')

1 Failed download:
['WYN']: YFPricesMissingError('possibly delisted; no price data found  (1d 2018-05-25 00:00:00 -> 2018-06-06)')
    Warning: No data found for PANW
  ✗ S1: Insufficient data for PANW
  ✓ S2: Long PANW (7.17%), Short DISH (-7.19%)
      Combined: -0.01%, Portfolio: $887,131

185/223: 2023-08-21: Added=nan, Removed=TEL
  Holding Period End Date: 2023-08-29

186/223: 2023-08-21: Added=KVUE, Removed=AAP
  Holding Period End Date: 2023-08-29
    Warning: No data found for KVUE
  ✗ S1: Insufficient data for KVUE
    Warning: No data found for AAP
  ✗ S2: Insufficient data for KVUE/AAP

187/223: 2023-08-21: Added=PCS, Removed=nan
  Holding Period End Date: 2023-08-29
    YFinance output for PCS: 1 Failed download:
['MON']: YFTzMissingError('possibly delisted; no timezone found')
    Warning: No data found for PCS
  ✗ S1: Insufficient data for PCS

188/223: 2023-09-14: Added=BX, Removed=LNC
  Holding Period End Date: 2023-09-22
    YFinance output for BX: 1 Failed download:
['FLT']: YFTzMissingError('possibly delisted; no timezone found')

1 Failed download:
['FLT']: YFTzMissingError('possibly delisted; no timezone found')

1 Failed download:
['FLT']: YFTzMissingError('possibly delisted; no timezone found')

1 Failed download:
['FLT']: YFTzMissingError('possibly delisted; no timezone found')

1 Failed download:
['FLT']: YFTzMissingError('possibly delisted; no timezone found')
    Warning: No data found for BX
  ✗ S1: Insufficient data for BX
    YFinance output for BX: 1 Failed download:
['FLT']: possibly delisted; no timezone found
    Warning: No data found for BX
    Warning: No data found for LNC
  ✗ S2: Insufficient data for BX/LNC

189/223: 2023-09-14: Added=ABNB, Removed=NWL
  Holding Period End Date: 2023-09-22
    Warning: No data found for ABNB
  ✗ S1: Insufficient data for ABNB
  ✗ S2: Insufficient data for ABNB/NWL

190/223: 2023-09-28: Added=VLTO, Removed=nan
  Holding Period End Date: 2023-10-06
  ✓ S1: VLTO -3.90%, Portfolio: $3,801,201

191/223: 2023-09-28: Added=nan, Removed=DXC
  Holding Period End Date: 2023-10-06

192/223: 2023-10-13: Added=LULU, Removed=ATVI
  Holding Period End Date: 2023-10-23
  ✓ S1: LULU -0.38%, Portfolio: $3,786,822
  ✓ S2: Long LULU (-3.93%), Short ATVI (-1.03%)
      Combined: -2.48%, Portfolio: $865,132

193/223: 2023-10-13: Added=HUBB, Removed=OGN
  Holding Period End Date: 2023-10-23
  ✓ S1: HUBB -0.88%, Portfolio: $3,753,566
  ✓ S2: Long HUBB (1.04%), Short OGN (2.73%)
      Combined: 1.88%, Portfolio: $881,439

194/223: 2023-12-01: Added=UBER, Removed=SEE
  Holding Period End Date: 2023-12-11
  ✓ S1: UBER 9.19%, Portfolio: $4,098,494
    Warning: No data found for SEE
  ✗ S2: Insufficient data for UBER/SEE

195/223: 2023-12-01: Added=BLDR, Removed=SEDG
  Holding Period End Date: 2023-12-11
  ✓ S1: BLDR 2.05%, Portfolio: $4,182,639
    Warning: No data found for SEDG
  ✗ S2: Insufficient data for BLDR/SEDG

196/223: 2023-12-01: Added=JBL, Removed=ALK
  Holding Period End Date: 2023-12-11
  ✗ S1: Error processing JBL: cannot convert the series to <class 'float'>
    Warning: No data found for JBL
    YFinance output for ALK: 1 Failed download:
['DPS']: YFPricesMissingError('possibly delisted; no price data found  (1d 2018-06-25 00:00:00 -> 2018-07-03)')

1 Failed download:
['DPS']: YFPricesMissingError('possibly delisted; no price data found  (1d 2018-06-25 00:00:00 -> 2018-07-03)')
  ✗ S2: Insufficient data for JBL/ALK

197/223: 2024-03-01: Added=SMCI, Removed=WHR
  Holding Period End Date: 2024-03-11
    Warning: No data found for SMCI
  ✗ S1: Insufficient data for SMCI
  ✗ S2: Insufficient data for SMCI/WHR

198/223: 2024-03-01: Added=DECK, Removed=ZION
  Holding Period End Date: 2024-03-11
  ✓ S1: DECK -3.46%, Portfolio: $4,038,041
  ✓ S2: Long DECK (-0.12%), Short ZION (1.67%)
      Combined: 0.78%, Portfolio: $888,285

199/223: 2024-03-27: Added=SOLV, Removed=nan
  Holding Period End Date: 2024-04-05
  ✓ S1: SOLV -1.65%, Portfolio: $3,971,549

200/223: 2024-03-27: Added=GEV, Removed=nan
  Holding Period End Date: 2024-04-05
  ✓ S1: GEV 5.79%, Portfolio: $4,201,599

201/223: 2024-03-27: Added=nan, Removed=XRAY
  Holding Period End Date: 2024-04-05

202/223: 2024-03-27: Added=nan, Removed=VFC
  Holding Period End Date: 2024-04-05

203/223: 2024-05-03: Added=VST, Removed=PXD
  Holding Period End Date: 2024-05-13
  ✓ S1: VST 6.93%, Portfolio: $4,492,697
  ✓ S2: Long VST (-2.86%), Short PXD (6.24%)
      Combined: 1.69%, Portfolio: $903,277

204/223: 2024-06-07: Added=KKR, Removed=RHI
  Holding Period End Date: 2024-06-17
    YFinance output for KKR: 1 Failed download:
['DPS']: YFPricesMissingError('possibly delisted; no price data found  (1d 2018-06-25 00:00:00 -> 2018-06-28)')

1 Failed download:
['DPS']: YFPricesMissingError('possibly delisted; no price data found  (1d 2018-06-25 00:00:00 -> 2018-06-28)')

1 Failed download:
['DPS']: YFPricesMissingError('possibly delisted; no price data found  (1d 2018-06-25 00:00:00 -> 2018-06-28)')
    Warning: No data found for KKR
  ✗ S1: Insufficient data for KKR
    Warning: No data found for KKR
  ✗ S2: Insufficient data for KKR/RHI

205/223: 2024-06-07: Added=CRWD, Removed=CMA
  Holding Period End Date: 2024-06-17
    Warning: No data found for CRWD
  ✗ S1: Insufficient data for CRWD
    YFinance output for CRWD: 1 Failed download:
['WCG']: YFTzMissingError('possibly delisted; no timezone found')

1 Failed download:
['WCG']: YFTzMissingError('possibly delisted; no timezone found')

1 Failed download:
['WCG']: YFTzMissingError('possibly delisted; no timezone found')
    Warning: No data found for CRWD
  ✗ S2: Insufficient data for CRWD/CMA

206/223: 2024-06-07: Added=GDDY, Removed=ILMN
  Holding Period End Date: 2024-06-17
  ✓ S1: GDDY -7.54%, Portfolio: $4,154,072
  ✗ S2: Error processing GDDY/ILMN: cannot convert the series to <class 'float'>

207/223: 2024-09-06: Added=ERIE, Removed=BIO
  Holding Period End Date: 2024-09-16
  ✓ S1: ERIE -2.41%, Portfolio: $4,053,977
    YFinance output for ERIE: 1 Failed download:
['GGP']: YFPricesMissingError('possibly delisted; no price data found  (1d 2018-08-23 00:00:00 -> 2018-09-06)')

1 Failed download:
['GGP']: YFPricesMissingError('possibly delisted; no price data found  (1d 2018-08-23 00:00:00 -> 2018-09-06)')

1 Failed download:
['GGP']: YFPricesMissingError('possibly delisted; no price data found  (1d 2018-08-23 00:00:00 -> 2018-09-06)')

1 Failed download:
['GGP']: YFPricesMissingError('possibly delisted; no price data found  (1d 2018-08-23 00:00:00 -> 2018-09-06)')

1 Failed download:
['GGP']: YFPricesMissingError('possibly delisted; no price data found  (1d 2018-08-23 00:00:00 -> 2018-09-06)')
    Warning: No data found for ERIE
  ✗ S2: Insufficient data for ERIE/BIO

208/223: 2024-09-06: Added=DELL, Removed=ETSY
  Holding Period End Date: 2024-09-16
  ✓ S1: DELL 0.09%, Portfolio: $4,057,525
    YFinance output for ETSY: 1 Failed download:
['WCG']: YFTzMissingError('possibly delisted; no timezone found')

1 Failed download:
['WCG']: YFTzMissingError('possibly delisted; no timezone found')
    Warning: No data found for ETSY
  ✗ S2: Insufficient data for DELL/ETSY

209/223: 2024-09-06: Added=PLTR, Removed=AAL
  Holding Period End Date: 2024-09-16
  ✓ S1: PLTR -5.87%, Portfolio: $3,819,191
    YFinance output for PLTR: 1 Failed download:
['CA']: YFPricesMissingError('possibly delisted; no price data found  (1d 2018-10-30 00:00:00 -> 2018-11-05) (Yahoo error = "Data doesn\'t exist for startDate = 1540872000, endDate = 1541394000")')

1 Failed download:
['CA']: YFPricesMissingError('possibly delisted; no price data found  (1d 2018-10-30 00:00:00 -> 2018-11-05) (Yahoo error = "Data doesn\'t exist for startDate = 1540872000, endDate = 1541394000")')

1 Failed download:
['CA']: YFPricesMissingError('possibly delisted; no price data found  (1d 2018-10-30 00:00:00 -> 2018-11-05) (Yahoo error = "Data doesn\'t exist for startDate = 1540872000, endDate = 1541394000")')

1 Failed download:
['CA']: YFPricesMissingError('possibly delisted; no price data found  (1d 2018-10-30 00:00:00 -> 2018-11-05) (Yahoo error = "Data doesn\'t exist for startDate = 1540872000, endDate = 1541394000")')
    Warning: No data found for PLTR
  ✗ S2: Insufficient data for PLTR/AAL

210/223: 2024-09-24: Added=AMTM, Removed=nan
  Holding Period End Date: 2024-10-02
  ✓ S1: AMTM -10.89%, Portfolio: $3,403,439

211/223: 2024-09-24: Added=nan, Removed=BBWI
  Holding Period End Date: 2024-10-02

212/223: 2024-11-21: Added=TPL, Removed=MRO
  Holding Period End Date: 2024-12-02
  ✓ S1: TPL -2.42%, Portfolio: $3,321,052
  ✓ S2: Long TPL (1.38%), Short MRO (12.22%)
      Combined: 6.80%, Portfolio: $964,659

213/223: 2024-12-06: Added=WDAY, Removed=AMTM
  Holding Period End Date: 2024-12-16
  ✓ S1: WDAY -2.00%, Portfolio: $3,254,506
    Warning: No data found for AMTM
  ✗ S2: Insufficient data for WDAY/AMTM

214/223: 2024-12-06: Added=APO, Removed=QRVO
  Holding Period End Date: 2024-12-16
  ✓ S1: APO 2.12%, Portfolio: $3,323,436
  ✓ S2: Long APO (-10.46%), Short QRVO (11.68%)
      Combined: 0.61%, Portfolio: $970,554

215/223: 2024-12-18: Added=LII, Removed=CTLT
  Holding Period End Date: 2024-12-27
    Warning: No data found for LII
  ✗ S1: Insufficient data for LII
  ✗ S2: Error processing LII/CTLT: cannot convert the series to <class 'float'>

216/223: 2025-03-07: Added=EXE, Removed=FMC
  Holding Period End Date: 2025-03-17
    YFinance output for EXE: 1 Failed download:
['MXIM']: YFTzMissingError('possibly delisted; no timezone found')
    Warning: No data found for EXE
  ✗ S1: Insufficient data for EXE
    YFinance output for EXE: 2 Failed downloads:
['SRCL', 'MXIM']: YFTzMissingError('possibly delisted; no timezone found')

2 Failed downloads:
['SRCL', 'MXIM']: YFTzMissingError('possibly delisted; no timezone found')
  ✓ S2: Long EXE (2.75%), Short FMC (-5.83%)
      Combined: -1.54%, Portfolio: $955,574

217/223: 2025-03-07: Added=WSM, Removed=CE
  Holding Period End Date: 2025-03-17
    Warning: No data found for WSM
  ✗ S1: Insufficient data for WSM
    Warning: No data found for WSM
  ✗ S2: Insufficient data for WSM/CE

218/223: 2025-03-07: Added=TKO, Removed=TFX
  Holding Period End Date: 2025-03-17
  ✗ S1: Error processing TKO: cannot convert the series to <class 'float'>
  ✓ S2: Long TKO (0.07%), Short TFX (6.46%)
      Combined: 3.26%, Portfolio: $986,773

219/223: 2025-03-07: Added=DASH, Removed=BWA
  Holding Period End Date: 2025-03-17
    YFinance output for DASH: 1 Failed download:
['EMC']: YFPricesMissingError('possibly delisted; no price data found  (1d 2016-08-31 00:00:00 -> 2016-09-06) (Yahoo error = "Data doesn\'t exist for startDate = 1472616000, endDate = 1473134400")')

1 Failed download:
['EMC']: YFPricesMissingError('possibly delisted; no price data found  (1d 2016-08-31 00:00:00 -> 2016-09-06) (Yahoo error = "Data doesn\'t exist for startDate = 1472616000, endDate = 1473134400")')
  ✓ S1: DASH -3.51%, Portfolio: $3,206,824
  ✗ S2: Error processing DASH/BWA: cannot convert the series to <class 'float'>

220/223: 2025-05-12: Added=COIN, Removed=DFS
  Holding Period End Date: 2025-05-20
  ✓ S1: COIN 10.15%, Portfolio: $3,532,236
  ✓ S2: Long COIN (-7.53%), Short DFS (0.15%)
      Combined: -3.69%, Portfolio: $950,329

221/223: 2025-07-02: Added=DDOG, Removed=JNPR
  Holding Period End Date: 2025-07-11
  ✗ S1: Error processing DDOG: cannot convert the series to <class 'float'>
    Warning: No data found for DDOG
  ✗ S2: Insufficient data for DDOG/JNPR

222/223: 2025-07-14: Added=TTD, Removed=ANSS
  Holding Period End Date: 2025-07-22
  ✓ S1: TTD -0.29%, Portfolio: $3,521,942
    Warning: No data found for ANSS
  ✗ S2: Insufficient data for TTD/ANSS

223/223: 2025-07-18: Added=XYZ, Removed=HES
  Holding Period End Date: 2025-07-28
    YFinance output for XYZ: 1 Failed download:
['FRC']: YFTzMissingError('possibly delisted; no timezone found')
    Warning: No data found for XYZ
  ✗ S1: Insufficient data for XYZ
  ✓ S2: Long XYZ (-5.96%), Short HES (6.46%)
      Combined: 0.25%, Portfolio: $952,726

============================================================
FINAL RESULTS
Strategy 1: 118 successful trades, Final: $3,521,942 (252.19%)
Strategy 2: 64 successful trades, Final: $952,726 (-4.73%)
Completed: 2025-08-31 17:19:33
