S&P 500 Index Update Trading Strategy Analysis
Holding Period: 1 trading days
Date Range: 2015-07-02 to 2025-07-18
Timestamp: 2025-08-31 17:14:29
============================================================

1/223: 2015-07-02: Added=KHC, Removed=KRFT
  Holding Period End Date: 2015-07-04
  ✓ S1: KHC 2.29%, Portfolio: $1,022,889
  ✓ S2: Long KHC (2.29%), Short KRFT (-2.24%)
      Combined: 0.03%, Portfolio: $1,000,256

2/223: 2015-07-06: Added=AAP, Removed=FDO
  Holding Period End Date: 2015-07-07
    Warning: No data found for AAP
  ✗ S1: Insufficient data for AAP
    Warning: No data found for AAP
  ✗ S2: Insufficient data for AAP/FDO

3/223: 2015-07-14: Added=PYPL, Removed=NE
  Holding Period End Date: 2015-07-15
    Warning: No data found for PYPL
  ✗ S1: Insufficient data for PYPL
  ✓ S2: Long PYPL (0.07%), Short NE (-0.07%)
      Combined: -0.00%, Portfolio: $1,000,256

4/223: 2015-07-24: Added=SIG, Removed=DTV
  Holding Period End Date: 2015-07-26
    YFinance output for SIG: 1 Failed download:
['FDO']: YFPricesMissingError('possibly delisted; no price data found  (1d 2015-07-06 00:00:00 -> 2015-07-08)')
    Warning: No data found for SIG
  ✗ S1: Insufficient data for SIG
    YFinance output for SIG: 1 Failed download:
['FDO']: YFPricesMissingError('possibly delisted; no price data found  (1d 2015-07-06 00:00:00 -> 2015-07-08)')

1 Failed download:
['FDO']: YFPricesMissingError('possibly delisted; no price data found  (1d 2015-07-06 00:00:00 -> 2015-07-08)')

1 Failed download:
['FDO']: YFPricesMissingError('possibly delisted; no price data found  (1d 2015-07-06 00:00:00 -> 2015-07-08)')
    Warning: No data found for SIG
    YFinance output for DTV: 1 Failed download:
['FDO']: YFPricesMissingError('possibly delisted; no price data found  (1d 2015-07-06 00:00:00 -> 2015-07-14)')

1 Failed download:
['FDO']: YFPricesMissingError('possibly delisted; no price data found  (1d 2015-07-06 00:00:00 -> 2015-07-14)')

1 Failed download:
['FDO']: YFPricesMissingError('possibly delisted; no price data found  (1d 2015-07-06 00:00:00 -> 2015-07-14)')
  ✗ S2: Insufficient data for SIG/DTV

5/223: 2015-08-27: Added=ATVI, Removed=PLL
  Holding Period End Date: 2015-08-28
  ✓ S1: ATVI 1.57%, Portfolio: $1,038,954
  ✓ S2: Long ATVI (1.57%), Short PLL (-1.55%)
      Combined: 0.01%, Portfolio: $1,000,377

6/223: 2015-08-27: Added=UAL, Removed=HSP
  Holding Period End Date: 2015-08-28
    Warning: No data found for UAL
  ✗ S1: Insufficient data for UAL
    YFinance output for HSP: 1 Failed download:
['DTV']: TypeError("argument of type 'NoneType' is not iterable")

1 Failed download:
['DTV']: TypeError("argument of type 'NoneType' is not iterable")

1 Failed download:
['DTV']: TypeError("argument of type 'NoneType' is not iterable")

1 Failed download:
['DTV']: TypeError("argument of type 'NoneType' is not iterable")
  ✓ S2: Long UAL (1.57%), Short HSP (-6.58%)
      Combined: -2.51%, Portfolio: $975,307

7/223: 2015-09-30: Added=VRSK, Removed=JOY
  Holding Period End Date: 2015-10-01
    Warning: No data found for VRSK
  ✗ S1: Insufficient data for VRSK
    YFinance output for VRSK: 1 Failed download:
['FDO']: YFPricesMissingError('possibly delisted; no price data found  (1d 2015-07-06 00:00:00 -> 2015-07-09)')
    Warning: No data found for JOY
  ✗ S2: Insufficient data for VRSK/JOY

8/223: 2015-10-27: Added=HPE, Removed=HCBK
  Holding Period End Date: 2015-10-28
    Warning: No data found for HPE
  ✗ S1: Insufficient data for HPE
    Warning: No data found for HPE
  ✗ S2: Insufficient data for HPE/HCBK

9/223: 2015-11-09: Added=SYF, Removed=GNW
  Holding Period End Date: 2015-11-10
  ✓ S1: SYF -2.00%, Portfolio: $1,018,181
    Warning: No data found for SYF
    Warning: No data found for GNW
  ✗ S2: Insufficient data for SYF/GNW

10/223: 2015-11-12: Added=ILMN, Removed=SIAL
  Holding Period End Date: 2015-11-13
  ✓ S1: ILMN -2.00%, Portfolio: $997,824
  ✗ S2: Error processing ILMN/SIAL: cannot convert the series to <class 'float'>

11/223: 2015-11-23: Added=CSRA, Removed=CSC
  Holding Period End Date: 2015-11-24
    YFinance output for CSRA: 1 Failed download:
['PLL']: YFPricesMissingError('possibly delisted; no price data found  (1d 2015-08-27 00:00:00 -> 2015-09-04) (Yahoo error = "Data doesn\'t exist for startDate = 1440648000, endDate = 1441339200")')

1 Failed download:
['PLL']: YFPricesMissingError('possibly delisted; no price data found  (1d 2015-08-27 00:00:00 -> 2015-09-04) (Yahoo error = "Data doesn\'t exist for startDate = 1440648000, endDate = 1441339200")')

1 Failed download:
['PLL']: YFPricesMissingError('possibly delisted; no price data found  (1d 2015-08-27 00:00:00 -> 2015-09-04) (Yahoo error = "Data doesn\'t exist for startDate = 1440648000, endDate = 1441339200")')

1 Failed download:
['PLL']: YFPricesMissingError('possibly delisted; no price data found  (1d 2015-08-27 00:00:00 -> 2015-09-04) (Yahoo error = "Data doesn\'t exist for startDate = 1440648000, endDate = 1441339200")')

1 Failed download:
['PLL']: YFPricesMissingError('possibly delisted; no price data found  (1d 2015-08-27 00:00:00 -> 2015-09-04) (Yahoo error = "Data doesn\'t exist for startDate = 1440648000, endDate = 1441339200")')
    Warning: No data found for CSRA
  ✗ S1: Insufficient data for CSRA
    YFinance output for CSRA: 1 Failed download:
['PLL']: YFPricesMissingError('possibly delisted; no price data found  (1d 2015-08-27 00:00:00 -> 2015-09-02) (Yahoo error = "Data doesn\'t exist for startDate = 1440648000, endDate = 1441166400")')

1 Failed download:
['PLL']: YFPricesMissingError('possibly delisted; no price data found  (1d 2015-08-27 00:00:00 -> 2015-09-02) (Yahoo error = "Data doesn\'t exist for startDate = 1440648000, endDate = 1441166400")')
    Warning: No data found for CSRA
    YFinance output for CSC: 1 Failed download:
['PLL']: YFPricesMissingError('possibly delisted; no price data found  (1d 2015-08-27 00:00:00 -> 2015-09-03) (Yahoo error = "Data doesn\'t exist for startDate = 1440648000, endDate = 1441252800")')

1 Failed download:
['PLL']: YFPricesMissingError('possibly delisted; no price data found  (1d 2015-08-27 00:00:00 -> 2015-09-03) (Yahoo error = "Data doesn\'t exist for startDate = 1440648000, endDate = 1441252800")')

1 Failed download:
['PLL']: YFPricesMissingError('possibly delisted; no price data found  (1d 2015-08-27 00:00:00 -> 2015-09-03) (Yahoo error = "Data doesn\'t exist for startDate = 1440648000, endDate = 1441252800")')
    Warning: No data found for CSC
  ✗ S2: Insufficient data for CSRA/CSC

12/223: 2015-12-15: Added=nan, Removed=CMCSK
  Holding Period End Date: 2015-12-16

13/223: 2015-12-22: Added=CHD, Removed=ALTR
  Holding Period End Date: 2015-12-23
    YFinance output for CHD: 1 Failed download:
['HSP']: YFPricesMissingError('possibly delisted; no price data found  (1d 2015-08-27 00:00:00 -> 2015-09-08)')

1 Failed download:
['HSP']: YFPricesMissingError('possibly delisted; no price data found  (1d 2015-08-27 00:00:00 -> 2015-09-08)')
    Warning: No data found for CHD
  ✗ S1: Insufficient data for CHD
  ✓ S2: Long CHD (-1.45%), Short ALTR (-6.58%)
      Combined: -4.02%, Portfolio: $936,144

14/223: 2015-12-28: Added=WLTW, Removed=FOSL
  Holding Period End Date: 2015-12-29
    Warning: No data found for WLTW
  ✗ S1: Insufficient data for WLTW
    YFinance output for WLTW: 1 Failed download:
['NE']: YFPricesMissingError('possibly delisted; no price data found  (1d 2015-07-14 00:00:00 -> 2015-07-17) (Yahoo error = "Data doesn\'t exist for startDate = 1436846400, endDate = 1437105600")')
    Warning: No data found for WLTW
  ✗ S2: Insufficient data for WLTW/FOSL

15/223: 2016-01-13: Added=EXR, Removed=ACE
  Holding Period End Date: 2016-01-14
  ✓ S1: EXR 5.75%, Portfolio: $1,055,201
  ✓ S2: Long EXR (5.75%), Short ACE (-5.44%)
      Combined: 0.16%, Portfolio: $937,607

16/223: 2016-01-22: Added=FRT, Removed=BRCM
  Holding Period End Date: 2016-01-24
  ✓ S1: FRT 5.75%, Portfolio: $1,115,878
    YFinance output for FRT: 1 Failed download:
['JOY']: YFPricesMissingError('possibly delisted; no price data found  (1d 2015-09-30 00:00:00 -> 2015-10-02)')

1 Failed download:
['JOY']: YFPricesMissingError('possibly delisted; no price data found  (1d 2015-09-30 00:00:00 -> 2015-10-02)')
    Warning: No data found for FRT
    Warning: No data found for BRCM
  ✗ S2: Insufficient data for FRT/BRCM

17/223: 2016-01-26: Added=CFG, Removed=PCP
  Holding Period End Date: 2016-01-27
  ✓ S1: CFG -2.60%, Portfolio: $1,086,844
    Warning: No data found for CFG
  ✗ S2: Insufficient data for CFG/PCP

18/223: 2016-02-16: Added=CXO, Removed=PCL
  Holding Period End Date: 2016-02-17
  ✓ S1: CXO 3.50%, Portfolio: $1,124,845
    Warning: No data found for CXO
  ✗ S2: Insufficient data for CXO/PCL

19/223: 2016-03-01: Added=AWK, Removed=CNX
  Holding Period End Date: 2016-03-02
  ✓ S1: AWK 3.50%, Portfolio: $1,164,175
    Warning: No data found for AWK
  ✗ S2: Insufficient data for AWK/CNX

20/223: 2016-03-04: Added=UDR, Removed=GMCR
  Holding Period End Date: 2016-03-06
  ✓ S1: UDR 3.50%, Portfolio: $1,204,880
    YFinance output for UDR: 1 Failed download:
['HCBK']: YFPricesMissingError('possibly delisted; no price data found  (1d 2015-10-27 00:00:00 -> 2015-11-06)')

1 Failed download:
['HCBK']: YFPricesMissingError('possibly delisted; no price data found  (1d 2015-10-27 00:00:00 -> 2015-11-06)')
    Warning: No data found for UDR
  ✗ S2: Insufficient data for UDR/GMCR

21/223: 2016-03-24: Added=CNC, Removed=ESV
  Holding Period End Date: 2016-03-26
  ✗ S1: Error processing CNC: cannot convert the series to <class 'float'>
  ✓ S2: Long CNC (0.21%), Short ESV (4.63%)
      Combined: 2.42%, Portfolio: $960,315

22/223: 2016-03-24: Added=HOLX, Removed=POM
  Holding Period End Date: 2016-03-26
  ✓ S1: HOLX -4.43%, Portfolio: $1,151,527
  ✓ S2: Long HOLX (-4.43%), Short POM (4.63%)
      Combined: 0.10%, Portfolio: $961,300

23/223: 2016-03-28: Added=FL, Removed=CAM
  Holding Period End Date: 2016-03-29
  ✓ S1: FL -4.43%, Portfolio: $1,100,537
  ✓ S2: Long FL (-4.43%), Short CAM (-0.21%)
      Combined: -2.32%, Portfolio: $939,007

24/223: 2016-04-07: Added=ULTA, Removed=THC
  Holding Period End Date: 2016-04-08
  ✓ S1: ULTA 0.21%, Portfolio: $1,102,854
  ✓ S2: Long ULTA (6.60%), Short THC (-6.19%)
      Combined: 0.20%, Portfolio: $940,927

25/223: 2016-04-19: Added=GPN, Removed=GME
  Holding Period End Date: 2016-04-20
    Warning: No data found for GPN
  ✗ S1: Insufficient data for GPN
    Warning: No data found for GME
  ✗ S2: Insufficient data for GPN/GME

26/223: 2016-04-26: Added=AYI, Removed=ADT
  Holding Period End Date: 2016-04-27
    Warning: No data found for AYI
  ✗ S1: Insufficient data for AYI
    YFinance output for AYI: 1 Failed download:
['SIAL']: YFPricesMissingError('possibly delisted; no price data found  (1d 2015-11-12 00:00:00 -> 2015-11-18)')

1 Failed download:
['SIAL']: YFPricesMissingError('possibly delisted; no price data found  (1d 2015-11-12 00:00:00 -> 2015-11-18)')
    Warning: No data found for ADT
  ✗ S2: Insufficient data for AYI/ADT

27/223: 2016-05-10: Added=ALK, Removed=SNDK
  Holding Period End Date: 2016-05-11
  ✓ S1: ALK 6.60%, Portfolio: $1,175,672
  ✓ S2: Long ALK (-1.45%), Short SNDK (1.47%)
      Combined: 0.01%, Portfolio: $941,027

28/223: 2016-05-13: Added=DLR, Removed=TWC
  Holding Period End Date: 2016-05-15
  ✓ S1: DLR -1.45%, Portfolio: $1,158,644
    Warning: No data found for DLR
  ✗ S2: Insufficient data for DLR/TWC

29/223: 2016-05-18: Added=LKQ, Removed=ARG
  Holding Period End Date: 2016-05-19
  ✓ S1: LKQ 1.72%, Portfolio: $1,178,604
    Warning: No data found for ARG
  ✗ S2: Insufficient data for LKQ/ARG

30/223: 2016-05-24: Added=AJG, Removed=CCE
  Holding Period End Date: 2016-05-25
  ✓ S1: AJG 1.72%, Portfolio: $1,198,908
    Warning: No data found for CCE
  ✗ S2: Insufficient data for AJG/CCE

31/223: 2016-05-27: Added=TDG, Removed=BXLT
  Holding Period End Date: 2016-05-29
    YFinance output for TDG: 1 Failed download:
['WLTW']: YFTzMissingError('possibly delisted; no timezone found')

1 Failed download:
['WLTW']: YFTzMissingError('possibly delisted; no timezone found')

1 Failed download:
['WLTW']: YFTzMissingError('possibly delisted; no timezone found')
    Warning: No data found for TDG
  ✗ S1: Insufficient data for TDG
    Warning: No data found for TDG
  ✗ S2: Insufficient data for TDG/BXLT

32/223: 2016-06-21: Added=FBHS, Removed=CVC
  Holding Period End Date: 2016-06-22
    Warning: No data found for FBHS
  ✗ S1: Insufficient data for FBHS
  ✓ S2: Long FBHS (-2.60%), Short CVC (2.67%)
      Combined: 0.03%, Portfolio: $941,354

33/223: 2016-06-23: Added=FTV, Removed=CPGX
  Holding Period End Date: 2016-06-24
  ✓ S1: FTV 1.06%, Portfolio: $1,211,652
    Error fetching CPGX: 'EXR'
  ✗ S2: Insufficient data for FTV/CPGX

34/223: 2016-06-23: Added=ALB, Removed=TE
  Holding Period End Date: 2016-06-24
    Warning: No data found for ALB
  ✗ S1: Insufficient data for ALB
    Warning: No data found for ALB
    YFinance output for TE: 1 Failed download:
['BRCM']: YFPricesMissingError('possibly delisted; no price data found  (1d 2016-01-22 00:00:00 -> 2016-02-02)')
    Warning: No data found for TE
  ✗ S2: Insufficient data for ALB/TE

35/223: 2016-06-29: Added=LNT, Removed=GAS
  Holding Period End Date: 2016-06-30
  ✗ S1: Error processing LNT: cannot convert the series to <class 'float'>
    YFinance output for GAS: 1 Failed download:
['ACE']: YFPricesMissingError('possibly delisted; no price data found  (1d 2016-01-13 00:00:00 -> 2016-01-21) (Yahoo error = "Data doesn\'t exist for startDate = 1452661200, endDate = 1453352400")')

1 Failed download:
['ACE']: YFPricesMissingError('possibly delisted; no price data found  (1d 2016-01-13 00:00:00 -> 2016-01-21) (Yahoo error = "Data doesn\'t exist for startDate = 1452661200, endDate = 1453352400")')

1 Failed download:
['ACE']: YFPricesMissingError('possibly delisted; no price data found  (1d 2016-01-13 00:00:00 -> 2016-01-21) (Yahoo error = "Data doesn\'t exist for startDate = 1452661200, endDate = 1453352400")')

1 Failed download:
['ACE']: YFPricesMissingError('possibly delisted; no price data found  (1d 2016-01-13 00:00:00 -> 2016-01-21) (Yahoo error = "Data doesn\'t exist for startDate = 1452661200, endDate = 1453352400")')

1 Failed download:
['ACE']: YFPricesMissingError('possibly delisted; no price data found  (1d 2016-01-13 00:00:00 -> 2016-01-21) (Yahoo error = "Data doesn\'t exist for startDate = 1452661200, endDate = 1453352400")')
    Warning: No data found for GAS
  ✗ S2: Insufficient data for LNT/GAS

36/223: 2016-08-25: Added=MTD, Removed=TYC
  Holding Period End Date: 2016-08-26
  ✓ S1: MTD -0.95%, Portfolio: $1,200,124
    Warning: No data found for TYC
  ✗ S2: Insufficient data for MTD/TYC

37/223: 2016-08-31: Added=CHTR, Removed=EMC
  Holding Period End Date: 2016-09-01
  ✓ S1: CHTR 4.53%, Portfolio: $1,254,540
  ✓ S2: Long CHTR (-0.95%), Short EMC (0.96%)
      Combined: 0.00%, Portfolio: $941,397

38/223: 2016-09-10: Added=COO, Removed=HOT
  Holding Period End Date: 2016-09-12
  ✓ S1: COO 4.53%, Portfolio: $1,311,424
    Warning: No data found for COO
  ✗ S2: Insufficient data for COO/HOT

39/223: 2016-09-27: Added=COTY, Removed=DO
  Holding Period End Date: 2016-09-28
    YFinance output for COTY: 1 Failed download:
['BRCM']: YFPricesMissingError('possibly delisted; no price data found  (1d 2016-01-22 00:00:00 -> 2016-01-28)')

1 Failed download:
['BRCM']: YFPricesMissingError('possibly delisted; no price data found  (1d 2016-01-22 00:00:00 -> 2016-01-28)')

1 Failed download:
['BRCM']: YFPricesMissingError('possibly delisted; no price data found  (1d 2016-01-22 00:00:00 -> 2016-01-28)')

1 Failed download:
['BRCM']: YFPricesMissingError('possibly delisted; no price data found  (1d 2016-01-22 00:00:00 -> 2016-01-28)')
  ✗ S1: Error processing COTY: cannot convert the series to <class 'float'>
    YFinance output for DO: 2 Failed downloads:
['PCP']: YFPricesMissingError('possibly delisted; no price data found  (1d 2016-01-26 00:00:00 -> 2016-02-03) (Yahoo error = "Data doesn\'t exist for startDate = 1453784400, endDate = 1454475600")')
['CXO']: YFTzMissingError('possibly delisted; no timezone found')
    Warning: No data found for DO
  ✗ S2: Insufficient data for COTY/DO

40/223: 2016-11-29: Added=MAA, Removed=OI
  Holding Period End Date: 2016-11-30
  ✓ S1: MAA 4.53%, Portfolio: $1,370,888
    Warning: No data found for MAA
    Warning: No data found for OI
  ✗ S2: Insufficient data for MAA/OI

41/223: 2016-11-29: Added=EVHC, Removed=LM
  Holding Period End Date: 2016-11-30
    YFinance output for EVHC: 1 Failed download:
['CXO']: YFTzMissingError('possibly delisted; no timezone found')

1 Failed download:
['CXO']: YFTzMissingError('possibly delisted; no timezone found')

1 Failed download:
['CXO']: YFTzMissingError('possibly delisted; no timezone found')

1 Failed download:
['CXO']: YFTzMissingError('possibly delisted; no timezone found')

1 Failed download:
['CXO']: YFTzMissingError('possibly delisted; no timezone found')

1 Failed download:
['CXO']: YFTzMissingError('possibly delisted; no timezone found')
    Warning: No data found for EVHC
  ✗ S1: Insufficient data for EVHC
    YFinance output for EVHC: 1 Failed download:
['CXO']: YFTzMissingError('possibly delisted; no timezone found')
  ✓ S2: Long EVHC (4.42%), Short LM (-5.03%)
      Combined: -0.31%, Portfolio: $938,515

42/223: 2017-01-03: Added=IDXX, Removed=STJ
  Holding Period End Date: 2017-01-04
    Warning: No data found for IDXX
  ✗ S1: Insufficient data for IDXX
  ✓ S2: Long IDXX (5.30%), Short STJ (-3.01%)
      Combined: 1.14%, Portfolio: $949,239

43/223: 2017-02-23: Added=INCY, Removed=SE
  Holding Period End Date: 2017-02-24
    YFinance output for INCY: 1 Failed download:
['PCL']: YFPricesMissingError('possibly delisted; no price data found  (1d 2016-02-16 00:00:00 -> 2016-02-19) (Yahoo error = "Data doesn\'t exist for startDate = 1455598800, endDate = 1455858000")')

1 Failed download:
['PCL']: YFPricesMissingError('possibly delisted; no price data found  (1d 2016-02-16 00:00:00 -> 2016-02-19) (Yahoo error = "Data doesn\'t exist for startDate = 1455598800, endDate = 1455858000")')

1 Failed download:
['PCL']: YFPricesMissingError('possibly delisted; no price data found  (1d 2016-02-16 00:00:00 -> 2016-02-19) (Yahoo error = "Data doesn\'t exist for startDate = 1455598800, endDate = 1455858000")')

1 Failed download:
['PCL']: YFPricesMissingError('possibly delisted; no price data found  (1d 2016-02-16 00:00:00 -> 2016-02-19) (Yahoo error = "Data doesn\'t exist for startDate = 1455598800, endDate = 1455858000")')
    Warning: No data found for INCY
  ✗ S1: Insufficient data for INCY
    Warning: No data found for INCY
    YFinance output for SE: 1 Failed download:
['PCL']: YFPricesMissingError('possibly delisted; no price data found  (1d 2016-02-16 00:00:00 -> 2016-02-18) (Yahoo error = "Data doesn\'t exist for startDate = 1455598800, endDate = 1455771600")')

1 Failed download:
['PCL']: YFPricesMissingError('possibly delisted; no price data found  (1d 2016-02-16 00:00:00 -> 2016-02-18) (Yahoo error = "Data doesn\'t exist for startDate = 1455598800, endDate = 1455771600")')
    Warning: No data found for SE
  ✗ S2: Insufficient data for INCY/SE

44/223: 2017-02-23: Added=CBOE, Removed=PBI
  Holding Period End Date: 2017-02-24
  ✓ S1: CBOE 4.42%, Portfolio: $1,431,479
    Warning: No data found for CBOE
  ✗ S2: Insufficient data for CBOE/PBI

45/223: 2017-02-23: Added=REG, Removed=ENDP
  Holding Period End Date: 2017-02-24
  ✗ S1: Error processing REG: cannot convert the series to <class 'float'>
  ✓ S2: Long REG (4.42%), Short ENDP (2.20%)
      Combined: 3.31%, Portfolio: $980,639

46/223: 2017-03-06: Added=DISH, Removed=LLTC
  Holding Period End Date: 2017-03-07
  ✓ S1: DISH 3.11%, Portfolio: $1,475,955
  ✓ S2: Long DISH (3.11%), Short LLTC (-0.34%)
      Combined: 1.38%, Portfolio: $994,220

47/223: 2017-03-10: Added=ARE, Removed=FSLR
  Holding Period End Date: 2017-03-12
    Warning: No data found for ARE
  ✗ S1: Insufficient data for ARE
  ✓ S2: Long ARE (3.11%), Short FSLR (-3.01%)
      Combined: 0.05%, Portfolio: $994,685

48/223: 2017-03-10: Added=RJF, Removed=FTR
  Holding Period End Date: 2017-03-12
    Warning: No data found for RJF
  ✗ S1: Insufficient data for RJF
    YFinance output for RJF: 1 Failed download:
['ESV']: YFTzMissingError('possibly delisted; no timezone found')
    Warning: No data found for RJF
  ✗ S2: Insufficient data for RJF/FTR

49/223: 2017-03-10: Added=AMD, Removed=URBN
  Holding Period End Date: 2017-03-12
    YFinance output for AMD: 1 Failed download:
['ESV']: YFTzMissingError('possibly delisted; no timezone found')

1 Failed download:
['ESV']: YFTzMissingError('possibly delisted; no timezone found')
  ✗ S1: Insufficient data for AMD
    Warning: No data found for AMD
    Warning: No data found for URBN
  ✗ S2: Insufficient data for AMD/URBN

50/223: 2017-03-13: Added=SNPS, Removed=HAR
  Holding Period End Date: 2017-03-14
  ✓ S1: SNPS -2.15%, Portfolio: $1,444,242
  ✓ S2: Long SNPS (2.66%), Short HAR (-0.64%)
      Combined: 1.01%, Portfolio: $1,004,749

51/223: 2017-03-28: Added=DXC, Removed=SWN
  Holding Period End Date: 2017-03-29
  ✓ S1: DXC 0.64%, Portfolio: $1,453,492
  ✗ S2: Insufficient data for DXC/SWN

52/223: 2017-03-29: Added=IT, Removed=DNB
  Holding Period End Date: 2017-03-30
    YFinance output for IT: 1 Failed download:
['POM']: YFPricesMissingError('possibly delisted; no price data found  (1d 2016-03-24 00:00:00 -> 2016-04-01)')

1 Failed download:
['POM']: YFPricesMissingError('possibly delisted; no price data found  (1d 2016-03-24 00:00:00 -> 2016-04-01)')

1 Failed download:
['POM']: YFPricesMissingError('possibly delisted; no price data found  (1d 2016-03-24 00:00:00 -> 2016-04-01)')
    Warning: No data found for IT
  ✗ S1: Insufficient data for IT
  ✗ S2: Insufficient data for IT/DNB

53/223: 2017-05-24: Added=INFO, Removed=TGNA
  Holding Period End Date: 2017-05-25
  ✓ S1: INFO 0.94%, Portfolio: $1,467,091
  ✓ S2: Long INFO (0.14%), Short TGNA (-0.93%)
      Combined: -0.39%, Portfolio: $1,000,787

54/223: 2017-06-09: Added=ANSS, Removed=R
  Holding Period End Date: 2017-06-11
    Warning: No data found for ANSS
  ✗ S1: Insufficient data for ANSS
  ✓ S2: Long ANSS (0.64%), Short R (-0.93%)
      Combined: -0.14%, Portfolio: $999,354

55/223: 2017-06-09: Added=ALGN, Removed=TDC
  Holding Period End Date: 2017-06-11
    Warning: No data found for ALGN
  ✗ S1: Insufficient data for ALGN
    Warning: No data found for TDC
  ✗ S2: Insufficient data for ALGN/TDC

56/223: 2017-06-09: Added=HLT, Removed=YHOO
  Holding Period End Date: 2017-06-11
  ✓ S1: HLT 3.29%, Portfolio: $1,515,384
  ✓ S2: Long HLT (0.94%), Short YHOO (-1.62%)
      Combined: -0.34%, Portfolio: $995,930

57/223: 2017-06-12: Added=RE, Removed=MJN
  Holding Period End Date: 2017-06-13
  ✗ S1: Error processing RE: cannot convert the series to <class 'float'>
  ✓ S2: Long RE (3.29%), Short MJN (-1.62%)
      Combined: 0.84%, Portfolio: $1,004,252

58/223: 2017-06-30: Added=BKR, Removed=BHI
  Holding Period End Date: 2017-07-02
  ✓ S1: BKR -0.78%, Portfolio: $1,503,514
    YFinance output for BHI: 1 Failed download:
['MJN']: YFPricesMissingError('possibly delisted; no price data found  (1d 2017-06-12 00:00:00 -> 2017-06-16)')

1 Failed download:
['MJN']: YFPricesMissingError('possibly delisted; no price data found  (1d 2017-06-12 00:00:00 -> 2017-06-16)')

1 Failed download:
['MJN']: YFPricesMissingError('possibly delisted; no price data found  (1d 2017-06-12 00:00:00 -> 2017-06-16)')
    Warning: No data found for BHI
  ✗ S2: Insufficient data for BKR/BHI

59/223: 2017-07-19: Added=MGM, Removed=RAI
  Holding Period End Date: 2017-07-20
  ✓ S1: MGM -0.78%, Portfolio: $1,491,738
  ✓ S2: Long MGM (1.36%), Short RAI (-3.19%)
      Combined: -0.92%, Portfolio: $995,058

60/223: 2017-07-19: Added=RMD, Removed=MNK
  Holding Period End Date: 2017-07-20
  ✓ S1: RMD 1.65%, Portfolio: $1,516,313
  ✓ S2: Long RMD (-0.78%), Short MNK (0.79%)
      Combined: 0.00%, Portfolio: $995,089

61/223: 2017-07-19: Added=PKG, Removed=MUR
  Holding Period End Date: 2017-07-20
  ✓ S1: PKG -0.71%, Portfolio: $1,505,612
  ✓ S2: Long PKG (-0.71%), Short MUR (0.71%)
      Combined: 0.00%, Portfolio: $995,114

62/223: 2017-07-19: Added=AOS, Removed=BBBY
  Holding Period End Date: 2017-07-20
  ✓ S1: AOS -0.78%, Portfolio: $1,493,819
  ✗ S2: Error processing AOS/BBBY: cannot convert the series to <class 'float'>

63/223: 2017-07-19: Added=DRE, Removed=RIG
  Holding Period End Date: 2017-07-20
    YFinance output for DRE: 1 Failed download:
['ADT']: YFPricesMissingError('possibly delisted; no price data found  (1d 2016-04-26 00:00:00 -> 2016-04-28) (Yahoo error = "Data doesn\'t exist for startDate = 1461643200, endDate = 1461816000")')

1 Failed download:
['ADT']: YFPricesMissingError('possibly delisted; no price data found  (1d 2016-04-26 00:00:00 -> 2016-04-28) (Yahoo error = "Data doesn\'t exist for startDate = 1461643200, endDate = 1461816000")')
  ✓ S1: DRE -2.50%, Portfolio: $1,456,543
    Warning: No data found for RIG
  ✗ S2: Insufficient data for DRE/RIG

64/223: 2017-07-31: Added=BHF, Removed=AN
  Holding Period End Date: 2017-08-01
    Warning: No data found for BHF
  ✗ S1: Insufficient data for BHF
    Warning: No data found for BHF
  ✗ S2: Insufficient data for BHF/AN

65/223: 2017-08-24: Added=Q, Removed=WFM
  Holding Period End Date: 2017-08-25
  ✓ S1: Q -0.71%, Portfolio: $1,446,264
    Warning: No data found for Q
    Warning: No data found for WFM
  ✗ S2: Insufficient data for Q/WFM

66/223: 2017-08-24: Added=SBAC, Removed=DD
  Holding Period End Date: 2017-08-25
    Warning: No data found for SBAC
  ✗ S1: Insufficient data for SBAC
    YFinance output for SBAC: 1 Failed download:
['DRE']: YFTzMissingError('possibly delisted; no timezone found')

1 Failed download:
['DRE']: YFTzMissingError('possibly delisted; no timezone found')
    Warning: No data found for DD
  ✗ S2: Insufficient data for SBAC/DD

67/223: 2017-08-24: Added=DWDP, Removed=DOW
  Holding Period End Date: 2017-08-25
  ✗ S1: Error processing DWDP: cannot convert the series to <class 'float'>
    Warning: No data found for DOW
  ✗ S2: Insufficient data for DWDP/DOW

68/223: 2017-08-24: Added=CDNS, Removed=SPLS
  Holding Period End Date: 2017-08-25
  ✓ S1: CDNS -1.66%, Portfolio: $1,422,303
    Warning: No data found for CDNS
  ✗ S2: Insufficient data for CDNS/SPLS

69/223: 2017-10-04: Added=NCLH, Removed=LVLT
  Holding Period End Date: 2017-10-05
    Warning: No data found for NCLH
  ✗ S1: Insufficient data for NCLH
    Warning: No data found for LVLT
  ✗ S2: Insufficient data for NCLH/LVLT

70/223: 2017-12-28: Added=HII, Removed=BCR
  Holding Period End Date: 2017-12-29
    Warning: No data found for HII
  ✗ S1: Insufficient data for HII
    Warning: No data found for HII
    YFinance output for BCR: 2 Failed downloads:
['ALTR', 'FBHS']: YFTzMissingError('possibly delisted; no timezone found')

2 Failed downloads:
['ALTR', 'FBHS']: YFTzMissingError('possibly delisted; no timezone found')

2 Failed downloads:
['ALTR', 'FBHS']: YFTzMissingError('possibly delisted; no timezone found')

2 Failed downloads:
['ALTR', 'FBHS']: YFTzMissingError('possibly delisted; no timezone found')
    Warning: No data found for BCR
  ✗ S2: Insufficient data for HII/BCR

71/223: 2018-03-02: Added=IPGP, Removed=SNI
  Holding Period End Date: 2018-03-04
    Warning: No data found for IPGP
  ✗ S1: Insufficient data for IPGP
    YFinance output for IPGP: 1 Failed download:
['CCE']: YFPricesMissingError('possibly delisted; no price data found  (1d 2016-05-24 00:00:00 -> 2016-05-26)')
    Warning: No data found for SNI
  ✗ S2: Insufficient data for IPGP/SNI

72/223: 2018-03-09: Added=TTWO, Removed=SIG
  Holding Period End Date: 2018-03-11
    Warning: No data found for TTWO
  ✗ S1: Insufficient data for TTWO
    Warning: No data found for TTWO
    Warning: No data found for SIG
  ✗ S2: Insufficient data for TTWO/SIG

73/223: 2018-03-09: Added=NKTR, Removed=CHK
  Holding Period End Date: 2018-03-11
  ✓ S1: NKTR 0.02%, Portfolio: $1,422,598
    Warning: No data found for NKTR
    Warning: No data found for CHK
  ✗ S2: Insufficient data for NKTR/CHK

74/223: 2018-03-09: Added=SIVB, Removed=PDCO
  Holding Period End Date: 2018-03-11
    YFinance output for SIVB: 2 Failed downloads:
['CCE']: YFPricesMissingError('possibly delisted; no price data found  (1d 2016-05-24 00:00:00 -> 2016-05-27)')
['CVC']: YFPricesMissingError('possibly delisted; no price data found  (1d 2016-06-21 00:00:00 -> 2016-06-27)')

2 Failed downloads:
['CCE']: YFPricesMissingError('possibly delisted; no price data found  (1d 2016-05-24 00:00:00 -> 2016-05-27)')
['CVC']: YFPricesMissingError('possibly delisted; no price data found  (1d 2016-06-21 00:00:00 -> 2016-06-27)')

2 Failed downloads:
['CCE']: YFPricesMissingError('possibly delisted; no price data found  (1d 2016-05-24 00:00:00 -> 2016-05-27)')
['CVC']: YFPricesMissingError('possibly delisted; no price data found  (1d 2016-06-21 00:00:00 -> 2016-06-27)')

2 Failed downloads:
['CCE']: YFPricesMissingError('possibly delisted; no price data found  (1d 2016-05-24 00:00:00 -> 2016-05-27)')
['CVC']: YFPricesMissingError('possibly delisted; no price data found  (1d 2016-06-21 00:00:00 -> 2016-06-27)')

2 Failed downloads:
['CCE']: YFPricesMissingError('possibly delisted; no price data found  (1d 2016-05-24 00:00:00 -> 2016-05-27)')
['CVC']: YFPricesMissingError('possibly delisted; no price data found  (1d 2016-06-21 00:00:00 -> 2016-06-27)')
    Warning: No data found for SIVB
  ✗ S1: Insufficient data for SIVB
    YFinance output for SIVB: 2 Failed downloads:
['CCE']: YFPricesMissingError('possibly delisted; no price data found  (1d 2016-05-24 00:00:00 -> 2016-05-27)')
['CVC']: YFPricesMissingError('possibly delisted; no price data found  (1d 2016-06-21 00:00:00 -> 2016-06-27)')

2 Failed downloads:
['CCE']: YFPricesMissingError('possibly delisted; no price data found  (1d 2016-05-24 00:00:00 -> 2016-05-27)')
['CVC']: YFPricesMissingError('possibly delisted; no price data found  (1d 2016-06-21 00:00:00 -> 2016-06-27)')

2 Failed downloads:
['CCE']: YFPricesMissingError('possibly delisted; no price data found  (1d 2016-05-24 00:00:00 -> 2016-05-27)')
['CVC']: YFPricesMissingError('possibly delisted; no price data found  (1d 2016-06-21 00:00:00 -> 2016-06-27)')
    Warning: No data found for SIVB
    Warning: No data found for PDCO
  ✗ S2: Insufficient data for SIVB/PDCO

75/223: 2018-03-28: Added=MSCI, Removed=CSRA
  Holding Period End Date: 2018-03-29
    Warning: No data found for MSCI
  ✗ S1: Insufficient data for MSCI
    Warning: No data found for MSCI
    Warning: No data found for CSRA
  ✗ S2: Insufficient data for MSCI/CSRA

76/223: 2018-05-25: Added=ABMD, Removed=WYN
  Holding Period End Date: 2018-05-27
    Warning: No data found for ABMD
  ✗ S1: Insufficient data for ABMD
    Warning: No data found for ABMD
    Warning: No data found for WYN
  ✗ S2: Insufficient data for ABMD/WYN

77/223: 2018-05-31: Added=EVRG, Removed=NAVI
  Holding Period End Date: 2018-06-01
  ✗ S1: Error processing EVRG: cannot convert the series to <class 'float'>
    Warning: No data found for NAVI
  ✗ S2: Insufficient data for EVRG/NAVI

78/223: 2018-06-04: Added=TWTR, Removed=MON
  Holding Period End Date: 2018-06-05
  ✗ S1: Insufficient data for TWTR
    Warning: No data found for MON
  ✗ S2: Insufficient data for TWTR/MON

79/223: 2018-06-08: Added=HFC, Removed=AYI
  Holding Period End Date: 2018-06-10
  ✓ S1: HFC 0.81%, Portfolio: $1,434,071
    Warning: No data found for AYI
  ✗ S2: Insufficient data for HFC/AYI

80/223: 2018-06-08: Added=BR, Removed=RRC
  Holding Period End Date: 2018-06-10
    YFinance output for BR: 1 Failed download:
['ACE']: YFPricesMissingError('possibly delisted; no price data found  (1d 2016-01-13 00:00:00 -> 2016-01-22) (Yahoo error = "Data doesn\'t exist for startDate = 1452661200, endDate = 1453438800")')

1 Failed download:
['ACE']: YFPricesMissingError('possibly delisted; no price data found  (1d 2016-01-13 00:00:00 -> 2016-01-22) (Yahoo error = "Data doesn\'t exist for startDate = 1452661200, endDate = 1453438800")')
    Warning: No data found for BR
  ✗ S1: Insufficient data for BR
  ✗ S2: Error processing BR/RRC: cannot convert the series to <class 'float'>

81/223: 2018-06-15: Added=FLT, Removed=TWX
  Holding Period End Date: 2018-06-17
    Warning: No data found for FLT
  ✗ S1: Insufficient data for FLT
    YFinance output for TWX: 1 Failed download:
['FTV']: YFPricesMissingError('possibly delisted; no price data found  (1d 2016-06-23 00:00:00 -> 2016-06-28) (Yahoo error = "Data doesn\'t exist for startDate = 1466654400, endDate = 1467086400")')

1 Failed download:
['FTV']: YFPricesMissingError('possibly delisted; no price data found  (1d 2016-06-23 00:00:00 -> 2016-06-28) (Yahoo error = "Data doesn\'t exist for startDate = 1466654400, endDate = 1467086400")')

1 Failed download:
['FTV']: YFPricesMissingError('possibly delisted; no price data found  (1d 2016-06-23 00:00:00 -> 2016-06-28) (Yahoo error = "Data doesn\'t exist for startDate = 1466654400, endDate = 1467086400")')

1 Failed download:
['FTV']: YFPricesMissingError('possibly delisted; no price data found  (1d 2016-06-23 00:00:00 -> 2016-06-28) (Yahoo error = "Data doesn\'t exist for startDate = 1466654400, endDate = 1467086400")')
    Warning: No data found for TWX
  ✗ S2: Insufficient data for FLT/TWX

82/223: 2018-06-25: Added=CPRT, Removed=DPS
  Holding Period End Date: 2018-06-26
  ✓ S1: CPRT 0.81%, Portfolio: $1,445,636
    Warning: No data found for CPRT
  ✗ S2: Insufficient data for CPRT/DPS

83/223: 2018-08-23: Added=ANET, Removed=GGP
  Holding Period End Date: 2018-08-24
  ✓ S1: ANET 4.51%, Portfolio: $1,510,890
    Warning: No data found for ANET
  ✗ S2: Insufficient data for ANET/GGP

84/223: 2018-09-11: Added=WCG, Removed=XL
  Holding Period End Date: 2018-09-12
  ✓ S1: WCG -6.42%, Portfolio: $1,413,864
    Warning: No data found for WCG
    Warning: No data found for XL
  ✗ S2: Insufficient data for WCG/XL

85/223: 2018-09-25: Added=ROL, Removed=ANDV
  Holding Period End Date: 2018-09-26
  ✓ S1: ROL 4.51%, Portfolio: $1,477,683
  ✗ S2: Error processing ROL/ANDV: cannot convert the series to <class 'float'>

86/223: 2018-10-04: Added=FTNT, Removed=EVHC
  Holding Period End Date: 2018-10-05
  ✓ S1: FTNT -0.50%, Portfolio: $1,470,324
  ✓ S2: Long FTNT (-0.42%), Short EVHC (-4.34%)
      Combined: -2.38%, Portfolio: $971,423

87/223: 2018-10-30: Added=KEYS, Removed=CA
  Holding Period End Date: 2018-10-31
  ✓ S1: KEYS -0.50%, Portfolio: $1,463,001
    Warning: No data found for CA
  ✗ S2: Insufficient data for KEYS/CA

88/223: 2018-11-07: Added=JKHY, Removed=EQT
  Holding Period End Date: 2018-11-08
  ✗ S1: Error processing JKHY: cannot convert the series to <class 'float'>
    YFinance output for JKHY: 1 Failed download:
['EMC']: YFPricesMissingError('possibly delisted; no price data found  (1d 2016-08-31 00:00:00 -> 2016-09-09) (Yahoo error = "Data doesn\'t exist for startDate = 1472616000, endDate = 1473393600")')
    Warning: No data found for JKHY
  ✗ S2: Insufficient data for JKHY/EQT

89/223: 2018-11-26: Added=FANG, Removed=SRCL
  Holding Period End Date: 2018-11-27
    YFinance output for FANG: 1 Failed download:
['DO']: YFTzMissingError('possibly delisted; no timezone found')

1 Failed download:
['DO']: YFTzMissingError('possibly delisted; no timezone found')

1 Failed download:
['DO']: YFTzMissingError('possibly delisted; no timezone found')

1 Failed download:
['DO']: YFTzMissingError('possibly delisted; no timezone found')

1 Failed download:
['DO']: YFTzMissingError('possibly delisted; no timezone found')

1 Failed download:
['DO']: YFTzMissingError('possibly delisted; no timezone found')
    Warning: No data found for FANG
  ✗ S1: Insufficient data for FANG
    YFinance output for FANG: 1 Failed download:
['DO']: YFTzMissingError('possibly delisted; no timezone found')

1 Failed download:
['DO']: YFTzMissingError('possibly delisted; no timezone found')

1 Failed download:
['DO']: YFTzMissingError('possibly delisted; no timezone found')
  ✓ S2: Long FANG (-0.42%), Short SRCL (2.38%)
      Combined: 0.98%, Portfolio: $980,919

90/223: 2018-11-26: Added=MXIM, Removed=AET
  Holding Period End Date: 2018-11-27
  ✗ S1: Error processing MXIM: cannot convert the series to <class 'float'>
  ✓ S2: Long MXIM (1.58%), Short AET (2.38%)
      Combined: 1.98%, Portfolio: $1,000,327

91/223: 2018-11-26: Added=LW, Removed=COL
  Holding Period End Date: 2018-11-27
  ✓ S1: LW -2.32%, Portfolio: $1,429,003
  ✓ S2: Long LW (1.58%), Short COL (-5.03%)
      Combined: -1.73%, Portfolio: $983,051

92/223: 2018-12-27: Added=CE, Removed=ESRX
  Holding Period End Date: 2018-12-28
  ✗ S1: Error processing CE: cannot convert the series to <class 'float'>
  ✓ S2: Long CE (1.58%), Short ESRX (-1.09%)
      Combined: 0.25%, Portfolio: $985,466

93/223: 2018-12-27: Added=FRC, Removed=SCG
  Holding Period End Date: 2018-12-28
    Warning: No data found for FRC
  ✗ S1: Insufficient data for FRC
    Warning: No data found for SCG
  ✗ S2: Insufficient data for FRC/SCG

94/223: 2019-01-15: Added=TFX, Removed=PCG
  Holding Period End Date: 2019-01-16
  ✓ S1: TFX 1.58%, Portfolio: $1,451,551
  ✗ S2: Error processing TFX/PCG: cannot convert the series to <class 'float'>

95/223: 2019-02-08: Added=ATO, Removed=NFX
  Holding Period End Date: 2019-02-10
  ✗ S1: Error processing ATO: cannot convert the series to <class 'float'>
  ✓ S2: Long ATO (7.59%), Short NFX (2.38%)
      Combined: 4.99%, Portfolio: $1,034,604

96/223: 2019-02-21: Added=WAB, Removed=GT
  Holding Period End Date: 2019-02-22
    YFinance output for WAB: 2 Failed downloads:
['STJ']: YFPricesMissingError('possibly delisted; no price data found  (1d 2017-01-03 00:00:00 -> 2017-01-10)')
['LM']: YFTzMissingError('possibly delisted; no timezone found')

2 Failed downloads:
['STJ']: YFPricesMissingError('possibly delisted; no price data found  (1d 2017-01-03 00:00:00 -> 2017-01-10)')
['LM']: YFTzMissingError('possibly delisted; no timezone found')

2 Failed downloads:
['STJ']: YFPricesMissingError('possibly delisted; no price data found  (1d 2017-01-03 00:00:00 -> 2017-01-10)')
['LM']: YFTzMissingError('possibly delisted; no timezone found')

2 Failed downloads:
['STJ']: YFPricesMissingError('possibly delisted; no price data found  (1d 2017-01-03 00:00:00 -> 2017-01-10)')
['LM']: YFTzMissingError('possibly delisted; no timezone found')
  ✓ S1: WAB 0.23%, Portfolio: $1,454,824
  ✓ S2: Long WAB (7.59%), Short GT (3.00%)
      Combined: 5.30%, Portfolio: $1,089,425

97/223: 2019-03-14: Added=FOXA, Removed=FOXA
  Holding Period End Date: 2019-03-15
  ✓ S1: FOXA -1.40%, Portfolio: $1,434,412
    Warning: No data found for FOXA
  ✗ S2: Insufficient data for FOXA/FOXA

98/223: 2019-03-14: Added=FOX, Removed=FOX
  Holding Period End Date: 2019-03-15
  ✓ S1: FOX -0.70%, Portfolio: $1,424,404
  ✗ S2: Error processing FOX/FOX: cannot convert the series to <class 'float'>

99/223: 2019-03-26: Added=DOW, Removed=BHF
  Holding Period End Date: 2019-03-27
    YFinance output for DOW: 1 Failed download:
['STJ']: YFPricesMissingError('possibly delisted; no price data found  (1d 2017-01-03 00:00:00 -> 2017-01-17)')

1 Failed download:
['STJ']: YFPricesMissingError('possibly delisted; no price data found  (1d 2017-01-03 00:00:00 -> 2017-01-17)')

1 Failed download:
['STJ']: YFPricesMissingError('possibly delisted; no price data found  (1d 2017-01-03 00:00:00 -> 2017-01-17)')

1 Failed download:
['STJ']: YFPricesMissingError('possibly delisted; no price data found  (1d 2017-01-03 00:00:00 -> 2017-01-17)')
    Warning: No data found for DOW
  ✗ S1: Insufficient data for DOW
  ✓ S2: Long DOW (7.59%), Short BHF (-7.06%)
      Combined: 0.27%, Portfolio: $1,092,344

100/223: 2019-05-28: Added=CTVA, Removed=FLR
  Holding Period End Date: 2019-05-29
  ✗ S1: Error processing CTVA: cannot convert the series to <class 'float'>
    Warning: No data found for FLR
  ✗ S2: Insufficient data for CTVA/FLR

101/223: 2019-05-28: Added=DD, Removed=DWDP
  Holding Period End Date: 2019-05-29
  ✓ S1: DD -0.70%, Portfolio: $1,414,465
  ✓ S2: Long DD (7.59%), Short DWDP (-0.34%)
      Combined: 3.63%, Portfolio: $1,131,975

102/223: 2019-06-03: Added=BMS, Removed=MAT
  Holding Period End Date: 2019-06-04
  ✓ S1: BMS 7.59%, Portfolio: $1,521,869
    Warning: No data found for BMS
    YFinance output for MAT: 1 Failed download:
['ENDP']: YFTzMissingError('possibly delisted; no timezone found')

2 Failed downloads:
['ENDP']: YFTzMissingError('possibly delisted; no timezone found')
['SE']: YFPricesMissingError('possibly delisted; no price data found  (1d 2017-02-23 00:00:00 -> 2017-03-08) (Yahoo error = "Data doesn\'t exist for startDate = 1487826000, endDate = 1488949200")')
    Warning: No data found for MAT
  ✗ S2: Insufficient data for BMS/MAT

103/223: 2019-06-03: Added=AMCR, Removed=BMS
  Holding Period End Date: 2019-06-04
  ✓ S1: AMCR 0.34%, Portfolio: $1,527,017
    Warning: No data found for BMS
  ✗ S2: Insufficient data for AMCR/BMS

104/223: 2019-06-24: Added=MKTX, Removed=LLL
  Holding Period End Date: 2019-06-25
    Warning: No data found for MKTX
  ✗ S1: Insufficient data for MKTX
    Warning: No data found for MKTX
    Warning: No data found for LLL
  ✗ S2: Insufficient data for MKTX/LLL

105/223: 2019-07-09: Added=TMUS, Removed=RHT
  Holding Period End Date: 2019-07-10
  ✗ S1: Error processing TMUS: cannot convert the series to <class 'float'>
    YFinance output for TMUS: 1 Failed download:
['LLTC']: YFPricesMissingError('possibly delisted; no price data found  (1d 2017-03-06 00:00:00 -> 2017-03-08)')

1 Failed download:
['LLTC']: YFPricesMissingError('possibly delisted; no price data found  (1d 2017-03-06 00:00:00 -> 2017-03-08)')
  ✓ S2: Long TMUS (1.88%), Short RHT (0.79%)
      Combined: 1.33%, Portfolio: $1,147,084

106/223: 2019-08-01: Added=IEX, Removed=FL
  Holding Period End Date: 2019-08-02
    Warning: No data found for IEX
  ✗ S1: Insufficient data for IEX
    Warning: No data found for IEX
  ✗ S2: Insufficient data for IEX/FL

107/223: 2019-08-01: Added=LDOS, Removed=APC
  Holding Period End Date: 2019-08-02
    Warning: No data found for LDOS
  ✗ S1: Insufficient data for LDOS
    Warning: No data found for LDOS
  ✗ S2: Insufficient data for LDOS/APC

108/223: 2019-09-17: Added=CDW, Removed=TSS
  Holding Period End Date: 2019-09-18
    Warning: No data found for CDW
  ✗ S1: Insufficient data for CDW
    Warning: No data found for CDW
    Warning: No data found for TSS
  ✗ S2: Insufficient data for CDW/TSS

109/223: 2019-09-20: Added=NVR, Removed=JEF
  Holding Period End Date: 2019-09-22
    Warning: No data found for NVR
  ✗ S1: Insufficient data for NVR
    Warning: No data found for JEF
  ✗ S2: Insufficient data for NVR/JEF

110/223: 2019-09-20: Added=LVS, Removed=NKTR
  Holding Period End Date: 2019-09-22
  ✓ S1: LVS 2.66%, Portfolio: $1,567,635
  ✓ S2: Long LVS (-3.81%), Short NKTR (-0.26%)
      Combined: -2.04%, Portfolio: $1,123,736

111/223: 2019-11-18: Added=NOW, Removed=CELG
  Holding Period End Date: 2019-11-19
  ✓ S1: NOW -0.29%, Portfolio: $1,563,089
    Warning: No data found for NOW
  ✗ S2: Insufficient data for NOW/CELG

112/223: 2019-11-27: Added=WRB, Removed=VIAB
  Holding Period End Date: 2019-11-29
  ✓ S1: WRB -3.81%, Portfolio: $1,503,471
  ✓ S2: Long WRB (4.29%), Short VIAB (1.88%)
      Combined: 3.09%, Portfolio: $1,158,413

113/223: 2019-12-02: Added=ODFL, Removed=STI
  Holding Period End Date: 2019-12-03
  ✓ S1: ODFL 2.66%, Portfolio: $1,543,463
  ✓ S2: Long ODFL (-1.69%), Short STI (0.29%)
      Combined: -0.70%, Portfolio: $1,150,300

114/223: 2019-12-13: Added=ZBRA, Removed=TRIP
  Holding Period End Date: 2019-12-15
  ✓ S1: ZBRA 2.66%, Portfolio: $1,584,518
  ✓ S2: Long ZBRA (-1.84%), Short TRIP (-5.02%)
      Combined: -3.43%, Portfolio: $1,110,821

115/223: 2019-12-13: Added=LYV, Removed=AMG
  Holding Period End Date: 2019-12-15
  ✓ S1: LYV 2.66%, Portfolio: $1,626,666
  ✓ S2: Long LYV (-1.84%), Short AMG (-2.59%)
      Combined: -2.22%, Portfolio: $1,086,183

116/223: 2019-12-13: Added=STE, Removed=MAC
  Holding Period End Date: 2019-12-15
  ✓ S1: STE 0.14%, Portfolio: $1,628,913
  ✗ S2: Error processing STE/MAC: cannot convert the series to <class 'float'>

117/223: 2020-01-22: Added=PAYC, Removed=WCG
  Holding Period End Date: 2020-01-23
  ✓ S1: PAYC 3.63%, Portfolio: $1,687,971
    YFinance output for PAYC: 1 Failed download:
['SWN']: YFTzMissingError('possibly delisted; no timezone found')

1 Failed download:
['SWN']: YFTzMissingError('possibly delisted; no timezone found')

1 Failed download:
['SWN']: YFTzMissingError('possibly delisted; no timezone found')

1 Failed download:
['SWN']: YFTzMissingError('possibly delisted; no timezone found')

1 Failed download:
['SWN']: YFTzMissingError('possibly delisted; no timezone found')
    Warning: No data found for WCG
  ✗ S2: Insufficient data for PAYC/WCG

118/223: 2020-02-27: Added=IR, Removed=XEC
  Holding Period End Date: 2020-02-28
  ✓ S1: IR 0.64%, Portfolio: $1,698,782
    Warning: No data found for IR
    YFinance output for XEC: 1 Failed download:
['INFO']: YFPricesMissingError('possibly delisted; no price data found  (1d 2017-05-24 00:00:00 -> 2017-06-01) (Yahoo error = "Data doesn\'t exist for startDate = 1495598400, endDate = 1496289600")')

1 Failed download:
['INFO']: YFPricesMissingError('possibly delisted; no price data found  (1d 2017-05-24 00:00:00 -> 2017-06-01) (Yahoo error = "Data doesn\'t exist for startDate = 1495598400, endDate = 1496289600")')
  ✗ S2: Insufficient data for IR/XEC

119/223: 2020-03-31: Added=nan, Removed=M
  Holding Period End Date: 2020-04-01

120/223: 2020-03-31: Added=nan, Removed=RTN
  Holding Period End Date: 2020-04-01

121/223: 2020-03-31: Added=CARR, Removed=nan
  Holding Period End Date: 2020-04-01
    YFinance output for CARR: 1 Failed download:
['INFO']: YFPricesMissingError('possibly delisted; no price data found  (1d 2017-05-24 00:00:00 -> 2017-05-26) (Yahoo error = "Data doesn\'t exist for startDate = 1495598400, endDate = 1495771200")')

1 Failed download:
['INFO']: YFPricesMissingError('possibly delisted; no price data found  (1d 2017-05-24 00:00:00 -> 2017-05-26) (Yahoo error = "Data doesn\'t exist for startDate = 1495598400, endDate = 1495771200")')

1 Failed download:
['INFO']: YFPricesMissingError('possibly delisted; no price data found  (1d 2017-05-24 00:00:00 -> 2017-05-26) (Yahoo error = "Data doesn\'t exist for startDate = 1495598400, endDate = 1495771200")')

1 Failed download:
['INFO']: YFPricesMissingError('possibly delisted; no price data found  (1d 2017-05-24 00:00:00 -> 2017-05-26) (Yahoo error = "Data doesn\'t exist for startDate = 1495598400, endDate = 1495771200")')
    Warning: No data found for CARR
  ✗ S1: Insufficient data for CARR

122/223: 2020-03-31: Added=OTIS, Removed=nan
  Holding Period End Date: 2020-04-01
  ✓ S1: OTIS 5.28%, Portfolio: $1,788,554

123/223: 2020-05-05: Added=HWM, Removed=ARNC
  Holding Period End Date: 2020-05-06
    Warning: No data found for HWM
  ✗ S1: Insufficient data for HWM
    Warning: No data found for ARNC
  ✗ S2: Insufficient data for HWM/ARNC

124/223: 2020-05-06: Added=DXCM, Removed=AGN
  Holding Period End Date: 2020-05-07
  ✓ S1: DXCM 0.14%, Portfolio: $1,791,024
  ✓ S2: Long DXCM (-1.70%), Short AGN (-0.14%)
      Combined: -0.92%, Portfolio: $1,076,188

125/223: 2020-05-06: Added=DPZ, Removed=CPRI
  Holding Period End Date: 2020-05-07
  ✓ S1: DPZ 1.11%, Portfolio: $1,810,882
  ✓ S2: Long DPZ (-1.70%), Short CPRI (3.79%)
      Combined: 1.05%, Portfolio: $1,087,438

126/223: 2020-05-18: Added=WST, Removed=HP
  Holding Period End Date: 2020-05-19
  ✓ S1: WST -1.70%, Portfolio: $1,780,051
    YFinance output for WST: 1 Failed download:
['INFO']: YFPricesMissingError('possibly delisted; no price data found  (1d 2017-05-24 00:00:00 -> 2017-05-30) (Yahoo error = "Data doesn\'t exist for startDate = 1495598400, endDate = 1496116800")')
    Warning: No data found for HP
  ✗ S2: Insufficient data for WST/HP

127/223: 2020-06-12: Added=BIO, Removed=ADS
  Holding Period End Date: 2020-06-14
  ✓ S1: BIO -3.65%, Portfolio: $1,714,996
    Warning: No data found for ADS
  ✗ S2: Insufficient data for BIO/ADS

128/223: 2020-06-12: Added=TDY, Removed=HOG
  Holding Period End Date: 2020-06-14
  ✓ S1: TDY -3.65%, Portfolio: $1,652,318
  ✓ S2: Long TDY (-1.70%), Short HOG (3.79%)
      Combined: 1.05%, Portfolio: $1,098,806

129/223: 2020-06-12: Added=TYL, Removed=JWN
  Holding Period End Date: 2020-06-14
  ✗ S1: Error processing TYL: cannot convert the series to <class 'float'>
    Warning: No data found for JWN
  ✗ S2: Insufficient data for TYL/JWN

130/223: 2020-09-04: Added=CTLT, Removed=KSS
  Holding Period End Date: 2020-09-06
  ✗ S1: Error processing CTLT: cannot convert the series to <class 'float'>
    Warning: No data found for CTLT
    YFinance output for KSS: 1 Failed download:
['MJN']: YFPricesMissingError('possibly delisted; no price data found  (1d 2017-06-12 00:00:00 -> 2017-06-19)')
    Warning: No data found for KSS
  ✗ S2: Insufficient data for CTLT/KSS

131/223: 2020-09-04: Added=ETSY, Removed=HRB
  Holding Period End Date: 2020-09-06
    Warning: No data found for ETSY
  ✗ S1: Insufficient data for ETSY
    Warning: No data found for ETSY
  ✗ S2: Insufficient data for ETSY/HRB

132/223: 2020-09-04: Added=TER, Removed=COTY
  Holding Period End Date: 2020-09-06
  ✓ S1: TER 3.29%, Portfolio: $1,706,709
  ✓ S2: Long TER (0.39%), Short COTY (-5.50%)
      Combined: -2.55%, Portfolio: $1,070,776

133/223: 2020-10-01: Added=POOL, Removed=ETFC
  Holding Period End Date: 2020-10-02
    YFinance output for POOL: 1 Failed download:
['RE']: YFTzMissingError('possibly delisted; no timezone found')

1 Failed download:
['RE']: YFTzMissingError('possibly delisted; no timezone found')
  ✗ S1: Error processing POOL: cannot convert the series to <class 'float'>
    Warning: No data found for ETFC
  ✗ S2: Insufficient data for POOL/ETFC

134/223: 2020-10-05: Added=VNT, Removed=nan
  Holding Period End Date: 2020-10-06
    Warning: No data found for VNT
  ✗ S1: Insufficient data for VNT

135/223: 2020-10-05: Added=nan, Removed=NBL
  Holding Period End Date: 2020-10-06

136/223: 2020-12-11: Added=TSLA, Removed=AIV
  Holding Period End Date: 2020-12-13
    YFinance output for TSLA: 1 Failed download:
['MJN']: YFPricesMissingError('possibly delisted; no price data found  (1d 2017-06-12 00:00:00 -> 2017-06-22)')

1 Failed download:
['MJN']: YFPricesMissingError('possibly delisted; no price data found  (1d 2017-06-12 00:00:00 -> 2017-06-22)')

1 Failed download:
['MJN']: YFPricesMissingError('possibly delisted; no price data found  (1d 2017-06-12 00:00:00 -> 2017-06-22)')

1 Failed download:
['MJN']: YFPricesMissingError('possibly delisted; no price data found  (1d 2017-06-12 00:00:00 -> 2017-06-22)')

1 Failed download:
['MJN']: YFPricesMissingError('possibly delisted; no price data found  (1d 2017-06-12 00:00:00 -> 2017-06-22)')

1 Failed download:
['MJN']: YFPricesMissingError('possibly delisted; no price data found  (1d 2017-06-12 00:00:00 -> 2017-06-22)')
    Warning: No data found for TSLA
  ✗ S1: Insufficient data for TSLA
  ✓ S2: Long TSLA (2.87%), Short AIV (-5.50%)
      Combined: -1.31%, Portfolio: $1,056,700

137/223: 2020-12-30: Added=ENPH, Removed=TIF
  Holding Period End Date: 2020-12-31
    Warning: No data found for ENPH
  ✗ S1: Insufficient data for ENPH
    YFinance output for ENPH: 1 Failed download:
['RAI']: YFPricesMissingError('possibly delisted; no price data found  (1d 2017-07-19 00:00:00 -> 2017-07-25)')

1 Failed download:
['RAI']: possibly delisted; no price data found  (1d 2017-07-19 00:00:00 -> 2017-07-21)

1 Failed download:
['RAI']: possibly delisted; no price data found  (1d 2017-07-19 00:00:00 -> 2017-07-21)
    Warning: No data found for ENPH
  ✗ S2: Insufficient data for ENPH/TIF

138/223: 2021-01-15: Added=TRMB, Removed=CXO
  Holding Period End Date: 2021-01-17
    YFinance output for TRMB: 1 Failed download:
['RAI']: YFPricesMissingError('possibly delisted; no price data found  (1d 2017-07-19 00:00:00 -> 2017-07-31)')
    Warning: No data found for TRMB
  ✗ S1: Insufficient data for TRMB
  ✓ S2: Long TRMB (-0.04%), Short CXO (1.65%)
      Combined: 0.80%, Portfolio: $1,065,202

139/223: 2021-02-08: Added=MPWR, Removed=FTI
  Holding Period End Date: 2021-02-09
  ✓ S1: MPWR 5.82%, Portfolio: $1,805,962
    Warning: No data found for MPWR
  ✗ S2: Insufficient data for MPWR/FTI

140/223: 2021-03-12: Added=CZR, Removed=VNT
  Holding Period End Date: 2021-03-14
  ✓ S1: CZR -0.04%, Portfolio: $1,805,268
    Warning: No data found for CZR
  ✗ S2: Insufficient data for CZR/VNT

141/223: 2021-03-12: Added=PENN, Removed=SLG
  Holding Period End Date: 2021-03-14
  ✓ S1: PENN -1.86%, Portfolio: $1,771,672
  ✓ S2: Long PENN (-1.58%), Short SLG (3.02%)
      Combined: 0.72%, Portfolio: $1,072,875

142/223: 2021-03-12: Added=NXPI, Removed=FLS
  Holding Period End Date: 2021-03-14
  ✗ S1: Error processing NXPI: cannot convert the series to <class 'float'>
    Warning: No data found for FLS
  ✗ S2: Insufficient data for NXPI/FLS

143/223: 2021-03-12: Added=GNRC, Removed=XRX
  Holding Period End Date: 2021-03-14
    Warning: No data found for GNRC
  ✗ S1: Insufficient data for GNRC
  ✗ S2: Error processing GNRC/XRX: cannot convert the series to <class 'float'>

144/223: 2021-04-15: Added=PTC, Removed=VAR
  Holding Period End Date: 2021-04-16
    Warning: No data found for PTC
  ✗ S1: Insufficient data for PTC
  ✓ S2: Long PTC (-1.62%), Short VAR (-0.38%)
      Combined: -1.00%, Portfolio: $1,062,156

145/223: 2021-05-10: Added=CRL, Removed=FLIR
  Holding Period End Date: 2021-05-11
  ✗ S1: Error processing CRL: cannot convert the series to <class 'float'>
  ✗ S2: Error processing CRL/FLIR: cannot convert the series to <class 'float'>

146/223: 2021-05-27: Added=OGN, Removed=nan
  Holding Period End Date: 2021-05-28
  ✗ S1: Error processing OGN: cannot convert the series to <class 'float'>

147/223: 2021-05-27: Added=nan, Removed=HFC
  Holding Period End Date: 2021-05-28

148/223: 2021-07-15: Added=MRNA, Removed=ALXN
  Holding Period End Date: 2021-07-16
  ✓ S1: MRNA -1.62%, Portfolio: $1,742,954
  ✗ S2: Error processing MRNA/ALXN: cannot convert the series to <class 'float'>

149/223: 2021-08-24: Added=TECH, Removed=MXIM
  Holding Period End Date: 2021-08-25
  ✓ S1: TECH -0.71%, Portfolio: $1,730,653
  ✗ S2: Error processing TECH/MXIM: cannot convert the series to <class 'float'>

150/223: 2021-09-03: Added=BRO, Removed=NOV
  Holding Period End Date: 2021-09-05
  ✓ S1: BRO -1.58%, Portfolio: $1,703,302
    YFinance output for NOV: 1 Failed download:
['DRE']: YFTzMissingError('possibly delisted; no timezone found')
  ✓ S2: Long BRO (-2.93%), Short NOV (1.44%)
      Combined: -0.75%, Portfolio: $1,054,217

151/223: 2021-09-03: Added=CDAY, Removed=UNM
  Holding Period End Date: 2021-09-05
  ✓ S1: CDAY -0.97%, Portfolio: $1,686,824
  ✓ S2: Long CDAY (2.71%), Short UNM (3.86%)
      Combined: 3.29%, Portfolio: $1,088,887

152/223: 2021-09-03: Added=MTCH, Removed=PRGO
  Holding Period End Date: 2021-09-05
  ✓ S1: MTCH 0.30%, Portfolio: $1,691,804
    Warning: No data found for MTCH
    Warning: No data found for PRGO
  ✗ S2: Insufficient data for MTCH/PRGO

153/223: 2021-12-03: Added=FDS, Removed=WU
  Holding Period End Date: 2021-12-05
  ✓ S1: FDS 2.71%, Portfolio: $1,737,733
    Warning: No data found for FDS
  ✗ S2: Insufficient data for FDS/WU

154/223: 2021-12-03: Added=SEDG, Removed=HBI
  Holding Period End Date: 2021-12-05
    YFinance output for SEDG: 1 Failed download:
['Q']: YFPricesMissingError('possibly delisted; no price data found  (1d 2017-08-24 00:00:00 -> 2017-08-31)')

1 Failed download:
['Q']: YFPricesMissingError('possibly delisted; no price data found  (1d 2017-08-24 00:00:00 -> 2017-08-31)')

1 Failed download:
['Q']: YFPricesMissingError('possibly delisted; no price data found  (1d 2017-08-24 00:00:00 -> 2017-08-31)')
    Warning: No data found for SEDG
  ✗ S1: Insufficient data for SEDG
  ✓ S2: Long SEDG (2.71%), Short HBI (1.60%)
      Combined: 2.16%, Portfolio: $1,112,379

155/223: 2021-12-03: Added=SBNY, Removed=LEG
  Holding Period End Date: 2021-12-05
    Warning: No data found for SBNY
  ✗ S1: Insufficient data for SBNY
  ✓ S2: Long SBNY (0.38%), Short LEG (0.98%)
      Combined: 0.68%, Portfolio: $1,119,919

156/223: 2021-12-07: Added=EPAM, Removed=KSU
  Holding Period End Date: 2021-12-08
    Warning: No data found for EPAM
  ✗ S1: Insufficient data for EPAM
  ✓ S2: Long EPAM (-0.97%), Short KSU (-2.64%)
      Combined: -1.81%, Portfolio: $1,099,702

157/223: 2022-01-26: Added=CEG, Removed=nan
  Holding Period End Date: 2022-01-27
  ✗ S1: Error processing CEG: cannot convert the series to <class 'float'>

158/223: 2022-01-26: Added=nan, Removed=GPS
  Holding Period End Date: 2022-01-27

159/223: 2022-02-10: Added=NDSN, Removed=XLNX
  Holding Period End Date: 2022-02-11
    YFinance output for NDSN: 1 Failed download:
['DWDP']: YFTzMissingError('possibly delisted; no timezone found')

1 Failed download:
['DWDP']: YFTzMissingError('possibly delisted; no timezone found')

1 Failed download:
['DWDP']: YFTzMissingError('possibly delisted; no timezone found')

2 Failed downloads:
['DWDP']: YFTzMissingError('possibly delisted; no timezone found')
['ARG']: YFPricesMissingError('possibly delisted; no price data found  (1d 2016-05-18 00:00:00 -> 2016-05-24) (Yahoo error = "Data doesn\'t exist for startDate = 1463544000, endDate = 1464062400")')
    Warning: No data found for NDSN
  ✗ S1: Insufficient data for NDSN
    Warning: No data found for NDSN
    Warning: No data found for XLNX
  ✗ S2: Insufficient data for NDSN/XLNX

160/223: 2022-02-25: Added=MOH, Removed=INFO
  Holding Period End Date: 2022-02-27
    Warning: No data found for MOH
  ✗ S1: Insufficient data for MOH
  ✗ S2: Error processing MOH/INFO: cannot convert the series to <class 'float'>

161/223: 2022-03-29: Added=CPT, Removed=PBCT
  Holding Period End Date: 2022-03-30
  ✓ S1: CPT 4.34%, Portfolio: $1,813,165
  ✗ S2: Error processing CPT/PBCT: cannot convert the series to <class 'float'>

162/223: 2022-04-07: Added=WBD, Removed=DISCA
  Holding Period End Date: 2022-04-08
  ✓ S1: WBD -1.57%, Portfolio: $1,784,769
  ✓ S2: Long WBD (0.59%), Short DISCA (-0.59%)
      Combined: 0.00%, Portfolio: $1,099,721

163/223: 2022-04-07: Added=nan, Removed=DISCK
  Holding Period End Date: 2022-04-08

164/223: 2022-06-03: Added=VICI, Removed=CERN
  Holding Period End Date: 2022-06-05
    YFinance output for VICI: 1 Failed download:
['LVLT']: YFPricesMissingError('possibly delisted; no price data found  (1d 2017-10-04 00:00:00 -> 2017-10-16)')
    Warning: No data found for VICI
  ✗ S1: Insufficient data for VICI
  ✓ S2: Long VICI (4.34%), Short CERN (1.59%)
      Combined: 2.97%, Portfolio: $1,132,338

165/223: 2022-06-03: Added=ON, Removed=IPGP
  Holding Period End Date: 2022-06-05
  ✓ S1: ON 4.34%, Portfolio: $1,862,243
    Warning: No data found for ON
    YFinance output for IPGP: 1 Failed download:
['BCR']: YFPricesMissingError('possibly delisted; no price data found  (1d 2017-12-28 00:00:00 -> 2018-01-10)')
  ✗ S2: Insufficient data for ON/IPGP

166/223: 2022-06-03: Added=KDP, Removed=UAA
  Holding Period End Date: 2022-06-05
  ✓ S1: KDP -3.60%, Portfolio: $1,795,147
  ✗ S2: Error processing KDP/UAA: cannot convert the series to <class 'float'>

167/223: 2022-06-03: Added=nan, Removed=UA
  Holding Period End Date: 2022-06-05

168/223: 2022-09-02: Added=CSGP, Removed=PVH
  Holding Period End Date: 2022-09-04
    Warning: No data found for CSGP
  ✗ S1: Insufficient data for CSGP
    Warning: No data found for CSGP
  ✗ S2: Insufficient data for CSGP/PVH

169/223: 2022-09-02: Added=INVH, Removed=PENN
  Holding Period End Date: 2022-09-04
  ✓ S1: INVH -1.57%, Portfolio: $1,767,034
    Warning: No data found for PENN
  ✗ S2: Insufficient data for INVH/PENN

170/223: 2022-09-23: Added=PCG, Removed=CTXS
  Holding Period End Date: 2022-09-25
  ✓ S1: PCG -1.88%, Portfolio: $1,733,789
    Warning: No data found for PCG
  ✗ S2: Insufficient data for PCG/CTXS

171/223: 2022-09-23: Added=EQT, Removed=DRE
  Holding Period End Date: 2022-09-25
  ✓ S1: EQT -4.86%, Portfolio: $1,649,452
  ✓ S2: Long EQT (1.11%), Short DRE (1.59%)
      Combined: 1.35%, Portfolio: $1,147,632

172/223: 2022-10-06: Added=TRGP, Removed=NLSN
  Holding Period End Date: 2022-10-07
    Warning: No data found for TRGP
  ✗ S1: Insufficient data for TRGP
    Warning: No data found for NLSN
  ✗ S2: Insufficient data for TRGP/NLSN

173/223: 2022-10-27: Added=ACGL, Removed=TWTR
  Holding Period End Date: 2022-10-28
  ✓ S1: ACGL -4.86%, Portfolio: $1,569,218
    Warning: No data found for TWTR
  ✗ S2: Insufficient data for ACGL/TWTR

174/223: 2022-12-12: Added=FSLR, Removed=FBHS
  Holding Period End Date: 2022-12-13
  ✓ S1: FSLR -1.88%, Portfolio: $1,539,695
  ✓ S2: Long FSLR (-0.75%), Short FBHS (5.11%)
      Combined: 2.18%, Portfolio: $1,172,690

175/223: 2022-12-12: Added=nan, Removed=MBC
  Holding Period End Date: 2022-12-13

176/223: 2022-12-12: Added=MBC, Removed=nan
  Holding Period End Date: 2022-12-13
    YFinance output for MBC: 1 Failed download:
['CHK']: YFTzMissingError('possibly delisted; no timezone found')
    Warning: No data found for MBC
  ✗ S1: Insufficient data for MBC

177/223: 2022-12-19: Added=STLD, Removed=ABMD
  Holding Period End Date: 2022-12-20
    Warning: No data found for STLD
  ✗ S1: Insufficient data for STLD
    YFinance output for STLD: 1 Failed download:
['SIVB']: YFTzMissingError('possibly delisted; no timezone found')
    Warning: No data found for STLD
    Warning: No data found for ABMD
  ✗ S2: Insufficient data for STLD/ABMD

178/223: 2022-12-28: Added=GEHC, Removed=nan
  Holding Period End Date: 2022-12-29
    YFinance output for GEHC: 1 Failed download:
['SIVB']: YFTzMissingError('possibly delisted; no timezone found')

1 Failed download:
['SIVB']: YFTzMissingError('possibly delisted; no timezone found')
  ✓ S1: GEHC -4.86%, Portfolio: $1,464,799

179/223: 2022-12-28: Added=nan, Removed=VNO
  Holding Period End Date: 2022-12-29

180/223: 2023-03-03: Added=FICO, Removed=LUMN
  Holding Period End Date: 2023-03-05
    Warning: No data found for FICO
  ✗ S1: Insufficient data for FICO
    YFinance output for FICO: 2 Failed downloads:
['PDCO', 'CHK']: YFTzMissingError('possibly delisted; no timezone found')

2 Failed downloads:
['PDCO', 'CHK']: YFTzMissingError('possibly delisted; no timezone found')

2 Failed downloads:
['PDCO', 'CHK']: YFTzMissingError('possibly delisted; no timezone found')
    Warning: No data found for FICO
  ✗ S2: Insufficient data for FICO/LUMN

181/223: 2023-03-10: Added=PODD, Removed=SIVB
  Holding Period End Date: 2023-03-12
  ✓ S1: PODD -0.72%, Portfolio: $1,454,290
    YFinance output for PODD: 1 Failed download:
['SIVB']: YFTzMissingError('possibly delisted; no timezone found')
  ✓ S2: Long PODD (-4.86%), Short SIVB (5.11%)
      Combined: 0.12%, Portfolio: $1,174,148

182/223: 2023-03-13: Added=BG, Removed=SBNY
  Holding Period End Date: 2023-03-14
    Warning: No data found for BG
  ✗ S1: Insufficient data for BG
    Warning: No data found for BG
    Warning: No data found for SBNY
  ✗ S2: Insufficient data for BG/SBNY

183/223: 2023-05-01: Added=AXON, Removed=FRC
  Holding Period End Date: 2023-05-02
    Warning: No data found for AXON
  ✗ S1: Insufficient data for AXON
    Warning: No data found for AXON
    Warning: No data found for FRC
  ✗ S2: Insufficient data for AXON/FRC

184/223: 2023-06-02: Added=PANW, Removed=DISH
  Holding Period End Date: 2023-06-04
  ✓ S1: PANW -2.86%, Portfolio: $1,412,740
    Error fetching PANW: 'MSCI'
  ✗ S2: Insufficient data for PANW/DISH

185/223: 2023-08-21: Added=nan, Removed=TEL
  Holding Period End Date: 2023-08-22

186/223: 2023-08-21: Added=KVUE, Removed=AAP
  Holding Period End Date: 2023-08-22
  ✓ S1: KVUE -0.72%, Portfolio: $1,402,605
  ✓ S2: Long KVUE (-0.72%), Short AAP (0.00%)
      Combined: -0.36%, Portfolio: $1,169,937

187/223: 2023-08-21: Added=PCS, Removed=nan
  Holding Period End Date: 2023-08-22
  ✗ S1: Error processing PCS: cannot convert the series to <class 'float'>

188/223: 2023-09-14: Added=BX, Removed=LNC
  Holding Period End Date: 2023-09-15
    Warning: No data found for BX
  ✗ S1: Insufficient data for BX
    YFinance output for BX: 1 Failed download:
['ABMD']: possibly delisted; no timezone found

1 Failed download:
['ABMD']: possibly delisted; no timezone found

1 Failed download:
['ABMD']: YFTzMissingError('possibly delisted; no timezone found')
    Warning: No data found for BX
    Warning: No data found for LNC
  ✗ S2: Insufficient data for BX/LNC

189/223: 2023-09-14: Added=ABNB, Removed=NWL
  Holding Period End Date: 2023-09-15
  ✓ S1: ABNB 0.00%, Portfolio: $1,402,605
    Warning: No data found for ABNB
  ✗ S2: Insufficient data for ABNB/NWL

190/223: 2023-09-28: Added=VLTO, Removed=nan
  Holding Period End Date: 2023-09-29
  ✓ S1: VLTO -2.86%, Portfolio: $1,362,530

191/223: 2023-09-28: Added=nan, Removed=DXC
  Holding Period End Date: 2023-09-29

192/223: 2023-10-13: Added=LULU, Removed=ATVI
  Holding Period End Date: 2023-10-15
    YFinance output for LULU: 1 Failed download:
['MON']: YFTzMissingError('possibly delisted; no timezone found')

1 Failed download:
['MON']: YFTzMissingError('possibly delisted; no timezone found')

1 Failed download:
['MON']: YFTzMissingError('possibly delisted; no timezone found')

1 Failed download:
['MON']: YFTzMissingError('possibly delisted; no timezone found')

1 Failed download:
['MON']: YFTzMissingError('possibly delisted; no timezone found')
    Warning: No data found for LULU
  ✗ S1: Insufficient data for LULU
    Warning: No data found for LULU
    Warning: No data found for ATVI
  ✗ S2: Insufficient data for LULU/ATVI

193/223: 2023-10-13: Added=HUBB, Removed=OGN
  Holding Period End Date: 2023-10-15
    Warning: No data found for HUBB
  ✗ S1: Insufficient data for HUBB
  ✓ S2: Long HUBB (3.55%), Short OGN (2.29%)
      Combined: 2.92%, Portfolio: $1,204,100

194/223: 2023-12-01: Added=UBER, Removed=SEE
  Holding Period End Date: 2023-12-03
    Warning: No data found for UBER
  ✗ S1: Insufficient data for UBER
    Warning: No data found for UBER
    YFinance output for SEE: 1 Failed download:
['HFC']: YFTzMissingError('possibly delisted; no timezone found')
  ✗ S2: Insufficient data for UBER/SEE

195/223: 2023-12-01: Added=BLDR, Removed=SEDG
  Holding Period End Date: 2023-12-03
    Warning: No data found for BLDR
  ✗ S1: Insufficient data for BLDR
    Warning: No data found for BLDR
    YFinance output for SEDG: 1 Failed download:
['MON']: YFTzMissingError('possibly delisted; no timezone found')
    Warning: No data found for SEDG
  ✗ S2: Insufficient data for BLDR/SEDG

196/223: 2023-12-01: Added=JBL, Removed=ALK
  Holding Period End Date: 2023-12-03
    Warning: No data found for JBL
  ✗ S1: Insufficient data for JBL
    YFinance output for ALK: 1 Failed download:
['HFC']: YFTzMissingError('possibly delisted; no timezone found')

1 Failed download:
['HFC']: YFTzMissingError('possibly delisted; no timezone found')

1 Failed download:
['HFC']: YFTzMissingError('possibly delisted; no timezone found')

1 Failed download:
['HFC']: YFTzMissingError('possibly delisted; no timezone found')

1 Failed download:
['HFC']: YFTzMissingError('possibly delisted; no timezone found')

1 Failed download:
['HFC']: YFTzMissingError('possibly delisted; no timezone found')

1 Failed download:
['HFC']: YFTzMissingError('possibly delisted; no timezone found')
  ✗ S2: Error processing JBL/ALK: cannot convert the series to <class 'float'>

197/223: 2024-03-01: Added=SMCI, Removed=WHR
  Holding Period End Date: 2024-03-03
  ✓ S1: SMCI 0.81%, Portfolio: $1,373,560
    Warning: No data found for WHR
  ✗ S2: Insufficient data for SMCI/WHR

198/223: 2024-03-01: Added=DECK, Removed=ZION
  Holding Period End Date: 2024-03-03
  ✓ S1: DECK -1.74%, Portfolio: $1,349,631
  ✗ S2: Insufficient data for DECK/ZION

199/223: 2024-03-27: Added=SOLV, Removed=nan
  Holding Period End Date: 2024-03-28
  ✓ S1: SOLV -2.24%, Portfolio: $1,319,391

200/223: 2024-03-27: Added=GEV, Removed=nan
  Holding Period End Date: 2024-03-28
  ✓ S1: GEV 0.96%, Portfolio: $1,332,034

201/223: 2024-03-27: Added=nan, Removed=XRAY
  Holding Period End Date: 2024-03-28

202/223: 2024-03-27: Added=nan, Removed=VFC
  Holding Period End Date: 2024-03-28

203/223: 2024-05-03: Added=VST, Removed=PXD
  Holding Period End Date: 2024-05-05
  ✓ S1: VST 9.19%, Portfolio: $1,454,439
  ✓ S2: Long VST (-1.74%), Short PXD (-8.42%)
      Combined: -5.08%, Portfolio: $1,142,944

204/223: 2024-06-07: Added=KKR, Removed=RHI
  Holding Period End Date: 2024-06-09
  ✓ S1: KKR -1.74%, Portfolio: $1,429,101
    Warning: No data found for RHI
  ✗ S2: Insufficient data for KKR/RHI

205/223: 2024-06-07: Added=CRWD, Removed=CMA
  Holding Period End Date: 2024-06-09
    Warning: No data found for CRWD
  ✗ S1: Insufficient data for CRWD
  ✓ S2: Long CRWD (0.81%), Short CMA (1.77%)
      Combined: 1.29%, Portfolio: $1,157,701

206/223: 2024-06-07: Added=GDDY, Removed=ILMN
  Holding Period End Date: 2024-06-09
  ✓ S1: GDDY 0.81%, Portfolio: $1,440,670
    Warning: No data found for GDDY
  ✗ S2: Insufficient data for GDDY/ILMN

207/223: 2024-09-06: Added=ERIE, Removed=BIO
  Holding Period End Date: 2024-09-08
    Warning: No data found for ERIE
  ✗ S1: Insufficient data for ERIE
    Warning: No data found for ERIE
  ✗ S2: Insufficient data for ERIE/BIO

208/223: 2024-09-06: Added=DELL, Removed=ETSY
  Holding Period End Date: 2024-09-08
    Warning: No data found for DELL
  ✗ S1: Insufficient data for DELL
  ✗ S2: Insufficient data for DELL/ETSY

209/223: 2024-09-06: Added=PLTR, Removed=AAL
  Holding Period End Date: 2024-09-08
    YFinance output for PLTR: 1 Failed download:
['DPS']: YFPricesMissingError('possibly delisted; no price data found  (1d 2018-06-25 00:00:00 -> 2018-07-02)')

1 Failed download:
['DPS']: YFPricesMissingError('possibly delisted; no price data found  (1d 2018-06-25 00:00:00 -> 2018-07-02)')
    Warning: No data found for PLTR
  ✗ S1: Insufficient data for PLTR
  ✓ S2: Long PLTR (-3.46%), Short AAL (0.12%)
      Combined: -1.67%, Portfolio: $1,138,390

210/223: 2024-09-24: Added=AMTM, Removed=nan
  Holding Period End Date: 2024-09-25
  ✓ S1: AMTM 9.19%, Portfolio: $1,573,058

211/223: 2024-09-24: Added=nan, Removed=BBWI
  Holding Period End Date: 2024-09-25

212/223: 2024-11-21: Added=TPL, Removed=MRO
  Holding Period End Date: 2024-11-22
  ✓ S1: TPL 9.19%, Portfolio: $1,717,611
  ✓ S2: Long TPL (-3.46%), Short MRO (3.70%)
      Combined: 0.12%, Portfolio: $1,139,801

213/223: 2024-12-06: Added=WDAY, Removed=AMTM
  Holding Period End Date: 2024-12-08
  ✓ S1: WDAY -3.57%, Portfolio: $1,656,247
  ✓ S2: Long WDAY (2.15%), Short AMTM (-8.42%)
      Combined: -3.13%, Portfolio: $1,104,077

214/223: 2024-12-06: Added=APO, Removed=QRVO
  Holding Period End Date: 2024-12-08
    Warning: No data found for APO
  ✗ S1: Insufficient data for APO
    Warning: No data found for APO
  ✗ S2: Insufficient data for APO/QRVO

215/223: 2024-12-18: Added=LII, Removed=CTLT
  Holding Period End Date: 2024-12-19
  ✓ S1: LII 9.19%, Portfolio: $1,808,446
  ✗ S2: Error processing LII/CTLT: cannot convert the series to <class 'float'>

216/223: 2025-03-07: Added=EXE, Removed=FMC
  Holding Period End Date: 2025-03-09
  ✓ S1: EXE -0.09%, Portfolio: $1,806,863
    Warning: No data found for FMC
  ✗ S2: Insufficient data for EXE/FMC

217/223: 2025-03-07: Added=WSM, Removed=CE
  Holding Period End Date: 2025-03-09
  ✗ S1: Error processing WSM: cannot convert the series to <class 'float'>
  ✓ S2: Long WSM (-0.09%), Short CE (3.58%)
      Combined: 1.75%, Portfolio: $1,123,361

218/223: 2025-03-07: Added=TKO, Removed=TFX
  Holding Period End Date: 2025-03-09
  ✓ S1: TKO -3.46%, Portfolio: $1,744,398
    Warning: No data found for TKO
    Warning: No data found for TFX
  ✗ S2: Insufficient data for TKO/TFX

219/223: 2025-03-07: Added=DASH, Removed=BWA
  Holding Period End Date: 2025-03-09
  ✗ S1: Error processing DASH: cannot convert the series to <class 'float'>
  ✓ S2: Long DASH (-2.42%), Short BWA (2.48%)
      Combined: 0.03%, Portfolio: $1,123,699

220/223: 2025-05-12: Added=COIN, Removed=DFS
  Holding Period End Date: 2025-05-13
  ✓ S1: COIN -3.57%, Portfolio: $1,682,077
  ✓ S2: Long COIN (-1.12%), Short DFS (3.58%)
      Combined: 1.23%, Portfolio: $1,137,524

221/223: 2025-07-02: Added=DDOG, Removed=JNPR
  Holding Period End Date: 2025-07-03
  ✓ S1: DDOG 0.48%, Portfolio: $1,690,232
  ✗ S2: Error processing DDOG/JNPR: cannot convert the series to <class 'float'>

222/223: 2025-07-14: Added=TTD, Removed=ANSS
  Holding Period End Date: 2025-07-15
  ✓ S1: TTD 1.84%, Portfolio: $1,721,395
    Warning: No data found for TTD
    Warning: No data found for ANSS
  ✗ S2: Insufficient data for TTD/ANSS

223/223: 2025-07-18: Added=XYZ, Removed=HES
  Holding Period End Date: 2025-07-20
  ✓ S1: XYZ -0.09%, Portfolio: $1,719,888
  ✗ S2: Error processing XYZ/HES: cannot convert the series to <class 'float'>

============================================================
FINAL RESULTS
Strategy 1: 109 successful trades, Final: $1,719,888 (71.99%)
Strategy 2: 69 successful trades, Final: $1,137,524 (13.75%)
Completed: 2025-08-31 17:19:22
