S&P 500 Index Update Trading Strategy Analysis (Multithread)
Holding Period: 2 trading days
Date Range: 2015-07-02 to 2025-07-18
Timestamp: 2025-08-31 17:51:30
============================================================

1/223: 2015-07-02: Added=KHC, Removed=KRFT
  Holding Period End Date: 2015-07-06
  ✓ S1: KHC 3.34%, Portfolio: $1,033,443
  ✓ S2: Long KHC (3.34%), Short KRFT (-2.24%)
      Combined: 0.55%, Portfolio: $1,005,533

2/223: 2015-07-06: Added=AAP, Removed=FDO
  Holding Period End Date: 2015-07-08
    Warning: No data found for AAP
  ✗ S1: Insufficient data for AAP
    YFinance output for AAP: 1 Failed download:
['KRFT']: YFPricesMissingError('possibly delisted; no price data found  (1d 2015-07-02 00:00:00 -> 2015-07-06)')
    Warning: No data found for FDO
  ✗ S2: Insufficient data for AAP/FDO

3/223: 2015-07-14: Added=PYPL, Removed=NE
  Holding Period End Date: 2015-07-16
    Warning: No data found for PYPL
  ✗ S1: Insufficient data for PYPL
  ✗ S2: Error processing PYPL/NE: cannot convert the series to <class 'float'>

4/223: 2015-07-24: Added=SIG, Removed=DTV
  Holding Period End Date: 2015-07-28
  ✓ S1: SIG 4.60%, Portfolio: $1,081,015
  ✓ S2: Long SIG (1.57%), Short DTV (-1.55%)
      Combined: 0.01%, Portfolio: $1,005,655

5/223: 2015-08-27: Added=ATVI, Removed=PLL
  Holding Period End Date: 2015-08-31
    Warning: No data found for ATVI
  ✗ S1: Insufficient data for ATVI
    YFinance output for ATVI: 1 Failed download:
['NE']: YFPricesMissingError('possibly delisted; no price data found  (1d 2015-07-14 00:00:00 -> 2015-07-21) (Yahoo error = "Data doesn\'t exist for startDate = 1436846400, endDate = 1437451200")')
  ✓ S2: Long ATVI (-0.14%), Short PLL (0.14%)
      Combined: 0.00%, Portfolio: $1,005,656

6/223: 2015-08-27: Added=UAL, Removed=HSP
  Holding Period End Date: 2015-08-31
  ✓ S1: UAL -2.00%, Portfolio: $1,059,402
    Warning: No data found for UAL
    YFinance output for HSP: 1 Failed download:
['DTV']: YFTzMissingError('possibly delisted; no timezone found')
    Warning: No data found for HSP
  ✗ S2: Insufficient data for UAL/HSP

7/223: 2015-09-30: Added=VRSK, Removed=JOY
  Holding Period End Date: 2015-10-02
    Warning: No data found for VRSK
  ✗ S1: Insufficient data for VRSK
  ✓ S2: Long VRSK (6.77%), Short JOY (-6.34%)
      Combined: 0.21%, Portfolio: $1,007,812

8/223: 2015-10-27: Added=HPE, Removed=HCBK
  Holding Period End Date: 2015-10-29
    Warning: No data found for HPE
  ✗ S1: Insufficient data for HPE
    YFinance output for HPE: 1 Failed download:
['PLL']: YFPricesMissingError('possibly delisted; no price data found  (1d 2015-08-27 00:00:00 -> 2015-09-02) (Yahoo error = "Data doesn\'t exist for startDate = 1440648000, endDate = 1441166400")')
    Warning: No data found for HCBK
  ✗ S2: Insufficient data for HPE/HCBK

9/223: 2015-11-09: Added=SYF, Removed=GNW
  Holding Period End Date: 2015-11-11
    Warning: No data found for SYF
  ✗ S1: Insufficient data for SYF
  ✓ S2: Long SYF (5.75%), Short GNW (-7.47%)
      Combined: -0.86%, Portfolio: $999,127

10/223: 2015-11-12: Added=ILMN, Removed=SIAL
  Holding Period End Date: 2015-11-16
  ✓ S1: ILMN -4.89%, Portfolio: $1,007,605
  ✓ S2: Long ILMN (8.08%), Short SIAL (0.21%)
      Combined: 4.14%, Portfolio: $1,040,532

11/223: 2015-11-23: Added=CSRA, Removed=CSC
  Holding Period End Date: 2015-11-25
    YFinance output for CSRA: 1 Failed download:
['JOY']: YFPricesMissingError('possibly delisted; no price data found  (1d 2015-09-30 00:00:00 -> 2015-10-06)')

1 Failed download:
['JOY']: YFPricesMissingError('possibly delisted; no price data found  (1d 2015-09-30 00:00:00 -> 2015-10-06)')

1 Failed download:
['JOY']: YFPricesMissingError('possibly delisted; no price data found  (1d 2015-09-30 00:00:00 -> 2015-10-06)')
    Warning: No data found for CSRA
  ✗ S1: Insufficient data for CSRA
    YFinance output for CSRA: 1 Failed download:
['JOY']: YFPricesMissingError('possibly delisted; no price data found  (1d 2015-09-30 00:00:00 -> 2015-10-02)')
  ✓ S2: Long CSRA (1.40%), Short CSC (-1.38%)
      Combined: 0.01%, Portfolio: $1,040,633

12/223: 2015-12-15: Added=nan, Removed=CMCSK
  Holding Period End Date: 2015-12-17

13/223: 2015-12-22: Added=CHD, Removed=ALTR
  Holding Period End Date: 2015-12-24
  ✓ S1: CHD -1.45%, Portfolio: $993,011
    Warning: No data found for CHD
    Warning: No data found for ALTR
  ✗ S2: Insufficient data for CHD/ALTR

14/223: 2015-12-28: Added=WLTW, Removed=FOSL
  Holding Period End Date: 2015-12-30
  ✓ S1: WLTW 3.50%, Portfolio: $1,027,732
  ✓ S2: Long WLTW (-4.43%), Short FOSL (-5.44%)
      Combined: -4.93%, Portfolio: $989,301

15/223: 2016-01-13: Added=EXR, Removed=ACE
  Holding Period End Date: 2016-01-15
    YFinance output for EXR: 1 Failed download:
['HCBK']: YFPricesMissingError('possibly delisted; no price data found  (1d 2015-10-27 00:00:00 -> 2015-10-29)')

1 Failed download:
['HCBK']: YFPricesMissingError('possibly delisted; no price data found  (1d 2015-10-27 00:00:00 -> 2015-10-29)')
  ✓ S1: EXR 1.40%, Portfolio: $1,042,106
  ✓ S2: Long EXR (-4.89%), Short ACE (0.21%)
      Combined: -2.34%, Portfolio: $966,159

16/223: 2016-01-22: Added=FRT, Removed=BRCM
  Holding Period End Date: 2016-01-26
  ✓ S1: FRT 0.21%, Portfolio: $1,044,300
  ✓ S2: Long FRT (1.40%), Short BRCM (4.63%)
      Combined: 3.02%, Portfolio: $995,298

17/223: 2016-01-26: Added=CFG, Removed=PCP
  Holding Period End Date: 2016-01-28
  ✓ S1: CFG -0.21%, Portfolio: $1,042,101
  ✓ S2: Long CFG (9.47%), Short PCP (-8.65%)
      Combined: 0.41%, Portfolio: $999,377

18/223: 2016-02-16: Added=CXO, Removed=PCL
  Holding Period End Date: 2016-02-18
  ✓ S1: CXO 6.60%, Portfolio: $1,110,909
  ✗ S2: Error processing CXO/PCL: cannot convert the series to <class 'float'>

19/223: 2016-03-01: Added=AWK, Removed=CNX
  Holding Period End Date: 2016-03-03
  ✗ S1: Error processing AWK: cannot convert the series to <class 'float'>
    YFinance output for AWK: 1 Failed download:
['SIAL']: YFPricesMissingError('possibly delisted; no price data found  (1d 2015-11-12 00:00:00 -> 2015-11-18)')
    Warning: No data found for AWK
    Warning: No data found for CNX
  ✗ S2: Insufficient data for AWK/CNX

20/223: 2016-03-04: Added=UDR, Removed=GMCR
  Holding Period End Date: 2016-03-08
  ✓ S1: UDR -6.35%, Portfolio: $1,040,386
  ✓ S2: Long UDR (0.00%), Short GMCR (0.00%)
      Combined: 0.00%, Portfolio: $999,377

21/223: 2016-03-24: Added=CNC, Removed=ESV
  Holding Period End Date: 2016-03-28
  ✓ S1: CNC -6.35%, Portfolio: $974,340
  ✓ S2: Long CNC (0.00%), Short ESV (-1.69%)
      Combined: -0.85%, Portfolio: $990,915

22/223: 2016-03-24: Added=HOLX, Removed=POM
  Holding Period End Date: 2016-03-28
  ✓ S1: HOLX 1.30%, Portfolio: $987,015
    Warning: No data found for HOLX
  ✗ S2: Insufficient data for HOLX/POM

23/223: 2016-03-28: Added=FL, Removed=CAM
  Holding Period End Date: 2016-03-30
    YFinance output for FL: 1 Failed download:
['ALTR']: YFTzMissingError('possibly delisted; no timezone found')
    Warning: No data found for FL
  ✗ S1: Insufficient data for FL
    Warning: No data found for FL
    YFinance output for CAM: 1 Failed download:
['ALTR']: YFTzMissingError('possibly delisted; no timezone found')

2 Failed downloads:
['ALTR', 'WLTW']: YFTzMissingError('possibly delisted; no timezone found')
    Warning: No data found for CAM
  ✗ S2: Insufficient data for FL/CAM

24/223: 2016-04-07: Added=ULTA, Removed=THC
  Holding Period End Date: 2016-04-11
  ✓ S1: ULTA -3.93%, Portfolio: $948,218
    Warning: No data found for THC
  ✗ S2: Insufficient data for ULTA/THC

25/223: 2016-04-19: Added=GPN, Removed=GME
  Holding Period End Date: 2016-04-21
  ✓ S1: GPN -3.93%, Portfolio: $910,946
  ✓ S2: Long GPN (-3.93%), Short GME (0.09%)
      Combined: -1.92%, Portfolio: $971,902

26/223: 2016-04-26: Added=AYI, Removed=ADT
  Holding Period End Date: 2016-04-28
    Warning: No data found for AYI
  ✗ S1: Insufficient data for AYI
    YFinance output for AYI: 1 Failed download:
['ACE']: YFPricesMissingError('possibly delisted; no price data found  (1d 2016-01-13 00:00:00 -> 2016-01-20) (Yahoo error = "Data doesn\'t exist for startDate = 1452661200, endDate = 1453266000")')

1 Failed download:
['ACE']: YFPricesMissingError('possibly delisted; no price data found  (1d 2016-01-13 00:00:00 -> 2016-01-20) (Yahoo error = "Data doesn\'t exist for startDate = 1452661200, endDate = 1453266000")')
    Warning: No data found for AYI
    Warning: No data found for ADT
  ✗ S2: Insufficient data for AYI/ADT

27/223: 2016-05-10: Added=ALK, Removed=SNDK
  Holding Period End Date: 2016-05-12
  ✓ S1: ALK -0.09%, Portfolio: $910,098
    YFinance output for ALK: 1 Failed download:
['BRCM']: YFPricesMissingError('possibly delisted; no price data found  (1d 2016-01-22 00:00:00 -> 2016-01-27)')

1 Failed download:
['BRCM']: YFPricesMissingError('possibly delisted; no price data found  (1d 2016-01-22 00:00:00 -> 2016-01-27)')

1 Failed download:
['BRCM']: YFPricesMissingError('possibly delisted; no price data found  (1d 2016-01-22 00:00:00 -> 2016-01-27)')

1 Failed download:
['BRCM']: YFPricesMissingError('possibly delisted; no price data found  (1d 2016-01-22 00:00:00 -> 2016-01-27)')
    Warning: No data found for ALK
  ✗ S2: Insufficient data for ALK/SNDK

28/223: 2016-05-13: Added=DLR, Removed=TWC
  Holding Period End Date: 2016-05-17
  ✗ S1: Error processing DLR: cannot convert the series to <class 'float'>
    Warning: No data found for DLR
  ✗ S2: Insufficient data for DLR/TWC

29/223: 2016-05-18: Added=LKQ, Removed=ARG
  Holding Period End Date: 2016-05-20
    YFinance output for LKQ: 2 Failed downloads:
['PCP']: YFPricesMissingError('possibly delisted; no price data found  (1d 2016-01-26 00:00:00 -> 2016-01-29) (Yahoo error = "Data doesn\'t exist for startDate = 1453784400, endDate = 1454043600")')
['CXO']: YFTzMissingError('possibly delisted; no timezone found')

2 Failed downloads:
['PCP']: YFPricesMissingError('possibly delisted; no price data found  (1d 2016-01-26 00:00:00 -> 2016-01-29) (Yahoo error = "Data doesn\'t exist for startDate = 1453784400, endDate = 1454043600")')
['CXO']: YFTzMissingError('possibly delisted; no timezone found')
    Warning: No data found for LKQ
  ✗ S1: Insufficient data for LKQ
    Warning: No data found for LKQ
  ✗ S2: Insufficient data for LKQ/ARG

30/223: 2016-05-24: Added=AJG, Removed=CCE
  Holding Period End Date: 2016-05-26
    YFinance output for AJG: 1 Failed download:
['CXO']: YFTzMissingError('possibly delisted; no timezone found')

1 Failed download:
['CXO']: YFTzMissingError('possibly delisted; no timezone found')
  ✗ S1: Error processing AJG: cannot convert the series to <class 'float'>
    Warning: No data found for AJG
    YFinance output for CCE: 1 Failed download:
['PCP']: YFPricesMissingError('possibly delisted; no price data found  (1d 2016-01-26 00:00:00 -> 2016-01-28) (Yahoo error = "Data doesn\'t exist for startDate = 1453784400, endDate = 1453957200")')

1 Failed download:
['PCP']: YFPricesMissingError('possibly delisted; no price data found  (1d 2016-01-26 00:00:00 -> 2016-01-28) (Yahoo error = "Data doesn\'t exist for startDate = 1453784400, endDate = 1453957200")')

1 Failed download:
['PCP']: YFPricesMissingError('possibly delisted; no price data found  (1d 2016-01-26 00:00:00 -> 2016-01-28) (Yahoo error = "Data doesn\'t exist for startDate = 1453784400, endDate = 1453957200")')
    Warning: No data found for CCE
  ✗ S2: Insufficient data for AJG/CCE

31/223: 2016-05-27: Added=TDG, Removed=BXLT
  Holding Period End Date: 2016-05-31
  ✓ S1: TDG 3.98%, Portfolio: $946,335
    Warning: No data found for TDG
  ✗ S2: Insufficient data for TDG/BXLT

32/223: 2016-06-21: Added=FBHS, Removed=CVC
  Holding Period End Date: 2016-06-23
  ✓ S1: FBHS -1.82%, Portfolio: $929,118
  ✓ S2: Long FBHS (1.78%), Short CVC (-3.01%)
      Combined: -0.61%, Portfolio: $965,926

33/223: 2016-06-23: Added=FTV, Removed=CPGX
  Holding Period End Date: 2016-06-27
  ✓ S1: FTV -1.82%, Portfolio: $912,214
    Warning: No data found for FTV
    Warning: No data found for CPGX
  ✗ S2: Insufficient data for FTV/CPGX

34/223: 2016-06-23: Added=ALB, Removed=TE
  Holding Period End Date: 2016-06-27
  ✓ S1: ALB 0.44%, Portfolio: $916,198
    Warning: No data found for TE
  ✗ S2: Insufficient data for ALB/TE

35/223: 2016-06-29: Added=LNT, Removed=GAS
  Holding Period End Date: 2016-07-01
  ✗ S1: Insufficient data for LNT
  ✓ S2: Long LNT (0.83%), Short GAS (-0.82%)
      Combined: 0.00%, Portfolio: $965,958

36/223: 2016-08-25: Added=MTD, Removed=TYC
  Holding Period End Date: 2016-08-29
  ✓ S1: MTD 0.83%, Portfolio: $923,786
    YFinance output for MTD: 1 Failed download:
['CAM']: YFPricesMissingError('possibly delisted; no price data found  (1d 2016-03-28 00:00:00 -> 2016-04-01)')

1 Failed download:
['CAM']: YFPricesMissingError('possibly delisted; no price data found  (1d 2016-03-28 00:00:00 -> 2016-04-01)')

1 Failed download:
['CAM']: YFPricesMissingError('possibly delisted; no price data found  (1d 2016-03-28 00:00:00 -> 2016-04-01)')
    Warning: No data found for MTD
    YFinance output for TYC: 1 Failed download:
['CAM']: YFPricesMissingError('possibly delisted; no price data found  (1d 2016-03-28 00:00:00 -> 2016-04-01)')
    Warning: No data found for TYC
  ✗ S2: Insufficient data for MTD/TYC

37/223: 2016-08-31: Added=CHTR, Removed=EMC
  Holding Period End Date: 2016-09-02
    YFinance output for CHTR: 1 Failed download:
['CAM']: YFPricesMissingError('possibly delisted; no price data found  (1d 2016-03-28 00:00:00 -> 2016-03-30)')

1 Failed download:
['CAM']: YFPricesMissingError('possibly delisted; no price data found  (1d 2016-03-28 00:00:00 -> 2016-03-30)')

1 Failed download:
['CAM']: YFPricesMissingError('possibly delisted; no price data found  (1d 2016-03-28 00:00:00 -> 2016-03-30)')

1 Failed download:
['CAM']: YFPricesMissingError('possibly delisted; no price data found  (1d 2016-03-28 00:00:00 -> 2016-03-30)')
    Warning: No data found for CHTR
  ✗ S1: Insufficient data for CHTR
    Warning: No data found for CHTR
  ✗ S2: Insufficient data for CHTR/EMC

38/223: 2016-09-10: Added=COO, Removed=HOT
  Holding Period End Date: 2016-09-14
  ✓ S1: COO 0.39%, Portfolio: $927,347
  ✓ S2: Long COO (3.29%), Short HOT (-3.95%)
      Combined: -0.33%, Portfolio: $962,786

39/223: 2016-09-27: Added=COTY, Removed=DO
  Holding Period End Date: 2016-09-29
    YFinance output for COTY: 1 Failed download:
['EMC']: YFPricesMissingError('possibly delisted; no price data found  (1d 2016-08-31 00:00:00 -> 2016-09-06) (Yahoo error = "Data doesn\'t exist for startDate = 1472616000, endDate = 1473134400")')

1 Failed download:
['EMC']: YFPricesMissingError('possibly delisted; no price data found  (1d 2016-08-31 00:00:00 -> 2016-09-06) (Yahoo error = "Data doesn\'t exist for startDate = 1472616000, endDate = 1473134400")')

1 Failed download:
['EMC']: YFPricesMissingError('possibly delisted; no price data found  (1d 2016-08-31 00:00:00 -> 2016-09-06) (Yahoo error = "Data doesn\'t exist for startDate = 1472616000, endDate = 1473134400")')
  ✓ S1: COTY -0.43%, Portfolio: $923,347
  ✓ S2: Long COTY (-0.78%), Short DO (0.79%)
      Combined: 0.00%, Portfolio: $962,816

40/223: 2016-11-29: Added=MAA, Removed=OI
  Holding Period End Date: 2016-12-01
  ✓ S1: MAA -3.98%, Portfolio: $886,590
  ✓ S2: Long MAA (-3.98%), Short OI (4.15%)
      Combined: 0.08%, Portfolio: $963,610

41/223: 2016-11-29: Added=EVHC, Removed=LM
  Holding Period End Date: 2016-12-01
  ✓ S1: EVHC -5.42%, Portfolio: $838,507
    Warning: No data found for EVHC
  ✗ S2: Insufficient data for EVHC/LM

42/223: 2017-01-03: Added=IDXX, Removed=STJ
  Holding Period End Date: 2017-01-05
  ✓ S1: IDXX -5.42%, Portfolio: $793,032
    Warning: No data found for IDXX
    YFinance output for STJ: 1 Failed download:
['ADT']: possibly delisted; no price data found  (1d 2016-04-26 00:00:00 -> 2016-04-28) (Yahoo error = "Data doesn't exist for startDate = 1461643200, endDate = 1461816000")
    Warning: No data found for STJ
  ✗ S2: Insufficient data for IDXX/STJ

43/223: 2017-02-23: Added=INCY, Removed=SE
  Holding Period End Date: 2017-02-27
  ✓ S1: INCY 1.07%, Portfolio: $801,517
    Warning: No data found for SE
  ✗ S2: Insufficient data for INCY/SE

44/223: 2017-02-23: Added=CBOE, Removed=PBI
  Holding Period End Date: 2017-02-27
  ✓ S1: CBOE -1.78%, Portfolio: $787,236
  ✓ S2: Long CBOE (-1.78%), Short PBI (1.81%)
      Combined: 0.02%, Portfolio: $963,766

45/223: 2017-02-23: Added=REG, Removed=ENDP
  Holding Period End Date: 2017-02-27
    YFinance output for REG: 2 Failed downloads:
['ARG']: YFPricesMissingError('possibly delisted; no price data found  (1d 2016-05-18 00:00:00 -> 2016-05-23) (Yahoo error = "Data doesn\'t exist for startDate = 1463544000, endDate = 1463976000")')
['SNDK']: YFPricesMissingError('possibly delisted; no price data found  (1d 2016-05-10 00:00:00 -> 2016-05-12) (Yahoo error = "Data doesn\'t exist for startDate = 1462852800, endDate = 1463025600")')

2 Failed downloads:
['ARG']: YFPricesMissingError('possibly delisted; no price data found  (1d 2016-05-18 00:00:00 -> 2016-05-23) (Yahoo error = "Data doesn\'t exist for startDate = 1463544000, endDate = 1463976000")')
['SNDK']: YFPricesMissingError('possibly delisted; no price data found  (1d 2016-05-10 00:00:00 -> 2016-05-12) (Yahoo error = "Data doesn\'t exist for startDate = 1462852800, endDate = 1463025600")')
    Warning: No data found for REG
  ✗ S1: Insufficient data for REG
    Warning: No data found for REG
    Warning: No data found for ENDP
  ✗ S2: Insufficient data for REG/ENDP

46/223: 2017-03-06: Added=DISH, Removed=LLTC
  Holding Period End Date: 2017-03-08
    YFinance output for DISH: 1 Failed download:
['ARG']: YFPricesMissingError('possibly delisted; no price data found  (1d 2016-05-18 00:00:00 -> 2016-05-20) (Yahoo error = "Data doesn\'t exist for startDate = 1463544000, endDate = 1463716800")')
  ✗ S1: Error processing DISH: cannot convert the series to <class 'float'>
    Warning: No data found for LLTC
  ✗ S2: Insufficient data for DISH/LLTC

47/223: 2017-03-10: Added=ARE, Removed=FSLR
  Holding Period End Date: 2017-03-14
    YFinance output for ARE: 1 Failed download:
['BXLT']: YFPricesMissingError('possibly delisted; no price data found  (1d 2016-05-27 00:00:00 -> 2016-06-06)')

1 Failed download:
['BXLT']: YFPricesMissingError('possibly delisted; no price data found  (1d 2016-05-27 00:00:00 -> 2016-06-06)')

1 Failed download:
['BXLT']: YFPricesMissingError('possibly delisted; no price data found  (1d 2016-05-27 00:00:00 -> 2016-06-06)')
    Warning: No data found for ARE
  ✗ S1: Insufficient data for ARE
    YFinance output for ARE: 1 Failed download:
['CCE']: YFPricesMissingError('possibly delisted; no price data found  (1d 2016-05-24 00:00:00 -> 2016-05-26)')
    Warning: No data found for FSLR
  ✗ S2: Insufficient data for ARE/FSLR

48/223: 2017-03-10: Added=RJF, Removed=FTR
  Holding Period End Date: 2017-03-14
    YFinance output for RJF: 1 Failed download:
['FBHS']: YFTzMissingError('possibly delisted; no timezone found')
    Warning: No data found for RJF
  ✗ S1: Insufficient data for RJF
    YFinance output for RJF: 1 Failed download:
['FBHS']: YFTzMissingError('possibly delisted; no timezone found')

1 Failed download:
['FBHS']: YFTzMissingError('possibly delisted; no timezone found')
    Warning: No data found for RJF
    YFinance output for FTR: 1 Failed download:
['FBHS']: YFTzMissingError('possibly delisted; no timezone found')
    Warning: No data found for FTR
  ✗ S2: Insufficient data for RJF/FTR

49/223: 2017-03-10: Added=AMD, Removed=URBN
  Holding Period End Date: 2017-03-14
  ✗ S1: Insufficient data for AMD
    Warning: No data found for AMD
    Warning: No data found for URBN
  ✗ S2: Insufficient data for AMD/URBN

50/223: 2017-03-13: Added=SNPS, Removed=HAR
  Holding Period End Date: 2017-03-15
  ✓ S1: SNPS -10.73%, Portfolio: $702,729
    Warning: No data found for SNPS
    Warning: No data found for HAR
  ✗ S2: Insufficient data for SNPS/HAR

51/223: 2017-03-28: Added=DXC, Removed=SWN
  Holding Period End Date: 2017-03-30
    YFinance output for DXC: 1 Failed download:
['FTV']: YFPricesMissingError('possibly delisted; no price data found  (1d 2016-06-23 00:00:00 -> 2016-06-27) (Yahoo error = "Data doesn\'t exist for startDate = 1466654400, endDate = 1467000000")')
    Warning: No data found for DXC
  ✗ S1: Insufficient data for DXC
    YFinance output for DXC: 1 Failed download:
['POM']: YFPricesMissingError('possibly delisted; no price data found  (1d 2016-03-24 00:00:00 -> 2016-03-28)')

1 Failed download:
['POM']: YFPricesMissingError('possibly delisted; no price data found  (1d 2016-03-24 00:00:00 -> 2016-03-28)')

1 Failed download:
['POM']: YFPricesMissingError('possibly delisted; no price data found  (1d 2016-03-24 00:00:00 -> 2016-03-28)')
    Warning: No data found for DXC
  ✗ S2: Insufficient data for DXC/SWN

52/223: 2017-03-29: Added=IT, Removed=DNB
  Holding Period End Date: 2017-03-31
    Warning: No data found for IT
  ✗ S1: Insufficient data for IT
  ✓ S2: Long IT (5.65%), Short DNB (0.30%)
      Combined: 2.97%, Portfolio: $992,426

53/223: 2017-05-24: Added=INFO, Removed=TGNA
  Holding Period End Date: 2017-05-26
  ✓ S1: INFO 0.81%, Portfolio: $708,396
    YFinance output for INFO: 1 Failed download:
['TYC']: YFPricesMissingError('possibly delisted; no price data found  (1d 2016-08-25 00:00:00 -> 2016-08-30)')

1 Failed download:
['TYC']: YFPricesMissingError('possibly delisted; no price data found  (1d 2016-08-25 00:00:00 -> 2016-08-30)')
  ✗ S2: Error processing INFO/TGNA: cannot convert the series to <class 'float'>

54/223: 2017-06-09: Added=ANSS, Removed=R
  Holding Period End Date: 2017-06-13
    Warning: No data found for ANSS
  ✗ S1: Insufficient data for ANSS
  ✓ S2: Long ANSS (5.67%), Short R (0.29%)
      Combined: 2.98%, Portfolio: $1,022,004

55/223: 2017-06-09: Added=ALGN, Removed=TDC
  Holding Period End Date: 2017-06-13
  ✓ S1: ALGN -0.65%, Portfolio: $703,806
  ✓ S2: Long ALGN (0.14%), Short TDC (1.60%)
      Combined: 0.87%, Portfolio: $1,030,902

56/223: 2017-06-09: Added=HLT, Removed=YHOO
  Holding Period End Date: 2017-06-13
  ✗ S1: Error processing HLT: cannot convert the series to <class 'float'>
    Warning: No data found for YHOO
  ✗ S2: Insufficient data for HLT/YHOO

57/223: 2017-06-12: Added=RE, Removed=MJN
  Holding Period End Date: 2017-06-14
    YFinance output for RE: 1 Failed download:
['EMC']: YFPricesMissingError('possibly delisted; no price data found  (1d 2016-08-31 00:00:00 -> 2016-09-02) (Yahoo error = "Data doesn\'t exist for startDate = 1472616000, endDate = 1472788800")')
    Warning: No data found for RE
  ✗ S1: Insufficient data for RE
    YFinance output for RE: 1 Failed download:
['EMC']: YFPricesMissingError('possibly delisted; no price data found  (1d 2016-08-31 00:00:00 -> 2016-09-02) (Yahoo error = "Data doesn\'t exist for startDate = 1472616000, endDate = 1472788800")')
  ✓ S2: Long RE (1.49%), Short MJN (1.60%)
      Combined: 1.55%, Portfolio: $1,046,855

58/223: 2017-06-30: Added=BKR, Removed=BHI
  Holding Period End Date: 2017-07-04
  ✓ S1: BKR -0.42%, Portfolio: $700,823
  ✗ S2: Error processing BKR/BHI: cannot convert the series to <class 'float'>

59/223: 2017-07-19: Added=MGM, Removed=RAI
  Holding Period End Date: 2017-07-21
  ✓ S1: MGM 1.49%, Portfolio: $711,277
    Warning: No data found for MGM
    Warning: No data found for RAI
  ✗ S2: Insufficient data for MGM/RAI

60/223: 2017-07-19: Added=RMD, Removed=MNK
  Holding Period End Date: 2017-07-21
  ✗ S1: Error processing RMD: cannot convert the series to <class 'float'>
    Warning: No data found for RMD
  ✗ S2: Insufficient data for RMD/MNK

61/223: 2017-07-19: Added=PKG, Removed=MUR
  Holding Period End Date: 2017-07-21
    YFinance output for PKG: 1 Failed download:
['LM']: YFTzMissingError('possibly delisted; no timezone found')

1 Failed download:
['LM']: YFTzMissingError('possibly delisted; no timezone found')

1 Failed download:
['LM']: YFTzMissingError('possibly delisted; no timezone found')

1 Failed download:
['LM']: YFTzMissingError('possibly delisted; no timezone found')
  ✗ S1: Error processing PKG: cannot convert the series to <class 'float'>
  ✓ S2: Long PKG (0.55%), Short MUR (1.41%)
      Combined: 0.98%, Portfolio: $1,057,132

62/223: 2017-07-19: Added=AOS, Removed=BBBY
  Holding Period End Date: 2017-07-21
  ✗ S1: Error processing AOS: cannot convert the series to <class 'float'>
    Warning: No data found for AOS
  ✗ S2: Insufficient data for AOS/BBBY

63/223: 2017-07-19: Added=DRE, Removed=RIG
  Holding Period End Date: 2017-07-21
  ✓ S1: DRE -1.62%, Portfolio: $699,757
  ✗ S2: Error processing DRE/RIG: cannot convert the series to <class 'float'>

64/223: 2017-07-31: Added=BHF, Removed=AN
  Holding Period End Date: 2017-08-02
  ✓ S1: BHF 9.90%, Portfolio: $769,015
  ✓ S2: Long BHF (1.30%), Short AN (-7.06%)
      Combined: -2.88%, Portfolio: $1,026,718

65/223: 2017-08-24: Added=Q, Removed=WFM
  Holding Period End Date: 2017-08-28
  ✗ S1: Error processing Q: cannot convert the series to <class 'float'>
  ✓ S2: Long Q (1.06%), Short WFM (-9.01%)
      Combined: -3.97%, Portfolio: $985,911

66/223: 2017-08-24: Added=SBAC, Removed=DD
  Holding Period End Date: 2017-08-28
    Warning: No data found for SBAC
  ✗ S1: Insufficient data for SBAC
    YFinance output for SBAC: 2 Failed downloads:
['SE']: YFPricesMissingError('possibly delisted; no price data found  (1d 2017-02-23 00:00:00 -> 2017-03-01) (Yahoo error = "Data doesn\'t exist for startDate = 1487826000, endDate = 1488344400")')
['DISH']: YFTzMissingError('possibly delisted; no timezone found')

2 Failed downloads:
['SE']: YFPricesMissingError('possibly delisted; no price data found  (1d 2017-02-23 00:00:00 -> 2017-03-01) (Yahoo error = "Data doesn\'t exist for startDate = 1487826000, endDate = 1488344400")')
['DISH']: YFTzMissingError('possibly delisted; no timezone found')

2 Failed downloads:
['SE']: YFPricesMissingError('possibly delisted; no price data found  (1d 2017-02-23 00:00:00 -> 2017-03-01) (Yahoo error = "Data doesn\'t exist for startDate = 1487826000, endDate = 1488344400")')
['DISH']: YFTzMissingError('possibly delisted; no timezone found')
    Warning: No data found for DD
  ✗ S2: Insufficient data for SBAC/DD

67/223: 2017-08-24: Added=DWDP, Removed=DOW
  Holding Period End Date: 2017-08-28
    YFinance output for DWDP: 2 Failed downloads:
['LLTC']: YFPricesMissingError('possibly delisted; no price data found  (1d 2017-03-06 00:00:00 -> 2017-03-09)')
['ENDP']: YFTzMissingError('possibly delisted; no timezone found')
    Warning: No data found for DWDP
  ✗ S1: Insufficient data for DWDP
  ✓ S2: Long DWDP (-0.58%), Short DOW (-0.34%)
      Combined: -0.46%, Portfolio: $981,395

68/223: 2017-08-24: Added=CDNS, Removed=SPLS
  Holding Period End Date: 2017-08-28
  ✓ S1: CDNS 1.06%, Portfolio: $777,145
  ✓ S2: Long CDNS (-0.58%), Short SPLS (0.58%)
      Combined: 0.00%, Portfolio: $981,411

69/223: 2017-10-04: Added=NCLH, Removed=LVLT
  Holding Period End Date: 2017-10-06
  ✓ S1: NCLH -4.27%, Portfolio: $743,926
  ✓ S2: Long NCLH (-1.35%), Short LVLT (1.37%)
      Combined: 0.01%, Portfolio: $981,502

70/223: 2017-12-28: Added=HII, Removed=BCR
  Holding Period End Date: 2018-01-01
  ✓ S1: HII -1.35%, Portfolio: $733,888
    Warning: No data found for HII
  ✗ S2: Insufficient data for HII/BCR

71/223: 2018-03-02: Added=IPGP, Removed=SNI
  Holding Period End Date: 2018-03-06
  ✓ S1: IPGP 1.37%, Portfolio: $743,912
    Warning: No data found for IPGP
    Warning: No data found for SNI
  ✗ S2: Insufficient data for IPGP/SNI

72/223: 2018-03-09: Added=TTWO, Removed=SIG
  Holding Period End Date: 2018-03-13
  ✓ S1: TTWO -1.35%, Portfolio: $733,875
    YFinance output for SIG: 1 Failed download:
['FTR']: YFTzMissingError('possibly delisted; no timezone found')
    Warning: No data found for SIG
  ✗ S2: Insufficient data for TTWO/SIG

73/223: 2018-03-09: Added=NKTR, Removed=CHK
  Holding Period End Date: 2018-03-13
  ✓ S1: NKTR 1.59%, Portfolio: $745,520
  ✗ S2: Error processing NKTR/CHK: cannot convert the series to <class 'float'>

74/223: 2018-03-09: Added=SIVB, Removed=PDCO
  Holding Period End Date: 2018-03-13
  ✓ S1: SIVB 3.01%, Portfolio: $767,971
  ✓ S2: Long SIVB (-3.81%), Short PDCO (0.56%)
      Combined: -1.62%, Portfolio: $965,556

75/223: 2018-03-28: Added=MSCI, Removed=CSRA
  Holding Period End Date: 2018-04-01
  ✓ S1: MSCI -0.56%, Portfolio: $763,658
  ✓ S2: Long MSCI (3.63%), Short CSRA (2.62%)
      Combined: 3.12%, Portfolio: $995,705

76/223: 2018-05-25: Added=ABMD, Removed=WYN
  Holding Period End Date: 2018-05-29
  ✓ S1: ABMD 3.01%, Portfolio: $786,655
    YFinance output for ABMD: 1 Failed download:
['SWN']: YFTzMissingError('possibly delisted; no timezone found')

1 Failed download:
['SWN']: YFTzMissingError('possibly delisted; no timezone found')

1 Failed download:
['SWN']: YFTzMissingError('possibly delisted; no timezone found')

1 Failed download:
['SWN']: YFTzMissingError('possibly delisted; no timezone found')
    Warning: No data found for ABMD
    Warning: No data found for WYN
  ✗ S2: Insufficient data for ABMD/WYN

77/223: 2018-05-31: Added=EVRG, Removed=NAVI
  Holding Period End Date: 2018-06-04
  ✓ S1: EVRG -1.65%, Portfolio: $773,704
    YFinance output for EVRG: 1 Failed download:
['INFO']: YFPricesMissingError('possibly delisted; no price data found  (1d 2017-05-24 00:00:00 -> 2017-05-30) (Yahoo error = "Data doesn\'t exist for startDate = 1495598400, endDate = 1496116800")')

1 Failed download:
['INFO']: YFPricesMissingError('possibly delisted; no price data found  (1d 2017-05-24 00:00:00 -> 2017-05-30) (Yahoo error = "Data doesn\'t exist for startDate = 1495598400, endDate = 1496116800")')

1 Failed download:
['INFO']: YFPricesMissingError('possibly delisted; no price data found  (1d 2017-05-24 00:00:00 -> 2017-05-30) (Yahoo error = "Data doesn\'t exist for startDate = 1495598400, endDate = 1496116800")')

1 Failed download:
['INFO']: YFPricesMissingError('possibly delisted; no price data found  (1d 2017-05-24 00:00:00 -> 2017-05-30) (Yahoo error = "Data doesn\'t exist for startDate = 1495598400, endDate = 1496116800")')
    Warning: No data found for EVRG
    Warning: No data found for NAVI
  ✗ S2: Insufficient data for EVRG/NAVI

78/223: 2018-06-04: Added=TWTR, Removed=MON
  Holding Period End Date: 2018-06-06
  ✗ S1: Error processing TWTR: cannot convert the series to <class 'float'>
  ✓ S2: Long TWTR (-1.65%), Short MON (3.10%)
      Combined: 0.72%, Portfolio: $1,002,922

79/223: 2018-06-08: Added=HFC, Removed=AYI
  Holding Period End Date: 2018-06-12
    YFinance output for HFC: 1 Failed download:
['DNB']: YFPricesMissingError('possibly delisted; no price data found  (1d 2017-03-29 00:00:00 -> 2017-04-04) (Yahoo error = "Data doesn\'t exist for startDate = 1490760000, endDate = 1491278400")')

1 Failed download:
['DNB']: YFPricesMissingError('possibly delisted; no price data found  (1d 2017-03-29 00:00:00 -> 2017-04-04) (Yahoo error = "Data doesn\'t exist for startDate = 1490760000, endDate = 1491278400")')

1 Failed download:
['DNB']: YFPricesMissingError('possibly delisted; no price data found  (1d 2017-03-29 00:00:00 -> 2017-04-04) (Yahoo error = "Data doesn\'t exist for startDate = 1490760000, endDate = 1491278400")')
    Warning: No data found for HFC
  ✗ S1: Insufficient data for HFC
  ✓ S2: Long HFC (1.72%), Short AYI (-2.56%)
      Combined: -0.42%, Portfolio: $998,711

80/223: 2018-06-08: Added=BR, Removed=RRC
  Holding Period End Date: 2018-06-12
    Warning: No data found for BR
  ✗ S1: Insufficient data for BR
  ✓ S2: Long BR (-1.70%), Short RRC (1.73%)
      Combined: 0.01%, Portfolio: $998,859

81/223: 2018-06-15: Added=FLT, Removed=TWX
  Holding Period End Date: 2018-06-19
    Warning: No data found for FLT
  ✗ S1: Insufficient data for FLT
  ✓ S2: Long FLT (-3.00%), Short TWX (-1.69%)
      Combined: -2.35%, Portfolio: $975,423

82/223: 2018-06-25: Added=CPRT, Removed=DPS
  Holding Period End Date: 2018-06-27
  ✓ S1: CPRT -1.90%, Portfolio: $758,997
  ✗ S2: Error processing CPRT/DPS: cannot convert the series to <class 'float'>

83/223: 2018-08-23: Added=ANET, Removed=GGP
  Holding Period End Date: 2018-08-27
    Warning: No data found for ANET
  ✗ S1: Insufficient data for ANET
    YFinance output for ANET: 1 Failed download:
['RE']: YFTzMissingError('possibly delisted; no timezone found')
    YFinance output for GGP: 1 Failed download:
['BHI']: YFPricesMissingError('possibly delisted; no price data found  (1d 2017-06-30 00:00:00 -> 2017-07-10) (Yahoo error = "Data doesn\'t exist for startDate = 1498795200, endDate = 1499659200")')

1 Failed download:
['BHI']: YFPricesMissingError('possibly delisted; no price data found  (1d 2017-06-30 00:00:00 -> 2017-07-10) (Yahoo error = "Data doesn\'t exist for startDate = 1498795200, endDate = 1499659200")')
    Warning: No data found for GGP
  ✗ S2: Insufficient data for ANET/GGP

84/223: 2018-09-11: Added=WCG, Removed=XL
  Holding Period End Date: 2018-09-13
  ✓ S1: WCG 9.90%, Portfolio: $834,119
    Warning: No data found for WCG
  ✗ S2: Insufficient data for WCG/XL

85/223: 2018-09-25: Added=ROL, Removed=ANDV
  Holding Period End Date: 2018-09-27
    Warning: No data found for ROL
  ✗ S1: Insufficient data for ROL
    YFinance output for ROL: 1 Failed download:
['BHI']: YFPricesMissingError('possibly delisted; no price data found  (1d 2017-06-30 00:00:00 -> 2017-07-04) (Yahoo error = "Data doesn\'t exist for startDate = 1498795200, endDate = 1499140800")')

1 Failed download:
['BHI']: YFPricesMissingError('possibly delisted; no price data found  (1d 2017-06-30 00:00:00 -> 2017-07-04) (Yahoo error = "Data doesn\'t exist for startDate = 1498795200, endDate = 1499140800")')

1 Failed download:
['BHI']: YFPricesMissingError('possibly delisted; no price data found  (1d 2017-06-30 00:00:00 -> 2017-07-04) (Yahoo error = "Data doesn\'t exist for startDate = 1498795200, endDate = 1499140800")')
    Warning: No data found for ROL
  ✗ S2: Insufficient data for ROL/ANDV

86/223: 2018-10-04: Added=FTNT, Removed=EVHC
  Holding Period End Date: 2018-10-08
  ✗ S1: Error processing FTNT: cannot convert the series to <class 'float'>
    Warning: No data found for EVHC
  ✗ S2: Insufficient data for FTNT/EVHC

87/223: 2018-10-30: Added=KEYS, Removed=CA
  Holding Period End Date: 2018-11-01
  ✓ S1: KEYS -1.68%, Portfolio: $820,090
    Warning: No data found for KEYS
    Warning: No data found for CA
  ✗ S2: Insufficient data for KEYS/CA

88/223: 2018-11-07: Added=JKHY, Removed=EQT
  Holding Period End Date: 2018-11-09
  ✓ S1: JKHY -2.85%, Portfolio: $796,733
  ✓ S2: Long JKHY (-2.85%), Short EQT (5.25%)
      Combined: 1.20%, Portfolio: $987,121

89/223: 2018-11-26: Added=FANG, Removed=SRCL
  Holding Period End Date: 2018-11-28
  ✓ S1: FANG -1.58%, Portfolio: $784,141
    Warning: No data found for SRCL
  ✗ S2: Insufficient data for FANG/SRCL

90/223: 2018-11-26: Added=MXIM, Removed=AET
  Holding Period End Date: 2018-11-28
    YFinance output for MXIM: 2 Failed downloads:
['DWDP']: YFTzMissingError('possibly delisted; no timezone found')
['DOW']: YFPricesMissingError('possibly delisted; no price data found  (1d 2017-08-24 00:00:00 -> 2017-08-29) (Yahoo error = "Data doesn\'t exist for startDate = 1503547200, endDate = 1503979200")')
    Warning: No data found for MXIM
  ✗ S1: Insufficient data for MXIM
    YFinance output for MXIM: 2 Failed downloads:
['DWDP']: YFTzMissingError('possibly delisted; no timezone found')
['DOW']: YFPricesMissingError('possibly delisted; no price data found  (1d 2017-08-24 00:00:00 -> 2017-08-29) (Yahoo error = "Data doesn\'t exist for startDate = 1503547200, endDate = 1503979200")')
  ✓ S2: Long MXIM (-1.57%), Short AET (-1.56%)
      Combined: -1.57%, Portfolio: $971,639

91/223: 2018-11-26: Added=LW, Removed=COL
  Holding Period End Date: 2018-11-28
    YFinance output for LW: 1 Failed download:
['DWDP']: YFTzMissingError('possibly delisted; no timezone found')
  ✗ S1: Error processing LW: cannot convert the series to <class 'float'>
  ✓ S2: Long LW (0.50%), Short COL (-0.38%)
      Combined: 0.06%, Portfolio: $972,221

92/223: 2018-12-27: Added=CE, Removed=ESRX
  Holding Period End Date: 2018-12-31
  ✓ S1: CE 2.89%, Portfolio: $806,805
    YFinance output for ESRX: 1 Failed download:
['SPLS']: YFPricesMissingError('possibly delisted; no price data found  (1d 2017-08-24 00:00:00 -> 2017-08-29)')
  ✓ S2: Long CE (-8.07%), Short ESRX (0.98%)
      Combined: -3.55%, Portfolio: $937,742

93/223: 2018-12-27: Added=FRC, Removed=SCG
  Holding Period End Date: 2018-12-31
  ✓ S1: FRC 1.59%, Portfolio: $819,608
    YFinance output for FRC: 1 Failed download:
['DOW']: YFPricesMissingError('possibly delisted; no price data found  (1d 2017-08-24 00:00:00 -> 2017-08-31) (Yahoo error = "Data doesn\'t exist for startDate = 1503547200, endDate = 1504152000")')
    Warning: No data found for FRC
    YFinance output for SCG: 1 Failed download:
['DOW']: YFPricesMissingError('possibly delisted; no price data found  (1d 2017-08-24 00:00:00 -> 2017-08-31) (Yahoo error = "Data doesn\'t exist for startDate = 1503547200, endDate = 1504152000")')

1 Failed download:
['DOW']: YFPricesMissingError('possibly delisted; no price data found  (1d 2017-08-24 00:00:00 -> 2017-08-31) (Yahoo error = "Data doesn\'t exist for startDate = 1503547200, endDate = 1504152000")')
  ✗ S2: Insufficient data for FRC/SCG

94/223: 2019-01-15: Added=TFX, Removed=PCG
  Holding Period End Date: 2019-01-17
  ✗ S1: Error processing TFX: cannot convert the series to <class 'float'>
  ✓ S2: Long TFX (0.39%), Short PCG (1.39%)
      Combined: 0.89%, Portfolio: $946,098

95/223: 2019-02-08: Added=ATO, Removed=NFX
  Holding Period End Date: 2019-02-12
  ✓ S1: ATO -0.15%, Portfolio: $818,419
  ✗ S2: Error processing ATO/NFX: cannot convert the series to <class 'float'>

96/223: 2019-02-21: Added=WAB, Removed=GT
  Holding Period End Date: 2019-02-25
  ✓ S1: WAB 1.37%, Portfolio: $829,598
  ✓ S2: Long WAB (-2.68%), Short GT (-4.86%)
      Combined: -3.77%, Portfolio: $910,448

97/223: 2019-03-14: Added=FOXA, Removed=FOXA
  Holding Period End Date: 2019-03-18
  ✓ S1: FOXA -1.37%, Portfolio: $818,211
    Warning: No data found for FOXA
  ✗ S2: Insufficient data for FOXA/FOXA

98/223: 2019-03-14: Added=FOX, Removed=FOX
  Holding Period End Date: 2019-03-18
    YFinance output for FOX: 1 Failed download:
['LVLT']: YFPricesMissingError('possibly delisted; no price data found  (1d 2017-10-04 00:00:00 -> 2017-10-10)')

1 Failed download:
['LVLT']: YFPricesMissingError('possibly delisted; no price data found  (1d 2017-10-04 00:00:00 -> 2017-10-10)')

1 Failed download:
['LVLT']: YFPricesMissingError('possibly delisted; no price data found  (1d 2017-10-04 00:00:00 -> 2017-10-10)')

1 Failed download:
['LVLT']: YFPricesMissingError('possibly delisted; no price data found  (1d 2017-10-04 00:00:00 -> 2017-10-10)')
    Warning: No data found for FOX
  ✗ S1: Insufficient data for FOX
    Warning: No data found for FOX
  ✗ S2: Insufficient data for FOX/FOX

99/223: 2019-03-26: Added=DOW, Removed=BHF
  Holding Period End Date: 2019-03-28
    Warning: No data found for DOW
  ✗ S1: Insufficient data for DOW
    Warning: No data found for BHF
  ✗ S2: Insufficient data for DOW/BHF

100/223: 2019-05-28: Added=CTVA, Removed=FLR
  Holding Period End Date: 2019-05-30
    YFinance output for CTVA: 1 Failed download:
['CHK']: YFTzMissingError('possibly delisted; no timezone found')
  ✓ S1: CTVA -3.60%, Portfolio: $788,731
    Warning: No data found for FLR
  ✗ S2: Insufficient data for CTVA/FLR

101/223: 2019-05-28: Added=DD, Removed=DWDP
  Holding Period End Date: 2019-05-30
    YFinance output for DD: 1 Failed download:
['ABMD']: YFTzMissingError('possibly delisted; no timezone found')
    Warning: No data found for DD
  ✗ S1: Insufficient data for DD
    YFinance output for DD: 1 Failed download:
['ABMD']: YFTzMissingError('possibly delisted; no timezone found')
    Warning: No data found for DD
  ✗ S2: Insufficient data for DD/DWDP

102/223: 2019-06-03: Added=BMS, Removed=MAT
  Holding Period End Date: 2019-06-05
  ✓ S1: BMS -4.86%, Portfolio: $750,365
    Warning: No data found for MAT
  ✗ S2: Insufficient data for BMS/MAT

103/223: 2019-06-03: Added=AMCR, Removed=BMS
  Holding Period End Date: 2019-06-05
    YFinance output for AMCR: 1 Failed download:
['ABMD']: YFTzMissingError('possibly delisted; no timezone found')
  ✗ S1: Error processing AMCR: cannot convert the series to <class 'float'>
    Warning: No data found for AMCR
  ✗ S2: Insufficient data for AMCR/BMS

104/223: 2019-06-24: Added=MKTX, Removed=LLL
  Holding Period End Date: 2019-06-26
  ✓ S1: MKTX -4.86%, Portfolio: $713,865
  ✓ S2: Long MKTX (-4.78%), Short LLL (0.02%)
      Combined: -2.38%, Portfolio: $888,793

105/223: 2019-07-09: Added=TMUS, Removed=RHT
  Holding Period End Date: 2019-07-11
  ✓ S1: TMUS -1.98%, Portfolio: $699,749
    Warning: No data found for TMUS
  ✗ S2: Insufficient data for TMUS/RHT

106/223: 2019-08-01: Added=IEX, Removed=FL
  Holding Period End Date: 2019-08-05
    Warning: No data found for IEX
  ✗ S1: Insufficient data for IEX
    Warning: No data found for IEX
    Warning: No data found for FL
  ✗ S2: Insufficient data for IEX/FL

107/223: 2019-08-01: Added=LDOS, Removed=APC
  Holding Period End Date: 2019-08-05
  ✓ S1: LDOS -2.65%, Portfolio: $681,171
    YFinance output for LDOS: 1 Failed download:
['MON']: YFTzMissingError('possibly delisted; no timezone found')

1 Failed download:
['MON']: YFTzMissingError('possibly delisted; no timezone found')
    Warning: No data found for APC
  ✗ S2: Insufficient data for LDOS/APC

108/223: 2019-09-17: Added=CDW, Removed=TSS
  Holding Period End Date: 2019-09-19
  ✓ S1: CDW -4.76%, Portfolio: $648,734
    YFinance output for CDW: 1 Failed download:
['TWTR']: YFTzMissingError('possibly delisted; no timezone found')

1 Failed download:
['TWTR']: YFTzMissingError('possibly delisted; no timezone found')

1 Failed download:
['TWTR']: YFTzMissingError('possibly delisted; no timezone found')
    Warning: No data found for CDW
  ✗ S2: Insufficient data for CDW/TSS

109/223: 2019-09-20: Added=NVR, Removed=JEF
  Holding Period End Date: 2019-09-24
  ✓ S1: NVR -2.86%, Portfolio: $630,199
    Warning: No data found for NVR
  ✗ S2: Insufficient data for NVR/JEF

110/223: 2019-09-20: Added=LVS, Removed=NKTR
  Holding Period End Date: 2019-09-24
    YFinance output for LVS: 1 Failed download:
['HFC']: YFTzMissingError('possibly delisted; no timezone found')

1 Failed download:
['HFC']: YFTzMissingError('possibly delisted; no timezone found')

1 Failed download:
['HFC']: YFTzMissingError('possibly delisted; no timezone found')

1 Failed download:
['HFC']: YFTzMissingError('possibly delisted; no timezone found')
    Warning: No data found for LVS
  ✗ S1: Insufficient data for LVS
    Warning: No data found for LVS
    Warning: No data found for NKTR
  ✗ S2: Insufficient data for LVS/NKTR

111/223: 2019-11-18: Added=NOW, Removed=CELG
  Holding Period End Date: 2019-11-20
  ✓ S1: NOW -2.65%, Portfolio: $613,467
    Warning: No data found for NOW
  ✗ S2: Insufficient data for NOW/CELG

112/223: 2019-11-27: Added=WRB, Removed=VIAB
  Holding Period End Date: 2019-12-01
    YFinance output for WRB: 1 Failed download:
['FLT']: YFTzMissingError('possibly delisted; no timezone found')

1 Failed download:
['FLT']: YFTzMissingError('possibly delisted; no timezone found')
  ✗ S1: Error processing WRB: cannot convert the series to <class 'float'>
  ✓ S2: Long WRB (-2.24%), Short VIAB (-2.01%)
      Combined: -2.13%, Portfolio: $869,888

113/223: 2019-12-02: Added=ODFL, Removed=STI
  Holding Period End Date: 2019-12-04
  ✓ S1: ODFL -1.74%, Portfolio: $602,780
    YFinance output for ODFL: 1 Failed download:
['FLT']: YFTzMissingError('possibly delisted; no timezone found')

1 Failed download:
['FLT']: YFTzMissingError('possibly delisted; no timezone found')
  ✗ S2: Error processing ODFL/STI: cannot convert the series to <class 'float'>

114/223: 2019-12-13: Added=ZBRA, Removed=TRIP
  Holding Period End Date: 2019-12-17
  ✓ S1: ZBRA 0.81%, Portfolio: $607,660
  ✗ S2: Insufficient data for ZBRA/TRIP

115/223: 2019-12-13: Added=LYV, Removed=AMG
  Holding Period End Date: 2019-12-17
    Warning: No data found for LYV
  ✗ S1: Insufficient data for LYV
  ✗ S2: Error processing LYV/AMG: cannot convert the series to <class 'float'>

116/223: 2019-12-13: Added=STE, Removed=MAC
  Holding Period End Date: 2019-12-17
    YFinance output for STE: 1 Failed download:
['WCG']: YFTzMissingError('possibly delisted; no timezone found')
  ✓ S1: STE 7.85%, Portfolio: $655,350
    YFinance output for STE: 1 Failed download:
['WCG']: YFTzMissingError('possibly delisted; no timezone found')
    YFinance output for MAC: 1 Failed download:
['WCG']: YFTzMissingError('possibly delisted; no timezone found')
    Warning: No data found for MAC
  ✗ S2: Insufficient data for STE/MAC

117/223: 2020-01-22: Added=PAYC, Removed=WCG
  Holding Period End Date: 2020-01-24
    YFinance output for PAYC: 1 Failed download:
['GGP']: YFPricesMissingError('possibly delisted; no price data found  (1d 2018-08-23 00:00:00 -> 2018-08-29)')

1 Failed download:
['GGP']: YFPricesMissingError('possibly delisted; no price data found  (1d 2018-08-23 00:00:00 -> 2018-08-29)')
    Warning: No data found for PAYC
  ✗ S1: Insufficient data for PAYC
    Warning: No data found for PAYC
    YFinance output for WCG: 1 Failed download:
['GGP']: YFPricesMissingError('possibly delisted; no price data found  (1d 2018-08-23 00:00:00 -> 2018-08-30)')
  ✗ S2: Insufficient data for PAYC/WCG

118/223: 2020-02-27: Added=IR, Removed=XEC
  Holding Period End Date: 2020-03-02
  ✗ S1: Error processing IR: cannot convert the series to <class 'float'>
  ✓ S2: Long IR (-1.59%), Short XEC (5.43%)
      Combined: 1.92%, Portfolio: $886,608

119/223: 2020-03-31: Added=nan, Removed=M
  Holding Period End Date: 2020-04-02

120/223: 2020-03-31: Added=nan, Removed=RTN
  Holding Period End Date: 2020-04-02

121/223: 2020-03-31: Added=CARR, Removed=nan
  Holding Period End Date: 2020-04-02
  ✓ S1: CARR -6.26%, Portfolio: $614,322

122/223: 2020-03-31: Added=OTIS, Removed=nan
  Holding Period End Date: 2020-04-02
  ✓ S1: OTIS 0.75%, Portfolio: $618,946

123/223: 2020-05-05: Added=HWM, Removed=ARNC
  Holding Period End Date: 2020-05-07
  ✓ S1: HWM -0.12%, Portfolio: $618,198
  ✗ S2: Error processing HWM/ARNC: cannot convert the series to <class 'float'>

124/223: 2020-05-06: Added=DXCM, Removed=AGN
  Holding Period End Date: 2020-05-08
  ✓ S1: DXCM 0.07%, Portfolio: $618,602
    Warning: No data found for DXCM
  ✗ S2: Insufficient data for DXCM/AGN

125/223: 2020-05-06: Added=DPZ, Removed=CPRI
  Holding Period End Date: 2020-05-08
  ✓ S1: DPZ 0.45%, Portfolio: $621,375
    Warning: No data found for DPZ
    Warning: No data found for CPRI
  ✗ S2: Insufficient data for DPZ/CPRI

126/223: 2020-05-18: Added=WST, Removed=HP
  Holding Period End Date: 2020-05-20
  ✓ S1: WST -2.42%, Portfolio: $606,334
    Warning: No data found for WST
    Warning: No data found for HP
  ✗ S2: Insufficient data for WST/HP

127/223: 2020-06-12: Added=BIO, Removed=ADS
  Holding Period End Date: 2020-06-16
    YFinance output for BIO: 1 Failed download:
['MXIM']: YFTzMissingError('possibly delisted; no timezone found')
    Warning: No data found for BIO
  ✗ S1: Insufficient data for BIO
  ✗ S2: Error processing BIO/ADS: cannot convert the series to <class 'float'>

128/223: 2020-06-12: Added=TDY, Removed=HOG
  Holding Period End Date: 2020-06-16
    YFinance output for TDY: 1 Failed download:
['MXIM']: YFTzMissingError('possibly delisted; no timezone found')

1 Failed download:
['MXIM']: YFTzMissingError('possibly delisted; no timezone found')
    Warning: No data found for TDY
  ✗ S1: Insufficient data for TDY
  ✗ S2: Error processing TDY/HOG: cannot convert the series to <class 'float'>

129/223: 2020-06-12: Added=TYL, Removed=JWN
  Holding Period End Date: 2020-06-16
  ✓ S1: TYL -4.07%, Portfolio: $581,664
  ✓ S2: Long TYL (0.90%), Short JWN (3.64%)
      Combined: 2.27%, Portfolio: $906,737

130/223: 2020-09-04: Added=CTLT, Removed=KSS
  Holding Period End Date: 2020-09-08
    YFinance output for CTLT: 1 Failed download:
['ESRX']: YFPricesMissingError('possibly delisted; no price data found  (1d 2018-12-27 00:00:00 -> 2019-01-03)')
    Warning: No data found for CTLT
  ✗ S1: Insufficient data for CTLT
    YFinance output for KSS: 2 Failed downloads:
['FRC']: YFTzMissingError('possibly delisted; no timezone found')
['ESRX']: YFPricesMissingError('possibly delisted; no price data found  (1d 2018-12-27 00:00:00 -> 2019-01-04)')

2 Failed downloads:
['FRC']: YFTzMissingError('possibly delisted; no timezone found')
['ESRX']: YFPricesMissingError('possibly delisted; no price data found  (1d 2018-12-27 00:00:00 -> 2019-01-04)')

2 Failed downloads:
['FRC']: YFTzMissingError('possibly delisted; no timezone found')
['ESRX']: YFPricesMissingError('possibly delisted; no price data found  (1d 2018-12-27 00:00:00 -> 2019-01-04)')
  ✗ S2: Error processing CTLT/KSS: cannot convert the series to <class 'float'>

131/223: 2020-09-04: Added=ETSY, Removed=HRB
  Holding Period End Date: 2020-09-08
    YFinance output for ETSY: 1 Failed download:
['FRC']: YFTzMissingError('possibly delisted; no timezone found')

1 Failed download:
['FRC']: YFTzMissingError('possibly delisted; no timezone found')

1 Failed download:
['FRC']: YFTzMissingError('possibly delisted; no timezone found')
    Warning: No data found for ETSY
  ✗ S1: Insufficient data for ETSY
  ✗ S2: Error processing ETSY/HRB: cannot convert the series to <class 'float'>

132/223: 2020-09-04: Added=TER, Removed=COTY
  Holding Period End Date: 2020-09-08
  ✓ S1: TER -2.16%, Portfolio: $569,077
  ✓ S2: Long TER (-0.55%), Short COTY (-0.31%)
      Combined: -0.43%, Portfolio: $902,855

133/223: 2020-10-01: Added=POOL, Removed=ETFC
  Holding Period End Date: 2020-10-05
  ✓ S1: POOL 0.31%, Portfolio: $570,823
  ✗ S2: Error processing POOL/ETFC: cannot convert the series to <class 'float'>

134/223: 2020-10-05: Added=VNT, Removed=nan
  Holding Period End Date: 2020-10-07
  ✓ S1: VNT 6.09%, Portfolio: $605,578

135/223: 2020-10-05: Added=nan, Removed=NBL
  Holding Period End Date: 2020-10-07

136/223: 2020-12-11: Added=TSLA, Removed=AIV
  Holding Period End Date: 2020-12-15
  ✓ S1: TSLA 6.09%, Portfolio: $642,449
  ✓ S2: Long TSLA (-1.14%), Short AIV (-4.53%)
      Combined: -2.84%, Portfolio: $877,236

137/223: 2020-12-30: Added=ENPH, Removed=TIF
  Holding Period End Date: 2021-01-03
  ✓ S1: ENPH 4.75%, Portfolio: $672,946
  ✓ S2: Long ENPH (4.75%), Short TIF (-2.52%)
      Combined: 1.11%, Portfolio: $887,013

138/223: 2021-01-15: Added=TRMB, Removed=CXO
  Holding Period End Date: 2021-01-19
  ✓ S1: TRMB 2.58%, Portfolio: $690,329
  ✓ S2: Long TRMB (-0.30%), Short CXO (-2.20%)
      Combined: -1.25%, Portfolio: $875,918

139/223: 2021-02-08: Added=MPWR, Removed=FTI
  Holding Period End Date: 2021-02-10
  ✓ S1: MPWR 2.25%, Portfolio: $705,877
  ✗ S2: Error processing MPWR/FTI: cannot convert the series to <class 'float'>

140/223: 2021-03-12: Added=CZR, Removed=VNT
  Holding Period End Date: 2021-03-16
  ✓ S1: CZR 2.58%, Portfolio: $724,110
    Warning: No data found for CZR
  ✗ S2: Insufficient data for CZR/VNT

141/223: 2021-03-12: Added=PENN, Removed=SLG
  Holding Period End Date: 2021-03-16
  ✓ S1: PENN 4.09%, Portfolio: $753,756
  ✓ S2: Long PENN (2.58%), Short SLG (1.21%)
      Combined: 1.90%, Portfolio: $892,526

142/223: 2021-03-12: Added=NXPI, Removed=FLS
  Holding Period End Date: 2021-03-16
  ✓ S1: NXPI 4.09%, Portfolio: $784,616
  ✗ S2: Error processing NXPI/FLS: cannot convert the series to <class 'float'>

143/223: 2021-03-12: Added=GNRC, Removed=XRX
  Holding Period End Date: 2021-03-16
  ✓ S1: GNRC 0.81%, Portfolio: $790,941
  ✓ S2: Long GNRC (2.65%), Short XRX (-1.28%)
      Combined: 0.68%, Portfolio: $898,637

144/223: 2021-04-15: Added=PTC, Removed=VAR
  Holding Period End Date: 2021-04-19
  ✓ S1: PTC 0.81%, Portfolio: $797,318
  ✓ S2: Long PTC (1.30%), Short VAR (-2.50%)
      Combined: -0.60%, Portfolio: $893,268

145/223: 2021-05-10: Added=CRL, Removed=FLIR
  Holding Period End Date: 2021-05-12
  ✓ S1: CRL 0.12%, Portfolio: $798,288
  ✓ S2: Long CRL (1.30%), Short FLIR (5.00%)
      Combined: 3.15%, Portfolio: $921,406

146/223: 2021-05-27: Added=OGN, Removed=nan
  Holding Period End Date: 2021-05-31
  ✓ S1: OGN 1.30%, Portfolio: $808,666

147/223: 2021-05-27: Added=nan, Removed=HFC
  Holding Period End Date: 2021-05-31

148/223: 2021-07-15: Added=MRNA, Removed=ALXN
  Holding Period End Date: 2021-07-19
    YFinance output for MRNA: 1 Failed download:
['DWDP']: YFTzMissingError('possibly delisted; no timezone found')
    Warning: No data found for MRNA
  ✗ S1: Insufficient data for MRNA
  ✓ S2: Long MRNA (-0.92%), Short ALXN (6.51%)
      Combined: 2.79%, Portfolio: $947,146

149/223: 2021-08-24: Added=TECH, Removed=MXIM
  Holding Period End Date: 2021-08-26
  ✓ S1: TECH 4.14%, Portfolio: $842,131
    Warning: No data found for TECH
  ✗ S2: Insufficient data for TECH/MXIM

150/223: 2021-09-03: Added=BRO, Removed=NOV
  Holding Period End Date: 2021-09-07
  ✗ S1: Error processing BRO: cannot convert the series to <class 'float'>
    Warning: No data found for NOV
  ✗ S2: Insufficient data for BRO/NOV

151/223: 2021-09-03: Added=CDAY, Removed=UNM
  Holding Period End Date: 2021-09-07
  ✓ S1: CDAY 1.04%, Portfolio: $850,889
  ✓ S2: Long CDAY (0.00%), Short UNM (0.79%)
      Combined: 0.39%, Portfolio: $950,872

152/223: 2021-09-03: Added=MTCH, Removed=PRGO
  Holding Period End Date: 2021-09-07
    Warning: No data found for MTCH
  ✗ S1: Insufficient data for MTCH
    YFinance output for MTCH: 1 Failed download:
['MXIM']: YFTzMissingError('possibly delisted; no timezone found')

1 Failed download:
['MXIM']: YFTzMissingError('possibly delisted; no timezone found')
  ✓ S2: Long MTCH (4.14%), Short PRGO (-3.97%)
      Combined: 0.08%, Portfolio: $951,654

153/223: 2021-12-03: Added=FDS, Removed=WU
  Holding Period End Date: 2021-12-07
  ✗ S1: Error processing FDS: cannot convert the series to <class 'float'>
    Warning: No data found for WU
  ✗ S2: Insufficient data for FDS/WU

154/223: 2021-12-03: Added=SEDG, Removed=HBI
  Holding Period End Date: 2021-12-07
  ✓ S1: SEDG -5.31%, Portfolio: $805,697
  ✓ S2: Long SEDG (-3.08%), Short HBI (5.61%)
      Combined: 1.27%, Portfolio: $963,700

155/223: 2021-12-03: Added=SBNY, Removed=LEG
  Holding Period End Date: 2021-12-07
  ✓ S1: SBNY -3.08%, Portfolio: $780,903
    Warning: No data found for LEG
  ✗ S2: Insufficient data for SBNY/LEG

156/223: 2021-12-07: Added=EPAM, Removed=KSU
  Holding Period End Date: 2021-12-09
  ✗ S1: Error processing EPAM: cannot convert the series to <class 'float'>
  ✓ S2: Long EPAM (-2.65%), Short KSU (1.89%)
      Combined: -0.38%, Portfolio: $960,031

157/223: 2022-01-26: Added=CEG, Removed=nan
  Holding Period End Date: 2022-01-28
  ✓ S1: CEG -3.08%, Portfolio: $756,872

158/223: 2022-01-26: Added=nan, Removed=GPS
  Holding Period End Date: 2022-01-28

159/223: 2022-02-10: Added=NDSN, Removed=XLNX
  Holding Period End Date: 2022-02-14
    Warning: No data found for NDSN
  ✗ S1: Insufficient data for NDSN
  ✓ S2: Long NDSN (-1.17%), Short XLNX (1.18%)
      Combined: 0.01%, Portfolio: $960,094

160/223: 2022-02-25: Added=MOH, Removed=INFO
  Holding Period End Date: 2022-03-01
  ✗ S1: Error processing MOH: cannot convert the series to <class 'float'>
    Warning: No data found for MOH
    Warning: No data found for INFO
  ✗ S2: Insufficient data for MOH/INFO

161/223: 2022-03-29: Added=CPT, Removed=PBCT
  Holding Period End Date: 2022-03-31
  ✗ S1: Error processing CPT: cannot convert the series to <class 'float'>
    Warning: No data found for CPT
  ✗ S2: Insufficient data for CPT/PBCT

162/223: 2022-04-07: Added=WBD, Removed=DISCA
  Holding Period End Date: 2022-04-11
    YFinance output for WBD: 1 Failed download:
['CELG']: YFTzMissingError('possibly delisted; no timezone found')

1 Failed download:
['CELG']: YFTzMissingError('possibly delisted; no timezone found')

1 Failed download:
['CELG']: YFTzMissingError('possibly delisted; no timezone found')

1 Failed download:
['CELG']: YFTzMissingError('possibly delisted; no timezone found')
  ✗ S1: Error processing WBD: cannot convert the series to <class 'float'>
  ✓ S2: Long WBD (-3.64%), Short DISCA (3.78%)
      Combined: 0.07%, Portfolio: $960,754

163/223: 2022-04-07: Added=nan, Removed=DISCK
  Holding Period End Date: 2022-04-11

164/223: 2022-06-03: Added=VICI, Removed=CERN
  Holding Period End Date: 2022-06-07
  ✓ S1: VICI -2.33%, Portfolio: $739,262
    Warning: No data found for CERN
  ✗ S2: Insufficient data for VICI/CERN

165/223: 2022-06-03: Added=ON, Removed=IPGP
  Holding Period End Date: 2022-06-07
    Warning: No data found for ON
  ✗ S1: Insufficient data for ON
  ✓ S2: Long ON (4.29%), Short IPGP (0.27%)
      Combined: 2.28%, Portfolio: $982,671

166/223: 2022-06-03: Added=KDP, Removed=UAA
  Holding Period End Date: 2022-06-07
  ✓ S1: KDP -2.22%, Portfolio: $722,832
  ✓ S2: Long KDP (2.29%), Short UAA (2.38%)
      Combined: 2.34%, Portfolio: $1,005,632

167/223: 2022-06-03: Added=nan, Removed=UA
  Holding Period End Date: 2022-06-07

168/223: 2022-09-02: Added=CSGP, Removed=PVH
  Holding Period End Date: 2022-09-06
    YFinance output for CSGP: 1 Failed download:
['DISCA']: YFTzMissingError('possibly delisted; no timezone found')
  ✗ S1: Error processing CSGP: cannot convert the series to <class 'float'>
    Warning: No data found for CSGP
  ✗ S2: Insufficient data for CSGP/PVH

169/223: 2022-09-02: Added=INVH, Removed=PENN
  Holding Period End Date: 2022-09-06
    Warning: No data found for INVH
  ✗ S1: Insufficient data for INVH
  ✓ S2: Long INVH (-12.00%), Short PENN (2.86%)
      Combined: -4.57%, Portfolio: $959,696

170/223: 2022-09-23: Added=PCG, Removed=CTXS
  Holding Period End Date: 2022-09-27
    Warning: No data found for PCG
  ✗ S1: Insufficient data for PCG
  ✓ S2: Long PCG (-0.78%), Short CTXS (2.47%)
      Combined: 0.85%, Portfolio: $967,820

171/223: 2022-09-23: Added=EQT, Removed=DRE
  Holding Period End Date: 2022-09-27
  ✗ S1: Error processing EQT: cannot convert the series to <class 'float'>
    Warning: No data found for EQT
  ✗ S2: Insufficient data for EQT/DRE

172/223: 2022-10-06: Added=TRGP, Removed=NLSN
  Holding Period End Date: 2022-10-10
    Warning: No data found for TRGP
  ✗ S1: Insufficient data for TRGP
    YFinance output for NLSN: 2 Failed downloads:
['ARNC', 'XEC']: YFTzMissingError('possibly delisted; no timezone found')

2 Failed downloads:
['ARNC', 'XEC']: YFTzMissingError('possibly delisted; no timezone found')

2 Failed downloads:
['ARNC', 'XEC']: YFTzMissingError('possibly delisted; no timezone found')

2 Failed downloads:
['ARNC', 'XEC']: YFTzMissingError('possibly delisted; no timezone found')
  ✗ S2: Error processing TRGP/NLSN: cannot convert the series to <class 'float'>

173/223: 2022-10-27: Added=ACGL, Removed=TWTR
  Holding Period End Date: 2022-10-31
  ✓ S1: ACGL -2.78%, Portfolio: $702,704
  ✓ S2: Long ACGL (-0.86%), Short TWTR (-11.79%)
      Combined: -6.32%, Portfolio: $906,610

174/223: 2022-12-12: Added=FSLR, Removed=FBHS
  Holding Period End Date: 2022-12-14
  ✓ S1: FSLR -3.80%, Portfolio: $675,966
    Warning: No data found for FSLR
  ✗ S2: Insufficient data for FSLR/FBHS

175/223: 2022-12-12: Added=nan, Removed=MBC
  Holding Period End Date: 2022-12-14

176/223: 2022-12-12: Added=MBC, Removed=nan
  Holding Period End Date: 2022-12-14
  ✓ S1: MBC -5.90%, Portfolio: $636,106

177/223: 2022-12-19: Added=STLD, Removed=ABMD
  Holding Period End Date: 2022-12-21
  ✓ S1: STLD 10.64%, Portfolio: $703,757
    Warning: No data found for ABMD
  ✗ S2: Insufficient data for STLD/ABMD

178/223: 2022-12-28: Added=GEHC, Removed=nan
  Holding Period End Date: 2022-12-30
    YFinance output for GEHC: 1 Failed download:
['ADS']: YFTzMissingError('possibly delisted; no timezone found')
    Warning: No data found for GEHC
  ✗ S1: Insufficient data for GEHC

179/223: 2022-12-28: Added=nan, Removed=VNO
  Holding Period End Date: 2022-12-30

180/223: 2023-03-03: Added=FICO, Removed=LUMN
  Holding Period End Date: 2023-03-07
  ✓ S1: FICO 1.36%, Portfolio: $713,297
  ✓ S2: Long FICO (-0.86%), Short LUMN (3.96%)
      Combined: 1.55%, Portfolio: $920,656

181/223: 2023-03-10: Added=PODD, Removed=SIVB
  Holding Period End Date: 2023-03-14
  ✓ S1: PODD 1.42%, Portfolio: $723,455
    Warning: No data found for PODD
  ✗ S2: Insufficient data for PODD/SIVB

182/223: 2023-03-13: Added=BG, Removed=SBNY
  Holding Period End Date: 2023-03-15
    Warning: No data found for BG
  ✗ S1: Insufficient data for BG
    Warning: No data found for SBNY
  ✗ S2: Insufficient data for BG/SBNY

183/223: 2023-05-01: Added=AXON, Removed=FRC
  Holding Period End Date: 2023-05-03
    Warning: No data found for AXON
  ✗ S1: Insufficient data for AXON
    YFinance output for AXON: 1 Failed download:
['CTLT']: YFTzMissingError('possibly delisted; no timezone found')
  ✓ S2: Long AXON (-0.99%), Short FRC (-0.03%)
      Combined: -0.51%, Portfolio: $915,984

184/223: 2023-06-02: Added=PANW, Removed=DISH
  Holding Period End Date: 2023-06-06
    YFinance output for PANW: 1 Failed download:
['CTLT']: YFTzMissingError('possibly delisted; no timezone found')
    Warning: No data found for PANW
  ✗ S1: Insufficient data for PANW
  ✓ S2: Long PANW (1.19%), Short DISH (0.24%)
      Combined: 0.71%, Portfolio: $922,524

185/223: 2023-08-21: Added=nan, Removed=TEL
  Holding Period End Date: 2023-08-23

186/223: 2023-08-21: Added=KVUE, Removed=AAP
  Holding Period End Date: 2023-08-23
  ✓ S1: KVUE -0.99%, Portfolio: $716,302
  ✓ S2: Long KVUE (-4.39%), Short AAP (0.48%)
      Combined: -1.96%, Portfolio: $904,466

187/223: 2023-08-21: Added=PCS, Removed=nan
  Holding Period End Date: 2023-08-23
  ✓ S1: PCS -4.39%, Portfolio: $684,837

188/223: 2023-09-14: Added=BX, Removed=LNC
  Holding Period End Date: 2023-09-18
  ✗ S1: Insufficient data for BX
  ✗ S2: Insufficient data for BX/LNC

189/223: 2023-09-14: Added=ABNB, Removed=NWL
  Holding Period End Date: 2023-09-18
    Warning: No data found for ABNB
  ✗ S1: Insufficient data for ABNB
  ✗ S2: Insufficient data for ABNB/NWL

190/223: 2023-09-28: Added=VLTO, Removed=nan
  Holding Period End Date: 2023-10-02
  ✓ S1: VLTO 3.81%, Portfolio: $710,951

191/223: 2023-09-28: Added=nan, Removed=DXC
  Holding Period End Date: 2023-10-02

192/223: 2023-10-13: Added=LULU, Removed=ATVI
  Holding Period End Date: 2023-10-17
  ✗ S1: Insufficient data for LULU
  ✓ S2: Long LULU (-0.16%), Short ATVI (1.70%)
      Combined: 0.77%, Portfolio: $911,427

193/223: 2023-10-13: Added=HUBB, Removed=OGN
  Holding Period End Date: 2023-10-17
  ✓ S1: HUBB -0.40%, Portfolio: $708,114
  ✓ S2: Long HUBB (2.19%), Short OGN (-4.66%)
      Combined: -1.24%, Portfolio: $900,153

194/223: 2023-12-01: Added=UBER, Removed=SEE
  Holding Period End Date: 2023-12-05
  ✗ S1: Error processing UBER: cannot convert the series to <class 'float'>
    Warning: No data found for UBER
    YFinance output for SEE: 1 Failed download:
['TIF']: YFTzMissingError('possibly delisted; no timezone found')

1 Failed download:
['TIF']: YFTzMissingError('possibly delisted; no timezone found')

1 Failed download:
['TIF']: YFTzMissingError('possibly delisted; no timezone found')
  ✗ S2: Insufficient data for UBER/SEE

195/223: 2023-12-01: Added=BLDR, Removed=SEDG
  Holding Period End Date: 2023-12-05
    Warning: No data found for BLDR
  ✗ S1: Insufficient data for BLDR
    Warning: No data found for SEDG
  ✗ S2: Insufficient data for BLDR/SEDG

196/223: 2023-12-01: Added=JBL, Removed=ALK
  Holding Period End Date: 2023-12-05
  ✗ S1: Error processing JBL: cannot convert the series to <class 'float'>
  ✓ S2: Long JBL (-4.79%), Short ALK (5.03%)
      Combined: 0.12%, Portfolio: $901,238

197/223: 2024-03-01: Added=SMCI, Removed=WHR
  Holding Period End Date: 2024-03-05
  ✓ S1: SMCI 1.39%, Portfolio: $717,950
  ✓ S2: Long SMCI (2.86%), Short WHR (4.80%)
      Combined: 3.83%, Portfolio: $935,731

198/223: 2024-03-01: Added=DECK, Removed=ZION
  Holding Period End Date: 2024-03-05
  ✓ S1: DECK -0.80%, Portfolio: $712,175
  ✓ S2: Long DECK (1.39%), Short ZION (7.16%)
      Combined: 4.28%, Portfolio: $975,749

199/223: 2024-03-27: Added=SOLV, Removed=nan
  Holding Period End Date: 2024-03-31
  ✓ S1: SOLV -1.19%, Portfolio: $703,666

200/223: 2024-03-27: Added=GEV, Removed=nan
  Holding Period End Date: 2024-03-31
  ✓ S1: GEV 12.47%, Portfolio: $791,418

201/223: 2024-03-27: Added=nan, Removed=XRAY
  Holding Period End Date: 2024-03-31

202/223: 2024-03-27: Added=nan, Removed=VFC
  Holding Period End Date: 2024-03-31

203/223: 2024-05-03: Added=VST, Removed=PXD
  Holding Period End Date: 2024-05-07
  ✓ S1: VST 0.58%, Portfolio: $795,979
  ✓ S2: Long VST (10.52%), Short PXD (5.03%)
      Combined: 7.78%, Portfolio: $1,051,644

204/223: 2024-06-07: Added=KKR, Removed=RHI
  Holding Period End Date: 2024-06-11
  ✓ S1: KKR 0.12%, Portfolio: $796,948
  ✓ S2: Long KKR (0.31%), Short RHI (-4.40%)
      Combined: -2.04%, Portfolio: $1,030,139

205/223: 2024-06-07: Added=CRWD, Removed=CMA
  Holding Period End Date: 2024-06-11
  ✗ S1: Error processing CRWD: cannot convert the series to <class 'float'>
  ✓ S2: Long CRWD (-4.58%), Short CMA (1.05%)
      Combined: -1.76%, Portfolio: $1,011,960

206/223: 2024-06-07: Added=GDDY, Removed=ILMN
  Holding Period End Date: 2024-06-11
  ✓ S1: GDDY -1.04%, Portfolio: $788,695
  ✓ S2: Long GDDY (10.52%), Short ILMN (5.07%)
      Combined: 7.80%, Portfolio: $1,090,851

207/223: 2024-09-06: Added=ERIE, Removed=BIO
  Holding Period End Date: 2024-09-10
  ✓ S1: ERIE 8.96%, Portfolio: $859,367
  ✓ S2: Long ERIE (-5.25%), Short BIO (-8.22%)
      Combined: -6.74%, Portfolio: $1,017,349

208/223: 2024-09-06: Added=DELL, Removed=ETSY
  Holding Period End Date: 2024-09-10
  ✓ S1: DELL -1.04%, Portfolio: $850,468
    Warning: No data found for DELL
    YFinance output for ETSY: 1 Failed download:
['VAR']: possibly delisted; no timezone found

1 Failed download:
['VAR']: YFTzMissingError('possibly delisted; no timezone found')

1 Failed download:
['VAR']: YFTzMissingError('possibly delisted; no timezone found')
    Warning: No data found for ETSY
  ✗ S2: Insufficient data for DELL/ETSY

209/223: 2024-09-06: Added=PLTR, Removed=AAL
  Holding Period End Date: 2024-09-10
  ✗ S1: Error processing PLTR: cannot convert the series to <class 'float'>
    Warning: No data found for PLTR
  ✗ S2: Insufficient data for PLTR/AAL

210/223: 2024-09-24: Added=AMTM, Removed=nan
  Holding Period End Date: 2024-09-26
    Warning: No data found for AMTM
  ✗ S1: Insufficient data for AMTM

211/223: 2024-09-24: Added=nan, Removed=BBWI
  Holding Period End Date: 2024-09-26

212/223: 2024-11-21: Added=TPL, Removed=MRO
  Holding Period End Date: 2024-11-25
  ✓ S1: TPL -4.84%, Portfolio: $809,284
    Warning: No data found for MRO
  ✗ S2: Insufficient data for TPL/MRO

213/223: 2024-12-06: Added=WDAY, Removed=AMTM
  Holding Period End Date: 2024-12-10
  ✓ S1: WDAY 20.76%, Portfolio: $977,311
    YFinance output for WDAY: 1 Failed download:
['ALXN']: YFTzMissingError('possibly delisted; no timezone found')

1 Failed download:
['ALXN']: YFTzMissingError('possibly delisted; no timezone found')
    YFinance output for AMTM: 1 Failed download:
['ALXN']: YFTzMissingError('possibly delisted; no timezone found')

1 Failed download:
['ALXN']: YFTzMissingError('possibly delisted; no timezone found')
  ✗ S2: Error processing WDAY/AMTM: cannot convert the series to <class 'float'>

214/223: 2024-12-06: Added=APO, Removed=QRVO
  Holding Period End Date: 2024-12-10
  ✓ S1: APO -0.63%, Portfolio: $971,176
    Warning: No data found for QRVO
  ✗ S2: Insufficient data for APO/QRVO

215/223: 2024-12-18: Added=LII, Removed=CTLT
  Holding Period End Date: 2024-12-20
  ✓ S1: LII 0.14%, Portfolio: $972,557
    Warning: No data found for LII
    Warning: No data found for CTLT
  ✗ S2: Insufficient data for LII/CTLT

216/223: 2025-03-07: Added=EXE, Removed=FMC
  Holding Period End Date: 2025-03-11
  ✓ S1: EXE -2.16%, Portfolio: $951,528
    Warning: No data found for EXE
  ✗ S2: Insufficient data for EXE/FMC

217/223: 2025-03-07: Added=WSM, Removed=CE
  Holding Period End Date: 2025-03-11
  ✗ S1: Insufficient data for WSM
  ✓ S2: Long WSM (-1.06%), Short CE (-7.70%)
      Combined: -4.38%, Portfolio: $972,801

218/223: 2025-03-07: Added=TKO, Removed=TFX
  Holding Period End Date: 2025-03-11
  ✗ S1: Error processing TKO: cannot convert the series to <class 'float'>
  ✓ S2: Long TKO (0.10%), Short TFX (-0.10%)
      Combined: 0.00%, Portfolio: $972,801

219/223: 2025-03-07: Added=DASH, Removed=BWA
  Holding Period End Date: 2025-03-11
  ✓ S1: DASH 0.10%, Portfolio: $952,446
  ✗ S2: Insufficient data for DASH/BWA

220/223: 2025-05-12: Added=COIN, Removed=DFS
  Holding Period End Date: 2025-05-14
  ✗ S1: Error processing COIN: cannot convert the series to <class 'float'>
  ✓ S2: Long COIN (6.13%), Short DFS (1.44%)
      Combined: 3.79%, Portfolio: $1,009,628

221/223: 2025-07-02: Added=DDOG, Removed=JNPR
  Holding Period End Date: 2025-07-06
  ✓ S1: DDOG 6.13%, Portfolio: $1,010,865
  ✓ S2: Long DDOG (6.13%), Short JNPR (-7.03%)
      Combined: -0.45%, Portfolio: $1,005,124

222/223: 2025-07-14: Added=TTD, Removed=ANSS
  Holding Period End Date: 2025-07-16
  ✓ S1: TTD 0.52%, Portfolio: $1,016,142
  ✓ S2: Long TTD (5.58%), Short ANSS (-3.42%)
      Combined: 1.08%, Portfolio: $1,016,005

223/223: 2025-07-18: Added=XYZ, Removed=HES
  Holding Period End Date: 2025-07-22
    YFinance output for XYZ: 1 Failed download:
['SBNY']: YFPricesMissingError('possibly delisted; no price data found  (1d 2021-12-03 00:00:00 -> 2021-12-08) (Yahoo error = "Data doesn\'t exist for startDate = 1638507600, endDate = 1638939600")')

1 Failed download:
['SBNY']: YFPricesMissingError('possibly delisted; no price data found  (1d 2021-12-03 00:00:00 -> 2021-12-08) (Yahoo error = "Data doesn\'t exist for startDate = 1638507600, endDate = 1638939600")')

1 Failed download:
['SBNY']: YFPricesMissingError('possibly delisted; no price data found  (1d 2021-12-03 00:00:00 -> 2021-12-08) (Yahoo error = "Data doesn\'t exist for startDate = 1638507600, endDate = 1638939600")')
    Warning: No data found for XYZ
  ✗ S1: Insufficient data for XYZ
    YFinance output for HES: 1 Failed download:
['SBNY']: YFPricesMissingError('possibly delisted; no price data found  (1d 2021-12-03 00:00:00 -> 2021-12-09) (Yahoo error = "Data doesn\'t exist for startDate = 1638507600, endDate = 1639026000")')

1 Failed download:
['SBNY']: YFPricesMissingError('possibly delisted; no price data found  (1d 2021-12-03 00:00:00 -> 2021-12-09) (Yahoo error = "Data doesn\'t exist for startDate = 1638507600, endDate = 1639026000")')

1 Failed download:
['SBNY']: YFPricesMissingError('possibly delisted; no price data found  (1d 2021-12-03 00:00:00 -> 2021-12-09) (Yahoo error = "Data doesn\'t exist for startDate = 1638507600, endDate = 1639026000")')
    Warning: No data found for HES
  ✗ S2: Insufficient data for XYZ/HES

============================================================
FINAL RESULTS
Strategy 1: 121 successful trades, Final: $1,016,142 (1.61%)
Strategy 2: 85 successful trades, Final: $1,016,005 (1.60%)
Completed: 2025-08-31 17:56:10
