S&P 500 Index Update Trading Strategy Analysis
Holding Period: 4 trading days
Date Range: 2015-07-02 to 2025-07-18
Timestamp: 2025-08-31 17:14:29
============================================================

1/223: 2015-07-02: Added=KHC, Removed=KRFT
  Holding Period End Date: 2015-07-09
  ✓ S1: KHC 5.96%, Portfolio: $1,059,622
  ✓ S2: Long KHC (5.96%), Short KRFT (-5.63%)
      Combined: 0.17%, Portfolio: $1,001,677

2/223: 2015-07-06: Added=AAP, Removed=FDO
  Holding Period End Date: 2015-07-10
    Warning: No data found for AAP
  ✗ S1: Insufficient data for AAP
    YFinance output for AAP: 1 Failed download:
['KRFT']: YFPricesMissingError('possibly delisted; no price data found  (1d 2015-07-02 00:00:00 -> 2015-07-14)')

1 Failed download:
['KRFT']: YFPricesMissingError('possibly delisted; no price data found  (1d 2015-07-02 00:00:00 -> 2015-07-14)')
    Warning: No data found for AAP
  ✗ S2: Insufficient data for AAP/FDO

3/223: 2015-07-14: Added=PYPL, Removed=NE
  Holding Period End Date: 2015-07-20
    Warning: No data found for PYPL
  ✗ S1: Insufficient data for PYPL
    Warning: No data found for NE
  ✗ S2: Insufficient data for PYPL/NE

4/223: 2015-07-24: Added=SIG, Removed=DTV
  Holding Period End Date: 2015-07-30
    YFinance output for SIG: 1 Failed download:
['FDO']: YFPricesMissingError('possibly delisted; no price data found  (1d 2015-07-06 00:00:00 -> 2015-07-14)')

1 Failed download:
['FDO']: YFPricesMissingError('possibly delisted; no price data found  (1d 2015-07-06 00:00:00 -> 2015-07-14)')
    Warning: No data found for SIG
  ✗ S1: Insufficient data for SIG
  ✓ S2: Long SIG (3.95%), Short DTV (-8.75%)
      Combined: -2.40%, Portfolio: $977,668

5/223: 2015-08-27: Added=ATVI, Removed=PLL
  Holding Period End Date: 2015-09-02
  ✓ S1: ATVI 9.59%, Portfolio: $1,161,194
  ✓ S2: Long ATVI (9.59%), Short PLL (-8.75%)
      Combined: 0.42%, Portfolio: $981,767

6/223: 2015-08-27: Added=UAL, Removed=HSP
  Holding Period End Date: 2015-09-02
  ✓ S1: UAL 4.60%, Portfolio: $1,214,647
  ✓ S2: Long UAL (7.37%), Short HSP (-0.84%)
      Combined: 3.26%, Portfolio: $1,013,777

7/223: 2015-09-30: Added=VRSK, Removed=JOY
  Holding Period End Date: 2015-10-06
    YFinance output for VRSK: 1 Failed download:
['FDO']: YFPricesMissingError('possibly delisted; no price data found  (1d 2015-07-06 00:00:00 -> 2015-07-09)')
    Warning: No data found for VRSK
  ✗ S1: Insufficient data for VRSK
    Warning: No data found for VRSK
    Warning: No data found for JOY
  ✗ S2: Insufficient data for VRSK/JOY

8/223: 2015-10-27: Added=HPE, Removed=HCBK
  Holding Period End Date: 2015-11-02
  ✓ S1: HPE -2.00%, Portfolio: $1,190,363
    Warning: No data found for HCBK
  ✗ S2: Insufficient data for HPE/HCBK

9/223: 2015-11-09: Added=SYF, Removed=GNW
  Holding Period End Date: 2015-11-13
    YFinance output for SYF: 1 Failed download:
['ATVI']: YFTzMissingError('possibly delisted; no timezone found')
    Warning: No data found for SYF
  ✗ S1: Insufficient data for SYF
    Warning: No data found for SYF
    YFinance output for GNW: HTTP Error 401:
  ✗ S2: Insufficient data for SYF/GNW

10/223: 2015-11-12: Added=ILMN, Removed=SIAL
  Holding Period End Date: 2015-11-18
    YFinance output for ILMN: 1 Failed download:
['ATVI']: YFTzMissingError('possibly delisted; no timezone found')
  ✗ S1: Error processing ILMN: cannot convert the series to <class 'float'>
    YFinance output for ILMN: 1 Failed download:
['ATVI']: YFTzMissingError('possibly delisted; no timezone found')

1 Failed download:
['ATVI']: YFTzMissingError('possibly delisted; no timezone found')

1 Failed download:
['ATVI']: YFTzMissingError('possibly delisted; no timezone found')

1 Failed download:
['ATVI']: YFTzMissingError('possibly delisted; no timezone found')
    Warning: No data found for ILMN
  ✗ S2: Insufficient data for ILMN/SIAL

11/223: 2015-11-23: Added=CSRA, Removed=CSC
  Holding Period End Date: 2015-11-30
  ✓ S1: CSRA 7.37%, Portfolio: $1,278,034
    YFinance output for CSC: 1 Failed download:
['NE']: YFPricesMissingError('possibly delisted; no price data found  (1d 2015-07-14 00:00:00 -> 2015-07-17) (Yahoo error = "Data doesn\'t exist for startDate = 1436846400, endDate = 1437105600")')

1 Failed download:
['NE']: YFPricesMissingError('possibly delisted; no price data found  (1d 2015-07-14 00:00:00 -> 2015-07-17) (Yahoo error = "Data doesn\'t exist for startDate = 1436846400, endDate = 1437105600")')

1 Failed download:
['NE']: YFPricesMissingError('possibly delisted; no price data found  (1d 2015-07-14 00:00:00 -> 2015-07-17) (Yahoo error = "Data doesn\'t exist for startDate = 1436846400, endDate = 1437105600")')

1 Failed download:
['NE']: YFPricesMissingError('possibly delisted; no price data found  (1d 2015-07-14 00:00:00 -> 2015-07-17) (Yahoo error = "Data doesn\'t exist for startDate = 1436846400, endDate = 1437105600")')
    Warning: No data found for CSC
  ✗ S2: Insufficient data for CSRA/CSC

12/223: 2015-12-15: Added=nan, Removed=CMCSK
  Holding Period End Date: 2015-12-21

13/223: 2015-12-22: Added=CHD, Removed=ALTR
  Holding Period End Date: 2015-12-29
    YFinance output for CHD: 1 Failed download:
['HSP']: YFPricesMissingError('possibly delisted; no price data found  (1d 2015-08-27 00:00:00 -> 2015-08-31)')
    Warning: No data found for CHD
  ✗ S1: Insufficient data for CHD
    YFinance output for CHD: 1 Failed download:
['HSP']: YFPricesMissingError('possibly delisted; no price data found  (1d 2015-08-27 00:00:00 -> 2015-09-01)')

1 Failed download:
['HSP']: YFPricesMissingError('possibly delisted; no price data found  (1d 2015-08-27 00:00:00 -> 2015-09-01)')
    YFinance output for ALTR: 1 Failed download:
['HSP']: YFPricesMissingError('possibly delisted; no price data found  (1d 2015-08-27 00:00:00 -> 2015-09-03)')
    Warning: No data found for ALTR
  ✗ S2: Insufficient data for CHD/ALTR

14/223: 2015-12-28: Added=WLTW, Removed=FOSL
  Holding Period End Date: 2016-01-04
  ✓ S1: WLTW 9.35%, Portfolio: $1,397,520
  ✓ S2: Long WLTW (9.97%), Short FOSL (-8.55%)
      Combined: 0.71%, Portfolio: $1,020,983

15/223: 2016-01-13: Added=EXR, Removed=ACE
  Holding Period End Date: 2016-01-20
  ✓ S1: EXR -7.88%, Portfolio: $1,287,353
  ✓ S2: Long EXR (-7.88%), Short ACE (-8.55%)
      Combined: -8.22%, Portfolio: $937,094

16/223: 2016-01-22: Added=FRT, Removed=BRCM
  Holding Period End Date: 2016-01-28
    YFinance output for FRT: 1 Failed download:
['JOY']: YFPricesMissingError('possibly delisted; no price data found  (1d 2015-09-30 00:00:00 -> 2015-10-02)')

1 Failed download:
['JOY']: YFPricesMissingError('possibly delisted; no price data found  (1d 2015-09-30 00:00:00 -> 2015-10-02)')

1 Failed download:
['JOY']: YFPricesMissingError('possibly delisted; no price data found  (1d 2015-09-30 00:00:00 -> 2015-10-02)')

1 Failed download:
['JOY']: YFPricesMissingError('possibly delisted; no price data found  (1d 2015-09-30 00:00:00 -> 2015-10-02)')
    Warning: No data found for FRT
  ✗ S1: Insufficient data for FRT
    Warning: No data found for FRT
    YFinance output for BRCM: 1 Failed download:
['JOY']: YFPricesMissingError('possibly delisted; no price data found  (1d 2015-09-30 00:00:00 -> 2015-10-05)')
    Warning: No data found for BRCM
  ✗ S2: Insufficient data for FRT/BRCM

17/223: 2016-01-26: Added=CFG, Removed=PCP
  Holding Period End Date: 2016-02-01
    Warning: No data found for CFG
  ✗ S1: Insufficient data for CFG
    Warning: No data found for CFG
  ✗ S2: Insufficient data for CFG/PCP

18/223: 2016-02-16: Added=CXO, Removed=PCL
  Holding Period End Date: 2016-02-22
  ✓ S1: CXO -7.88%, Portfolio: $1,185,870
    Warning: No data found for CXO
  ✗ S2: Insufficient data for CXO/PCL

19/223: 2016-03-01: Added=AWK, Removed=CNX
  Holding Period End Date: 2016-03-07
    YFinance output for AWK: 1 Failed download:
['HCBK']: YFPricesMissingError('possibly delisted; no price data found  (1d 2015-10-27 00:00:00 -> 2015-10-29)')

1 Failed download:
['HCBK']: YFPricesMissingError('possibly delisted; no price data found  (1d 2015-10-27 00:00:00 -> 2015-10-29)')
    Warning: No data found for AWK
  ✗ S1: Insufficient data for AWK
    Error fetching AWK: 'SYF'
  ✗ S2: Insufficient data for AWK/CNX

20/223: 2016-03-04: Added=UDR, Removed=GMCR
  Holding Period End Date: 2016-03-10
  ✓ S1: UDR -7.88%, Portfolio: $1,092,387
    YFinance output for UDR: 1 Failed download:
['HCBK']: YFPricesMissingError('possibly delisted; no price data found  (1d 2015-10-27 00:00:00 -> 2015-11-06)')
    Warning: No data found for UDR
  ✗ S2: Insufficient data for UDR/GMCR

21/223: 2016-03-24: Added=CNC, Removed=ESV
  Holding Period End Date: 2016-03-31
  ✓ S1: CNC -6.42%, Portfolio: $1,022,247
  ✗ S2: Error processing CNC/ESV: cannot convert the series to <class 'float'>

22/223: 2016-03-24: Added=HOLX, Removed=POM
  Holding Period End Date: 2016-03-31
  ✓ S1: HOLX -6.15%, Portfolio: $959,378
  ✓ S2: Long HOLX (0.21%), Short POM (5.62%)
      Combined: 2.91%, Portfolio: $964,407

23/223: 2016-03-28: Added=FL, Removed=CAM
  Holding Period End Date: 2016-04-01
  ✓ S1: FL -6.15%, Portfolio: $900,375
  ✓ S2: Long FL (-6.15%), Short CAM (0.21%)
      Combined: -2.97%, Portfolio: $935,769

24/223: 2016-04-07: Added=ULTA, Removed=THC
  Holding Period End Date: 2016-04-13
  ✓ S1: ULTA -1.47%, Portfolio: $887,107
  ✓ S2: Long ULTA (6.60%), Short THC (-11.93%)
      Combined: -2.66%, Portfolio: $910,865

25/223: 2016-04-19: Added=GPN, Removed=GME
  Holding Period End Date: 2016-04-25
    YFinance output for GPN: 1 Failed download:
['PLL']: YFPricesMissingError('possibly delisted; no price data found  (1d 2015-08-27 00:00:00 -> 2015-09-10) (Yahoo error = "Data doesn\'t exist for startDate = 1440648000, endDate = 1441857600")')

1 Failed download:
['PLL']: YFPricesMissingError('possibly delisted; no price data found  (1d 2015-08-27 00:00:00 -> 2015-09-10) (Yahoo error = "Data doesn\'t exist for startDate = 1440648000, endDate = 1441857600")')

1 Failed download:
['PLL']: YFPricesMissingError('possibly delisted; no price data found  (1d 2015-08-27 00:00:00 -> 2015-09-10) (Yahoo error = "Data doesn\'t exist for startDate = 1440648000, endDate = 1441857600")')
  ✓ S1: GPN 11.64%, Portfolio: $990,381
    Warning: No data found for GME
  ✗ S2: Insufficient data for GPN/GME

26/223: 2016-04-26: Added=AYI, Removed=ADT
  Holding Period End Date: 2016-05-02
    Warning: No data found for AYI
  ✗ S1: Insufficient data for AYI
  ✓ S2: Long AYI (13.54%), Short ADT (-11.93%)
      Combined: 0.81%, Portfolio: $918,219

27/223: 2016-05-10: Added=ALK, Removed=SNDK
  Holding Period End Date: 2016-05-16
    YFinance output for ALK: 1 Failed download:
['SIAL']: YFPricesMissingError('possibly delisted; no price data found  (1d 2015-11-12 00:00:00 -> 2015-11-24)')

1 Failed download:
['SIAL']: YFPricesMissingError('possibly delisted; no price data found  (1d 2015-11-12 00:00:00 -> 2015-11-24)')

1 Failed download:
['SIAL']: YFPricesMissingError('possibly delisted; no price data found  (1d 2015-11-12 00:00:00 -> 2015-11-24)')

1 Failed download:
['SIAL']: YFPricesMissingError('possibly delisted; no price data found  (1d 2015-11-12 00:00:00 -> 2015-11-24)')
  ✓ S1: ALK 13.54%, Portfolio: $1,124,479
  ✓ S2: Long ALK (13.54%), Short SNDK (2.98%)
      Combined: 8.26%, Portfolio: $994,079

28/223: 2016-05-13: Added=DLR, Removed=TWC
  Holding Period End Date: 2016-05-19
  ✓ S1: DLR -2.90%, Portfolio: $1,091,906
  ✓ S2: Long DLR (-2.90%), Short TWC (0.00%)
      Combined: -1.45%, Portfolio: $979,681

29/223: 2016-05-18: Added=LKQ, Removed=ARG
  Holding Period End Date: 2016-05-24
  ✓ S1: LKQ 0.00%, Portfolio: $1,091,906
  ✓ S2: Long LKQ (1.10%), Short ARG (0.00%)
      Combined: 0.55%, Portfolio: $985,077

30/223: 2016-05-24: Added=AJG, Removed=CCE
  Holding Period End Date: 2016-05-31
    YFinance output for AJG: 1 Failed download:
['ALTR']: YFTzMissingError('possibly delisted; no timezone found')

1 Failed download:
['ALTR']: YFTzMissingError('possibly delisted; no timezone found')

1 Failed download:
['ALTR']: YFTzMissingError('possibly delisted; no timezone found')

1 Failed download:
['ALTR']: YFTzMissingError('possibly delisted; no timezone found')

1 Failed download:
['ALTR']: YFTzMissingError('possibly delisted; no timezone found')

1 Failed download:
['ALTR']: YFTzMissingError('possibly delisted; no timezone found')
  ✓ S1: AJG 1.30%, Portfolio: $1,106,110
  ✓ S2: Long AJG (0.02%), Short CCE (0.00%)
      Combined: 0.01%, Portfolio: $985,193

31/223: 2016-05-27: Added=TDG, Removed=BXLT
  Holding Period End Date: 2016-06-03
    Warning: No data found for TDG
  ✗ S1: Insufficient data for TDG
    Warning: No data found for TDG
    YFinance output for BXLT: 1 Failed download:
['WLTW']: YFTzMissingError('possibly delisted; no timezone found')

1 Failed download:
['WLTW']: YFTzMissingError('possibly delisted; no timezone found')

1 Failed download:
['WLTW']: YFTzMissingError('possibly delisted; no timezone found')

1 Failed download:
['WLTW']: YFTzMissingError('possibly delisted; no timezone found')
    Warning: No data found for BXLT
  ✗ S2: Insufficient data for TDG/BXLT

32/223: 2016-06-21: Added=FBHS, Removed=CVC
  Holding Period End Date: 2016-06-27
    Warning: No data found for FBHS
  ✗ S1: Insufficient data for FBHS
    YFinance output for FBHS: 1 Failed download:
['WLTW']: YFTzMissingError('possibly delisted; no timezone found')

1 Failed download:
['WLTW']: YFTzMissingError('possibly delisted; no timezone found')
    Warning: No data found for FBHS
    YFinance output for CVC: 1 Failed download:
['WLTW']: YFTzMissingError('possibly delisted; no timezone found')

1 Failed download:
['WLTW']: YFTzMissingError('possibly delisted; no timezone found')

1 Failed download:
['WLTW']: YFTzMissingError('possibly delisted; no timezone found')
  ✗ S2: Insufficient data for FBHS/CVC

33/223: 2016-06-23: Added=FTV, Removed=CPGX
  Holding Period End Date: 2016-06-29
  ✓ S1: FTV 3.29%, Portfolio: $1,142,452
  ✓ S2: Long FTV (-5.25%), Short CPGX (5.54%)
      Combined: 0.15%, Portfolio: $986,624

34/223: 2016-06-23: Added=ALB, Removed=TE
  Holding Period End Date: 2016-06-29
  ✓ S1: ALB -3.93%, Portfolio: $1,097,544
  ✓ S2: Long ALB (-0.35%), Short TE (5.54%)
      Combined: 2.59%, Portfolio: $1,012,202

35/223: 2016-06-29: Added=LNT, Removed=GAS
  Holding Period End Date: 2016-07-06
    YFinance output for LNT: 1 Failed download:
['ACE']: YFPricesMissingError('possibly delisted; no price data found  (1d 2016-01-13 00:00:00 -> 2016-01-19) (Yahoo error = "Data doesn\'t exist for startDate = 1452661200, endDate = 1453179600")')

1 Failed download:
['ACE']: YFPricesMissingError('possibly delisted; no price data found  (1d 2016-01-13 00:00:00 -> 2016-01-19) (Yahoo error = "Data doesn\'t exist for startDate = 1452661200, endDate = 1453179600")')

1 Failed download:
['ACE']: YFPricesMissingError('possibly delisted; no price data found  (1d 2016-01-13 00:00:00 -> 2016-01-19) (Yahoo error = "Data doesn\'t exist for startDate = 1452661200, endDate = 1453179600")')

1 Failed download:
['ACE']: YFPricesMissingError('possibly delisted; no price data found  (1d 2016-01-13 00:00:00 -> 2016-01-19) (Yahoo error = "Data doesn\'t exist for startDate = 1452661200, endDate = 1453179600")')
    Warning: No data found for LNT
  ✗ S1: Insufficient data for LNT
    Warning: No data found for LNT
  ✗ S2: Insufficient data for LNT/GAS

36/223: 2016-08-25: Added=MTD, Removed=TYC
  Holding Period End Date: 2016-08-31
    YFinance output for MTD: 1 Failed download:
['ACE']: YFPricesMissingError('possibly delisted; no price data found  (1d 2016-01-13 00:00:00 -> 2016-01-15) (Yahoo error = "Data doesn\'t exist for startDate = 1452661200, endDate = 1452834000")')

1 Failed download:
['ACE']: YFPricesMissingError('possibly delisted; no price data found  (1d 2016-01-13 00:00:00 -> 2016-01-15) (Yahoo error = "Data doesn\'t exist for startDate = 1452661200, endDate = 1452834000")')

1 Failed download:
['ACE']: YFPricesMissingError('possibly delisted; no price data found  (1d 2016-01-13 00:00:00 -> 2016-01-15) (Yahoo error = "Data doesn\'t exist for startDate = 1452661200, endDate = 1452834000")')
    Warning: No data found for MTD
  ✗ S1: Insufficient data for MTD
    Warning: No data found for TYC
  ✗ S2: Insufficient data for MTD/TYC

37/223: 2016-08-31: Added=CHTR, Removed=EMC
  Holding Period End Date: 2016-09-07
  ✓ S1: CHTR -0.95%, Portfolio: $1,087,101
    Warning: No data found for CHTR
    YFinance output for EMC: 1 Failed download:
['BRCM']: YFPricesMissingError('possibly delisted; no price data found  (1d 2016-01-22 00:00:00 -> 2016-01-26)')

1 Failed download:
['BRCM']: YFPricesMissingError('possibly delisted; no price data found  (1d 2016-01-22 00:00:00 -> 2016-01-26)')

1 Failed download:
['BRCM']: YFPricesMissingError('possibly delisted; no price data found  (1d 2016-01-22 00:00:00 -> 2016-01-26)')

1 Failed download:
['BRCM']: YFPricesMissingError('possibly delisted; no price data found  (1d 2016-01-22 00:00:00 -> 2016-01-26)')

1 Failed download:
['BRCM']: YFPricesMissingError('possibly delisted; no price data found  (1d 2016-01-22 00:00:00 -> 2016-01-26)')
    Warning: No data found for EMC
  ✗ S2: Insufficient data for CHTR/EMC

38/223: 2016-09-10: Added=COO, Removed=HOT
  Holding Period End Date: 2016-09-16
  ✓ S1: COO 4.53%, Portfolio: $1,136,393
  ✓ S2: Long COO (-1.46%), Short HOT (1.49%)
      Combined: 0.01%, Portfolio: $1,012,312

39/223: 2016-09-27: Added=COTY, Removed=DO
  Holding Period End Date: 2016-10-03
    Warning: No data found for COTY
  ✗ S1: Insufficient data for COTY
  ✗ S2: Error processing COTY/DO: cannot convert the series to <class 'float'>

40/223: 2016-11-29: Added=MAA, Removed=OI
  Holding Period End Date: 2016-12-05
    YFinance output for MAA: 1 Failed download:
['CXO']: YFTzMissingError('possibly delisted; no timezone found')

1 Failed download:
['CXO']: YFTzMissingError('possibly delisted; no timezone found')

1 Failed download:
['CXO']: YFTzMissingError('possibly delisted; no timezone found')

1 Failed download:
['CXO']: YFTzMissingError('possibly delisted; no timezone found')

1 Failed download:
['CXO']: YFTzMissingError('possibly delisted; no timezone found')
    Warning: No data found for MAA
  ✗ S1: Insufficient data for MAA
    YFinance output for MAA: 2 Failed downloads:
['PCP']: YFPricesMissingError('possibly delisted; no price data found  (1d 2016-01-26 00:00:00 -> 2016-01-29) (Yahoo error = "Data doesn\'t exist for startDate = 1453784400, endDate = 1454043600")')
['CXO']: YFTzMissingError('possibly delisted; no timezone found')
    Warning: No data found for MAA
    Warning: No data found for OI
  ✗ S2: Insufficient data for MAA/OI

41/223: 2016-11-29: Added=EVHC, Removed=LM
  Holding Period End Date: 2016-12-05
  ✓ S1: EVHC 28.84%, Portfolio: $1,464,126
    Warning: No data found for LM
  ✗ S2: Insufficient data for EVHC/LM

42/223: 2017-01-03: Added=IDXX, Removed=STJ
  Holding Period End Date: 2017-01-09
  ✓ S1: IDXX 3.12%, Portfolio: $1,509,866
    Warning: No data found for STJ
  ✗ S2: Insufficient data for IDXX/STJ

43/223: 2017-02-23: Added=INCY, Removed=SE
  Holding Period End Date: 2017-03-01
  ✓ S1: INCY 28.84%, Portfolio: $1,945,308
  ✗ S2: Error processing INCY/SE: cannot convert the series to <class 'float'>

44/223: 2017-02-23: Added=CBOE, Removed=PBI
  Holding Period End Date: 2017-03-01
  ✗ S1: Error processing CBOE: cannot convert the series to <class 'float'>
  ✓ S2: Long CBOE (2.68%), Short PBI (-4.23%)
      Combined: -0.78%, Portfolio: $1,004,430

45/223: 2017-02-23: Added=REG, Removed=ENDP
  Holding Period End Date: 2017-03-01
    Warning: No data found for REG
  ✗ S1: Insufficient data for REG
  ✓ S2: Long REG (-3.43%), Short ENDP (-3.01%)
      Combined: -3.22%, Portfolio: $972,046

46/223: 2017-03-06: Added=DISH, Removed=LLTC
  Holding Period End Date: 2017-03-10
  ✓ S1: DISH -3.59%, Portfolio: $1,875,391
  ✓ S2: Long DISH (1.78%), Short LLTC (-2.82%)
      Combined: -0.52%, Portfolio: $966,992

47/223: 2017-03-10: Added=ARE, Removed=FSLR
  Holding Period End Date: 2017-03-16
  ✓ S1: ARE 2.91%, Portfolio: $1,929,883
    Warning: No data found for ARE
    Warning: No data found for FSLR
  ✗ S2: Insufficient data for ARE/FSLR

48/223: 2017-03-10: Added=RJF, Removed=FTR
  Holding Period End Date: 2017-03-16
    YFinance output for RJF: 1 Failed download:
['GMCR']: YFPricesMissingError('possibly delisted; no price data found  (1d 2016-03-04 00:00:00 -> 2016-03-16)')
  ✗ S1: Error processing RJF: cannot convert the series to <class 'float'>
  ✗ S2: Insufficient data for RJF/FTR

49/223: 2017-03-10: Added=AMD, Removed=URBN
  Holding Period End Date: 2017-03-16
    Warning: No data found for AMD
  ✗ S1: Insufficient data for AMD
  ✓ S2: Long AMD (-2.04%), Short URBN (3.56%)
      Combined: 0.76%, Portfolio: $974,331

50/223: 2017-03-13: Added=SNPS, Removed=HAR
  Holding Period End Date: 2017-03-17
  ✓ S1: SNPS 2.66%, Portfolio: $1,981,218
  ✓ S2: Long SNPS (0.44%), Short HAR (1.78%)
      Combined: 1.11%, Portfolio: $985,150

51/223: 2017-03-28: Added=DXC, Removed=SWN
  Holding Period End Date: 2017-04-03
  ✓ S1: DXC 0.44%, Portfolio: $1,989,869
  ✓ S2: Long DXC (0.44%), Short SWN (-0.43%)
      Combined: 0.00%, Portfolio: $985,160

52/223: 2017-03-29: Added=IT, Removed=DNB
  Holding Period End Date: 2017-04-04
  ✓ S1: IT 0.44%, Portfolio: $1,998,559
  ✗ S2: Insufficient data for IT/DNB

53/223: 2017-05-24: Added=INFO, Removed=TGNA
  Holding Period End Date: 2017-05-31
  ✓ S1: INFO -2.22%, Portfolio: $1,954,112
    Warning: No data found for TGNA
  ✗ S2: Insufficient data for INFO/TGNA

54/223: 2017-06-09: Added=ANSS, Removed=R
  Holding Period End Date: 2017-06-15
  ✓ S1: ANSS 0.83%, Portfolio: $1,970,297
    Warning: No data found for R
  ✗ S2: Insufficient data for ANSS/R

55/223: 2017-06-09: Added=ALGN, Removed=TDC
  Holding Period End Date: 2017-06-15
    YFinance output for ALGN: 1 Failed download:
['CAM']: YFPricesMissingError('possibly delisted; no price data found  (1d 2016-03-28 00:00:00 -> 2016-03-30)')
    Warning: No data found for ALGN
  ✗ S1: Insufficient data for ALGN
    YFinance output for ALGN: 1 Failed download:
['CAM']: YFPricesMissingError('possibly delisted; no price data found  (1d 2016-03-28 00:00:00 -> 2016-04-05)')

1 Failed download:
['CAM']: YFPricesMissingError('possibly delisted; no price data found  (1d 2016-03-28 00:00:00 -> 2016-04-05)')

1 Failed download:
['CAM']: YFPricesMissingError('possibly delisted; no price data found  (1d 2016-03-28 00:00:00 -> 2016-04-05)')

1 Failed download:
['CAM']: YFPricesMissingError('possibly delisted; no price data found  (1d 2016-03-28 00:00:00 -> 2016-04-05)')
    YFinance output for TDC: 1 Failed download:
['CAM']: YFPricesMissingError('possibly delisted; no price data found  (1d 2016-03-28 00:00:00 -> 2016-04-07)')

1 Failed download:
['CAM']: YFPricesMissingError('possibly delisted; no price data found  (1d 2016-03-28 00:00:00 -> 2016-04-07)')
  ✗ S2: Error processing ALGN/TDC: cannot convert the series to <class 'float'>

56/223: 2017-06-09: Added=HLT, Removed=YHOO
  Holding Period End Date: 2017-06-15
  ✓ S1: HLT 6.85%, Portfolio: $2,105,291
  ✓ S2: Long HLT (-3.24%), Short YHOO (1.67%)
      Combined: -0.79%, Portfolio: $977,421

57/223: 2017-06-12: Added=RE, Removed=MJN
  Holding Period End Date: 2017-06-16
  ✓ S1: RE -3.24%, Portfolio: $2,036,977
    Error fetching RE: 'ULTA'
  ✗ S2: Insufficient data for RE/MJN

58/223: 2017-06-30: Added=BKR, Removed=BHI
  Holding Period End Date: 2017-07-07
  ✓ S1: BKR -4.32%, Portfolio: $1,948,956
    YFinance output for BHI: 1 Failed download:
['MJN']: YFPricesMissingError('possibly delisted; no price data found  (1d 2017-06-12 00:00:00 -> 2017-06-16)')

1 Failed download:
['MJN']: YFPricesMissingError('possibly delisted; no price data found  (1d 2017-06-12 00:00:00 -> 2017-06-16)')
    Warning: No data found for BHI
  ✗ S2: Insufficient data for BKR/BHI

59/223: 2017-07-19: Added=MGM, Removed=RAI
  Holding Period End Date: 2017-07-25
  ✓ S1: MGM -0.78%, Portfolio: $1,933,691
  ✓ S2: Long MGM (1.79%), Short RAI (4.52%)
      Combined: 3.15%, Portfolio: $1,008,229

60/223: 2017-07-19: Added=RMD, Removed=MNK
  Holding Period End Date: 2017-07-25
  ✓ S1: RMD -0.71%, Portfolio: $1,920,045
  ✓ S2: Long RMD (-4.40%), Short MNK (4.60%)
      Combined: 0.10%, Portfolio: $1,009,251

61/223: 2017-07-19: Added=PKG, Removed=MUR
  Holding Period End Date: 2017-07-25
  ✓ S1: PKG 1.08%, Portfolio: $1,940,754
    Warning: No data found for MUR
  ✗ S2: Insufficient data for PKG/MUR

62/223: 2017-07-19: Added=AOS, Removed=BBBY
  Holding Period End Date: 2017-07-25
  ✓ S1: AOS -2.50%, Portfolio: $1,892,326
    Warning: No data found for AOS
    Warning: No data found for BBBY
  ✗ S2: Insufficient data for AOS/BBBY

63/223: 2017-07-19: Added=DRE, Removed=RIG
  Holding Period End Date: 2017-07-25
    YFinance output for DRE: 1 Failed download:
['ADT']: YFPricesMissingError('possibly delisted; no price data found  (1d 2016-04-26 00:00:00 -> 2016-05-02) (Yahoo error = "Data doesn\'t exist for startDate = 1461643200, endDate = 1462161600")')

1 Failed download:
['ADT']: YFPricesMissingError('possibly delisted; no price data found  (1d 2016-04-26 00:00:00 -> 2016-05-02) (Yahoo error = "Data doesn\'t exist for startDate = 1461643200, endDate = 1462161600")')

1 Failed download:
['ADT']: YFPricesMissingError('possibly delisted; no price data found  (1d 2016-04-26 00:00:00 -> 2016-05-02) (Yahoo error = "Data doesn\'t exist for startDate = 1461643200, endDate = 1462161600")')

1 Failed download:
['ADT']: YFPricesMissingError('possibly delisted; no price data found  (1d 2016-04-26 00:00:00 -> 2016-05-02) (Yahoo error = "Data doesn\'t exist for startDate = 1461643200, endDate = 1462161600")')
    Warning: No data found for DRE
  ✗ S1: Insufficient data for DRE
  ✗ S2: Error processing DRE/RIG: cannot convert the series to <class 'float'>

64/223: 2017-07-31: Added=BHF, Removed=AN
  Holding Period End Date: 2017-08-04
  ✓ S1: BHF -3.98%, Portfolio: $1,816,996
    Warning: No data found for BHF
    YFinance output for AN: 2 Failed downloads:
['Q']: YFPricesMissingError('possibly delisted; no price data found  (1d 2017-08-24 00:00:00 -> 2017-08-28)')
['TWC']: YFPricesMissingError('possibly delisted; no price data found  (1d 2016-05-13 00:00:00 -> 2016-05-17)')
  ✗ S2: Insufficient data for BHF/AN

65/223: 2017-08-24: Added=Q, Removed=WFM
  Holding Period End Date: 2017-08-30
  ✓ S1: Q 0.84%, Portfolio: $1,832,332
    Warning: No data found for Q
    YFinance output for WFM: 1 Failed download:
['TWC']: YFPricesMissingError('possibly delisted; no price data found  (1d 2016-05-13 00:00:00 -> 2016-05-19)')
  ✗ S2: Insufficient data for Q/WFM

66/223: 2017-08-24: Added=SBAC, Removed=DD
  Holding Period End Date: 2017-08-30
    Warning: No data found for SBAC
  ✗ S1: Insufficient data for SBAC
    Warning: No data found for SBAC
  ✗ S2: Insufficient data for SBAC/DD

67/223: 2017-08-24: Added=DWDP, Removed=DOW
  Holding Period End Date: 2017-08-30
    Warning: No data found for DWDP
  ✗ S1: Insufficient data for DWDP
    Warning: No data found for DOW
  ✗ S2: Insufficient data for DWDP/DOW

68/223: 2017-08-24: Added=CDNS, Removed=SPLS
  Holding Period End Date: 2017-08-30
    Warning: No data found for CDNS
  ✗ S1: Insufficient data for CDNS
    Warning: No data found for CDNS
    Warning: No data found for SPLS
  ✗ S2: Insufficient data for CDNS/SPLS

69/223: 2017-10-04: Added=NCLH, Removed=LVLT
  Holding Period End Date: 2017-10-10
    Warning: No data found for NCLH
  ✗ S1: Insufficient data for NCLH
    YFinance output for NCLH: 1 Failed download:
['CCE']: YFPricesMissingError('possibly delisted; no price data found  (1d 2016-05-24 00:00:00 -> 2016-05-26)')
    Warning: No data found for NCLH
    Warning: No data found for LVLT
  ✗ S2: Insufficient data for NCLH/LVLT

70/223: 2017-12-28: Added=HII, Removed=BCR
  Holding Period End Date: 2018-01-04
    Warning: No data found for HII
  ✗ S1: Insufficient data for HII
    Warning: No data found for HII
    Warning: No data found for BCR
  ✗ S2: Insufficient data for HII/BCR

71/223: 2018-03-02: Added=IPGP, Removed=SNI
  Holding Period End Date: 2018-03-08
    Warning: No data found for IPGP
  ✗ S1: Insufficient data for IPGP
    Warning: No data found for SNI
  ✗ S2: Insufficient data for IPGP/SNI

72/223: 2018-03-09: Added=TTWO, Removed=SIG
  Holding Period End Date: 2018-03-15
    Warning: No data found for TTWO
  ✗ S1: Insufficient data for TTWO
    Warning: No data found for TTWO
    Warning: No data found for SIG
  ✗ S2: Insufficient data for TTWO/SIG

73/223: 2018-03-09: Added=NKTR, Removed=CHK
  Holding Period End Date: 2018-03-15
    Warning: No data found for NKTR
  ✗ S1: Insufficient data for NKTR
    Warning: No data found for NKTR
    Warning: No data found for CHK
  ✗ S2: Insufficient data for NKTR/CHK

74/223: 2018-03-09: Added=SIVB, Removed=PDCO
  Holding Period End Date: 2018-03-15
    Warning: No data found for SIVB
  ✗ S1: Insufficient data for SIVB
  ✗ S2: Error processing SIVB/PDCO: cannot convert the series to <class 'float'>

75/223: 2018-03-28: Added=MSCI, Removed=CSRA
  Holding Period End Date: 2018-04-04
    Warning: No data found for MSCI
  ✗ S1: Insufficient data for MSCI
    Warning: No data found for MSCI
  ✗ S2: Insufficient data for MSCI/CSRA

76/223: 2018-05-25: Added=ABMD, Removed=WYN
  Holding Period End Date: 2018-06-01
  ✓ S1: ABMD -6.42%, Portfolio: $1,714,664
    Warning: No data found for ABMD
  ✗ S2: Insufficient data for ABMD/WYN

77/223: 2018-05-31: Added=EVRG, Removed=NAVI
  Holding Period End Date: 2018-06-06
    Warning: No data found for EVRG
  ✗ S1: Insufficient data for EVRG
  ✗ S2: Error processing EVRG/NAVI: cannot convert the series to <class 'float'>

78/223: 2018-06-04: Added=TWTR, Removed=MON
  Holding Period End Date: 2018-06-08
  ✓ S1: TWTR -0.17%, Portfolio: $1,711,742
    Warning: No data found for TWTR
  ✗ S2: Insufficient data for TWTR/MON

79/223: 2018-06-08: Added=HFC, Removed=AYI
  Holding Period End Date: 2018-06-14
  ✓ S1: HFC 0.81%, Portfolio: $1,725,547
  ✗ S2: Error processing HFC/AYI: cannot convert the series to <class 'float'>

80/223: 2018-06-08: Added=BR, Removed=RRC
  Holding Period End Date: 2018-06-14
  ✓ S1: BR 6.79%, Portfolio: $1,842,681
    Warning: No data found for BR
  ✗ S2: Insufficient data for BR/RRC

81/223: 2018-06-15: Added=FLT, Removed=TWX
  Holding Period End Date: 2018-06-21
  ✓ S1: FLT 2.41%, Portfolio: $1,887,105
    Warning: No data found for TWX
  ✗ S2: Insufficient data for FLT/TWX

82/223: 2018-06-25: Added=CPRT, Removed=DPS
  Holding Period End Date: 2018-06-29
    Warning: No data found for CPRT
  ✗ S1: Insufficient data for CPRT
  ✓ S2: Long CPRT (4.51%), Short DPS (-0.94%)
      Combined: 1.79%, Portfolio: $1,027,291

83/223: 2018-08-23: Added=ANET, Removed=GGP
  Holding Period End Date: 2018-08-29
  ✓ S1: ANET 1.69%, Portfolio: $1,919,039
  ✓ S2: Long ANET (0.95%), Short GGP (0.05%)
      Combined: 0.50%, Portfolio: $1,032,432

84/223: 2018-09-11: Added=WCG, Removed=XL
  Holding Period End Date: 2018-09-17
  ✗ S1: Error processing WCG: cannot convert the series to <class 'float'>
    Warning: No data found for XL
  ✗ S2: Insufficient data for WCG/XL

85/223: 2018-09-25: Added=ROL, Removed=ANDV
  Holding Period End Date: 2018-10-01
  ✓ S1: ROL 7.91%, Portfolio: $2,070,870
    Warning: No data found for ROL
  ✗ S2: Insufficient data for ROL/ANDV

86/223: 2018-10-04: Added=FTNT, Removed=EVHC
  Holding Period End Date: 2018-10-10
  ✓ S1: FTNT 1.58%, Portfolio: $2,103,544
    YFinance output for FTNT: 1 Failed download:
['EMC']: YFPricesMissingError('possibly delisted; no price data found  (1d 2016-08-31 00:00:00 -> 2016-09-09) (Yahoo error = "Data doesn\'t exist for startDate = 1472616000, endDate = 1473393600")')

1 Failed download:
['EMC']: YFPricesMissingError('possibly delisted; no price data found  (1d 2016-08-31 00:00:00 -> 2016-09-09) (Yahoo error = "Data doesn\'t exist for startDate = 1472616000, endDate = 1473393600")')

1 Failed download:
['EMC']: YFPricesMissingError('possibly delisted; no price data found  (1d 2016-08-31 00:00:00 -> 2016-09-09) (Yahoo error = "Data doesn\'t exist for startDate = 1472616000, endDate = 1473393600")')

1 Failed download:
['EMC']: YFPricesMissingError('possibly delisted; no price data found  (1d 2016-08-31 00:00:00 -> 2016-09-09) (Yahoo error = "Data doesn\'t exist for startDate = 1472616000, endDate = 1473393600")')
    Warning: No data found for FTNT
  ✗ S2: Insufficient data for FTNT/EVHC

87/223: 2018-10-30: Added=KEYS, Removed=CA
  Holding Period End Date: 2018-11-05
    Warning: No data found for KEYS
  ✗ S1: Insufficient data for KEYS
    Warning: No data found for KEYS
    YFinance output for CA: 1 Failed download:
['DO']: YFTzMissingError('possibly delisted; no timezone found')
    Warning: No data found for CA
  ✗ S2: Insufficient data for KEYS/CA

88/223: 2018-11-07: Added=JKHY, Removed=EQT
  Holding Period End Date: 2018-11-13
  ✓ S1: JKHY -0.05%, Portfolio: $2,102,430
  ✗ S2: Error processing JKHY/EQT: cannot convert the series to <class 'float'>

89/223: 2018-11-26: Added=FANG, Removed=SRCL
  Holding Period End Date: 2018-11-30
  ✓ S1: FANG -4.78%, Portfolio: $2,002,025
  ✓ S2: Long FANG (1.45%), Short SRCL (5.56%)
      Combined: 3.50%, Portfolio: $1,068,611

90/223: 2018-11-26: Added=MXIM, Removed=AET
  Holding Period End Date: 2018-11-30
  ✓ S1: MXIM 3.12%, Portfolio: $2,064,569
  ✓ S2: Long MXIM (6.49%), Short AET (-1.43%)
      Combined: 2.53%, Portfolio: $1,095,628

91/223: 2018-11-26: Added=LW, Removed=COL
  Holding Period End Date: 2018-11-30
  ✓ S1: LW 1.10%, Portfolio: $2,087,244
    Warning: No data found for COL
  ✗ S2: Insufficient data for LW/COL

92/223: 2018-12-27: Added=CE, Removed=ESRX
  Holding Period End Date: 2019-01-03
    YFinance output for CE: 1 Failed download:
['LM']: YFTzMissingError('possibly delisted; no timezone found')
  ✗ S1: Error processing CE: cannot convert the series to <class 'float'>
    Warning: No data found for ESRX
  ✗ S2: Insufficient data for CE/ESRX

93/223: 2018-12-27: Added=FRC, Removed=SCG
  Holding Period End Date: 2019-01-03
  ✓ S1: FRC 1.21%, Portfolio: $2,112,447
  ✓ S2: Long FRC (6.49%), Short SCG (-4.43%)
      Combined: 1.03%, Portfolio: $1,106,910

94/223: 2019-01-15: Added=TFX, Removed=PCG
  Holding Period End Date: 2019-01-22
    YFinance output for TFX: 1 Failed download:
['STJ']: YFPricesMissingError('possibly delisted; no price data found  (1d 2017-01-03 00:00:00 -> 2017-01-05)')
  ✓ S1: TFX -5.23%, Portfolio: $2,001,882
    Warning: No data found for TFX
  ✗ S2: Insufficient data for TFX/PCG

95/223: 2019-02-08: Added=ATO, Removed=NFX
  Holding Period End Date: 2019-02-14
  ✓ S1: ATO 7.59%, Portfolio: $2,153,890
  ✓ S2: Long ATO (0.55%), Short NFX (5.52%)
      Combined: 3.04%, Portfolio: $1,140,546

96/223: 2019-02-21: Added=WAB, Removed=GT
  Holding Period End Date: 2019-02-27
  ✓ S1: WAB 9.24%, Portfolio: $2,352,942
    Warning: No data found for GT
  ✗ S2: Insufficient data for WAB/GT

97/223: 2019-03-14: Added=FOXA, Removed=FOXA
  Holding Period End Date: 2019-03-20
  ✓ S1: FOXA -2.75%, Portfolio: $2,288,152
  ✗ S2: Error processing FOXA/FOXA: cannot convert the series to <class 'float'>

98/223: 2019-03-14: Added=FOX, Removed=FOX
  Holding Period End Date: 2019-03-20
  ✓ S1: FOX 9.24%, Portfolio: $2,499,611
  ✗ S2: Error processing FOX/FOX: cannot convert the series to <class 'float'>

99/223: 2019-03-26: Added=DOW, Removed=BHF
  Holding Period End Date: 2019-04-01
  ✓ S1: DOW -0.88%, Portfolio: $2,477,649
    Warning: No data found for DOW
    Warning: No data found for BHF
  ✗ S2: Insufficient data for DOW/BHF

100/223: 2019-05-28: Added=CTVA, Removed=FLR
  Holding Period End Date: 2019-06-03
  ✓ S1: CTVA -0.85%, Portfolio: $2,456,696
    Warning: No data found for CTVA
  ✗ S2: Insufficient data for CTVA/FLR

101/223: 2019-05-28: Added=DD, Removed=DWDP
  Holding Period End Date: 2019-06-03
    YFinance output for DD: 1 Failed download:
['ENDP']: YFTzMissingError('possibly delisted; no timezone found')

1 Failed download:
['ENDP']: YFTzMissingError('possibly delisted; no timezone found')
    Warning: No data found for DD
  ✗ S1: Insufficient data for DD
  ✓ S2: Long DD (-3.59%), Short DWDP (1.65%)
      Combined: -0.97%, Portfolio: $1,129,439

102/223: 2019-06-03: Added=BMS, Removed=MAT
  Holding Period End Date: 2019-06-07
    Warning: No data found for BMS
  ✗ S1: Insufficient data for BMS
    Warning: No data found for BMS
    Warning: No data found for MAT
  ✗ S2: Insufficient data for BMS/MAT

103/223: 2019-06-03: Added=AMCR, Removed=BMS
  Holding Period End Date: 2019-06-07
    YFinance output for AMCR: 1 Failed download:
['DISH']: YFTzMissingError('possibly delisted; no timezone found')

1 Failed download:
['DISH']: YFTzMissingError('possibly delisted; no timezone found')
  ✗ S1: Error processing AMCR: cannot convert the series to <class 'float'>
  ✓ S2: Long AMCR (1.30%), Short BMS (-0.74%)
      Combined: 0.28%, Portfolio: $1,132,619

104/223: 2019-06-24: Added=MKTX, Removed=LLL
  Holding Period End Date: 2019-06-28
    Warning: No data found for MKTX
  ✗ S1: Insufficient data for MKTX
    Warning: No data found for MKTX
    YFinance output for LLL: 1 Failed download:
['LLTC']: YFPricesMissingError('possibly delisted; no price data found  (1d 2017-03-06 00:00:00 -> 2017-03-16)')

1 Failed download:
['LLTC']: YFPricesMissingError('possibly delisted; no price data found  (1d 2017-03-06 00:00:00 -> 2017-03-16)')

1 Failed download:
['LLTC']: YFPricesMissingError('possibly delisted; no price data found  (1d 2017-03-06 00:00:00 -> 2017-03-16)')

1 Failed download:
['LLTC']: YFPricesMissingError('possibly delisted; no price data found  (1d 2017-03-06 00:00:00 -> 2017-03-16)')
    Warning: No data found for LLL
  ✗ S2: Insufficient data for MKTX/LLL

105/223: 2019-07-09: Added=TMUS, Removed=RHT
  Holding Period End Date: 2019-07-15
  ✓ S1: TMUS 0.97%, Portfolio: $2,480,629
    YFinance output for RHT: 1 Failed download:
['DISH']: YFTzMissingError('possibly delisted; no timezone found')
    Warning: No data found for RHT
  ✗ S2: Insufficient data for TMUS/RHT

106/223: 2019-08-01: Added=IEX, Removed=FL
  Holding Period End Date: 2019-08-07
  ✓ S1: IEX 0.97%, Portfolio: $2,504,795
    Warning: No data found for IEX
    Warning: No data found for FL
  ✗ S2: Insufficient data for IEX/FL

107/223: 2019-08-01: Added=LDOS, Removed=APC
  Holding Period End Date: 2019-08-07
    Warning: No data found for LDOS
  ✗ S1: Insufficient data for LDOS
    Warning: No data found for LDOS
    Warning: No data found for APC
  ✗ S2: Insufficient data for LDOS/APC

108/223: 2019-09-17: Added=CDW, Removed=TSS
  Holding Period End Date: 2019-09-23
    Warning: No data found for CDW
  ✗ S1: Insufficient data for CDW
  ✓ S2: Long CDW (0.50%), Short TSS (3.97%)
      Combined: 2.23%, Portfolio: $1,157,925

109/223: 2019-09-20: Added=NVR, Removed=JEF
  Holding Period End Date: 2019-09-26
  ✓ S1: NVR -1.75%, Portfolio: $2,460,891
    Warning: No data found for NVR
  ✗ S2: Insufficient data for NVR/JEF

110/223: 2019-09-20: Added=LVS, Removed=NKTR
  Holding Period End Date: 2019-09-26
  ✓ S1: LVS 4.29%, Portfolio: $2,566,512
  ✓ S2: Long LVS (-1.02%), Short NKTR (1.34%)
      Combined: 0.16%, Portfolio: $1,159,759

111/223: 2019-11-18: Added=NOW, Removed=CELG
  Holding Period End Date: 2019-11-22
  ✓ S1: NOW -1.66%, Portfolio: $2,523,842
  ✓ S2: Long NOW (-1.75%), Short CELG (5.01%)
      Combined: 1.63%, Portfolio: $1,178,625

112/223: 2019-11-27: Added=WRB, Removed=VIAB
  Holding Period End Date: 2019-12-04
  ✓ S1: WRB -1.62%, Portfolio: $2,482,917
  ✓ S2: Long WRB (5.28%), Short VIAB (1.34%)
      Combined: 3.31%, Portfolio: $1,217,637

113/223: 2019-12-02: Added=ODFL, Removed=STI
  Holding Period End Date: 2019-12-06
  ✓ S1: ODFL 1.37%, Portfolio: $2,516,831
    Warning: No data found for STI
  ✗ S2: Insufficient data for ODFL/STI

114/223: 2019-12-13: Added=ZBRA, Removed=TRIP
  Holding Period End Date: 2019-12-19
  ✗ S1: Error processing ZBRA: cannot convert the series to <class 'float'>
    YFinance output for ZBRA: 1 Failed download:
['SWN']: YFTzMissingError('possibly delisted; no timezone found')

1 Failed download:
['SWN']: YFTzMissingError('possibly delisted; no timezone found')
  ✓ S2: Long ZBRA (-1.87%), Short TRIP (5.01%)
      Combined: 1.57%, Portfolio: $1,236,736

115/223: 2019-12-13: Added=LYV, Removed=AMG
  Holding Period End Date: 2019-12-19
  ✓ S1: LYV -2.55%, Portfolio: $2,452,593
  ✗ S2: Error processing LYV/AMG: cannot convert the series to <class 'float'>

116/223: 2019-12-13: Added=STE, Removed=MAC
  Holding Period End Date: 2019-12-19
  ✓ S1: STE -1.32%, Portfolio: $2,420,273
    YFinance output for STE: 1 Failed download:
['STI']: YFPricesMissingError('possibly delisted; no price data found  (1d 2019-12-02 00:00:00 -> 2019-12-10) (Yahoo error = "Data doesn\'t exist for startDate = 1575262800, endDate = 1575954000")')

1 Failed download:
['STI']: YFPricesMissingError('possibly delisted; no price data found  (1d 2019-12-02 00:00:00 -> 2019-12-10) (Yahoo error = "Data doesn\'t exist for startDate = 1575262800, endDate = 1575954000")')
    Warning: No data found for STE
  ✗ S2: Insufficient data for STE/MAC

117/223: 2020-01-22: Added=PAYC, Removed=WCG
  Holding Period End Date: 2020-01-28
    Warning: No data found for PAYC
  ✗ S1: Insufficient data for PAYC
    Warning: No data found for PAYC
    YFinance output for WCG: 1 Failed download:
['SWN']: YFTzMissingError('possibly delisted; no timezone found')

1 Failed download:
['SWN']: YFTzMissingError('possibly delisted; no timezone found')
    Warning: No data found for WCG
  ✗ S2: Insufficient data for PAYC/WCG

118/223: 2020-02-27: Added=IR, Removed=XEC
  Holding Period End Date: 2020-03-04
  ✓ S1: IR 0.09%, Portfolio: $2,422,501
    YFinance output for IR: 2 Failed downloads:
['SWN']: YFTzMissingError('possibly delisted; no timezone found')
['INFO']: YFPricesMissingError('possibly delisted; no price data found  (1d 2017-05-24 00:00:00 -> 2017-06-01) (Yahoo error = "Data doesn\'t exist for startDate = 1495598400, endDate = 1496289600")')

2 Failed downloads:
['SWN']: YFTzMissingError('possibly delisted; no timezone found')
['INFO']: YFPricesMissingError('possibly delisted; no price data found  (1d 2017-05-24 00:00:00 -> 2017-06-01) (Yahoo error = "Data doesn\'t exist for startDate = 1495598400, endDate = 1496289600")')

2 Failed downloads:
['SWN']: YFTzMissingError('possibly delisted; no timezone found')
['INFO']: YFPricesMissingError('possibly delisted; no price data found  (1d 2017-05-24 00:00:00 -> 2017-06-01) (Yahoo error = "Data doesn\'t exist for startDate = 1495598400, endDate = 1496289600")')

2 Failed downloads:
['SWN']: YFTzMissingError('possibly delisted; no timezone found')
['INFO']: YFPricesMissingError('possibly delisted; no price data found  (1d 2017-05-24 00:00:00 -> 2017-06-01) (Yahoo error = "Data doesn\'t exist for startDate = 1495598400, endDate = 1496289600")')

2 Failed downloads:
['SWN']: YFTzMissingError('possibly delisted; no timezone found')
['INFO']: YFPricesMissingError('possibly delisted; no price data found  (1d 2017-05-24 00:00:00 -> 2017-06-01) (Yahoo error = "Data doesn\'t exist for startDate = 1495598400, endDate = 1496289600")')

2 Failed downloads:
['SWN']: YFTzMissingError('possibly delisted; no timezone found')
['INFO']: YFPricesMissingError('possibly delisted; no price data found  (1d 2017-05-24 00:00:00 -> 2017-06-01) (Yahoo error = "Data doesn\'t exist for startDate = 1495598400, endDate = 1496289600")')
  ✗ S2: Error processing IR/XEC: cannot convert the series to <class 'float'>

119/223: 2020-03-31: Added=nan, Removed=M
  Holding Period End Date: 2020-04-06

120/223: 2020-03-31: Added=nan, Removed=RTN
  Holding Period End Date: 2020-04-06

121/223: 2020-03-31: Added=CARR, Removed=nan
  Holding Period End Date: 2020-04-06
    YFinance output for CARR: 1 Failed download:
['DNB']: YFPricesMissingError('possibly delisted; no price data found  (1d 2017-03-29 00:00:00 -> 2017-04-07) (Yahoo error = "Data doesn\'t exist for startDate = 1490760000, endDate = 1491537600")')

1 Failed download:
['DNB']: YFPricesMissingError('possibly delisted; no price data found  (1d 2017-03-29 00:00:00 -> 2017-04-07) (Yahoo error = "Data doesn\'t exist for startDate = 1490760000, endDate = 1491537600")')

1 Failed download:
['DNB']: YFPricesMissingError('possibly delisted; no price data found  (1d 2017-03-29 00:00:00 -> 2017-04-07) (Yahoo error = "Data doesn\'t exist for startDate = 1490760000, endDate = 1491537600")')

1 Failed download:
['DNB']: YFPricesMissingError('possibly delisted; no price data found  (1d 2017-03-29 00:00:00 -> 2017-04-07) (Yahoo error = "Data doesn\'t exist for startDate = 1490760000, endDate = 1491537600")')
    Warning: No data found for CARR
  ✗ S1: Insufficient data for CARR

122/223: 2020-03-31: Added=OTIS, Removed=nan
  Holding Period End Date: 2020-04-06
  ✓ S1: OTIS -1.62%, Portfolio: $2,383,219

123/223: 2020-05-05: Added=HWM, Removed=ARNC
  Holding Period End Date: 2020-05-11
    Warning: No data found for HWM
  ✗ S1: Insufficient data for HWM
    Warning: No data found for HWM
    YFinance output for ARNC: 1 Failed download:
['INFO']: YFPricesMissingError('possibly delisted; no price data found  (1d 2017-05-24 00:00:00 -> 2017-06-05) (Yahoo error = "Data doesn\'t exist for startDate = 1495598400, endDate = 1496635200")')
    Warning: No data found for ARNC
  ✗ S2: Insufficient data for HWM/ARNC

124/223: 2020-05-06: Added=DXCM, Removed=AGN
  Holding Period End Date: 2020-05-12
  ✓ S1: DXCM 0.09%, Portfolio: $2,385,414
  ✓ S2: Long DXCM (-1.70%), Short AGN (-0.09%)
      Combined: -0.90%, Portfolio: $1,225,639

125/223: 2020-05-06: Added=DPZ, Removed=CPRI
  Holding Period End Date: 2020-05-12
  ✓ S1: DPZ 1.24%, Portfolio: $2,414,913
  ✓ S2: Long DPZ (-2.76%), Short CPRI (1.45%)
      Combined: -0.66%, Portfolio: $1,217,597

126/223: 2020-05-18: Added=WST, Removed=HP
  Holding Period End Date: 2020-05-22
    Warning: No data found for WST
  ✗ S1: Insufficient data for WST
    Warning: No data found for WST
    YFinance output for HP: 1 Failed download:
['INFO']: YFPricesMissingError('possibly delisted; no price data found  (1d 2017-05-24 00:00:00 -> 2017-06-06) (Yahoo error = "Data doesn\'t exist for startDate = 1495598400, endDate = 1496721600")')

1 Failed download:
['INFO']: YFPricesMissingError('possibly delisted; no price data found  (1d 2017-05-24 00:00:00 -> 2017-06-06) (Yahoo error = "Data doesn\'t exist for startDate = 1495598400, endDate = 1496721600")')
  ✗ S2: Insufficient data for WST/HP

127/223: 2020-06-12: Added=BIO, Removed=ADS
  Holding Period End Date: 2020-06-18
  ✓ S1: BIO -3.06%, Portfolio: $2,341,095
  ✓ S2: Long BIO (-3.24%), Short ADS (-3.27%)
      Combined: -3.26%, Portfolio: $1,177,954

128/223: 2020-06-12: Added=TDY, Removed=HOG
  Holding Period End Date: 2020-06-18
  ✗ S1: Error processing TDY: cannot convert the series to <class 'float'>
    Warning: No data found for TDY
  ✗ S2: Insufficient data for TDY/HOG

129/223: 2020-06-12: Added=TYL, Removed=JWN
  Holding Period End Date: 2020-06-18
    YFinance output for TYL: 2 Failed downloads:
['RE', 'YHOO']: YFTzMissingError('possibly delisted; no timezone found')

2 Failed downloads:
['RE', 'YHOO']: YFTzMissingError('possibly delisted; no timezone found')

2 Failed downloads:
['RE', 'YHOO']: YFTzMissingError('possibly delisted; no timezone found')

2 Failed downloads:
['RE', 'YHOO']: YFTzMissingError('possibly delisted; no timezone found')

2 Failed downloads:
['RE', 'YHOO']: YFTzMissingError('possibly delisted; no timezone found')
    Warning: No data found for TYL
  ✗ S1: Insufficient data for TYL
    YFinance output for JWN: 1 Failed download:
['RE']: YFTzMissingError('possibly delisted; no timezone found')
    Warning: No data found for JWN
  ✗ S2: Insufficient data for TYL/JWN

130/223: 2020-09-04: Added=CTLT, Removed=KSS
  Holding Period End Date: 2020-09-11
    YFinance output for CTLT: 1 Failed download:
['RE']: YFTzMissingError('possibly delisted; no timezone found')

1 Failed download:
['RE']: YFTzMissingError('possibly delisted; no timezone found')

1 Failed download:
['RE']: YFTzMissingError('possibly delisted; no timezone found')

1 Failed download:
['RE']: YFTzMissingError('possibly delisted; no timezone found')
    Warning: No data found for CTLT
  ✗ S1: Insufficient data for CTLT
    Warning: No data found for CTLT
    Warning: No data found for KSS
  ✗ S2: Insufficient data for CTLT/KSS

131/223: 2020-09-04: Added=ETSY, Removed=HRB
  Holding Period End Date: 2020-09-11
  ✗ S1: Error processing ETSY: cannot convert the series to <class 'float'>
    Warning: No data found for ETSY
  ✗ S2: Insufficient data for ETSY/HRB

132/223: 2020-09-04: Added=TER, Removed=COTY
  Holding Period End Date: 2020-09-11
  ✗ S1: Error processing TER: cannot convert the series to <class 'float'>
  ✓ S2: Long TER (3.24%), Short COTY (-1.59%)
      Combined: 0.83%, Portfolio: $1,187,717

133/223: 2020-10-01: Added=POOL, Removed=ETFC
  Holding Period End Date: 2020-10-07
  ✓ S1: POOL 5.82%, Portfolio: $2,477,240
    YFinance output for POOL: 1 Failed download:
['RE']: YFTzMissingError('possibly delisted; no timezone found')

1 Failed download:
['RE']: YFTzMissingError('possibly delisted; no timezone found')

1 Failed download:
['RE']: YFTzMissingError('possibly delisted; no timezone found')
    Warning: No data found for POOL
    YFinance output for ETFC: 1 Failed download:
['RE']: YFTzMissingError('possibly delisted; no timezone found')
  ✗ S2: Insufficient data for POOL/ETFC

134/223: 2020-10-05: Added=VNT, Removed=nan
  Holding Period End Date: 2020-10-09
    Warning: No data found for VNT
  ✗ S1: Insufficient data for VNT

135/223: 2020-10-05: Added=nan, Removed=NBL
  Holding Period End Date: 2020-10-09

136/223: 2020-12-11: Added=TSLA, Removed=AIV
  Holding Period End Date: 2020-12-17
    YFinance output for TSLA: 1 Failed download:
['BHI']: YFPricesMissingError('possibly delisted; no price data found  (1d 2017-06-30 00:00:00 -> 2017-07-04) (Yahoo error = "Data doesn\'t exist for startDate = 1498795200, endDate = 1499140800")')
    Warning: No data found for TSLA
  ✗ S1: Insufficient data for TSLA
    Warning: No data found for TSLA
    YFinance output for AIV: 1 Failed download:
['BHI']: YFPricesMissingError('possibly delisted; no price data found  (1d 2017-06-30 00:00:00 -> 2017-07-07) (Yahoo error = "Data doesn\'t exist for startDate = 1498795200, endDate = 1499400000")')

1 Failed download:
['BHI']: YFPricesMissingError('possibly delisted; no price data found  (1d 2017-06-30 00:00:00 -> 2017-07-07) (Yahoo error = "Data doesn\'t exist for startDate = 1498795200, endDate = 1499400000")')

1 Failed download:
['BHI']: YFPricesMissingError('possibly delisted; no price data found  (1d 2017-06-30 00:00:00 -> 2017-07-07) (Yahoo error = "Data doesn\'t exist for startDate = 1498795200, endDate = 1499400000")')
    Warning: No data found for AIV
  ✗ S2: Insufficient data for TSLA/AIV

137/223: 2020-12-30: Added=ENPH, Removed=TIF
  Holding Period End Date: 2021-01-06
  ✗ S1: Error processing ENPH: cannot convert the series to <class 'float'>
  ✗ S2: Error processing ENPH/TIF: cannot convert the series to <class 'float'>

138/223: 2021-01-15: Added=TRMB, Removed=CXO
  Holding Period End Date: 2021-01-22
    YFinance output for TRMB: 2 Failed downloads:
['ADT']: YFPricesMissingError('possibly delisted; no price data found  (1d 2016-04-26 00:00:00 -> 2016-05-05) (Yahoo error = "Data doesn\'t exist for startDate = 1461643200, endDate = 1462420800")')
['RE']: YFTzMissingError('possibly delisted; no timezone found')

2 Failed downloads:
['ADT']: YFPricesMissingError('possibly delisted; no price data found  (1d 2016-04-26 00:00:00 -> 2016-05-05) (Yahoo error = "Data doesn\'t exist for startDate = 1461643200, endDate = 1462420800")')
['RE']: YFTzMissingError('possibly delisted; no timezone found')
    Warning: No data found for TRMB
  ✗ S1: Insufficient data for TRMB
    Warning: No data found for TRMB
    Warning: No data found for CXO
  ✗ S2: Insufficient data for TRMB/CXO

139/223: 2021-02-08: Added=MPWR, Removed=FTI
  Holding Period End Date: 2021-02-12
    Warning: No data found for MPWR
  ✗ S1: Insufficient data for MPWR
    Warning: No data found for MPWR
    YFinance output for FTI: 1 Failed download:
['RAI']: YFPricesMissingError('possibly delisted; no price data found  (1d 2017-07-19 00:00:00 -> 2017-07-31)')
  ✗ S2: Insufficient data for MPWR/FTI

140/223: 2021-03-12: Added=CZR, Removed=VNT
  Holding Period End Date: 2021-03-18
    YFinance output for CZR: 1 Failed download:
['BHI']: YFPricesMissingError('possibly delisted; no price data found  (1d 2017-06-30 00:00:00 -> 2017-07-12) (Yahoo error = "Data doesn\'t exist for startDate = 1498795200, endDate = 1499832000")')
    Warning: No data found for CZR
  ✗ S1: Insufficient data for CZR
  ✓ S2: Long CZR (-0.49%), Short VNT (1.65%)
      Combined: 0.58%, Portfolio: $1,194,610

141/223: 2021-03-12: Added=PENN, Removed=SLG
  Holding Period End Date: 2021-03-18
  ✓ S1: PENN -0.16%, Portfolio: $2,473,210
  ✓ S2: Long PENN (-0.49%), Short SLG (3.14%)
      Combined: 1.33%, Portfolio: $1,210,442

142/223: 2021-03-12: Added=NXPI, Removed=FLS
  Holding Period End Date: 2021-03-18
    Warning: No data found for NXPI
  ✗ S1: Insufficient data for NXPI
  ✗ S2: Error processing NXPI/FLS: cannot convert the series to <class 'float'>

143/223: 2021-03-12: Added=GNRC, Removed=XRX
  Holding Period End Date: 2021-03-18
  ✗ S1: Error processing GNRC: cannot convert the series to <class 'float'>
    YFinance output for GNRC: 1 Failed download:
['RAI']: YFPricesMissingError('possibly delisted; no price data found  (1d 2017-07-19 00:00:00 -> 2017-07-27)')

1 Failed download:
['RAI']: YFPricesMissingError('possibly delisted; no price data found  (1d 2017-07-19 00:00:00 -> 2017-07-27)')

1 Failed download:
['RAI']: YFPricesMissingError('possibly delisted; no price data found  (1d 2017-07-19 00:00:00 -> 2017-07-27)')

1 Failed download:
['RAI']: YFPricesMissingError('possibly delisted; no price data found  (1d 2017-07-19 00:00:00 -> 2017-07-27)')
  ✓ S2: Long GNRC (-0.49%), Short XRX (2.37%)
      Combined: 0.94%, Portfolio: $1,221,850

144/223: 2021-04-15: Added=PTC, Removed=VAR
  Holding Period End Date: 2021-04-21
  ✓ S1: PTC -3.98%, Portfolio: $2,374,848
  ✗ S2: Error processing PTC/VAR: cannot convert the series to <class 'float'>

145/223: 2021-05-10: Added=CRL, Removed=FLIR
  Holding Period End Date: 2021-05-14
    YFinance output for CRL: 1 Failed download:
['DRE']: YFTzMissingError('possibly delisted; no timezone found')

1 Failed download:
['DRE']: YFTzMissingError('possibly delisted; no timezone found')

1 Failed download:
['DRE']: YFTzMissingError('possibly delisted; no timezone found')

1 Failed download:
['DRE']: YFTzMissingError('possibly delisted; no timezone found')

1 Failed download:
['DRE']: YFTzMissingError('possibly delisted; no timezone found')
  ✗ S1: Error processing CRL: cannot convert the series to <class 'float'>
    Warning: No data found for CRL
    Warning: No data found for FLIR
  ✗ S2: Insufficient data for CRL/FLIR

146/223: 2021-05-27: Added=OGN, Removed=nan
  Holding Period End Date: 2021-06-03
    YFinance output for OGN: 1 Failed download:
['DRE']: YFTzMissingError('possibly delisted; no timezone found')

1 Failed download:
['DRE']: YFTzMissingError('possibly delisted; no timezone found')

1 Failed download:
['DRE']: YFTzMissingError('possibly delisted; no timezone found')

1 Failed download:
['DRE']: YFTzMissingError('possibly delisted; no timezone found')
  ✓ S1: OGN -3.52%, Portfolio: $2,291,276

147/223: 2021-05-27: Added=nan, Removed=HFC
  Holding Period End Date: 2021-06-03

148/223: 2021-07-15: Added=MRNA, Removed=ALXN
  Holding Period End Date: 2021-07-21
    YFinance output for MRNA: 1 Failed download:
['DRE']: YFTzMissingError('possibly delisted; no timezone found')
    Warning: No data found for MRNA
  ✗ S1: Insufficient data for MRNA
    Warning: No data found for MRNA
  ✗ S2: Insufficient data for MRNA/ALXN

149/223: 2021-08-24: Added=TECH, Removed=MXIM
  Holding Period End Date: 2021-08-30
  ✓ S1: TECH -3.03%, Portfolio: $2,221,843
  ✗ S2: Error processing TECH/MXIM: cannot convert the series to <class 'float'>

150/223: 2021-09-03: Added=BRO, Removed=NOV
  Holding Period End Date: 2021-09-10
  ✗ S1: Error processing BRO: cannot convert the series to <class 'float'>
  ✗ S2: Error processing BRO/NOV: cannot convert the series to <class 'float'>

151/223: 2021-09-03: Added=CDAY, Removed=UNM
  Holding Period End Date: 2021-09-10
  ✓ S1: CDAY -3.30%, Portfolio: $2,148,626
  ✗ S2: Error processing CDAY/UNM: cannot convert the series to <class 'float'>

152/223: 2021-09-03: Added=MTCH, Removed=PRGO
  Holding Period End Date: 2021-09-10
  ✓ S1: MTCH -2.17%, Portfolio: $2,102,072
  ✓ S2: Long MTCH (1.08%), Short PRGO (4.15%)
      Combined: 2.61%, Portfolio: $1,253,783

153/223: 2021-12-03: Added=FDS, Removed=WU
  Holding Period End Date: 2021-12-09
    Warning: No data found for FDS
  ✗ S1: Insufficient data for FDS
    YFinance output for FDS: 1 Failed download:
['Q']: YFPricesMissingError('possibly delisted; no price data found  (1d 2017-08-24 00:00:00 -> 2017-09-06)')

1 Failed download:
['Q']: YFPricesMissingError('possibly delisted; no price data found  (1d 2017-08-24 00:00:00 -> 2017-09-06)')

1 Failed download:
['Q']: YFPricesMissingError('possibly delisted; no price data found  (1d 2017-08-24 00:00:00 -> 2017-09-06)')

1 Failed download:
['Q']: YFPricesMissingError('possibly delisted; no price data found  (1d 2017-08-24 00:00:00 -> 2017-09-06)')

1 Failed download:
['Q']: YFPricesMissingError('possibly delisted; no price data found  (1d 2017-08-24 00:00:00 -> 2017-09-06)')
  ✗ S2: Error processing FDS/WU: cannot convert the series to <class 'float'>

154/223: 2021-12-03: Added=SEDG, Removed=HBI
  Holding Period End Date: 2021-12-09
  ✓ S1: SEDG -3.52%, Portfolio: $2,028,099
  ✓ S2: Long SEDG (-0.80%), Short HBI (6.75%)
      Combined: 2.98%, Portfolio: $1,291,115

155/223: 2021-12-03: Added=SBNY, Removed=LEG
  Holding Period End Date: 2021-12-09
    YFinance output for SBNY: 1 Failed download:
['DRE']: YFTzMissingError('possibly delisted; no timezone found')

1 Failed download:
['DRE']: YFTzMissingError('possibly delisted; no timezone found')
  ✓ S1: SBNY 2.71%, Portfolio: $2,083,157
    YFinance output for LEG: 1 Failed download:
['DRE']: YFTzMissingError('possibly delisted; no timezone found')

1 Failed download:
['DRE']: YFTzMissingError('possibly delisted; no timezone found')
    Warning: No data found for LEG
  ✗ S2: Insufficient data for SBNY/LEG

156/223: 2021-12-07: Added=EPAM, Removed=KSU
  Holding Period End Date: 2021-12-13
    Warning: No data found for EPAM
  ✗ S1: Insufficient data for EPAM
  ✓ S2: Long EPAM (2.65%), Short KSU (-2.81%)
      Combined: -0.08%, Portfolio: $1,290,070

157/223: 2022-01-26: Added=CEG, Removed=nan
  Holding Period End Date: 2022-02-01
    Warning: No data found for CEG
  ✗ S1: Insufficient data for CEG

158/223: 2022-01-26: Added=nan, Removed=GPS
  Holding Period End Date: 2022-02-01

159/223: 2022-02-10: Added=NDSN, Removed=XLNX
  Holding Period End Date: 2022-02-16
  ✓ S1: NDSN -1.35%, Portfolio: $2,055,038
  ✓ S2: Long NDSN (-2.17%), Short XLNX (2.21%)
      Combined: 0.02%, Portfolio: $1,290,379

160/223: 2022-02-25: Added=MOH, Removed=INFO
  Holding Period End Date: 2022-03-03
  ✓ S1: MOH -6.32%, Portfolio: $1,925,083
  ✓ S2: Long MOH (-6.32%), Short INFO (-3.24%)
      Combined: -4.78%, Portfolio: $1,228,669

161/223: 2022-03-29: Added=CPT, Removed=PBCT
  Holding Period End Date: 2022-04-04
  ✗ S1: Error processing CPT: cannot convert the series to <class 'float'>
    Warning: No data found for CPT
    Warning: No data found for PBCT
  ✗ S2: Insufficient data for CPT/PBCT

162/223: 2022-04-07: Added=WBD, Removed=DISCA
  Holding Period End Date: 2022-04-13
    Warning: No data found for WBD
  ✗ S1: Insufficient data for WBD
    Warning: No data found for WBD
    Warning: No data found for DISCA
  ✗ S2: Insufficient data for WBD/DISCA

163/223: 2022-04-07: Added=nan, Removed=DISCK
  Holding Period End Date: 2022-04-13

164/223: 2022-06-03: Added=VICI, Removed=CERN
  Holding Period End Date: 2022-06-09
  ✓ S1: VICI 3.17%, Portfolio: $1,986,180
  ✓ S2: Long VICI (5.20%), Short CERN (-4.94%)
      Combined: 0.13%, Portfolio: $1,230,247

165/223: 2022-06-03: Added=ON, Removed=IPGP
  Holding Period End Date: 2022-06-09
  ✗ S1: Error processing ON: cannot convert the series to <class 'float'>
    Warning: No data found for IPGP
  ✗ S2: Insufficient data for ON/IPGP

166/223: 2022-06-03: Added=KDP, Removed=UAA
  Holding Period End Date: 2022-06-09
    YFinance output for KDP: 1 Failed download:
['LVLT']: YFPricesMissingError('possibly delisted; no price data found  (1d 2017-10-04 00:00:00 -> 2017-10-16)')

1 Failed download:
['LVLT']: YFPricesMissingError('possibly delisted; no price data found  (1d 2017-10-04 00:00:00 -> 2017-10-16)')

1 Failed download:
['LVLT']: YFPricesMissingError('possibly delisted; no price data found  (1d 2017-10-04 00:00:00 -> 2017-10-16)')

1 Failed download:
['LVLT']: YFPricesMissingError('possibly delisted; no price data found  (1d 2017-10-04 00:00:00 -> 2017-10-16)')

1 Failed download:
['LVLT']: YFPricesMissingError('possibly delisted; no price data found  (1d 2017-10-04 00:00:00 -> 2017-10-16)')

1 Failed download:
['LVLT']: YFPricesMissingError('possibly delisted; no price data found  (1d 2017-10-04 00:00:00 -> 2017-10-16)')
    Warning: No data found for KDP
  ✗ S1: Insufficient data for KDP
  ✓ S2: Long KDP (5.11%), Short UAA (2.92%)
      Combined: 4.01%, Portfolio: $1,279,625

167/223: 2022-06-03: Added=nan, Removed=UA
  Holding Period End Date: 2022-06-09

168/223: 2022-09-02: Added=CSGP, Removed=PVH
  Holding Period End Date: 2022-09-09
  ✓ S1: CSGP 5.68%, Portfolio: $2,099,007
    YFinance output for PVH: 1 Failed download:
['SPLS']: YFPricesMissingError('possibly delisted; no price data found  (1d 2017-08-24 00:00:00 -> 2017-09-07)')

1 Failed download:
['SPLS']: YFPricesMissingError('possibly delisted; no price data found  (1d 2017-08-24 00:00:00 -> 2017-09-07)')
    Warning: No data found for PVH
  ✗ S2: Insufficient data for CSGP/PVH

169/223: 2022-09-02: Added=INVH, Removed=PENN
  Holding Period End Date: 2022-09-09
    Warning: No data found for INVH
  ✗ S1: Insufficient data for INVH
    YFinance output for INVH: 1 Failed download:
['LVLT']: YFPricesMissingError('possibly delisted; no price data found  (1d 2017-10-04 00:00:00 -> 2017-10-11)')

1 Failed download:
['LVLT']: YFPricesMissingError('possibly delisted; no price data found  (1d 2017-10-04 00:00:00 -> 2017-10-11)')
    YFinance output for PENN: 1 Failed download:
['LVLT']: YFPricesMissingError('possibly delisted; no price data found  (1d 2017-10-04 00:00:00 -> 2017-10-11)')
    Warning: No data found for PENN
  ✗ S2: Insufficient data for INVH/PENN

170/223: 2022-09-23: Added=PCG, Removed=CTXS
  Holding Period End Date: 2022-09-29
    YFinance output for PCG: 1 Failed download:
['LVLT']: YFPricesMissingError('possibly delisted; no price data found  (1d 2017-10-04 00:00:00 -> 2017-10-17)')

1 Failed download:
['LVLT']: YFPricesMissingError('possibly delisted; no price data found  (1d 2017-10-04 00:00:00 -> 2017-10-17)')

1 Failed download:
['LVLT']: YFPricesMissingError('possibly delisted; no price data found  (1d 2017-10-04 00:00:00 -> 2017-10-17)')

1 Failed download:
['LVLT']: YFPricesMissingError('possibly delisted; no price data found  (1d 2017-10-04 00:00:00 -> 2017-10-17)')
    Warning: No data found for PCG
  ✗ S1: Insufficient data for PCG
    YFinance output for PCG: 1 Failed download:
['LVLT']: YFPricesMissingError('possibly delisted; no price data found  (1d 2017-10-04 00:00:00 -> 2017-10-17)')
  ✓ S2: Long PCG (5.68%), Short CTXS (6.76%)
      Combined: 6.22%, Portfolio: $1,359,198

171/223: 2022-09-23: Added=EQT, Removed=DRE
  Holding Period End Date: 2022-09-29
    YFinance output for EQT: 1 Failed download:
['LVLT']: YFPricesMissingError('possibly delisted; no price data found  (1d 2017-10-04 00:00:00 -> 2017-10-12)')

1 Failed download:
['LVLT']: YFPricesMissingError('possibly delisted; no price data found  (1d 2017-10-04 00:00:00 -> 2017-10-12)')
    Warning: No data found for EQT
  ✗ S1: Insufficient data for EQT
  ✓ S2: Long EQT (-2.84%), Short DRE (2.92%)
      Combined: 0.04%, Portfolio: $1,359,761

172/223: 2022-10-06: Added=TRGP, Removed=NLSN
  Holding Period End Date: 2022-10-12
  ✓ S1: TRGP -4.86%, Portfolio: $1,996,905
  ✓ S2: Long TRGP (-1.82%), Short NLSN (2.92%)
      Combined: 0.55%, Portfolio: $1,367,202

173/223: 2022-10-27: Added=ACGL, Removed=TWTR
  Holding Period End Date: 2022-11-02
    Warning: No data found for ACGL
  ✗ S1: Insufficient data for ACGL
    Warning: No data found for TWTR
  ✗ S2: Insufficient data for ACGL/TWTR

174/223: 2022-12-12: Added=FSLR, Removed=FBHS
  Holding Period End Date: 2022-12-16
  ✓ S1: FSLR -0.41%, Portfolio: $1,988,748
    Warning: No data found for FSLR
  ✗ S2: Insufficient data for FSLR/FBHS

175/223: 2022-12-12: Added=nan, Removed=MBC
  Holding Period End Date: 2022-12-16

176/223: 2022-12-12: Added=MBC, Removed=nan
  Holding Period End Date: 2022-12-16
  ✗ S1: Error processing MBC: cannot convert the series to <class 'float'>

177/223: 2022-12-19: Added=STLD, Removed=ABMD
  Holding Period End Date: 2022-12-23
    YFinance output for STLD: 1 Failed download:
['CHK']: YFTzMissingError('possibly delisted; no timezone found')
  ✓ S1: STLD -2.02%, Portfolio: $1,948,484
  ✓ S2: Long STLD (-6.61%), Short ABMD (6.21%)
      Combined: -0.20%, Portfolio: $1,364,423

178/223: 2022-12-28: Added=GEHC, Removed=nan
  Holding Period End Date: 2023-01-04
    Warning: No data found for GEHC
  ✗ S1: Insufficient data for GEHC

179/223: 2022-12-28: Added=nan, Removed=VNO
  Holding Period End Date: 2023-01-04

180/223: 2023-03-03: Added=FICO, Removed=LUMN
  Holding Period End Date: 2023-03-09
    YFinance output for FICO: 1 Failed download:
['SNI']: YFPricesMissingError('possibly delisted; no price data found  (1d 2018-03-02 00:00:00 -> 2018-03-12)')
    Warning: No data found for FICO
  ✗ S1: Insufficient data for FICO
    YFinance output for FICO: 1 Failed download:
['SNI']: YFPricesMissingError('possibly delisted; no price data found  (1d 2018-03-02 00:00:00 -> 2018-03-12)')
    Warning: No data found for FICO
    YFinance output for LUMN: 1 Failed download:
['SIVB']: YFTzMissingError('possibly delisted; no timezone found')

1 Failed download:
['SIVB']: YFTzMissingError('possibly delisted; no timezone found')

1 Failed download:
['SIVB']: YFTzMissingError('possibly delisted; no timezone found')
    Warning: No data found for LUMN
  ✗ S2: Insufficient data for FICO/LUMN

181/223: 2023-03-10: Added=PODD, Removed=SIVB
  Holding Period End Date: 2023-03-16
  ✓ S1: PODD -4.78%, Portfolio: $1,855,323
  ✓ S2: Long PODD (-23.21%), Short SIVB (6.21%)
      Combined: -8.50%, Portfolio: $1,248,410

182/223: 2023-03-13: Added=BG, Removed=SBNY
  Holding Period End Date: 2023-03-17
  ✓ S1: BG -4.77%, Portfolio: $1,766,739
  ✓ S2: Long BG (-5.84%), Short SBNY (6.21%)
      Combined: 0.18%, Portfolio: $1,250,673

183/223: 2023-05-01: Added=AXON, Removed=FRC
  Holding Period End Date: 2023-05-05
  ✓ S1: AXON -5.84%, Portfolio: $1,663,513
    Warning: No data found for AXON
    Warning: No data found for FRC
  ✗ S2: Insufficient data for AXON/FRC

184/223: 2023-06-02: Added=PANW, Removed=DISH
  Holding Period End Date: 2023-06-08
    YFinance output for PANW: 1 Failed download:
['ABMD']: YFTzMissingError('possibly delisted; no timezone found')
    Warning: No data found for PANW
  ✗ S1: Insufficient data for PANW
    Warning: No data found for PANW
  ✗ S2: Insufficient data for PANW/DISH

185/223: 2023-08-21: Added=nan, Removed=TEL
  Holding Period End Date: 2023-08-25

186/223: 2023-08-21: Added=KVUE, Removed=AAP
  Holding Period End Date: 2023-08-25
    YFinance output for KVUE: 1 Failed download:
['PDCO']: YFTzMissingError('possibly delisted; no timezone found')
    Warning: No data found for KVUE
  ✗ S1: Insufficient data for KVUE
    YFinance output for KVUE: 1 Failed download:
['SIVB']: YFTzMissingError('possibly delisted; no timezone found')

1 Failed download:
['SIVB']: YFTzMissingError('possibly delisted; no timezone found')
    Warning: No data found for KVUE
    Warning: No data found for AAP
  ✗ S2: Insufficient data for KVUE/AAP

187/223: 2023-08-21: Added=PCS, Removed=nan
  Holding Period End Date: 2023-08-25
  ✓ S1: PCS -2.86%, Portfolio: $1,615,984

188/223: 2023-09-14: Added=BX, Removed=LNC
  Holding Period End Date: 2023-09-20
  ✓ S1: BX -2.56%, Portfolio: $1,574,658
  ✓ S2: Long BX (-2.56%), Short LNC (-6.63%)
      Combined: -4.59%, Portfolio: $1,193,246

189/223: 2023-09-14: Added=ABNB, Removed=NWL
  Holding Period End Date: 2023-09-20
  ✓ S1: ABNB -2.56%, Portfolio: $1,534,389
  ✓ S2: Long ABNB (-3.06%), Short NWL (0.00%)
      Combined: -1.53%, Portfolio: $1,174,977

190/223: 2023-09-28: Added=VLTO, Removed=nan
  Holding Period End Date: 2023-10-04
  ✗ S1: Error processing VLTO: cannot convert the series to <class 'float'>

191/223: 2023-09-28: Added=nan, Removed=DXC
  Holding Period End Date: 2023-10-04

192/223: 2023-10-13: Added=LULU, Removed=ATVI
  Holding Period End Date: 2023-10-19
    YFinance output for LULU: 1 Failed download:
['ABMD']: YFTzMissingError('possibly delisted; no timezone found')
  ✗ S1: Error processing LULU: cannot convert the series to <class 'float'>
    Warning: No data found for LULU
    Warning: No data found for ATVI
  ✗ S2: Insufficient data for LULU/ATVI

193/223: 2023-10-13: Added=HUBB, Removed=OGN
  Holding Period End Date: 2023-10-19
  ✓ S1: HUBB 0.00%, Portfolio: $1,534,389
    Warning: No data found for HUBB
    Warning: No data found for OGN
  ✗ S2: Insufficient data for HUBB/OGN

194/223: 2023-12-01: Added=UBER, Removed=SEE
  Holding Period End Date: 2023-12-07
  ✓ S1: UBER -7.78%, Portfolio: $1,415,047
    Warning: No data found for UBER
    Warning: No data found for SEE
  ✗ S2: Insufficient data for UBER/SEE

195/223: 2023-12-01: Added=BLDR, Removed=SEDG
  Holding Period End Date: 2023-12-07
  ✓ S1: BLDR -7.78%, Portfolio: $1,304,988
    YFinance output for SEDG: 1 Failed download:
['TWTR']: YFTzMissingError('possibly delisted; no timezone found')

1 Failed download:
['TWTR']: YFTzMissingError('possibly delisted; no timezone found')

1 Failed download:
['TWTR']: YFTzMissingError('possibly delisted; no timezone found')
  ✓ S2: Long BLDR (7.89%), Short SEDG (-7.32%)
      Combined: 0.29%, Portfolio: $1,178,369

196/223: 2023-12-01: Added=JBL, Removed=ALK
  Holding Period End Date: 2023-12-07
    Warning: No data found for JBL
  ✗ S1: Insufficient data for JBL
    Warning: No data found for JBL
  ✗ S2: Insufficient data for JBL/ALK

197/223: 2024-03-01: Added=SMCI, Removed=WHR
  Holding Period End Date: 2024-03-07
    Warning: No data found for SMCI
  ✗ S1: Insufficient data for SMCI
    Warning: No data found for SMCI
    Warning: No data found for WHR
  ✗ S2: Insufficient data for SMCI/WHR

198/223: 2024-03-01: Added=DECK, Removed=ZION
  Holding Period End Date: 2024-03-07
    Warning: No data found for DECK
  ✗ S1: Insufficient data for DECK
    Warning: No data found for DECK
  ✗ S2: Insufficient data for DECK/ZION

199/223: 2024-03-27: Added=SOLV, Removed=nan
  Holding Period End Date: 2024-04-03
    Warning: No data found for SOLV
  ✗ S1: Insufficient data for SOLV

200/223: 2024-03-27: Added=GEV, Removed=nan
  Holding Period End Date: 2024-04-03
  ✓ S1: GEV -3.47%, Portfolio: $1,259,668

201/223: 2024-03-27: Added=nan, Removed=XRAY
  Holding Period End Date: 2024-04-03

202/223: 2024-03-27: Added=nan, Removed=VFC
  Holding Period End Date: 2024-04-03

203/223: 2024-05-03: Added=VST, Removed=PXD
  Holding Period End Date: 2024-05-09
  ✓ S1: VST -3.93%, Portfolio: $1,210,189
  ✓ S2: Long VST (1.47%), Short PXD (0.89%)
      Combined: 1.18%, Portfolio: $1,192,267

204/223: 2024-06-07: Added=KKR, Removed=RHI
  Holding Period End Date: 2024-06-13
  ✓ S1: KKR -2.65%, Portfolio: $1,178,059
  ✓ S2: Long KKR (-3.47%), Short RHI (2.73%)
      Combined: -0.37%, Portfolio: $1,187,823

205/223: 2024-06-07: Added=CRWD, Removed=CMA
  Holding Period End Date: 2024-06-13
  ✓ S1: CRWD 9.19%, Portfolio: $1,286,315
    Warning: No data found for CMA
  ✗ S2: Insufficient data for CRWD/CMA

206/223: 2024-06-07: Added=GDDY, Removed=ILMN
  Holding Period End Date: 2024-06-13
  ✓ S1: GDDY 9.33%, Portfolio: $1,406,367
  ✓ S2: Long GDDY (-3.47%), Short ILMN (-0.68%)
      Combined: -2.07%, Portfolio: $1,163,177

207/223: 2024-09-06: Added=ERIE, Removed=BIO
  Holding Period End Date: 2024-09-12
  ✓ S1: ERIE 2.05%, Portfolio: $1,435,265
  ✗ S2: Error processing ERIE/BIO: cannot convert the series to <class 'float'>

208/223: 2024-09-06: Added=DELL, Removed=ETSY
  Holding Period End Date: 2024-09-12
    Warning: No data found for DELL
  ✗ S1: Insufficient data for DELL
    YFinance output for DELL: 1 Failed download:
['DPS']: YFPricesMissingError('possibly delisted; no price data found  (1d 2018-06-25 00:00:00 -> 2018-07-03)')
    Warning: No data found for ETSY
  ✗ S2: Insufficient data for DELL/ETSY

209/223: 2024-09-06: Added=PLTR, Removed=AAL
  Holding Period End Date: 2024-09-12
  ✗ S1: Insufficient data for PLTR
    Warning: No data found for AAL
  ✗ S2: Insufficient data for PLTR/AAL

210/223: 2024-09-24: Added=AMTM, Removed=nan
  Holding Period End Date: 2024-09-30
  ✓ S1: AMTM -2.98%, Portfolio: $1,392,429

211/223: 2024-09-24: Added=nan, Removed=BBWI
  Holding Period End Date: 2024-09-30

212/223: 2024-11-21: Added=TPL, Removed=MRO
  Holding Period End Date: 2024-11-27
  ✓ S1: TPL 9.28%, Portfolio: $1,521,716
  ✓ S2: Long TPL (6.93%), Short MRO (2.95%)
      Combined: 4.94%, Portfolio: $1,220,625

213/223: 2024-12-06: Added=WDAY, Removed=AMTM
  Holding Period End Date: 2024-12-12
    YFinance output for WDAY: 1 Failed download:
['DPS']: YFPricesMissingError('possibly delisted; no price data found  (1d 2018-06-25 00:00:00 -> 2018-07-09)')

1 Failed download:
['DPS']: YFPricesMissingError('possibly delisted; no price data found  (1d 2018-06-25 00:00:00 -> 2018-07-09)')

1 Failed download:
['DPS']: YFPricesMissingError('possibly delisted; no price data found  (1d 2018-06-25 00:00:00 -> 2018-07-09)')

1 Failed download:
['DPS']: YFPricesMissingError('possibly delisted; no price data found  (1d 2018-06-25 00:00:00 -> 2018-07-09)')
  ✓ S1: WDAY 6.93%, Portfolio: $1,627,145
    Warning: No data found for WDAY
    YFinance output for AMTM: 1 Failed download:
['WCG']: YFTzMissingError('possibly delisted; no timezone found')
    Warning: No data found for AMTM
  ✗ S2: Insufficient data for WDAY/AMTM

214/223: 2024-12-06: Added=APO, Removed=QRVO
  Holding Period End Date: 2024-12-12
  ✓ S1: APO 6.93%, Portfolio: $1,739,878
  ✗ S2: Error processing APO/QRVO: cannot convert the series to <class 'float'>

215/223: 2024-12-18: Added=LII, Removed=CTLT
  Holding Period End Date: 2024-12-24
  ✓ S1: LII -0.09%, Portfolio: $1,738,355
    Warning: No data found for CTLT
  ✗ S2: Insufficient data for LII/CTLT

216/223: 2025-03-07: Added=EXE, Removed=FMC
  Holding Period End Date: 2025-03-13
    Warning: No data found for EXE
  ✗ S1: Insufficient data for EXE
    Warning: No data found for EXE
    YFinance output for FMC: 1 Failed download:
['XL']: YFTzMissingError('possibly delisted; no timezone found')

1 Failed download:
['XL']: YFTzMissingError('possibly delisted; no timezone found')

1 Failed download:
['XL']: YFTzMissingError('possibly delisted; no timezone found')

1 Failed download:
['XL']: YFTzMissingError('possibly delisted; no timezone found')
    Warning: No data found for FMC
  ✗ S2: Insufficient data for EXE/FMC

217/223: 2025-03-07: Added=WSM, Removed=CE
  Holding Period End Date: 2025-03-13
  ✗ S1: Error processing WSM: cannot convert the series to <class 'float'>
  ✓ S2: Long WSM (-10.89%), Short CE (2.47%)
      Combined: -4.21%, Portfolio: $1,169,256

218/223: 2025-03-07: Added=TKO, Removed=TFX
  Holding Period End Date: 2025-03-13
  ✓ S1: TKO 2.12%, Portfolio: $1,775,173
  ✓ S2: Long TKO (-10.89%), Short TFX (5.86%)
      Combined: -2.51%, Portfolio: $1,139,887

219/223: 2025-03-07: Added=DASH, Removed=BWA
  Holding Period End Date: 2025-03-13
  ✓ S1: DASH -10.89%, Portfolio: $1,581,930
  ✓ S2: Long DASH (-2.00%), Short BWA (5.43%)
      Combined: 1.71%, Portfolio: $1,159,436

220/223: 2025-05-12: Added=COIN, Removed=DFS
  Holding Period End Date: 2025-05-16
  ✓ S1: COIN -5.41%, Portfolio: $1,496,280
    YFinance output for COIN: 1 Failed download:
['CA']: YFPricesMissingError('possibly delisted; no price data found  (1d 2018-10-30 00:00:00 -> 2018-11-09) (Yahoo error = "Data doesn\'t exist for startDate = 1540872000, endDate = 1541739600")')

1 Failed download:
['CA']: YFPricesMissingError('possibly delisted; no price data found  (1d 2018-10-30 00:00:00 -> 2018-11-09) (Yahoo error = "Data doesn\'t exist for startDate = 1540872000, endDate = 1541739600")')

1 Failed download:
['CA']: YFPricesMissingError('possibly delisted; no price data found  (1d 2018-10-30 00:00:00 -> 2018-11-09) (Yahoo error = "Data doesn\'t exist for startDate = 1540872000, endDate = 1541739600")')

1 Failed download:
['CA']: YFPricesMissingError('possibly delisted; no price data found  (1d 2018-10-30 00:00:00 -> 2018-11-09) (Yahoo error = "Data doesn\'t exist for startDate = 1540872000, endDate = 1541739600")')

1 Failed download:
['CA']: YFPricesMissingError('possibly delisted; no price data found  (1d 2018-10-30 00:00:00 -> 2018-11-09) (Yahoo error = "Data doesn\'t exist for startDate = 1540872000, endDate = 1541739600")')
  ✓ S2: Long COIN (2.46%), Short DFS (-2.07%)
      Combined: 0.19%, Portfolio: $1,161,678

221/223: 2025-07-02: Added=DDOG, Removed=JNPR
  Holding Period End Date: 2025-07-09
  ✓ S1: DDOG -10.89%, Portfolio: $1,333,397
    Warning: No data found for JNPR
  ✗ S2: Insufficient data for DDOG/JNPR

222/223: 2025-07-14: Added=TTD, Removed=ANSS
  Holding Period End Date: 2025-07-18
  ✓ S1: TTD 2.12%, Portfolio: $1,361,638
  ✗ S2: Error processing TTD/ANSS: cannot convert the series to <class 'float'>

223/223: 2025-07-18: Added=XYZ, Removed=HES
  Holding Period End Date: 2025-07-24
    YFinance output for XYZ: 1 Failed download:
['CA']: YFPricesMissingError('possibly delisted; no price data found  (1d 2018-10-30 00:00:00 -> 2018-11-12) (Yahoo error = "Data doesn\'t exist for startDate = 1540872000, endDate = 1541998800")')
  ✓ S1: XYZ 0.98%, Portfolio: $1,374,967
  ✓ S2: Long XYZ (-5.41%), Short HES (5.72%)
      Combined: 0.15%, Portfolio: $1,163,478

============================================================
FINAL RESULTS
Strategy 1: 117 successful trades, Final: $1,374,967 (37.50%)
Strategy 2: 71 successful trades, Final: $1,163,478 (16.35%)
Completed: 2025-08-31 17:19:24
