S&P 500 Index Update Trading Strategy Analysis
Holding Period: 12 trading days
Date Range: 2015-07-02 to 2025-07-18
Timestamp: 2025-08-31 17:19:24
============================================================

1/223: 2015-07-02: Added=KHC, Removed=KRFT
  Holding Period End Date: 2015-07-21
    Warning: No data found for KHC
  ✗ S1: Insufficient data for KHC
    Warning: No data found for KHC
  ✗ S2: Insufficient data for KHC/KRFT

2/223: 2015-07-06: Added=AAP, Removed=FDO
  Holding Period End Date: 2015-07-22
  ✗ S1: Error processing AAP: cannot convert the series to <class 'float'>
  ✗ S2: Error processing AAP/FDO: cannot convert the series to <class 'float'>

3/223: 2015-07-14: Added=PYPL, Removed=NE
  Holding Period End Date: 2015-07-30
  ✗ S1: Error processing PYPL: cannot convert the series to <class 'float'>
    Warning: No data found for PYPL
  ✗ S2: Insufficient data for PYPL/NE

4/223: 2015-07-24: Added=SIG, Removed=DTV
  Holding Period End Date: 2015-08-11
    Warning: No data found for SIG
  ✗ S1: Insufficient data for SIG
    Warning: No data found for DTV
  ✗ S2: Insufficient data for SIG/DTV

5/223: 2015-08-27: Added=ATVI, Removed=PLL
  Holding Period End Date: 2015-09-15
    YFinance output for ATVI: 1 Failed download:
['FRC']: YFTzMissingError('possibly delisted; no timezone found')
    Warning: No data found for ATVI
  ✗ S1: Insufficient data for ATVI
    YFinance output for ATVI: 1 Failed download:
['SRCL']: YFTzMissingError('possibly delisted; no timezone found')
    Warning: No data found for ATVI
    YFinance output for PLL: 1 Failed download:
['SRCL']: YFTzMissingError('possibly delisted; no timezone found')

1 Failed download:
['SRCL']: YFTzMissingError('possibly delisted; no timezone found')

1 Failed download:
['SRCL']: YFTzMissingError('possibly delisted; no timezone found')

1 Failed download:
['SRCL']: YFTzMissingError('possibly delisted; no timezone found')
    Warning: No data found for PLL
  ✗ S2: Insufficient data for ATVI/PLL

6/223: 2015-08-27: Added=UAL, Removed=HSP
  Holding Period End Date: 2015-09-15
  ✓ S1: UAL -8.61%, Portfolio: $913,898
  ✗ S2: Error processing UAL/HSP: cannot convert the series to <class 'float'>

7/223: 2015-09-30: Added=VRSK, Removed=JOY
  Holding Period End Date: 2015-10-16
  ✓ S1: VRSK -11.11%, Portfolio: $812,354
  ✓ S2: Long VRSK (-1.94%), Short JOY (-0.22%)
      Combined: -1.08%, Portfolio: $989,167

8/223: 2015-10-27: Added=HPE, Removed=HCBK
  Holding Period End Date: 2015-11-12
    Warning: No data found for HPE
  ✗ S1: Insufficient data for HPE
    Warning: No data found for HPE
  ✗ S2: Insufficient data for HPE/HCBK

9/223: 2015-11-09: Added=SYF, Removed=GNW
  Holding Period End Date: 2015-11-25
  ✓ S1: SYF 4.72%, Portfolio: $850,729
    Warning: No data found for GNW
  ✗ S2: Insufficient data for SYF/GNW

10/223: 2015-11-12: Added=ILMN, Removed=SIAL
  Holding Period End Date: 2015-12-01
    Warning: No data found for ILMN
  ✗ S1: Insufficient data for ILMN
    Warning: No data found for ILMN
  ✗ S2: Insufficient data for ILMN/SIAL

11/223: 2015-11-23: Added=CSRA, Removed=CSC
  Holding Period End Date: 2015-12-10
  ✗ S1: Error processing CSRA: cannot convert the series to <class 'float'>
  ✓ S2: Long CSRA (0.55%), Short CSC (-42.46%)
      Combined: -20.96%, Portfolio: $781,887

12/223: 2015-12-15: Added=nan, Removed=CMCSK
  Holding Period End Date: 2016-01-04

13/223: 2015-12-22: Added=CHD, Removed=ALTR
  Holding Period End Date: 2016-01-11
    Warning: No data found for CHD
  ✗ S1: Insufficient data for CHD
  ✓ S2: Long CHD (-0.30%), Short ALTR (-3.97%)
      Combined: -2.13%, Portfolio: $765,195

14/223: 2015-12-28: Added=WLTW, Removed=FOSL
  Holding Period End Date: 2016-01-14
  ✗ S1: Error processing WLTW: cannot convert the series to <class 'float'>
  ✗ S2: Error processing WLTW/FOSL: cannot convert the series to <class 'float'>

15/223: 2016-01-13: Added=EXR, Removed=ACE
  Holding Period End Date: 2016-02-01
  ✓ S1: EXR -0.76%, Portfolio: $844,241
  ✓ S2: Long EXR (1.75%), Short ACE (-17.09%)
      Combined: -7.67%, Portfolio: $706,504

16/223: 2016-01-22: Added=FRT, Removed=BRCM
  Holding Period End Date: 2016-02-09
  ✓ S1: FRT -0.76%, Portfolio: $837,803
    Warning: No data found for BRCM
  ✗ S2: Insufficient data for FRT/BRCM

17/223: 2016-01-26: Added=CFG, Removed=PCP
  Holding Period End Date: 2016-02-11
  ✓ S1: CFG 0.31%, Portfolio: $840,425
  ✓ S2: Long CFG (-0.55%), Short PCP (5.26%)
      Combined: 2.35%, Portfolio: $723,127

18/223: 2016-02-16: Added=CXO, Removed=PCL
  Holding Period End Date: 2016-03-03
  ✓ S1: CXO -2.34%, Portfolio: $820,741
  ✓ S2: Long CXO (2.62%), Short PCL (-2.58%)
      Combined: 0.02%, Portfolio: $723,257

19/223: 2016-03-01: Added=AWK, Removed=CNX
  Holding Period End Date: 2016-03-17
  ✗ S1: Error processing AWK: cannot convert the series to <class 'float'>
    Warning: No data found for CNX
  ✗ S2: Insufficient data for AWK/CNX

20/223: 2016-03-04: Added=UDR, Removed=GMCR
  Holding Period End Date: 2016-03-22
  ✓ S1: UDR -7.96%, Portfolio: $755,415
  ✓ S2: Long UDR (12.37%), Short GMCR (1.60%)
      Combined: 6.99%, Portfolio: $773,794

21/223: 2016-03-24: Added=CNC, Removed=ESV
  Holding Period End Date: 2016-04-12
  ✓ S1: CNC 22.23%, Portfolio: $923,353
    Warning: No data found for ESV
  ✗ S2: Insufficient data for CNC/ESV

22/223: 2016-03-24: Added=HOLX, Removed=POM
  Holding Period End Date: 2016-04-12
  ✓ S1: HOLX -2.16%, Portfolio: $903,372
  ✓ S2: Long HOLX (-5.91%), Short POM (-18.19%)
      Combined: -12.05%, Portfolio: $680,576

23/223: 2016-03-28: Added=FL, Removed=CAM
  Holding Period End Date: 2016-04-13
  ✗ S1: Error processing FL: cannot convert the series to <class 'float'>
  ✓ S2: Long FL (-5.91%), Short CAM (0.93%)
      Combined: -2.49%, Portfolio: $663,643

24/223: 2016-04-07: Added=ULTA, Removed=THC
  Holding Period End Date: 2016-04-25
    Warning: No data found for ULTA
  ✗ S1: Insufficient data for ULTA
  ✗ S2: Error processing ULTA/THC: cannot convert the series to <class 'float'>

25/223: 2016-04-19: Added=GPN, Removed=GME
  Holding Period End Date: 2016-05-05
  ✗ S1: Error processing GPN: cannot convert the series to <class 'float'>
  ✓ S2: Long GPN (-6.26%), Short GME (-5.88%)
      Combined: -6.07%, Portfolio: $623,359

26/223: 2016-04-26: Added=AYI, Removed=ADT
  Holding Period End Date: 2016-05-12
  ✓ S1: AYI -2.70%, Portfolio: $878,957
  ✓ S2: Long AYI (-2.69%), Short ADT (2.76%)
      Combined: 0.04%, Portfolio: $623,591

27/223: 2016-05-10: Added=ALK, Removed=SNDK
  Holding Period End Date: 2016-05-26
  ✓ S1: ALK -13.75%, Portfolio: $758,106
  ✗ S2: Error processing ALK/SNDK: cannot convert the series to <class 'float'>

28/223: 2016-05-13: Added=DLR, Removed=TWC
  Holding Period End Date: 2016-06-01
  ✓ S1: DLR 2.25%, Portfolio: $775,181
    Warning: No data found for DLR
  ✗ S2: Insufficient data for DLR/TWC

29/223: 2016-05-18: Added=LKQ, Removed=ARG
  Holding Period End Date: 2016-06-06
  ✓ S1: LKQ 2.25%, Portfolio: $792,640
  ✓ S2: Long LKQ (3.95%), Short ARG (-15.20%)
      Combined: -5.63%, Portfolio: $588,503

30/223: 2016-05-24: Added=AJG, Removed=CCE
  Holding Period End Date: 2016-06-10
  ✗ S1: Error processing AJG: cannot convert the series to <class 'float'>
    Warning: No data found for AJG
  ✗ S2: Insufficient data for AJG/CCE

31/223: 2016-05-27: Added=TDG, Removed=BXLT
  Holding Period End Date: 2016-06-15
    Warning: No data found for TDG
  ✗ S1: Insufficient data for TDG
  ✗ S2: Error processing TDG/BXLT: cannot convert the series to <class 'float'>

32/223: 2016-06-21: Added=FBHS, Removed=CVC
  Holding Period End Date: 2016-07-08
  ✓ S1: FBHS -0.69%, Portfolio: $787,140
  ✓ S2: Long FBHS (3.69%), Short CVC (4.38%)
      Combined: 4.03%, Portfolio: $612,242

33/223: 2016-06-23: Added=FTV, Removed=CPGX
  Holding Period End Date: 2016-07-12
  ✓ S1: FTV -5.01%, Portfolio: $747,715
  ✓ S2: Long FTV (0.75%), Short CPGX (-10.73%)
      Combined: -4.99%, Portfolio: $581,676

34/223: 2016-06-23: Added=ALB, Removed=TE
  Holding Period End Date: 2016-07-12
  ✓ S1: ALB 4.16%, Portfolio: $778,792
  ✓ S2: Long ALB (2.57%), Short TE (-0.12%)
      Combined: 1.22%, Portfolio: $588,787

35/223: 2016-06-29: Added=LNT, Removed=GAS
  Holding Period End Date: 2016-07-18
  ✓ S1: LNT 0.27%, Portfolio: $780,888
    Warning: No data found for LNT
  ✗ S2: Insufficient data for LNT/GAS

36/223: 2016-08-25: Added=MTD, Removed=TYC
  Holding Period End Date: 2016-09-13
    YFinance output for MTD: 1 Failed download:
['LLL']: YFTzMissingError('possibly delisted; no timezone found')

1 Failed download:
['LLL']: YFTzMissingError('possibly delisted; no timezone found')

1 Failed download:
['LLL']: YFTzMissingError('possibly delisted; no timezone found')

1 Failed download:
['LLL']: YFTzMissingError('possibly delisted; no timezone found')

1 Failed download:
['LLL']: YFTzMissingError('possibly delisted; no timezone found')
  ✓ S1: MTD 5.72%, Portfolio: $825,569
    Warning: No data found for TYC
  ✗ S2: Insufficient data for MTD/TYC

37/223: 2016-08-31: Added=CHTR, Removed=EMC
  Holding Period End Date: 2016-09-19
  ✓ S1: CHTR 14.61%, Portfolio: $946,197
    Warning: No data found for EMC
  ✗ S2: Insufficient data for CHTR/EMC

38/223: 2016-09-10: Added=COO, Removed=HOT
  Holding Period End Date: 2016-09-28
  ✓ S1: COO -5.07%, Portfolio: $898,186
    YFinance output for HOT: 1 Failed download:
['DWDP']: YFTzMissingError('possibly delisted; no timezone found')

1 Failed download:
['DWDP']: YFTzMissingError('possibly delisted; no timezone found')

1 Failed download:
['DWDP']: YFTzMissingError('possibly delisted; no timezone found')

1 Failed download:
['DWDP']: YFTzMissingError('possibly delisted; no timezone found')

1 Failed download:
['DWDP']: YFTzMissingError('possibly delisted; no timezone found')
  ✓ S2: Long COO (3.75%), Short HOT (-1.28%)
      Combined: 1.23%, Portfolio: $596,056

39/223: 2016-09-27: Added=COTY, Removed=DO
  Holding Period End Date: 2016-10-13
  ✓ S1: COTY 0.00%, Portfolio: $898,186
  ✗ S2: Error processing COTY/DO: cannot convert the series to <class 'float'>

40/223: 2016-11-29: Added=MAA, Removed=OI
  Holding Period End Date: 2016-12-15
    Warning: No data found for MAA
  ✗ S1: Insufficient data for MAA
    YFinance output for OI: 1 Failed download:
['RHT']: YFTzMissingError('possibly delisted; no timezone found')
  ✗ S2: Error processing MAA/OI: cannot convert the series to <class 'float'>

41/223: 2016-11-29: Added=EVHC, Removed=LM
  Holding Period End Date: 2016-12-15
  ✓ S1: EVHC -5.94%, Portfolio: $844,811
  ✗ S2: Error processing EVHC/LM: cannot convert the series to <class 'float'>

42/223: 2017-01-03: Added=IDXX, Removed=STJ
  Holding Period End Date: 2017-01-20
  ✓ S1: IDXX 6.38%, Portfolio: $898,706
  ✗ S2: Error processing IDXX/STJ: cannot convert the series to <class 'float'>

43/223: 2017-02-23: Added=INCY, Removed=SE
  Holding Period End Date: 2017-03-13
  ✗ S1: Error processing INCY: cannot convert the series to <class 'float'>
    Warning: No data found for SE
  ✗ S2: Insufficient data for INCY/SE

44/223: 2017-02-23: Added=CBOE, Removed=PBI
  Holding Period End Date: 2017-03-13
  ✓ S1: CBOE 8.44%, Portfolio: $974,520
  ✓ S2: Long CBOE (2.21%), Short PBI (-7.78%)
      Combined: -2.78%, Portfolio: $579,456

45/223: 2017-02-23: Added=REG, Removed=ENDP
  Holding Period End Date: 2017-03-13
  ✓ S1: REG -6.11%, Portfolio: $914,969
    YFinance output for ENDP: 1 Failed download:
['APC']: YFTzMissingError('possibly delisted; no timezone found')

1 Failed download:
['APC']: YFTzMissingError('possibly delisted; no timezone found')

1 Failed download:
['APC']: YFTzMissingError('possibly delisted; no timezone found')

1 Failed download:
['APC']: YFTzMissingError('possibly delisted; no timezone found')

1 Failed download:
['APC']: YFTzMissingError('possibly delisted; no timezone found')
  ✗ S2: Error processing REG/ENDP: cannot convert the series to <class 'float'>

46/223: 2017-03-06: Added=DISH, Removed=LLTC
  Holding Period End Date: 2017-03-22
  ✓ S1: DISH 2.30%, Portfolio: $935,976
  ✓ S2: Long DISH (2.30%), Short LLTC (-1.31%)
      Combined: 0.49%, Portfolio: $582,301

47/223: 2017-03-10: Added=ARE, Removed=FSLR
  Holding Period End Date: 2017-03-28
  ✓ S1: ARE 0.13%, Portfolio: $937,173
  ✓ S2: Long ARE (1.33%), Short FSLR (-6.56%)
      Combined: -2.61%, Portfolio: $567,077

48/223: 2017-03-10: Added=RJF, Removed=FTR
  Holding Period End Date: 2017-03-28
  ✓ S1: RJF -6.70%, Portfolio: $874,385
  ✓ S2: Long RJF (4.14%), Short FTR (0.65%)
      Combined: 2.39%, Portfolio: $580,642

49/223: 2017-03-10: Added=AMD, Removed=URBN
  Holding Period End Date: 2017-03-28
  ✓ S1: AMD 4.14%, Portfolio: $910,570
  ✓ S2: Long AMD (4.29%), Short URBN (1.52%)
      Combined: 2.91%, Portfolio: $597,529

50/223: 2017-03-13: Added=SNPS, Removed=HAR
  Holding Period End Date: 2017-03-29
  ✓ S1: SNPS -2.53%, Portfolio: $887,493
  ✗ S2: Error processing SNPS/HAR: cannot convert the series to <class 'float'>

51/223: 2017-03-28: Added=DXC, Removed=SWN
  Holding Period End Date: 2017-04-13
  ✓ S1: DXC 4.81%, Portfolio: $930,183
  ✓ S2: Long DXC (-8.54%), Short SWN (7.81%)
      Combined: -0.36%, Portfolio: $595,364

52/223: 2017-03-29: Added=IT, Removed=DNB
  Holding Period End Date: 2017-04-17
  ✓ S1: IT 2.26%, Portfolio: $951,190
    Warning: No data found for DNB
  ✗ S2: Insufficient data for IT/DNB

53/223: 2017-05-24: Added=INFO, Removed=TGNA
  Holding Period End Date: 2017-06-12
    Warning: No data found for INFO
  ✗ S1: Insufficient data for INFO
  ✓ S2: Long INFO (0.98%), Short TGNA (1.72%)
      Combined: 1.35%, Portfolio: $603,411

54/223: 2017-06-09: Added=ANSS, Removed=R
  Holding Period End Date: 2017-06-27
  ✓ S1: ANSS -5.31%, Portfolio: $900,672
    YFinance output for ANSS: 1 Failed download:
['APC']: YFTzMissingError('possibly delisted; no timezone found')

1 Failed download:
['APC']: YFTzMissingError('possibly delisted; no timezone found')
    Warning: No data found for ANSS
    YFinance output for R: 1 Failed download:
['APC']: YFTzMissingError('possibly delisted; no timezone found')

1 Failed download:
['APC']: YFTzMissingError('possibly delisted; no timezone found')

1 Failed download:
['APC']: YFTzMissingError('possibly delisted; no timezone found')
    Warning: No data found for R
  ✗ S2: Insufficient data for ANSS/R

55/223: 2017-06-09: Added=ALGN, Removed=TDC
  Holding Period End Date: 2017-06-27
  ✓ S1: ALGN 5.74%, Portfolio: $952,372
    Warning: No data found for ALGN
    YFinance output for TDC: 1 Failed download:
['VIAB']: YFTzMissingError('possibly delisted; no timezone found')
    Warning: No data found for TDC
  ✗ S2: Insufficient data for ALGN/TDC

56/223: 2017-06-09: Added=HLT, Removed=YHOO
  Holding Period End Date: 2017-06-27
  ✓ S1: HLT 5.13%, Portfolio: $1,001,259
  ✓ S2: Long HLT (4.71%), Short YHOO (-1.37%)
      Combined: 1.67%, Portfolio: $613,508

57/223: 2017-06-12: Added=RE, Removed=MJN
  Holding Period End Date: 2017-06-28
  ✓ S1: RE 4.71%, Portfolio: $1,048,444
  ✗ S2: Error processing RE/MJN: cannot convert the series to <class 'float'>

58/223: 2017-06-30: Added=BKR, Removed=BHI
  Holding Period End Date: 2017-07-19
    Warning: No data found for BKR
  ✗ S1: Insufficient data for BKR
    Warning: No data found for BKR
  ✗ S2: Insufficient data for BKR/BHI

59/223: 2017-07-19: Added=MGM, Removed=RAI
  Holding Period End Date: 2017-08-04
  ✗ S1: Error processing MGM: cannot convert the series to <class 'float'>
  ✗ S2: Error processing MGM/RAI: cannot convert the series to <class 'float'>

60/223: 2017-07-19: Added=RMD, Removed=MNK
  Holding Period End Date: 2017-08-04
  ✓ S1: RMD 7.03%, Portfolio: $1,122,148
  ✓ S2: Long RMD (-1.21%), Short MNK (-8.88%)
      Combined: -5.05%, Portfolio: $582,550

61/223: 2017-07-19: Added=PKG, Removed=MUR
  Holding Period End Date: 2017-08-04
    YFinance output for PKG: 1 Failed download:
['VIAB']: YFTzMissingError('possibly delisted; no timezone found')

1 Failed download:
['VIAB']: YFTzMissingError('possibly delisted; no timezone found')

1 Failed download:
['VIAB']: YFTzMissingError('possibly delisted; no timezone found')

1 Failed download:
['VIAB']: YFTzMissingError('possibly delisted; no timezone found')
  ✗ S1: Error processing PKG: cannot convert the series to <class 'float'>
  ✓ S2: Long PKG (-1.21%), Short MUR (-1.15%)
      Combined: -1.18%, Portfolio: $575,670

62/223: 2017-07-19: Added=AOS, Removed=BBBY
  Holding Period End Date: 2017-08-04
    Warning: No data found for AOS
  ✗ S1: Insufficient data for AOS
  ✓ S2: Long AOS (-3.08%), Short BBBY (3.18%)
      Combined: 0.05%, Portfolio: $575,951

63/223: 2017-07-19: Added=DRE, Removed=RIG
  Holding Period End Date: 2017-08-04
    YFinance output for DRE: 1 Failed download:
['STI']: YFPricesMissingError('possibly delisted; no price data found  (1d 2019-12-02 00:00:00 -> 2019-12-09) (Yahoo error = "Data doesn\'t exist for startDate = 1575262800, endDate = 1575867600")')

1 Failed download:
['STI']: YFPricesMissingError('possibly delisted; no price data found  (1d 2019-12-02 00:00:00 -> 2019-12-09) (Yahoo error = "Data doesn\'t exist for startDate = 1575262800, endDate = 1575867600")')

1 Failed download:
['STI']: YFPricesMissingError('possibly delisted; no price data found  (1d 2019-12-02 00:00:00 -> 2019-12-09) (Yahoo error = "Data doesn\'t exist for startDate = 1575262800, endDate = 1575867600")')

1 Failed download:
['STI']: YFPricesMissingError('possibly delisted; no price data found  (1d 2019-12-02 00:00:00 -> 2019-12-09) (Yahoo error = "Data doesn\'t exist for startDate = 1575262800, endDate = 1575867600")')

1 Failed download:
['STI']: YFPricesMissingError('possibly delisted; no price data found  (1d 2019-12-02 00:00:00 -> 2019-12-09) (Yahoo error = "Data doesn\'t exist for startDate = 1575262800, endDate = 1575867600")')
    Warning: No data found for DRE
  ✗ S1: Insufficient data for DRE
  ✗ S2: Error processing DRE/RIG: cannot convert the series to <class 'float'>

64/223: 2017-07-31: Added=BHF, Removed=AN
  Holding Period End Date: 2017-08-16
  ✓ S1: BHF -1.81%, Portfolio: $1,101,820
  ✗ S2: Error processing BHF/AN: cannot convert the series to <class 'float'>

65/223: 2017-08-24: Added=Q, Removed=WFM
  Holding Period End Date: 2017-09-12
    Warning: No data found for Q
  ✗ S1: Insufficient data for Q
    Warning: No data found for WFM
  ✗ S2: Insufficient data for Q/WFM

66/223: 2017-08-24: Added=SBAC, Removed=DD
  Holding Period End Date: 2017-09-12
    Warning: No data found for SBAC
  ✗ S1: Insufficient data for SBAC
    Warning: No data found for DD
  ✗ S2: Insufficient data for SBAC/DD

67/223: 2017-08-24: Added=DWDP, Removed=DOW
  Holding Period End Date: 2017-09-12
  ✓ S1: DWDP -2.44%, Portfolio: $1,074,939
  ✓ S2: Long DWDP (-0.42%), Short DOW (16.71%)
      Combined: 8.15%, Portfolio: $622,882

68/223: 2017-08-24: Added=CDNS, Removed=SPLS
  Holding Period End Date: 2017-09-12
    YFinance output for CDNS: 1 Failed download:
['XEC']: YFTzMissingError('possibly delisted; no timezone found')

1 Failed download:
['XEC']: YFTzMissingError('possibly delisted; no timezone found')

1 Failed download:
['XEC']: YFTzMissingError('possibly delisted; no timezone found')

1 Failed download:
['XEC']: YFTzMissingError('possibly delisted; no timezone found')
  ✗ S1: Error processing CDNS: cannot convert the series to <class 'float'>
    YFinance output for SPLS: 1 Failed download:
['SWN']: YFTzMissingError('possibly delisted; no timezone found')

1 Failed download:
['SWN']: YFTzMissingError('possibly delisted; no timezone found')
    Warning: No data found for SPLS
  ✗ S2: Insufficient data for CDNS/SPLS

69/223: 2017-10-04: Added=NCLH, Removed=LVLT
  Holding Period End Date: 2017-10-20
  ✓ S1: NCLH 9.48%, Portfolio: $1,176,853
  ✓ S2: Long NCLH (9.48%), Short LVLT (0.38%)
      Combined: 4.93%, Portfolio: $653,603

70/223: 2017-12-28: Added=HII, Removed=BCR
  Holding Period End Date: 2018-01-17
  ✓ S1: HII -7.91%, Portfolio: $1,083,713
  ✓ S2: Long HII (3.89%), Short BCR (-0.95%)
      Combined: 1.47%, Portfolio: $663,192

71/223: 2018-03-02: Added=IPGP, Removed=SNI
  Holding Period End Date: 2018-03-20
  ✗ S1: Error processing IPGP: cannot convert the series to <class 'float'>
    Warning: No data found for IPGP
  ✗ S2: Insufficient data for IPGP/SNI

72/223: 2018-03-09: Added=TTWO, Removed=SIG
  Holding Period End Date: 2018-03-27
  ✗ S1: Error processing TTWO: cannot convert the series to <class 'float'>
    Warning: No data found for TTWO
    YFinance output for SIG: 1 Failed download:
['WCG']: YFTzMissingError('possibly delisted; no timezone found')

1 Failed download:
['WCG']: YFTzMissingError('possibly delisted; no timezone found')

1 Failed download:
['WCG']: YFTzMissingError('possibly delisted; no timezone found')

1 Failed download:
['WCG']: YFTzMissingError('possibly delisted; no timezone found')

1 Failed download:
['WCG']: YFTzMissingError('possibly delisted; no timezone found')

1 Failed download:
['WCG']: YFTzMissingError('possibly delisted; no timezone found')

1 Failed download:
['WCG']: YFTzMissingError('possibly delisted; no timezone found')
    Warning: No data found for SIG
  ✗ S2: Insufficient data for TTWO/SIG

73/223: 2018-03-09: Added=NKTR, Removed=CHK
  Holding Period End Date: 2018-03-27
    Warning: No data found for NKTR
  ✗ S1: Insufficient data for NKTR
  ✓ S2: Long NKTR (-0.14%), Short CHK (0.08%)
      Combined: -0.03%, Portfolio: $662,994

74/223: 2018-03-09: Added=SIVB, Removed=PDCO
  Holding Period End Date: 2018-03-27
  ✗ S1: Error processing SIVB: cannot convert the series to <class 'float'>
  ✗ S2: Error processing SIVB/PDCO: cannot convert the series to <class 'float'>

75/223: 2018-03-28: Added=MSCI, Removed=CSRA
  Holding Period End Date: 2018-04-16
    Warning: No data found for MSCI
  ✗ S1: Insufficient data for MSCI
    YFinance output for CSRA: 1 Failed download:
['AGN']: YFTzMissingError('possibly delisted; no timezone found')

1 Failed download:
['AGN']: YFTzMissingError('possibly delisted; no timezone found')

1 Failed download:
['AGN']: YFTzMissingError('possibly delisted; no timezone found')

1 Failed download:
['AGN']: YFTzMissingError('possibly delisted; no timezone found')

1 Failed download:
['AGN']: YFTzMissingError('possibly delisted; no timezone found')

1 Failed download:
['AGN']: YFTzMissingError('possibly delisted; no timezone found')
  ✗ S2: Error processing MSCI/CSRA: cannot convert the series to <class 'float'>

76/223: 2018-05-25: Added=ABMD, Removed=WYN
  Holding Period End Date: 2018-06-13
  ✓ S1: ABMD -2.79%, Portfolio: $1,053,428
  ✓ S2: Long ABMD (-0.27%), Short WYN (1.40%)
      Combined: 0.56%, Portfolio: $666,731

77/223: 2018-05-31: Added=EVRG, Removed=NAVI
  Holding Period End Date: 2018-06-18
  ✓ S1: EVRG -11.79%, Portfolio: $929,190
  ✓ S2: Long EVRG (-3.38%), Short NAVI (27.01%)
      Combined: 11.82%, Portfolio: $745,518

78/223: 2018-06-04: Added=TWTR, Removed=MON
  Holding Period End Date: 2018-06-20
  ✓ S1: TWTR -5.66%, Portfolio: $876,562
  ✗ S2: Error processing TWTR/MON: cannot convert the series to <class 'float'>

79/223: 2018-06-08: Added=HFC, Removed=AYI
  Holding Period End Date: 2018-06-26
  ✓ S1: HFC 5.97%, Portfolio: $928,864
  ✓ S2: Long HFC (3.80%), Short AYI (-0.65%)
      Combined: 1.58%, Portfolio: $757,272

80/223: 2018-06-08: Added=BR, Removed=RRC
  Holding Period End Date: 2018-06-26
  ✗ S1: Error processing BR: cannot convert the series to <class 'float'>
  ✓ S2: Long BR (-3.13%), Short RRC (-1.46%)
      Combined: -2.29%, Portfolio: $739,911

81/223: 2018-06-15: Added=FLT, Removed=TWX
  Holding Period End Date: 2018-07-03
  ✓ S1: FLT -4.92%, Portfolio: $883,192
    YFinance output for TWX: 1 Failed download:
['AGN']: YFTzMissingError('possibly delisted; no timezone found')
  ✓ S2: Long FLT (-2.13%), Short TWX (-9.06%)
      Combined: -5.60%, Portfolio: $698,505

82/223: 2018-06-25: Added=CPRT, Removed=DPS
  Holding Period End Date: 2018-07-12
  ✓ S1: CPRT -4.78%, Portfolio: $840,939
  ✓ S2: Long CPRT (-3.19%), Short DPS (0.92%)
      Combined: -1.13%, Portfolio: $690,583

83/223: 2018-08-23: Added=ANET, Removed=GGP
  Holding Period End Date: 2018-09-11
  ✗ S1: Error processing ANET: cannot convert the series to <class 'float'>
    Warning: No data found for ANET
  ✗ S2: Insufficient data for ANET/GGP

84/223: 2018-09-11: Added=WCG, Removed=XL
  Holding Period End Date: 2018-09-27
  ✓ S1: WCG -1.74%, Portfolio: $826,331
    Warning: No data found for WCG
  ✗ S2: Insufficient data for WCG/XL

85/223: 2018-09-25: Added=ROL, Removed=ANDV
  Holding Period End Date: 2018-10-11
  ✓ S1: ROL -3.66%, Portfolio: $796,083
    Warning: No data found for ANDV
  ✗ S2: Insufficient data for ROL/ANDV

86/223: 2018-10-04: Added=FTNT, Removed=EVHC
  Holding Period End Date: 2018-10-22
  ✗ S1: Error processing FTNT: cannot convert the series to <class 'float'>
    YFinance output for FTNT: 1 Failed download:
['CTLT']: YFTzMissingError('possibly delisted; no timezone found')

1 Failed download:
['CTLT']: YFTzMissingError('possibly delisted; no timezone found')
  ✓ S2: Long FTNT (-0.84%), Short EVHC (3.92%)
      Combined: 1.54%, Portfolio: $701,214

87/223: 2018-10-30: Added=KEYS, Removed=CA
  Holding Period End Date: 2018-11-15
  ✗ S1: Error processing KEYS: cannot convert the series to <class 'float'>
    YFinance output for CA: 1 Failed download:
['JWN']: YFTzMissingError('possibly delisted; no timezone found')
  ✗ S2: Error processing KEYS/CA: cannot convert the series to <class 'float'>

88/223: 2018-11-07: Added=JKHY, Removed=EQT
  Holding Period End Date: 2018-11-26
    Warning: No data found for JKHY
  ✗ S1: Insufficient data for JKHY
  ✓ S2: Long JKHY (-1.04%), Short EQT (-1.67%)
      Combined: -1.36%, Portfolio: $691,712

89/223: 2018-11-26: Added=FANG, Removed=SRCL
  Holding Period End Date: 2018-12-13
    YFinance output for FANG: 1 Failed download:
['JWN']: YFTzMissingError('possibly delisted; no timezone found')

1 Failed download:
['JWN']: YFTzMissingError('possibly delisted; no timezone found')

1 Failed download:
['JWN']: YFTzMissingError('possibly delisted; no timezone found')

1 Failed download:
['JWN']: YFTzMissingError('possibly delisted; no timezone found')
  ✓ S1: FANG 13.37%, Portfolio: $902,508
  ✗ S2: Insufficient data for FANG/SRCL

90/223: 2018-11-26: Added=MXIM, Removed=AET
  Holding Period End Date: 2018-12-13
  ✓ S1: MXIM -4.13%, Portfolio: $865,191
    YFinance output for AET: 1 Failed download:
['JWN']: YFTzMissingError('possibly delisted; no timezone found')

1 Failed download:
['JWN']: YFTzMissingError('possibly delisted; no timezone found')

1 Failed download:
['JWN']: YFTzMissingError('possibly delisted; no timezone found')

1 Failed download:
['JWN']: YFTzMissingError('possibly delisted; no timezone found')
    Warning: No data found for AET
  ✗ S2: Insufficient data for MXIM/AET

91/223: 2018-11-26: Added=LW, Removed=COL
  Holding Period End Date: 2018-12-13
  ✓ S1: LW -1.24%, Portfolio: $854,487
  ✓ S2: Long LW (-2.11%), Short COL (-6.06%)
      Combined: -4.09%, Portfolio: $663,434

92/223: 2018-12-27: Added=CE, Removed=ESRX
  Holding Period End Date: 2019-01-15
  ✗ S1: Error processing CE: cannot convert the series to <class 'float'>
  ✓ S2: Long CE (-4.68%), Short ESRX (-1.35%)
      Combined: -3.02%, Portfolio: $643,412

93/223: 2018-12-27: Added=FRC, Removed=SCG
  Holding Period End Date: 2019-01-15
    Warning: No data found for FRC
  ✗ S1: Insufficient data for FRC
  ✓ S2: Long FRC (-9.30%), Short SCG (10.10%)
      Combined: 0.40%, Portfolio: $645,988

94/223: 2019-01-15: Added=TFX, Removed=PCG
  Holding Period End Date: 2019-02-01
  ✓ S1: TFX 0.46%, Portfolio: $858,377
    Warning: No data found for PCG
  ✗ S2: Insufficient data for TFX/PCG

95/223: 2019-02-08: Added=ATO, Removed=NFX
  Holding Period End Date: 2019-02-27
    Warning: No data found for ATO
  ✗ S1: Insufficient data for ATO
    Warning: No data found for NFX
  ✗ S2: Insufficient data for ATO/NFX

96/223: 2019-02-21: Added=WAB, Removed=GT
  Holding Period End Date: 2019-03-11
  ✓ S1: WAB 1.22%, Portfolio: $868,881
  ✓ S2: Long WAB (4.98%), Short GT (-0.65%)
      Combined: 2.16%, Portfolio: $659,969

97/223: 2019-03-14: Added=FOXA, Removed=FOXA
  Holding Period End Date: 2019-04-01
  ✓ S1: FOXA 16.36%, Portfolio: $1,011,023
    Warning: No data found for FOXA
  ✗ S2: Insufficient data for FOXA/FOXA

98/223: 2019-03-14: Added=FOX, Removed=FOX
  Holding Period End Date: 2019-04-01
  ✓ S1: FOX 16.63%, Portfolio: $1,179,108
  ✓ S2: Long FOX (-16.80%), Short FOX (1.31%)
      Combined: -7.74%, Portfolio: $608,879

99/223: 2019-03-26: Added=DOW, Removed=BHF
  Holding Period End Date: 2019-04-11
  ✓ S1: DOW 16.63%, Portfolio: $1,375,138
    Warning: No data found for DOW
  ✗ S2: Insufficient data for DOW/BHF

100/223: 2019-05-28: Added=CTVA, Removed=FLR
  Holding Period End Date: 2019-06-13
  ✓ S1: CTVA 7.22%, Portfolio: $1,474,457
  ✗ S2: Error processing CTVA/FLR: cannot convert the series to <class 'float'>

101/223: 2019-05-28: Added=DD, Removed=DWDP
  Holding Period End Date: 2019-06-13
  ✓ S1: DD -17.83%, Portfolio: $1,211,569
    YFinance output for DD: 2 Failed downloads:
['CXO', 'TIF']: YFTzMissingError('possibly delisted; no timezone found')

2 Failed downloads:
['CXO', 'TIF']: YFTzMissingError('possibly delisted; no timezone found')

2 Failed downloads:
['CXO', 'TIF']: YFTzMissingError('possibly delisted; no timezone found')

2 Failed downloads:
['CXO', 'TIF']: YFTzMissingError('possibly delisted; no timezone found')

2 Failed downloads:
['CXO', 'TIF']: YFTzMissingError('possibly delisted; no timezone found')
  ✓ S2: Long DD (1.47%), Short DWDP (4.77%)
      Combined: 3.12%, Portfolio: $627,869

102/223: 2019-06-03: Added=BMS, Removed=MAT
  Holding Period End Date: 2019-06-19
  ✓ S1: BMS -4.05%, Portfolio: $1,162,555
    Warning: No data found for BMS
  ✗ S2: Insufficient data for BMS/MAT

103/223: 2019-06-03: Added=AMCR, Removed=BMS
  Holding Period End Date: 2019-06-19
  ✗ S1: Error processing AMCR: cannot convert the series to <class 'float'>
  ✓ S2: Long AMCR (4.69%), Short BMS (-4.48%)
      Combined: 0.11%, Portfolio: $628,530

104/223: 2019-06-24: Added=MKTX, Removed=LLL
  Holding Period End Date: 2019-07-11
    Warning: No data found for MKTX
  ✗ S1: Insufficient data for MKTX
    YFinance output for MKTX: 1 Failed download:
['FOXA']: DNSError('Failed to perform, curl: (6) getaddrinfo() thread failed to start. See https://curl.se/libcurl/c/libcurl-errors.html first for more details.')
    Warning: No data found for MKTX
    Error fetching LLL: can't start new thread
  ✗ S2: Insufficient data for MKTX/LLL

105/223: 2019-07-09: Added=TMUS, Removed=RHT
  Holding Period End Date: 2019-07-25
    Error fetching TMUS: can't start new thread
  ✗ S1: Insufficient data for TMUS
    Warning: No data found for TMUS
    Warning: No data found for RHT
  ✗ S2: Insufficient data for TMUS/RHT

106/223: 2019-08-01: Added=IEX, Removed=FL
  Holding Period End Date: 2019-08-19
    Warning: No data found for IEX
  ✗ S1: Insufficient data for IEX
    Error fetching IEX: can't start new thread
    Error fetching FL: can't start new thread
  ✗ S2: Insufficient data for IEX/FL

107/223: 2019-08-01: Added=LDOS, Removed=APC
  Holding Period End Date: 2019-08-19
    Error fetching LDOS: can't start new thread
  ✗ S1: Insufficient data for LDOS
    Error fetching LDOS: can't start new thread
    Error fetching APC: can't start new thread
  ✗ S2: Insufficient data for LDOS/APC

108/223: 2019-09-17: Added=CDW, Removed=TSS
  Holding Period End Date: 2019-10-03
    Error fetching CDW: can't start new thread
  ✗ S1: Insufficient data for CDW
    Warning: No data found for TSS
  ✗ S2: Insufficient data for CDW/TSS

109/223: 2019-09-20: Added=NVR, Removed=JEF
  Holding Period End Date: 2019-10-08
    Error fetching NVR: can't start new thread
  ✗ S1: Insufficient data for NVR
    Error fetching NVR: can't start new thread
    Error fetching JEF: can't start new thread
  ✗ S2: Insufficient data for NVR/JEF

110/223: 2019-09-20: Added=LVS, Removed=NKTR
  Holding Period End Date: 2019-10-08
    YFinance output for LVS: 1 Failed download:
['TIF']: YFTzMissingError('possibly delisted; no timezone found')

1 Failed download:
['TIF']: YFTzMissingError('possibly delisted; no timezone found')

1 Failed download:
['TIF']: YFTzMissingError('possibly delisted; no timezone found')
    Warning: No data found for LVS
  ✗ S1: Insufficient data for LVS
    Error fetching NKTR: can't start new thread
  ✗ S2: Insufficient data for LVS/NKTR

111/223: 2019-11-18: Added=NOW, Removed=CELG
  Holding Period End Date: 2019-12-05
    Error fetching NOW: can't start new thread
  ✗ S1: Insufficient data for NOW
    Error fetching NOW: can't start new thread
    Warning: No data found for CELG
  ✗ S2: Insufficient data for NOW/CELG

112/223: 2019-11-27: Added=WRB, Removed=VIAB
  Holding Period End Date: 2019-12-16
    YFinance output for WRB: 1 Failed download:
['NXPI']: DNSError('Failed to perform, curl: (6) getaddrinfo() thread failed to start. See https://curl.se/libcurl/c/libcurl-errors.html first for more details.')
  ✓ S1: WRB 0.00%, Portfolio: $1,162,555
    YFinance output for WRB: Failed to get ticker 'VAR' reason: Failed to perform, curl: (6) getaddrinfo() thread failed to start. See https://curl.se/libcurl/c/libcurl-errors.html first for more details.

1 Failed download:
['VAR']: YFTzMissingError('possibly delisted; no timezone found')

1 Failed download:
['VAR']: YFTzMissingError('possibly delisted; no timezone found')
    Warning: No data found for WRB
    Error fetching VIAB: can't start new thread
  ✗ S2: Insufficient data for WRB/VIAB

113/223: 2019-12-02: Added=ODFL, Removed=STI
  Holding Period End Date: 2019-12-18
    Error fetching ODFL: can't start new thread
  ✗ S1: Insufficient data for ODFL
    Error fetching ODFL: can't start new thread
    YFinance output for STI: 1 Failed download:
['GNRC']: DNSError('Failed to perform, curl: (6) getaddrinfo() thread failed to start. See https://curl.se/libcurl/c/libcurl-errors.html first for more details.')

1 Failed download:
['GNRC']: DNSError('Failed to perform, curl: (6) getaddrinfo() thread failed to start. See https://curl.se/libcurl/c/libcurl-errors.html first for more details.')
    Warning: No data found for STI
  ✗ S2: Insufficient data for ODFL/STI

114/223: 2019-12-13: Added=ZBRA, Removed=TRIP
  Holding Period End Date: 2020-01-02
    Error fetching ZBRA: can't start new thread
  ✗ S1: Insufficient data for ZBRA
    Warning: No data found for ZBRA
    YFinance output for TRIP: 1 Failed download:
['PENN']: DNSError('Failed to perform, curl: (6) getaddrinfo() thread failed to start. See https://curl.se/libcurl/c/libcurl-errors.html first for more details.')

1 Failed download:
['PENN']: DNSError('Failed to perform, curl: (6) getaddrinfo() thread failed to start. See https://curl.se/libcurl/c/libcurl-errors.html first for more details.')
    Warning: No data found for TRIP
  ✗ S2: Insufficient data for ZBRA/TRIP

115/223: 2019-12-13: Added=LYV, Removed=AMG
  Holding Period End Date: 2020-01-02
    Warning: No data found for LYV
  ✗ S1: Insufficient data for LYV
    Warning: No data found for LYV
  ✗ S2: Insufficient data for LYV/AMG

116/223: 2019-12-13: Added=STE, Removed=MAC
  Holding Period End Date: 2020-01-02
    Error fetching STE: can't start new thread
  ✗ S1: Insufficient data for STE
    Error fetching STE: can't start new thread
    Error fetching MAC: can't start new thread
  ✗ S2: Insufficient data for STE/MAC

117/223: 2020-01-22: Added=PAYC, Removed=WCG
  Holding Period End Date: 2020-02-07
    Error fetching PAYC: can't start new thread
  ✗ S1: Insufficient data for PAYC
    Error fetching PAYC: can't start new thread
    Error fetching WCG: can't start new thread
  ✗ S2: Insufficient data for PAYC/WCG

118/223: 2020-02-27: Added=IR, Removed=XEC
  Holding Period End Date: 2020-03-16
    Warning: No data found for IR
  ✗ S1: Insufficient data for IR
    Error fetching IR: can't start new thread
    Error fetching XEC: can't start new thread
  ✗ S2: Insufficient data for IR/XEC

119/223: 2020-03-31: Added=nan, Removed=M
  Holding Period End Date: 2020-04-17

120/223: 2020-03-31: Added=nan, Removed=RTN
  Holding Period End Date: 2020-04-17

121/223: 2020-03-31: Added=CARR, Removed=nan
  Holding Period End Date: 2020-04-17
    Error fetching CARR: can't start new thread
  ✗ S1: Insufficient data for CARR

122/223: 2020-03-31: Added=OTIS, Removed=nan
  Holding Period End Date: 2020-04-17
    Warning: No data found for OTIS
  ✗ S1: Insufficient data for OTIS

123/223: 2020-05-05: Added=HWM, Removed=ARNC
  Holding Period End Date: 2020-05-21
    Error fetching HWM: can't start new thread
  ✗ S1: Insufficient data for HWM
    Warning: No data found for HWM
    Error fetching ARNC: can't start new thread
  ✗ S2: Insufficient data for HWM/ARNC

124/223: 2020-05-06: Added=DXCM, Removed=AGN
  Holding Period End Date: 2020-05-22
    Error fetching DXCM: can't start new thread
  ✗ S1: Insufficient data for DXCM
    Error fetching DXCM: can't start new thread
  ✗ S2: Insufficient data for DXCM/AGN

125/223: 2020-05-06: Added=DPZ, Removed=CPRI
  Holding Period End Date: 2020-05-22
    Error fetching DPZ: can't start new thread
  ✗ S1: Insufficient data for DPZ
    Error fetching DPZ: can't start new thread
    Error fetching CPRI: can't start new thread
  ✗ S2: Insufficient data for DPZ/CPRI

126/223: 2020-05-18: Added=WST, Removed=HP
  Holding Period End Date: 2020-06-04
    Error fetching WST: can't start new thread
  ✗ S1: Insufficient data for WST
    Error fetching WST: can't start new thread
    Error fetching HP: can't start new thread
  ✗ S2: Insufficient data for WST/HP

127/223: 2020-06-12: Added=BIO, Removed=ADS
  Holding Period End Date: 2020-06-30
    Error fetching BIO: can't start new thread
  ✗ S1: Insufficient data for BIO
    Error fetching BIO: can't start new thread
    Error fetching ADS: can't start new thread
  ✗ S2: Insufficient data for BIO/ADS

128/223: 2020-06-12: Added=TDY, Removed=HOG
  Holding Period End Date: 2020-06-30
    Warning: No data found for TDY
  ✗ S1: Insufficient data for TDY
    Error fetching TDY: can't start new thread
    Error fetching HOG: can't start new thread
  ✗ S2: Insufficient data for TDY/HOG

129/223: 2020-06-12: Added=TYL, Removed=JWN
  Holding Period End Date: 2020-06-30
    Error fetching TYL: can't start new thread
  ✗ S1: Insufficient data for TYL
    Error fetching TYL: can't start new thread
    Error fetching JWN: can't start new thread
  ✗ S2: Insufficient data for TYL/JWN

130/223: 2020-09-04: Added=CTLT, Removed=KSS
  Holding Period End Date: 2020-09-23
    Error fetching CTLT: can't start new thread
  ✗ S1: Insufficient data for CTLT
  ✓ S2: Long CTLT (20.76%), Short KSS (3.86%)
      Combined: 12.31%, Portfolio: $705,910

131/223: 2020-09-04: Added=ETSY, Removed=HRB
  Holding Period End Date: 2020-09-23
    Error fetching ETSY: can't start new thread
  ✗ S1: Insufficient data for ETSY
    Error fetching ETSY: can't start new thread
    Error fetching HRB: can't start new thread
  ✗ S2: Insufficient data for ETSY/HRB

132/223: 2020-09-04: Added=TER, Removed=COTY
  Holding Period End Date: 2020-09-23
    Error fetching TER: can't start new thread
  ✗ S1: Insufficient data for TER
    Error fetching TER: can't start new thread
    Error fetching COTY: can't start new thread
  ✗ S2: Insufficient data for TER/COTY

133/223: 2020-10-01: Added=POOL, Removed=ETFC
  Holding Period End Date: 2020-10-19
    Error fetching POOL: can't start new thread
  ✗ S1: Insufficient data for POOL
    Error fetching POOL: can't start new thread
    Error fetching ETFC: can't start new thread
  ✗ S2: Insufficient data for POOL/ETFC

134/223: 2020-10-05: Added=VNT, Removed=nan
  Holding Period End Date: 2020-10-21
  ✓ S1: VNT -5.89%, Portfolio: $1,094,110

135/223: 2020-10-05: Added=nan, Removed=NBL
  Holding Period End Date: 2020-10-21

136/223: 2020-12-11: Added=TSLA, Removed=AIV
  Holding Period End Date: 2020-12-30
    Error fetching TSLA: can't start new thread
  ✗ S1: Insufficient data for TSLA
    Error fetching TSLA: can't start new thread
    Error fetching AIV: can't start new thread
  ✗ S2: Insufficient data for TSLA/AIV

137/223: 2020-12-30: Added=ENPH, Removed=TIF
  Holding Period End Date: 2021-01-19
    Error fetching ENPH: can't start new thread
  ✗ S1: Insufficient data for ENPH
    Warning: No data found for ENPH
    Error fetching TIF: can't start new thread
  ✗ S2: Insufficient data for ENPH/TIF

138/223: 2021-01-15: Added=TRMB, Removed=CXO
  Holding Period End Date: 2021-02-03
    YFinance output for TRMB: 1 Failed download:
['FDS']: DNSError('Failed to perform, curl: (6) getaddrinfo() thread failed to start. See https://curl.se/libcurl/c/libcurl-errors.html first for more details.')

1 Failed download:
['FDS']: DNSError('Failed to perform, curl: (6) getaddrinfo() thread failed to start. See https://curl.se/libcurl/c/libcurl-errors.html first for more details.')
    Warning: No data found for TRMB
  ✗ S1: Insufficient data for TRMB
    Warning: No data found for TRMB
  ✗ S2: Insufficient data for TRMB/CXO

139/223: 2021-02-08: Added=MPWR, Removed=FTI
  Holding Period End Date: 2021-02-25
    Error fetching MPWR: can't start new thread
  ✗ S1: Insufficient data for MPWR
    Error fetching MPWR: can't start new thread
    YFinance output for FTI: 1 Failed download:
['FDS']: DNSError('Failed to perform, curl: (6) getaddrinfo() thread failed to start. See https://curl.se/libcurl/c/libcurl-errors.html first for more details.')
    Warning: No data found for FTI
  ✗ S2: Insufficient data for MPWR/FTI

140/223: 2021-03-12: Added=CZR, Removed=VNT
  Holding Period End Date: 2021-03-30
    Error fetching CZR: can't start new thread
  ✗ S1: Insufficient data for CZR
    Error fetching CZR: can't start new thread
    Error fetching VNT: can't start new thread
  ✗ S2: Insufficient data for CZR/VNT

141/223: 2021-03-12: Added=PENN, Removed=SLG
  Holding Period End Date: 2021-03-30
    Warning: No data found for PENN
  ✗ S1: Insufficient data for PENN
    Error fetching PENN: can't start new thread
    Error fetching SLG: can't start new thread
  ✗ S2: Insufficient data for PENN/SLG

142/223: 2021-03-12: Added=NXPI, Removed=FLS
  Holding Period End Date: 2021-03-30
    Error fetching NXPI: can't start new thread
  ✗ S1: Insufficient data for NXPI
    Error fetching NXPI: can't start new thread
    Error fetching FLS: can't start new thread
  ✗ S2: Insufficient data for NXPI/FLS

143/223: 2021-03-12: Added=GNRC, Removed=XRX
  Holding Period End Date: 2021-03-30
    Warning: No data found for GNRC
  ✗ S1: Insufficient data for GNRC
    Error fetching GNRC: can't start new thread
    Error fetching XRX: can't start new thread
  ✗ S2: Insufficient data for GNRC/XRX

144/223: 2021-04-15: Added=PTC, Removed=VAR
  Holding Period End Date: 2021-05-03
    YFinance output for PTC: 1 Failed download:
['CDAY']: YFTzMissingError('possibly delisted; no timezone found')

1 Failed download:
['CDAY']: YFTzMissingError('possibly delisted; no timezone found')

1 Failed download:
['CDAY']: YFTzMissingError('possibly delisted; no timezone found')
    Warning: No data found for PTC
  ✗ S1: Insufficient data for PTC
    Error fetching PTC: can't start new thread
    Error fetching VAR: can't start new thread
  ✗ S2: Insufficient data for PTC/VAR

145/223: 2021-05-10: Added=CRL, Removed=FLIR
  Holding Period End Date: 2021-05-26
    Error fetching CRL: can't start new thread
  ✗ S1: Insufficient data for CRL
    Error fetching CRL: can't start new thread
    Error fetching FLIR: can't start new thread
  ✗ S2: Insufficient data for CRL/FLIR

146/223: 2021-05-27: Added=OGN, Removed=nan
  Holding Period End Date: 2021-06-15
    YFinance output for OGN: 1 Failed download:
['PRGO']: DNSError('Failed to perform, curl: (6) getaddrinfo() thread failed to start. See https://curl.se/libcurl/c/libcurl-errors.html first for more details.')

1 Failed download:
['PRGO']: DNSError('Failed to perform, curl: (6) getaddrinfo() thread failed to start. See https://curl.se/libcurl/c/libcurl-errors.html first for more details.')
    Warning: No data found for OGN
  ✗ S1: Insufficient data for OGN

147/223: 2021-05-27: Added=nan, Removed=HFC
  Holding Period End Date: 2021-06-15

148/223: 2021-07-15: Added=MRNA, Removed=ALXN
  Holding Period End Date: 2021-08-02
    Warning: No data found for MRNA
  ✗ S1: Insufficient data for MRNA
    Warning: No data found for MRNA
    Warning: No data found for ALXN
  ✗ S2: Insufficient data for MRNA/ALXN

149/223: 2021-08-24: Added=TECH, Removed=MXIM
  Holding Period End Date: 2021-09-10
    Error fetching TECH: can't start new thread
  ✗ S1: Insufficient data for TECH
    YFinance output for TECH: 1 Failed download:
['OGN']: DNSError('Failed to perform, curl: (6) getaddrinfo() thread failed to start. See https://curl.se/libcurl/c/libcurl-errors.html first for more details.')
    Warning: No data found for TECH
    Error fetching MXIM: can't start new thread
  ✗ S2: Insufficient data for TECH/MXIM

150/223: 2021-09-03: Added=BRO, Removed=NOV
  Holding Period End Date: 2021-09-22
    Error fetching BRO: can't start new thread
  ✗ S1: Insufficient data for BRO
    Error fetching BRO: can't start new thread
    Error fetching NOV: can't start new thread
  ✗ S2: Insufficient data for BRO/NOV

151/223: 2021-09-03: Added=CDAY, Removed=UNM
  Holding Period End Date: 2021-09-22
    YFinance output for CDAY: 1 Failed download:
['CEG']: DNSError('Failed to perform, curl: (6) getaddrinfo() thread failed to start. See https://curl.se/libcurl/c/libcurl-errors.html first for more details.')
    Warning: No data found for CDAY
  ✗ S1: Insufficient data for CDAY
    Error fetching CDAY: can't start new thread
    Error fetching UNM: can't start new thread
  ✗ S2: Insufficient data for CDAY/UNM

152/223: 2021-09-03: Added=MTCH, Removed=PRGO
  Holding Period End Date: 2021-09-22
    Warning: No data found for MTCH
  ✗ S1: Insufficient data for MTCH
    Error fetching MTCH: can't start new thread
    Warning: No data found for PRGO
  ✗ S2: Insufficient data for MTCH/PRGO

153/223: 2021-12-03: Added=FDS, Removed=WU
  Holding Period End Date: 2021-12-21
    Error fetching FDS: can't start new thread
  ✗ S1: Insufficient data for FDS
    Error fetching FDS: can't start new thread
    Error fetching WU: can't start new thread
  ✗ S2: Insufficient data for FDS/WU

154/223: 2021-12-03: Added=SEDG, Removed=HBI
  Holding Period End Date: 2021-12-21
  ✓ S1: SEDG 2.61%, Portfolio: $1,122,680
    Error fetching SEDG: can't start new thread
    Warning: No data found for HBI
  ✗ S2: Insufficient data for SEDG/HBI

155/223: 2021-12-03: Added=SBNY, Removed=LEG
  Holding Period End Date: 2021-12-21
    Error fetching SBNY: can't start new thread
  ✗ S1: Insufficient data for SBNY
    Warning: No data found for SBNY
    Error fetching LEG: can't start new thread
  ✗ S2: Insufficient data for SBNY/LEG

156/223: 2021-12-07: Added=EPAM, Removed=KSU
  Holding Period End Date: 2021-12-23
    Error fetching EPAM: can't start new thread
  ✗ S1: Insufficient data for EPAM
    Error fetching EPAM: can't start new thread
    Error fetching KSU: can't start new thread
  ✗ S2: Insufficient data for EPAM/KSU

157/223: 2022-01-26: Added=CEG, Removed=nan
  Holding Period End Date: 2022-02-11
    Warning: No data found for CEG
  ✗ S1: Insufficient data for CEG

158/223: 2022-01-26: Added=nan, Removed=GPS
  Holding Period End Date: 2022-02-11

159/223: 2022-02-10: Added=NDSN, Removed=XLNX
  Holding Period End Date: 2022-03-01
    Error fetching NDSN: can't start new thread
  ✗ S1: Insufficient data for NDSN
    Error fetching NDSN: can't start new thread
    Error fetching XLNX: can't start new thread
  ✗ S2: Insufficient data for NDSN/XLNX

160/223: 2022-02-25: Added=MOH, Removed=INFO
  Holding Period End Date: 2022-03-15
    YFinance output for MOH: 1 Failed download:
['SBNY']: YFPricesMissingError('possibly delisted; no price data found  (1d 2021-12-03 00:00:00 -> 2021-12-07) (Yahoo error = "Data doesn\'t exist for startDate = 1638507600, endDate = 1638853200")')

1 Failed download:
['SBNY']: YFPricesMissingError('possibly delisted; no price data found  (1d 2021-12-03 00:00:00 -> 2021-12-07) (Yahoo error = "Data doesn\'t exist for startDate = 1638507600, endDate = 1638853200")')
    Warning: No data found for MOH
  ✗ S1: Insufficient data for MOH
    Error fetching MOH: can't start new thread
    Error fetching INFO: can't start new thread
  ✗ S2: Insufficient data for MOH/INFO

161/223: 2022-03-29: Added=CPT, Removed=PBCT
  Holding Period End Date: 2022-04-14
    Error fetching CPT: can't start new thread
  ✗ S1: Insufficient data for CPT
    YFinance output for CPT: 1 Failed download:
['KSU']: YFTzMissingError('possibly delisted; no timezone found')

1 Failed download:
['KSU']: YFTzMissingError('possibly delisted; no timezone found')

1 Failed download:
['KSU']: YFTzMissingError('possibly delisted; no timezone found')

1 Failed download:
['KSU']: YFTzMissingError('possibly delisted; no timezone found')
    Warning: No data found for CPT
    Error fetching PBCT: can't start new thread
  ✗ S2: Insufficient data for CPT/PBCT

162/223: 2022-04-07: Added=WBD, Removed=DISCA
  Holding Period End Date: 2022-04-26
    Warning: No data found for WBD
  ✗ S1: Insufficient data for WBD
    Warning: No data found for WBD
    Error fetching DISCA: can't start new thread
  ✗ S2: Insufficient data for WBD/DISCA

163/223: 2022-04-07: Added=nan, Removed=DISCK
  Holding Period End Date: 2022-04-26

164/223: 2022-06-03: Added=VICI, Removed=CERN
  Holding Period End Date: 2022-06-22
    Error fetching VICI: can't start new thread
  ✗ S1: Insufficient data for VICI
    Error fetching VICI: can't start new thread
    Error fetching CERN: can't start new thread
  ✗ S2: Insufficient data for VICI/CERN

165/223: 2022-06-03: Added=ON, Removed=IPGP
  Holding Period End Date: 2022-06-22
    Error fetching ON: can't start new thread
  ✗ S1: Insufficient data for ON
    Warning: No data found for ON
    Warning: No data found for IPGP
  ✗ S2: Insufficient data for ON/IPGP

166/223: 2022-06-03: Added=KDP, Removed=UAA
  Holding Period End Date: 2022-06-22
    Error fetching KDP: can't start new thread
  ✗ S1: Insufficient data for KDP
    Error fetching KDP: can't start new thread
    Error fetching UAA: can't start new thread
  ✗ S2: Insufficient data for KDP/UAA

167/223: 2022-06-03: Added=nan, Removed=UA
  Holding Period End Date: 2022-06-22

168/223: 2022-09-02: Added=CSGP, Removed=PVH
  Holding Period End Date: 2022-09-21
    Error fetching CSGP: can't start new thread
  ✗ S1: Insufficient data for CSGP
    Error fetching CSGP: can't start new thread
  ✗ S2: Insufficient data for CSGP/PVH

169/223: 2022-09-02: Added=INVH, Removed=PENN
  Holding Period End Date: 2022-09-21
  ✓ S1: INVH 0.71%, Portfolio: $1,130,652
    Warning: No data found for INVH
    Error fetching PENN: can't start new thread
  ✗ S2: Insufficient data for INVH/PENN

170/223: 2022-09-23: Added=PCG, Removed=CTXS
  Holding Period End Date: 2022-10-11
    Error fetching PCG: can't start new thread
  ✗ S1: Insufficient data for PCG
    Error fetching PCG: can't start new thread
    Error fetching CTXS: can't start new thread
  ✗ S2: Insufficient data for PCG/CTXS

171/223: 2022-09-23: Added=EQT, Removed=DRE
  Holding Period End Date: 2022-10-11
    Error fetching EQT: can't start new thread
  ✗ S1: Insufficient data for EQT
    Warning: No data found for EQT
    Warning: No data found for DRE
  ✗ S2: Insufficient data for EQT/DRE

172/223: 2022-10-06: Added=TRGP, Removed=NLSN
  Holding Period End Date: 2022-10-24
    Error fetching TRGP: can't start new thread
  ✗ S1: Insufficient data for TRGP
    Error fetching TRGP: can't start new thread
    Error fetching NLSN: can't start new thread
  ✗ S2: Insufficient data for TRGP/NLSN

173/223: 2022-10-27: Added=ACGL, Removed=TWTR
  Holding Period End Date: 2022-11-14
    Error fetching ACGL: can't start new thread
  ✗ S1: Insufficient data for ACGL
    Error fetching ACGL: can't start new thread
    Error fetching TWTR: can't start new thread
  ✗ S2: Insufficient data for ACGL/TWTR

174/223: 2022-12-12: Added=FSLR, Removed=FBHS
  Holding Period End Date: 2022-12-29
    Warning: No data found for FSLR
  ✗ S1: Insufficient data for FSLR
    YFinance output for FSLR: 1 Failed download:
['VICI']: DNSError('Failed to perform, curl: (6) getaddrinfo() thread failed to start. See https://curl.se/libcurl/c/libcurl-errors.html first for more details.')
    Warning: No data found for FSLR
  ✗ S2: Insufficient data for FSLR/FBHS

175/223: 2022-12-12: Added=nan, Removed=MBC
  Holding Period End Date: 2022-12-29

176/223: 2022-12-12: Added=MBC, Removed=nan
  Holding Period End Date: 2022-12-29
    Warning: No data found for MBC
  ✗ S1: Insufficient data for MBC

177/223: 2022-12-19: Added=STLD, Removed=ABMD
  Holding Period End Date: 2023-01-06
    Error fetching STLD: can't start new thread
  ✗ S1: Insufficient data for STLD
    Error fetching STLD: can't start new thread
    Error fetching ABMD: can't start new thread
  ✗ S2: Insufficient data for STLD/ABMD

178/223: 2022-12-28: Added=GEHC, Removed=nan
  Holding Period End Date: 2023-01-17
    Warning: No data found for GEHC
  ✗ S1: Insufficient data for GEHC

179/223: 2022-12-28: Added=nan, Removed=VNO
  Holding Period End Date: 2023-01-17

180/223: 2023-03-03: Added=FICO, Removed=LUMN
  Holding Period End Date: 2023-03-21
    Error fetching FICO: can't start new thread
  ✗ S1: Insufficient data for FICO
    Error fetching FICO: can't start new thread
    Error fetching LUMN: can't start new thread
  ✗ S2: Insufficient data for FICO/LUMN

181/223: 2023-03-10: Added=PODD, Removed=SIVB
  Holding Period End Date: 2023-03-28
    Warning: No data found for PODD
  ✗ S1: Insufficient data for PODD
    Warning: No data found for PODD
    Error fetching SIVB: can't start new thread
  ✗ S2: Insufficient data for PODD/SIVB

182/223: 2023-03-13: Added=BG, Removed=SBNY
  Holding Period End Date: 2023-03-29
    Error fetching BG: can't start new thread
  ✗ S1: Insufficient data for BG
    Error fetching BG: can't start new thread
    Error fetching SBNY: can't start new thread
  ✗ S2: Insufficient data for BG/SBNY

183/223: 2023-05-01: Added=AXON, Removed=FRC
  Holding Period End Date: 2023-05-17
    Error fetching AXON: can't start new thread
  ✗ S1: Insufficient data for AXON
    Error fetching AXON: can't start new thread
    Error fetching FRC: can't start new thread
  ✗ S2: Insufficient data for AXON/FRC

184/223: 2023-06-02: Added=PANW, Removed=DISH
  Holding Period End Date: 2023-06-21
    Error fetching PANW: can't start new thread
  ✗ S1: Insufficient data for PANW
    Error fetching PANW: can't start new thread
    Warning: No data found for DISH
  ✗ S2: Insufficient data for PANW/DISH

185/223: 2023-08-21: Added=nan, Removed=TEL
  Holding Period End Date: 2023-09-07

186/223: 2023-08-21: Added=KVUE, Removed=AAP
  Holding Period End Date: 2023-09-07
    Error fetching KVUE: can't start new thread
  ✗ S1: Insufficient data for KVUE
    Error fetching KVUE: can't start new thread
    Error fetching AAP: can't start new thread
  ✗ S2: Insufficient data for KVUE/AAP

187/223: 2023-08-21: Added=PCS, Removed=nan
  Holding Period End Date: 2023-09-07
    Error fetching PCS: can't start new thread
  ✗ S1: Insufficient data for PCS

188/223: 2023-09-14: Added=BX, Removed=LNC
  Holding Period End Date: 2023-10-02
    Warning: No data found for BX
  ✗ S1: Insufficient data for BX
    Error fetching BX: can't start new thread
    Error fetching LNC: can't start new thread
  ✗ S2: Insufficient data for BX/LNC

189/223: 2023-09-14: Added=ABNB, Removed=NWL
  Holding Period End Date: 2023-10-02
    Error fetching ABNB: can't start new thread
  ✗ S1: Insufficient data for ABNB
    Error fetching ABNB: can't start new thread
    Error fetching NWL: can't start new thread
  ✗ S2: Insufficient data for ABNB/NWL

190/223: 2023-09-28: Added=VLTO, Removed=nan
  Holding Period End Date: 2023-10-16
    Error fetching VLTO: can't start new thread
  ✗ S1: Insufficient data for VLTO

191/223: 2023-09-28: Added=nan, Removed=DXC
  Holding Period End Date: 2023-10-16

192/223: 2023-10-13: Added=LULU, Removed=ATVI
  Holding Period End Date: 2023-10-31
    Error fetching LULU: can't start new thread
  ✗ S1: Insufficient data for LULU
    Error fetching LULU: can't start new thread
    YFinance output for ATVI: 1 Failed download:
['CSGP']: DNSError('Failed to perform, curl: (6) getaddrinfo() thread failed to start. See https://curl.se/libcurl/c/libcurl-errors.html first for more details.')
    Warning: No data found for ATVI
  ✗ S2: Insufficient data for LULU/ATVI

193/223: 2023-10-13: Added=HUBB, Removed=OGN
  Holding Period End Date: 2023-10-31
    Error fetching HUBB: can't start new thread
  ✗ S1: Insufficient data for HUBB
    Error fetching OGN: can't start new thread
  ✗ S2: Insufficient data for HUBB/OGN

194/223: 2023-12-01: Added=UBER, Removed=SEE
  Holding Period End Date: 2023-12-19
    Warning: No data found for UBER
  ✗ S1: Insufficient data for UBER
    Warning: No data found for UBER
    Error fetching SEE: can't start new thread
  ✗ S2: Insufficient data for UBER/SEE

195/223: 2023-12-01: Added=BLDR, Removed=SEDG
  Holding Period End Date: 2023-12-19
    Error fetching BLDR: can't start new thread
  ✗ S1: Insufficient data for BLDR
    Error fetching BLDR: can't start new thread
    Error fetching SEDG: can't start new thread
  ✗ S2: Insufficient data for BLDR/SEDG

196/223: 2023-12-01: Added=JBL, Removed=ALK
  Holding Period End Date: 2023-12-19
    Warning: No data found for JBL
  ✗ S1: Insufficient data for JBL
    Error fetching JBL: can't start new thread
    Error fetching ALK: can't start new thread
  ✗ S2: Insufficient data for JBL/ALK

197/223: 2024-03-01: Added=SMCI, Removed=WHR
  Holding Period End Date: 2024-03-19
    Warning: No data found for SMCI
  ✗ S1: Insufficient data for SMCI
    Warning: No data found for SMCI
    Error fetching WHR: can't start new thread
  ✗ S2: Insufficient data for SMCI/WHR

198/223: 2024-03-01: Added=DECK, Removed=ZION
  Holding Period End Date: 2024-03-19
    Warning: No data found for DECK
  ✗ S1: Insufficient data for DECK
    Error fetching DECK: can't start new thread
    Warning: No data found for ZION
  ✗ S2: Insufficient data for DECK/ZION

199/223: 2024-03-27: Added=SOLV, Removed=nan
  Holding Period End Date: 2024-04-15
    Error fetching SOLV: can't start new thread
  ✗ S1: Insufficient data for SOLV

200/223: 2024-03-27: Added=GEV, Removed=nan
  Holding Period End Date: 2024-04-15
    Error fetching GEV: can't start new thread
  ✗ S1: Insufficient data for GEV

201/223: 2024-03-27: Added=nan, Removed=XRAY
  Holding Period End Date: 2024-04-15

202/223: 2024-03-27: Added=nan, Removed=VFC
  Holding Period End Date: 2024-04-15

203/223: 2024-05-03: Added=VST, Removed=PXD
  Holding Period End Date: 2024-05-21
    Warning: No data found for VST
  ✗ S1: Insufficient data for VST
    Warning: No data found for VST
    Error fetching PXD: can't start new thread
  ✗ S2: Insufficient data for VST/PXD

204/223: 2024-06-07: Added=KKR, Removed=RHI
  Holding Period End Date: 2024-06-26
    Error fetching KKR: can't start new thread
  ✗ S1: Insufficient data for KKR
    Error fetching KKR: can't start new thread
    YFinance output for RHI: Failed to get ticker 'DRE' reason: Failed to perform, curl: (6) getaddrinfo() thread failed to start. See https://curl.se/libcurl/c/libcurl-errors.html first for more details.

1 Failed download:
['DRE']: YFTzMissingError('possibly delisted; no timezone found')
    Warning: No data found for RHI
  ✗ S2: Insufficient data for KKR/RHI

205/223: 2024-06-07: Added=CRWD, Removed=CMA
  Holding Period End Date: 2024-06-26
    Error fetching CRWD: can't start new thread
  ✗ S1: Insufficient data for CRWD
    Warning: No data found for CRWD
  ✗ S2: Insufficient data for CRWD/CMA

206/223: 2024-06-07: Added=GDDY, Removed=ILMN
  Holding Period End Date: 2024-06-26
    Error fetching GDDY: can't start new thread
  ✗ S1: Insufficient data for GDDY
    Error fetching GDDY: can't start new thread
    Error fetching ILMN: can't start new thread
  ✗ S2: Insufficient data for GDDY/ILMN

207/223: 2024-09-06: Added=ERIE, Removed=BIO
  Holding Period End Date: 2024-09-24
    Error fetching ERIE: can't start new thread
  ✗ S1: Insufficient data for ERIE
    Error fetching ERIE: can't start new thread
    Error fetching BIO: can't start new thread
  ✗ S2: Insufficient data for ERIE/BIO

208/223: 2024-09-06: Added=DELL, Removed=ETSY
  Holding Period End Date: 2024-09-24
    Error fetching DELL: can't start new thread
  ✗ S1: Insufficient data for DELL
    Error fetching DELL: can't start new thread
    Warning: No data found for ETSY
  ✗ S2: Insufficient data for DELL/ETSY

209/223: 2024-09-06: Added=PLTR, Removed=AAL
  Holding Period End Date: 2024-09-24
  ✓ S1: PLTR 10.65%, Portfolio: $1,251,070
    Error fetching PLTR: can't start new thread
    Warning: No data found for AAL
  ✗ S2: Insufficient data for PLTR/AAL

210/223: 2024-09-24: Added=AMTM, Removed=nan
  Holding Period End Date: 2024-10-10
    Warning: No data found for AMTM
  ✗ S1: Insufficient data for AMTM

211/223: 2024-09-24: Added=nan, Removed=BBWI
  Holding Period End Date: 2024-10-10

212/223: 2024-11-21: Added=TPL, Removed=MRO
  Holding Period End Date: 2024-12-10
    Error fetching TPL: can't start new thread
  ✗ S1: Insufficient data for TPL
    Warning: No data found for TPL
    Error fetching MRO: can't start new thread
  ✗ S2: Insufficient data for TPL/MRO

213/223: 2024-12-06: Added=WDAY, Removed=AMTM
  Holding Period End Date: 2024-12-24
  ✓ S1: WDAY -0.66%, Portfolio: $1,242,833
    Warning: No data found for WDAY
    Error fetching AMTM: can't start new thread
  ✗ S2: Insufficient data for WDAY/AMTM

214/223: 2024-12-06: Added=APO, Removed=QRVO
  Holding Period End Date: 2024-12-24
    Error fetching APO: can't start new thread
  ✗ S1: Insufficient data for APO
    Error fetching APO: can't start new thread
    Error fetching QRVO: can't start new thread
  ✗ S2: Insufficient data for APO/QRVO

215/223: 2024-12-18: Added=LII, Removed=CTLT
  Holding Period End Date: 2025-01-07
    Error fetching LII: can't start new thread
  ✗ S1: Insufficient data for LII
    Error fetching LII: can't start new thread
    Error fetching CTLT: can't start new thread
  ✗ S2: Insufficient data for LII/CTLT

216/223: 2025-03-07: Added=EXE, Removed=FMC
  Holding Period End Date: 2025-03-25
    Error fetching EXE: can't start new thread
  ✗ S1: Insufficient data for EXE
    Error fetching EXE: can't start new thread
    Warning: No data found for FMC
  ✗ S2: Insufficient data for EXE/FMC

217/223: 2025-03-07: Added=WSM, Removed=CE
  Holding Period End Date: 2025-03-25
    Error fetching WSM: can't start new thread
  ✗ S1: Insufficient data for WSM
    Error fetching WSM: can't start new thread
    YFinance output for CE: 2 Failed downloads:
['PODD', 'PENN']: DNSError('Failed to perform, curl: (6) getaddrinfo() thread failed to start. See https://curl.se/libcurl/c/libcurl-errors.html first for more details.')
    Warning: No data found for CE
  ✗ S2: Insufficient data for WSM/CE

218/223: 2025-03-07: Added=TKO, Removed=TFX
  Holding Period End Date: 2025-03-25
    Warning: No data found for TKO
  ✗ S1: Insufficient data for TKO
    Warning: No data found for TKO
    Error fetching TFX: can't start new thread
  ✗ S2: Insufficient data for TKO/TFX

219/223: 2025-03-07: Added=DASH, Removed=BWA
  Holding Period End Date: 2025-03-25
    Error fetching DASH: can't start new thread
  ✗ S1: Insufficient data for DASH
    Error fetching DASH: can't start new thread
    Error fetching BWA: can't start new thread
  ✗ S2: Insufficient data for DASH/BWA

220/223: 2025-05-12: Added=COIN, Removed=DFS
  Holding Period End Date: 2025-05-29
    YFinance output for COIN: 1 Failed download:
['SBNY']: DNSError('Failed to perform, curl: (6) getaddrinfo() thread failed to start. See https://curl.se/libcurl/c/libcurl-errors.html first for more details.')

1 Failed download:
['SBNY']: DNSError('Failed to perform, curl: (6) getaddrinfo() thread failed to start. See https://curl.se/libcurl/c/libcurl-errors.html first for more details.')

1 Failed download:
['SBNY']: DNSError('Failed to perform, curl: (6) getaddrinfo() thread failed to start. See https://curl.se/libcurl/c/libcurl-errors.html first for more details.')
    Warning: No data found for COIN
  ✗ S1: Insufficient data for COIN
    Warning: No data found for DFS
  ✗ S2: Insufficient data for COIN/DFS

221/223: 2025-07-02: Added=DDOG, Removed=JNPR
  Holding Period End Date: 2025-07-21
    Warning: No data found for DDOG
  ✗ S1: Insufficient data for DDOG
    Error fetching DDOG: can't start new thread
    Error fetching JNPR: can't start new thread
  ✗ S2: Insufficient data for DDOG/JNPR

222/223: 2025-07-14: Added=TTD, Removed=ANSS
  Holding Period End Date: 2025-07-30
    Error fetching TTD: can't start new thread
  ✗ S1: Insufficient data for TTD
    Error fetching TTD: can't start new thread
    Error fetching ANSS: can't start new thread
  ✗ S2: Insufficient data for TTD/ANSS

223/223: 2025-07-18: Added=XYZ, Removed=HES
  Holding Period End Date: 2025-08-05
    Error fetching XYZ: can't start new thread
  ✗ S1: Insufficient data for XYZ
    Warning: No data found for XYZ
    Error fetching HES: can't start new thread
  ✗ S2: Insufficient data for XYZ/HES

============================================================
FINAL RESULTS
Strategy 1: 67 successful trades, Final: $1,242,833 (24.28%)
Strategy 2: 47 successful trades, Final: $705,910 (-29.41%)
Completed: 2025-08-31 17:22:35
