S&P 500 Index Update Trading Strategy Analysis (Multithread)
Holding Period: 17 trading days
Date Range: 2015-07-02 to 2025-07-18
Timestamp: 2025-08-31 18:08:56
============================================================

1/223: 2015-07-02: Added=KHC, Removed=KRFT
  Holding Period End Date: 2015-07-28
  ✗ S1: Error processing KHC: cannot convert the series to <class 'float'>
  ✓ S2: Long KHC (5.92%), Short KRFT (-6.58%)
      Combined: -0.33%, Portfolio: $996,716

2/223: 2015-07-06: Added=AAP, Removed=FDO
  Holding Period End Date: 2015-07-29
  ✓ S1: AAP 20.08%, Portfolio: $1,200,849
    YFinance output for FDO: 1 Failed download:
['KRFT']: YFPricesMissingError('possibly delisted; no price data found  (1d 2015-07-02 00:00:00 -> 2015-07-24)')

1 Failed download:
['KRFT']: YFPricesMissingError('possibly delisted; no price data found  (1d 2015-07-02 00:00:00 -> 2015-07-24)')
    Warning: No data found for FDO
  ✗ S2: Insufficient data for AAP/FDO

3/223: 2015-07-14: Added=PYPL, Removed=NE
  Holding Period End Date: 2015-08-06
  ✗ S1: Error processing PYPL: cannot convert the series to <class 'float'>
  ✗ S2: Error processing PYPL/NE: cannot convert the series to <class 'float'>

4/223: 2015-07-24: Added=SIG, Removed=DTV
  Holding Period End Date: 2015-08-18
  ✓ S1: SIG -3.60%, Portfolio: $1,157,645
    Warning: No data found for DTV
  ✗ S2: Insufficient data for SIG/DTV

5/223: 2015-08-27: Added=ATVI, Removed=PLL
  Holding Period End Date: 2015-09-22
  ✓ S1: ATVI 4.63%, Portfolio: $1,211,262
  ✓ S2: Long ATVI (6.66%), Short PLL (-14.43%)
      Combined: -3.89%, Portfolio: $957,986

6/223: 2015-08-27: Added=UAL, Removed=HSP
  Holding Period End Date: 2015-09-22
  ✓ S1: UAL 6.03%, Portfolio: $1,284,292
  ✓ S2: Long UAL (16.87%), Short HSP (-5.69%)
      Combined: 5.59%, Portfolio: $1,011,541

7/223: 2015-09-30: Added=VRSK, Removed=JOY
  Holding Period End Date: 2015-10-23
  ✗ S1: Insufficient data for VRSK
    Warning: No data found for VRSK
  ✗ S2: Insufficient data for VRSK/JOY

8/223: 2015-10-27: Added=HPE, Removed=HCBK
  Holding Period End Date: 2015-11-19
    YFinance output for HPE: 1 Failed download:
['DTV']: YFTzMissingError('possibly delisted; no timezone found')

1 Failed download:
['DTV']: YFTzMissingError('possibly delisted; no timezone found')

1 Failed download:
['DTV']: YFTzMissingError('possibly delisted; no timezone found')

1 Failed download:
['DTV']: YFTzMissingError('possibly delisted; no timezone found')
    Warning: No data found for HPE
  ✗ S1: Insufficient data for HPE
    Warning: No data found for HPE
  ✗ S2: Insufficient data for HPE/HCBK

9/223: 2015-11-09: Added=SYF, Removed=GNW
  Holding Period End Date: 2015-12-03
  ✓ S1: SYF -0.40%, Portfolio: $1,279,175
    Warning: No data found for GNW
  ✗ S2: Insufficient data for SYF/GNW

10/223: 2015-11-12: Added=ILMN, Removed=SIAL
  Holding Period End Date: 2015-12-08
    Warning: No data found for ILMN
  ✗ S1: Insufficient data for ILMN
  ✗ S2: Insufficient data for ILMN/SIAL

11/223: 2015-11-23: Added=CSRA, Removed=CSC
  Holding Period End Date: 2015-12-17
  ✓ S1: CSRA 6.81%, Portfolio: $1,366,224
    Warning: No data found for CSRA
    Warning: No data found for CSC
  ✗ S2: Insufficient data for CSRA/CSC

12/223: 2015-12-15: Added=nan, Removed=CMCSK
  Holding Period End Date: 2016-01-11

13/223: 2015-12-22: Added=CHD, Removed=ALTR
  Holding Period End Date: 2016-01-19
  ✓ S1: CHD 4.21%, Portfolio: $1,423,742
    YFinance output for CHD: 1 Failed download:
['PLL']: YFPricesMissingError('possibly delisted; no price data found  (1d 2015-08-27 00:00:00 -> 2015-09-18) (Yahoo error = "Data doesn\'t exist for startDate = 1440648000, endDate = 1442548800")')

1 Failed download:
['PLL']: YFPricesMissingError('possibly delisted; no price data found  (1d 2015-08-27 00:00:00 -> 2015-09-18) (Yahoo error = "Data doesn\'t exist for startDate = 1440648000, endDate = 1442548800")')
    Warning: No data found for CHD
    Warning: No data found for ALTR
  ✗ S2: Insufficient data for CHD/ALTR

14/223: 2015-12-28: Added=WLTW, Removed=FOSL
  Holding Period End Date: 2016-01-22
  ✓ S1: WLTW 15.37%, Portfolio: $1,642,533
    Warning: No data found for WLTW
    YFinance output for FOSL: 1 Failed download:
['WLTW']: YFTzMissingError('possibly delisted; no timezone found')
  ✗ S2: Insufficient data for WLTW/FOSL

15/223: 2016-01-13: Added=EXR, Removed=ACE
  Holding Period End Date: 2016-02-08
  ✗ S1: Error processing EXR: cannot convert the series to <class 'float'>
    Warning: No data found for EXR
    Warning: No data found for ACE
  ✗ S2: Insufficient data for EXR/ACE

16/223: 2016-01-22: Added=FRT, Removed=BRCM
  Holding Period End Date: 2016-02-17
    Warning: No data found for FRT
  ✗ S1: Insufficient data for FRT
    Warning: No data found for FRT
  ✗ S2: Insufficient data for FRT/BRCM

17/223: 2016-01-26: Added=CFG, Removed=PCP
  Holding Period End Date: 2016-02-19
    Warning: No data found for CFG
  ✗ S1: Insufficient data for CFG
    Warning: No data found for CFG
  ✗ S2: Insufficient data for CFG/PCP

18/223: 2016-02-16: Added=CXO, Removed=PCL
  Holding Period End Date: 2016-03-10
    YFinance output for CXO: 1 Failed download:
['PCL']: YFPricesMissingError('possibly delisted; no price data found  (1d 2016-02-16 00:00:00 -> 2016-03-07) (Yahoo error = "Data doesn\'t exist for startDate = 1455598800, endDate = 1457326800")')

1 Failed download:
['PCL']: YFPricesMissingError('possibly delisted; no price data found  (1d 2016-02-16 00:00:00 -> 2016-03-07) (Yahoo error = "Data doesn\'t exist for startDate = 1455598800, endDate = 1457326800")')
  ✓ S1: CXO 4.15%, Portfolio: $1,710,700
    YFinance output for CXO: 1 Failed download:
['SIAL']: YFPricesMissingError('possibly delisted; no price data found  (1d 2015-11-12 00:00:00 -> 2015-12-04)')
    Warning: No data found for CXO
    YFinance output for PCL: 1 Failed download:
['HSP']: YFPricesMissingError('possibly delisted; no price data found  (1d 2015-08-27 00:00:00 -> 2015-09-21)')

1 Failed download:
['HSP']: YFPricesMissingError('possibly delisted; no price data found  (1d 2015-08-27 00:00:00 -> 2015-09-21)')
    Warning: No data found for PCL
  ✗ S2: Insufficient data for CXO/PCL

19/223: 2016-03-01: Added=AWK, Removed=CNX
  Holding Period End Date: 2016-03-24
  ✓ S1: AWK -12.42%, Portfolio: $1,498,246
    Warning: No data found for AWK
  ✗ S2: Insufficient data for AWK/CNX

20/223: 2016-03-04: Added=UDR, Removed=GMCR
  Holding Period End Date: 2016-03-30
  ✓ S1: UDR 6.99%, Portfolio: $1,602,986
    YFinance output for UDR: 1 Failed download:
['GMCR']: YFPricesMissingError('possibly delisted; no price data found  (1d 2016-03-04 00:00:00 -> 2016-03-24)')

1 Failed download:
['GMCR']: YFPricesMissingError('possibly delisted; no price data found  (1d 2016-03-04 00:00:00 -> 2016-03-24)')
  ✗ S2: Error processing UDR/GMCR: cannot convert the series to <class 'float'>

21/223: 2016-03-24: Added=CNC, Removed=ESV
  Holding Period End Date: 2016-04-19
  ✗ S1: Error processing CNC: cannot convert the series to <class 'float'>
    Warning: No data found for ESV
  ✗ S2: Insufficient data for CNC/ESV

22/223: 2016-03-24: Added=HOLX, Removed=POM
  Holding Period End Date: 2016-04-19
  ✗ S1: Error processing HOLX: cannot convert the series to <class 'float'>
    Warning: No data found for HOLX
    Warning: No data found for POM
  ✗ S2: Insufficient data for HOLX/POM

23/223: 2016-03-28: Added=FL, Removed=CAM
  Holding Period End Date: 2016-04-20
  ✓ S1: FL 0.00%, Portfolio: $1,602,986
  ✗ S2: Error processing FL/CAM: cannot convert the series to <class 'float'>

24/223: 2016-04-07: Added=ULTA, Removed=THC
  Holding Period End Date: 2016-05-02
  ✓ S1: ULTA -3.64%, Portfolio: $1,544,643
    Warning: No data found for ULTA
    YFinance output for THC: 1 Failed download:
['BRCM']: YFPricesMissingError('possibly delisted; no price data found  (1d 2016-01-22 00:00:00 -> 2016-02-12)')

1 Failed download:
['BRCM']: YFPricesMissingError('possibly delisted; no price data found  (1d 2016-01-22 00:00:00 -> 2016-02-12)')

1 Failed download:
['BRCM']: YFPricesMissingError('possibly delisted; no price data found  (1d 2016-01-22 00:00:00 -> 2016-02-12)')

1 Failed download:
['BRCM']: YFPricesMissingError('possibly delisted; no price data found  (1d 2016-01-22 00:00:00 -> 2016-02-12)')
  ✗ S2: Insufficient data for ULTA/THC

25/223: 2016-04-19: Added=GPN, Removed=GME
  Holding Period End Date: 2016-05-12
  ✓ S1: GPN -7.50%, Portfolio: $1,428,791
    YFinance output for GME: 1 Failed download:
['ALTR']: YFTzMissingError('possibly delisted; no timezone found')

1 Failed download:
['ALTR']: YFTzMissingError('possibly delisted; no timezone found')

1 Failed download:
['ALTR']: YFTzMissingError('possibly delisted; no timezone found')
    Warning: No data found for GME
  ✗ S2: Insufficient data for GPN/GME

26/223: 2016-04-26: Added=AYI, Removed=ADT
  Holding Period End Date: 2016-05-19
    YFinance output for AYI: 1 Failed download:
['CXO']: YFTzMissingError('possibly delisted; no timezone found')

1 Failed download:
['CXO']: YFTzMissingError('possibly delisted; no timezone found')

1 Failed download:
['CXO']: YFTzMissingError('possibly delisted; no timezone found')
  ✗ S1: Error processing AYI: cannot convert the series to <class 'float'>
  ✓ S2: Long AYI (-7.27%), Short ADT (0.00%)
      Combined: -3.64%, Portfolio: $974,758

27/223: 2016-05-10: Added=ALK, Removed=SNDK
  Holding Period End Date: 2016-06-03
    YFinance output for ALK: 1 Failed download:
['PCP']: YFPricesMissingError('possibly delisted; no price data found  (1d 2016-01-26 00:00:00 -> 2016-02-17) (Yahoo error = "Data doesn\'t exist for startDate = 1453784400, endDate = 1455685200")')

1 Failed download:
['PCP']: YFPricesMissingError('possibly delisted; no price data found  (1d 2016-01-26 00:00:00 -> 2016-02-17) (Yahoo error = "Data doesn\'t exist for startDate = 1453784400, endDate = 1455685200")')

1 Failed download:
['PCP']: YFPricesMissingError('possibly delisted; no price data found  (1d 2016-01-26 00:00:00 -> 2016-02-17) (Yahoo error = "Data doesn\'t exist for startDate = 1453784400, endDate = 1455685200")')

1 Failed download:
['PCP']: YFPricesMissingError('possibly delisted; no price data found  (1d 2016-01-26 00:00:00 -> 2016-02-17) (Yahoo error = "Data doesn\'t exist for startDate = 1453784400, endDate = 1455685200")')
    Warning: No data found for ALK
  ✗ S1: Insufficient data for ALK
    Warning: No data found for ALK
    YFinance output for SNDK: 1 Failed download:
['ALTR']: YFTzMissingError('possibly delisted; no timezone found')

1 Failed download:
['ALTR']: YFTzMissingError('possibly delisted; no timezone found')
  ✗ S2: Insufficient data for ALK/SNDK

28/223: 2016-05-13: Added=DLR, Removed=TWC
  Holding Period End Date: 2016-06-08
    YFinance output for DLR: 1 Failed download:
['WLTW']: YFTzMissingError('possibly delisted; no timezone found')

1 Failed download:
['WLTW']: YFTzMissingError('possibly delisted; no timezone found')

1 Failed download:
['WLTW']: YFTzMissingError('possibly delisted; no timezone found')

1 Failed download:
['WLTW']: YFTzMissingError('possibly delisted; no timezone found')
    Warning: No data found for DLR
  ✗ S1: Insufficient data for DLR
    Warning: No data found for DLR
    Warning: No data found for TWC
  ✗ S2: Insufficient data for DLR/TWC

29/223: 2016-05-18: Added=LKQ, Removed=ARG
  Holding Period End Date: 2016-06-13
    Warning: No data found for LKQ
  ✗ S1: Insufficient data for LKQ
    Warning: No data found for ARG
  ✗ S2: Insufficient data for LKQ/ARG

30/223: 2016-05-24: Added=AJG, Removed=CCE
  Holding Period End Date: 2016-06-17
    YFinance output for AJG: 1 Failed download:
['CXO']: YFTzMissingError('possibly delisted; no timezone found')
  ✗ S1: Error processing AJG: cannot convert the series to <class 'float'>
    Warning: No data found for AJG
    Warning: No data found for CCE
  ✗ S2: Insufficient data for AJG/CCE

31/223: 2016-05-27: Added=TDG, Removed=BXLT
  Holding Period End Date: 2016-06-22
    YFinance output for TDG: 1 Failed download:
['PCP']: YFPricesMissingError('possibly delisted; no price data found  (1d 2016-01-26 00:00:00 -> 2016-02-19) (Yahoo error = "Data doesn\'t exist for startDate = 1453784400, endDate = 1455858000")')

1 Failed download:
['PCP']: YFPricesMissingError('possibly delisted; no price data found  (1d 2016-01-26 00:00:00 -> 2016-02-19) (Yahoo error = "Data doesn\'t exist for startDate = 1453784400, endDate = 1455858000")')
    Warning: No data found for TDG
  ✗ S1: Insufficient data for TDG
    YFinance output for TDG: 1 Failed download:
['CXO']: YFTzMissingError('possibly delisted; no timezone found')

1 Failed download:
['CXO']: YFTzMissingError('possibly delisted; no timezone found')
    YFinance output for BXLT: 1 Failed download:
['CXO']: YFTzMissingError('possibly delisted; no timezone found')
    Warning: No data found for BXLT
  ✗ S2: Insufficient data for TDG/BXLT

32/223: 2016-06-21: Added=FBHS, Removed=CVC
  Holding Period End Date: 2016-07-15
  ✗ S1: Error processing FBHS: cannot convert the series to <class 'float'>
    Warning: No data found for CVC
  ✗ S2: Insufficient data for FBHS/CVC

33/223: 2016-06-23: Added=FTV, Removed=CPGX
  Holding Period End Date: 2016-07-19
  ✓ S1: FTV 3.54%, Portfolio: $1,479,334
    YFinance output for FTV: 1 Failed download:
['CAM']: YFPricesMissingError('possibly delisted; no price data found  (1d 2016-03-28 00:00:00 -> 2016-04-18)')

1 Failed download:
['CAM']: YFPricesMissingError('possibly delisted; no price data found  (1d 2016-03-28 00:00:00 -> 2016-04-18)')
    Warning: No data found for FTV
  ✗ S2: Insufficient data for FTV/CPGX

34/223: 2016-06-23: Added=ALB, Removed=TE
  Holding Period End Date: 2016-07-19
    YFinance output for ALB: 1 Failed download:
['GMCR']: YFPricesMissingError('possibly delisted; no price data found  (1d 2016-03-04 00:00:00 -> 2016-03-30)')
  ✓ S1: ALB 7.91%, Portfolio: $1,596,370
    Warning: No data found for TE
  ✗ S2: Insufficient data for ALB/TE

35/223: 2016-06-29: Added=LNT, Removed=GAS
  Holding Period End Date: 2016-07-25
    YFinance output for LNT: 1 Failed download:
['TE']: YFPricesMissingError('possibly delisted; no price data found  (1d 2016-06-23 00:00:00 -> 2016-07-14) (Yahoo error = "Data doesn\'t exist for startDate = 1466654400, endDate = 1468468800")')
    Warning: No data found for LNT
  ✗ S1: Insufficient data for LNT
  ✗ S2: Error processing LNT/GAS: cannot convert the series to <class 'float'>

36/223: 2016-08-25: Added=MTD, Removed=TYC
  Holding Period End Date: 2016-09-20
  ✓ S1: MTD -6.96%, Portfolio: $1,485,190
    Warning: No data found for TYC
  ✗ S2: Insufficient data for MTD/TYC

37/223: 2016-08-31: Added=CHTR, Removed=EMC
  Holding Period End Date: 2016-09-26
  ✓ S1: CHTR 2.86%, Portfolio: $1,527,631
  ✓ S2: Long CHTR (-3.70%), Short EMC (-2.78%)
      Combined: -3.24%, Portfolio: $943,187

38/223: 2016-09-10: Added=COO, Removed=HOT
  Holding Period End Date: 2016-10-05
  ✓ S1: COO -3.70%, Portfolio: $1,471,115
    Warning: No data found for COO
    YFinance output for HOT: 1 Failed download:
['ADT']: YFPricesMissingError('possibly delisted; no price data found  (1d 2016-04-26 00:00:00 -> 2016-05-17) (Yahoo error = "Data doesn\'t exist for startDate = 1461643200, endDate = 1463457600")')

1 Failed download:
['ADT']: YFPricesMissingError('possibly delisted; no price data found  (1d 2016-04-26 00:00:00 -> 2016-05-17) (Yahoo error = "Data doesn\'t exist for startDate = 1461643200, endDate = 1463457600")')
  ✗ S2: Insufficient data for COO/HOT

39/223: 2016-09-27: Added=COTY, Removed=DO
  Holding Period End Date: 2016-10-20
  ✓ S1: COTY 4.28%, Portfolio: $1,534,074
    Warning: No data found for COTY
  ✗ S2: Insufficient data for COTY/DO

40/223: 2016-11-29: Added=MAA, Removed=OI
  Holding Period End Date: 2016-12-22
  ✓ S1: MAA -3.29%, Portfolio: $1,483,605
  ✓ S2: Long MAA (3.81%), Short OI (-3.00%)
      Combined: 0.41%, Portfolio: $947,030

41/223: 2016-11-29: Added=EVHC, Removed=LM
  Holding Period End Date: 2016-12-22
  ✓ S1: EVHC -3.45%, Portfolio: $1,432,354
  ✓ S2: Long EVHC (-3.16%), Short LM (3.27%)
      Combined: 0.05%, Portfolio: $947,519

42/223: 2017-01-03: Added=IDXX, Removed=STJ
  Holding Period End Date: 2017-01-27
  ✓ S1: IDXX 1.80%, Portfolio: $1,458,150
    Warning: No data found for STJ
  ✗ S2: Insufficient data for IDXX/STJ

43/223: 2017-02-23: Added=INCY, Removed=SE
  Holding Period End Date: 2017-03-20
  ✓ S1: INCY 0.12%, Portfolio: $1,459,886
    Warning: No data found for INCY
  ✗ S2: Insufficient data for INCY/SE

44/223: 2017-02-23: Added=CBOE, Removed=PBI
  Holding Period End Date: 2017-03-20
    YFinance output for CBOE: 1 Failed download:
['FBHS']: YFTzMissingError('possibly delisted; no timezone found')
    Warning: No data found for CBOE
  ✗ S1: Insufficient data for CBOE
    Warning: No data found for CBOE
  ✗ S2: Insufficient data for CBOE/PBI

45/223: 2017-02-23: Added=REG, Removed=ENDP
  Holding Period End Date: 2017-03-20
  ✓ S1: REG 3.50%, Portfolio: $1,510,998
    Warning: No data found for REG
  ✗ S2: Insufficient data for REG/ENDP

46/223: 2017-03-06: Added=DISH, Removed=LLTC
  Holding Period End Date: 2017-03-29
  ✓ S1: DISH -2.94%, Portfolio: $1,466,648
    Warning: No data found for DISH
    Warning: No data found for LLTC
  ✗ S2: Insufficient data for DISH/LLTC

47/223: 2017-03-10: Added=ARE, Removed=FSLR
  Holding Period End Date: 2017-04-04
    YFinance output for ARE: 1 Failed download:
['CCE']: YFPricesMissingError('possibly delisted; no price data found  (1d 2016-05-24 00:00:00 -> 2016-06-16)')

1 Failed download:
['CCE']: YFPricesMissingError('possibly delisted; no price data found  (1d 2016-05-24 00:00:00 -> 2016-06-16)')

1 Failed download:
['CCE']: YFPricesMissingError('possibly delisted; no price data found  (1d 2016-05-24 00:00:00 -> 2016-06-16)')

1 Failed download:
['CCE']: YFPricesMissingError('possibly delisted; no price data found  (1d 2016-05-24 00:00:00 -> 2016-06-16)')
  ✗ S1: Error processing ARE: cannot convert the series to <class 'float'>
  ✗ S2: Error processing ARE/FSLR: cannot convert the series to <class 'float'>

48/223: 2017-03-10: Added=RJF, Removed=FTR
  Holding Period End Date: 2017-04-04
  ✗ S1: Error processing RJF: cannot convert the series to <class 'float'>
    Warning: No data found for RJF
    Warning: No data found for FTR
  ✗ S2: Insufficient data for RJF/FTR

49/223: 2017-03-10: Added=AMD, Removed=URBN
  Holding Period End Date: 2017-04-04
    YFinance output for AMD: 2 Failed downloads:
['CVC']: YFPricesMissingError('possibly delisted; no price data found  (1d 2016-06-21 00:00:00 -> 2016-07-15)')
['CPGX']: YFPricesMissingError('possibly delisted; no price data found  (1d 2016-06-23 00:00:00 -> 2016-07-18)')

2 Failed downloads:
['CVC']: YFPricesMissingError('possibly delisted; no price data found  (1d 2016-06-21 00:00:00 -> 2016-07-15)')
['CPGX']: YFPricesMissingError('possibly delisted; no price data found  (1d 2016-06-23 00:00:00 -> 2016-07-18)')

2 Failed downloads:
['CVC']: YFPricesMissingError('possibly delisted; no price data found  (1d 2016-06-21 00:00:00 -> 2016-07-15)')
['CPGX']: YFPricesMissingError('possibly delisted; no price data found  (1d 2016-06-23 00:00:00 -> 2016-07-18)')
    Warning: No data found for AMD
  ✗ S1: Insufficient data for AMD
  ✓ S2: Long AMD (5.41%), Short URBN (-6.22%)
      Combined: -0.40%, Portfolio: $943,688

50/223: 2017-03-13: Added=SNPS, Removed=HAR
  Holding Period End Date: 2017-04-05
    YFinance output for SNPS: 1 Failed download:
['TE']: YFPricesMissingError('possibly delisted; no price data found  (1d 2016-06-23 00:00:00 -> 2016-07-18) (Yahoo error = "Data doesn\'t exist for startDate = 1466654400, endDate = 1468814400")')

1 Failed download:
['TE']: YFPricesMissingError('possibly delisted; no price data found  (1d 2016-06-23 00:00:00 -> 2016-07-18) (Yahoo error = "Data doesn\'t exist for startDate = 1466654400, endDate = 1468814400")')
    Warning: No data found for SNPS
  ✗ S1: Insufficient data for SNPS
    Warning: No data found for SNPS
    Warning: No data found for HAR
  ✗ S2: Insufficient data for SNPS/HAR

51/223: 2017-03-28: Added=DXC, Removed=SWN
  Holding Period End Date: 2017-04-21
  ✗ S1: Error processing DXC: cannot convert the series to <class 'float'>
  ✓ S2: Long DXC (2.14%), Short SWN (0.26%)
      Combined: 1.20%, Portfolio: $955,018

52/223: 2017-03-29: Added=IT, Removed=DNB
  Holding Period End Date: 2017-04-24
  ✗ S1: Error processing IT: cannot convert the series to <class 'float'>
  ✓ S2: Long IT (-0.26%), Short DNB (1.46%)
      Combined: 0.60%, Portfolio: $960,761

53/223: 2017-05-24: Added=INFO, Removed=TGNA
  Holding Period End Date: 2017-06-19
    Warning: No data found for INFO
  ✗ S1: Insufficient data for INFO
    Warning: No data found for INFO
    YFinance output for TGNA: 1 Failed download:
['FTR']: YFTzMissingError('possibly delisted; no timezone found')
    Warning: No data found for TGNA
  ✗ S2: Insufficient data for INFO/TGNA

54/223: 2017-06-09: Added=ANSS, Removed=R
  Holding Period End Date: 2017-07-05
    Warning: No data found for ANSS
  ✗ S1: Insufficient data for ANSS
  ✓ S2: Long ANSS (1.33%), Short R (-1.31%)
      Combined: 0.01%, Portfolio: $960,845

55/223: 2017-06-09: Added=ALGN, Removed=TDC
  Holding Period End Date: 2017-07-05
  ✗ S1: Error processing ALGN: cannot convert the series to <class 'float'>
  ✓ S2: Long ALGN (0.17%), Short TDC (-7.05%)
      Combined: -3.44%, Portfolio: $927,757

56/223: 2017-06-09: Added=HLT, Removed=YHOO
  Holding Period End Date: 2017-07-05
  ✓ S1: HLT 5.74%, Portfolio: $1,550,838
    YFinance output for HLT: 1 Failed download:
['EMC']: YFPricesMissingError('possibly delisted; no price data found  (1d 2016-08-31 00:00:00 -> 2016-09-23) (Yahoo error = "Data doesn\'t exist for startDate = 1472616000, endDate = 1474603200")')
    Warning: No data found for HLT
    YFinance output for YHOO: 1 Failed download:
['LM']: YFTzMissingError('possibly delisted; no timezone found')
  ✗ S2: Insufficient data for HLT/YHOO

57/223: 2017-06-12: Added=RE, Removed=MJN
  Holding Period End Date: 2017-07-06
    Warning: No data found for RE
  ✗ S1: Insufficient data for RE
    YFinance output for RE: 1 Failed download:
['DO']: YFTzMissingError('possibly delisted; no timezone found')
    YFinance output for MJN: 1 Failed download:
['DO']: YFTzMissingError('possibly delisted; no timezone found')
    Warning: No data found for MJN
  ✗ S2: Insufficient data for RE/MJN

58/223: 2017-06-30: Added=BKR, Removed=BHI
  Holding Period End Date: 2017-07-26
    Warning: No data found for BKR
  ✗ S1: Insufficient data for BKR
    YFinance output for BHI: 1 Failed download:
['SE']: YFPricesMissingError('possibly delisted; no price data found  (1d 2017-02-23 00:00:00 -> 2017-03-16) (Yahoo error = "Data doesn\'t exist for startDate = 1487826000, endDate = 1489636800")')

1 Failed download:
['SE']: YFPricesMissingError('possibly delisted; no price data found  (1d 2017-02-23 00:00:00 -> 2017-03-16) (Yahoo error = "Data doesn\'t exist for startDate = 1487826000, endDate = 1489636800")')
  ✓ S2: Long BKR (-2.00%), Short BHI (-0.32%)
      Combined: -1.16%, Portfolio: $916,995

59/223: 2017-07-19: Added=MGM, Removed=RAI
  Holding Period End Date: 2017-08-11
  ✓ S1: MGM 2.57%, Portfolio: $1,590,643
    YFinance output for RAI: 2 Failed downloads:
['LM', 'DO']: YFTzMissingError('possibly delisted; no timezone found')
  ✗ S2: Error processing MGM/RAI: cannot convert the series to <class 'float'>

60/223: 2017-07-19: Added=RMD, Removed=MNK
  Holding Period End Date: 2017-08-11
  ✓ S1: RMD 2.28%, Portfolio: $1,626,869
  ✗ S2: Error processing RMD/MNK: cannot convert the series to <class 'float'>

61/223: 2017-07-19: Added=PKG, Removed=MUR
  Holding Period End Date: 2017-08-11
  ✓ S1: PKG 3.23%, Portfolio: $1,679,438
    YFinance output for MUR: 1 Failed download:
['RE']: YFTzMissingError('possibly delisted; no timezone found')
    Warning: No data found for MUR
  ✗ S2: Insufficient data for PKG/MUR

62/223: 2017-07-19: Added=AOS, Removed=BBBY
  Holding Period End Date: 2017-08-11
  ✗ S1: Error processing AOS: cannot convert the series to <class 'float'>
    YFinance output for AOS: 1 Failed download:
['LM']: YFTzMissingError('possibly delisted; no timezone found')

1 Failed download:
['LM']: YFTzMissingError('possibly delisted; no timezone found')

1 Failed download:
['LM']: YFTzMissingError('possibly delisted; no timezone found')
    Warning: No data found for AOS
    YFinance output for BBBY: 1 Failed download:
['SE']: YFPricesMissingError('possibly delisted; no price data found  (1d 2017-02-23 00:00:00 -> 2017-03-17) (Yahoo error = "Data doesn\'t exist for startDate = 1487826000, endDate = 1489723200")')

1 Failed download:
['SE']: YFPricesMissingError('possibly delisted; no price data found  (1d 2017-02-23 00:00:00 -> 2017-03-17) (Yahoo error = "Data doesn\'t exist for startDate = 1487826000, endDate = 1489723200")')

1 Failed download:
['SE']: YFPricesMissingError('possibly delisted; no price data found  (1d 2017-02-23 00:00:00 -> 2017-03-17) (Yahoo error = "Data doesn\'t exist for startDate = 1487826000, endDate = 1489723200")')
    Warning: No data found for BBBY
  ✗ S2: Insufficient data for AOS/BBBY

63/223: 2017-07-19: Added=DRE, Removed=RIG
  Holding Period End Date: 2017-08-11
    Warning: No data found for DRE
  ✗ S1: Insufficient data for DRE
  ✓ S2: Long DRE (1.69%), Short RIG (-1.66%)
      Combined: 0.01%, Portfolio: $917,124

64/223: 2017-07-31: Added=BHF, Removed=AN
  Holding Period End Date: 2017-08-23
  ✓ S1: BHF 1.71%, Portfolio: $1,708,142
    Warning: No data found for AN
  ✗ S2: Insufficient data for BHF/AN

65/223: 2017-08-24: Added=Q, Removed=WFM
  Holding Period End Date: 2017-09-19
    Warning: No data found for Q
  ✗ S1: Insufficient data for Q
    Warning: No data found for Q
  ✗ S2: Insufficient data for Q/WFM

66/223: 2017-08-24: Added=SBAC, Removed=DD
  Holding Period End Date: 2017-09-19
    YFinance output for SBAC: 1 Failed download:
['DISH']: YFTzMissingError('possibly delisted; no timezone found')
    Warning: No data found for SBAC
  ✗ S1: Insufficient data for SBAC
    YFinance output for SBAC: 1 Failed download:
['FTR']: YFTzMissingError('possibly delisted; no timezone found')
  ✓ S2: Long SBAC (1.01%), Short DD (4.01%)
      Combined: 2.51%, Portfolio: $940,130

67/223: 2017-08-24: Added=DWDP, Removed=DOW
  Holding Period End Date: 2017-09-19
  ✓ S1: DWDP -2.82%, Portfolio: $1,659,959
    Warning: No data found for DWDP
  ✗ S2: Insufficient data for DWDP/DOW

68/223: 2017-08-24: Added=CDNS, Removed=SPLS
  Holding Period End Date: 2017-09-19
  ✓ S1: CDNS 0.06%, Portfolio: $1,660,880
    Warning: No data found for CDNS
  ✗ S2: Insufficient data for CDNS/SPLS

69/223: 2017-10-04: Added=NCLH, Removed=LVLT
  Holding Period End Date: 2017-10-27
  ✓ S1: NCLH 9.15%, Portfolio: $1,812,852
  ✓ S2: Long NCLH (3.20%), Short LVLT (5.28%)
      Combined: 4.24%, Portfolio: $979,978

70/223: 2017-12-28: Added=HII, Removed=BCR
  Holding Period End Date: 2018-01-24
  ✓ S1: HII -5.02%, Portfolio: $1,721,904
    Warning: No data found for HII
  ✗ S2: Insufficient data for HII/BCR

71/223: 2018-03-02: Added=IPGP, Removed=SNI
  Holding Period End Date: 2018-03-27
    YFinance output for IPGP: 1 Failed download:
['DNB']: YFPricesMissingError('possibly delisted; no price data found  (1d 2017-03-29 00:00:00 -> 2017-04-20) (Yahoo error = "Data doesn\'t exist for startDate = 1490760000, endDate = 1492660800")')

1 Failed download:
['DNB']: YFPricesMissingError('possibly delisted; no price data found  (1d 2017-03-29 00:00:00 -> 2017-04-20) (Yahoo error = "Data doesn\'t exist for startDate = 1490760000, endDate = 1492660800")')

1 Failed download:
['DNB']: YFPricesMissingError('possibly delisted; no price data found  (1d 2017-03-29 00:00:00 -> 2017-04-20) (Yahoo error = "Data doesn\'t exist for startDate = 1490760000, endDate = 1492660800")')
    Warning: No data found for IPGP
  ✗ S1: Insufficient data for IPGP
  ✓ S2: Long IPGP (-1.90%), Short SNI (3.68%)
      Combined: 0.89%, Portfolio: $988,682

72/223: 2018-03-09: Added=TTWO, Removed=SIG
  Holding Period End Date: 2018-04-04
    Warning: No data found for TTWO
  ✗ S1: Insufficient data for TTWO
    YFinance output for TTWO: 1 Failed download:
['DRE']: YFTzMissingError('possibly delisted; no timezone found')
    Warning: No data found for TTWO
    Warning: No data found for SIG
  ✗ S2: Insufficient data for TTWO/SIG

73/223: 2018-03-09: Added=NKTR, Removed=CHK
  Holding Period End Date: 2018-04-04
  ✓ S1: NKTR -3.28%, Portfolio: $1,665,346
  ✗ S2: Error processing NKTR/CHK: cannot convert the series to <class 'float'>

74/223: 2018-03-09: Added=SIVB, Removed=PDCO
  Holding Period End Date: 2018-04-04
  ✓ S1: SIVB 9.80%, Portfolio: $1,828,471
  ✓ S2: Long SIVB (-0.15%), Short PDCO (-4.99%)
      Combined: -2.57%, Portfolio: $963,268

75/223: 2018-03-28: Added=MSCI, Removed=CSRA
  Holding Period End Date: 2018-04-23
  ✓ S1: MSCI 8.95%, Portfolio: $1,992,073
  ✓ S2: Long MSCI (8.95%), Short CSRA (0.15%)
      Combined: 4.55%, Portfolio: $1,007,108

76/223: 2018-05-25: Added=ABMD, Removed=WYN
  Holding Period End Date: 2018-06-20
    YFinance output for ABMD: 1 Failed download:
['Q']: YFPricesMissingError('possibly delisted; no price data found  (1d 2017-08-24 00:00:00 -> 2017-09-14)')
    Warning: No data found for ABMD
  ✗ S1: Insufficient data for ABMD
    YFinance output for ABMD: 1 Failed download:
['WFM']: YFPricesMissingError('possibly delisted; no price data found  (1d 2017-08-24 00:00:00 -> 2017-09-14)')
    Warning: No data found for WYN
  ✗ S2: Insufficient data for ABMD/WYN

77/223: 2018-05-31: Added=EVRG, Removed=NAVI
  Holding Period End Date: 2018-06-25
  ✓ S1: EVRG -3.86%, Portfolio: $1,915,158
    Warning: No data found for EVRG
    Warning: No data found for NAVI
  ✗ S2: Insufficient data for EVRG/NAVI

78/223: 2018-06-04: Added=TWTR, Removed=MON
  Holding Period End Date: 2018-06-27
  ✓ S1: TWTR 9.29%, Portfolio: $2,093,170
  ✓ S2: Long TWTR (-9.35%), Short MON (-3.54%)
      Combined: -6.44%, Portfolio: $942,233

79/223: 2018-06-08: Added=HFC, Removed=AYI
  Holding Period End Date: 2018-07-03
    YFinance output for HFC: 1 Failed download:
['INFO']: YFPricesMissingError('possibly delisted; no price data found  (1d 2017-05-24 00:00:00 -> 2017-06-16) (Yahoo error = "Data doesn\'t exist for startDate = 1495598400, endDate = 1497585600")')
    Warning: No data found for HFC
  ✗ S1: Insufficient data for HFC
    Warning: No data found for AYI
  ✗ S2: Insufficient data for HFC/AYI

80/223: 2018-06-08: Added=BR, Removed=RRC
  Holding Period End Date: 2018-07-03
  ✗ S1: Error processing BR: cannot convert the series to <class 'float'>
    Warning: No data found for BR
  ✗ S2: Insufficient data for BR/RRC

81/223: 2018-06-15: Added=FLT, Removed=TWX
  Holding Period End Date: 2018-07-11
  ✓ S1: FLT -4.04%, Portfolio: $2,008,666
    Warning: No data found for FLT
    Warning: No data found for TWX
  ✗ S2: Insufficient data for FLT/TWX

82/223: 2018-06-25: Added=CPRT, Removed=DPS
  Holding Period End Date: 2018-07-19
  ✓ S1: CPRT 5.59%, Portfolio: $2,120,858
    YFinance output for CPRT: 2 Failed downloads:
['LVLT']: YFPricesMissingError('possibly delisted; no price data found  (1d 2017-10-04 00:00:00 -> 2017-10-24)')
['YHOO']: YFTzMissingError('possibly delisted; no timezone found')

2 Failed downloads:
['LVLT']: YFPricesMissingError('possibly delisted; no price data found  (1d 2017-10-04 00:00:00 -> 2017-10-24)')
['YHOO']: YFTzMissingError('possibly delisted; no timezone found')
    Warning: No data found for CPRT
  ✗ S2: Insufficient data for CPRT/DPS

83/223: 2018-08-23: Added=ANET, Removed=GGP
  Holding Period End Date: 2018-09-18
  ✓ S1: ANET 11.80%, Portfolio: $2,371,057
    YFinance output for ANET: 1 Failed download:
['RE']: YFTzMissingError('possibly delisted; no timezone found')

1 Failed download:
['RE']: YFTzMissingError('possibly delisted; no timezone found')

1 Failed download:
['RE']: YFTzMissingError('possibly delisted; no timezone found')
  ✓ S2: Long ANET (-1.07%), Short GGP (4.69%)
      Combined: 1.81%, Portfolio: $959,266

84/223: 2018-09-11: Added=WCG, Removed=XL
  Holding Period End Date: 2018-10-04
  ✓ S1: WCG -4.69%, Portfolio: $2,259,885
    YFinance output for WCG: 1 Failed download:
['BCR']: YFPricesMissingError('possibly delisted; no price data found  (1d 2017-12-28 00:00:00 -> 2018-01-19)')
    Warning: No data found for WCG
  ✗ S2: Insufficient data for WCG/XL

85/223: 2018-09-25: Added=ROL, Removed=ANDV
  Holding Period End Date: 2018-10-18
  ✓ S1: ROL -4.69%, Portfolio: $2,153,926
    YFinance output for ROL: 1 Failed download:
['MJN']: YFPricesMissingError('possibly delisted; no price data found  (1d 2017-06-12 00:00:00 -> 2017-07-05)')

1 Failed download:
['MJN']: YFPricesMissingError('possibly delisted; no price data found  (1d 2017-06-12 00:00:00 -> 2017-07-05)')
    Warning: No data found for ROL
  ✗ S2: Insufficient data for ROL/ANDV

86/223: 2018-10-04: Added=FTNT, Removed=EVHC
  Holding Period End Date: 2018-10-29
    YFinance output for FTNT: 1 Failed download:
['MNK']: YFTzMissingError('possibly delisted; no timezone found')

1 Failed download:
['MNK']: YFTzMissingError('possibly delisted; no timezone found')
  ✗ S1: Error processing FTNT: cannot convert the series to <class 'float'>
    Warning: No data found for FTNT
  ✗ S2: Insufficient data for FTNT/EVHC

87/223: 2018-10-30: Added=KEYS, Removed=CA
  Holding Period End Date: 2018-11-23
  ✓ S1: KEYS -2.37%, Portfolio: $2,102,898
    YFinance output for KEYS: 1 Failed download:
['RE']: YFTzMissingError('possibly delisted; no timezone found')

1 Failed download:
['RE']: YFTzMissingError('possibly delisted; no timezone found')
  ✗ S2: Error processing KEYS/CA: cannot convert the series to <class 'float'>

88/223: 2018-11-07: Added=JKHY, Removed=EQT
  Holding Period End Date: 2018-12-03
  ✓ S1: JKHY -21.82%, Portfolio: $1,644,045
    Warning: No data found for EQT
  ✗ S2: Insufficient data for JKHY/EQT

89/223: 2018-11-26: Added=FANG, Removed=SRCL
  Holding Period End Date: 2018-12-20
  ✗ S1: Error processing FANG: cannot convert the series to <class 'float'>
    YFinance output for FANG: 1 Failed download:
['SIVB']: YFTzMissingError('possibly delisted; no timezone found')

1 Failed download:
['SIVB']: YFTzMissingError('possibly delisted; no timezone found')
    Warning: No data found for FANG
  ✗ S2: Insufficient data for FANG/SRCL

90/223: 2018-11-26: Added=MXIM, Removed=AET
  Holding Period End Date: 2018-12-20
  ✓ S1: MXIM -2.77%, Portfolio: $1,598,506
    YFinance output for MXIM: 1 Failed download:
['WYN']: YFPricesMissingError('possibly delisted; no price data found  (1d 2018-05-25 00:00:00 -> 2018-06-15)')

1 Failed download:
['WYN']: YFPricesMissingError('possibly delisted; no price data found  (1d 2018-05-25 00:00:00 -> 2018-06-15)')
    Warning: No data found for MXIM
  ✗ S2: Insufficient data for MXIM/AET

91/223: 2018-11-26: Added=LW, Removed=COL
  Holding Period End Date: 2018-12-20
  ✓ S1: LW -5.92%, Portfolio: $1,503,838
    Warning: No data found for LW
  ✗ S2: Insufficient data for LW/COL

92/223: 2018-12-27: Added=CE, Removed=ESRX
  Holding Period End Date: 2019-01-23
  ✓ S1: CE -6.97%, Portfolio: $1,399,036
    YFinance output for CE: 1 Failed download:
['WFM']: YFPricesMissingError('possibly delisted; no price data found  (1d 2017-08-24 00:00:00 -> 2017-09-15)')

1 Failed download:
['WFM']: YFPricesMissingError('possibly delisted; no price data found  (1d 2017-08-24 00:00:00 -> 2017-09-15)')
    Warning: No data found for CE
  ✗ S2: Insufficient data for CE/ESRX

93/223: 2018-12-27: Added=FRC, Removed=SCG
  Holding Period End Date: 2019-01-23
  ✗ S1: Error processing FRC: cannot convert the series to <class 'float'>
    Warning: No data found for FRC
    Warning: No data found for SCG
  ✗ S2: Insufficient data for FRC/SCG

94/223: 2019-01-15: Added=TFX, Removed=PCG
  Holding Period End Date: 2019-02-08
    Warning: No data found for TFX
  ✗ S1: Insufficient data for TFX
    YFinance output for TFX: 1 Failed download:
['Q']: YFPricesMissingError('possibly delisted; no price data found  (1d 2017-08-24 00:00:00 -> 2017-09-18)')

1 Failed download:
['Q']: YFPricesMissingError('possibly delisted; no price data found  (1d 2017-08-24 00:00:00 -> 2017-09-18)')
    YFinance output for PCG: 1 Failed download:
['Q']: YFPricesMissingError('possibly delisted; no price data found  (1d 2017-08-24 00:00:00 -> 2017-09-18)')
    Warning: No data found for PCG
  ✗ S2: Insufficient data for TFX/PCG

95/223: 2019-02-08: Added=ATO, Removed=NFX
  Holding Period End Date: 2019-03-06
    YFinance output for ATO: 1 Failed download:
['DOW']: YFPricesMissingError('possibly delisted; no price data found  (1d 2017-08-24 00:00:00 -> 2017-09-15) (Yahoo error = "Data doesn\'t exist for startDate = 1503547200, endDate = 1505448000")')
    Warning: No data found for ATO
  ✗ S1: Insufficient data for ATO
    Warning: No data found for ATO
  ✗ S2: Insufficient data for ATO/NFX

96/223: 2019-02-21: Added=WAB, Removed=GT
  Holding Period End Date: 2019-03-18
    YFinance output for WAB: 2 Failed downloads:
['WFM']: YFPricesMissingError('possibly delisted; no price data found  (1d 2017-08-24 00:00:00 -> 2017-09-18)')
['SPLS']: YFPricesMissingError('possibly delisted; no price data found  (1d 2017-08-24 00:00:00 -> 2017-09-15)')

2 Failed downloads:
['WFM']: YFPricesMissingError('possibly delisted; no price data found  (1d 2017-08-24 00:00:00 -> 2017-09-18)')
['SPLS']: YFPricesMissingError('possibly delisted; no price data found  (1d 2017-08-24 00:00:00 -> 2017-09-15)')

2 Failed downloads:
['WFM']: YFPricesMissingError('possibly delisted; no price data found  (1d 2017-08-24 00:00:00 -> 2017-09-18)')
['SPLS']: YFPricesMissingError('possibly delisted; no price data found  (1d 2017-08-24 00:00:00 -> 2017-09-15)')
    Warning: No data found for WAB
  ✗ S1: Insufficient data for WAB
  ✓ S2: Long WAB (-4.88%), Short GT (2.41%)
      Combined: -1.23%, Portfolio: $947,422

97/223: 2019-03-14: Added=FOXA, Removed=FOXA
  Holding Period End Date: 2019-04-08
  ✗ S1: Error processing FOXA: cannot convert the series to <class 'float'>
    YFinance output for FOXA: 1 Failed download:
['LVLT']: YFPricesMissingError('possibly delisted; no price data found  (1d 2017-10-04 00:00:00 -> 2017-10-25)')

1 Failed download:
['LVLT']: YFPricesMissingError('possibly delisted; no price data found  (1d 2017-10-04 00:00:00 -> 2017-10-25)')
  ✗ S2: Error processing FOXA/FOXA: cannot convert the series to <class 'float'>

98/223: 2019-03-14: Added=FOX, Removed=FOX
  Holding Period End Date: 2019-04-08
    YFinance output for FOX: 1 Failed download:
['FLT']: YFTzMissingError('possibly delisted; no timezone found')

1 Failed download:
['FLT']: YFTzMissingError('possibly delisted; no timezone found')
    Warning: No data found for FOX
  ✗ S1: Insufficient data for FOX
  ✓ S2: Long FOX (-13.32%), Short FOX (-0.87%)
      Combined: -7.09%, Portfolio: $880,232

99/223: 2019-03-26: Added=DOW, Removed=BHF
  Holding Period End Date: 2019-04-18
  ✗ S1: Error processing DOW: cannot convert the series to <class 'float'>
    Warning: No data found for DOW
    Warning: No data found for BHF
  ✗ S2: Insufficient data for DOW/BHF

100/223: 2019-05-28: Added=CTVA, Removed=FLR
  Holding Period End Date: 2019-06-20
    YFinance output for CTVA: 1 Failed download:
['DPS']: YFPricesMissingError('possibly delisted; no price data found  (1d 2018-06-25 00:00:00 -> 2018-07-16)')

1 Failed download:
['DPS']: YFPricesMissingError('possibly delisted; no price data found  (1d 2018-06-25 00:00:00 -> 2018-07-16)')

1 Failed download:
['DPS']: YFPricesMissingError('possibly delisted; no price data found  (1d 2018-06-25 00:00:00 -> 2018-07-16)')
  ✗ S1: Error processing CTVA: cannot convert the series to <class 'float'>
    Warning: No data found for FLR
  ✗ S2: Insufficient data for CTVA/FLR

101/223: 2019-05-28: Added=DD, Removed=DWDP
  Holding Period End Date: 2019-06-20
    YFinance output for DD: 1 Failed download:
['DOW']: YFPricesMissingError('possibly delisted; no price data found  (1d 2017-08-24 00:00:00 -> 2017-09-18) (Yahoo error = "Data doesn\'t exist for startDate = 1503547200, endDate = 1505707200")')
  ✗ S1: Error processing DD: cannot convert the series to <class 'float'>
  ✗ S2: Error processing DD/DWDP: cannot convert the series to <class 'float'>

102/223: 2019-06-03: Added=BMS, Removed=MAT
  Holding Period End Date: 2019-06-26
    Warning: No data found for BMS
  ✗ S1: Insufficient data for BMS
    Warning: No data found for MAT
  ✗ S2: Insufficient data for BMS/MAT

103/223: 2019-06-03: Added=AMCR, Removed=BMS
  Holding Period End Date: 2019-06-26
    Warning: No data found for AMCR
  ✗ S1: Insufficient data for AMCR
  ✓ S2: Long AMCR (-10.13%), Short BMS (2.47%)
      Combined: -3.83%, Portfolio: $846,510

104/223: 2019-06-24: Added=MKTX, Removed=LLL
  Holding Period End Date: 2019-07-18
    Warning: No data found for MKTX
  ✗ S1: Insufficient data for MKTX
    YFinance output for MKTX: 1 Failed download:
['SPLS']: YFPricesMissingError('possibly delisted; no price data found  (1d 2017-08-24 00:00:00 -> 2017-09-19)')

1 Failed download:
['SPLS']: YFPricesMissingError('possibly delisted; no price data found  (1d 2017-08-24 00:00:00 -> 2017-09-19)')
    Warning: No data found for MKTX
  ✗ S2: Insufficient data for MKTX/LLL

105/223: 2019-07-09: Added=TMUS, Removed=RHT
  Holding Period End Date: 2019-08-01
  ✗ S1: Error processing TMUS: cannot convert the series to <class 'float'>
    Warning: No data found for TMUS
  ✗ S2: Insufficient data for TMUS/RHT

106/223: 2019-08-01: Added=IEX, Removed=FL
  Holding Period End Date: 2019-08-26
    Warning: No data found for IEX
  ✗ S1: Insufficient data for IEX
    Warning: No data found for IEX
  ✗ S2: Insufficient data for IEX/FL

107/223: 2019-08-01: Added=LDOS, Removed=APC
  Holding Period End Date: 2019-08-26
    YFinance output for LDOS: 1 Failed download:
['SNI']: YFPricesMissingError('possibly delisted; no price data found  (1d 2018-03-02 00:00:00 -> 2018-03-27)')

1 Failed download:
['SNI']: YFPricesMissingError('possibly delisted; no price data found  (1d 2018-03-02 00:00:00 -> 2018-03-27)')
    Warning: No data found for LDOS
  ✗ S1: Insufficient data for LDOS
    Warning: No data found for LDOS
    Warning: No data found for APC
  ✗ S2: Insufficient data for LDOS/APC

108/223: 2019-09-17: Added=CDW, Removed=TSS
  Holding Period End Date: 2019-10-10
  ✗ S1: Error processing CDW: cannot convert the series to <class 'float'>
    Warning: No data found for CDW
    YFinance output for TSS: 1 Failed download:
['MXIM']: YFTzMissingError('possibly delisted; no timezone found')

2 Failed downloads:
['MXIM', 'SRCL']: YFTzMissingError('possibly delisted; no timezone found')

2 Failed downloads:
['MXIM', 'SRCL']: YFTzMissingError('possibly delisted; no timezone found')
    Warning: No data found for TSS
  ✗ S2: Insufficient data for CDW/TSS

109/223: 2019-09-20: Added=NVR, Removed=JEF
  Holding Period End Date: 2019-10-15
  ✓ S1: NVR -0.37%, Portfolio: $1,393,925
    YFinance output for NVR: 2 Failed downloads:
['SIVB', 'ABMD']: YFTzMissingError('possibly delisted; no timezone found')

2 Failed downloads:
['SIVB', 'ABMD']: YFTzMissingError('possibly delisted; no timezone found')

2 Failed downloads:
['SIVB', 'ABMD']: YFTzMissingError('possibly delisted; no timezone found')
    Warning: No data found for NVR
    Warning: No data found for JEF
  ✗ S2: Insufficient data for NVR/JEF

110/223: 2019-09-20: Added=LVS, Removed=NKTR
  Holding Period End Date: 2019-10-15
  ✓ S1: LVS -11.11%, Portfolio: $1,239,044
  ✗ S2: Error processing LVS/NKTR: cannot convert the series to <class 'float'>

111/223: 2019-11-18: Added=NOW, Removed=CELG
  Holding Period End Date: 2019-12-12
  ✓ S1: NOW -3.21%, Portfolio: $1,199,211
    Warning: No data found for CELG
  ✗ S2: Insufficient data for NOW/CELG

112/223: 2019-11-27: Added=WRB, Removed=VIAB
  Holding Period End Date: 2019-12-23
    YFinance output for WRB: 1 Failed download:
['FLT']: YFTzMissingError('possibly delisted; no timezone found')

1 Failed download:
['FLT']: YFTzMissingError('possibly delisted; no timezone found')
    Warning: No data found for WRB
  ✗ S1: Insufficient data for WRB
    Warning: No data found for WRB
    YFinance output for VIAB: 1 Failed download:
['FRC']: YFTzMissingError('possibly delisted; no timezone found')
    Warning: No data found for VIAB
  ✗ S2: Insufficient data for WRB/VIAB

113/223: 2019-12-02: Added=ODFL, Removed=STI
  Holding Period End Date: 2019-12-26
    Warning: No data found for ODFL
  ✗ S1: Insufficient data for ODFL
    Warning: No data found for ODFL
  ✗ S2: Insufficient data for ODFL/STI

114/223: 2019-12-13: Added=ZBRA, Removed=TRIP
  Holding Period End Date: 2020-01-09
  ✓ S1: ZBRA 1.44%, Portfolio: $1,216,425
    YFinance output for ZBRA: 1 Failed download:
['TWTR']: YFTzMissingError('possibly delisted; no timezone found')

1 Failed download:
['TWTR']: YFTzMissingError('possibly delisted; no timezone found')
  ✗ S2: Error processing ZBRA/TRIP: cannot convert the series to <class 'float'>

115/223: 2019-12-13: Added=LYV, Removed=AMG
  Holding Period End Date: 2020-01-09
    YFinance output for LYV: 1 Failed download:
['GGP']: YFPricesMissingError('possibly delisted; no price data found  (1d 2018-08-23 00:00:00 -> 2018-09-14)')
    Warning: No data found for LYV
  ✗ S1: Insufficient data for LYV
    YFinance output for LYV: 1 Failed download:
['MON']: YFTzMissingError('possibly delisted; no timezone found')
    Warning: No data found for LYV
  ✗ S2: Insufficient data for LYV/AMG

116/223: 2019-12-13: Added=STE, Removed=MAC
  Holding Period End Date: 2020-01-09
  ✓ S1: STE -4.90%, Portfolio: $1,156,822
    Warning: No data found for STE
    Warning: No data found for MAC
  ✗ S2: Insufficient data for STE/MAC

117/223: 2020-01-22: Added=PAYC, Removed=WCG
  Holding Period End Date: 2020-02-14
  ✗ S1: Error processing PAYC: cannot convert the series to <class 'float'>
  ✓ S2: Long PAYC (-6.94%), Short WCG (12.05%)
      Combined: 2.55%, Portfolio: $868,127

118/223: 2020-02-27: Added=IR, Removed=XEC
  Holding Period End Date: 2020-03-23
  ✓ S1: IR -2.41%, Portfolio: $1,128,947
    YFinance output for XEC: 1 Failed download:
['FLT']: YFTzMissingError('possibly delisted; no timezone found')

1 Failed download:
['FLT']: YFTzMissingError('possibly delisted; no timezone found')
  ✗ S2: Error processing IR/XEC: cannot convert the series to <class 'float'>

119/223: 2020-03-31: Added=nan, Removed=M
  Holding Period End Date: 2020-04-24

120/223: 2020-03-31: Added=nan, Removed=RTN
  Holding Period End Date: 2020-04-24

121/223: 2020-03-31: Added=CARR, Removed=nan
  Holding Period End Date: 2020-04-24
  ✓ S1: CARR -11.41%, Portfolio: $1,000,109

122/223: 2020-03-31: Added=OTIS, Removed=nan
  Holding Period End Date: 2020-04-24
  ✗ S1: Error processing OTIS: cannot convert the series to <class 'float'>

123/223: 2020-05-05: Added=HWM, Removed=ARNC
  Holding Period End Date: 2020-05-29
  ✓ S1: HWM -10.66%, Portfolio: $893,491
    Warning: No data found for ARNC
  ✗ S2: Insufficient data for HWM/ARNC

124/223: 2020-05-06: Added=DXCM, Removed=AGN
  Holding Period End Date: 2020-06-01
  ✓ S1: DXCM -4.02%, Portfolio: $857,575
    Warning: No data found for AGN
  ✗ S2: Insufficient data for DXCM/AGN

125/223: 2020-05-06: Added=DPZ, Removed=CPRI
  Holding Period End Date: 2020-06-01
    YFinance output for DPZ: 1 Failed download:
['WCG']: YFTzMissingError('possibly delisted; no timezone found')

1 Failed download:
['WCG']: YFTzMissingError('possibly delisted; no timezone found')
    Warning: No data found for DPZ
  ✗ S1: Insufficient data for DPZ
    Warning: No data found for DPZ
  ✗ S2: Insufficient data for DPZ/CPRI

126/223: 2020-05-18: Added=WST, Removed=HP
  Holding Period End Date: 2020-06-11
  ✓ S1: WST -13.60%, Portfolio: $740,982
  ✓ S2: Long WST (-7.89%), Short HP (8.57%)
      Combined: 0.34%, Portfolio: $871,061

127/223: 2020-06-12: Added=BIO, Removed=ADS
  Holding Period End Date: 2020-07-08
    Warning: No data found for BIO
  ✗ S1: Insufficient data for BIO
    YFinance output for BIO: 1 Failed download:
['MXIM']: YFTzMissingError('possibly delisted; no timezone found')

1 Failed download:
['MXIM']: YFTzMissingError('possibly delisted; no timezone found')
    Warning: No data found for BIO
  ✗ S2: Insufficient data for BIO/ADS

128/223: 2020-06-12: Added=TDY, Removed=HOG
  Holding Period End Date: 2020-07-08
    Warning: No data found for TDY
  ✗ S1: Insufficient data for TDY
  ✓ S2: Long TDY (-12.43%), Short HOG (0.70%)
      Combined: -5.87%, Portfolio: $819,961

129/223: 2020-06-12: Added=TYL, Removed=JWN
  Holding Period End Date: 2020-07-08
  ✓ S1: TYL 7.30%, Portfolio: $795,055
    YFinance output for JWN: 1 Failed download:
['ESRX']: YFPricesMissingError('possibly delisted; no price data found  (1d 2018-12-27 00:00:00 -> 2019-01-18)')
    Warning: No data found for JWN
  ✗ S2: Insufficient data for TYL/JWN

130/223: 2020-09-04: Added=CTLT, Removed=KSS
  Holding Period End Date: 2020-09-30
  ✓ S1: CTLT -0.69%, Portfolio: $789,538
    Warning: No data found for KSS
  ✗ S2: Insufficient data for CTLT/KSS

131/223: 2020-09-04: Added=ETSY, Removed=HRB
  Holding Period End Date: 2020-09-30
  ✓ S1: ETSY 0.35%, Portfolio: $792,302
    Warning: No data found for ETSY
  ✗ S2: Insufficient data for ETSY/HRB

132/223: 2020-09-04: Added=TER, Removed=COTY
  Holding Period End Date: 2020-09-30
    YFinance output for TER: 1 Failed download:
['MXIM']: YFTzMissingError('possibly delisted; no timezone found')

1 Failed download:
['MXIM']: YFTzMissingError('possibly delisted; no timezone found')

1 Failed download:
['MXIM']: YFTzMissingError('possibly delisted; no timezone found')
    Warning: No data found for TER
  ✗ S1: Insufficient data for TER
    Warning: No data found for TER
  ✗ S2: Insufficient data for TER/COTY

133/223: 2020-10-01: Added=POOL, Removed=ETFC
  Holding Period End Date: 2020-10-26
  ✓ S1: POOL -8.58%, Portfolio: $724,284
  ✓ S2: Long POOL (1.49%), Short ETFC (-4.51%)
      Combined: -1.51%, Portfolio: $807,563

134/223: 2020-10-05: Added=VNT, Removed=nan
  Holding Period End Date: 2020-10-28
  ✓ S1: VNT -17.12%, Portfolio: $600,313

135/223: 2020-10-05: Added=nan, Removed=NBL
  Holding Period End Date: 2020-10-28

136/223: 2020-12-11: Added=TSLA, Removed=AIV
  Holding Period End Date: 2021-01-07
    YFinance output for TSLA: 1 Failed download:
['MXIM']: YFTzMissingError('possibly delisted; no timezone found')

1 Failed download:
['MXIM']: YFTzMissingError('possibly delisted; no timezone found')
    Warning: No data found for TSLA
  ✗ S1: Insufficient data for TSLA
  ✓ S2: Long TSLA (9.14%), Short AIV (-1.22%)
      Combined: 3.96%, Portfolio: $839,527

137/223: 2020-12-30: Added=ENPH, Removed=TIF
  Holding Period End Date: 2021-01-26
  ✓ S1: ENPH -7.25%, Portfolio: $556,784
  ✓ S2: Long ENPH (-11.24%), Short TIF (12.67%)
      Combined: 0.71%, Portfolio: $845,505

138/223: 2021-01-15: Added=TRMB, Removed=CXO
  Holding Period End Date: 2021-02-10
    Warning: No data found for TRMB
  ✗ S1: Insufficient data for TRMB
  ✗ S2: Error processing TRMB/CXO: cannot convert the series to <class 'float'>

139/223: 2021-02-08: Added=MPWR, Removed=FTI
  Holding Period End Date: 2021-03-04
  ✓ S1: MPWR -6.69%, Portfolio: $519,513
  ✗ S2: Error processing MPWR/FTI: cannot convert the series to <class 'float'>

140/223: 2021-03-12: Added=CZR, Removed=VNT
  Holding Period End Date: 2021-04-07
  ✓ S1: CZR -11.16%, Portfolio: $461,529
    YFinance output for CZR: 1 Failed download:
['FRC']: YFTzMissingError('possibly delisted; no timezone found')

1 Failed download:
['FRC']: YFTzMissingError('possibly delisted; no timezone found')

1 Failed download:
['FRC']: YFTzMissingError('possibly delisted; no timezone found')
    Warning: No data found for CZR
  ✗ S2: Insufficient data for CZR/VNT

141/223: 2021-03-12: Added=PENN, Removed=SLG
  Holding Period End Date: 2021-04-07
  ✓ S1: PENN 0.54%, Portfolio: $464,027
  ✓ S2: Long PENN (11.89%), Short SLG (10.85%)
      Combined: 11.37%, Portfolio: $941,638

142/223: 2021-03-12: Added=NXPI, Removed=FLS
  Holding Period End Date: 2021-04-07
  ✓ S1: NXPI -1.79%, Portfolio: $455,702
  ✓ S2: Long NXPI (5.77%), Short FLS (3.99%)
      Combined: 4.88%, Portfolio: $987,583

143/223: 2021-03-12: Added=GNRC, Removed=XRX
  Holding Period End Date: 2021-04-07
  ✓ S1: GNRC 103.47%, Portfolio: $927,232
  ✓ S2: Long GNRC (1.97%), Short XRX (10.58%)
      Combined: 6.28%, Portfolio: $1,049,560

144/223: 2021-04-15: Added=PTC, Removed=VAR
  Holding Period End Date: 2021-05-10
  ✗ S1: Error processing PTC: cannot convert the series to <class 'float'>
  ✓ S2: Long PTC (-41.98%), Short VAR (-12.88%)
      Combined: -27.43%, Portfolio: $761,654

145/223: 2021-05-10: Added=CRL, Removed=FLIR
  Holding Period End Date: 2021-06-03
  ✓ S1: CRL 1.97%, Portfolio: $945,489
    Warning: No data found for CRL
  ✗ S2: Insufficient data for CRL/FLIR

146/223: 2021-05-27: Added=OGN, Removed=nan
  Holding Period End Date: 2021-06-22
    Warning: No data found for OGN
  ✗ S1: Insufficient data for OGN

147/223: 2021-05-27: Added=nan, Removed=HFC
  Holding Period End Date: 2021-06-22

148/223: 2021-07-15: Added=MRNA, Removed=ALXN
  Holding Period End Date: 2021-08-09
  ✓ S1: MRNA -7.31%, Portfolio: $876,409
  ✓ S2: Long MRNA (-0.69%), Short ALXN (-12.27%)
      Combined: -6.48%, Portfolio: $712,274

149/223: 2021-08-24: Added=TECH, Removed=MXIM
  Holding Period End Date: 2021-09-17
  ✓ S1: TECH -7.46%, Portfolio: $811,052
    Warning: No data found for TECH
  ✗ S2: Insufficient data for TECH/MXIM

150/223: 2021-09-03: Added=BRO, Removed=NOV
  Holding Period End Date: 2021-09-29
  ✗ S1: Error processing BRO: cannot convert the series to <class 'float'>
    Warning: No data found for NOV
  ✗ S2: Insufficient data for BRO/NOV

151/223: 2021-09-03: Added=CDAY, Removed=UNM
  Holding Period End Date: 2021-09-29
  ✓ S1: CDAY -5.61%, Portfolio: $765,516
    Warning: No data found for CDAY
  ✗ S2: Insufficient data for CDAY/UNM

152/223: 2021-09-03: Added=MTCH, Removed=PRGO
  Holding Period End Date: 2021-09-29
  ✓ S1: MTCH 8.96%, Portfolio: $834,125
  ✓ S2: Long MTCH (-0.09%), Short PRGO (-2.49%)
      Combined: -1.29%, Portfolio: $703,086

153/223: 2021-12-03: Added=FDS, Removed=WU
  Holding Period End Date: 2021-12-29
    YFinance output for FDS: 1 Failed download:
['LLL']: YFTzMissingError('possibly delisted; no timezone found')
  ✗ S1: Error processing FDS: cannot convert the series to <class 'float'>
    YFinance output for FDS: 1 Failed download:
['LLL']: YFTzMissingError('possibly delisted; no timezone found')
    Warning: No data found for FDS
  ✗ S2: Insufficient data for FDS/WU

154/223: 2021-12-03: Added=SEDG, Removed=HBI
  Holding Period End Date: 2021-12-29
    YFinance output for SEDG: 1 Failed download:
['RHT']: YFTzMissingError('possibly delisted; no timezone found')
  ✓ S1: SEDG -16.23%, Portfolio: $698,730
  ✗ S2: Error processing SEDG/HBI: cannot convert the series to <class 'float'>

155/223: 2021-12-03: Added=SBNY, Removed=LEG
  Holding Period End Date: 2021-12-29
    YFinance output for SBNY: 1 Failed download:
['TSS']: YFTzMissingError('possibly delisted; no timezone found')
    Warning: No data found for SBNY
  ✗ S1: Insufficient data for SBNY
  ✓ S2: Long SBNY (6.58%), Short LEG (-1.29%)
      Combined: 2.65%, Portfolio: $721,683

156/223: 2021-12-07: Added=EPAM, Removed=KSU
  Holding Period End Date: 2021-12-31
  ✓ S1: EPAM 10.51%, Portfolio: $772,187
  ✗ S2: Error processing EPAM/KSU: cannot convert the series to <class 'float'>

157/223: 2022-01-26: Added=CEG, Removed=nan
  Holding Period End Date: 2022-02-18
  ✓ S1: CEG -19.95%, Portfolio: $618,133

158/223: 2022-01-26: Added=nan, Removed=GPS
  Holding Period End Date: 2022-02-18

159/223: 2022-02-10: Added=NDSN, Removed=XLNX
  Holding Period End Date: 2022-03-08
    YFinance output for NDSN: 2 Failed downloads:
['APC', 'AGN']: YFTzMissingError('possibly delisted; no timezone found')
    Warning: No data found for NDSN
  ✗ S1: Insufficient data for NDSN
    YFinance output for NDSN: 1 Failed download:
['ARNC']: YFTzMissingError('possibly delisted; no timezone found')
    Warning: No data found for NDSN
    YFinance output for XLNX: 2 Failed downloads:
['RHT', 'TSS']: YFTzMissingError('possibly delisted; no timezone found')

2 Failed downloads:
['RHT', 'TSS']: YFTzMissingError('possibly delisted; no timezone found')

2 Failed downloads:
['RHT', 'TSS']: YFTzMissingError('possibly delisted; no timezone found')

2 Failed downloads:
['RHT', 'TSS']: YFTzMissingError('possibly delisted; no timezone found')
  ✗ S2: Insufficient data for NDSN/XLNX

160/223: 2022-02-25: Added=MOH, Removed=INFO
  Holding Period End Date: 2022-03-22
  ✓ S1: MOH 8.08%, Portfolio: $668,051
  ✓ S2: Long MOH (8.08%), Short INFO (-19.27%)
      Combined: -5.60%, Portfolio: $681,295

161/223: 2022-03-29: Added=CPT, Removed=PBCT
  Holding Period End Date: 2022-04-22
  ✓ S1: CPT -0.07%, Portfolio: $667,568
    Warning: No data found for PBCT
  ✗ S2: Insufficient data for CPT/PBCT

162/223: 2022-04-07: Added=WBD, Removed=DISCA
  Holding Period End Date: 2022-05-03
    Warning: No data found for WBD
  ✗ S1: Insufficient data for WBD
  ✗ S2: Error processing WBD/DISCA: cannot convert the series to <class 'float'>

163/223: 2022-04-07: Added=nan, Removed=DISCK
  Holding Period End Date: 2022-05-03

164/223: 2022-06-03: Added=VICI, Removed=CERN
  Holding Period End Date: 2022-06-29
  ✗ S1: Error processing VICI: cannot convert the series to <class 'float'>
  ✓ S2: Long VICI (7.03%), Short CERN (-6.57%)
      Combined: 0.23%, Portfolio: $682,868

165/223: 2022-06-03: Added=ON, Removed=IPGP
  Holding Period End Date: 2022-06-29
    YFinance output for ON: 1 Failed download:
['STI']: YFPricesMissingError('possibly delisted; no price data found  (1d 2019-12-02 00:00:00 -> 2019-12-23) (Yahoo error = "Data doesn\'t exist for startDate = 1575262800, endDate = 1577077200")')

1 Failed download:
['STI']: YFPricesMissingError('possibly delisted; no price data found  (1d 2019-12-02 00:00:00 -> 2019-12-23) (Yahoo error = "Data doesn\'t exist for startDate = 1575262800, endDate = 1577077200")')
    Warning: No data found for ON
  ✗ S1: Insufficient data for ON
    Warning: No data found for ON
    YFinance output for IPGP: 1 Failed download:
['JWN']: YFTzMissingError('possibly delisted; no timezone found')
    Warning: No data found for IPGP
  ✗ S2: Insufficient data for ON/IPGP

166/223: 2022-06-03: Added=KDP, Removed=UAA
  Holding Period End Date: 2022-06-29
  ✓ S1: KDP -0.37%, Portfolio: $665,102
    Warning: No data found for KDP
    Warning: No data found for UAA
  ✗ S2: Insufficient data for KDP/UAA

167/223: 2022-06-03: Added=nan, Removed=UA
  Holding Period End Date: 2022-06-29

168/223: 2022-09-02: Added=CSGP, Removed=PVH
  Holding Period End Date: 2022-09-28
  ✗ S1: Error processing CSGP: cannot convert the series to <class 'float'>
  ✗ S2: Error processing CSGP/PVH: cannot convert the series to <class 'float'>

169/223: 2022-09-02: Added=INVH, Removed=PENN
  Holding Period End Date: 2022-09-28
  ✓ S1: INVH -0.52%, Portfolio: $661,670
    Warning: No data found for PENN
  ✗ S2: Insufficient data for INVH/PENN

170/223: 2022-09-23: Added=PCG, Removed=CTXS
  Holding Period End Date: 2022-10-18
  ✓ S1: PCG -2.93%, Portfolio: $642,308
  ✗ S2: Error processing PCG/CTXS: cannot convert the series to <class 'float'>

171/223: 2022-09-23: Added=EQT, Removed=DRE
  Holding Period End Date: 2022-10-18
  ✓ S1: EQT 10.21%, Portfolio: $707,897
    Warning: No data found for DRE
  ✗ S2: Insufficient data for EQT/DRE

172/223: 2022-10-06: Added=TRGP, Removed=NLSN
  Holding Period End Date: 2022-10-31
  ✗ S1: Error processing TRGP: cannot convert the series to <class 'float'>
  ✗ S2: Error processing TRGP/NLSN: cannot convert the series to <class 'float'>

173/223: 2022-10-27: Added=ACGL, Removed=TWTR
  Holding Period End Date: 2022-11-21
    YFinance output for ACGL: 2 Failed downloads:
['STI']: YFPricesMissingError('possibly delisted; no price data found  (1d 2019-12-02 00:00:00 -> 2019-12-26) (Yahoo error = "Data doesn\'t exist for startDate = 1575262800, endDate = 1577336400")')
['XEC']: YFTzMissingError('possibly delisted; no timezone found')
    Warning: No data found for ACGL
  ✗ S1: Insufficient data for ACGL
  ✗ S2: Error processing ACGL/TWTR: cannot convert the series to <class 'float'>

174/223: 2022-12-12: Added=FSLR, Removed=FBHS
  Holding Period End Date: 2023-01-06
  ✓ S1: FSLR 6.96%, Portfolio: $757,177
  ✓ S2: Long FSLR (-40.46%), Short FBHS (1.92%)
      Combined: -19.27%, Portfolio: $551,251

175/223: 2022-12-12: Added=nan, Removed=MBC
  Holding Period End Date: 2023-01-06

176/223: 2022-12-12: Added=MBC, Removed=nan
  Holding Period End Date: 2023-01-06
  ✓ S1: MBC 2.84%, Portfolio: $778,652

177/223: 2022-12-19: Added=STLD, Removed=ABMD
  Holding Period End Date: 2023-01-13
    YFinance output for STLD: 1 Failed download:
['AGN']: YFTzMissingError('possibly delisted; no timezone found')

1 Failed download:
['AGN']: YFTzMissingError('possibly delisted; no timezone found')
    Warning: No data found for STLD
  ✗ S1: Insufficient data for STLD
    YFinance output for STLD: 1 Failed download:
['DISCA']: YFTzMissingError('possibly delisted; no timezone found')

1 Failed download:
['DISCA']: YFTzMissingError('possibly delisted; no timezone found')
    Warning: No data found for STLD
    YFinance output for ABMD: 1 Failed download:
['WCG']: YFTzMissingError('possibly delisted; no timezone found')
  ✗ S2: Insufficient data for STLD/ABMD

178/223: 2022-12-28: Added=GEHC, Removed=nan
  Holding Period End Date: 2023-01-24
  ✓ S1: GEHC 14.82%, Portfolio: $894,079

179/223: 2022-12-28: Added=nan, Removed=VNO
  Holding Period End Date: 2023-01-24

180/223: 2023-03-03: Added=FICO, Removed=LUMN
  Holding Period End Date: 2023-03-28
  ✓ S1: FICO -4.92%, Portfolio: $850,112
  ✓ S2: Long FICO (4.03%), Short LUMN (71.39%)
      Combined: 37.71%, Portfolio: $759,126

181/223: 2023-03-10: Added=PODD, Removed=SIVB
  Holding Period End Date: 2023-04-04
  ✓ S1: PODD -1.28%, Portfolio: $839,234
    YFinance output for SIVB: 1 Failed download:
['AGN']: YFTzMissingError('possibly delisted; no timezone found')

1 Failed download:
['AGN']: YFTzMissingError('possibly delisted; no timezone found')
  ✗ S2: Error processing PODD/SIVB: cannot convert the series to <class 'float'>

182/223: 2023-03-13: Added=BG, Removed=SBNY
  Holding Period End Date: 2023-04-05
  ✓ S1: BG -13.09%, Portfolio: $729,388
    Warning: No data found for SBNY
  ✗ S2: Insufficient data for BG/SBNY

183/223: 2023-05-01: Added=AXON, Removed=FRC
  Holding Period End Date: 2023-05-24
  ✓ S1: AXON -5.06%, Portfolio: $692,481
  ✗ S2: Error processing AXON/FRC: cannot convert the series to <class 'float'>

184/223: 2023-06-02: Added=PANW, Removed=DISH
  Holding Period End Date: 2023-06-28
  ✓ S1: PANW 8.76%, Portfolio: $753,165
  ✗ S2: Error processing PANW/DISH: cannot convert the series to <class 'float'>

185/223: 2023-08-21: Added=nan, Removed=TEL
  Holding Period End Date: 2023-09-14

186/223: 2023-08-21: Added=KVUE, Removed=AAP
  Holding Period End Date: 2023-09-14
  ✓ S1: KVUE 3.22%, Portfolio: $777,393
    Warning: No data found for KVUE
  ✗ S2: Insufficient data for KVUE/AAP

187/223: 2023-08-21: Added=PCS, Removed=nan
  Holding Period End Date: 2023-09-14
  ✓ S1: PCS -8.62%, Portfolio: $710,384

188/223: 2023-09-14: Added=BX, Removed=LNC
  Holding Period End Date: 2023-10-09
  ✓ S1: BX 5.57%, Portfolio: $749,949
  ✓ S2: Long BX (-8.62%), Short LNC (0.56%)
      Combined: -4.03%, Portfolio: $728,553

189/223: 2023-09-14: Added=ABNB, Removed=NWL
  Holding Period End Date: 2023-10-09
  ✓ S1: ABNB -2.53%, Portfolio: $730,959
  ✓ S2: Long ABNB (-2.53%), Short NWL (-22.12%)
      Combined: -12.33%, Portfolio: $638,756

190/223: 2023-09-28: Added=VLTO, Removed=nan
  Holding Period End Date: 2023-10-23
  ✗ S1: Error processing VLTO: cannot convert the series to <class 'float'>

191/223: 2023-09-28: Added=nan, Removed=DXC
  Holding Period End Date: 2023-10-23

192/223: 2023-10-13: Added=LULU, Removed=ATVI
  Holding Period End Date: 2023-11-07
  ✓ S1: LULU -1.12%, Portfolio: $722,776
  ✓ S2: Long LULU (4.34%), Short ATVI (43.33%)
      Combined: 23.84%, Portfolio: $791,021

193/223: 2023-10-13: Added=HUBB, Removed=OGN
  Holding Period End Date: 2023-11-07
    YFinance output for HUBB: 2 Failed downloads:
['VAR', 'CTLT']: YFTzMissingError('possibly delisted; no timezone found')

2 Failed downloads:
['VAR', 'CTLT']: YFTzMissingError('possibly delisted; no timezone found')
  ✗ S1: Error processing HUBB: cannot convert the series to <class 'float'>
    Warning: No data found for HUBB
    YFinance output for OGN: 1 Failed download:
['FLIR']: YFTzMissingError('possibly delisted; no timezone found')
    Warning: No data found for OGN
  ✗ S2: Insufficient data for HUBB/OGN

194/223: 2023-12-01: Added=UBER, Removed=SEE
  Holding Period End Date: 2023-12-27
  ✓ S1: UBER 10.40%, Portfolio: $797,930
    YFinance output for UBER: 1 Failed download:
['JWN']: YFTzMissingError('possibly delisted; no timezone found')

1 Failed download:
['JWN']: YFTzMissingError('possibly delisted; no timezone found')

1 Failed download:
['JWN']: YFTzMissingError('possibly delisted; no timezone found')
  ✗ S2: Error processing UBER/SEE: cannot convert the series to <class 'float'>

195/223: 2023-12-01: Added=BLDR, Removed=SEDG
  Holding Period End Date: 2023-12-27
  ✓ S1: BLDR 10.40%, Portfolio: $880,900
    YFinance output for SEDG: 1 Failed download:
['CTLT']: YFTzMissingError('possibly delisted; no timezone found')
  ✗ S2: Error processing BLDR/SEDG: cannot convert the series to <class 'float'>

196/223: 2023-12-01: Added=JBL, Removed=ALK
  Holding Period End Date: 2023-12-27
  ✓ S1: JBL 22.65%, Portfolio: $1,080,380
    Warning: No data found for JBL
    Warning: No data found for ALK
  ✗ S2: Insufficient data for JBL/ALK

197/223: 2024-03-01: Added=SMCI, Removed=WHR
  Holding Period End Date: 2024-03-26
  ✓ S1: SMCI -13.90%, Portfolio: $930,230
    Warning: No data found for WHR
  ✗ S2: Insufficient data for SMCI/WHR

198/223: 2024-03-01: Added=DECK, Removed=ZION
  Holding Period End Date: 2024-03-26
  ✗ S1: Error processing DECK: cannot convert the series to <class 'float'>
    YFinance output for ZION: 1 Failed download:
['CDAY']: YFTzMissingError('possibly delisted; no timezone found')
  ✗ S2: Error processing DECK/ZION: cannot convert the series to <class 'float'>

199/223: 2024-03-27: Added=SOLV, Removed=nan
  Holding Period End Date: 2024-04-22
  ✓ S1: SOLV 4.44%, Portfolio: $971,535

200/223: 2024-03-27: Added=GEV, Removed=nan
  Holding Period End Date: 2024-04-22
  ✓ S1: GEV -31.52%, Portfolio: $665,263

201/223: 2024-03-27: Added=nan, Removed=XRAY
  Holding Period End Date: 2024-04-22

202/223: 2024-03-27: Added=nan, Removed=VFC
  Holding Period End Date: 2024-04-22

203/223: 2024-05-03: Added=VST, Removed=PXD
  Holding Period End Date: 2024-05-29
  ✓ S1: VST 0.00%, Portfolio: $665,263
    Warning: No data found for VST
  ✗ S2: Insufficient data for VST/PXD

204/223: 2024-06-07: Added=KKR, Removed=RHI
  Holding Period End Date: 2024-07-03
  ✓ S1: KKR 10.18%, Portfolio: $733,009
  ✗ S2: Error processing KKR/RHI: cannot convert the series to <class 'float'>

205/223: 2024-06-07: Added=CRWD, Removed=CMA
  Holding Period End Date: 2024-07-03
  ✓ S1: CRWD 13.41%, Portfolio: $831,333
  ✓ S2: Long CRWD (6.94%), Short CMA (-19.31%)
      Combined: -6.19%, Portfolio: $742,082

206/223: 2024-06-07: Added=GDDY, Removed=ILMN
  Holding Period End Date: 2024-07-03
  ✓ S1: GDDY -4.18%, Portfolio: $796,589
  ✓ S2: Long GDDY (16.13%), Short ILMN (2.04%)
      Combined: 9.09%, Portfolio: $809,514

207/223: 2024-09-06: Added=ERIE, Removed=BIO
  Holding Period End Date: 2024-10-01
  ✓ S1: ERIE -10.38%, Portfolio: $713,938
  ✓ S2: Long ERIE (-10.38%), Short BIO (-14.70%)
      Combined: -12.54%, Portfolio: $708,021

208/223: 2024-09-06: Added=DELL, Removed=ETSY
  Holding Period End Date: 2024-10-01
    YFinance output for DELL: 1 Failed download:
['TIF']: YFTzMissingError('possibly delisted; no timezone found')
    Warning: No data found for DELL
  ✗ S1: Insufficient data for DELL
    YFinance output for DELL: 1 Failed download:
['SBNY']: YFPricesMissingError('possibly delisted; no price data found  (1d 2021-12-03 00:00:00 -> 2021-12-23) (Yahoo error = "Data doesn\'t exist for startDate = 1638507600, endDate = 1640235600")')

1 Failed download:
['SBNY']: YFPricesMissingError('possibly delisted; no price data found  (1d 2021-12-03 00:00:00 -> 2021-12-23) (Yahoo error = "Data doesn\'t exist for startDate = 1638507600, endDate = 1640235600")')

1 Failed download:
['SBNY']: YFPricesMissingError('possibly delisted; no price data found  (1d 2021-12-03 00:00:00 -> 2021-12-23) (Yahoo error = "Data doesn\'t exist for startDate = 1638507600, endDate = 1640235600")')
    Warning: No data found for DELL
    Warning: No data found for ETSY
  ✗ S2: Insufficient data for DELL/ETSY

209/223: 2024-09-06: Added=PLTR, Removed=AAL
  Holding Period End Date: 2024-10-01
  ✗ S1: Error processing PLTR: cannot convert the series to <class 'float'>
    YFinance output for PLTR: 1 Failed download:
['CXO']: YFTzMissingError('possibly delisted; no timezone found')
  ✓ S2: Long PLTR (17.14%), Short AAL (4.67%)
      Combined: 10.91%, Portfolio: $785,237

210/223: 2024-09-24: Added=AMTM, Removed=nan
  Holding Period End Date: 2024-10-17
  ✓ S1: AMTM 7.57%, Portfolio: $768,002

211/223: 2024-09-24: Added=nan, Removed=BBWI
  Holding Period End Date: 2024-10-17

212/223: 2024-11-21: Added=TPL, Removed=MRO
  Holding Period End Date: 2024-12-17
  ✗ S1: Error processing TPL: cannot convert the series to <class 'float'>
  ✗ S2: Error processing TPL/MRO: cannot convert the series to <class 'float'>

213/223: 2024-12-06: Added=WDAY, Removed=AMTM
  Holding Period End Date: 2025-01-02
    YFinance output for WDAY: 2 Failed downloads:
['KSU', 'VAR']: YFTzMissingError('possibly delisted; no timezone found')

2 Failed downloads:
['KSU', 'VAR']: YFTzMissingError('possibly delisted; no timezone found')

2 Failed downloads:
['KSU', 'VAR']: YFTzMissingError('possibly delisted; no timezone found')
  ✓ S1: WDAY 9.85%, Portfolio: $843,639
    Warning: No data found for WDAY
  ✗ S2: Insufficient data for WDAY/AMTM

214/223: 2024-12-06: Added=APO, Removed=QRVO
  Holding Period End Date: 2025-01-02
    YFinance output for APO: 1 Failed download:
['VAR']: YFTzMissingError('possibly delisted; no timezone found')

1 Failed download:
['VAR']: YFTzMissingError('possibly delisted; no timezone found')

1 Failed download:
['VAR']: YFTzMissingError('possibly delisted; no timezone found')
    Warning: No data found for APO
  ✗ S1: Insufficient data for APO
  ✗ S2: Error processing APO/QRVO: cannot convert the series to <class 'float'>

215/223: 2024-12-18: Added=LII, Removed=CTLT
  Holding Period End Date: 2025-01-15
    Warning: No data found for LII
  ✗ S1: Insufficient data for LII
    YFinance output for LII: 1 Failed download:
['ALXN']: YFTzMissingError('possibly delisted; no timezone found')
    Warning: No data found for CTLT
  ✗ S2: Insufficient data for LII/CTLT

216/223: 2025-03-07: Added=EXE, Removed=FMC
  Holding Period End Date: 2025-04-01
  ✗ S1: Error processing EXE: cannot convert the series to <class 'float'>
    YFinance output for EXE: 1 Failed download:
['CDAY']: YFTzMissingError('possibly delisted; no timezone found')

1 Failed download:
['CDAY']: YFTzMissingError('possibly delisted; no timezone found')

1 Failed download:
['CDAY']: YFTzMissingError('possibly delisted; no timezone found')
    Warning: No data found for EXE
    Warning: No data found for FMC
  ✗ S2: Insufficient data for EXE/FMC

217/223: 2025-03-07: Added=WSM, Removed=CE
  Holding Period End Date: 2025-04-01
  ✓ S1: WSM 1.32%, Portfolio: $854,758
    Warning: No data found for CE
  ✗ S2: Insufficient data for WSM/CE

218/223: 2025-03-07: Added=TKO, Removed=TFX
  Holding Period End Date: 2025-04-01
    YFinance output for TKO: 1 Failed download:
['ALXN']: YFTzMissingError('possibly delisted; no timezone found')
  ✗ S1: Error processing TKO: cannot convert the series to <class 'float'>
    YFinance output for TKO: 1 Failed download:
['ALXN']: YFTzMissingError('possibly delisted; no timezone found')
    Warning: No data found for TKO
    YFinance output for TFX: 1 Failed download:
['VAR']: YFTzMissingError('possibly delisted; no timezone found')
  ✗ S2: Insufficient data for TKO/TFX

219/223: 2025-03-07: Added=DASH, Removed=BWA
  Holding Period End Date: 2025-04-01
    YFinance output for DASH: 1 Failed download:
['CERN']: YFTzMissingError('possibly delisted; no timezone found')

1 Failed download:
['CERN']: YFTzMissingError('possibly delisted; no timezone found')
  ✗ S1: Error processing DASH: cannot convert the series to <class 'float'>
    Warning: No data found for DASH
  ✗ S2: Insufficient data for DASH/BWA

220/223: 2025-05-12: Added=COIN, Removed=DFS
  Holding Period End Date: 2025-06-05
  ✓ S1: COIN -19.81%, Portfolio: $685,409
  ✓ S2: Long COIN (-17.36%), Short DFS (2.83%)
      Combined: -7.27%, Portfolio: $728,160

221/223: 2025-07-02: Added=DDOG, Removed=JNPR
  Holding Period End Date: 2025-07-28
  ✓ S1: DDOG 14.66%, Portfolio: $785,859
  ✗ S2: Error processing DDOG/JNPR: cannot convert the series to <class 'float'>

222/223: 2025-07-14: Added=TTD, Removed=ANSS
  Holding Period End Date: 2025-08-06
  ✓ S1: TTD 7.51%, Portfolio: $844,851
  ✗ S2: Error processing TTD/ANSS: cannot convert the series to <class 'float'>

223/223: 2025-07-18: Added=XYZ, Removed=HES
  Holding Period End Date: 2025-08-12
  ✗ S1: Error processing XYZ: cannot convert the series to <class 'float'>
  ✓ S2: Long XYZ (11.10%), Short HES (4.20%)
      Combined: 7.65%, Portfolio: $783,867

============================================================
FINAL RESULTS
Strategy 1: 115 successful trades, Final: $844,851 (-15.51%)
Strategy 2: 50 successful trades, Final: $783,867 (-21.61%)
Completed: 2025-08-31 18:13:11
