S&P 500 Index Update Trading Strategy Analysis
Holding Period: 22 trading days
Date Range: 2015-07-02 to 2025-07-18
Timestamp: 2025-08-31 17:22:40
============================================================

1/223: 2015-07-02: Added=KHC, Removed=KRFT
  Holding Period End Date: 2015-08-04
    Warning: No data found for KHC
  ✗ S1: Insufficient data for KHC
    Error fetching KHC: can't start new thread
  ✗ S2: Insufficient data for KHC/KRFT

2/223: 2015-07-06: Added=AAP, Removed=FDO
  Holding Period End Date: 2015-08-05
    Error fetching AAP: can't start new thread
  ✗ S1: Insufficient data for AAP
    Error fetching AAP: can't start new thread
    Warning: No data found for FDO
  ✗ S2: Insufficient data for AAP/FDO

3/223: 2015-07-14: Added=PYPL, Removed=NE
  Holding Period End Date: 2015-08-13
    Error fetching PYPL: can't start new thread
  ✗ S1: Insufficient data for PYPL
    Warning: No data found for PYPL
    Error fetching NE: can't start new thread
  ✗ S2: Insufficient data for PYPL/NE

4/223: 2015-07-24: Added=SIG, Removed=DTV
  Holding Period End Date: 2015-08-25
    Error fetching SIG: can't start new thread
  ✗ S1: Insufficient data for SIG
    Error fetching SIG: can't start new thread
  ✗ S2: Insufficient data for SIG/DTV

5/223: 2015-08-27: Added=ATVI, Removed=PLL
  Holding Period End Date: 2015-09-29
    Error fetching ATVI: can't start new thread
  ✗ S1: Insufficient data for ATVI
    Warning: No data found for ATVI
    Error fetching PLL: can't start new thread
  ✗ S2: Insufficient data for ATVI/PLL

6/223: 2015-08-27: Added=UAL, Removed=HSP
  Holding Period End Date: 2015-09-29
    Warning: No data found for UAL
  ✗ S1: Insufficient data for UAL
    Error fetching UAL: can't start new thread
    Error fetching HSP: can't start new thread
  ✗ S2: Insufficient data for UAL/HSP

7/223: 2015-09-30: Added=VRSK, Removed=JOY
  Holding Period End Date: 2015-10-30
    Warning: No data found for VRSK
  ✗ S1: Insufficient data for VRSK
    Error fetching VRSK: can't start new thread
    Error fetching JOY: can't start new thread
  ✗ S2: Insufficient data for VRSK/JOY

8/223: 2015-10-27: Added=HPE, Removed=HCBK
  Holding Period End Date: 2015-11-27
    Error fetching HPE: can't start new thread
  ✗ S1: Insufficient data for HPE
    YFinance output for HPE: 1 Failed download:
['PANW']: DNSError('Failed to perform, curl: (6) getaddrinfo() thread failed to start. See https://curl.se/libcurl/c/libcurl-errors.html first for more details.')

1 Failed download:
['PANW']: DNSError('Failed to perform, curl: (6) getaddrinfo() thread failed to start. See https://curl.se/libcurl/c/libcurl-errors.html first for more details.')
    Warning: No data found for HPE
    Error fetching HCBK: can't start new thread
  ✗ S2: Insufficient data for HPE/HCBK

9/223: 2015-11-09: Added=SYF, Removed=GNW
  Holding Period End Date: 2015-12-10
    Error fetching SYF: can't start new thread
  ✗ S1: Insufficient data for SYF
    Error fetching SYF: can't start new thread
    Error fetching GNW: can't start new thread
  ✗ S2: Insufficient data for SYF/GNW

10/223: 2015-11-12: Added=ILMN, Removed=SIAL
  Holding Period End Date: 2015-12-15
    Error fetching ILMN: can't start new thread
  ✗ S1: Insufficient data for ILMN
    Error fetching ILMN: can't start new thread
    Error fetching SIAL: can't start new thread
  ✗ S2: Insufficient data for ILMN/SIAL

11/223: 2015-11-23: Added=CSRA, Removed=CSC
  Holding Period End Date: 2015-12-24
  ✓ S1: CSRA -2.16%, Portfolio: $978,395
    Error fetching CSRA: can't start new thread
    Error fetching CSC: can't start new thread
  ✗ S2: Insufficient data for CSRA/CSC

12/223: 2015-12-15: Added=nan, Removed=CMCSK
  Holding Period End Date: 2016-01-19

13/223: 2015-12-22: Added=CHD, Removed=ALTR
  Holding Period End Date: 2016-01-26
    Error fetching CHD: can't start new thread
  ✗ S1: Insufficient data for CHD
    Error fetching CHD: can't start new thread
  ✗ S2: Insufficient data for CHD/ALTR

14/223: 2015-12-28: Added=WLTW, Removed=FOSL
  Holding Period End Date: 2016-01-29
    Error fetching WLTW: can't start new thread
  ✗ S1: Insufficient data for WLTW
    Error fetching WLTW: can't start new thread
    Error fetching FOSL: can't start new thread
  ✗ S2: Insufficient data for WLTW/FOSL

15/223: 2016-01-13: Added=EXR, Removed=ACE
  Holding Period End Date: 2016-02-16
    YFinance output for EXR: 1 Failed download:
['AAP']: DNSError('Failed to perform, curl: (6) getaddrinfo() thread failed to start. See https://curl.se/libcurl/c/libcurl-errors.html first for more details.')

1 Failed download:
['AAP']: DNSError('Failed to perform, curl: (6) getaddrinfo() thread failed to start. See https://curl.se/libcurl/c/libcurl-errors.html first for more details.')
    Warning: No data found for EXR
  ✗ S1: Insufficient data for EXR
    YFinance output for EXR: 1 Failed download:
['AAP']: DNSError('Failed to perform, curl: (6) getaddrinfo() thread failed to start. See https://curl.se/libcurl/c/libcurl-errors.html first for more details.')
    Warning: No data found for EXR
    Warning: No data found for ACE
  ✗ S2: Insufficient data for EXR/ACE

16/223: 2016-01-22: Added=FRT, Removed=BRCM
  Holding Period End Date: 2016-02-24
    Error fetching FRT: 'HUBB'
  ✗ S1: Insufficient data for FRT
    Warning: No data found for FRT
    Error fetching BRCM: can't start new thread
  ✗ S2: Insufficient data for FRT/BRCM

17/223: 2016-01-26: Added=CFG, Removed=PCP
  Holding Period End Date: 2016-02-26
    Error fetching CFG: can't start new thread
  ✗ S1: Insufficient data for CFG
    Warning: No data found for CFG
    YFinance output for PCP: 1 Failed download:
['AXON']: DNSError('Failed to perform, curl: (6) getaddrinfo() thread failed to start. See https://curl.se/libcurl/c/libcurl-errors.html first for more details.')

1 Failed download:
['AXON']: DNSError('Failed to perform, curl: (6) getaddrinfo() thread failed to start. See https://curl.se/libcurl/c/libcurl-errors.html first for more details.')
    Warning: No data found for PCP
  ✗ S2: Insufficient data for CFG/PCP

18/223: 2016-02-16: Added=CXO, Removed=PCL
  Holding Period End Date: 2016-03-17
  ✓ S1: CXO -2.37%, Portfolio: $955,244
    Warning: No data found for CXO
    Warning: No data found for PCL
  ✗ S2: Insufficient data for CXO/PCL

19/223: 2016-03-01: Added=AWK, Removed=CNX
  Holding Period End Date: 2016-04-01
    Warning: No data found for AWK
  ✗ S1: Insufficient data for AWK
    Warning: No data found for AWK
    Warning: No data found for CNX
  ✗ S2: Insufficient data for AWK/CNX

20/223: 2016-03-04: Added=UDR, Removed=GMCR
  Holding Period End Date: 2016-04-06
    Error fetching UDR: can't start new thread
  ✗ S1: Insufficient data for UDR
    Error fetching UDR: can't start new thread
    Error fetching GMCR: can't start new thread
  ✗ S2: Insufficient data for UDR/GMCR

21/223: 2016-03-24: Added=CNC, Removed=ESV
  Holding Period End Date: 2016-04-26
    Error fetching CNC: can't start new thread
  ✗ S1: Insufficient data for CNC
    Error fetching CNC: can't start new thread
    Error fetching ESV: can't start new thread
  ✗ S2: Insufficient data for CNC/ESV

22/223: 2016-03-24: Added=HOLX, Removed=POM
  Holding Period End Date: 2016-04-26
  ✗ S1: Error processing HOLX: cannot convert the series to <class 'float'>
    Warning: No data found for HOLX
    Error fetching POM: can't start new thread
  ✗ S2: Insufficient data for HOLX/POM

23/223: 2016-03-28: Added=FL, Removed=CAM
  Holding Period End Date: 2016-04-27
    Error fetching FL: can't start new thread
  ✗ S1: Insufficient data for FL
    Error fetching FL: can't start new thread
    Warning: No data found for CAM
  ✗ S2: Insufficient data for FL/CAM

24/223: 2016-04-07: Added=ULTA, Removed=THC
  Holding Period End Date: 2016-05-09
    YFinance output for ULTA: 1 Failed download:
['ARG']: DNSError('Failed to perform, curl: (6) getaddrinfo() thread failed to start. See https://curl.se/libcurl/c/libcurl-errors.html first for more details.')
    Warning: No data found for ULTA
  ✗ S1: Insufficient data for ULTA
    Error fetching ULTA: can't start new thread
    YFinance output for THC: 1 Failed download:
['SEE']: DNSError('Failed to perform, curl: (6) getaddrinfo() thread failed to start. See https://curl.se/libcurl/c/libcurl-errors.html first for more details.')
    Warning: No data found for THC
  ✗ S2: Insufficient data for ULTA/THC

25/223: 2016-04-19: Added=GPN, Removed=GME
  Holding Period End Date: 2016-05-19
    Warning: No data found for GPN
  ✗ S1: Insufficient data for GPN
    Warning: No data found for GPN
    Error fetching GME: can't start new thread
  ✗ S2: Insufficient data for GPN/GME

26/223: 2016-04-26: Added=AYI, Removed=ADT
  Holding Period End Date: 2016-05-26
    Error fetching AYI: can't start new thread
  ✗ S1: Insufficient data for AYI
    Error fetching AYI: can't start new thread
    Error fetching ADT: can't start new thread
  ✗ S2: Insufficient data for AYI/ADT

27/223: 2016-05-10: Added=ALK, Removed=SNDK
  Holding Period End Date: 2016-06-10
    Error fetching ALK: can't start new thread
  ✗ S1: Insufficient data for ALK
    Error fetching ALK: can't start new thread
    Error fetching SNDK: can't start new thread
  ✗ S2: Insufficient data for ALK/SNDK

28/223: 2016-05-13: Added=DLR, Removed=TWC
  Holding Period End Date: 2016-06-15
    Warning: No data found for DLR
  ✗ S1: Insufficient data for DLR
    YFinance output for DLR: 1 Failed download:
['SEDG']: DNSError('Failed to perform, curl: (6) getaddrinfo() thread failed to start. See https://curl.se/libcurl/c/libcurl-errors.html first for more details.')
    Warning: No data found for DLR
    Error fetching TWC: can't start new thread
  ✗ S2: Insufficient data for DLR/TWC

29/223: 2016-05-18: Added=LKQ, Removed=ARG
  Holding Period End Date: 2016-06-20
    Error fetching LKQ: can't start new thread
  ✗ S1: Insufficient data for LKQ
    Error fetching LKQ: can't start new thread
    Error fetching ARG: can't start new thread
  ✗ S2: Insufficient data for LKQ/ARG

30/223: 2016-05-24: Added=AJG, Removed=CCE
  Holding Period End Date: 2016-06-24
  ✓ S1: AJG 3.44%, Portfolio: $988,135
    Warning: No data found for AJG
  ✗ S2: Insufficient data for AJG/CCE

31/223: 2016-05-27: Added=TDG, Removed=BXLT
  Holding Period End Date: 2016-06-29
    YFinance output for TDG: 1 Failed download:
['SMCI']: DNSError('Failed to perform, curl: (6) getaddrinfo() thread failed to start. See https://curl.se/libcurl/c/libcurl-errors.html first for more details.')

1 Failed download:
['SMCI']: DNSError('Failed to perform, curl: (6) getaddrinfo() thread failed to start. See https://curl.se/libcurl/c/libcurl-errors.html first for more details.')

1 Failed download:
['SMCI']: DNSError('Failed to perform, curl: (6) getaddrinfo() thread failed to start. See https://curl.se/libcurl/c/libcurl-errors.html first for more details.')

1 Failed download:
['SMCI']: DNSError('Failed to perform, curl: (6) getaddrinfo() thread failed to start. See https://curl.se/libcurl/c/libcurl-errors.html first for more details.')

1 Failed download:
['SMCI']: DNSError('Failed to perform, curl: (6) getaddrinfo() thread failed to start. See https://curl.se/libcurl/c/libcurl-errors.html first for more details.')
    Warning: No data found for TDG
  ✗ S1: Insufficient data for TDG
    Error fetching TDG: can't start new thread
    Warning: No data found for BXLT
  ✗ S2: Insufficient data for TDG/BXLT

32/223: 2016-06-21: Added=FBHS, Removed=CVC
  Holding Period End Date: 2016-07-22
    Error fetching FBHS: can't start new thread
  ✗ S1: Insufficient data for FBHS
    Error fetching FBHS: can't start new thread
    Error fetching CVC: can't start new thread
  ✗ S2: Insufficient data for FBHS/CVC

33/223: 2016-06-23: Added=FTV, Removed=CPGX
  Holding Period End Date: 2016-07-26
  ✓ S1: FTV 4.28%, Portfolio: $1,030,418
    Error fetching FTV: can't start new thread
    Error fetching CPGX: can't start new thread
  ✗ S2: Insufficient data for FTV/CPGX

34/223: 2016-06-23: Added=ALB, Removed=TE
  Holding Period End Date: 2016-07-26
    Error fetching ALB: can't start new thread
  ✗ S1: Insufficient data for ALB
    Error fetching ALB: can't start new thread
    Error fetching TE: can't start new thread
  ✗ S2: Insufficient data for ALB/TE

35/223: 2016-06-29: Added=LNT, Removed=GAS
  Holding Period End Date: 2016-08-01
    Error fetching LNT: can't start new thread
  ✗ S1: Insufficient data for LNT
    Error fetching LNT: can't start new thread
    Error fetching GAS: can't start new thread
  ✗ S2: Insufficient data for LNT/GAS

36/223: 2016-08-25: Added=MTD, Removed=TYC
  Holding Period End Date: 2016-09-27
    Error fetching MTD: can't start new thread
  ✗ S1: Insufficient data for MTD
    Error fetching MTD: can't start new thread
  ✗ S2: Insufficient data for MTD/TYC

37/223: 2016-08-31: Added=CHTR, Removed=EMC
  Holding Period End Date: 2016-10-03
    Error fetching CHTR: can't start new thread
  ✗ S1: Insufficient data for CHTR
    Error fetching CHTR: can't start new thread
    Error fetching EMC: can't start new thread
  ✗ S2: Insufficient data for CHTR/EMC

38/223: 2016-09-10: Added=COO, Removed=HOT
  Holding Period End Date: 2016-10-12
    Warning: No data found for COO
  ✗ S1: Insufficient data for COO
    Error fetching HOT: can't start new thread
  ✗ S2: Insufficient data for COO/HOT

39/223: 2016-09-27: Added=COTY, Removed=DO
  Holding Period End Date: 2016-10-27
    Error fetching COTY: can't start new thread
  ✗ S1: Insufficient data for COTY
    Error fetching COTY: can't start new thread
    Error fetching DO: can't start new thread
  ✗ S2: Insufficient data for COTY/DO

40/223: 2016-11-29: Added=MAA, Removed=OI
  Holding Period End Date: 2016-12-30
    YFinance output for MAA: 1 Failed download:
['GEV']: DNSError('Failed to perform, curl: (6) getaddrinfo() thread failed to start. See https://curl.se/libcurl/c/libcurl-errors.html first for more details.')
  ✓ S1: MAA -12.64%, Portfolio: $900,173
    Warning: No data found for MAA
    Error fetching OI: can't start new thread
  ✗ S2: Insufficient data for MAA/OI

41/223: 2016-11-29: Added=EVHC, Removed=LM
  Holding Period End Date: 2016-12-30
    Error fetching EVHC: can't start new thread
  ✗ S1: Insufficient data for EVHC
    Error fetching EVHC: can't start new thread
    YFinance output for LM: 2 Failed downloads:
['OGN', 'DECK']: DNSError('Failed to perform, curl: (6) getaddrinfo() thread failed to start. See https://curl.se/libcurl/c/libcurl-errors.html first for more details.')
  ✗ S2: Insufficient data for EVHC/LM

42/223: 2017-01-03: Added=IDXX, Removed=STJ
  Holding Period End Date: 2017-02-03
    Error fetching IDXX: can't start new thread
  ✗ S1: Insufficient data for IDXX
    Error fetching IDXX: can't start new thread
    Error fetching STJ: can't start new thread
  ✗ S2: Insufficient data for IDXX/STJ

43/223: 2017-02-23: Added=INCY, Removed=SE
  Holding Period End Date: 2017-03-27
    Error fetching INCY: can't start new thread
  ✗ S1: Insufficient data for INCY
    Error fetching INCY: can't start new thread
    Error fetching SE: can't start new thread
  ✗ S2: Insufficient data for INCY/SE

44/223: 2017-02-23: Added=CBOE, Removed=PBI
  Holding Period End Date: 2017-03-27
    Error fetching CBOE: can't start new thread
  ✗ S1: Insufficient data for CBOE
    Error fetching CBOE: can't start new thread
    Error fetching PBI: can't start new thread
  ✗ S2: Insufficient data for CBOE/PBI

45/223: 2017-02-23: Added=REG, Removed=ENDP
  Holding Period End Date: 2017-03-27
    Error fetching REG: can't start new thread
  ✗ S1: Insufficient data for REG
    Error fetching REG: can't start new thread
    YFinance output for ENDP: 1 Failed download:
['KKR']: DNSError('Failed to perform, curl: (6) getaddrinfo() thread failed to start. See https://curl.se/libcurl/c/libcurl-errors.html first for more details.')
    Warning: No data found for ENDP
  ✗ S2: Insufficient data for REG/ENDP

46/223: 2017-03-06: Added=DISH, Removed=LLTC
  Holding Period End Date: 2017-04-05
    Warning: No data found for DISH
  ✗ S1: Insufficient data for DISH
  ✓ S2: Long DISH (11.60%), Short LLTC (-8.18%)
      Combined: 1.71%, Portfolio: $1,017,110

47/223: 2017-03-10: Added=ARE, Removed=FSLR
  Holding Period End Date: 2017-04-11
    Error fetching ARE: can't start new thread
  ✗ S1: Insufficient data for ARE
    YFinance output for ARE: 2 Failed downloads:
['ATVI']: YFTzMissingError('possibly delisted; no timezone found')
['KKR']: DNSError('Failed to perform, curl: (6) getaddrinfo() thread failed to start. See https://curl.se/libcurl/c/libcurl-errors.html first for more details.')

2 Failed downloads:
['ATVI']: YFTzMissingError('possibly delisted; no timezone found')
['KKR']: DNSError('Failed to perform, curl: (6) getaddrinfo() thread failed to start. See https://curl.se/libcurl/c/libcurl-errors.html first for more details.')

2 Failed downloads:
['ATVI']: YFTzMissingError('possibly delisted; no timezone found')
['KKR']: DNSError('Failed to perform, curl: (6) getaddrinfo() thread failed to start. See https://curl.se/libcurl/c/libcurl-errors.html first for more details.')

2 Failed downloads:
['ATVI']: YFTzMissingError('possibly delisted; no timezone found')
['KKR']: DNSError('Failed to perform, curl: (6) getaddrinfo() thread failed to start. See https://curl.se/libcurl/c/libcurl-errors.html first for more details.')
    Error fetching FSLR: can't start new thread
  ✗ S2: Insufficient data for ARE/FSLR

48/223: 2017-03-10: Added=RJF, Removed=FTR
  Holding Period End Date: 2017-04-11
    Warning: No data found for RJF
  ✗ S1: Insufficient data for RJF
    Error fetching RJF: can't start new thread
    Error fetching FTR: can't start new thread
  ✗ S2: Insufficient data for RJF/FTR

49/223: 2017-03-10: Added=AMD, Removed=URBN
  Holding Period End Date: 2017-04-11
    Error fetching AMD: can't start new thread
  ✗ S1: Insufficient data for AMD
    YFinance output for AMD: 1 Failed download:
['HUBB']: DNSError('Failed to perform, curl: (6) getaddrinfo() thread failed to start. See https://curl.se/libcurl/c/libcurl-errors.html first for more details.')
    Warning: No data found for AMD
    Warning: No data found for URBN
  ✗ S2: Insufficient data for AMD/URBN

50/223: 2017-03-13: Added=SNPS, Removed=HAR
  Holding Period End Date: 2017-04-12
    Error fetching SNPS: can't start new thread
  ✗ S1: Insufficient data for SNPS
    Error fetching SNPS: can't start new thread
    Error fetching HAR: can't start new thread
  ✗ S2: Insufficient data for SNPS/HAR

51/223: 2017-03-28: Added=DXC, Removed=SWN
  Holding Period End Date: 2017-04-28
    Error fetching DXC: can't start new thread
  ✗ S1: Insufficient data for DXC
    Error fetching DXC: can't start new thread
    Error fetching SWN: can't start new thread
  ✗ S2: Insufficient data for DXC/SWN

52/223: 2017-03-29: Added=IT, Removed=DNB
  Holding Period End Date: 2017-05-01
    Error fetching IT: can't start new thread
  ✗ S1: Insufficient data for IT
    Error fetching IT: can't start new thread
    Error fetching DNB: can't start new thread
  ✗ S2: Insufficient data for IT/DNB

53/223: 2017-05-24: Added=INFO, Removed=TGNA
  Holding Period End Date: 2017-06-26
  ✓ S1: INFO -5.06%, Portfolio: $854,614
    Error fetching TGNA: can't start new thread
  ✗ S2: Insufficient data for INFO/TGNA

54/223: 2017-06-09: Added=ANSS, Removed=R
  Holding Period End Date: 2017-07-12
    Warning: No data found for ANSS
  ✗ S1: Insufficient data for ANSS
    Warning: No data found for ANSS
    YFinance output for R: 1 Failed download:
['ERIE']: DNSError('Failed to perform, curl: (6) getaddrinfo() thread failed to start. See https://curl.se/libcurl/c/libcurl-errors.html first for more details.')
    Warning: No data found for R
  ✗ S2: Insufficient data for ANSS/R

55/223: 2017-06-09: Added=ALGN, Removed=TDC
  Holding Period End Date: 2017-07-12
    Error fetching ALGN: can't start new thread
  ✗ S1: Insufficient data for ALGN
    Error fetching ALGN: can't start new thread
    Error fetching TDC: can't start new thread
  ✗ S2: Insufficient data for ALGN/TDC

56/223: 2017-06-09: Added=HLT, Removed=YHOO
  Holding Period End Date: 2017-07-12
    YFinance output for HLT: 1 Failed download:
['DELL']: DNSError('Failed to perform, curl: (6) getaddrinfo() thread failed to start. See https://curl.se/libcurl/c/libcurl-errors.html first for more details.')

1 Failed download:
['DELL']: DNSError('Failed to perform, curl: (6) getaddrinfo() thread failed to start. See https://curl.se/libcurl/c/libcurl-errors.html first for more details.')
    Warning: No data found for HLT
  ✗ S1: Insufficient data for HLT
    Error fetching HLT: can't start new thread
    Error fetching YHOO: can't start new thread
  ✗ S2: Insufficient data for HLT/YHOO

57/223: 2017-06-12: Added=RE, Removed=MJN
  Holding Period End Date: 2017-07-13
    Warning: No data found for RE
  ✗ S1: Insufficient data for RE
    Error fetching RE: can't start new thread
    Error fetching MJN: can't start new thread
  ✗ S2: Insufficient data for RE/MJN

58/223: 2017-06-30: Added=BKR, Removed=BHI
  Holding Period End Date: 2017-08-02
    Error fetching BKR: can't start new thread
  ✗ S1: Insufficient data for BKR
    Error fetching BKR: can't start new thread
    Error fetching BHI: can't start new thread
  ✗ S2: Insufficient data for BKR/BHI

59/223: 2017-07-19: Added=MGM, Removed=RAI
  Holding Period End Date: 2017-08-18
    YFinance output for MGM: 2 Failed downloads:
['BLDR', 'TWX']: DNSError('Failed to perform, curl: (6) getaddrinfo() thread failed to start. See https://curl.se/libcurl/c/libcurl-errors.html first for more details.')

2 Failed downloads:
['BLDR', 'TWX']: DNSError('Failed to perform, curl: (6) getaddrinfo() thread failed to start. See https://curl.se/libcurl/c/libcurl-errors.html first for more details.')
    Warning: No data found for MGM
  ✗ S1: Insufficient data for MGM
    Warning: No data found for MGM
    Warning: No data found for RAI
  ✗ S2: Insufficient data for MGM/RAI

60/223: 2017-07-19: Added=RMD, Removed=MNK
  Holding Period End Date: 2017-08-18
    Error fetching RMD: can't start new thread
  ✗ S1: Insufficient data for RMD
    Error fetching RMD: can't start new thread
    Error fetching MNK: can't start new thread
  ✗ S2: Insufficient data for RMD/MNK

61/223: 2017-07-19: Added=PKG, Removed=MUR
  Holding Period End Date: 2017-08-18
    Error fetching PKG: can't start new thread
  ✗ S1: Insufficient data for PKG
    Error fetching PKG: can't start new thread
    Error fetching MUR: can't start new thread
  ✗ S2: Insufficient data for PKG/MUR

62/223: 2017-07-19: Added=AOS, Removed=BBBY
  Holding Period End Date: 2017-08-18
    Error fetching AOS: can't start new thread
  ✗ S1: Insufficient data for AOS
    Error fetching AOS: can't start new thread
    Error fetching BBBY: can't start new thread
  ✗ S2: Insufficient data for AOS/BBBY

63/223: 2017-07-19: Added=DRE, Removed=RIG
  Holding Period End Date: 2017-08-18
    Error fetching DRE: can't start new thread
  ✗ S1: Insufficient data for DRE
    Error fetching DRE: can't start new thread
    Error fetching RIG: can't start new thread
  ✗ S2: Insufficient data for DRE/RIG

64/223: 2017-07-31: Added=BHF, Removed=AN
  Holding Period End Date: 2017-08-30
    YFinance output for BHF: 2 Failed downloads:
['PLTR', 'AAL']: DNSError('Failed to perform, curl: (6) getaddrinfo() thread failed to start. See https://curl.se/libcurl/c/libcurl-errors.html first for more details.')
  ✓ S1: BHF 19.30%, Portfolio: $1,019,537
    Error fetching BHF: can't start new thread
    Error fetching AN: can't start new thread
  ✗ S2: Insufficient data for BHF/AN

65/223: 2017-08-24: Added=Q, Removed=WFM
  Holding Period End Date: 2017-09-26
    Warning: No data found for Q
  ✗ S1: Insufficient data for Q
    Error fetching Q: can't start new thread
    Error fetching WFM: can't start new thread
  ✗ S2: Insufficient data for Q/WFM

66/223: 2017-08-24: Added=SBAC, Removed=DD
  Holding Period End Date: 2017-09-26
    Error fetching SBAC: can't start new thread
  ✗ S1: Insufficient data for SBAC
    Error fetching SBAC: can't start new thread
    Error fetching DD: can't start new thread
  ✗ S2: Insufficient data for SBAC/DD

67/223: 2017-08-24: Added=DWDP, Removed=DOW
  Holding Period End Date: 2017-09-26
    YFinance output for DWDP: 1 Failed download:
['TPL']: DNSError('Failed to perform, curl: (6) getaddrinfo() thread failed to start. See https://curl.se/libcurl/c/libcurl-errors.html first for more details.')
    Warning: No data found for DWDP
  ✗ S1: Insufficient data for DWDP
    Warning: No data found for DWDP
    Warning: No data found for DOW
  ✗ S2: Insufficient data for DWDP/DOW

68/223: 2017-08-24: Added=CDNS, Removed=SPLS
  Holding Period End Date: 2017-09-26
    Error fetching CDNS: can't start new thread
  ✗ S1: Insufficient data for CDNS
    Error fetching CDNS: can't start new thread
    Warning: No data found for SPLS
  ✗ S2: Insufficient data for CDNS/SPLS

69/223: 2017-10-04: Added=NCLH, Removed=LVLT
  Holding Period End Date: 2017-11-03
    Warning: No data found for NCLH
  ✗ S1: Insufficient data for NCLH
    YFinance output for NCLH: 1 Failed download:
['WDAY']: DNSError('Failed to perform, curl: (6) getaddrinfo() thread failed to start. See https://curl.se/libcurl/c/libcurl-errors.html first for more details.')
    Warning: No data found for NCLH
    Error fetching LVLT: can't start new thread
  ✗ S2: Insufficient data for NCLH/LVLT

70/223: 2017-12-28: Added=HII, Removed=BCR
  Holding Period End Date: 2018-01-31
    Error fetching HII: can't start new thread
  ✗ S1: Insufficient data for HII
    Error fetching HII: can't start new thread
    Error fetching BCR: can't start new thread
  ✗ S2: Insufficient data for HII/BCR

71/223: 2018-03-02: Added=IPGP, Removed=SNI
  Holding Period End Date: 2018-04-04
    Error fetching IPGP: can't start new thread
  ✗ S1: Insufficient data for IPGP
    Error fetching IPGP: can't start new thread
  ✗ S2: Insufficient data for IPGP/SNI

72/223: 2018-03-09: Added=TTWO, Removed=SIG
  Holding Period End Date: 2018-04-11
    YFinance output for TTWO: 1 Failed download:
['ETSY']: DNSError('Failed to perform, curl: (6) getaddrinfo() thread failed to start. See https://curl.se/libcurl/c/libcurl-errors.html first for more details.')

1 Failed download:
['ETSY']: DNSError('Failed to perform, curl: (6) getaddrinfo() thread failed to start. See https://curl.se/libcurl/c/libcurl-errors.html first for more details.')

1 Failed download:
['ETSY']: DNSError('Failed to perform, curl: (6) getaddrinfo() thread failed to start. See https://curl.se/libcurl/c/libcurl-errors.html first for more details.')
    Warning: No data found for TTWO
  ✗ S1: Insufficient data for TTWO
    Error fetching SIG: can't start new thread
  ✗ S2: Insufficient data for TTWO/SIG

73/223: 2018-03-09: Added=NKTR, Removed=CHK
  Holding Period End Date: 2018-04-11
    Error fetching NKTR: can't start new thread
  ✗ S1: Insufficient data for NKTR
    Warning: No data found for NKTR
    Error fetching CHK: can't start new thread
  ✗ S2: Insufficient data for NKTR/CHK

74/223: 2018-03-09: Added=SIVB, Removed=PDCO
  Holding Period End Date: 2018-04-11
    Error fetching SIVB: can't start new thread
  ✗ S1: Insufficient data for SIVB
    Error fetching SIVB: can't start new thread
    Error fetching PDCO: can't start new thread
  ✗ S2: Insufficient data for SIVB/PDCO

75/223: 2018-03-28: Added=MSCI, Removed=CSRA
  Holding Period End Date: 2018-04-30
    Warning: No data found for MSCI
  ✗ S1: Insufficient data for MSCI
    Error fetching MSCI: can't start new thread
    Warning: No data found for CSRA
  ✗ S2: Insufficient data for MSCI/CSRA

76/223: 2018-05-25: Added=ABMD, Removed=WYN
  Holding Period End Date: 2018-06-27
    Warning: No data found for ABMD
  ✗ S1: Insufficient data for ABMD
    Error fetching ABMD: can't start new thread
    Error fetching WYN: can't start new thread
  ✗ S2: Insufficient data for ABMD/WYN

77/223: 2018-05-31: Added=EVRG, Removed=NAVI
  Holding Period End Date: 2018-07-02
  ✓ S1: EVRG 0.00%, Portfolio: $1,019,537
    Warning: No data found for EVRG
    Warning: No data found for NAVI
  ✗ S2: Insufficient data for EVRG/NAVI

78/223: 2018-06-04: Added=TWTR, Removed=MON
  Holding Period End Date: 2018-07-05
  ✓ S1: TWTR -3.81%, Portfolio: $980,677
    Warning: No data found for TWTR
    Warning: No data found for MON
  ✗ S2: Insufficient data for TWTR/MON

79/223: 2018-06-08: Added=HFC, Removed=AYI
  Holding Period End Date: 2018-07-11
    Error fetching HFC: can't start new thread
  ✗ S1: Insufficient data for HFC
    Error fetching HFC: can't start new thread
    Error fetching AYI: can't start new thread
  ✗ S2: Insufficient data for HFC/AYI

80/223: 2018-06-08: Added=BR, Removed=RRC
  Holding Period End Date: 2018-07-11
    Warning: No data found for BR
  ✗ S1: Insufficient data for BR
    Error fetching BR: can't start new thread
    Error fetching RRC: can't start new thread
  ✗ S2: Insufficient data for BR/RRC

81/223: 2018-06-15: Added=FLT, Removed=TWX
  Holding Period End Date: 2018-07-18
    Error fetching FLT: can't start new thread
  ✗ S1: Insufficient data for FLT
    Error fetching FLT: can't start new thread
    Error fetching TWX: can't start new thread
  ✗ S2: Insufficient data for FLT/TWX

82/223: 2018-06-25: Added=CPRT, Removed=DPS
  Holding Period End Date: 2018-07-26
    Error fetching CPRT: can't start new thread
  ✗ S1: Insufficient data for CPRT
    Error fetching CPRT: can't start new thread
    Error fetching DPS: can't start new thread
  ✗ S2: Insufficient data for CPRT/DPS

83/223: 2018-08-23: Added=ANET, Removed=GGP
  Holding Period End Date: 2018-09-25
  ✓ S1: ANET 12.47%, Portfolio: $1,102,974
    Warning: No data found for GGP
  ✗ S2: Insufficient data for ANET/GGP

84/223: 2018-09-11: Added=WCG, Removed=XL
  Holding Period End Date: 2018-10-11
    Error fetching WCG: can't start new thread
  ✗ S1: Insufficient data for WCG
    Error fetching WCG: can't start new thread
    Error fetching XL: can't start new thread
  ✗ S2: Insufficient data for WCG/XL

85/223: 2018-09-25: Added=ROL, Removed=ANDV
  Holding Period End Date: 2018-10-25
    Warning: No data found for ROL
  ✗ S1: Insufficient data for ROL
    Error fetching ROL: can't start new thread
    Error fetching ANDV: can't start new thread
  ✗ S2: Insufficient data for ROL/ANDV

86/223: 2018-10-04: Added=FTNT, Removed=EVHC
  Holding Period End Date: 2018-11-05
  ✓ S1: FTNT -1.12%, Portfolio: $1,090,619
    Error fetching FTNT: can't start new thread
    Error fetching EVHC: can't start new thread
  ✗ S2: Insufficient data for FTNT/EVHC

87/223: 2018-10-30: Added=KEYS, Removed=CA
  Holding Period End Date: 2018-11-30
    Error fetching KEYS: can't start new thread
  ✗ S1: Insufficient data for KEYS
    Error fetching KEYS: can't start new thread
    Error fetching CA: can't start new thread
  ✗ S2: Insufficient data for KEYS/CA

88/223: 2018-11-07: Added=JKHY, Removed=EQT
  Holding Period End Date: 2018-12-11
    Error fetching JKHY: can't start new thread
  ✗ S1: Insufficient data for JKHY
    Error fetching JKHY: can't start new thread
    Error fetching EQT: can't start new thread
  ✗ S2: Insufficient data for JKHY/EQT

89/223: 2018-11-26: Added=FANG, Removed=SRCL
  Holding Period End Date: 2018-12-28
    Error fetching FANG: can't start new thread
  ✗ S1: Insufficient data for FANG
    Error fetching FANG: can't start new thread
    Error fetching SRCL: can't start new thread
  ✗ S2: Insufficient data for FANG/SRCL

90/223: 2018-11-26: Added=MXIM, Removed=AET
  Holding Period End Date: 2018-12-28
    Error fetching MXIM: can't start new thread
  ✗ S1: Insufficient data for MXIM
    Error fetching MXIM: can't start new thread
    Error fetching AET: can't start new thread
  ✗ S2: Insufficient data for MXIM/AET

91/223: 2018-11-26: Added=LW, Removed=COL
  Holding Period End Date: 2018-12-28
    Error fetching LW: can't start new thread
  ✗ S1: Insufficient data for LW
    Error fetching LW: can't start new thread
    Error fetching COL: can't start new thread
  ✗ S2: Insufficient data for LW/COL

92/223: 2018-12-27: Added=CE, Removed=ESRX
  Holding Period End Date: 2019-01-30
    Error fetching CE: can't start new thread
  ✗ S1: Insufficient data for CE
    Error fetching CE: can't start new thread
  ✗ S2: Insufficient data for CE/ESRX

93/223: 2018-12-27: Added=FRC, Removed=SCG
  Holding Period End Date: 2019-01-30
    Error fetching FRC: can't start new thread
  ✗ S1: Insufficient data for FRC
    Error fetching FRC: can't start new thread
    Error fetching SCG: can't start new thread
  ✗ S2: Insufficient data for FRC/SCG

94/223: 2019-01-15: Added=TFX, Removed=PCG
  Holding Period End Date: 2019-02-15
  ✗ S1: Error processing TFX: cannot convert the series to <class 'float'>
    Warning: No data found for PCG
  ✗ S2: Insufficient data for TFX/PCG

95/223: 2019-02-08: Added=ATO, Removed=NFX
  Holding Period End Date: 2019-03-13
  ✓ S1: ATO 4.00%, Portfolio: $1,134,285
    Error fetching ATO: can't start new thread
    Error fetching NFX: can't start new thread
  ✗ S2: Insufficient data for ATO/NFX

96/223: 2019-02-21: Added=WAB, Removed=GT
  Holding Period End Date: 2019-03-25
    Error fetching WAB: can't start new thread
  ✗ S1: Insufficient data for WAB
    Error fetching WAB: can't start new thread
    Error fetching GT: can't start new thread
  ✗ S2: Insufficient data for WAB/GT

97/223: 2019-03-14: Added=FOXA, Removed=FOXA
  Holding Period End Date: 2019-04-15
    Error fetching FOXA: can't start new thread
  ✗ S1: Insufficient data for FOXA
    Error fetching FOXA: can't start new thread
    Error fetching FOXA: can't start new thread
  ✗ S2: Insufficient data for FOXA/FOXA

98/223: 2019-03-14: Added=FOX, Removed=FOX
  Holding Period End Date: 2019-04-15
  ✓ S1: FOX -2.00%, Portfolio: $1,111,557
    Warning: No data found for FOX
    Error fetching FOX: can't start new thread
  ✗ S2: Insufficient data for FOX/FOX

99/223: 2019-03-26: Added=DOW, Removed=BHF
  Holding Period End Date: 2019-04-26
    Warning: No data found for DOW
  ✗ S1: Insufficient data for DOW
    Error fetching BHF: can't start new thread
  ✗ S2: Insufficient data for DOW/BHF

100/223: 2019-05-28: Added=CTVA, Removed=FLR
  Holding Period End Date: 2019-06-27
  ✓ S1: CTVA 2.81%, Portfolio: $1,142,761
    Warning: No data found for CTVA
  ✗ S2: Insufficient data for CTVA/FLR

101/223: 2019-05-28: Added=DD, Removed=DWDP
  Holding Period End Date: 2019-06-27
  ✓ S1: DD -4.57%, Portfolio: $1,090,498
  ✓ S2: Long DD (14.92%), Short DWDP (-10.87%)
      Combined: 2.02%, Portfolio: $1,037,689

102/223: 2019-06-03: Added=BMS, Removed=MAT
  Holding Period End Date: 2019-07-03
    Error fetching BMS: can't start new thread
  ✗ S1: Insufficient data for BMS
    Warning: No data found for BMS
    Warning: No data found for MAT
  ✗ S2: Insufficient data for BMS/MAT

103/223: 2019-06-03: Added=AMCR, Removed=BMS
  Holding Period End Date: 2019-07-03
    Error fetching AMCR: can't start new thread
  ✗ S1: Insufficient data for AMCR
    Error fetching AMCR: can't start new thread
    Error fetching BMS: can't start new thread
  ✗ S2: Insufficient data for AMCR/BMS

104/223: 2019-06-24: Added=MKTX, Removed=LLL
  Holding Period End Date: 2019-07-25
    Error fetching MKTX: can't start new thread
  ✗ S1: Insufficient data for MKTX
    Error fetching MKTX: can't start new thread
  ✗ S2: Insufficient data for MKTX/LLL

105/223: 2019-07-09: Added=TMUS, Removed=RHT
  Holding Period End Date: 2019-08-08
  ✓ S1: TMUS 7.36%, Portfolio: $1,170,765
    Error fetching TMUS: can't start new thread
    YFinance output for RHT: 1 Failed download:
['TPL']: DNSError('Failed to perform, curl: (6) getaddrinfo() thread failed to start. See https://curl.se/libcurl/c/libcurl-errors.html first for more details.')
    Warning: No data found for RHT
  ✗ S2: Insufficient data for TMUS/RHT

106/223: 2019-08-01: Added=IEX, Removed=FL
  Holding Period End Date: 2019-09-03
    Error fetching IEX: can't start new thread
  ✗ S1: Insufficient data for IEX
  ✗ S2: Error processing IEX/FL: cannot convert the series to <class 'float'>

107/223: 2019-08-01: Added=LDOS, Removed=APC
  Holding Period End Date: 2019-09-03
  ✓ S1: LDOS 9.14%, Portfolio: $1,277,796
    Error fetching LDOS: can't start new thread
    Warning: No data found for APC
  ✗ S2: Insufficient data for LDOS/APC

108/223: 2019-09-17: Added=CDW, Removed=TSS
  Holding Period End Date: 2019-10-17
    Error fetching CDW: can't start new thread
  ✗ S1: Insufficient data for CDW
    Warning: No data found for TSS
  ✗ S2: Insufficient data for CDW/TSS

109/223: 2019-09-20: Added=NVR, Removed=JEF
  Holding Period End Date: 2019-10-22
    Warning: No data found for NVR
  ✗ S1: Insufficient data for NVR
    Error fetching NVR: can't start new thread
    Error fetching JEF: can't start new thread
  ✗ S2: Insufficient data for NVR/JEF

110/223: 2019-09-20: Added=LVS, Removed=NKTR
  Holding Period End Date: 2019-10-22
    Error fetching LVS: can't start new thread
  ✗ S1: Insufficient data for LVS
    Error fetching LVS: can't start new thread
    Warning: No data found for NKTR
  ✗ S2: Insufficient data for LVS/NKTR

111/223: 2019-11-18: Added=NOW, Removed=CELG
  Holding Period End Date: 2019-12-19
  ✓ S1: NOW 10.58%, Portfolio: $1,412,937
    Error fetching NOW: can't start new thread
    Error fetching CELG: can't start new thread
  ✗ S2: Insufficient data for NOW/CELG

112/223: 2019-11-27: Added=WRB, Removed=VIAB
  Holding Period End Date: 2019-12-31
    Warning: No data found for WRB
  ✗ S1: Insufficient data for WRB
    Error fetching WRB: can't start new thread
    Error fetching VIAB: can't start new thread
  ✗ S2: Insufficient data for WRB/VIAB

113/223: 2019-12-02: Added=ODFL, Removed=STI
  Holding Period End Date: 2020-01-03
    Error fetching ODFL: can't start new thread
  ✗ S1: Insufficient data for ODFL
    Error fetching ODFL: can't start new thread
    Error fetching STI: can't start new thread
  ✗ S2: Insufficient data for ODFL/STI

114/223: 2019-12-13: Added=ZBRA, Removed=TRIP
  Holding Period End Date: 2020-01-16
    Error fetching ZBRA: can't start new thread
  ✗ S1: Insufficient data for ZBRA
    Error fetching ZBRA: can't start new thread
    Error fetching TRIP: can't start new thread
  ✗ S2: Insufficient data for ZBRA/TRIP

115/223: 2019-12-13: Added=LYV, Removed=AMG
  Holding Period End Date: 2020-01-16
    YFinance output for LYV: 1 Failed download:
['FMC']: DNSError('Failed to perform, curl: (6) getaddrinfo() thread failed to start. See https://curl.se/libcurl/c/libcurl-errors.html first for more details.')

1 Failed download:
['FMC']: DNSError('Failed to perform, curl: (6) getaddrinfo() thread failed to start. See https://curl.se/libcurl/c/libcurl-errors.html first for more details.')

1 Failed download:
['FMC']: DNSError('Failed to perform, curl: (6) getaddrinfo() thread failed to start. See https://curl.se/libcurl/c/libcurl-errors.html first for more details.')

1 Failed download:
['FMC']: DNSError('Failed to perform, curl: (6) getaddrinfo() thread failed to start. See https://curl.se/libcurl/c/libcurl-errors.html first for more details.')
    Warning: No data found for LYV
  ✗ S1: Insufficient data for LYV
    Error fetching LYV: can't start new thread
    Error fetching AMG: can't start new thread
  ✗ S2: Insufficient data for LYV/AMG

116/223: 2019-12-13: Added=STE, Removed=MAC
  Holding Period End Date: 2020-01-16
    Error fetching STE: can't start new thread
  ✗ S1: Insufficient data for STE
    Error fetching STE: can't start new thread
    Warning: No data found for MAC
  ✗ S2: Insufficient data for STE/MAC

117/223: 2020-01-22: Added=PAYC, Removed=WCG
  Holding Period End Date: 2020-02-24
    Error fetching PAYC: can't start new thread
  ✗ S1: Insufficient data for PAYC
    Error fetching PAYC: can't start new thread
    Error fetching WCG: can't start new thread
  ✗ S2: Insufficient data for PAYC/WCG

118/223: 2020-02-27: Added=IR, Removed=XEC
  Holding Period End Date: 2020-03-30
    Error fetching IR: can't start new thread
  ✗ S1: Insufficient data for IR
    Error fetching IR: can't start new thread
    Error fetching XEC: can't start new thread
  ✗ S2: Insufficient data for IR/XEC

119/223: 2020-03-31: Added=nan, Removed=M
  Holding Period End Date: 2020-05-01

120/223: 2020-03-31: Added=nan, Removed=RTN
  Holding Period End Date: 2020-05-01

121/223: 2020-03-31: Added=CARR, Removed=nan
  Holding Period End Date: 2020-05-01
    Warning: No data found for CARR
  ✗ S1: Insufficient data for CARR

122/223: 2020-03-31: Added=OTIS, Removed=nan
  Holding Period End Date: 2020-05-01
  ✓ S1: OTIS -1.57%, Portfolio: $1,390,713

123/223: 2020-05-05: Added=HWM, Removed=ARNC
  Holding Period End Date: 2020-06-05
    Warning: No data found for HWM
  ✗ S1: Insufficient data for HWM
    Error fetching HWM: can't start new thread
    Error fetching ARNC: can't start new thread
  ✗ S2: Insufficient data for HWM/ARNC

124/223: 2020-05-06: Added=DXCM, Removed=AGN
  Holding Period End Date: 2020-06-08
    Warning: No data found for DXCM
  ✗ S1: Insufficient data for DXCM
    Error fetching DXCM: can't start new thread
    Error fetching AGN: can't start new thread
  ✗ S2: Insufficient data for DXCM/AGN

125/223: 2020-05-06: Added=DPZ, Removed=CPRI
  Holding Period End Date: 2020-06-08
    Warning: No data found for DPZ
  ✗ S1: Insufficient data for DPZ
    YFinance output for DPZ: 1 Failed download:
['EXE']: DNSError('Failed to perform, curl: (6) getaddrinfo() thread failed to start. See https://curl.se/libcurl/c/libcurl-errors.html first for more details.')
  ✓ S2: Long DPZ (-3.72%), Short CPRI (-4.26%)
      Combined: -3.99%, Portfolio: $996,254

126/223: 2020-05-18: Added=WST, Removed=HP
  Holding Period End Date: 2020-06-18
    YFinance output for WST: 1 Failed download:
['DTV']: YFTzMissingError('possibly delisted; no timezone found')

1 Failed download:
['DTV']: YFTzMissingError('possibly delisted; no timezone found')

1 Failed download:
['DTV']: YFTzMissingError('possibly delisted; no timezone found')

1 Failed download:
['DTV']: YFTzMissingError('possibly delisted; no timezone found')
    Warning: No data found for WST
  ✗ S1: Insufficient data for WST
    Error fetching WST: can't start new thread
    Error fetching HP: can't start new thread
  ✗ S2: Insufficient data for WST/HP

127/223: 2020-06-12: Added=BIO, Removed=ADS
  Holding Period End Date: 2020-07-15
    Error fetching BIO: can't start new thread
  ✗ S1: Insufficient data for BIO
    Error fetching BIO: can't start new thread
    Error fetching ADS: can't start new thread
  ✗ S2: Insufficient data for BIO/ADS

128/223: 2020-06-12: Added=TDY, Removed=HOG
  Holding Period End Date: 2020-07-15
    Warning: No data found for TDY
  ✗ S1: Insufficient data for TDY
    Warning: No data found for TDY
    Error fetching HOG: can't start new thread
  ✗ S2: Insufficient data for TDY/HOG

129/223: 2020-06-12: Added=TYL, Removed=JWN
  Holding Period End Date: 2020-07-15
    Warning: No data found for TYL
  ✗ S1: Insufficient data for TYL
    YFinance output for TYL: 1 Failed download:
['ATVI']: YFTzMissingError('possibly delisted; no timezone found')
    Warning: No data found for TYL
    Error fetching JWN: can't start new thread
  ✗ S2: Insufficient data for TYL/JWN

130/223: 2020-09-04: Added=CTLT, Removed=KSS
  Holding Period End Date: 2020-10-07
    Error fetching CTLT: can't start new thread
  ✗ S1: Insufficient data for CTLT
    Error fetching CTLT: can't start new thread
  ✗ S2: Insufficient data for CTLT/KSS

131/223: 2020-09-04: Added=ETSY, Removed=HRB
  Holding Period End Date: 2020-10-07
    Error fetching ETSY: can't start new thread
  ✗ S1: Insufficient data for ETSY
    Error fetching ETSY: can't start new thread
    Error fetching HRB: can't start new thread
  ✗ S2: Insufficient data for ETSY/HRB

132/223: 2020-09-04: Added=TER, Removed=COTY
  Holding Period End Date: 2020-10-07
    YFinance output for TER: 1 Failed download:
['HSP']: YFPricesMissingError('possibly delisted; no price data found  (1d 2015-08-27 00:00:00 -> 2015-09-14)')
    Warning: No data found for TER
  ✗ S1: Insufficient data for TER
    YFinance output for TER: 1 Failed download:
['NE']: DNSError('Failed to perform, curl: (6) getaddrinfo() thread failed to start. See https://curl.se/libcurl/c/libcurl-errors.html first for more details.')

1 Failed download:
['NE']: DNSError('Failed to perform, curl: (6) getaddrinfo() thread failed to start. See https://curl.se/libcurl/c/libcurl-errors.html first for more details.')
    Error fetching COTY: can't start new thread
  ✗ S2: Insufficient data for TER/COTY

133/223: 2020-10-01: Added=POOL, Removed=ETFC
  Holding Period End Date: 2020-11-02
    Error fetching POOL: can't start new thread
  ✗ S1: Insufficient data for POOL
    Error fetching POOL: can't start new thread
    Error fetching ETFC: can't start new thread
  ✗ S2: Insufficient data for POOL/ETFC

134/223: 2020-10-05: Added=VNT, Removed=nan
  Holding Period End Date: 2020-11-04
    Error fetching VNT: can't start new thread
  ✗ S1: Insufficient data for VNT

135/223: 2020-10-05: Added=nan, Removed=NBL
  Holding Period End Date: 2020-11-04

136/223: 2020-12-11: Added=TSLA, Removed=AIV
  Holding Period End Date: 2021-01-14
    Warning: No data found for TSLA
  ✗ S1: Insufficient data for TSLA
    Error fetching TSLA: can't start new thread
    Error fetching AIV: can't start new thread
  ✗ S2: Insufficient data for TSLA/AIV

137/223: 2020-12-30: Added=ENPH, Removed=TIF
  Holding Period End Date: 2021-02-02
    Error fetching ENPH: can't start new thread
  ✗ S1: Insufficient data for ENPH
    Error fetching ENPH: can't start new thread
    Error fetching TIF: can't start new thread
  ✗ S2: Insufficient data for ENPH/TIF

138/223: 2021-01-15: Added=TRMB, Removed=CXO
  Holding Period End Date: 2021-02-18
    Error fetching TRMB: can't start new thread
  ✗ S1: Insufficient data for TRMB
    Error fetching TRMB: can't start new thread
    Error fetching CXO: can't start new thread
  ✗ S2: Insufficient data for TRMB/CXO

139/223: 2021-02-08: Added=MPWR, Removed=FTI
  Holding Period End Date: 2021-03-11
  ✓ S1: MPWR -0.69%, Portfolio: $1,381,144
    Warning: No data found for MPWR
    Error fetching FTI: can't start new thread
  ✗ S2: Insufficient data for MPWR/FTI

140/223: 2021-03-12: Added=CZR, Removed=VNT
  Holding Period End Date: 2021-04-14
    Warning: No data found for CZR
  ✗ S1: Insufficient data for CZR
    Warning: No data found for CZR
    Warning: No data found for VNT
  ✗ S2: Insufficient data for CZR/VNT

141/223: 2021-03-12: Added=PENN, Removed=SLG
  Holding Period End Date: 2021-04-14
    YFinance output for PENN: 1 Failed download:
['ATVI']: YFTzMissingError('possibly delisted; no timezone found')

1 Failed download:
['ATVI']: YFTzMissingError('possibly delisted; no timezone found')
    Warning: No data found for PENN
  ✗ S1: Insufficient data for PENN
    YFinance output for PENN: 1 Failed download:
['INFO']: DNSError('Failed to perform, curl: (6) getaddrinfo() thread failed to start. See https://curl.se/libcurl/c/libcurl-errors.html first for more details.')

1 Failed download:
['INFO']: DNSError('Failed to perform, curl: (6) getaddrinfo() thread failed to start. See https://curl.se/libcurl/c/libcurl-errors.html first for more details.')

1 Failed download:
['INFO']: DNSError('Failed to perform, curl: (6) getaddrinfo() thread failed to start. See https://curl.se/libcurl/c/libcurl-errors.html first for more details.')
    Warning: No data found for PENN
    Error fetching SLG: can't start new thread
  ✗ S2: Insufficient data for PENN/SLG

142/223: 2021-03-12: Added=NXPI, Removed=FLS
  Holding Period End Date: 2021-04-14
  ✗ S1: Insufficient data for NXPI
    YFinance output for NXPI: 1 Failed download:
['JOY']: YFPricesMissingError('possibly delisted; no price data found  (1d 2015-09-30 00:00:00 -> 2015-10-16)')
    Warning: No data found for NXPI
    Error fetching FLS: can't start new thread
  ✗ S2: Insufficient data for NXPI/FLS

143/223: 2021-03-12: Added=GNRC, Removed=XRX
  Holding Period End Date: 2021-04-14
    Error fetching GNRC: can't start new thread
  ✗ S1: Insufficient data for GNRC
    Error fetching GNRC: can't start new thread
    YFinance output for XRX: 1 Failed download:
['ALTR']: YFTzMissingError('possibly delisted; no timezone found')

1 Failed download:
['ALTR']: YFTzMissingError('possibly delisted; no timezone found')
    Warning: No data found for XRX
  ✗ S2: Insufficient data for GNRC/XRX

144/223: 2021-04-15: Added=PTC, Removed=VAR
  Holding Period End Date: 2021-05-17
    Warning: No data found for PTC
  ✗ S1: Insufficient data for PTC
    Error fetching PTC: can't start new thread
    Error fetching VAR: can't start new thread
  ✗ S2: Insufficient data for PTC/VAR

145/223: 2021-05-10: Added=CRL, Removed=FLIR
  Holding Period End Date: 2021-06-10
    YFinance output for CRL: 1 Failed download:
['KRFT']: YFPricesMissingError('possibly delisted; no price data found  (1d 2015-07-02 00:00:00 -> 2015-07-24)')

1 Failed download:
['KRFT']: YFPricesMissingError('possibly delisted; no price data found  (1d 2015-07-02 00:00:00 -> 2015-07-24)')

1 Failed download:
['KRFT']: YFPricesMissingError('possibly delisted; no price data found  (1d 2015-07-02 00:00:00 -> 2015-07-24)')
    Warning: No data found for CRL
  ✗ S1: Insufficient data for CRL
    Error fetching CRL: can't start new thread
    Error fetching FLIR: can't start new thread
  ✗ S2: Insufficient data for CRL/FLIR

146/223: 2021-05-27: Added=OGN, Removed=nan
  Holding Period End Date: 2021-06-29
    YFinance output for OGN: 2 Failed downloads:
['VRSK', 'DDOG']: DNSError('Failed to perform, curl: (6) getaddrinfo() thread failed to start. See https://curl.se/libcurl/c/libcurl-errors.html first for more details.')
    Warning: No data found for OGN
  ✗ S1: Insufficient data for OGN

147/223: 2021-05-27: Added=nan, Removed=HFC
  Holding Period End Date: 2021-06-29

148/223: 2021-07-15: Added=MRNA, Removed=ALXN
  Holding Period End Date: 2021-08-16
    Error fetching MRNA: can't start new thread
  ✗ S1: Insufficient data for MRNA
    Error fetching MRNA: can't start new thread
    Error fetching ALXN: can't start new thread
  ✗ S2: Insufficient data for MRNA/ALXN

149/223: 2021-08-24: Added=TECH, Removed=MXIM
  Holding Period End Date: 2021-09-24
    Error fetching TECH: can't start new thread
  ✗ S1: Insufficient data for TECH
    Error fetching TECH: can't start new thread
    Error fetching MXIM: can't start new thread
  ✗ S2: Insufficient data for TECH/MXIM

150/223: 2021-09-03: Added=BRO, Removed=NOV
  Holding Period End Date: 2021-10-06
  ✗ S1: Error processing BRO: cannot convert the series to <class 'float'>
    Warning: No data found for BRO
    Error fetching NOV: can't start new thread
  ✗ S2: Insufficient data for BRO/NOV

151/223: 2021-09-03: Added=CDAY, Removed=UNM
  Holding Period End Date: 2021-10-06
    Warning: No data found for CDAY
  ✗ S1: Insufficient data for CDAY
    Warning: No data found for CDAY
    Warning: No data found for UNM
  ✗ S2: Insufficient data for CDAY/UNM

152/223: 2021-09-03: Added=MTCH, Removed=PRGO
  Holding Period End Date: 2021-10-06
    Error fetching MTCH: can't start new thread
  ✗ S1: Insufficient data for MTCH
    Error fetching MTCH: can't start new thread
    Warning: No data found for PRGO
  ✗ S2: Insufficient data for MTCH/PRGO

153/223: 2021-12-03: Added=FDS, Removed=WU
  Holding Period End Date: 2022-01-05
  ✓ S1: FDS -0.90%, Portfolio: $1,368,652
    YFinance output for FDS: 1 Failed download:
['ATVI']: YFTzMissingError('possibly delisted; no timezone found')

1 Failed download:
['ATVI']: YFTzMissingError('possibly delisted; no timezone found')
    Warning: No data found for FDS
    Warning: No data found for WU
  ✗ S2: Insufficient data for FDS/WU

154/223: 2021-12-03: Added=SEDG, Removed=HBI
  Holding Period End Date: 2022-01-05
  ✓ S1: SEDG -3.04%, Portfolio: $1,326,986
    YFinance output for HBI: 1 Failed download:
['BRCM']: possibly delisted; no price data found  (1d 2016-01-22 00:00:00 -> 2016-02-05)

1 Failed download:
['BRCM']: possibly delisted; no price data found  (1d 2016-01-22 00:00:00 -> 2016-02-05)

1 Failed download:
['BRCM']: possibly delisted; no price data found  (1d 2016-01-22 00:00:00 -> 2016-02-05)

1 Failed download:
['BRCM']: possibly delisted; no price data found  (1d 2016-01-22 00:00:00 -> 2016-02-05)
    Warning: No data found for HBI
  ✗ S2: Insufficient data for SEDG/HBI

155/223: 2021-12-03: Added=SBNY, Removed=LEG
  Holding Period End Date: 2022-01-05
    Warning: No data found for SBNY
  ✗ S1: Insufficient data for SBNY
    Error fetching SBNY: can't start new thread
  ✗ S2: Insufficient data for SBNY/LEG

156/223: 2021-12-07: Added=EPAM, Removed=KSU
  Holding Period End Date: 2022-01-07
    Error fetching EPAM: can't start new thread
  ✗ S1: Insufficient data for EPAM
    Error fetching EPAM: can't start new thread
    Error fetching KSU: can't start new thread
  ✗ S2: Insufficient data for EPAM/KSU

157/223: 2022-01-26: Added=CEG, Removed=nan
  Holding Period End Date: 2022-02-28
    Warning: No data found for CEG
  ✗ S1: Insufficient data for CEG

158/223: 2022-01-26: Added=nan, Removed=GPS
  Holding Period End Date: 2022-02-28

159/223: 2022-02-10: Added=NDSN, Removed=XLNX
  Holding Period End Date: 2022-03-15
    Warning: No data found for NDSN
  ✗ S1: Insufficient data for NDSN
    Error fetching NDSN: can't start new thread
    Error fetching XLNX: can't start new thread
  ✗ S2: Insufficient data for NDSN/XLNX

160/223: 2022-02-25: Added=MOH, Removed=INFO
  Holding Period End Date: 2022-03-29
    Error fetching MOH: can't start new thread
  ✗ S1: Insufficient data for MOH
    Error fetching MOH: can't start new thread
    YFinance output for INFO: 1 Failed download:
['SIAL']: YFPricesMissingError('possibly delisted; no price data found  (1d 2015-11-12 00:00:00 -> 2015-12-03)')
    Warning: No data found for INFO
  ✗ S2: Insufficient data for MOH/INFO

161/223: 2022-03-29: Added=CPT, Removed=PBCT
  Holding Period End Date: 2022-04-29
    Error fetching CPT: can't start new thread
  ✗ S1: Insufficient data for CPT
    Error fetching CPT: can't start new thread
    Error fetching PBCT: can't start new thread
  ✗ S2: Insufficient data for CPT/PBCT

162/223: 2022-04-07: Added=WBD, Removed=DISCA
  Holding Period End Date: 2022-05-10
    YFinance output for WBD: 1 Failed download:
['VRSK']: DNSError('Failed to perform, curl: (6) getaddrinfo() thread failed to start. See https://curl.se/libcurl/c/libcurl-errors.html first for more details.')

1 Failed download:
['VRSK']: DNSError('Failed to perform, curl: (6) getaddrinfo() thread failed to start. See https://curl.se/libcurl/c/libcurl-errors.html first for more details.')
    Warning: No data found for WBD
  ✗ S1: Insufficient data for WBD
    Error fetching WBD: can't start new thread
    Error fetching DISCA: can't start new thread
  ✗ S2: Insufficient data for WBD/DISCA

163/223: 2022-04-07: Added=nan, Removed=DISCK
  Holding Period End Date: 2022-05-10

164/223: 2022-06-03: Added=VICI, Removed=CERN
  Holding Period End Date: 2022-07-07
    Warning: No data found for VICI
  ✗ S1: Insufficient data for VICI
  ✗ S2: Error processing VICI/CERN: cannot convert the series to <class 'float'>

165/223: 2022-06-03: Added=ON, Removed=IPGP
  Holding Period End Date: 2022-07-07
    YFinance output for ON: 1 Failed download:
['CHD']: DNSError('Failed to perform, curl: (6) getaddrinfo() thread failed to start. See https://curl.se/libcurl/c/libcurl-errors.html first for more details.')
    Warning: No data found for ON
  ✗ S1: Insufficient data for ON
    Error fetching IPGP: can't start new thread
  ✗ S2: Insufficient data for ON/IPGP

166/223: 2022-06-03: Added=KDP, Removed=UAA
  Holding Period End Date: 2022-07-07
    Warning: No data found for KDP
  ✗ S1: Insufficient data for KDP
    Error fetching KDP: can't start new thread
    Error fetching UAA: can't start new thread
  ✗ S2: Insufficient data for KDP/UAA

167/223: 2022-06-03: Added=nan, Removed=UA
  Holding Period End Date: 2022-07-07

168/223: 2022-09-02: Added=CSGP, Removed=PVH
  Holding Period End Date: 2022-10-05
    Warning: No data found for CSGP
  ✗ S1: Insufficient data for CSGP
    Warning: No data found for CSGP
    Warning: No data found for PVH
  ✗ S2: Insufficient data for CSGP/PVH

169/223: 2022-09-02: Added=INVH, Removed=PENN
  Holding Period End Date: 2022-10-05
  ✗ S1: Error processing INVH: cannot convert the series to <class 'float'>
    Error fetching INVH: can't start new thread
    Error fetching PENN: can't start new thread
  ✗ S2: Insufficient data for INVH/PENN

170/223: 2022-09-23: Added=PCG, Removed=CTXS
  Holding Period End Date: 2022-10-25
    Error fetching PCG: can't start new thread
  ✗ S1: Insufficient data for PCG
    YFinance output for PCG: 1 Failed download:
['FOSL']: DNSError('Failed to perform, curl: (6) getaddrinfo() thread failed to start. See https://curl.se/libcurl/c/libcurl-errors.html first for more details.')

1 Failed download:
['FOSL']: DNSError('Failed to perform, curl: (6) getaddrinfo() thread failed to start. See https://curl.se/libcurl/c/libcurl-errors.html first for more details.')
    Warning: No data found for PCG
    Error fetching CTXS: can't start new thread
  ✗ S2: Insufficient data for PCG/CTXS

171/223: 2022-09-23: Added=EQT, Removed=DRE
  Holding Period End Date: 2022-10-25
  ✓ S1: EQT -4.81%, Portfolio: $1,263,121
    Error fetching EQT: can't start new thread
    Error fetching DRE: can't start new thread
  ✗ S2: Insufficient data for EQT/DRE

172/223: 2022-10-06: Added=TRGP, Removed=NLSN
  Holding Period End Date: 2022-11-07
  ✓ S1: TRGP 1.73%, Portfolio: $1,284,984
    Warning: No data found for TRGP
    Error fetching NLSN: can't start new thread
  ✗ S2: Insufficient data for TRGP/NLSN

173/223: 2022-10-27: Added=ACGL, Removed=TWTR
  Holding Period End Date: 2022-11-29
  ✓ S1: ACGL -2.34%, Portfolio: $1,254,888
    Error fetching ACGL: can't start new thread
    Error fetching TWTR: can't start new thread
  ✗ S2: Insufficient data for ACGL/TWTR

174/223: 2022-12-12: Added=FSLR, Removed=FBHS
  Holding Period End Date: 2023-01-13
    Error fetching FSLR: can't start new thread
  ✗ S1: Insufficient data for FSLR
    Error fetching FSLR: can't start new thread
    Error fetching FBHS: can't start new thread
  ✗ S2: Insufficient data for FSLR/FBHS

175/223: 2022-12-12: Added=nan, Removed=MBC
  Holding Period End Date: 2023-01-13

176/223: 2022-12-12: Added=MBC, Removed=nan
  Holding Period End Date: 2023-01-13
    Error fetching MBC: can't start new thread
  ✗ S1: Insufficient data for MBC

177/223: 2022-12-19: Added=STLD, Removed=ABMD
  Holding Period End Date: 2023-01-23
  ✓ S1: STLD -6.45%, Portfolio: $1,173,951
    Warning: No data found for ABMD
  ✗ S2: Insufficient data for STLD/ABMD

178/223: 2022-12-28: Added=GEHC, Removed=nan
  Holding Period End Date: 2023-01-31
    Error fetching GEHC: can't start new thread
  ✗ S1: Insufficient data for GEHC

179/223: 2022-12-28: Added=nan, Removed=VNO
  Holding Period End Date: 2023-01-31

180/223: 2023-03-03: Added=FICO, Removed=LUMN
  Holding Period End Date: 2023-04-04
    Error fetching FICO: can't start new thread
  ✗ S1: Insufficient data for FICO
    Error fetching FICO: can't start new thread
    Warning: No data found for LUMN
  ✗ S2: Insufficient data for FICO/LUMN

181/223: 2023-03-10: Added=PODD, Removed=SIVB
  Holding Period End Date: 2023-04-12
    Warning: No data found for PODD
  ✗ S1: Insufficient data for PODD
    Error fetching PODD: can't start new thread
    Error fetching SIVB: can't start new thread
  ✗ S2: Insufficient data for PODD/SIVB

182/223: 2023-03-13: Added=BG, Removed=SBNY
  Holding Period End Date: 2023-04-13
    Error fetching BG: can't start new thread
  ✗ S1: Insufficient data for BG
    Error fetching BG: can't start new thread
    Error fetching SBNY: can't start new thread
  ✗ S2: Insufficient data for BG/SBNY

183/223: 2023-05-01: Added=AXON, Removed=FRC
  Holding Period End Date: 2023-06-01
    Error fetching AXON: can't start new thread
  ✗ S1: Insufficient data for AXON
    Error fetching AXON: can't start new thread
    Error fetching FRC: can't start new thread
  ✗ S2: Insufficient data for AXON/FRC

184/223: 2023-06-02: Added=PANW, Removed=DISH
  Holding Period End Date: 2023-07-06
    Error fetching PANW: can't start new thread
  ✗ S1: Insufficient data for PANW
    Error fetching PANW: can't start new thread
    Error fetching DISH: can't start new thread
  ✗ S2: Insufficient data for PANW/DISH

185/223: 2023-08-21: Added=nan, Removed=TEL
  Holding Period End Date: 2023-09-21

186/223: 2023-08-21: Added=KVUE, Removed=AAP
  Holding Period End Date: 2023-09-21
  ✓ S1: KVUE -7.83%, Portfolio: $1,082,049
    Warning: No data found for KVUE
  ✗ S2: Insufficient data for KVUE/AAP

187/223: 2023-08-21: Added=PCS, Removed=nan
  Holding Period End Date: 2023-09-21
    Warning: No data found for PCS
  ✗ S1: Insufficient data for PCS

188/223: 2023-09-14: Added=BX, Removed=LNC
  Holding Period End Date: 2023-10-16
  ✓ S1: BX -21.20%, Portfolio: $852,604
    Warning: No data found for LNC
  ✗ S2: Insufficient data for BX/LNC

189/223: 2023-09-14: Added=ABNB, Removed=NWL
  Holding Period End Date: 2023-10-16
    YFinance output for ABNB: 1 Failed download:
['HCBK']: YFPricesMissingError('possibly delisted; no price data found  (1d 2015-10-27 00:00:00 -> 2015-11-19)')
    Warning: No data found for ABNB
  ✗ S1: Insufficient data for ABNB
    Warning: No data found for NWL
  ✗ S2: Insufficient data for ABNB/NWL

190/223: 2023-09-28: Added=VLTO, Removed=nan
  Holding Period End Date: 2023-10-30
  ✓ S1: VLTO -2.09%, Portfolio: $834,776

191/223: 2023-09-28: Added=nan, Removed=DXC
  Holding Period End Date: 2023-10-30

192/223: 2023-10-13: Added=LULU, Removed=ATVI
  Holding Period End Date: 2023-11-14
    YFinance output for LULU: 1 Failed download:
['ACE']: YFPricesMissingError('possibly delisted; no price data found  (1d 2016-01-13 00:00:00 -> 2016-02-04) (Yahoo error = "Data doesn\'t exist for startDate = 1452661200, endDate = 1454562000")')

1 Failed download:
['ACE']: YFPricesMissingError('possibly delisted; no price data found  (1d 2016-01-13 00:00:00 -> 2016-02-04) (Yahoo error = "Data doesn\'t exist for startDate = 1452661200, endDate = 1454562000")')

1 Failed download:
['ACE']: YFPricesMissingError('possibly delisted; no price data found  (1d 2016-01-13 00:00:00 -> 2016-02-04) (Yahoo error = "Data doesn\'t exist for startDate = 1452661200, endDate = 1454562000")')

1 Failed download:
['ACE']: YFPricesMissingError('possibly delisted; no price data found  (1d 2016-01-13 00:00:00 -> 2016-02-04) (Yahoo error = "Data doesn\'t exist for startDate = 1452661200, endDate = 1454562000")')
    Warning: No data found for LULU
  ✗ S1: Insufficient data for LULU
  ✗ S2: Error processing LULU/ATVI: cannot convert the series to <class 'float'>

193/223: 2023-10-13: Added=HUBB, Removed=OGN
  Holding Period End Date: 2023-11-14
  ✓ S1: HUBB -3.85%, Portfolio: $802,615
  ✓ S2: Long HUBB (-6.79%), Short OGN (8.03%)
      Combined: 0.62%, Portfolio: $1,002,431

194/223: 2023-12-01: Added=UBER, Removed=SEE
  Holding Period End Date: 2024-01-04
  ✓ S1: UBER -4.75%, Portfolio: $764,508
  ✓ S2: Long UBER (-7.43%), Short SEE (5.66%)
      Combined: -0.89%, Portfolio: $993,541

195/223: 2023-12-01: Added=BLDR, Removed=SEDG
  Holding Period End Date: 2024-01-04
    Error fetching BLDR: can't start new thread
  ✗ S1: Insufficient data for BLDR
    Warning: No data found for SEDG
  ✗ S2: Insufficient data for BLDR/SEDG

196/223: 2023-12-01: Added=JBL, Removed=ALK
  Holding Period End Date: 2024-01-04
    YFinance output for JBL: 3 Failed downloads:
['FRT', 'CNC', 'CFG']: DNSError('Failed to perform, curl: (6) getaddrinfo() thread failed to start. See https://curl.se/libcurl/c/libcurl-errors.html first for more details.')

3 Failed downloads:
['FRT', 'CNC', 'CFG']: DNSError('Failed to perform, curl: (6) getaddrinfo() thread failed to start. See https://curl.se/libcurl/c/libcurl-errors.html first for more details.')
    Warning: No data found for JBL
  ✗ S1: Insufficient data for JBL
  ✓ S2: Long JBL (-15.44%), Short ALK (4.85%)
      Combined: -5.30%, Portfolio: $940,914

197/223: 2024-03-01: Added=SMCI, Removed=WHR
  Holding Period End Date: 2024-04-03
  ✓ S1: SMCI -15.44%, Portfolio: $646,475
    Warning: No data found for SMCI
    Warning: No data found for WHR
  ✗ S2: Insufficient data for SMCI/WHR

198/223: 2024-03-01: Added=DECK, Removed=ZION
  Holding Period End Date: 2024-04-03
  ✗ S1: Error processing DECK: cannot convert the series to <class 'float'>
    Error fetching DECK: can't start new thread
    Error fetching ZION: can't start new thread
  ✗ S2: Insufficient data for DECK/ZION

199/223: 2024-03-27: Added=SOLV, Removed=nan
  Holding Period End Date: 2024-04-29
    Warning: No data found for SOLV
  ✗ S1: Insufficient data for SOLV

200/223: 2024-03-27: Added=GEV, Removed=nan
  Holding Period End Date: 2024-04-29
    YFinance output for GEV: 1 Failed download:
['BRCM']: YFPricesMissingError('possibly delisted; no price data found  (1d 2016-01-22 00:00:00 -> 2016-02-16)')

1 Failed download:
['BRCM']: YFPricesMissingError('possibly delisted; no price data found  (1d 2016-01-22 00:00:00 -> 2016-02-16)')
    Warning: No data found for GEV
  ✗ S1: Insufficient data for GEV

201/223: 2024-03-27: Added=nan, Removed=XRAY
  Holding Period End Date: 2024-04-29

202/223: 2024-03-27: Added=nan, Removed=VFC
  Holding Period End Date: 2024-04-29

203/223: 2024-05-03: Added=VST, Removed=PXD
  Holding Period End Date: 2024-06-05
    Error fetching VST: can't start new thread
  ✗ S1: Insufficient data for VST
    Error fetching VST: can't start new thread
    Error fetching PXD: can't start new thread
  ✗ S2: Insufficient data for VST/PXD

204/223: 2024-06-07: Added=KKR, Removed=RHI
  Holding Period End Date: 2024-07-11
    Error fetching KKR: can't start new thread
  ✗ S1: Insufficient data for KKR
    Error fetching KKR: can't start new thread
    Error fetching RHI: can't start new thread
  ✗ S2: Insufficient data for KKR/RHI

205/223: 2024-06-07: Added=CRWD, Removed=CMA
  Holding Period End Date: 2024-07-11
    YFinance output for CRWD: 1 Failed download:
['WAB']: DNSError('Failed to perform, curl: (6) getaddrinfo() thread failed to start. See https://curl.se/libcurl/c/libcurl-errors.html first for more details.')
    Warning: No data found for CRWD
  ✗ S1: Insufficient data for CRWD
    Warning: No data found for CMA
  ✗ S2: Insufficient data for CRWD/CMA

206/223: 2024-06-07: Added=GDDY, Removed=ILMN
  Holding Period End Date: 2024-07-11
  ✗ S1: Error processing GDDY: cannot convert the series to <class 'float'>
    YFinance output for GDDY: 1 Failed download:
['CAM']: YFPricesMissingError('possibly delisted; no price data found  (1d 2016-03-28 00:00:00 -> 2016-04-14)')

1 Failed download:
['CAM']: YFPricesMissingError('possibly delisted; no price data found  (1d 2016-03-28 00:00:00 -> 2016-04-14)')
    Warning: No data found for GDDY
  ✗ S2: Insufficient data for GDDY/ILMN

207/223: 2024-09-06: Added=ERIE, Removed=BIO
  Holding Period End Date: 2024-10-08
    YFinance output for ERIE: 1 Failed download:
['CXO']: YFTzMissingError('possibly delisted; no timezone found')

1 Failed download:
['CXO']: YFTzMissingError('possibly delisted; no timezone found')
  ✗ S1: Error processing ERIE: cannot convert the series to <class 'float'>
  ✓ S2: Long ERIE (-7.50%), Short BIO (-6.39%)
      Combined: -6.94%, Portfolio: $875,568

208/223: 2024-09-06: Added=DELL, Removed=ETSY
  Holding Period End Date: 2024-10-08
  ✓ S1: DELL -3.14%, Portfolio: $626,170
    YFinance output for DELL: 1 Failed download:
['WLTW']: YFTzMissingError('possibly delisted; no timezone found')
  ✗ S2: Error processing DELL/ETSY: cannot convert the series to <class 'float'>

209/223: 2024-09-06: Added=PLTR, Removed=AAL
  Holding Period End Date: 2024-10-08
  ✓ S1: PLTR 6.83%, Portfolio: $668,910
    YFinance output for PLTR: 1 Failed download:
['PCL']: YFPricesMissingError('possibly delisted; no price data found  (1d 2016-02-16 00:00:00 -> 2016-03-09) (Yahoo error = "Data doesn\'t exist for startDate = 1455598800, endDate = 1457499600")')
    Warning: No data found for PLTR
    YFinance output for AAL: 2 Failed downloads:
['ALTR']: YFTzMissingError('possibly delisted; no timezone found')
['SNDK']: YFPricesMissingError('possibly delisted; no price data found  (1d 2016-05-10 00:00:00 -> 2016-05-25) (Yahoo error = "Data doesn\'t exist for startDate = 1462852800, endDate = 1464148800")')
    Warning: No data found for AAL
  ✗ S2: Insufficient data for PLTR/AAL

210/223: 2024-09-24: Added=AMTM, Removed=nan
  Holding Period End Date: 2024-10-24
  ✓ S1: AMTM 5.81%, Portfolio: $707,745

211/223: 2024-09-24: Added=nan, Removed=BBWI
  Holding Period End Date: 2024-10-24

212/223: 2024-11-21: Added=TPL, Removed=MRO
  Holding Period End Date: 2024-12-24
  ✓ S1: TPL 14.13%, Portfolio: $807,717
    YFinance output for TPL: 1 Failed download:
['TWC']: YFPricesMissingError('possibly delisted; no price data found  (1d 2016-05-13 00:00:00 -> 2016-05-31)')
    YFinance output for MRO: 1 Failed download:
['CCE']: YFPricesMissingError('possibly delisted; no price data found  (1d 2016-05-24 00:00:00 -> 2016-06-08)')
    Warning: No data found for MRO
  ✗ S2: Insufficient data for TPL/MRO

213/223: 2024-12-06: Added=WDAY, Removed=AMTM
  Holding Period End Date: 2025-01-10
    YFinance output for WDAY: 1 Failed download:
['CAM']: YFPricesMissingError('possibly delisted; no price data found  (1d 2016-03-28 00:00:00 -> 2016-04-15)')
    Warning: No data found for WDAY
  ✗ S1: Insufficient data for WDAY
  ✓ S2: Long WDAY (-5.60%), Short AMTM (5.47%)
      Combined: -0.07%, Portfolio: $874,979

214/223: 2024-12-06: Added=APO, Removed=QRVO
  Holding Period End Date: 2025-01-10
  ✓ S1: APO -5.18%, Portfolio: $765,855
  ✓ S2: Long APO (-8.75%), Short QRVO (5.93%)
      Combined: -1.41%, Portfolio: $862,633

215/223: 2024-12-18: Added=LII, Removed=CTLT
  Holding Period End Date: 2025-01-23
  ✓ S1: LII -5.27%, Portfolio: $725,497
  ✓ S2: Long LII (-7.21%), Short CTLT (-1.96%)
      Combined: -4.59%, Portfolio: $823,056

216/223: 2025-03-07: Added=EXE, Removed=FMC
  Holding Period End Date: 2025-04-08
  ✓ S1: EXE 3.44%, Portfolio: $750,444
    YFinance output for EXE: 1 Failed download:
['ACE']: YFPricesMissingError('possibly delisted; no price data found  (1d 2016-01-13 00:00:00 -> 2016-02-08) (Yahoo error = "Data doesn\'t exist for startDate = 1452661200, endDate = 1454907600")')
    Warning: No data found for EXE
    YFinance output for FMC: 1 Failed download:
['BXLT']: YFPricesMissingError('possibly delisted; no price data found  (1d 2016-05-27 00:00:00 -> 2016-06-13)')
  ✗ S2: Insufficient data for EXE/FMC

217/223: 2025-03-07: Added=WSM, Removed=CE
  Holding Period End Date: 2025-04-08
  ✓ S1: WSM -1.77%, Portfolio: $737,131
  ✓ S2: Long WSM (-1.73%), Short CE (1.76%)
      Combined: 0.02%, Portfolio: $823,181

218/223: 2025-03-07: Added=TKO, Removed=TFX
  Holding Period End Date: 2025-04-08
  ✓ S1: TKO -26.11%, Portfolio: $544,642
    YFinance output for TKO: 1 Failed download:
['ADT']: YFPricesMissingError('possibly delisted; no price data found  (1d 2016-04-26 00:00:00 -> 2016-05-12) (Yahoo error = "Data doesn\'t exist for startDate = 1461643200, endDate = 1463025600")')
    Warning: No data found for TKO
    YFinance output for TFX: 1 Failed download:
['ADT']: YFPricesMissingError('possibly delisted; no price data found  (1d 2016-04-26 00:00:00 -> 2016-05-13) (Yahoo error = "Data doesn\'t exist for startDate = 1461643200, endDate = 1463112000")')
    Warning: No data found for TFX
  ✗ S2: Insufficient data for TKO/TFX

219/223: 2025-03-07: Added=DASH, Removed=BWA
  Holding Period End Date: 2025-04-08
  ✓ S1: DASH -7.14%, Portfolio: $505,776
  ✓ S2: Long DASH (-7.14%), Short BWA (3.70%)
      Combined: -1.72%, Portfolio: $809,019

220/223: 2025-05-12: Added=COIN, Removed=DFS
  Holding Period End Date: 2025-06-12
  ✓ S1: COIN -3.08%, Portfolio: $490,183
    YFinance output for COIN: 2 Failed downloads:
['FBHS', 'DWDP']: YFTzMissingError('possibly delisted; no timezone found')
    Warning: No data found for COIN
    YFinance output for DFS: 1 Failed download:
['FBHS']: YFTzMissingError('possibly delisted; no timezone found')
    Warning: No data found for DFS
  ✗ S2: Insufficient data for COIN/DFS

221/223: 2025-07-02: Added=DDOG, Removed=JNPR
  Holding Period End Date: 2025-08-04
  ✓ S1: DDOG 7.91%, Portfolio: $528,963
    YFinance output for DDOG: 1 Failed download:
['CCE']: YFPricesMissingError('possibly delisted; no price data found  (1d 2016-05-24 00:00:00 -> 2016-06-09)')
    Warning: No data found for DDOG
  ✗ S2: Insufficient data for DDOG/JNPR

222/223: 2025-07-14: Added=TTD, Removed=ANSS
  Holding Period End Date: 2025-08-13
    YFinance output for TTD: 1 Failed download:
['CVC']: YFPricesMissingError('possibly delisted; no price data found  (1d 2016-06-21 00:00:00 -> 2016-07-06)')
  ✗ S1: Error processing TTD: cannot convert the series to <class 'float'>
    YFinance output for ANSS: 1 Failed download:
['ESV']: YFTzMissingError('possibly delisted; no timezone found')
    Warning: No data found for ANSS
  ✗ S2: Insufficient data for TTD/ANSS

223/223: 2025-07-18: Added=XYZ, Removed=HES
  Holding Period End Date: 2025-08-19
  ✓ S1: XYZ -1.77%, Portfolio: $519,603
    YFinance output for HES: 1 Failed download:
['BRCM']: YFPricesMissingError('possibly delisted; no price data found  (1d 2016-01-22 00:00:00 -> 2016-02-17)')
    Warning: No data found for HES
  ✗ S2: Insufficient data for XYZ/HES

============================================================
FINAL RESULTS
Strategy 1: 45 successful trades, Final: $519,603 (-48.04%)
Strategy 2: 12 successful trades, Final: $809,019 (-19.10%)
Completed: 2025-08-31 17:24:54
