S&P 500 Index Update Trading Strategy Analysis
Holding Period: 14 trading days
Date Range: 2015-07-02 to 2025-07-18
Timestamp: 2025-08-23 20:54:04
============================================================

1/223: 2015-07-02: Added=KHC, Removed=KRFT
  Holding Period End Date: 2015-07-23
  ✓ S1: KHC 5.92%, Portfolio: $1,059,217
    YFinance output for KRFT: 1 Failed download:
['KRFT']: YFPricesMissingError('possibly delisted; no price data found  (1d 2015-07-02 00:00:00 -> 2015-07-24)')
    Warning: No data found for KRFT
  ✗ S2: Insufficient data for KHC/KRFT

2/223: 2015-07-06: Added=AAP, Removed=FDO
  Holding Period End Date: 2015-07-24
  ✓ S1: AAP 2.99%, Portfolio: $1,090,912
    YFinance output for FDO: 1 Failed download:
['FDO']: YFPricesMissingError('possibly delisted; no price data found  (1d 2015-07-06 00:00:00 -> 2015-07-27)')
    Warning: No data found for FDO
  ✗ S2: Insufficient data for AAP/FDO

3/223: 2015-07-14: Added=PYPL, Removed=NE
  Holding Period End Date: 2015-08-03
  ✓ S1: PYPL 6.66%, Portfolio: $1,163,581
    YFinance output for NE: 1 Failed download:
['NE']: YFPricesMissingError('possibly delisted; no price data found  (1d 2015-07-14 00:00:00 -> 2015-08-04) (Yahoo error = "Data doesn\'t exist for startDate = 1436846400, endDate = 1438660800")')
    Warning: No data found for NE
  ✗ S2: Insufficient data for PYPL/NE

4/223: 2015-07-24: Added=SIG, Removed=DTV
  Holding Period End Date: 2015-08-13
  ✓ S1: SIG -0.40%, Portfolio: $1,158,945
    YFinance output for DTV: 1 Failed download:
['DTV']: YFTzMissingError('possibly delisted; no timezone found')
    Warning: No data found for DTV
  ✗ S2: Insufficient data for SIG/DTV

5/223: 2015-08-27: Added=ATVI, Removed=PLL
  Holding Period End Date: 2015-09-17
    YFinance output for ATVI: 1 Failed download:
['ATVI']: YFTzMissingError('possibly delisted; no timezone found')
    Warning: No data found for ATVI
  ✗ S1: Insufficient data for ATVI
    YFinance output for ATVI: 1 Failed download:
['ATVI']: YFTzMissingError('possibly delisted; no timezone found')
    Warning: No data found for ATVI
    YFinance output for PLL: 1 Failed download:
['PLL']: YFPricesMissingError('possibly delisted; no price data found  (1d 2015-08-27 00:00:00 -> 2015-09-18) (Yahoo error = "Data doesn\'t exist for startDate = 1440648000, endDate = 1442548800")')
    Warning: No data found for PLL
  ✗ S2: Insufficient data for ATVI/PLL

6/223: 2015-08-27: Added=UAL, Removed=HSP
  Holding Period End Date: 2015-09-17
  ✓ S1: UAL 15.37%, Portfolio: $1,337,044
    YFinance output for HSP: 1 Failed download:
['HSP']: YFPricesMissingError('possibly delisted; no price data found  (1d 2015-08-27 00:00:00 -> 2015-09-18)')
    Warning: No data found for HSP
  ✗ S2: Insufficient data for UAL/HSP

7/223: 2015-09-30: Added=VRSK, Removed=JOY
  Holding Period End Date: 2015-10-20
  ✓ S1: VRSK 8.01%, Portfolio: $1,444,138
    YFinance output for JOY: 1 Failed download:
['JOY']: YFPricesMissingError('possibly delisted; no price data found  (1d 2015-09-30 00:00:00 -> 2015-10-21)')
    Warning: No data found for JOY
  ✗ S2: Insufficient data for VRSK/JOY

8/223: 2015-10-27: Added=HPE, Removed=HCBK
  Holding Period End Date: 2015-11-16
  ✓ S1: HPE -14.94%, Portfolio: $1,228,390
    YFinance output for HCBK: 1 Failed download:
['HCBK']: YFPricesMissingError('possibly delisted; no price data found  (1d 2015-10-27 00:00:00 -> 2015-11-17)')
    Warning: No data found for HCBK
  ✗ S2: Insufficient data for HPE/HCBK

9/223: 2015-11-09: Added=SYF, Removed=GNW
  Holding Period End Date: 2015-11-30
  ✓ S1: SYF -2.12%, Portfolio: $1,202,326
  ✓ S2: Long SYF (-2.12%), Short GNW (-5.94%)
      Combined: -4.03%, Portfolio: $959,688

10/223: 2015-11-12: Added=ILMN, Removed=SIAL
  Holding Period End Date: 2015-12-03
  ✓ S1: ILMN 12.07%, Portfolio: $1,347,403
    YFinance output for SIAL: 1 Failed download:
['SIAL']: YFPricesMissingError('possibly delisted; no price data found  (1d 2015-11-12 00:00:00 -> 2015-12-04)')
    Warning: No data found for SIAL
  ✗ S2: Insufficient data for ILMN/SIAL

11/223: 2015-11-23: Added=CSRA, Removed=CSC
  Holding Period End Date: 2015-12-14
  ✓ S1: CSRA -12.42%, Portfolio: $1,180,068
  ✓ S2: Long CSRA (-12.42%), Short CSC (0.00%)
      Combined: -6.21%, Portfolio: $900,096

12/223: 2015-12-15: Added=nan, Removed=CMCSK
  Holding Period End Date: 2016-01-06

13/223: 2015-12-22: Added=CHD, Removed=ALTR
  Holding Period End Date: 2016-01-13
  ✓ S1: CHD -7.83%, Portfolio: $1,087,687
    YFinance output for ALTR: 1 Failed download:
['ALTR']: YFTzMissingError('possibly delisted; no timezone found')
    Warning: No data found for ALTR
  ✗ S2: Insufficient data for CHD/ALTR

14/223: 2015-12-28: Added=WLTW, Removed=FOSL
  Holding Period End Date: 2016-01-19
    YFinance output for WLTW: 1 Failed download:
['WLTW']: YFTzMissingError('possibly delisted; no timezone found')
    Warning: No data found for WLTW
  ✗ S1: Insufficient data for WLTW
    YFinance output for WLTW: 1 Failed download:
['WLTW']: YFTzMissingError('possibly delisted; no timezone found')
    Warning: No data found for WLTW
  ✗ S2: Insufficient data for WLTW/FOSL

15/223: 2016-01-13: Added=EXR, Removed=ACE
  Holding Period End Date: 2016-02-03
  ✓ S1: EXR -1.33%, Portfolio: $1,073,232
    YFinance output for ACE: 1 Failed download:
['ACE']: YFPricesMissingError('possibly delisted; no price data found  (1d 2016-01-13 00:00:00 -> 2016-02-04) (Yahoo error = "Data doesn\'t exist for startDate = 1452661200, endDate = 1454562000")')
    Warning: No data found for ACE
  ✗ S2: Insufficient data for EXR/ACE

16/223: 2016-01-22: Added=FRT, Removed=BRCM
  Holding Period End Date: 2016-02-11
  ✓ S1: FRT -3.64%, Portfolio: $1,034,171
    YFinance output for BRCM: 1 Failed download:
['BRCM']: YFPricesMissingError('possibly delisted; no price data found  (1d 2016-01-22 00:00:00 -> 2016-02-12)')
    Warning: No data found for BRCM
  ✗ S2: Insufficient data for FRT/BRCM

17/223: 2016-01-26: Added=CFG, Removed=PCP
  Holding Period End Date: 2016-02-16
  ✓ S1: CFG -4.12%, Portfolio: $991,540
    YFinance output for PCP: 1 Failed download:
['PCP']: YFPricesMissingError('possibly delisted; no price data found  (1d 2016-01-26 00:00:00 -> 2016-02-17) (Yahoo error = "Data doesn\'t exist for startDate = 1453784400, endDate = 1455685200")')
    Warning: No data found for PCP
  ✗ S2: Insufficient data for CFG/PCP

18/223: 2016-02-16: Added=CXO, Removed=PCL
  Holding Period End Date: 2016-03-07
    YFinance output for CXO: 1 Failed download:
['CXO']: YFTzMissingError('possibly delisted; no timezone found')
    Warning: No data found for CXO
  ✗ S1: Insufficient data for CXO
    YFinance output for CXO: 1 Failed download:
['CXO']: YFTzMissingError('possibly delisted; no timezone found')
    Warning: No data found for CXO
    YFinance output for PCL: 1 Failed download:
['PCL']: YFPricesMissingError('possibly delisted; no price data found  (1d 2016-02-16 00:00:00 -> 2016-03-08) (Yahoo error = "Data doesn\'t exist for startDate = 1455598800, endDate = 1457413200")')
    Warning: No data found for PCL
  ✗ S2: Insufficient data for CXO/PCL

19/223: 2016-03-01: Added=AWK, Removed=CNX
  Holding Period End Date: 2016-03-21
  ✓ S1: AWK 3.45%, Portfolio: $1,025,705
  ✓ S2: Long AWK (3.45%), Short CNX (-22.45%)
      Combined: -9.50%, Portfolio: $814,564

20/223: 2016-03-04: Added=UDR, Removed=GMCR
  Holding Period End Date: 2016-03-24
  ✓ S1: UDR 6.59%, Portfolio: $1,093,279
    YFinance output for GMCR: 1 Failed download:
['GMCR']: YFPricesMissingError('possibly delisted; no price data found  (1d 2016-03-04 00:00:00 -> 2016-03-28)')
    Warning: No data found for GMCR
  ✗ S2: Insufficient data for UDR/GMCR

21/223: 2016-03-24: Added=CNC, Removed=ESV
  Holding Period End Date: 2016-04-14
  ✓ S1: CNC -7.14%, Portfolio: $1,015,261
    YFinance output for ESV: 1 Failed download:
['ESV']: YFTzMissingError('possibly delisted; no timezone found')
    Warning: No data found for ESV
  ✗ S2: Insufficient data for CNC/ESV

22/223: 2016-03-24: Added=HOLX, Removed=POM
  Holding Period End Date: 2016-04-14
  ✓ S1: HOLX 5.53%, Portfolio: $1,071,418
    YFinance output for POM: 1 Failed download:
['POM']: YFPricesMissingError('possibly delisted; no price data found  (1d 2016-03-24 00:00:00 -> 2016-04-15)')
    Warning: No data found for POM
  ✗ S2: Insufficient data for HOLX/POM

23/223: 2016-03-28: Added=FL, Removed=CAM
  Holding Period End Date: 2016-04-15
  ✓ S1: FL -5.39%, Portfolio: $1,013,621
    YFinance output for CAM: 1 Failed download:
['CAM']: YFPricesMissingError('possibly delisted; no price data found  (1d 2016-03-28 00:00:00 -> 2016-04-18)')
    Warning: No data found for CAM
  ✗ S2: Insufficient data for FL/CAM

24/223: 2016-04-07: Added=ULTA, Removed=THC
  Holding Period End Date: 2016-04-27
  ✓ S1: ULTA 9.48%, Portfolio: $1,109,699
  ✓ S2: Long ULTA (9.48%), Short THC (-12.51%)
      Combined: -1.52%, Portfolio: $802,211

25/223: 2016-04-19: Added=GPN, Removed=GME
  Holding Period End Date: 2016-05-09
  ✓ S1: GPN -4.65%, Portfolio: $1,058,126
  ✓ S2: Long GPN (-4.65%), Short GME (7.49%)
      Combined: 1.42%, Portfolio: $813,597

26/223: 2016-04-26: Added=AYI, Removed=ADT
  Holding Period End Date: 2016-05-16
  ✓ S1: AYI -1.93%, Portfolio: $1,037,663
    YFinance output for ADT: 1 Failed download:
['ADT']: YFPricesMissingError('possibly delisted; no price data found  (1d 2016-04-26 00:00:00 -> 2016-05-17) (Yahoo error = "Data doesn\'t exist for startDate = 1461643200, endDate = 1463457600")')
    Warning: No data found for ADT
  ✗ S2: Insufficient data for AYI/ADT

27/223: 2016-05-10: Added=ALK, Removed=SNDK
  Holding Period End Date: 2016-05-31
  ✓ S1: ALK -3.82%, Portfolio: $998,007
    YFinance output for SNDK: 1 Failed download:
['SNDK']: YFPricesMissingError('possibly delisted; no price data found  (1d 2016-05-10 00:00:00 -> 2016-06-01) (Yahoo error = "Data doesn\'t exist for startDate = 1462852800, endDate = 1464753600")')
    Warning: No data found for SNDK
  ✗ S2: Insufficient data for ALK/SNDK

28/223: 2016-05-13: Added=DLR, Removed=TWC
  Holding Period End Date: 2016-06-03
  ✓ S1: DLR 4.28%, Portfolio: $1,040,719
    YFinance output for TWC: 1 Failed download:
['TWC']: YFPricesMissingError('possibly delisted; no price data found  (1d 2016-05-13 00:00:00 -> 2016-06-06)')
    Warning: No data found for TWC
  ✗ S2: Insufficient data for DLR/TWC

29/223: 2016-05-18: Added=LKQ, Removed=ARG
  Holding Period End Date: 2016-06-08
  ✓ S1: LKQ 3.81%, Portfolio: $1,080,408
    YFinance output for ARG: 1 Failed download:
['ARG']: YFPricesMissingError('possibly delisted; no price data found  (1d 2016-05-18 00:00:00 -> 2016-06-09) (Yahoo error = "Data doesn\'t exist for startDate = 1463544000, endDate = 1465444800")')
    Warning: No data found for ARG
  ✗ S2: Insufficient data for LKQ/ARG

30/223: 2016-05-24: Added=AJG, Removed=CCE
  Holding Period End Date: 2016-06-14
  ✓ S1: AJG -1.99%, Portfolio: $1,058,878
    YFinance output for CCE: 1 Failed download:
['CCE']: YFPricesMissingError('possibly delisted; no price data found  (1d 2016-05-24 00:00:00 -> 2016-06-15)')
    Warning: No data found for CCE
  ✗ S2: Insufficient data for AJG/CCE

31/223: 2016-05-27: Added=TDG, Removed=BXLT
  Holding Period End Date: 2016-06-17
  ✓ S1: TDG 1.36%, Portfolio: $1,073,316
    YFinance output for BXLT: 1 Failed download:
['BXLT']: YFPricesMissingError('possibly delisted; no price data found  (1d 2016-05-27 00:00:00 -> 2016-06-20)')
    Warning: No data found for BXLT
  ✗ S2: Insufficient data for TDG/BXLT

32/223: 2016-06-21: Added=FBHS, Removed=CVC
  Holding Period End Date: 2016-07-12
    YFinance output for FBHS: 1 Failed download:
['FBHS']: YFTzMissingError('possibly delisted; no timezone found')
    Warning: No data found for FBHS
  ✗ S1: Insufficient data for FBHS
    YFinance output for FBHS: 1 Failed download:
['FBHS']: YFTzMissingError('possibly delisted; no timezone found')
    Warning: No data found for FBHS
    YFinance output for CVC: 1 Failed download:
['CVC']: YFPricesMissingError('possibly delisted; no price data found  (1d 2016-06-21 00:00:00 -> 2016-07-13)')
    Warning: No data found for CVC
  ✗ S2: Insufficient data for FBHS/CVC

33/223: 2016-06-23: Added=FTV, Removed=CPGX
  Holding Period End Date: 2016-07-14
  ✓ S1: FTV 6.11%, Portfolio: $1,138,907
    YFinance output for CPGX: 1 Failed download:
['CPGX']: YFPricesMissingError('possibly delisted; no price data found  (1d 2016-06-23 00:00:00 -> 2016-07-15)')
    Warning: No data found for CPGX
  ✗ S2: Insufficient data for FTV/CPGX

34/223: 2016-06-23: Added=ALB, Removed=TE
  Holding Period End Date: 2016-07-14
  ✓ S1: ALB 1.94%, Portfolio: $1,161,037
    YFinance output for TE: 1 Failed download:
['TE']: YFPricesMissingError('possibly delisted; no price data found  (1d 2016-06-23 00:00:00 -> 2016-07-15) (Yahoo error = "Data doesn\'t exist for startDate = 1466654400, endDate = 1468555200")')
    Warning: No data found for TE
  ✗ S2: Insufficient data for ALB/TE

35/223: 2016-06-29: Added=LNT, Removed=GAS
  Holding Period End Date: 2016-07-20
  ✓ S1: LNT -0.68%, Portfolio: $1,153,164
  ✓ S2: Long LNT (-0.68%), Short GAS (-0.80%)
      Combined: -0.74%, Portfolio: $807,584

36/223: 2016-08-25: Added=MTD, Removed=TYC
  Holding Period End Date: 2016-09-15
  ✓ S1: MTD -1.47%, Portfolio: $1,136,223
    YFinance output for TYC: 1 Failed download:
['TYC']: YFPricesMissingError('possibly delisted; no price data found  (1d 2016-08-25 00:00:00 -> 2016-09-16)')
    Warning: No data found for TYC
  ✗ S2: Insufficient data for MTD/TYC

37/223: 2016-08-31: Added=CHTR, Removed=EMC
  Holding Period End Date: 2016-09-21
  ✓ S1: CHTR 6.63%, Portfolio: $1,211,586
    YFinance output for EMC: 1 Failed download:
['EMC']: YFPricesMissingError('possibly delisted; no price data found  (1d 2016-08-31 00:00:00 -> 2016-09-22) (Yahoo error = "Data doesn\'t exist for startDate = 1472616000, endDate = 1474516800")')
    Warning: No data found for EMC
  ✗ S2: Insufficient data for CHTR/EMC

38/223: 2016-09-10: Added=COO, Removed=HOT
  Holding Period End Date: 2016-09-30
  ✓ S1: COO -4.01%, Portfolio: $1,163,055
  ✓ S2: Long COO (-4.01%), Short HOT (-2.50%)
      Combined: -3.25%, Portfolio: $781,305

39/223: 2016-09-27: Added=COTY, Removed=DO
  Holding Period End Date: 2016-10-17
  ✓ S1: COTY -0.26%, Portfolio: $1,160,079
    YFinance output for DO: 1 Failed download:
['DO']: YFTzMissingError('possibly delisted; no timezone found')
    Warning: No data found for DO
  ✗ S2: Insufficient data for COTY/DO

40/223: 2016-11-29: Added=MAA, Removed=OI
  Holding Period End Date: 2016-12-19
  ✓ S1: MAA 3.28%, Portfolio: $1,198,167
  ✓ S2: Long MAA (3.28%), Short OI (1.40%)
      Combined: 2.34%, Portfolio: $799,602

41/223: 2016-11-29: Added=EVHC, Removed=LM
  Holding Period End Date: 2016-12-19
  ✓ S1: EVHC -3.09%, Portfolio: $1,161,180
    YFinance output for LM: 1 Failed download:
['LM']: YFTzMissingError('possibly delisted; no timezone found')
    Warning: No data found for LM
  ✗ S2: Insufficient data for EVHC/LM

42/223: 2017-01-03: Added=IDXX, Removed=STJ
  Holding Period End Date: 2017-01-24
  ✓ S1: IDXX 0.77%, Portfolio: $1,170,165
    YFinance output for STJ: 1 Failed download:
['STJ']: YFPricesMissingError('possibly delisted; no price data found  (1d 2017-01-03 00:00:00 -> 2017-01-25)')
    Warning: No data found for STJ
  ✗ S2: Insufficient data for IDXX/STJ

43/223: 2017-02-23: Added=INCY, Removed=SE
  Holding Period End Date: 2017-03-15
  ✓ S1: INCY 25.18%, Portfolio: $1,464,841
    YFinance output for SE: 1 Failed download:
['SE']: YFPricesMissingError('possibly delisted; no price data found  (1d 2017-02-23 00:00:00 -> 2017-03-16) (Yahoo error = "Data doesn\'t exist for startDate = 1487826000, endDate = 1489636800")')
    Warning: No data found for SE
  ✗ S2: Insufficient data for INCY/SE

44/223: 2017-02-23: Added=CBOE, Removed=PBI
  Holding Period End Date: 2017-03-15
  ✓ S1: CBOE 0.32%, Portfolio: $1,469,549
  ✓ S2: Long CBOE (0.32%), Short PBI (3.29%)
      Combined: 1.81%, Portfolio: $814,044

45/223: 2017-02-23: Added=REG, Removed=ENDP
  Holding Period End Date: 2017-03-15
  ✓ S1: REG -5.89%, Portfolio: $1,382,971
    YFinance output for ENDP: 1 Failed download:
['ENDP']: YFTzMissingError('possibly delisted; no timezone found')
    Warning: No data found for ENDP
  ✗ S2: Insufficient data for REG/ENDP

46/223: 2017-03-06: Added=DISH, Removed=LLTC
  Holding Period End Date: 2017-03-24
    YFinance output for DISH: 1 Failed download:
['DISH']: YFTzMissingError('possibly delisted; no timezone found')
    Warning: No data found for DISH
  ✗ S1: Insufficient data for DISH
    YFinance output for DISH: 1 Failed download:
['DISH']: YFTzMissingError('possibly delisted; no timezone found')
    Warning: No data found for DISH
    YFinance output for LLTC: 1 Failed download:
['LLTC']: YFPricesMissingError('possibly delisted; no price data found  (1d 2017-03-06 00:00:00 -> 2017-03-27)')
    Warning: No data found for LLTC
  ✗ S2: Insufficient data for DISH/LLTC

47/223: 2017-03-10: Added=ARE, Removed=FSLR
  Holding Period End Date: 2017-03-30
  ✓ S1: ARE 1.69%, Portfolio: $1,406,356
  ✓ S2: Long ARE (1.69%), Short FSLR (17.95%)
      Combined: 9.82%, Portfolio: $893,974

48/223: 2017-03-10: Added=RJF, Removed=FTR
  Holding Period End Date: 2017-03-30
  ✓ S1: RJF -3.77%, Portfolio: $1,353,400
    YFinance output for FTR: 1 Failed download:
['FTR']: YFTzMissingError('possibly delisted; no timezone found')
    Warning: No data found for FTR
  ✗ S2: Insufficient data for RJF/FTR

49/223: 2017-03-10: Added=AMD, Removed=URBN
  Holding Period End Date: 2017-03-30
  ✓ S1: AMD 1.01%, Portfolio: $1,367,022
  ✓ S2: Long AMD (1.01%), Short URBN (2.90%)
      Combined: 1.95%, Portfolio: $911,448

50/223: 2017-03-13: Added=SNPS, Removed=HAR
  Holding Period End Date: 2017-03-31
  ✓ S1: SNPS 0.06%, Portfolio: $1,367,781
  ✓ S2: Long SNPS (0.06%), Short HAR (-7.02%)
      Combined: -3.48%, Portfolio: $879,697

51/223: 2017-03-28: Added=DXC, Removed=SWN
  Holding Period End Date: 2017-04-18
  ✓ S1: DXC 9.15%, Portfolio: $1,492,934
    YFinance output for SWN: 1 Failed download:
['SWN']: YFTzMissingError('possibly delisted; no timezone found')
    Warning: No data found for SWN
  ✗ S2: Insufficient data for DXC/SWN

52/223: 2017-03-29: Added=IT, Removed=DNB
  Holding Period End Date: 2017-04-19
  ✓ S1: IT 3.20%, Portfolio: $1,540,637
    YFinance output for DNB: 1 Failed download:
['DNB']: YFPricesMissingError('possibly delisted; no price data found  (1d 2017-03-29 00:00:00 -> 2017-04-20) (Yahoo error = "Data doesn\'t exist for startDate = 1490760000, endDate = 1492660800")')
    Warning: No data found for DNB
  ✗ S2: Insufficient data for IT/DNB

53/223: 2017-05-24: Added=INFO, Removed=TGNA
  Holding Period End Date: 2017-06-14
    YFinance output for INFO: 1 Failed download:
['INFO']: YFPricesMissingError('possibly delisted; no price data found  (1d 2017-05-24 00:00:00 -> 2017-06-15) (Yahoo error = "Data doesn\'t exist for startDate = 1495598400, endDate = 1497499200")')
    Warning: No data found for INFO
  ✗ S1: Insufficient data for INFO
    YFinance output for INFO: 1 Failed download:
['INFO']: YFPricesMissingError('possibly delisted; no price data found  (1d 2017-05-24 00:00:00 -> 2017-06-15) (Yahoo error = "Data doesn\'t exist for startDate = 1495598400, endDate = 1497499200")')
    Warning: No data found for INFO
  ✗ S2: Insufficient data for INFO/TGNA

54/223: 2017-06-09: Added=ANSS, Removed=R
  Holding Period End Date: 2017-06-29
  ✓ S1: ANSS -3.28%, Portfolio: $1,490,033
  ✓ S2: Long ANSS (-3.28%), Short R (-8.92%)
      Combined: -6.10%, Portfolio: $826,009

55/223: 2017-06-09: Added=ALGN, Removed=TDC
  Holding Period End Date: 2017-06-29
  ✓ S1: ALGN -0.15%, Portfolio: $1,487,730
  ✓ S2: Long ALGN (-0.15%), Short TDC (-6.46%)
      Combined: -3.31%, Portfolio: $798,676

56/223: 2017-06-09: Added=HLT, Removed=YHOO
  Holding Period End Date: 2017-06-29
  ✓ S1: HLT -3.86%, Portfolio: $1,430,289
    YFinance output for YHOO: 1 Failed download:
['YHOO']: YFTzMissingError('possibly delisted; no timezone found')
    Warning: No data found for YHOO
  ✗ S2: Insufficient data for HLT/YHOO

57/223: 2017-06-12: Added=RE, Removed=MJN
  Holding Period End Date: 2017-06-30
    YFinance output for RE: 1 Failed download:
['RE']: YFTzMissingError('possibly delisted; no timezone found')
    Warning: No data found for RE
  ✗ S1: Insufficient data for RE
    YFinance output for RE: 1 Failed download:
['RE']: YFTzMissingError('possibly delisted; no timezone found')
    Warning: No data found for RE
    YFinance output for MJN: 1 Failed download:
['MJN']: YFPricesMissingError('possibly delisted; no price data found  (1d 2017-06-12 00:00:00 -> 2017-07-03)')
    Warning: No data found for MJN
  ✗ S2: Insufficient data for RE/MJN

58/223: 2017-06-30: Added=BKR, Removed=BHI
  Holding Period End Date: 2017-07-21
  ✓ S1: BKR -10.14%, Portfolio: $1,285,204
    YFinance output for BHI: 1 Failed download:
['BHI']: YFPricesMissingError('possibly delisted; no price data found  (1d 2017-06-30 00:00:00 -> 2017-07-24) (Yahoo error = "Data doesn\'t exist for startDate = 1498795200, endDate = 1500868800")')
    Warning: No data found for BHI
  ✗ S2: Insufficient data for BKR/BHI

59/223: 2017-07-19: Added=MGM, Removed=RAI
  Holding Period End Date: 2017-08-08
  ✓ S1: MGM -3.78%, Portfolio: $1,236,602
    YFinance output for RAI: 1 Failed download:
['RAI']: YFPricesMissingError('possibly delisted; no price data found  (1d 2017-07-19 00:00:00 -> 2017-08-09)')
    Warning: No data found for RAI
  ✗ S2: Insufficient data for MGM/RAI

60/223: 2017-07-19: Added=RMD, Removed=MNK
  Holding Period End Date: 2017-08-08
  ✓ S1: RMD -4.69%, Portfolio: $1,178,622
    YFinance output for MNK: 1 Failed download:
['MNK']: YFTzMissingError('possibly delisted; no timezone found')
    Warning: No data found for MNK
  ✗ S2: Insufficient data for RMD/MNK

61/223: 2017-07-19: Added=PKG, Removed=MUR
  Holding Period End Date: 2017-08-08
  ✓ S1: PKG -2.37%, Portfolio: $1,150,700
  ✓ S2: Long PKG (-2.37%), Short MUR (1.46%)
      Combined: -0.45%, Portfolio: $795,063

62/223: 2017-07-19: Added=AOS, Removed=BBBY
  Holding Period End Date: 2017-08-08
  ✓ S1: AOS -5.28%, Portfolio: $1,089,965
    YFinance output for BBBY: 1 Failed download:
['BBBY']: YFTzMissingError('possibly delisted; no timezone found')
    Warning: No data found for BBBY
  ✗ S2: Insufficient data for AOS/BBBY

63/223: 2017-07-19: Added=DRE, Removed=RIG
  Holding Period End Date: 2017-08-08
    YFinance output for DRE: 1 Failed download:
['DRE']: YFTzMissingError('possibly delisted; no timezone found')
    Warning: No data found for DRE
  ✗ S1: Insufficient data for DRE
    YFinance output for DRE: 1 Failed download:
['DRE']: YFTzMissingError('possibly delisted; no timezone found')
    Warning: No data found for DRE
  ✗ S2: Insufficient data for DRE/RIG

64/223: 2017-07-31: Added=BHF, Removed=AN
  Holding Period End Date: 2017-08-18
  ✓ S1: BHF -12.95%, Portfolio: $948,765
  ✓ S2: Long BHF (-12.95%), Short AN (1.68%)
      Combined: -5.64%, Portfolio: $750,241

65/223: 2017-08-24: Added=Q, Removed=WFM
  Holding Period End Date: 2017-09-14
    YFinance output for Q: 1 Failed download:
['Q']: YFPricesMissingError('possibly delisted; no price data found  (1d 2017-08-24 00:00:00 -> 2017-09-15)')
    Warning: No data found for Q
  ✗ S1: Insufficient data for Q
    YFinance output for Q: 1 Failed download:
['Q']: YFPricesMissingError('possibly delisted; no price data found  (1d 2017-08-24 00:00:00 -> 2017-09-15)')
    Warning: No data found for Q
    YFinance output for WFM: 1 Failed download:
['WFM']: YFPricesMissingError('possibly delisted; no price data found  (1d 2017-08-24 00:00:00 -> 2017-09-15)')
    Warning: No data found for WFM
  ✗ S2: Insufficient data for Q/WFM

66/223: 2017-08-24: Added=SBAC, Removed=DD
  Holding Period End Date: 2017-09-14
  ✓ S1: SBAC 0.47%, Portfolio: $953,186
  ✓ S2: Long SBAC (0.47%), Short DD (-8.10%)
      Combined: -3.82%, Portfolio: $721,613

67/223: 2017-08-24: Added=DWDP, Removed=DOW
  Holding Period End Date: 2017-09-14
    YFinance output for DWDP: 1 Failed download:
['DWDP']: YFTzMissingError('possibly delisted; no timezone found')
    Warning: No data found for DWDP
  ✗ S1: Insufficient data for DWDP
    YFinance output for DWDP: 1 Failed download:
['DWDP']: YFTzMissingError('possibly delisted; no timezone found')
    Warning: No data found for DWDP
    YFinance output for DOW: 1 Failed download:
['DOW']: YFPricesMissingError('possibly delisted; no price data found  (1d 2017-08-24 00:00:00 -> 2017-09-15) (Yahoo error = "Data doesn\'t exist for startDate = 1503547200, endDate = 1505448000")')
    Warning: No data found for DOW
  ✗ S2: Insufficient data for DWDP/DOW

68/223: 2017-08-24: Added=CDNS, Removed=SPLS
  Holding Period End Date: 2017-09-14
  ✓ S1: CDNS 2.26%, Portfolio: $974,721
    YFinance output for SPLS: 1 Failed download:
['SPLS']: YFPricesMissingError('possibly delisted; no price data found  (1d 2017-08-24 00:00:00 -> 2017-09-15)')
    Warning: No data found for SPLS
  ✗ S2: Insufficient data for CDNS/SPLS

69/223: 2017-10-04: Added=NCLH, Removed=LVLT
  Holding Period End Date: 2017-10-24
  ✓ S1: NCLH -2.36%, Portfolio: $951,737
    YFinance output for LVLT: 1 Failed download:
['LVLT']: YFPricesMissingError('possibly delisted; no price data found  (1d 2017-10-04 00:00:00 -> 2017-10-25)')
    Warning: No data found for LVLT
  ✗ S2: Insufficient data for NCLH/LVLT

70/223: 2017-12-28: Added=HII, Removed=BCR
  Holding Period End Date: 2018-01-19
  ✓ S1: HII 1.12%, Portfolio: $962,349
    YFinance output for BCR: 1 Failed download:
['BCR']: YFPricesMissingError('possibly delisted; no price data found  (1d 2017-12-28 00:00:00 -> 2018-01-22)')
    Warning: No data found for BCR
  ✗ S2: Insufficient data for HII/BCR

71/223: 2018-03-02: Added=IPGP, Removed=SNI
  Holding Period End Date: 2018-03-22
  ✓ S1: IPGP -2.07%, Portfolio: $942,418
    YFinance output for SNI: 1 Failed download:
['SNI']: YFPricesMissingError('possibly delisted; no price data found  (1d 2018-03-02 00:00:00 -> 2018-03-23)')
    Warning: No data found for SNI
  ✗ S2: Insufficient data for IPGP/SNI

72/223: 2018-03-09: Added=TTWO, Removed=SIG
  Holding Period End Date: 2018-03-29
  ✓ S1: TTWO -16.15%, Portfolio: $790,238
  ✓ S2: Long TTWO (-16.15%), Short SIG (26.95%)
      Combined: 5.40%, Portfolio: $760,577

73/223: 2018-03-09: Added=NKTR, Removed=CHK
  Holding Period End Date: 2018-03-29
  ✓ S1: NKTR -1.92%, Portfolio: $775,067
    YFinance output for CHK: 1 Failed download:
['CHK']: YFTzMissingError('possibly delisted; no timezone found')
    Warning: No data found for CHK
  ✗ S2: Insufficient data for NKTR/CHK

74/223: 2018-03-09: Added=SIVB, Removed=PDCO
  Holding Period End Date: 2018-03-29
    YFinance output for SIVB: 1 Failed download:
['SIVB']: YFTzMissingError('possibly delisted; no timezone found')
    Warning: No data found for SIVB
  ✗ S1: Insufficient data for SIVB
    YFinance output for SIVB: 1 Failed download:
['SIVB']: YFTzMissingError('possibly delisted; no timezone found')
    Warning: No data found for SIVB
    YFinance output for PDCO: 1 Failed download:
['PDCO']: YFTzMissingError('possibly delisted; no timezone found')
    Warning: No data found for PDCO
  ✗ S2: Insufficient data for SIVB/PDCO

75/223: 2018-03-28: Added=MSCI, Removed=CSRA
  Holding Period End Date: 2018-04-18
  ✓ S1: MSCI -0.08%, Portfolio: $774,449
  ✓ S2: Long MSCI (-0.08%), Short CSRA (0.00%)
      Combined: -0.04%, Portfolio: $760,274

76/223: 2018-05-25: Added=ABMD, Removed=WYN
  Holding Period End Date: 2018-06-15
    YFinance output for ABMD: 1 Failed download:
['ABMD']: YFTzMissingError('possibly delisted; no timezone found')
    Warning: No data found for ABMD
  ✗ S1: Insufficient data for ABMD
    YFinance output for ABMD: 1 Failed download:
['ABMD']: YFTzMissingError('possibly delisted; no timezone found')
    Warning: No data found for ABMD
    YFinance output for WYN: 1 Failed download:
['WYN']: YFPricesMissingError('possibly delisted; no price data found  (1d 2018-05-25 00:00:00 -> 2018-06-18)')
    Warning: No data found for WYN
  ✗ S2: Insufficient data for ABMD/WYN

77/223: 2018-05-31: Added=EVRG, Removed=NAVI
  Holding Period End Date: 2018-06-20
  ✓ S1: EVRG -4.41%, Portfolio: $740,302
  ✓ S2: Long EVRG (-4.41%), Short NAVI (4.38%)
      Combined: -0.01%, Portfolio: $760,179

78/223: 2018-06-04: Added=TWTR, Removed=MON
  Holding Period End Date: 2018-06-22
    YFinance output for TWTR: 1 Failed download:
['TWTR']: YFTzMissingError('possibly delisted; no timezone found')
    Warning: No data found for TWTR
  ✗ S1: Insufficient data for TWTR
    YFinance output for TWTR: 1 Failed download:
['TWTR']: YFTzMissingError('possibly delisted; no timezone found')
    Warning: No data found for TWTR
    YFinance output for MON: 1 Failed download:
['MON']: YFTzMissingError('possibly delisted; no timezone found')
    Warning: No data found for MON
  ✗ S2: Insufficient data for TWTR/MON

79/223: 2018-06-08: Added=HFC, Removed=AYI
  Holding Period End Date: 2018-06-28
    YFinance output for HFC: 1 Failed download:
['HFC']: YFTzMissingError('possibly delisted; no timezone found')
    Warning: No data found for HFC
  ✗ S1: Insufficient data for HFC
    YFinance output for HFC: 1 Failed download:
['HFC']: YFTzMissingError('possibly delisted; no timezone found')
    Warning: No data found for HFC
  ✗ S2: Insufficient data for HFC/AYI

80/223: 2018-06-08: Added=BR, Removed=RRC
  Holding Period End Date: 2018-06-28
  ✓ S1: BR -3.78%, Portfolio: $712,353
  ✓ S2: Long BR (-3.78%), Short RRC (-5.59%)
      Combined: -4.68%, Portfolio: $724,591

81/223: 2018-06-15: Added=FLT, Removed=TWX
  Holding Period End Date: 2018-07-06
    YFinance output for FLT: 1 Failed download:
['FLT']: YFTzMissingError('possibly delisted; no timezone found')
    Warning: No data found for FLT
  ✗ S1: Insufficient data for FLT
    YFinance output for FLT: 1 Failed download:
['FLT']: YFTzMissingError('possibly delisted; no timezone found')
    Warning: No data found for FLT
  ✗ S2: Insufficient data for FLT/TWX

82/223: 2018-06-25: Added=CPRT, Removed=DPS
  Holding Period End Date: 2018-07-16
  ✓ S1: CPRT 0.22%, Portfolio: $713,942
    YFinance output for DPS: 1 Failed download:
['DPS']: YFPricesMissingError('possibly delisted; no price data found  (1d 2018-06-25 00:00:00 -> 2018-07-17)')
    Warning: No data found for DPS
  ✗ S2: Insufficient data for CPRT/DPS

83/223: 2018-08-23: Added=ANET, Removed=GGP
  Holding Period End Date: 2018-09-13
  ✓ S1: ANET -4.44%, Portfolio: $682,238
    YFinance output for GGP: 1 Failed download:
['GGP']: YFPricesMissingError('possibly delisted; no price data found  (1d 2018-08-23 00:00:00 -> 2018-09-14)')
    Warning: No data found for GGP
  ✗ S2: Insufficient data for ANET/GGP

84/223: 2018-09-11: Added=WCG, Removed=XL
  Holding Period End Date: 2018-10-01
    YFinance output for WCG: 1 Failed download:
['WCG']: YFTzMissingError('possibly delisted; no timezone found')
    Warning: No data found for WCG
  ✗ S1: Insufficient data for WCG
    YFinance output for WCG: 1 Failed download:
['WCG']: YFTzMissingError('possibly delisted; no timezone found')
    Warning: No data found for WCG
    YFinance output for XL: 1 Failed download:
['XL']: YFTzMissingError('possibly delisted; no timezone found')
    Warning: No data found for XL
  ✗ S2: Insufficient data for WCG/XL

85/223: 2018-09-25: Added=ROL, Removed=ANDV
  Holding Period End Date: 2018-10-15
  ✓ S1: ROL -9.86%, Portfolio: $614,975
  ✓ S2: Long ROL (-9.86%), Short ANDV (2.47%)
      Combined: -3.70%, Portfolio: $697,817

86/223: 2018-10-04: Added=FTNT, Removed=EVHC
  Holding Period End Date: 2018-10-24
  ✓ S1: FTNT -11.41%, Portfolio: $544,792
  ✓ S2: Long FTNT (-11.41%), Short EVHC (-0.13%)
      Combined: -5.77%, Portfolio: $657,544

87/223: 2018-10-30: Added=KEYS, Removed=CA
  Holding Period End Date: 2018-11-19
  ✓ S1: KEYS -2.73%, Portfolio: $529,916
    YFinance output for CA: 1 Failed download:
['CA']: YFPricesMissingError('possibly delisted; no price data found  (1d 2018-10-30 00:00:00 -> 2018-11-20) (Yahoo error = "Data doesn\'t exist for startDate = 1540872000, endDate = 1542690000")')
    Warning: No data found for CA
  ✗ S2: Insufficient data for KEYS/CA

88/223: 2018-11-07: Added=JKHY, Removed=EQT
  Holding Period End Date: 2018-11-28
  ✓ S1: JKHY -4.02%, Portfolio: $508,597
  ✓ S2: Long JKHY (-4.02%), Short EQT (-2.63%)
      Combined: -3.33%, Portfolio: $635,668

89/223: 2018-11-26: Added=FANG, Removed=SRCL
  Holding Period End Date: 2018-12-17
  ✓ S1: FANG -19.00%, Portfolio: $411,958
    YFinance output for SRCL: 1 Failed download:
['SRCL']: YFTzMissingError('possibly delisted; no timezone found')
    Warning: No data found for SRCL
  ✗ S2: Insufficient data for FANG/SRCL

90/223: 2018-11-26: Added=MXIM, Removed=AET
  Holding Period End Date: 2018-12-17
    YFinance output for MXIM: 1 Failed download:
['MXIM']: YFTzMissingError('possibly delisted; no timezone found')
    Warning: No data found for MXIM
  ✗ S1: Insufficient data for MXIM
    YFinance output for MXIM: 1 Failed download:
['MXIM']: YFTzMissingError('possibly delisted; no timezone found')
    Warning: No data found for MXIM
  ✗ S2: Insufficient data for MXIM/AET

91/223: 2018-11-26: Added=LW, Removed=COL
  Holding Period End Date: 2018-12-17
  ✓ S1: LW -6.13%, Portfolio: $386,688
  ✓ S2: Long LW (-6.13%), Short COL (12.50%)
      Combined: 3.18%, Portfolio: $655,901

92/223: 2018-12-27: Added=CE, Removed=ESRX
  Holding Period End Date: 2019-01-17
  ✓ S1: CE 7.30%, Portfolio: $414,907
    YFinance output for ESRX: 1 Failed download:
['ESRX']: YFPricesMissingError('possibly delisted; no price data found  (1d 2018-12-27 00:00:00 -> 2019-01-18)')
    Warning: No data found for ESRX
  ✗ S2: Insufficient data for CE/ESRX

93/223: 2018-12-27: Added=FRC, Removed=SCG
  Holding Period End Date: 2019-01-17
    YFinance output for FRC: 1 Failed download:
['FRC']: YFTzMissingError('possibly delisted; no timezone found')
    Warning: No data found for FRC
  ✗ S1: Insufficient data for FRC
    YFinance output for FRC: 1 Failed download:
['FRC']: YFTzMissingError('possibly delisted; no timezone found')
    Warning: No data found for FRC
  ✗ S2: Insufficient data for FRC/SCG

94/223: 2019-01-15: Added=TFX, Removed=PCG
  Holding Period End Date: 2019-02-05
  ✓ S1: TFX 6.75%, Portfolio: $442,933
  ✓ S2: Long TFX (6.75%), Short PCG (-50.92%)
      Combined: -22.08%, Portfolio: $511,051

95/223: 2019-02-08: Added=ATO, Removed=NFX
  Holding Period End Date: 2019-03-01
  ✓ S1: ATO 1.49%, Portfolio: $449,519
  ✓ S2: Long ATO (1.49%), Short NFX (-4.51%)
      Combined: -1.51%, Portfolio: $503,323

96/223: 2019-02-21: Added=WAB, Removed=GT
  Holding Period End Date: 2019-03-13
  ✓ S1: WAB -1.51%, Portfolio: $442,737
  ✓ S2: Long WAB (-1.51%), Short GT (7.82%)
      Combined: 3.15%, Portfolio: $519,201

97/223: 2019-03-14: Added=FOXA, Removed=FOXA
  Holding Period End Date: 2019-04-03
  ✓ S1: FOXA -11.24%, Portfolio: $392,964
  ✓ S2: Long FOXA (-11.24%), Short FOXA (12.67%)
      Combined: 0.71%, Portfolio: $522,898

98/223: 2019-03-14: Added=FOX, Removed=FOX
  Holding Period End Date: 2019-04-03
  ✓ S1: FOX -11.16%, Portfolio: $349,104
  ✓ S2: Long FOX (-11.16%), Short FOX (12.56%)
      Combined: 0.70%, Portfolio: $526,564

99/223: 2019-03-26: Added=DOW, Removed=BHF
  Holding Period End Date: 2019-04-15
  ✓ S1: DOW 18.28%, Portfolio: $412,922
  ✓ S2: Long DOW (18.28%), Short BHF (-10.63%)
      Combined: 3.83%, Portfolio: $546,711

100/223: 2019-05-28: Added=CTVA, Removed=FLR
  Holding Period End Date: 2019-06-17
  ✓ S1: CTVA -9.79%, Portfolio: $372,513
  ✓ S2: Long CTVA (-9.79%), Short FLR (-5.34%)
      Combined: -7.56%, Portfolio: $505,357

101/223: 2019-05-28: Added=DD, Removed=DWDP
  Holding Period End Date: 2019-06-17
  ✓ S1: DD 14.79%, Portfolio: $427,589
    YFinance output for DWDP: 1 Failed download:
['DWDP']: YFTzMissingError('possibly delisted; no timezone found')
    Warning: No data found for DWDP
  ✗ S2: Insufficient data for DD/DWDP

102/223: 2019-06-03: Added=BMS, Removed=MAT
  Holding Period End Date: 2019-06-21
  ✓ S1: BMS -0.69%, Portfolio: $424,622
  ✓ S2: Long BMS (-0.69%), Short MAT (-12.27%)
      Combined: -6.48%, Portfolio: $472,593

103/223: 2019-06-03: Added=AMCR, Removed=BMS
  Holding Period End Date: 2019-06-21
  ✓ S1: AMCR -1.17%, Portfolio: $419,672
  ✓ S2: Long AMCR (-1.17%), Short BMS (0.70%)
      Combined: -0.23%, Portfolio: $471,489

104/223: 2019-06-24: Added=MKTX, Removed=LLL
  Holding Period End Date: 2019-07-15
  ✓ S1: MKTX 8.34%, Portfolio: $454,667
    YFinance output for LLL: 1 Failed download:
['LLL']: YFTzMissingError('possibly delisted; no timezone found')
    Warning: No data found for LLL
  ✗ S2: Insufficient data for MKTX/LLL

105/223: 2019-07-09: Added=TMUS, Removed=RHT
  Holding Period End Date: 2019-07-29
  ✓ S1: TMUS 9.62%, Portfolio: $498,410
    YFinance output for RHT: 1 Failed download:
['RHT']: YFTzMissingError('possibly delisted; no timezone found')
    Warning: No data found for RHT
  ✗ S2: Insufficient data for TMUS/RHT

106/223: 2019-08-01: Added=IEX, Removed=FL
  Holding Period End Date: 2019-08-21
  ✓ S1: IEX -1.34%, Portfolio: $491,739
  ✓ S2: Long IEX (-1.34%), Short FL (-1.06%)
      Combined: -1.20%, Portfolio: $465,844

107/223: 2019-08-01: Added=LDOS, Removed=APC
  Holding Period End Date: 2019-08-21
  ✓ S1: LDOS 2.55%, Portfolio: $504,296
    YFinance output for APC: 1 Failed download:
['APC']: YFTzMissingError('possibly delisted; no timezone found')
    Warning: No data found for APC
  ✗ S2: Insufficient data for LDOS/APC

108/223: 2019-09-17: Added=CDW, Removed=TSS
  Holding Period End Date: 2019-10-07
  ✓ S1: CDW 8.19%, Portfolio: $545,597
    YFinance output for TSS: 1 Failed download:
['TSS']: YFTzMissingError('possibly delisted; no timezone found')
    Warning: No data found for TSS
  ✗ S2: Insufficient data for CDW/TSS

109/223: 2019-09-20: Added=NVR, Removed=JEF
  Holding Period End Date: 2019-10-10
  ✓ S1: NVR -0.90%, Portfolio: $540,697
  ✓ S2: Long NVR (-0.90%), Short JEF (3.47%)
      Combined: 1.29%, Portfolio: $471,833

110/223: 2019-09-20: Added=LVS, Removed=NKTR
  Holding Period End Date: 2019-10-10
  ✓ S1: LVS -2.73%, Portfolio: $525,915
  ✓ S2: Long LVS (-2.73%), Short NKTR (24.92%)
      Combined: 11.09%, Portfolio: $524,180

111/223: 2019-11-18: Added=NOW, Removed=CELG
  Holding Period End Date: 2019-12-09
  ✓ S1: NOW 1.27%, Portfolio: $532,609
    YFinance output for CELG: 1 Failed download:
['CELG']: YFTzMissingError('possibly delisted; no timezone found')
    Warning: No data found for CELG
  ✗ S2: Insufficient data for NOW/CELG

112/223: 2019-11-27: Added=WRB, Removed=VIAB
  Holding Period End Date: 2019-12-18
  ✓ S1: WRB -0.07%, Portfolio: $532,225
    YFinance output for VIAB: 1 Failed download:
['VIAB']: YFTzMissingError('possibly delisted; no timezone found')
    Warning: No data found for VIAB
  ✗ S2: Insufficient data for WRB/VIAB

113/223: 2019-12-02: Added=ODFL, Removed=STI
  Holding Period End Date: 2019-12-20
  ✓ S1: ODFL 1.12%, Portfolio: $538,173
    YFinance output for STI: 1 Failed download:
['STI']: YFPricesMissingError('possibly delisted; no price data found  (1d 2019-12-02 00:00:00 -> 2019-12-23) (Yahoo error = "Data doesn\'t exist for startDate = 1575262800, endDate = 1577077200")')
    Warning: No data found for STI
  ✗ S2: Insufficient data for ODFL/STI

114/223: 2019-12-13: Added=ZBRA, Removed=TRIP
  Holding Period End Date: 2020-01-06
  ✓ S1: ZBRA 0.08%, Portfolio: $538,611
  ✓ S2: Long ZBRA (0.08%), Short TRIP (-2.69%)
      Combined: -1.31%, Portfolio: $517,331

115/223: 2019-12-13: Added=LYV, Removed=AMG
  Holding Period End Date: 2020-01-06
  ✓ S1: LYV 11.50%, Portfolio: $600,559
  ✓ S2: Long LYV (11.50%), Short AMG (2.14%)
      Combined: 6.82%, Portfolio: $552,606

116/223: 2019-12-13: Added=STE, Removed=MAC
  Holding Period End Date: 2020-01-06
  ✓ S1: STE -0.20%, Portfolio: $599,334
  ✓ S2: Long STE (-0.20%), Short MAC (0.35%)
      Combined: 0.07%, Portfolio: $553,001

117/223: 2020-01-22: Added=PAYC, Removed=WCG
  Holding Period End Date: 2020-02-11
  ✓ S1: PAYC -2.81%, Portfolio: $582,497
    YFinance output for WCG: 1 Failed download:
['WCG']: YFTzMissingError('possibly delisted; no timezone found')
    Warning: No data found for WCG
  ✗ S2: Insufficient data for PAYC/WCG

118/223: 2020-02-27: Added=IR, Removed=XEC
  Holding Period End Date: 2020-03-18
  ✓ S1: IR -42.81%, Portfolio: $333,103
    YFinance output for XEC: 1 Failed download:
['XEC']: YFTzMissingError('possibly delisted; no timezone found')
    Warning: No data found for XEC
  ✗ S2: Insufficient data for IR/XEC

119/223: 2020-03-31: Added=nan, Removed=M
  Holding Period End Date: 2020-04-21

120/223: 2020-03-31: Added=nan, Removed=RTN
  Holding Period End Date: 2020-04-21

121/223: 2020-03-31: Added=CARR, Removed=nan
  Holding Period End Date: 2020-04-21
  ✓ S1: CARR -14.84%, Portfolio: $283,669

122/223: 2020-03-31: Added=OTIS, Removed=nan
  Holding Period End Date: 2020-04-21
  ✓ S1: OTIS -8.20%, Portfolio: $260,408

123/223: 2020-05-05: Added=HWM, Removed=ARNC
  Holding Period End Date: 2020-05-26
  ✓ S1: HWM 6.96%, Portfolio: $278,536
    YFinance output for ARNC: 1 Failed download:
['ARNC']: YFTzMissingError('possibly delisted; no timezone found')
    Warning: No data found for ARNC
  ✗ S2: Insufficient data for HWM/ARNC

124/223: 2020-05-06: Added=DXCM, Removed=AGN
  Holding Period End Date: 2020-05-27
  ✓ S1: DXCM -1.88%, Portfolio: $273,300
    YFinance output for AGN: 1 Failed download:
['AGN']: YFTzMissingError('possibly delisted; no timezone found')
    Warning: No data found for AGN
  ✗ S2: Insufficient data for DXCM/AGN

125/223: 2020-05-06: Added=DPZ, Removed=CPRI
  Holding Period End Date: 2020-05-27
  ✓ S1: DPZ 0.45%, Portfolio: $274,526
  ✓ S2: Long DPZ (0.45%), Short CPRI (-25.83%)
      Combined: -12.69%, Portfolio: $482,831

126/223: 2020-05-18: Added=WST, Removed=HP
  Holding Period End Date: 2020-06-08
  ✓ S1: WST -4.92%, Portfolio: $261,026
  ✓ S2: Long WST (-4.92%), Short HP (-31.92%)
      Combined: -18.42%, Portfolio: $393,901

127/223: 2020-06-12: Added=BIO, Removed=ADS
  Holding Period End Date: 2020-07-02
  ✓ S1: BIO 2.12%, Portfolio: $266,556
    YFinance output for ADS: 1 Failed download:
['ADS']: YFTzMissingError('possibly delisted; no timezone found')
    Warning: No data found for ADS
  ✗ S2: Insufficient data for BIO/ADS

128/223: 2020-06-12: Added=TDY, Removed=HOG
  Holding Period End Date: 2020-07-02
  ✓ S1: TDY -10.52%, Portfolio: $238,513
  ✓ S2: Long TDY (-10.52%), Short HOG (7.00%)
      Combined: -1.76%, Portfolio: $386,960

129/223: 2020-06-12: Added=TYL, Removed=JWN
  Holding Period End Date: 2020-07-02
  ✓ S1: TYL 3.65%, Portfolio: $247,220
    YFinance output for JWN: 1 Failed download:
['JWN']: YFTzMissingError('possibly delisted; no timezone found')
    Warning: No data found for JWN
  ✗ S2: Insufficient data for TYL/JWN

130/223: 2020-09-04: Added=CTLT, Removed=KSS
  Holding Period End Date: 2020-09-25
    YFinance output for CTLT: 1 Failed download:
['CTLT']: YFTzMissingError('possibly delisted; no timezone found')
    Warning: No data found for CTLT
  ✗ S1: Insufficient data for CTLT
    YFinance output for CTLT: 1 Failed download:
['CTLT']: YFTzMissingError('possibly delisted; no timezone found')
    Warning: No data found for CTLT
  ✗ S2: Insufficient data for CTLT/KSS

131/223: 2020-09-04: Added=ETSY, Removed=HRB
  Holding Period End Date: 2020-09-25
  ✓ S1: ETSY 5.57%, Portfolio: $260,989
  ✓ S2: Long ETSY (5.57%), Short HRB (-2.60%)
      Combined: 1.49%, Portfolio: $392,713

132/223: 2020-09-04: Added=TER, Removed=COTY
  Holding Period End Date: 2020-09-25
  ✓ S1: TER -1.12%, Portfolio: $258,067
  ✓ S2: Long TER (-1.12%), Short COTY (43.33%)
      Combined: 21.11%, Portfolio: $475,603

133/223: 2020-10-01: Added=POOL, Removed=ETFC
  Holding Period End Date: 2020-10-21
  ✓ S1: POOL 8.43%, Portfolio: $279,834
    YFinance output for ETFC: 1 Failed download:
['ETFC']: YFTzMissingError('possibly delisted; no timezone found')
    Warning: No data found for ETFC
  ✗ S2: Insufficient data for POOL/ETFC

134/223: 2020-10-05: Added=VNT, Removed=nan
  Holding Period End Date: 2020-10-23
  ✓ S1: VNT -11.56%, Portfolio: $247,480

135/223: 2020-10-05: Added=nan, Removed=NBL
  Holding Period End Date: 2020-10-23

136/223: 2020-12-11: Added=TSLA, Removed=AIV
  Holding Period End Date: 2021-01-04
  ✓ S1: TSLA 19.64%, Portfolio: $296,076
  ✓ S2: Long TSLA (19.64%), Short AIV (-13.72%)
      Combined: 2.96%, Portfolio: $489,673

137/223: 2020-12-30: Added=ENPH, Removed=TIF
  Holding Period End Date: 2021-01-21
  ✓ S1: ENPH 22.65%, Portfolio: $363,122
    YFinance output for TIF: 1 Failed download:
['TIF']: YFTzMissingError('possibly delisted; no timezone found')
    Warning: No data found for TIF
  ✗ S2: Insufficient data for ENPH/TIF

138/223: 2021-01-15: Added=TRMB, Removed=CXO
  Holding Period End Date: 2021-02-05
  ✓ S1: TRMB 4.05%, Portfolio: $377,812
    YFinance output for CXO: 1 Failed download:
['CXO']: YFTzMissingError('possibly delisted; no timezone found')
    Warning: No data found for CXO
  ✗ S2: Insufficient data for TRMB/CXO

139/223: 2021-02-08: Added=MPWR, Removed=FTI
  Holding Period End Date: 2021-03-01
  ✓ S1: MPWR 5.54%, Portfolio: $398,752
  ✓ S2: Long MPWR (5.54%), Short FTI (-6.15%)
      Combined: -0.31%, Portfolio: $488,174

140/223: 2021-03-12: Added=CZR, Removed=VNT
  Holding Period End Date: 2021-04-01
  ✓ S1: CZR -11.61%, Portfolio: $352,464
  ✓ S2: Long CZR (-11.61%), Short VNT (0.00%)
      Combined: -5.80%, Portfolio: $459,840

141/223: 2021-03-12: Added=PENN, Removed=SLG
  Holding Period End Date: 2021-04-01
  ✓ S1: PENN -17.59%, Portfolio: $290,465
  ✓ S2: Long PENN (-17.59%), Short SLG (6.89%)
      Combined: -5.35%, Portfolio: $435,234

142/223: 2021-03-12: Added=NXPI, Removed=FLS
  Holding Period End Date: 2021-04-01
  ✓ S1: NXPI 13.41%, Portfolio: $329,427
  ✓ S2: Long NXPI (13.41%), Short FLS (4.36%)
      Combined: 8.89%, Portfolio: $473,916

143/223: 2021-03-12: Added=GNRC, Removed=XRX
  Holding Period End Date: 2021-04-01
  ✓ S1: GNRC -1.67%, Portfolio: $323,925
  ✓ S2: Long GNRC (-1.67%), Short XRX (8.31%)
      Combined: 3.32%, Portfolio: $489,642

144/223: 2021-04-15: Added=PTC, Removed=VAR
  Holding Period End Date: 2021-05-05
  ✓ S1: PTC -11.28%, Portfolio: $287,372
    YFinance output for VAR: 1 Failed download:
['VAR']: YFTzMissingError('possibly delisted; no timezone found')
    Warning: No data found for VAR
  ✗ S2: Insufficient data for PTC/VAR

145/223: 2021-05-10: Added=CRL, Removed=FLIR
  Holding Period End Date: 2021-05-28
  ✓ S1: CRL 1.54%, Portfolio: $291,784
    YFinance output for FLIR: 1 Failed download:
['FLIR']: YFTzMissingError('possibly delisted; no timezone found')
    Warning: No data found for FLIR
  ✗ S2: Insufficient data for CRL/FLIR

146/223: 2021-05-27: Added=OGN, Removed=nan
  Holding Period End Date: 2021-06-17
  ✓ S1: OGN -11.38%, Portfolio: $258,578

147/223: 2021-05-27: Added=nan, Removed=HFC
  Holding Period End Date: 2021-06-17

148/223: 2021-07-15: Added=MRNA, Removed=ALXN
  Holding Period End Date: 2021-08-04
  ✓ S1: MRNA 61.37%, Portfolio: $417,279
    YFinance output for ALXN: 1 Failed download:
['ALXN']: YFTzMissingError('possibly delisted; no timezone found')
    Warning: No data found for ALXN
  ✗ S2: Insufficient data for MRNA/ALXN

149/223: 2021-08-24: Added=TECH, Removed=MXIM
  Holding Period End Date: 2021-09-14
  ✓ S1: TECH 3.53%, Portfolio: $432,022
    YFinance output for MXIM: 1 Failed download:
['MXIM']: YFTzMissingError('possibly delisted; no timezone found')
    Warning: No data found for MXIM
  ✗ S2: Insufficient data for TECH/MXIM

150/223: 2021-09-03: Added=BRO, Removed=NOV
  Holding Period End Date: 2021-09-24
  ✓ S1: BRO -1.43%, Portfolio: $425,865
  ✓ S2: Long BRO (-1.43%), Short NOV (-0.08%)
      Combined: -0.75%, Portfolio: $485,963

151/223: 2021-09-03: Added=CDAY, Removed=UNM
  Holding Period End Date: 2021-09-24
    YFinance output for CDAY: 1 Failed download:
['CDAY']: YFTzMissingError('possibly delisted; no timezone found')
    Warning: No data found for CDAY
  ✗ S1: Insufficient data for CDAY
    YFinance output for CDAY: 1 Failed download:
['CDAY']: YFTzMissingError('possibly delisted; no timezone found')
    Warning: No data found for CDAY
  ✗ S2: Insufficient data for CDAY/UNM

152/223: 2021-09-03: Added=MTCH, Removed=PRGO
  Holding Period End Date: 2021-09-24
  ✓ S1: MTCH 8.58%, Portfolio: $462,419
  ✓ S2: Long MTCH (8.58%), Short PRGO (-2.67%)
      Combined: 2.95%, Portfolio: $500,322

153/223: 2021-12-03: Added=FDS, Removed=WU
  Holding Period End Date: 2021-12-23
  ✓ S1: FDS 2.82%, Portfolio: $475,438
  ✓ S2: Long FDS (2.82%), Short WU (-4.39%)
      Combined: -0.79%, Portfolio: $496,388

154/223: 2021-12-03: Added=SEDG, Removed=HBI
  Holding Period End Date: 2021-12-23
  ✓ S1: SEDG -7.72%, Portfolio: $438,719
  ✓ S2: Long SEDG (-7.72%), Short HBI (1.67%)
      Combined: -3.03%, Portfolio: $481,354

155/223: 2021-12-03: Added=SBNY, Removed=LEG
  Holding Period End Date: 2021-12-23
    YFinance output for SBNY: 1 Failed download:
['SBNY']: YFPricesMissingError('possibly delisted; no price data found  (1d 2021-12-03 00:00:00 -> 2021-12-27) (Yahoo error = "Data doesn\'t exist for startDate = 1638507600, endDate = 1640581200")')
    Warning: No data found for SBNY
  ✗ S1: Insufficient data for SBNY
    YFinance output for SBNY: 1 Failed download:
['SBNY']: YFPricesMissingError('possibly delisted; no price data found  (1d 2021-12-03 00:00:00 -> 2021-12-27) (Yahoo error = "Data doesn\'t exist for startDate = 1638507600, endDate = 1640581200")')
    Warning: No data found for SBNY
  ✗ S2: Insufficient data for SBNY/LEG

156/223: 2021-12-07: Added=EPAM, Removed=KSU
  Holding Period End Date: 2021-12-28
  ✓ S1: EPAM 14.66%, Portfolio: $503,016
    YFinance output for KSU: 1 Failed download:
['KSU']: YFTzMissingError('possibly delisted; no timezone found')
    Warning: No data found for KSU
  ✗ S2: Insufficient data for EPAM/KSU

157/223: 2022-01-26: Added=CEG, Removed=nan
  Holding Period End Date: 2022-02-15
  ✓ S1: CEG 11.06%, Portfolio: $558,647

158/223: 2022-01-26: Added=nan, Removed=GPS
  Holding Period End Date: 2022-02-15

159/223: 2022-02-10: Added=NDSN, Removed=XLNX
  Holding Period End Date: 2022-03-03
  ✓ S1: NDSN -0.71%, Portfolio: $554,708
    YFinance output for XLNX: 1 Failed download:
['XLNX']: YFTzMissingError('possibly delisted; no timezone found')
    Warning: No data found for XLNX
  ✗ S2: Insufficient data for NDSN/XLNX

160/223: 2022-02-25: Added=MOH, Removed=INFO
  Holding Period End Date: 2022-03-17
  ✓ S1: MOH 5.99%, Portfolio: $587,938
    YFinance output for INFO: 1 Failed download:
['INFO']: YFPricesMissingError('possibly delisted; no price data found  (1d 2022-02-25 00:00:00 -> 2022-03-18) (Yahoo error = "Data doesn\'t exist for startDate = 1645765200, endDate = 1647576000")')
    Warning: No data found for INFO
  ✗ S2: Insufficient data for MOH/INFO

161/223: 2022-03-29: Added=CPT, Removed=PBCT
  Holding Period End Date: 2022-04-19
  ✓ S1: CPT -2.73%, Portfolio: $571,892
    YFinance output for PBCT: 1 Failed download:
['PBCT']: YFTzMissingError('possibly delisted; no timezone found')
    Warning: No data found for PBCT
  ✗ S2: Insufficient data for CPT/PBCT

162/223: 2022-04-07: Added=WBD, Removed=DISCA
  Holding Period End Date: 2022-04-28
  ✓ S1: WBD -20.46%, Portfolio: $454,886
    YFinance output for DISCA: 1 Failed download:
['DISCA']: YFTzMissingError('possibly delisted; no timezone found')
    Warning: No data found for DISCA
  ✗ S2: Insufficient data for WBD/DISCA

163/223: 2022-04-07: Added=nan, Removed=DISCK
  Holding Period End Date: 2022-04-28

164/223: 2022-06-03: Added=VICI, Removed=CERN
  Holding Period End Date: 2022-06-24
  ✓ S1: VICI -2.23%, Portfolio: $444,742
    YFinance output for CERN: 1 Failed download:
['CERN']: YFTzMissingError('possibly delisted; no timezone found')
    Warning: No data found for CERN
  ✗ S2: Insufficient data for VICI/CERN

165/223: 2022-06-03: Added=ON, Removed=IPGP
  Holding Period End Date: 2022-06-24
  ✓ S1: ON -15.84%, Portfolio: $374,293
  ✓ S2: Long ON (-15.84%), Short IPGP (2.75%)
      Combined: -6.55%, Portfolio: $449,843

166/223: 2022-06-03: Added=KDP, Removed=UAA
  Holding Period End Date: 2022-06-24
  ✓ S1: KDP 2.38%, Portfolio: $383,187
  ✓ S2: Long KDP (2.38%), Short UAA (14.82%)
      Combined: 8.60%, Portfolio: $488,527

167/223: 2022-06-03: Added=nan, Removed=UA
  Holding Period End Date: 2022-06-24

168/223: 2022-09-02: Added=CSGP, Removed=PVH
  Holding Period End Date: 2022-09-23
  ✓ S1: CSGP -1.86%, Portfolio: $376,052
  ✓ S2: Long CSGP (-1.86%), Short PVH (12.43%)
      Combined: 5.29%, Portfolio: $514,352

169/223: 2022-09-02: Added=INVH, Removed=PENN
  Holding Period End Date: 2022-09-23
  ✓ S1: INVH -3.95%, Portfolio: $361,204
  ✓ S2: Long INVH (-3.95%), Short PENN (17.58%)
      Combined: 6.82%, Portfolio: $549,410

170/223: 2022-09-23: Added=PCG, Removed=CTXS
  Holding Period End Date: 2022-10-13
  ✓ S1: PCG 13.48%, Portfolio: $409,899
    YFinance output for CTXS: 1 Failed download:
['CTXS']: YFTzMissingError('possibly delisted; no timezone found')
    Warning: No data found for CTXS
  ✗ S2: Insufficient data for PCG/CTXS

171/223: 2022-09-23: Added=EQT, Removed=DRE
  Holding Period End Date: 2022-10-13
  ✓ S1: EQT 7.54%, Portfolio: $440,795
    YFinance output for DRE: 1 Failed download:
['DRE']: YFTzMissingError('possibly delisted; no timezone found')
    Warning: No data found for DRE
  ✗ S2: Insufficient data for EQT/DRE

172/223: 2022-10-06: Added=TRGP, Removed=NLSN
  Holding Period End Date: 2022-10-26
  ✓ S1: TRGP 3.76%, Portfolio: $457,375
    YFinance output for NLSN: 1 Failed download:
['NLSN']: YFTzMissingError('possibly delisted; no timezone found')
    Warning: No data found for NLSN
  ✗ S2: Insufficient data for TRGP/NLSN

173/223: 2022-10-27: Added=ACGL, Removed=TWTR
  Holding Period End Date: 2022-11-16
  ✓ S1: ACGL 9.34%, Portfolio: $500,113
    YFinance output for TWTR: 1 Failed download:
['TWTR']: YFTzMissingError('possibly delisted; no timezone found')
    Warning: No data found for TWTR
  ✗ S2: Insufficient data for ACGL/TWTR

174/223: 2022-12-12: Added=FSLR, Removed=FBHS
  Holding Period End Date: 2023-01-03
  ✓ S1: FSLR -2.89%, Portfolio: $485,670
    YFinance output for FBHS: 1 Failed download:
['FBHS']: YFTzMissingError('possibly delisted; no timezone found')
    Warning: No data found for FBHS
  ✗ S2: Insufficient data for FSLR/FBHS

175/223: 2022-12-12: Added=nan, Removed=MBC
  Holding Period End Date: 2023-01-03

176/223: 2022-12-12: Added=MBC, Removed=nan
  Holding Period End Date: 2023-01-03
  ✓ S1: MBC -10.00%, Portfolio: $437,103

177/223: 2022-12-19: Added=STLD, Removed=ABMD
  Holding Period End Date: 2023-01-10
  ✓ S1: STLD 5.60%, Portfolio: $461,575
    YFinance output for ABMD: 1 Failed download:
['ABMD']: YFTzMissingError('possibly delisted; no timezone found')
    Warning: No data found for ABMD
  ✗ S2: Insufficient data for STLD/ABMD

178/223: 2022-12-28: Added=GEHC, Removed=nan
  Holding Period End Date: 2023-01-19
  ✓ S1: GEHC 11.20%, Portfolio: $513,272

179/223: 2022-12-28: Added=nan, Removed=VNO
  Holding Period End Date: 2023-01-19

180/223: 2023-03-03: Added=FICO, Removed=LUMN
  Holding Period End Date: 2023-03-23
  ✓ S1: FICO -3.46%, Portfolio: $495,528
  ✓ S2: Long FICO (-3.46%), Short LUMN (28.34%)
      Combined: 12.44%, Portfolio: $617,766

181/223: 2023-03-10: Added=PODD, Removed=SIVB
  Holding Period End Date: 2023-03-30
  ✓ S1: PODD 13.03%, Portfolio: $560,076
    YFinance output for SIVB: 1 Failed download:
['SIVB']: YFTzMissingError('possibly delisted; no timezone found')
    Warning: No data found for SIVB
  ✗ S2: Insufficient data for PODD/SIVB

182/223: 2023-03-13: Added=BG, Removed=SBNY
  Holding Period End Date: 2023-03-31
  ✓ S1: BG 4.52%, Portfolio: $585,386
    YFinance output for SBNY: 1 Failed download:
['SBNY']: YFPricesMissingError('possibly delisted; no price data found  (1d 2023-03-13 00:00:00 -> 2023-04-03) (Yahoo error = "Data doesn\'t exist for startDate = 1678680000, endDate = 1680494400")')
    Warning: No data found for SBNY
  ✗ S2: Insufficient data for BG/SBNY

183/223: 2023-05-01: Added=AXON, Removed=FRC
  Holding Period End Date: 2023-05-19
  ✓ S1: AXON -8.86%, Portfolio: $533,514
    YFinance output for FRC: 1 Failed download:
['FRC']: YFTzMissingError('possibly delisted; no timezone found')
    Warning: No data found for FRC
  ✗ S2: Insufficient data for AXON/FRC

184/223: 2023-06-02: Added=PANW, Removed=DISH
  Holding Period End Date: 2023-06-23
  ✓ S1: PANW 12.29%, Portfolio: $599,086
    YFinance output for DISH: 1 Failed download:
['DISH']: YFTzMissingError('possibly delisted; no timezone found')
    Warning: No data found for DISH
  ✗ S2: Insufficient data for PANW/DISH

185/223: 2023-08-21: Added=nan, Removed=TEL
  Holding Period End Date: 2023-09-11

186/223: 2023-08-21: Added=KVUE, Removed=AAP
  Holding Period End Date: 2023-09-11
  ✓ S1: KVUE -2.80%, Portfolio: $582,295
  ✓ S2: Long KVUE (-2.80%), Short AAP (9.05%)
      Combined: 3.12%, Portfolio: $637,063

187/223: 2023-08-21: Added=PCS, Removed=nan
  Holding Period End Date: 2023-09-11
    YFinance output for PCS: 1 Failed download:
['PCS']: YFPricesMissingError('possibly delisted; no price data found  (1d 2023-08-21 00:00:00 -> 2023-09-12) (Yahoo error = "Data doesn\'t exist for startDate = 1692590400, endDate = 1694491200")')
    Warning: No data found for PCS
  ✗ S1: Insufficient data for PCS

188/223: 2023-09-14: Added=BX, Removed=LNC
  Holding Period End Date: 2023-10-04
  ✓ S1: BX -7.51%, Portfolio: $538,536
  ✓ S2: Long BX (-7.51%), Short LNC (10.44%)
      Combined: 1.46%, Portfolio: $646,374

189/223: 2023-09-14: Added=ABNB, Removed=NWL
  Holding Period End Date: 2023-10-04
  ✓ S1: ABNB -11.59%, Portfolio: $476,096
  ✓ S2: Long ABNB (-11.59%), Short NWL (22.57%)
      Combined: 5.49%, Portfolio: $681,854

190/223: 2023-09-28: Added=VLTO, Removed=nan
  Holding Period End Date: 2023-10-18
  ✓ S1: VLTO -6.88%, Portfolio: $443,356

191/223: 2023-09-28: Added=nan, Removed=DXC
  Holding Period End Date: 2023-10-18

192/223: 2023-10-13: Added=LULU, Removed=ATVI
  Holding Period End Date: 2023-11-02
  ✓ S1: LULU 6.83%, Portfolio: $473,654
    YFinance output for ATVI: 1 Failed download:
['ATVI']: YFTzMissingError('possibly delisted; no timezone found')
    Warning: No data found for ATVI
  ✗ S2: Insufficient data for LULU/ATVI

193/223: 2023-10-13: Added=HUBB, Removed=OGN
  Holding Period End Date: 2023-11-02
  ✓ S1: HUBB -4.78%, Portfolio: $451,031
  ✓ S2: Long HUBB (-4.78%), Short OGN (32.11%)
      Combined: 13.67%, Portfolio: $775,051

194/223: 2023-12-01: Added=UBER, Removed=SEE
  Holding Period End Date: 2023-12-21
  ✓ S1: UBER 7.17%, Portfolio: $483,354
  ✓ S2: Long UBER (7.17%), Short SEE (-7.12%)
      Combined: 0.02%, Portfolio: $775,241

195/223: 2023-12-01: Added=BLDR, Removed=SEDG
  Holding Period End Date: 2023-12-21
  ✓ S1: BLDR 18.19%, Portfolio: $571,293
  ✓ S2: Long BLDR (18.19%), Short SEDG (-15.04%)
      Combined: 1.58%, Portfolio: $787,469

196/223: 2023-12-01: Added=JBL, Removed=ALK
  Holding Period End Date: 2023-12-21
  ✓ S1: JBL 10.13%, Portfolio: $629,151
  ✓ S2: Long JBL (10.13%), Short ALK (-2.12%)
      Combined: 4.00%, Portfolio: $819,002

197/223: 2024-03-01: Added=SMCI, Removed=WHR
  Holding Period End Date: 2024-03-21
  ✓ S1: SMCI 7.30%, Portfolio: $675,100
  ✓ S2: Long SMCI (7.30%), Short WHR (-4.39%)
      Combined: 1.46%, Portfolio: $830,947

198/223: 2024-03-01: Added=DECK, Removed=ZION
  Holding Period End Date: 2024-03-21
  ✓ S1: DECK 5.50%, Portfolio: $712,207
  ✓ S2: Long DECK (5.50%), Short ZION (-6.83%)
      Combined: -0.66%, Portfolio: $825,426

199/223: 2024-03-27: Added=SOLV, Removed=nan
  Holding Period End Date: 2024-04-17
  ✓ S1: SOLV -17.67%, Portfolio: $586,384

200/223: 2024-03-27: Added=GEV, Removed=nan
  Holding Period End Date: 2024-04-17
  ✓ S1: GEV 2.67%, Portfolio: $602,021

201/223: 2024-03-27: Added=nan, Removed=XRAY
  Holding Period End Date: 2024-04-17

202/223: 2024-03-27: Added=nan, Removed=VFC
  Holding Period End Date: 2024-04-17

203/223: 2024-05-03: Added=VST, Removed=PXD
  Holding Period End Date: 2024-05-23
  ✓ S1: VST 17.97%, Portfolio: $710,176
    YFinance output for PXD: 1 Failed download:
['PXD']: YFTzMissingError('possibly delisted; no timezone found')
    Warning: No data found for PXD
  ✗ S2: Insufficient data for VST/PXD

204/223: 2024-06-07: Added=KKR, Removed=RHI
  Holding Period End Date: 2024-06-28
  ✓ S1: KKR 7.40%, Portfolio: $762,720
  ✓ S2: Long KKR (7.40%), Short RHI (-2.70%)
      Combined: 2.35%, Portfolio: $844,802

205/223: 2024-06-07: Added=CRWD, Removed=CMA
  Holding Period End Date: 2024-06-28
  ✓ S1: CRWD 9.76%, Portfolio: $837,152
  ✓ S2: Long CRWD (9.76%), Short CMA (-7.25%)
      Combined: 1.26%, Portfolio: $855,418

206/223: 2024-06-07: Added=GDDY, Removed=ILMN
  Holding Period End Date: 2024-06-28
  ✓ S1: GDDY 0.25%, Portfolio: $839,255
  ✓ S2: Long GDDY (0.25%), Short ILMN (5.96%)
      Combined: 3.11%, Portfolio: $881,993

207/223: 2024-09-06: Added=ERIE, Removed=BIO
  Holding Period End Date: 2024-09-26
  ✓ S1: ERIE 6.24%, Portfolio: $891,603
  ✓ S2: Long ERIE (6.24%), Short BIO (-0.71%)
      Combined: 2.76%, Portfolio: $906,379

208/223: 2024-09-06: Added=DELL, Removed=ETSY
  Holding Period End Date: 2024-09-26
  ✓ S1: DELL 24.01%, Portfolio: $1,105,675
  ✓ S2: Long DELL (24.01%), Short ETSY (-4.59%)
      Combined: 9.71%, Portfolio: $994,379

209/223: 2024-09-06: Added=PLTR, Removed=AAL
  Holding Period End Date: 2024-09-26
  ✓ S1: PLTR 22.32%, Portfolio: $1,352,474
  ✓ S2: Long PLTR (22.32%), Short AAL (-8.40%)
      Combined: 6.96%, Portfolio: $1,063,608

210/223: 2024-09-24: Added=AMTM, Removed=nan
  Holding Period End Date: 2024-10-14
  ✓ S1: AMTM -3.83%, Portfolio: $1,300,685

211/223: 2024-09-24: Added=nan, Removed=BBWI
  Holding Period End Date: 2024-10-14

212/223: 2024-11-21: Added=TPL, Removed=MRO
  Holding Period End Date: 2024-12-12
  ✓ S1: TPL -20.95%, Portfolio: $1,028,218
    YFinance output for MRO: 1 Failed download:
['MRO']: YFTzMissingError('possibly delisted; no timezone found')
    Warning: No data found for MRO
  ✗ S2: Insufficient data for TPL/MRO

213/223: 2024-12-06: Added=WDAY, Removed=AMTM
  Holding Period End Date: 2024-12-27
  ✓ S1: WDAY -0.07%, Portfolio: $1,027,524
  ✓ S2: Long WDAY (-0.07%), Short AMTM (13.13%)
      Combined: 6.53%, Portfolio: $1,133,100

214/223: 2024-12-06: Added=APO, Removed=QRVO
  Holding Period End Date: 2024-12-27
  ✓ S1: APO -4.26%, Portfolio: $983,788
  ✓ S2: Long APO (-4.26%), Short QRVO (-4.33%)
      Combined: -4.29%, Portfolio: $1,084,473

215/223: 2024-12-18: Added=LII, Removed=CTLT
  Holding Period End Date: 2025-01-10
  ✓ S1: LII -4.25%, Portfolio: $941,998
    YFinance output for CTLT: 1 Failed download:
['CTLT']: YFTzMissingError('possibly delisted; no timezone found')
    Warning: No data found for CTLT
  ✗ S2: Insufficient data for LII/CTLT

216/223: 2025-03-07: Added=EXE, Removed=FMC
  Holding Period End Date: 2025-03-27
  ✓ S1: EXE 14.84%, Portfolio: $1,081,781
  ✓ S2: Long EXE (14.84%), Short FMC (-3.14%)
      Combined: 5.85%, Portfolio: $1,147,892

217/223: 2025-03-07: Added=WSM, Removed=CE
  Holding Period End Date: 2025-03-27
  ✓ S1: WSM -12.73%, Portfolio: $944,039
  ✓ S2: Long WSM (-12.73%), Short CE (-5.00%)
      Combined: -8.87%, Portfolio: $1,046,130

218/223: 2025-03-07: Added=TKO, Removed=TFX
  Holding Period End Date: 2025-03-27
  ✓ S1: TKO 5.96%, Portfolio: $1,000,268
  ✓ S2: Long TKO (5.96%), Short TFX (0.34%)
      Combined: 3.15%, Portfolio: $1,079,086

219/223: 2025-03-07: Added=DASH, Removed=BWA
  Holding Period End Date: 2025-03-27
  ✓ S1: DASH 8.95%, Portfolio: $1,089,803
  ✓ S2: Long DASH (8.95%), Short BWA (3.40%)
      Combined: 6.18%, Portfolio: $1,145,721

220/223: 2025-05-12: Added=COIN, Removed=DFS
  Holding Period End Date: 2025-06-02
  ✓ S1: COIN 19.06%, Portfolio: $1,297,540
    YFinance output for DFS: 1 Failed download:
['DFS']: YFTzMissingError('possibly delisted; no timezone found')
    Warning: No data found for DFS
  ✗ S2: Insufficient data for COIN/DFS

221/223: 2025-07-02: Added=DDOG, Removed=JNPR
  Holding Period End Date: 2025-07-23
  ✓ S1: DDOG 6.66%, Portfolio: $1,383,940
  ✗ S2: Insufficient data for DDOG/JNPR

222/223: 2025-07-14: Added=TTD, Removed=ANSS
  Holding Period End Date: 2025-08-01
  ✓ S1: TTD 14.12%, Portfolio: $1,579,339
  ✓ S2: Long TTD (14.12%), Short ANSS (3.09%)
      Combined: 8.60%, Portfolio: $1,244,281

223/223: 2025-07-18: Added=XYZ, Removed=HES
  Holding Period End Date: 2025-08-07
  ✓ S1: XYZ 5.53%, Portfolio: $1,666,743
  ✗ S2: Insufficient data for XYZ/HES

============================================================
FINAL RESULTS
Strategy 1: 186 successful trades, Final: $1,666,743 (66.67%)
Strategy 2: 82 successful trades, Final: $1,244,281 (24.43%)
Completed: 2025-08-23 21:02:32
