S&P 500 Index Update Trading Strategy Analysis
Holding Period: 2 trading days
Date Range: 2015-07-02 to 2025-07-18
Timestamp: 2025-08-23 19:15:24
============================================================

1/223: 2015-07-02: Added=KHC, Removed=KRFT
  Holding Period End Date: 2015-07-06
  ✓ S1: KHC 2.29%, Portfolio: $1,022,889
    YFinance output for KRFT: 1 Failed download:
['KRFT']: YFPricesMissingError('possibly delisted; no price data found  (1d 2015-07-02 00:00:00 -> 2015-07-08)')
    Warning: No data found for KRFT
  ✗ S2: Insufficient data for KHC/KRFT

2/223: 2015-07-06: Added=AAP, Removed=FDO
  Holding Period End Date: 2015-07-08
  ✓ S1: AAP -2.10%, Portfolio: $1,001,420
    YFinance output for FDO: 1 Failed download:
['FDO']: YFPricesMissingError('possibly delisted; no price data found  (1d 2015-07-06 00:00:00 -> 2015-07-09)')
    Warning: No data found for FDO
  ✗ S2: Insufficient data for AAP/FDO

3/223: 2015-07-14: Added=PYPL, Removed=NE
  Holding Period End Date: 2015-07-16
  ✓ S1: PYPL 4.60%, Portfolio: $1,047,519
    YFinance output for NE: 1 Failed download:
['NE']: YFPricesMissingError('possibly delisted; no price data found  (1d 2015-07-14 00:00:00 -> 2015-07-17) (Yahoo error = "Data doesn\'t exist for startDate = 1436846400, endDate = 1437105600")')
    Warning: No data found for NE
  ✗ S2: Insufficient data for PYPL/NE

4/223: 2015-07-24: Added=SIG, Removed=DTV
  Holding Period End Date: 2015-07-28
  ✓ S1: SIG -0.14%, Portfolio: $1,046,047
    YFinance output for DTV: 1 Failed download:
['DTV']: YFTzMissingError('possibly delisted; no timezone found')
    Warning: No data found for DTV
  ✗ S2: Insufficient data for SIG/DTV

5/223: 2015-08-27: Added=ATVI, Removed=PLL
  Holding Period End Date: 2015-08-31
    YFinance output for ATVI: 1 Failed download:
['ATVI']: YFTzMissingError('possibly delisted; no timezone found')
    Warning: No data found for ATVI
  ✗ S1: Insufficient data for ATVI
    YFinance output for ATVI: 1 Failed download:
['ATVI']: YFTzMissingError('possibly delisted; no timezone found')
    Warning: No data found for ATVI
    YFinance output for PLL: 1 Failed download:
['PLL']: YFPricesMissingError('possibly delisted; no price data found  (1d 2015-08-27 00:00:00 -> 2015-09-01) (Yahoo error = "Data doesn\'t exist for startDate = 1440648000, endDate = 1441080000")')
    Warning: No data found for PLL
  ✗ S2: Insufficient data for ATVI/PLL

6/223: 2015-08-27: Added=UAL, Removed=HSP
  Holding Period End Date: 2015-08-31
  ✓ S1: UAL 6.77%, Portfolio: $1,116,816
    YFinance output for HSP: 1 Failed download:
['HSP']: YFPricesMissingError('possibly delisted; no price data found  (1d 2015-08-27 00:00:00 -> 2015-09-01)')
    Warning: No data found for HSP
  ✗ S2: Insufficient data for UAL/HSP

7/223: 2015-09-30: Added=VRSK, Removed=JOY
  Holding Period End Date: 2015-10-02
  ✓ S1: VRSK 8.08%, Portfolio: $1,207,025
    YFinance output for JOY: 1 Failed download:
['JOY']: YFPricesMissingError('possibly delisted; no price data found  (1d 2015-09-30 00:00:00 -> 2015-10-05)')
    Warning: No data found for JOY
  ✗ S2: Insufficient data for VRSK/JOY

8/223: 2015-10-27: Added=HPE, Removed=HCBK
  Holding Period End Date: 2015-10-29
  ✓ S1: HPE 1.40%, Portfolio: $1,223,907
    YFinance output for HCBK: 1 Failed download:
['HCBK']: YFPricesMissingError('possibly delisted; no price data found  (1d 2015-10-27 00:00:00 -> 2015-10-30)')
    Warning: No data found for HCBK
  ✗ S2: Insufficient data for HPE/HCBK

9/223: 2015-11-09: Added=SYF, Removed=GNW
  Holding Period End Date: 2015-11-11
  ✓ S1: SYF -4.89%, Portfolio: $1,164,067
  ✓ S2: Long SYF (-4.89%), Short GNW (0.21%)
      Combined: -2.34%, Portfolio: $976,608

10/223: 2015-11-12: Added=ILMN, Removed=SIAL
  Holding Period End Date: 2015-11-16
  ✓ S1: ILMN 9.47%, Portfolio: $1,274,338
    YFinance output for SIAL: 1 Failed download:
['SIAL']: YFPricesMissingError('possibly delisted; no price data found  (1d 2015-11-12 00:00:00 -> 2015-11-17)')
    Warning: No data found for SIAL
  ✗ S2: Insufficient data for ILMN/SIAL

11/223: 2015-11-23: Added=CSRA, Removed=CSC
  Holding Period End Date: 2015-11-25
  ✓ S1: CSRA -6.35%, Portfolio: $1,193,440
  ✓ S2: Long CSRA (-6.35%), Short CSC (0.00%)
      Combined: -3.17%, Portfolio: $945,610

12/223: 2015-12-15: Added=nan, Removed=CMCSK
  Holding Period End Date: 2015-12-17

13/223: 2015-12-22: Added=CHD, Removed=ALTR
  Holding Period End Date: 2015-12-24
  ✓ S1: CHD 1.30%, Portfolio: $1,208,965
    YFinance output for ALTR: 1 Failed download:
['ALTR']: YFTzMissingError('possibly delisted; no timezone found')
    Warning: No data found for ALTR
  ✗ S2: Insufficient data for CHD/ALTR

14/223: 2015-12-28: Added=WLTW, Removed=FOSL
  Holding Period End Date: 2015-12-30
    YFinance output for WLTW: 1 Failed download:
['WLTW']: YFTzMissingError('possibly delisted; no timezone found')
    Warning: No data found for WLTW
  ✗ S1: Insufficient data for WLTW
    YFinance output for WLTW: 1 Failed download:
['WLTW']: YFTzMissingError('possibly delisted; no timezone found')
    Warning: No data found for WLTW
  ✗ S2: Insufficient data for WLTW/FOSL

15/223: 2016-01-13: Added=EXR, Removed=ACE
  Holding Period End Date: 2016-01-15
  ✓ S1: EXR -3.93%, Portfolio: $1,161,443
    YFinance output for ACE: 1 Failed download:
['ACE']: YFPricesMissingError('possibly delisted; no price data found  (1d 2016-01-13 00:00:00 -> 2016-01-19) (Yahoo error = "Data doesn\'t exist for startDate = 1452661200, endDate = 1453179600")')
    Warning: No data found for ACE
  ✗ S2: Insufficient data for EXR/ACE

16/223: 2016-01-22: Added=FRT, Removed=BRCM
  Holding Period End Date: 2016-01-26
  ✓ S1: FRT -0.09%, Portfolio: $1,160,361
    YFinance output for BRCM: 1 Failed download:
['BRCM']: YFPricesMissingError('possibly delisted; no price data found  (1d 2016-01-22 00:00:00 -> 2016-01-27)')
    Warning: No data found for BRCM
  ✗ S2: Insufficient data for FRT/BRCM

17/223: 2016-01-26: Added=CFG, Removed=PCP
  Holding Period End Date: 2016-01-28
  ✓ S1: CFG 7.15%, Portfolio: $1,243,285
    YFinance output for PCP: 1 Failed download:
['PCP']: YFPricesMissingError('possibly delisted; no price data found  (1d 2016-01-26 00:00:00 -> 2016-01-29) (Yahoo error = "Data doesn\'t exist for startDate = 1453784400, endDate = 1454043600")')
    Warning: No data found for PCP
  ✗ S2: Insufficient data for CFG/PCP

18/223: 2016-02-16: Added=CXO, Removed=PCL
  Holding Period End Date: 2016-02-18
    YFinance output for CXO: 1 Failed download:
['CXO']: YFTzMissingError('possibly delisted; no timezone found')
    Warning: No data found for CXO
  ✗ S1: Insufficient data for CXO
    YFinance output for CXO: 1 Failed download:
['CXO']: YFTzMissingError('possibly delisted; no timezone found')
    Warning: No data found for CXO
    YFinance output for PCL: 1 Failed download:
['PCL']: YFPricesMissingError('possibly delisted; no price data found  (1d 2016-02-16 00:00:00 -> 2016-02-19) (Yahoo error = "Data doesn\'t exist for startDate = 1455598800, endDate = 1455858000")')
    Warning: No data found for PCL
  ✗ S2: Insufficient data for CXO/PCL

19/223: 2016-03-01: Added=AWK, Removed=CNX
  Holding Period End Date: 2016-03-03
  ✓ S1: AWK 3.98%, Portfolio: $1,292,788
  ✓ S2: Long AWK (3.98%), Short CNX (-12.14%)
      Combined: -4.08%, Portfolio: $907,056

20/223: 2016-03-04: Added=UDR, Removed=GMCR
  Holding Period End Date: 2016-03-08
  ✓ S1: UDR 1.78%, Portfolio: $1,315,847
    YFinance output for GMCR: 1 Failed download:
['GMCR']: YFPricesMissingError('possibly delisted; no price data found  (1d 2016-03-04 00:00:00 -> 2016-03-09)')
    Warning: No data found for GMCR
  ✗ S2: Insufficient data for UDR/GMCR

21/223: 2016-03-24: Added=CNC, Removed=ESV
  Holding Period End Date: 2016-03-28
  ✓ S1: CNC -1.82%, Portfolio: $1,291,907
    YFinance output for ESV: 1 Failed download:
['ESV']: YFTzMissingError('possibly delisted; no timezone found')
    Warning: No data found for ESV
  ✗ S2: Insufficient data for CNC/ESV

22/223: 2016-03-24: Added=HOLX, Removed=POM
  Holding Period End Date: 2016-03-28
  ✓ S1: HOLX 0.44%, Portfolio: $1,297,549
    YFinance output for POM: 1 Failed download:
['POM']: YFPricesMissingError('possibly delisted; no price data found  (1d 2016-03-24 00:00:00 -> 2016-03-30)')
    Warning: No data found for POM
  ✗ S2: Insufficient data for HOLX/POM

23/223: 2016-03-28: Added=FL, Removed=CAM
  Holding Period End Date: 2016-03-30
  ✓ S1: FL 0.83%, Portfolio: $1,308,295
    YFinance output for CAM: 1 Failed download:
['CAM']: YFPricesMissingError('possibly delisted; no price data found  (1d 2016-03-28 00:00:00 -> 2016-03-31)')
    Warning: No data found for CAM
  ✗ S2: Insufficient data for FL/CAM

24/223: 2016-04-07: Added=ULTA, Removed=THC
  Holding Period End Date: 2016-04-11
  ✓ S1: ULTA 4.11%, Portfolio: $1,362,078
  ✓ S2: Long ULTA (4.11%), Short THC (-0.38%)
      Combined: 1.86%, Portfolio: $923,958

25/223: 2016-04-19: Added=GPN, Removed=GME
  Holding Period End Date: 2016-04-21
  ✓ S1: GPN -3.04%, Portfolio: $1,320,647
  ✓ S2: Long GPN (-3.04%), Short GME (0.43%)
      Combined: -1.30%, Portfolio: $911,907

26/223: 2016-04-26: Added=AYI, Removed=ADT
  Holding Period End Date: 2016-04-28
  ✓ S1: AYI -3.98%, Portfolio: $1,268,074
    YFinance output for ADT: 1 Failed download:
['ADT']: YFPricesMissingError('possibly delisted; no price data found  (1d 2016-04-26 00:00:00 -> 2016-04-29) (Yahoo error = "Data doesn\'t exist for startDate = 1461643200, endDate = 1461902400")')
    Warning: No data found for ADT
  ✗ S2: Insufficient data for AYI/ADT

27/223: 2016-05-10: Added=ALK, Removed=SNDK
  Holding Period End Date: 2016-05-12
  ✓ S1: ALK -5.42%, Portfolio: $1,199,302
    YFinance output for SNDK: 1 Failed download:
['SNDK']: YFPricesMissingError('possibly delisted; no price data found  (1d 2016-05-10 00:00:00 -> 2016-05-13) (Yahoo error = "Data doesn\'t exist for startDate = 1462852800, endDate = 1463112000")')
    Warning: No data found for SNDK
  ✗ S2: Insufficient data for ALK/SNDK

28/223: 2016-05-13: Added=DLR, Removed=TWC
  Holding Period End Date: 2016-05-17
  ✓ S1: DLR 1.07%, Portfolio: $1,212,133
    YFinance output for TWC: 1 Failed download:
['TWC']: YFPricesMissingError('possibly delisted; no price data found  (1d 2016-05-13 00:00:00 -> 2016-05-18)')
    Warning: No data found for TWC
  ✗ S2: Insufficient data for DLR/TWC

29/223: 2016-05-18: Added=LKQ, Removed=ARG
  Holding Period End Date: 2016-05-20
  ✓ S1: LKQ -1.78%, Portfolio: $1,190,535
    YFinance output for ARG: 1 Failed download:
['ARG']: YFPricesMissingError('possibly delisted; no price data found  (1d 2016-05-18 00:00:00 -> 2016-05-23) (Yahoo error = "Data doesn\'t exist for startDate = 1463544000, endDate = 1463976000")')
    Warning: No data found for ARG
  ✗ S2: Insufficient data for LKQ/ARG

30/223: 2016-05-24: Added=AJG, Removed=CCE
  Holding Period End Date: 2016-05-26
  ✓ S1: AJG -0.25%, Portfolio: $1,187,566
    YFinance output for CCE: 1 Failed download:
['CCE']: YFPricesMissingError('possibly delisted; no price data found  (1d 2016-05-24 00:00:00 -> 2016-05-27)')
    Warning: No data found for CCE
  ✗ S2: Insufficient data for AJG/CCE

31/223: 2016-05-27: Added=TDG, Removed=BXLT
  Holding Period End Date: 2016-05-31
  ✓ S1: TDG 3.95%, Portfolio: $1,234,518
    YFinance output for BXLT: 1 Failed download:
['BXLT']: YFPricesMissingError('possibly delisted; no price data found  (1d 2016-05-27 00:00:00 -> 2016-06-02)')
    Warning: No data found for BXLT
  ✗ S2: Insufficient data for TDG/BXLT

32/223: 2016-06-21: Added=FBHS, Removed=CVC
  Holding Period End Date: 2016-06-23
    YFinance output for FBHS: 1 Failed download:
['FBHS']: YFTzMissingError('possibly delisted; no timezone found')
    Warning: No data found for FBHS
  ✗ S1: Insufficient data for FBHS
    YFinance output for FBHS: 1 Failed download:
['FBHS']: YFTzMissingError('possibly delisted; no timezone found')
    Warning: No data found for FBHS
    YFinance output for CVC: 1 Failed download:
['CVC']: YFPricesMissingError('possibly delisted; no price data found  (1d 2016-06-21 00:00:00 -> 2016-06-24)')
    Warning: No data found for CVC
  ✗ S2: Insufficient data for FBHS/CVC

33/223: 2016-06-23: Added=FTV, Removed=CPGX
  Holding Period End Date: 2016-06-27
    YFinance output for FTV: 1 Failed download:
['FTV']: YFPricesMissingError('possibly delisted; no price data found  (1d 2016-06-23 00:00:00 -> 2016-06-28) (Yahoo error = "Data doesn\'t exist for startDate = 1466654400, endDate = 1467086400")')
    Warning: No data found for FTV
  ✗ S1: Insufficient data for FTV
    YFinance output for FTV: 1 Failed download:
['FTV']: YFPricesMissingError('possibly delisted; no price data found  (1d 2016-06-23 00:00:00 -> 2016-06-28) (Yahoo error = "Data doesn\'t exist for startDate = 1466654400, endDate = 1467086400")')
    Warning: No data found for FTV
    YFinance output for CPGX: 1 Failed download:
['CPGX']: YFPricesMissingError('possibly delisted; no price data found  (1d 2016-06-23 00:00:00 -> 2016-06-28)')
    Warning: No data found for CPGX
  ✗ S2: Insufficient data for FTV/CPGX

34/223: 2016-06-23: Added=ALB, Removed=TE
  Holding Period End Date: 2016-06-27
  ✓ S1: ALB -10.73%, Portfolio: $1,101,997
    YFinance output for TE: 1 Failed download:
['TE']: YFPricesMissingError('possibly delisted; no price data found  (1d 2016-06-23 00:00:00 -> 2016-06-28) (Yahoo error = "Data doesn\'t exist for startDate = 1466654400, endDate = 1467086400")')
    Warning: No data found for TE
  ✗ S2: Insufficient data for ALB/TE

35/223: 2016-06-29: Added=LNT, Removed=GAS
  Holding Period End Date: 2016-07-01
  ✓ S1: LNT 1.43%, Portfolio: $1,117,771
  ✓ S2: Long LNT (1.43%), Short GAS (-5.34%)
      Combined: -1.96%, Portfolio: $894,070

36/223: 2016-08-25: Added=MTD, Removed=TYC
  Holding Period End Date: 2016-08-29
  ✓ S1: MTD 0.75%, Portfolio: $1,126,189
    YFinance output for TYC: 1 Failed download:
['TYC']: YFPricesMissingError('possibly delisted; no price data found  (1d 2016-08-25 00:00:00 -> 2016-08-30)')
    Warning: No data found for TYC
  ✗ S2: Insufficient data for MTD/TYC

37/223: 2016-08-31: Added=CHTR, Removed=EMC
  Holding Period End Date: 2016-09-02
  ✓ S1: CHTR 5.67%, Portfolio: $1,190,027
    YFinance output for EMC: 1 Failed download:
['EMC']: YFPricesMissingError('possibly delisted; no price data found  (1d 2016-08-31 00:00:00 -> 2016-09-06) (Yahoo error = "Data doesn\'t exist for startDate = 1472616000, endDate = 1473134400")')
    Warning: No data found for EMC
  ✗ S2: Insufficient data for CHTR/EMC

38/223: 2016-09-10: Added=COO, Removed=HOT
  Holding Period End Date: 2016-09-14
  ✓ S1: COO -0.65%, Portfolio: $1,182,316
  ✓ S2: Long COO (-0.65%), Short HOT (0.29%)
      Combined: -0.18%, Portfolio: $892,480

39/223: 2016-09-27: Added=COTY, Removed=DO
  Holding Period End Date: 2016-09-29
  ✓ S1: COTY -1.58%, Portfolio: $1,163,661
    YFinance output for DO: 1 Failed download:
['DO']: YFTzMissingError('possibly delisted; no timezone found')
    Warning: No data found for DO
  ✗ S2: Insufficient data for COTY/DO

40/223: 2016-11-29: Added=MAA, Removed=OI
  Holding Period End Date: 2016-12-01
  ✓ S1: MAA -5.23%, Portfolio: $1,102,755
  ✓ S2: Long MAA (-5.23%), Short OI (-1.47%)
      Combined: -3.35%, Portfolio: $862,565

41/223: 2016-11-29: Added=EVHC, Removed=LM
  Holding Period End Date: 2016-12-01
  ✓ S1: EVHC 0.55%, Portfolio: $1,108,810
    YFinance output for LM: 1 Failed download:
['LM']: YFTzMissingError('possibly delisted; no timezone found')
    Warning: No data found for LM
  ✗ S2: Insufficient data for EVHC/LM

42/223: 2017-01-03: Added=IDXX, Removed=STJ
  Holding Period End Date: 2017-01-05
  ✓ S1: IDXX -1.39%, Portfolio: $1,093,347
    YFinance output for STJ: 1 Failed download:
['STJ']: YFPricesMissingError('possibly delisted; no price data found  (1d 2017-01-03 00:00:00 -> 2017-01-06)')
    Warning: No data found for STJ
  ✗ S2: Insufficient data for IDXX/STJ

43/223: 2017-02-23: Added=INCY, Removed=SE
  Holding Period End Date: 2017-02-27
  ✓ S1: INCY 9.90%, Portfolio: $1,201,561
    YFinance output for SE: 1 Failed download:
['SE']: YFPricesMissingError('possibly delisted; no price data found  (1d 2017-02-23 00:00:00 -> 2017-02-28) (Yahoo error = "Data doesn\'t exist for startDate = 1487826000, endDate = 1488258000")')
    Warning: No data found for SE
  ✗ S2: Insufficient data for INCY/SE

44/223: 2017-02-23: Added=CBOE, Removed=PBI
  Holding Period End Date: 2017-02-27
  ✓ S1: CBOE -1.62%, Portfolio: $1,182,099
  ✓ S2: Long CBOE (-1.62%), Short PBI (-1.29%)
      Combined: -1.45%, Portfolio: $850,030

45/223: 2017-02-23: Added=REG, Removed=ENDP
  Holding Period End Date: 2017-02-27
  ✓ S1: REG 1.06%, Portfolio: $1,194,595
    YFinance output for ENDP: 1 Failed download:
['ENDP']: YFTzMissingError('possibly delisted; no timezone found')
    Warning: No data found for ENDP
  ✗ S2: Insufficient data for REG/ENDP

46/223: 2017-03-06: Added=DISH, Removed=LLTC
  Holding Period End Date: 2017-03-08
    YFinance output for DISH: 1 Failed download:
['DISH']: YFTzMissingError('possibly delisted; no timezone found')
    Warning: No data found for DISH
  ✗ S1: Insufficient data for DISH
    YFinance output for DISH: 1 Failed download:
['DISH']: YFTzMissingError('possibly delisted; no timezone found')
    Warning: No data found for DISH
    YFinance output for LLTC: 1 Failed download:
['LLTC']: YFPricesMissingError('possibly delisted; no price data found  (1d 2017-03-06 00:00:00 -> 2017-03-09)')
    Warning: No data found for LLTC
  ✗ S2: Insufficient data for DISH/LLTC

47/223: 2017-03-10: Added=ARE, Removed=FSLR
  Holding Period End Date: 2017-03-14
  ✓ S1: ARE -0.58%, Portfolio: $1,187,678
  ✓ S2: Long ARE (-0.58%), Short FSLR (1.03%)
      Combined: 0.23%, Portfolio: $851,943

48/223: 2017-03-10: Added=RJF, Removed=FTR
  Holding Period End Date: 2017-03-14
  ✓ S1: RJF -1.35%, Portfolio: $1,171,653
    YFinance output for FTR: 1 Failed download:
['FTR']: YFTzMissingError('possibly delisted; no timezone found')
    Warning: No data found for FTR
  ✗ S2: Insufficient data for RJF/FTR

49/223: 2017-03-10: Added=AMD, Removed=URBN
  Holding Period End Date: 2017-03-14
  ✓ S1: AMD 1.37%, Portfolio: $1,187,657
  ✓ S2: Long AMD (1.37%), Short URBN (5.49%)
      Combined: 3.43%, Portfolio: $881,149

50/223: 2017-03-13: Added=SNPS, Removed=HAR
  Holding Period End Date: 2017-03-15
  ✓ S1: SNPS -2.55%, Portfolio: $1,157,344
  ✓ S2: Long SNPS (-2.55%), Short HAR (-4.89%)
      Combined: -3.72%, Portfolio: $848,381

51/223: 2017-03-28: Added=DXC, Removed=SWN
  Holding Period End Date: 2017-03-30
  ✓ S1: DXC 3.01%, Portfolio: $1,192,196
    YFinance output for SWN: 1 Failed download:
['SWN']: YFTzMissingError('possibly delisted; no timezone found')
    Warning: No data found for SWN
  ✗ S2: Insufficient data for DXC/SWN

52/223: 2017-03-29: Added=IT, Removed=DNB
  Holding Period End Date: 2017-03-31
  ✓ S1: IT -0.56%, Portfolio: $1,185,500
    YFinance output for DNB: 1 Failed download:
['DNB']: YFPricesMissingError('possibly delisted; no price data found  (1d 2017-03-29 00:00:00 -> 2017-04-03) (Yahoo error = "Data doesn\'t exist for startDate = 1490760000, endDate = 1491192000")')
    Warning: No data found for DNB
  ✗ S2: Insufficient data for IT/DNB

53/223: 2017-05-24: Added=INFO, Removed=TGNA
  Holding Period End Date: 2017-05-26
    YFinance output for INFO: 1 Failed download:
['INFO']: YFPricesMissingError('possibly delisted; no price data found  (1d 2017-05-24 00:00:00 -> 2017-05-30) (Yahoo error = "Data doesn\'t exist for startDate = 1495598400, endDate = 1496116800")')
    Warning: No data found for INFO
  ✗ S1: Insufficient data for INFO
    YFinance output for INFO: 1 Failed download:
['INFO']: YFPricesMissingError('possibly delisted; no price data found  (1d 2017-05-24 00:00:00 -> 2017-05-30) (Yahoo error = "Data doesn\'t exist for startDate = 1495598400, endDate = 1496116800")')
    Warning: No data found for INFO
  ✗ S2: Insufficient data for INFO/TGNA

54/223: 2017-06-09: Added=ANSS, Removed=R
  Holding Period End Date: 2017-06-13
  ✓ S1: ANSS -1.65%, Portfolio: $1,165,983
  ✓ S2: Long ANSS (-1.65%), Short R (-3.27%)
      Combined: -2.46%, Portfolio: $827,540

55/223: 2017-06-09: Added=ALGN, Removed=TDC
  Holding Period End Date: 2017-06-13
  ✓ S1: ALGN -3.00%, Portfolio: $1,130,968
  ✓ S2: Long ALGN (-3.00%), Short TDC (-1.69%)
      Combined: -2.35%, Portfolio: $808,124

56/223: 2017-06-09: Added=HLT, Removed=YHOO
  Holding Period End Date: 2017-06-13
  ✓ S1: HLT 2.63%, Portfolio: $1,160,661
    YFinance output for YHOO: 1 Failed download:
['YHOO']: YFTzMissingError('possibly delisted; no timezone found')
    Warning: No data found for YHOO
  ✗ S2: Insufficient data for HLT/YHOO

57/223: 2017-06-12: Added=RE, Removed=MJN
  Holding Period End Date: 2017-06-14
    YFinance output for RE: 1 Failed download:
['RE']: YFTzMissingError('possibly delisted; no timezone found')
    Warning: No data found for RE
  ✗ S1: Insufficient data for RE
    YFinance output for RE: 1 Failed download:
['RE']: YFTzMissingError('possibly delisted; no timezone found')
    Warning: No data found for RE
    YFinance output for MJN: 1 Failed download:
['MJN']: YFPricesMissingError('possibly delisted; no price data found  (1d 2017-06-12 00:00:00 -> 2017-06-15)')
    Warning: No data found for MJN
  ✗ S2: Insufficient data for RE/MJN

58/223: 2017-06-30: Added=BKR, Removed=BHI
  Holding Period End Date: 2017-07-04
  ✓ S1: BKR -1.90%, Portfolio: $1,138,600
    YFinance output for BHI: 1 Failed download:
['BHI']: YFPricesMissingError('possibly delisted; no price data found  (1d 2017-06-30 00:00:00 -> 2017-07-06) (Yahoo error = "Data doesn\'t exist for startDate = 1498795200, endDate = 1499313600")')
    Warning: No data found for BHI
  ✗ S2: Insufficient data for BKR/BHI

59/223: 2017-07-19: Added=MGM, Removed=RAI
  Holding Period End Date: 2017-07-21
  ✓ S1: MGM 3.78%, Portfolio: $1,181,657
    YFinance output for RAI: 1 Failed download:
['RAI']: YFPricesMissingError('possibly delisted; no price data found  (1d 2017-07-19 00:00:00 -> 2017-07-24)')
    Warning: No data found for RAI
  ✗ S2: Insufficient data for MGM/RAI

60/223: 2017-07-19: Added=RMD, Removed=MNK
  Holding Period End Date: 2017-07-21
  ✓ S1: RMD -1.36%, Portfolio: $1,165,611
    YFinance output for MNK: 1 Failed download:
['MNK']: YFTzMissingError('possibly delisted; no timezone found')
    Warning: No data found for MNK
  ✗ S2: Insufficient data for RMD/MNK

61/223: 2017-07-19: Added=PKG, Removed=MUR
  Holding Period End Date: 2017-07-21
  ✓ S1: PKG -2.51%, Portfolio: $1,136,336
  ✓ S2: Long PKG (-2.51%), Short MUR (3.82%)
      Combined: 0.66%, Portfolio: $813,430

62/223: 2017-07-19: Added=AOS, Removed=BBBY
  Holding Period End Date: 2017-07-21
  ✓ S1: AOS -2.85%, Portfolio: $1,103,971
    YFinance output for BBBY: 1 Failed download:
['BBBY']: YFTzMissingError('possibly delisted; no timezone found')
    Warning: No data found for BBBY
  ✗ S2: Insufficient data for AOS/BBBY

63/223: 2017-07-19: Added=DRE, Removed=RIG
  Holding Period End Date: 2017-07-21
    YFinance output for DRE: 1 Failed download:
['DRE']: YFTzMissingError('possibly delisted; no timezone found')
    Warning: No data found for DRE
  ✗ S1: Insufficient data for DRE
    YFinance output for DRE: 1 Failed download:
['DRE']: YFTzMissingError('possibly delisted; no timezone found')
    Warning: No data found for DRE
  ✗ S2: Insufficient data for DRE/RIG

64/223: 2017-07-31: Added=BHF, Removed=AN
  Holding Period End Date: 2017-08-02
  ✓ S1: BHF -1.68%, Portfolio: $1,085,405
  ✓ S2: Long BHF (-1.68%), Short AN (8.78%)
      Combined: 3.55%, Portfolio: $842,293

65/223: 2017-08-24: Added=Q, Removed=WFM
  Holding Period End Date: 2017-08-28
    YFinance output for Q: 1 Failed download:
['Q']: YFPricesMissingError('possibly delisted; no price data found  (1d 2017-08-24 00:00:00 -> 2017-08-29)')
    Warning: No data found for Q
  ✗ S1: Insufficient data for Q
    YFinance output for Q: 1 Failed download:
['Q']: YFPricesMissingError('possibly delisted; no price data found  (1d 2017-08-24 00:00:00 -> 2017-08-29)')
    Warning: No data found for Q
    YFinance output for WFM: 1 Failed download:
['WFM']: YFPricesMissingError('possibly delisted; no price data found  (1d 2017-08-24 00:00:00 -> 2017-08-29)')
    Warning: No data found for WFM
  ✗ S2: Insufficient data for Q/WFM

66/223: 2017-08-24: Added=SBAC, Removed=DD
  Holding Period End Date: 2017-08-28
  ✓ S1: SBAC 2.89%, Portfolio: $1,116,777
  ✓ S2: Long SBAC (2.89%), Short DD (-0.49%)
      Combined: 1.20%, Portfolio: $852,381

67/223: 2017-08-24: Added=DWDP, Removed=DOW
  Holding Period End Date: 2017-08-28
    YFinance output for DWDP: 1 Failed download:
['DWDP']: YFTzMissingError('possibly delisted; no timezone found')
    Warning: No data found for DWDP
  ✗ S1: Insufficient data for DWDP
    YFinance output for DWDP: 1 Failed download:
['DWDP']: YFTzMissingError('possibly delisted; no timezone found')
    Warning: No data found for DWDP
    YFinance output for DOW: 1 Failed download:
['DOW']: YFPricesMissingError('possibly delisted; no price data found  (1d 2017-08-24 00:00:00 -> 2017-08-29) (Yahoo error = "Data doesn\'t exist for startDate = 1503547200, endDate = 1503979200")')
    Warning: No data found for DOW
  ✗ S2: Insufficient data for DWDP/DOW

68/223: 2017-08-24: Added=CDNS, Removed=SPLS
  Holding Period End Date: 2017-08-28
  ✓ S1: CDNS 1.59%, Portfolio: $1,134,498
    YFinance output for SPLS: 1 Failed download:
['SPLS']: YFPricesMissingError('possibly delisted; no price data found  (1d 2017-08-24 00:00:00 -> 2017-08-29)')
    Warning: No data found for SPLS
  ✗ S2: Insufficient data for CDNS/SPLS

69/223: 2017-10-04: Added=NCLH, Removed=LVLT
  Holding Period End Date: 2017-10-06
  ✓ S1: NCLH 5.11%, Portfolio: $1,192,460
    YFinance output for LVLT: 1 Failed download:
['LVLT']: YFPricesMissingError('possibly delisted; no price data found  (1d 2017-10-04 00:00:00 -> 2017-10-09)')
    Warning: No data found for LVLT
  ✗ S2: Insufficient data for NCLH/LVLT

70/223: 2017-12-28: Added=HII, Removed=BCR
  Holding Period End Date: 2018-01-01
  ✓ S1: HII -4.78%, Portfolio: $1,135,488
    YFinance output for BCR: 1 Failed download:
['BCR']: YFPricesMissingError('possibly delisted; no price data found  (1d 2017-12-28 00:00:00 -> 2018-01-03)')
    Warning: No data found for BCR
  ✗ S2: Insufficient data for HII/BCR

71/223: 2018-03-02: Added=IPGP, Removed=SNI
  Holding Period End Date: 2018-03-06
  ✓ S1: IPGP -1.37%, Portfolio: $1,119,903
    YFinance output for SNI: 1 Failed download:
['SNI']: YFPricesMissingError('possibly delisted; no price data found  (1d 2018-03-02 00:00:00 -> 2018-03-07)')
    Warning: No data found for SNI
  ✗ S2: Insufficient data for IPGP/SNI

72/223: 2018-03-09: Added=TTWO, Removed=SIG
  Holding Period End Date: 2018-03-13
  ✓ S1: TTWO -2.68%, Portfolio: $1,089,939
  ✓ S2: Long TTWO (-2.68%), Short SIG (2.07%)
      Combined: -0.30%, Portfolio: $849,785

73/223: 2018-03-09: Added=NKTR, Removed=CHK
  Holding Period End Date: 2018-03-13
  ✓ S1: NKTR -4.78%, Portfolio: $1,037,826
    YFinance output for CHK: 1 Failed download:
['CHK']: YFTzMissingError('possibly delisted; no timezone found')
    Warning: No data found for CHK
  ✗ S2: Insufficient data for NKTR/CHK

74/223: 2018-03-09: Added=SIVB, Removed=PDCO
  Holding Period End Date: 2018-03-13
    YFinance output for SIVB: 1 Failed download:
['SIVB']: YFTzMissingError('possibly delisted; no timezone found')
    Warning: No data found for SIVB
  ✗ S1: Insufficient data for SIVB
    YFinance output for SIVB: 1 Failed download:
['SIVB']: YFTzMissingError('possibly delisted; no timezone found')
    Warning: No data found for SIVB
    YFinance output for PDCO: 1 Failed download:
['PDCO']: YFTzMissingError('possibly delisted; no timezone found')
    Warning: No data found for PDCO
  ✗ S2: Insufficient data for SIVB/PDCO

75/223: 2018-03-28: Added=MSCI, Removed=CSRA
  Holding Period End Date: 2018-04-01
  ✓ S1: MSCI -3.06%, Portfolio: $1,006,047
  ✓ S2: Long MSCI (-3.06%), Short CSRA (0.02%)
      Combined: -1.52%, Portfolio: $836,877

76/223: 2018-05-25: Added=ABMD, Removed=WYN
  Holding Period End Date: 2018-05-29
    YFinance output for ABMD: 1 Failed download:
['ABMD']: YFTzMissingError('possibly delisted; no timezone found')
    Warning: No data found for ABMD
  ✗ S1: Insufficient data for ABMD
    YFinance output for ABMD: 1 Failed download:
['ABMD']: YFTzMissingError('possibly delisted; no timezone found')
    Warning: No data found for ABMD
    YFinance output for WYN: 1 Failed download:
['WYN']: YFPricesMissingError('possibly delisted; no price data found  (1d 2018-05-25 00:00:00 -> 2018-05-31)')
    Warning: No data found for WYN
  ✗ S2: Insufficient data for ABMD/WYN

77/223: 2018-05-31: Added=EVRG, Removed=NAVI
  Holding Period End Date: 2018-06-04
  ✓ S1: EVRG -4.76%, Portfolio: $958,140
  ✓ S2: Long EVRG (-4.76%), Short NAVI (-3.90%)
      Combined: -4.33%, Portfolio: $800,645

78/223: 2018-06-04: Added=TWTR, Removed=MON
  Holding Period End Date: 2018-06-06
    YFinance output for TWTR: 1 Failed download:
['TWTR']: YFTzMissingError('possibly delisted; no timezone found')
    Warning: No data found for TWTR
  ✗ S1: Insufficient data for TWTR
    YFinance output for TWTR: 1 Failed download:
['TWTR']: YFTzMissingError('possibly delisted; no timezone found')
    Warning: No data found for TWTR
    YFinance output for MON: 1 Failed download:
['MON']: YFTzMissingError('possibly delisted; no timezone found')
    Warning: No data found for MON
  ✗ S2: Insufficient data for TWTR/MON

79/223: 2018-06-08: Added=HFC, Removed=AYI
  Holding Period End Date: 2018-06-12
    YFinance output for HFC: 1 Failed download:
['HFC']: YFTzMissingError('possibly delisted; no timezone found')
    Warning: No data found for HFC
  ✗ S1: Insufficient data for HFC
    YFinance output for HFC: 1 Failed download:
['HFC']: YFTzMissingError('possibly delisted; no timezone found')
    Warning: No data found for HFC
  ✗ S2: Insufficient data for HFC/AYI

80/223: 2018-06-08: Added=BR, Removed=RRC
  Holding Period End Date: 2018-06-12
  ✓ S1: BR -2.65%, Portfolio: $932,702
  ✓ S2: Long BR (-2.65%), Short RRC (-2.01%)
      Combined: -2.33%, Portfolio: $781,957

81/223: 2018-06-15: Added=FLT, Removed=TWX
  Holding Period End Date: 2018-06-19
    YFinance output for FLT: 1 Failed download:
['FLT']: YFTzMissingError('possibly delisted; no timezone found')
    Warning: No data found for FLT
  ✗ S1: Insufficient data for FLT
    YFinance output for FLT: 1 Failed download:
['FLT']: YFTzMissingError('possibly delisted; no timezone found')
    Warning: No data found for FLT
  ✗ S2: Insufficient data for FLT/TWX

82/223: 2018-06-25: Added=CPRT, Removed=DPS
  Holding Period End Date: 2018-06-27
  ✓ S1: CPRT -5.37%, Portfolio: $882,627
    YFinance output for DPS: 1 Failed download:
['DPS']: YFPricesMissingError('possibly delisted; no price data found  (1d 2018-06-25 00:00:00 -> 2018-06-28)')
    Warning: No data found for DPS
  ✗ S2: Insufficient data for CPRT/DPS

83/223: 2018-08-23: Added=ANET, Removed=GGP
  Holding Period End Date: 2018-08-27
  ✓ S1: ANET 7.85%, Portfolio: $951,898
    YFinance output for GGP: 1 Failed download:
['GGP']: YFPricesMissingError('possibly delisted; no price data found  (1d 2018-08-23 00:00:00 -> 2018-08-28)')
    Warning: No data found for GGP
  ✗ S2: Insufficient data for ANET/GGP

84/223: 2018-09-11: Added=WCG, Removed=XL
  Holding Period End Date: 2018-09-13
    YFinance output for WCG: 1 Failed download:
['WCG']: YFTzMissingError('possibly delisted; no timezone found')
    Warning: No data found for WCG
  ✗ S1: Insufficient data for WCG
    YFinance output for WCG: 1 Failed download:
['WCG']: YFTzMissingError('possibly delisted; no timezone found')
    Warning: No data found for WCG
    YFinance output for XL: 1 Failed download:
['XL']: YFTzMissingError('possibly delisted; no timezone found')
    Warning: No data found for XL
  ✗ S2: Insufficient data for WCG/XL

85/223: 2018-09-25: Added=ROL, Removed=ANDV
  Holding Period End Date: 2018-09-27
  ✓ S1: ROL -5.15%, Portfolio: $902,840
  ✓ S2: Long ROL (-5.15%), Short ANDV (1.62%)
      Combined: -1.77%, Portfolio: $768,122

86/223: 2018-10-04: Added=FTNT, Removed=EVHC
  Holding Period End Date: 2018-10-08
  ✓ S1: FTNT -6.26%, Portfolio: $846,318
  ✓ S2: Long FTNT (-6.26%), Short EVHC (-0.07%)
      Combined: -3.16%, Portfolio: $743,827

87/223: 2018-10-30: Added=KEYS, Removed=CA
  Holding Period End Date: 2018-11-01
  ✓ S1: KEYS 0.75%, Portfolio: $852,688
    YFinance output for CA: 1 Failed download:
['CA']: YFPricesMissingError('possibly delisted; no price data found  (1d 2018-10-30 00:00:00 -> 2018-11-02) (Yahoo error = "Data doesn\'t exist for startDate = 1540872000, endDate = 1541131200")')
    Warning: No data found for CA
  ✗ S2: Insufficient data for KEYS/CA

88/223: 2018-11-07: Added=JKHY, Removed=EQT
  Holding Period End Date: 2018-11-09
  ✓ S1: JKHY -3.51%, Portfolio: $822,744
  ✓ S2: Long JKHY (-3.51%), Short EQT (-4.82%)
      Combined: -4.17%, Portfolio: $712,844

89/223: 2018-11-26: Added=FANG, Removed=SRCL
  Holding Period End Date: 2018-11-28
  ✓ S1: FANG 0.45%, Portfolio: $826,432
    YFinance output for SRCL: 1 Failed download:
['SRCL']: YFTzMissingError('possibly delisted; no timezone found')
    Warning: No data found for SRCL
  ✗ S2: Insufficient data for FANG/SRCL

90/223: 2018-11-26: Added=MXIM, Removed=AET
  Holding Period End Date: 2018-11-28
    YFinance output for MXIM: 1 Failed download:
['MXIM']: YFTzMissingError('possibly delisted; no timezone found')
    Warning: No data found for MXIM
  ✗ S1: Insufficient data for MXIM
    YFinance output for MXIM: 1 Failed download:
['MXIM']: YFTzMissingError('possibly delisted; no timezone found')
    Warning: No data found for MXIM
  ✗ S2: Insufficient data for MXIM/AET

91/223: 2018-11-26: Added=LW, Removed=COL
  Holding Period End Date: 2018-11-28
  ✓ S1: LW -4.07%, Portfolio: $792,807
  ✓ S2: Long LW (-4.07%), Short COL (0.00%)
      Combined: -2.03%, Portfolio: $698,342

92/223: 2018-12-27: Added=CE, Removed=ESRX
  Holding Period End Date: 2018-12-31
  ✓ S1: CE 0.39%, Portfolio: $795,903
    YFinance output for ESRX: 1 Failed download:
['ESRX']: YFPricesMissingError('possibly delisted; no price data found  (1d 2018-12-27 00:00:00 -> 2019-01-02)')
    Warning: No data found for ESRX
  ✗ S2: Insufficient data for CE/ESRX

93/223: 2018-12-27: Added=FRC, Removed=SCG
  Holding Period End Date: 2018-12-31
    YFinance output for FRC: 1 Failed download:
['FRC']: YFTzMissingError('possibly delisted; no timezone found')
    Warning: No data found for FRC
  ✗ S1: Insufficient data for FRC
    YFinance output for FRC: 1 Failed download:
['FRC']: YFTzMissingError('possibly delisted; no timezone found')
    Warning: No data found for FRC
  ✗ S2: Insufficient data for FRC/SCG

94/223: 2019-01-15: Added=TFX, Removed=PCG
  Holding Period End Date: 2019-01-17
  ✓ S1: TFX -0.55%, Portfolio: $791,521
  ✓ S2: Long TFX (-0.55%), Short PCG (8.65%)
      Combined: 4.05%, Portfolio: $726,616

95/223: 2019-02-08: Added=ATO, Removed=NFX
  Holding Period End Date: 2019-02-12
  ✓ S1: ATO -2.16%, Portfolio: $774,393
  ✓ S2: Long ATO (-2.16%), Short NFX (-0.31%)
      Combined: -1.23%, Portfolio: $717,643

96/223: 2019-02-21: Added=WAB, Removed=GT
  Holding Period End Date: 2019-02-25
  ✓ S1: WAB 6.09%, Portfolio: $821,543
  ✓ S2: Long WAB (6.09%), Short GT (-4.53%)
      Combined: 0.78%, Portfolio: $723,228

97/223: 2019-03-14: Added=FOXA, Removed=FOXA
  Holding Period End Date: 2019-03-18
  ✓ S1: FOXA 2.58%, Portfolio: $842,764
  ✓ S2: Long FOXA (2.58%), Short FOXA (-2.52%)
      Combined: 0.03%, Portfolio: $723,464

98/223: 2019-03-14: Added=FOX, Removed=FOX
  Holding Period End Date: 2019-03-18
  ✓ S1: FOX 2.25%, Portfolio: $861,745
  ✓ S2: Long FOX (2.25%), Short FOX (-2.20%)
      Combined: 0.02%, Portfolio: $723,643

99/223: 2019-03-26: Added=DOW, Removed=BHF
  Holding Period End Date: 2019-03-28
  ✓ S1: DOW 4.09%, Portfolio: $897,026
  ✓ S2: Long DOW (4.09%), Short BHF (1.21%)
      Combined: 2.65%, Portfolio: $742,832

100/223: 2019-05-28: Added=CTVA, Removed=FLR
  Holding Period End Date: 2019-05-30
  ✓ S1: CTVA 0.12%, Portfolio: $898,118
  ✓ S2: Long CTVA (0.12%), Short FLR (-0.80%)
      Combined: -0.34%, Portfolio: $740,314

101/223: 2019-05-28: Added=DD, Removed=DWDP
  Holding Period End Date: 2019-05-30
  ✓ S1: DD 1.30%, Portfolio: $909,793
    YFinance output for DWDP: 1 Failed download:
['DWDP']: YFTzMissingError('possibly delisted; no timezone found')
    Warning: No data found for DWDP
  ✗ S2: Insufficient data for DD/DWDP

102/223: 2019-06-03: Added=BMS, Removed=MAT
  Holding Period End Date: 2019-06-05
  ✓ S1: BMS -1.98%, Portfolio: $891,802
  ✓ S2: Long BMS (-1.98%), Short MAT (-12.19%)
      Combined: -7.09%, Portfolio: $687,861

103/223: 2019-06-03: Added=AMCR, Removed=BMS
  Holding Period End Date: 2019-06-05
  ✓ S1: AMCR 0.00%, Portfolio: $891,802
  ✓ S2: Long AMCR (0.00%), Short BMS (2.02%)
      Combined: 1.01%, Portfolio: $694,799

104/223: 2019-06-24: Added=MKTX, Removed=LLL
  Holding Period End Date: 2019-06-26
  ✓ S1: MKTX -6.11%, Portfolio: $837,307
    YFinance output for LLL: 1 Failed download:
['LLL']: YFTzMissingError('possibly delisted; no timezone found')
    Warning: No data found for LLL
  ✗ S2: Insufficient data for MKTX/LLL

105/223: 2019-07-09: Added=TMUS, Removed=RHT
  Holding Period End Date: 2019-07-11
  ✓ S1: TMUS 4.14%, Portfolio: $871,958
    YFinance output for RHT: 1 Failed download:
['RHT']: YFTzMissingError('possibly delisted; no timezone found')
    Warning: No data found for RHT
  ✗ S2: Insufficient data for TMUS/RHT

106/223: 2019-08-01: Added=IEX, Removed=FL
  Holding Period End Date: 2019-08-05
  ✓ S1: IEX -7.25%, Portfolio: $808,782
  ✓ S2: Long IEX (-7.25%), Short FL (2.02%)
      Combined: -2.61%, Portfolio: $676,657

107/223: 2019-08-01: Added=LDOS, Removed=APC
  Holding Period End Date: 2019-08-05
  ✓ S1: LDOS -5.31%, Portfolio: $765,827
    YFinance output for APC: 1 Failed download:
['APC']: YFTzMissingError('possibly delisted; no timezone found')
    Warning: No data found for APC
  ✗ S2: Insufficient data for LDOS/APC

108/223: 2019-09-17: Added=CDW, Removed=TSS
  Holding Period End Date: 2019-09-19
  ✓ S1: CDW 7.03%, Portfolio: $819,664
    YFinance output for TSS: 1 Failed download:
['TSS']: YFTzMissingError('possibly delisted; no timezone found')
    Warning: No data found for TSS
  ✗ S2: Insufficient data for CDW/TSS

109/223: 2019-09-20: Added=NVR, Removed=JEF
  Holding Period End Date: 2019-09-24
  ✓ S1: NVR -3.08%, Portfolio: $794,440
  ✓ S2: Long NVR (-3.08%), Short JEF (-1.82%)
      Combined: -2.45%, Portfolio: $660,100

110/223: 2019-09-20: Added=LVS, Removed=NKTR
  Holding Period End Date: 2019-09-24
  ✓ S1: LVS -1.17%, Portfolio: $785,131
  ✓ S2: Long LVS (-1.17%), Short NKTR (6.56%)
      Combined: 2.69%, Portfolio: $677,875

111/223: 2019-11-18: Added=NOW, Removed=CELG
  Holding Period End Date: 2019-11-20
  ✓ S1: NOW 6.27%, Portfolio: $834,336
    YFinance output for CELG: 1 Failed download:
['CELG']: YFTzMissingError('possibly delisted; no timezone found')
    Warning: No data found for CELG
  ✗ S2: Insufficient data for NOW/CELG

112/223: 2019-11-27: Added=WRB, Removed=VIAB
  Holding Period End Date: 2019-12-01
  ✓ S1: WRB -1.17%, Portfolio: $824,566
    YFinance output for VIAB: 1 Failed download:
['VIAB']: YFTzMissingError('possibly delisted; no timezone found')
    Warning: No data found for VIAB
  ✗ S2: Insufficient data for WRB/VIAB

113/223: 2019-12-02: Added=ODFL, Removed=STI
  Holding Period End Date: 2019-12-04
  ✓ S1: ODFL -2.33%, Portfolio: $805,382
    YFinance output for STI: 1 Failed download:
['STI']: YFPricesMissingError('possibly delisted; no price data found  (1d 2019-12-02 00:00:00 -> 2019-12-05) (Yahoo error = "Data doesn\'t exist for startDate = 1575262800, endDate = 1575522000")')
    Warning: No data found for STI
  ✗ S2: Insufficient data for ODFL/STI

114/223: 2019-12-13: Added=ZBRA, Removed=TRIP
  Holding Period End Date: 2019-12-17
  ✓ S1: ZBRA -1.69%, Portfolio: $791,761
  ✓ S2: Long ZBRA (-1.69%), Short TRIP (0.14%)
      Combined: -0.78%, Portfolio: $672,607

115/223: 2019-12-13: Added=LYV, Removed=AMG
  Holding Period End Date: 2019-12-17
  ✓ S1: LYV -2.22%, Portfolio: $774,164
  ✓ S2: Long LYV (-2.22%), Short AMG (-0.94%)
      Combined: -1.58%, Portfolio: $661,962

116/223: 2019-12-13: Added=STE, Removed=MAC
  Holding Period End Date: 2019-12-17
  ✓ S1: STE -0.27%, Portfolio: $772,075
  ✓ S2: Long STE (-0.27%), Short MAC (0.39%)
      Combined: 0.06%, Portfolio: $662,345

117/223: 2020-01-22: Added=PAYC, Removed=WCG
  Holding Period End Date: 2020-01-24
  ✓ S1: PAYC 3.80%, Portfolio: $801,427
    YFinance output for WCG: 1 Failed download:
['WCG']: YFTzMissingError('possibly delisted; no timezone found')
    Warning: No data found for WCG
  ✗ S2: Insufficient data for PAYC/WCG

118/223: 2020-02-27: Added=IR, Removed=XEC
  Holding Period End Date: 2020-03-02
  ✓ S1: IR -2.41%, Portfolio: $782,113
    YFinance output for XEC: 1 Failed download:
['XEC']: YFTzMissingError('possibly delisted; no timezone found')
    Warning: No data found for XEC
  ✗ S2: Insufficient data for IR/XEC

119/223: 2020-03-31: Added=nan, Removed=M
  Holding Period End Date: 2020-04-02

120/223: 2020-03-31: Added=nan, Removed=RTN
  Holding Period End Date: 2020-04-02

121/223: 2020-03-31: Added=CARR, Removed=nan
  Holding Period End Date: 2020-04-02
  ✓ S1: CARR -23.01%, Portfolio: $602,114

122/223: 2020-03-31: Added=OTIS, Removed=nan
  Holding Period End Date: 2020-04-02
  ✓ S1: OTIS -12.00%, Portfolio: $529,860

123/223: 2020-05-05: Added=HWM, Removed=ARNC
  Holding Period End Date: 2020-05-07
  ✓ S1: HWM -2.78%, Portfolio: $515,106
    YFinance output for ARNC: 1 Failed download:
['ARNC']: YFTzMissingError('possibly delisted; no timezone found')
    Warning: No data found for ARNC
  ✗ S2: Insufficient data for HWM/ARNC

124/223: 2020-05-06: Added=DXCM, Removed=AGN
  Holding Period End Date: 2020-05-08
  ✓ S1: DXCM 10.64%, Portfolio: $569,888
    YFinance output for AGN: 1 Failed download:
['AGN']: YFTzMissingError('possibly delisted; no timezone found')
    Warning: No data found for AGN
  ✗ S2: Insufficient data for DXCM/AGN

125/223: 2020-05-06: Added=DPZ, Removed=CPRI
  Holding Period End Date: 2020-05-08
  ✓ S1: DPZ -0.86%, Portfolio: $565,005
  ✓ S2: Long DPZ (-0.86%), Short CPRI (-11.79%)
      Combined: -6.32%, Portfolio: $620,455

126/223: 2020-05-18: Added=WST, Removed=HP
  Holding Period End Date: 2020-05-20
  ✓ S1: WST -3.80%, Portfolio: $543,507
  ✓ S2: Long WST (-3.80%), Short HP (2.61%)
      Combined: -0.60%, Portfolio: $616,749

127/223: 2020-06-12: Added=BIO, Removed=ADS
  Holding Period End Date: 2020-06-16
  ✓ S1: BIO 1.37%, Portfolio: $550,966
    YFinance output for ADS: 1 Failed download:
['ADS']: YFTzMissingError('possibly delisted; no timezone found')
    Warning: No data found for ADS
  ✗ S2: Insufficient data for BIO/ADS

128/223: 2020-06-12: Added=TDY, Removed=HOG
  Holding Period End Date: 2020-06-16
  ✓ S1: TDY 1.42%, Portfolio: $558,812
  ✓ S2: Long TDY (1.42%), Short HOG (-1.34%)
      Combined: 0.04%, Portfolio: $617,016

129/223: 2020-06-12: Added=TYL, Removed=JWN
  Holding Period End Date: 2020-06-16
  ✓ S1: TYL 0.03%, Portfolio: $558,959
    YFinance output for JWN: 1 Failed download:
['JWN']: YFTzMissingError('possibly delisted; no timezone found')
    Warning: No data found for JWN
  ✗ S2: Insufficient data for TYL/JWN

130/223: 2020-09-04: Added=CTLT, Removed=KSS
  Holding Period End Date: 2020-09-08
    YFinance output for CTLT: 1 Failed download:
['CTLT']: YFTzMissingError('possibly delisted; no timezone found')
    Warning: No data found for CTLT
  ✗ S1: Insufficient data for CTLT
    YFinance output for CTLT: 1 Failed download:
['CTLT']: YFTzMissingError('possibly delisted; no timezone found')
    Warning: No data found for CTLT
  ✗ S2: Insufficient data for CTLT/KSS

131/223: 2020-09-04: Added=ETSY, Removed=HRB
  Holding Period End Date: 2020-09-08
  ✓ S1: ETSY 0.60%, Portfolio: $562,302
  ✓ S2: Long ETSY (0.60%), Short HRB (-1.17%)
      Combined: -0.29%, Portfolio: $615,239

132/223: 2020-09-04: Added=TER, Removed=COTY
  Holding Period End Date: 2020-09-08
  ✓ S1: TER -2.20%, Portfolio: $549,925
  ✓ S2: Long TER (-2.20%), Short COTY (4.59%)
      Combined: 1.20%, Portfolio: $622,602

133/223: 2020-10-01: Added=POOL, Removed=ETFC
  Holding Period End Date: 2020-10-05
  ✓ S1: POOL -0.16%, Portfolio: $549,038
    YFinance output for ETFC: 1 Failed download:
['ETFC']: YFTzMissingError('possibly delisted; no timezone found')
    Warning: No data found for ETFC
  ✗ S2: Insufficient data for POOL/ETFC

134/223: 2020-10-05: Added=VNT, Removed=nan
  Holding Period End Date: 2020-10-07
  ✓ S1: VNT 0.00%, Portfolio: $549,038

135/223: 2020-10-05: Added=nan, Removed=NBL
  Holding Period End Date: 2020-10-07

136/223: 2020-12-11: Added=TSLA, Removed=AIV
  Holding Period End Date: 2020-12-15
  ✓ S1: TSLA 3.81%, Portfolio: $569,973
  ✓ S2: Long TSLA (3.81%), Short AIV (-13.38%)
      Combined: -4.78%, Portfolio: $592,829

137/223: 2020-12-30: Added=ENPH, Removed=TIF
  Holding Period End Date: 2021-01-03
  ✓ S1: ENPH -0.40%, Portfolio: $567,699
    YFinance output for TIF: 1 Failed download:
['TIF']: YFTzMissingError('possibly delisted; no timezone found')
    Warning: No data found for TIF
  ✗ S2: Insufficient data for ENPH/TIF

138/223: 2021-01-15: Added=TRMB, Removed=CXO
  Holding Period End Date: 2021-01-19
  ✓ S1: TRMB 2.82%, Portfolio: $583,718
    YFinance output for CXO: 1 Failed download:
['CXO']: YFTzMissingError('possibly delisted; no timezone found')
    Warning: No data found for CXO
  ✗ S2: Insufficient data for TRMB/CXO

139/223: 2021-02-08: Added=MPWR, Removed=FTI
  Holding Period End Date: 2021-02-10
  ✓ S1: MPWR 1.39%, Portfolio: $591,826
  ✓ S2: Long MPWR (1.39%), Short FTI (2.51%)
      Combined: 1.95%, Portfolio: $604,385

140/223: 2021-03-12: Added=CZR, Removed=VNT
  Holding Period End Date: 2021-03-16
  ✓ S1: CZR -4.79%, Portfolio: $563,476
  ✓ S2: Long CZR (-4.79%), Short VNT (0.81%)
      Combined: -1.99%, Portfolio: $592,360

141/223: 2021-03-12: Added=PENN, Removed=SLG
  Holding Period End Date: 2021-03-16
  ✓ S1: PENN -4.58%, Portfolio: $537,692
  ✓ S2: Long PENN (-4.58%), Short SLG (5.07%)
      Combined: 0.25%, Portfolio: $593,814

142/223: 2021-03-12: Added=NXPI, Removed=FLS
  Holding Period End Date: 2021-03-16
  ✓ S1: NXPI 10.52%, Portfolio: $594,284
  ✓ S2: Long NXPI (10.52%), Short FLS (3.63%)
      Combined: 7.08%, Portfolio: $635,840

143/223: 2021-03-12: Added=GNRC, Removed=XRX
  Holding Period End Date: 2021-03-16
  ✓ S1: GNRC -1.04%, Portfolio: $588,130
  ✓ S2: Long GNRC (-1.04%), Short XRX (5.04%)
      Combined: 2.00%, Portfolio: $648,555

144/223: 2021-04-15: Added=PTC, Removed=VAR
  Holding Period End Date: 2021-04-19
  ✓ S1: PTC -5.25%, Portfolio: $557,239
    YFinance output for VAR: 1 Failed download:
['VAR']: YFTzMissingError('possibly delisted; no timezone found')
    Warning: No data found for VAR
  ✗ S2: Insufficient data for PTC/VAR

145/223: 2021-05-10: Added=CRL, Removed=FLIR
  Holding Period End Date: 2021-05-12
  ✓ S1: CRL -4.84%, Portfolio: $530,254
    YFinance output for FLIR: 1 Failed download:
['FLIR']: YFTzMissingError('possibly delisted; no timezone found')
    Warning: No data found for FLIR
  ✗ S2: Insufficient data for CRL/FLIR

146/223: 2021-05-27: Added=OGN, Removed=nan
  Holding Period End Date: 2021-05-31
  ✓ S1: OGN 1.41%, Portfolio: $537,722

147/223: 2021-05-27: Added=nan, Removed=HFC
  Holding Period End Date: 2021-05-31

148/223: 2021-07-15: Added=MRNA, Removed=ALXN
  Holding Period End Date: 2021-07-19
  ✓ S1: MRNA 20.76%, Portfolio: $649,367
    YFinance output for ALXN: 1 Failed download:
['ALXN']: YFTzMissingError('possibly delisted; no timezone found')
    Warning: No data found for ALXN
  ✗ S2: Insufficient data for MRNA/ALXN

149/223: 2021-08-24: Added=TECH, Removed=MXIM
  Holding Period End Date: 2021-08-26
  ✓ S1: TECH 0.14%, Portfolio: $650,290
    YFinance output for MXIM: 1 Failed download:
['MXIM']: YFTzMissingError('possibly delisted; no timezone found')
    Warning: No data found for MXIM
  ✗ S2: Insufficient data for TECH/MXIM

150/223: 2021-09-03: Added=BRO, Removed=NOV
  Holding Period End Date: 2021-09-07
  ✓ S1: BRO -0.63%, Portfolio: $646,208
  ✓ S2: Long BRO (-0.63%), Short NOV (2.21%)
      Combined: 0.79%, Portfolio: $653,686

151/223: 2021-09-03: Added=CDAY, Removed=UNM
  Holding Period End Date: 2021-09-07
    YFinance output for CDAY: 1 Failed download:
['CDAY']: YFTzMissingError('possibly delisted; no timezone found')
    Warning: No data found for CDAY
  ✗ S1: Insufficient data for CDAY
    YFinance output for CDAY: 1 Failed download:
['CDAY']: YFTzMissingError('possibly delisted; no timezone found')
    Warning: No data found for CDAY
  ✗ S2: Insufficient data for CDAY/UNM

152/223: 2021-09-03: Added=MTCH, Removed=PRGO
  Holding Period End Date: 2021-09-07
  ✓ S1: MTCH 6.82%, Portfolio: $690,250
  ✓ S2: Long MTCH (6.82%), Short PRGO (-7.70%)
      Combined: -0.44%, Portfolio: $650,804

153/223: 2021-12-03: Added=FDS, Removed=WU
  Holding Period End Date: 2021-12-07
  ✓ S1: FDS 0.10%, Portfolio: $690,916
  ✓ S2: Long FDS (0.10%), Short WU (-0.52%)
      Combined: -0.21%, Portfolio: $649,428

154/223: 2021-12-03: Added=SEDG, Removed=HBI
  Holding Period End Date: 2021-12-07
  ✓ S1: SEDG 6.13%, Portfolio: $733,294
  ✓ S2: Long SEDG (6.13%), Short HBI (-5.29%)
      Combined: 0.42%, Portfolio: $652,175

155/223: 2021-12-03: Added=SBNY, Removed=LEG
  Holding Period End Date: 2021-12-07
    YFinance output for SBNY: 1 Failed download:
['SBNY']: YFPricesMissingError('possibly delisted; no price data found  (1d 2021-12-03 00:00:00 -> 2021-12-08) (Yahoo error = "Data doesn\'t exist for startDate = 1638507600, endDate = 1638939600")')
    Warning: No data found for SBNY
  ✗ S1: Insufficient data for SBNY
    YFinance output for SBNY: 1 Failed download:
['SBNY']: YFPricesMissingError('possibly delisted; no price data found  (1d 2021-12-03 00:00:00 -> 2021-12-08) (Yahoo error = "Data doesn\'t exist for startDate = 1638507600, endDate = 1638939600")')
    Warning: No data found for SBNY
  ✗ S2: Insufficient data for SBNY/LEG

156/223: 2021-12-07: Added=EPAM, Removed=KSU
  Holding Period End Date: 2021-12-09
  ✓ S1: EPAM 17.65%, Portfolio: $862,711
    YFinance output for KSU: 1 Failed download:
['KSU']: YFTzMissingError('possibly delisted; no timezone found')
    Warning: No data found for KSU
  ✗ S2: Insufficient data for EPAM/KSU

157/223: 2022-01-26: Added=CEG, Removed=nan
  Holding Period End Date: 2022-01-28
  ✓ S1: CEG 8.17%, Portfolio: $933,173

158/223: 2022-01-26: Added=nan, Removed=GPS
  Holding Period End Date: 2022-01-28

159/223: 2022-02-10: Added=NDSN, Removed=XLNX
  Holding Period End Date: 2022-02-14
  ✓ S1: NDSN -3.85%, Portfolio: $897,260
    YFinance output for XLNX: 1 Failed download:
['XLNX']: YFTzMissingError('possibly delisted; no timezone found')
    Warning: No data found for XLNX
  ✗ S2: Insufficient data for NDSN/XLNX

160/223: 2022-02-25: Added=MOH, Removed=INFO
  Holding Period End Date: 2022-03-01
  ✓ S1: MOH -2.03%, Portfolio: $879,052
    YFinance output for INFO: 1 Failed download:
['INFO']: YFPricesMissingError('possibly delisted; no price data found  (1d 2022-02-25 00:00:00 -> 2022-03-02) (Yahoo error = "Data doesn\'t exist for startDate = 1645765200, endDate = 1646197200")')
    Warning: No data found for INFO
  ✗ S2: Insufficient data for MOH/INFO

161/223: 2022-03-29: Added=CPT, Removed=PBCT
  Holding Period End Date: 2022-03-31
  ✓ S1: CPT -2.46%, Portfolio: $857,436
    YFinance output for PBCT: 1 Failed download:
['PBCT']: YFTzMissingError('possibly delisted; no timezone found')
    Warning: No data found for PBCT
  ✗ S2: Insufficient data for CPT/PBCT

162/223: 2022-04-07: Added=WBD, Removed=DISCA
  Holding Period End Date: 2022-04-11
  ✓ S1: WBD 7.41%, Portfolio: $920,991
    YFinance output for DISCA: 1 Failed download:
['DISCA']: YFTzMissingError('possibly delisted; no timezone found')
    Warning: No data found for DISCA
  ✗ S2: Insufficient data for WBD/DISCA

163/223: 2022-04-07: Added=nan, Removed=DISCK
  Holding Period End Date: 2022-04-11

164/223: 2022-06-03: Added=VICI, Removed=CERN
  Holding Period End Date: 2022-06-07
  ✓ S1: VICI 2.29%, Portfolio: $942,116
    YFinance output for CERN: 1 Failed download:
['CERN']: YFTzMissingError('possibly delisted; no timezone found')
    Warning: No data found for CERN
  ✗ S2: Insufficient data for VICI/CERN

165/223: 2022-06-03: Added=ON, Removed=IPGP
  Holding Period End Date: 2022-06-07
  ✓ S1: ON 4.04%, Portfolio: $980,136
  ✓ S2: Long ON (4.04%), Short IPGP (-2.24%)
      Combined: 0.90%, Portfolio: $658,031

166/223: 2022-06-03: Added=KDP, Removed=UAA
  Holding Period End Date: 2022-06-07
  ✓ S1: KDP 4.24%, Portfolio: $1,021,664
  ✓ S2: Long KDP (4.24%), Short UAA (0.09%)
      Combined: 2.16%, Portfolio: $672,271

167/223: 2022-06-03: Added=nan, Removed=UA
  Holding Period End Date: 2022-06-07

168/223: 2022-09-02: Added=CSGP, Removed=PVH
  Holding Period End Date: 2022-09-06
  ✓ S1: CSGP 10.13%, Portfolio: $1,125,142
  ✓ S2: Long CSGP (10.13%), Short PVH (-3.38%)
      Combined: 3.37%, Portfolio: $694,955

169/223: 2022-09-02: Added=INVH, Removed=PENN
  Holding Period End Date: 2022-09-06
  ✓ S1: INVH 6.61%, Portfolio: $1,199,493
  ✓ S2: Long INVH (6.61%), Short PENN (-1.67%)
      Combined: 2.47%, Portfolio: $712,131

170/223: 2022-09-23: Added=PCG, Removed=CTXS
  Holding Period End Date: 2022-09-27
  ✓ S1: PCG -1.59%, Portfolio: $1,180,469
    YFinance output for CTXS: 1 Failed download:
['CTXS']: YFTzMissingError('possibly delisted; no timezone found')
    Warning: No data found for CTXS
  ✗ S2: Insufficient data for PCG/CTXS

171/223: 2022-09-23: Added=EQT, Removed=DRE
  Holding Period End Date: 2022-09-27
  ✓ S1: EQT -4.77%, Portfolio: $1,124,106
    YFinance output for DRE: 1 Failed download:
['DRE']: YFTzMissingError('possibly delisted; no timezone found')
    Warning: No data found for DRE
  ✗ S2: Insufficient data for EQT/DRE

172/223: 2022-10-06: Added=TRGP, Removed=NLSN
  Holding Period End Date: 2022-10-10
  ✓ S1: TRGP -2.33%, Portfolio: $1,097,940
    YFinance output for NLSN: 1 Failed download:
['NLSN']: YFTzMissingError('possibly delisted; no timezone found')
    Warning: No data found for NLSN
  ✗ S2: Insufficient data for TRGP/NLSN

173/223: 2022-10-27: Added=ACGL, Removed=TWTR
  Holding Period End Date: 2022-10-31
  ✓ S1: ACGL 11.24%, Portfolio: $1,221,349
    YFinance output for TWTR: 1 Failed download:
['TWTR']: YFTzMissingError('possibly delisted; no timezone found')
    Warning: No data found for TWTR
  ✗ S2: Insufficient data for ACGL/TWTR

174/223: 2022-12-12: Added=FSLR, Removed=FBHS
  Holding Period End Date: 2022-12-14
  ✓ S1: FSLR 6.53%, Portfolio: $1,301,077
    YFinance output for FBHS: 1 Failed download:
['FBHS']: YFTzMissingError('possibly delisted; no timezone found')
    Warning: No data found for FBHS
  ✗ S2: Insufficient data for FSLR/FBHS

175/223: 2022-12-12: Added=nan, Removed=MBC
  Holding Period End Date: 2022-12-14

176/223: 2022-12-12: Added=MBC, Removed=nan
  Holding Period End Date: 2022-12-14
  ✓ S1: MBC 5.88%, Portfolio: $1,377,610

177/223: 2022-12-19: Added=STLD, Removed=ABMD
  Holding Period End Date: 2022-12-21
  ✓ S1: STLD 3.23%, Portfolio: $1,422,111
    YFinance output for ABMD: 1 Failed download:
['ABMD']: YFTzMissingError('possibly delisted; no timezone found')
    Warning: No data found for ABMD
  ✗ S2: Insufficient data for STLD/ABMD

178/223: 2022-12-28: Added=GEHC, Removed=nan
  Holding Period End Date: 2022-12-30
  ✓ S1: GEHC 1.53%, Portfolio: $1,443,875

179/223: 2022-12-28: Added=nan, Removed=VNO
  Holding Period End Date: 2022-12-30

180/223: 2023-03-03: Added=FICO, Removed=LUMN
  Holding Period End Date: 2023-03-07
  ✓ S1: FICO -0.50%, Portfolio: $1,436,709
  ✓ S2: Long FICO (-0.50%), Short LUMN (1.93%)
      Combined: 0.72%, Portfolio: $717,233

181/223: 2023-03-10: Added=PODD, Removed=SIVB
  Holding Period End Date: 2023-03-14
  ✓ S1: PODD 11.56%, Portfolio: $1,602,795
    YFinance output for SIVB: 1 Failed download:
['SIVB']: YFTzMissingError('possibly delisted; no timezone found')
    Warning: No data found for SIVB
  ✗ S2: Insufficient data for PODD/SIVB

182/223: 2023-03-13: Added=BG, Removed=SBNY
  Holding Period End Date: 2023-03-15
  ✓ S1: BG 5.91%, Portfolio: $1,697,500
    YFinance output for SBNY: 1 Failed download:
['SBNY']: YFPricesMissingError('possibly delisted; no price data found  (1d 2023-03-13 00:00:00 -> 2023-03-16) (Yahoo error = "Data doesn\'t exist for startDate = 1678680000, endDate = 1678939200")')
    Warning: No data found for SBNY
  ✗ S2: Insufficient data for BG/SBNY

183/223: 2023-05-01: Added=AXON, Removed=FRC
  Holding Period End Date: 2023-05-03
  ✓ S1: AXON 2.26%, Portfolio: $1,735,851
    YFinance output for FRC: 1 Failed download:
['FRC']: YFTzMissingError('possibly delisted; no timezone found')
    Warning: No data found for FRC
  ✗ S2: Insufficient data for AXON/FRC

184/223: 2023-06-02: Added=PANW, Removed=DISH
  Holding Period End Date: 2023-06-06
  ✓ S1: PANW 3.44%, Portfolio: $1,795,620
    YFinance output for DISH: 1 Failed download:
['DISH']: YFTzMissingError('possibly delisted; no timezone found')
    Warning: No data found for DISH
  ✗ S2: Insufficient data for PANW/DISH

185/223: 2023-08-21: Added=nan, Removed=TEL
  Holding Period End Date: 2023-08-23

186/223: 2023-08-21: Added=KVUE, Removed=AAP
  Holding Period End Date: 2023-08-23
  ✓ S1: KVUE 3.14%, Portfolio: $1,852,076
  ✓ S2: Long KVUE (3.14%), Short AAP (-1.79%)
      Combined: 0.68%, Portfolio: $722,105

187/223: 2023-08-21: Added=PCS, Removed=nan
  Holding Period End Date: 2023-08-23
    YFinance output for PCS: 1 Failed download:
['PCS']: YFPricesMissingError('possibly delisted; no price data found  (1d 2023-08-21 00:00:00 -> 2023-08-24) (Yahoo error = "Data doesn\'t exist for startDate = 1692590400, endDate = 1692849600")')
    Warning: No data found for PCS
  ✗ S1: Insufficient data for PCS

188/223: 2023-09-14: Added=BX, Removed=LNC
  Holding Period End Date: 2023-09-18
  ✓ S1: BX 1.47%, Portfolio: $1,879,354
  ✓ S2: Long BX (1.47%), Short LNC (-1.04%)
      Combined: 0.22%, Portfolio: $723,670

189/223: 2023-09-14: Added=ABNB, Removed=NWL
  Holding Period End Date: 2023-09-18
  ✓ S1: ABNB -1.09%, Portfolio: $1,858,881
  ✓ S2: Long ABNB (-1.09%), Short NWL (2.42%)
      Combined: 0.67%, Portfolio: $728,498

190/223: 2023-09-28: Added=VLTO, Removed=nan
  Holding Period End Date: 2023-10-02
    YFinance output for VLTO: 1 Failed download:
['VLTO']: YFPricesMissingError('possibly delisted; no price data found  (1d 2023-09-28 00:00:00 -> 2023-10-03) (Yahoo error = "Data doesn\'t exist for startDate = 1695873600, endDate = 1696305600")')
    Warning: No data found for VLTO
  ✗ S1: Insufficient data for VLTO

191/223: 2023-09-28: Added=nan, Removed=DXC
  Holding Period End Date: 2023-10-02

192/223: 2023-10-13: Added=LULU, Removed=ATVI
  Holding Period End Date: 2023-10-17
  ✓ S1: LULU 9.33%, Portfolio: $2,032,371
    YFinance output for ATVI: 1 Failed download:
['ATVI']: YFTzMissingError('possibly delisted; no timezone found')
    Warning: No data found for ATVI
  ✗ S2: Insufficient data for LULU/ATVI

193/223: 2023-10-13: Added=HUBB, Removed=OGN
  Holding Period End Date: 2023-10-17
  ✓ S1: HUBB 1.65%, Portfolio: $2,065,878
  ✓ S2: Long HUBB (1.65%), Short OGN (5.35%)
      Combined: 3.50%, Portfolio: $754,001

194/223: 2023-12-01: Added=UBER, Removed=SEE
  Holding Period End Date: 2023-12-05
  ✓ S1: UBER 1.08%, Portfolio: $2,088,212
  ✓ S2: Long UBER (1.08%), Short SEE (7.44%)
      Combined: 4.26%, Portfolio: $786,143

195/223: 2023-12-01: Added=BLDR, Removed=SEDG
  Holding Period End Date: 2023-12-05
  ✓ S1: BLDR 2.86%, Portfolio: $2,147,884
  ✓ S2: Long BLDR (2.86%), Short SEDG (0.71%)
      Combined: 1.78%, Portfolio: $800,159

196/223: 2023-12-01: Added=JBL, Removed=ALK
  Holding Period End Date: 2023-12-05
  ✓ S1: JBL -2.27%, Portfolio: $2,099,198
  ✓ S2: Long JBL (-2.27%), Short ALK (11.70%)
      Combined: 4.71%, Portfolio: $837,881

197/223: 2024-03-01: Added=SMCI, Removed=WHR
  Holding Period End Date: 2024-03-05
  ✓ S1: SMCI 20.47%, Portfolio: $2,528,899
  ✓ S2: Long SMCI (20.47%), Short WHR (3.57%)
      Combined: 12.02%, Portfolio: $938,586

198/223: 2024-03-01: Added=DECK, Removed=ZION
  Holding Period End Date: 2024-03-05
  ✓ S1: DECK 0.40%, Portfolio: $2,538,894
  ✓ S2: Long DECK (0.40%), Short ZION (-5.32%)
      Combined: -2.46%, Portfolio: $915,458

199/223: 2024-03-27: Added=SOLV, Removed=nan
  Holding Period End Date: 2024-03-31
  ✓ S1: SOLV -7.87%, Portfolio: $2,339,168

200/223: 2024-03-27: Added=GEV, Removed=nan
  Holding Period End Date: 2024-03-31
  ✓ S1: GEV 8.21%, Portfolio: $2,531,113

201/223: 2024-03-27: Added=nan, Removed=XRAY
  Holding Period End Date: 2024-03-31

202/223: 2024-03-27: Added=nan, Removed=VFC
  Holding Period End Date: 2024-03-31

203/223: 2024-05-03: Added=VST, Removed=PXD
  Holding Period End Date: 2024-05-07
  ✓ S1: VST 0.31%, Portfolio: $2,538,879
    YFinance output for PXD: 1 Failed download:
['PXD']: YFTzMissingError('possibly delisted; no timezone found')
    Warning: No data found for PXD
  ✗ S2: Insufficient data for VST/PXD

204/223: 2024-06-07: Added=KKR, Removed=RHI
  Holding Period End Date: 2024-06-11
  ✓ S1: KKR 12.47%, Portfolio: $2,855,494
  ✓ S2: Long KKR (12.47%), Short RHI (-2.17%)
      Combined: 5.15%, Portfolio: $962,613

205/223: 2024-06-07: Added=CRWD, Removed=CMA
  Holding Period End Date: 2024-06-11
  ✓ S1: CRWD 10.17%, Portfolio: $3,145,934
  ✓ S2: Long CRWD (10.17%), Short CMA (3.49%)
      Combined: 6.83%, Portfolio: $1,028,361

206/223: 2024-06-07: Added=GDDY, Removed=ILMN
  Holding Period End Date: 2024-06-11
  ✓ S1: GDDY 0.53%, Portfolio: $3,162,639
  ✓ S2: Long GDDY (0.53%), Short ILMN (0.99%)
      Combined: 0.76%, Portfolio: $1,036,161

207/223: 2024-09-06: Added=ERIE, Removed=BIO
  Holding Period End Date: 2024-09-10
  ✓ S1: ERIE 0.09%, Portfolio: $3,165,388
  ✓ S2: Long ERIE (0.09%), Short BIO (1.71%)
      Combined: 0.90%, Portfolio: $1,045,464

208/223: 2024-09-06: Added=DELL, Removed=ETSY
  Holding Period End Date: 2024-09-10
  ✓ S1: DELL 4.55%, Portfolio: $3,309,383
  ✓ S2: Long DELL (4.55%), Short ETSY (1.16%)
      Combined: 2.85%, Portfolio: $1,075,307

209/223: 2024-09-06: Added=PLTR, Removed=AAL
  Holding Period End Date: 2024-09-10
  ✓ S1: PLTR 14.61%, Portfolio: $3,792,751
  ✓ S2: Long PLTR (14.61%), Short AAL (-1.73%)
      Combined: 6.44%, Portfolio: $1,144,542

210/223: 2024-09-24: Added=AMTM, Removed=nan
  Holding Period End Date: 2024-09-26
  ✓ S1: AMTM -8.47%, Portfolio: $3,471,440

211/223: 2024-09-24: Added=nan, Removed=BBWI
  Holding Period End Date: 2024-09-26

212/223: 2024-11-21: Added=TPL, Removed=MRO
  Holding Period End Date: 2024-11-25
  ✓ S1: TPL 6.50%, Portfolio: $3,696,993
    YFinance output for MRO: 1 Failed download:
['MRO']: YFTzMissingError('possibly delisted; no timezone found')
    Warning: No data found for MRO
  ✗ S2: Insufficient data for TPL/MRO

213/223: 2024-12-06: Added=WDAY, Removed=AMTM
  Holding Period End Date: 2024-12-10
  ✓ S1: WDAY 1.67%, Portfolio: $3,758,883
  ✓ S2: Long WDAY (1.67%), Short AMTM (-3.54%)
      Combined: -0.93%, Portfolio: $1,133,871

214/223: 2024-12-06: Added=APO, Removed=QRVO
  Holding Period End Date: 2024-12-10
  ✓ S1: APO -1.77%, Portfolio: $3,692,519
  ✓ S2: Long APO (-1.77%), Short QRVO (-0.39%)
      Combined: -1.08%, Portfolio: $1,121,630

215/223: 2024-12-18: Added=LII, Removed=CTLT
  Holding Period End Date: 2024-12-20
  ✓ S1: LII -1.57%, Portfolio: $3,634,440
    YFinance output for CTLT: 1 Failed download:
['CTLT']: YFTzMissingError('possibly delisted; no timezone found')
    Warning: No data found for CTLT
  ✗ S2: Insufficient data for LII/CTLT

216/223: 2025-03-07: Added=EXE, Removed=FMC
  Holding Period End Date: 2025-03-11
  ✓ S1: EXE 5.06%, Portfolio: $3,818,203
  ✓ S2: Long EXE (5.06%), Short FMC (-0.22%)
      Combined: 2.42%, Portfolio: $1,148,766

217/223: 2025-03-07: Added=WSM, Removed=CE
  Holding Period End Date: 2025-03-11
  ✓ S1: WSM -7.16%, Portfolio: $3,544,822
  ✓ S2: Long WSM (-7.16%), Short CE (1.30%)
      Combined: -2.93%, Portfolio: $1,115,108

218/223: 2025-03-07: Added=TKO, Removed=TFX
  Holding Period End Date: 2025-03-11
  ✓ S1: TKO 0.99%, Portfolio: $3,579,844
  ✓ S2: Long TKO (0.99%), Short TFX (0.74%)
      Combined: 0.86%, Portfolio: $1,124,754

219/223: 2025-03-07: Added=DASH, Removed=BWA
  Holding Period End Date: 2025-03-11
  ✓ S1: DASH 3.17%, Portfolio: $3,693,423
  ✓ S2: Long DASH (3.17%), Short BWA (1.95%)
      Combined: 2.56%, Portfolio: $1,153,559

220/223: 2025-05-12: Added=COIN, Removed=DFS
  Holding Period End Date: 2025-05-14
  ✓ S1: COIN 27.12%, Portfolio: $4,694,935
    YFinance output for DFS: 1 Failed download:
['DFS']: YFTzMissingError('possibly delisted; no timezone found')
    Warning: No data found for DFS
  ✗ S2: Insufficient data for COIN/DFS

221/223: 2025-07-02: Added=DDOG, Removed=JNPR
  Holding Period End Date: 2025-07-06
  ✓ S1: DDOG 12.89%, Portfolio: $5,300,016
  ✗ S2: Insufficient data for DDOG/JNPR

222/223: 2025-07-14: Added=TTD, Removed=ANSS
  Holding Period End Date: 2025-07-16
  ✓ S1: TTD 7.56%, Portfolio: $5,700,521
  ✓ S2: Long TTD (7.56%), Short ANSS (3.09%)
      Combined: 5.32%, Portfolio: $1,214,943

223/223: 2025-07-18: Added=XYZ, Removed=HES
  Holding Period End Date: 2025-07-22
  ✓ S1: XYZ 8.86%, Portfolio: $6,205,441
  ✗ S2: Insufficient data for XYZ/HES

============================================================
FINAL RESULTS
Strategy 1: 184 successful trades, Final: $6,205,441 (520.54%)
Strategy 2: 82 successful trades, Final: $1,214,943 (21.49%)
Completed: 2025-08-23 19:23:21
