S&P 500 Index Update Trading Strategy Analysis
Holding Period: 10 trading days
Date Range: 2015-07-02 to 2025-07-18
Timestamp: 2025-08-23 20:21:05
============================================================

1/223: 2015-07-02: Added=KHC, Removed=KRFT
  Holding Period End Date: 2015-07-17
  ✓ S1: KHC 9.14%, Portfolio: $1,091,420
    YFinance output for KRFT: 1 Failed download:
['KRFT']: YFPricesMissingError('possibly delisted; no price data found  (1d 2015-07-02 00:00:00 -> 2015-07-20)')
    Warning: No data found for KRFT
  ✗ S2: Insufficient data for KHC/KRFT

2/223: 2015-07-06: Added=AAP, Removed=FDO
  Holding Period End Date: 2015-07-20
  ✓ S1: AAP 3.22%, Portfolio: $1,126,616
    YFinance output for FDO: 1 Failed download:
['FDO']: YFPricesMissingError('possibly delisted; no price data found  (1d 2015-07-06 00:00:00 -> 2015-07-21)')
    Warning: No data found for FDO
  ✗ S2: Insufficient data for AAP/FDO

3/223: 2015-07-14: Added=PYPL, Removed=NE
  Holding Period End Date: 2015-07-28
  ✓ S1: PYPL 1.81%, Portfolio: $1,147,056
    YFinance output for NE: 1 Failed download:
['NE']: YFPricesMissingError('possibly delisted; no price data found  (1d 2015-07-14 00:00:00 -> 2015-07-29) (Yahoo error = "Data doesn\'t exist for startDate = 1436846400, endDate = 1438142400")')
    Warning: No data found for NE
  ✗ S2: Insufficient data for PYPL/NE

4/223: 2015-07-24: Added=SIG, Removed=DTV
  Holding Period End Date: 2015-08-07
  ✓ S1: SIG -0.40%, Portfolio: $1,142,486
    YFinance output for DTV: 1 Failed download:
['DTV']: YFTzMissingError('possibly delisted; no timezone found')
    Warning: No data found for DTV
  ✗ S2: Insufficient data for SIG/DTV

5/223: 2015-08-27: Added=ATVI, Removed=PLL
  Holding Period End Date: 2015-09-11
    YFinance output for ATVI: 1 Failed download:
['ATVI']: YFTzMissingError('possibly delisted; no timezone found')
    Warning: No data found for ATVI
  ✗ S1: Insufficient data for ATVI
    YFinance output for ATVI: 1 Failed download:
['ATVI']: YFTzMissingError('possibly delisted; no timezone found')
    Warning: No data found for ATVI
    YFinance output for PLL: 1 Failed download:
['PLL']: YFPricesMissingError('possibly delisted; no price data found  (1d 2015-08-27 00:00:00 -> 2015-09-14) (Yahoo error = "Data doesn\'t exist for startDate = 1440648000, endDate = 1442203200")')
    Warning: No data found for PLL
  ✗ S2: Insufficient data for ATVI/PLL

6/223: 2015-08-27: Added=UAL, Removed=HSP
  Holding Period End Date: 2015-09-11
  ✓ S1: UAL 6.50%, Portfolio: $1,216,782
    YFinance output for HSP: 1 Failed download:
['HSP']: YFPricesMissingError('possibly delisted; no price data found  (1d 2015-08-27 00:00:00 -> 2015-09-14)')
    Warning: No data found for HSP
  ✗ S2: Insufficient data for UAL/HSP

7/223: 2015-09-30: Added=VRSK, Removed=JOY
  Holding Period End Date: 2015-10-14
  ✓ S1: VRSK 6.93%, Portfolio: $1,301,072
    YFinance output for JOY: 1 Failed download:
['JOY']: YFPricesMissingError('possibly delisted; no price data found  (1d 2015-09-30 00:00:00 -> 2015-10-15)')
    Warning: No data found for JOY
  ✗ S2: Insufficient data for VRSK/JOY

8/223: 2015-10-27: Added=HPE, Removed=HCBK
  Holding Period End Date: 2015-11-10
  ✓ S1: HPE -8.39%, Portfolio: $1,191,891
    YFinance output for HCBK: 1 Failed download:
['HCBK']: YFPricesMissingError('possibly delisted; no price data found  (1d 2015-10-27 00:00:00 -> 2015-11-11)')
    Warning: No data found for HCBK
  ✗ S2: Insufficient data for HPE/HCBK

9/223: 2015-11-09: Added=SYF, Removed=GNW
  Holding Period End Date: 2015-11-23
  ✓ S1: SYF -2.98%, Portfolio: $1,156,339
  ✓ S2: Long SYF (-2.98%), Short GNW (-5.57%)
      Combined: -4.27%, Portfolio: $957,253

10/223: 2015-11-12: Added=ILMN, Removed=SIAL
  Holding Period End Date: 2015-11-27
  ✓ S1: ILMN 19.42%, Portfolio: $1,380,850
    YFinance output for SIAL: 1 Failed download:
['SIAL']: YFPricesMissingError('possibly delisted; no price data found  (1d 2015-11-12 00:00:00 -> 2015-11-30)')
    Warning: No data found for SIAL
  ✗ S2: Insufficient data for ILMN/SIAL

11/223: 2015-11-23: Added=CSRA, Removed=CSC
  Holding Period End Date: 2015-12-08
  ✓ S1: CSRA -13.99%, Portfolio: $1,187,659
  ✓ S2: Long CSRA (-13.99%), Short CSC (0.00%)
      Combined: -7.00%, Portfolio: $890,290

12/223: 2015-12-15: Added=nan, Removed=CMCSK
  Holding Period End Date: 2015-12-30

13/223: 2015-12-22: Added=CHD, Removed=ALTR
  Holding Period End Date: 2016-01-07
  ✓ S1: CHD -4.98%, Portfolio: $1,128,505
    YFinance output for ALTR: 1 Failed download:
['ALTR']: YFTzMissingError('possibly delisted; no timezone found')
    Warning: No data found for ALTR
  ✗ S2: Insufficient data for CHD/ALTR

14/223: 2015-12-28: Added=WLTW, Removed=FOSL
  Holding Period End Date: 2016-01-12
    YFinance output for WLTW: 1 Failed download:
['WLTW']: YFTzMissingError('possibly delisted; no timezone found')
    Warning: No data found for WLTW
  ✗ S1: Insufficient data for WLTW
    YFinance output for WLTW: 1 Failed download:
['WLTW']: YFTzMissingError('possibly delisted; no timezone found')
    Warning: No data found for WLTW
  ✗ S2: Insufficient data for WLTW/FOSL

15/223: 2016-01-13: Added=EXR, Removed=ACE
  Holding Period End Date: 2016-01-28
  ✓ S1: EXR -0.23%, Portfolio: $1,125,859
    YFinance output for ACE: 1 Failed download:
['ACE']: YFPricesMissingError('possibly delisted; no price data found  (1d 2016-01-13 00:00:00 -> 2016-01-29) (Yahoo error = "Data doesn\'t exist for startDate = 1452661200, endDate = 1454043600")')
    Warning: No data found for ACE
  ✗ S2: Insufficient data for EXR/ACE

16/223: 2016-01-22: Added=FRT, Removed=BRCM
  Holding Period End Date: 2016-02-05
  ✓ S1: FRT 0.28%, Portfolio: $1,129,006
    YFinance output for BRCM: 1 Failed download:
['BRCM']: YFPricesMissingError('possibly delisted; no price data found  (1d 2016-01-22 00:00:00 -> 2016-02-08)')
    Warning: No data found for BRCM
  ✗ S2: Insufficient data for FRT/BRCM

17/223: 2016-01-26: Added=CFG, Removed=PCP
  Holding Period End Date: 2016-02-09
  ✓ S1: CFG -3.18%, Portfolio: $1,093,090
    YFinance output for PCP: 1 Failed download:
['PCP']: YFPricesMissingError('possibly delisted; no price data found  (1d 2016-01-26 00:00:00 -> 2016-02-10) (Yahoo error = "Data doesn\'t exist for startDate = 1453784400, endDate = 1455080400")')
    Warning: No data found for PCP
  ✗ S2: Insufficient data for CFG/PCP

18/223: 2016-02-16: Added=CXO, Removed=PCL
  Holding Period End Date: 2016-03-01
    YFinance output for CXO: 1 Failed download:
['CXO']: YFTzMissingError('possibly delisted; no timezone found')
    Warning: No data found for CXO
  ✗ S1: Insufficient data for CXO
    YFinance output for CXO: 1 Failed download:
['CXO']: YFTzMissingError('possibly delisted; no timezone found')
    Warning: No data found for CXO
    YFinance output for PCL: 1 Failed download:
['PCL']: YFPricesMissingError('possibly delisted; no price data found  (1d 2016-02-16 00:00:00 -> 2016-03-02) (Yahoo error = "Data doesn\'t exist for startDate = 1455598800, endDate = 1456894800")')
    Warning: No data found for PCL
  ✗ S2: Insufficient data for CXO/PCL

19/223: 2016-03-01: Added=AWK, Removed=CNX
  Holding Period End Date: 2016-03-15
  ✓ S1: AWK 5.04%, Portfolio: $1,148,163
  ✓ S2: Long AWK (5.04%), Short CNX (-21.65%)
      Combined: -8.30%, Portfolio: $816,366

20/223: 2016-03-04: Added=UDR, Removed=GMCR
  Holding Period End Date: 2016-03-18
  ✓ S1: UDR 8.75%, Portfolio: $1,248,578
    YFinance output for GMCR: 1 Failed download:
['GMCR']: YFPricesMissingError('possibly delisted; no price data found  (1d 2016-03-04 00:00:00 -> 2016-03-21)')
    Warning: No data found for GMCR
  ✗ S2: Insufficient data for UDR/GMCR

21/223: 2016-03-24: Added=CNC, Removed=ESV
  Holding Period End Date: 2016-04-08
  ✓ S1: CNC -4.49%, Portfolio: $1,192,572
    YFinance output for ESV: 1 Failed download:
['ESV']: YFTzMissingError('possibly delisted; no timezone found')
    Warning: No data found for ESV
  ✗ S2: Insufficient data for CNC/ESV

22/223: 2016-03-24: Added=HOLX, Removed=POM
  Holding Period End Date: 2016-04-08
  ✓ S1: HOLX 2.97%, Portfolio: $1,227,985
    YFinance output for POM: 1 Failed download:
['POM']: YFPricesMissingError('possibly delisted; no price data found  (1d 2016-03-24 00:00:00 -> 2016-04-11)')
    Warning: No data found for POM
  ✗ S2: Insufficient data for HOLX/POM

23/223: 2016-03-28: Added=FL, Removed=CAM
  Holding Period End Date: 2016-04-11
  ✓ S1: FL -8.80%, Portfolio: $1,119,877
    YFinance output for CAM: 1 Failed download:
['CAM']: YFPricesMissingError('possibly delisted; no price data found  (1d 2016-03-28 00:00:00 -> 2016-04-12)')
    Warning: No data found for CAM
  ✗ S2: Insufficient data for FL/CAM

24/223: 2016-04-07: Added=ULTA, Removed=THC
  Holding Period End Date: 2016-04-21
  ✓ S1: ULTA 6.05%, Portfolio: $1,187,605
  ✓ S2: Long ULTA (6.05%), Short THC (-9.94%)
      Combined: -1.95%, Portfolio: $800,465

25/223: 2016-04-19: Added=GPN, Removed=GME
  Holding Period End Date: 2016-05-03
  ✓ S1: GPN -4.62%, Portfolio: $1,132,721
  ✓ S2: Long GPN (-4.62%), Short GME (3.67%)
      Combined: -0.47%, Portfolio: $796,674

26/223: 2016-04-26: Added=AYI, Removed=ADT
  Holding Period End Date: 2016-05-10
  ✓ S1: AYI -1.61%, Portfolio: $1,114,525
    YFinance output for ADT: 1 Failed download:
['ADT']: YFPricesMissingError('possibly delisted; no price data found  (1d 2016-04-26 00:00:00 -> 2016-05-11) (Yahoo error = "Data doesn\'t exist for startDate = 1461643200, endDate = 1462939200")')
    Warning: No data found for ADT
  ✗ S2: Insufficient data for AYI/ADT

27/223: 2016-05-10: Added=ALK, Removed=SNDK
  Holding Period End Date: 2016-05-24
  ✓ S1: ALK -3.14%, Portfolio: $1,079,519
    YFinance output for SNDK: 1 Failed download:
['SNDK']: YFPricesMissingError('possibly delisted; no price data found  (1d 2016-05-10 00:00:00 -> 2016-05-25) (Yahoo error = "Data doesn\'t exist for startDate = 1462852800, endDate = 1464148800")')
    Warning: No data found for SNDK
  ✗ S2: Insufficient data for ALK/SNDK

28/223: 2016-05-13: Added=DLR, Removed=TWC
  Holding Period End Date: 2016-05-27
  ✓ S1: DLR 0.28%, Portfolio: $1,082,492
    YFinance output for TWC: 1 Failed download:
['TWC']: YFPricesMissingError('possibly delisted; no price data found  (1d 2016-05-13 00:00:00 -> 2016-05-31)')
    Warning: No data found for TWC
  ✗ S2: Insufficient data for DLR/TWC

29/223: 2016-05-18: Added=LKQ, Removed=ARG
  Holding Period End Date: 2016-06-02
  ✓ S1: LKQ 3.44%, Portfolio: $1,119,714
    YFinance output for ARG: 1 Failed download:
['ARG']: YFPricesMissingError('possibly delisted; no price data found  (1d 2016-05-18 00:00:00 -> 2016-06-03) (Yahoo error = "Data doesn\'t exist for startDate = 1463544000, endDate = 1464926400")')
    Warning: No data found for ARG
  ✗ S2: Insufficient data for LKQ/ARG

30/223: 2016-05-24: Added=AJG, Removed=CCE
  Holding Period End Date: 2016-06-08
  ✓ S1: AJG 0.35%, Portfolio: $1,123,664
    YFinance output for CCE: 1 Failed download:
['CCE']: YFPricesMissingError('possibly delisted; no price data found  (1d 2016-05-24 00:00:00 -> 2016-06-09)')
    Warning: No data found for CCE
  ✗ S2: Insufficient data for AJG/CCE

31/223: 2016-05-27: Added=TDG, Removed=BXLT
  Holding Period End Date: 2016-06-13
  ✓ S1: TDG 1.12%, Portfolio: $1,136,219
    YFinance output for BXLT: 1 Failed download:
['BXLT']: YFPricesMissingError('possibly delisted; no price data found  (1d 2016-05-27 00:00:00 -> 2016-06-14)')
    Warning: No data found for BXLT
  ✗ S2: Insufficient data for TDG/BXLT

32/223: 2016-06-21: Added=FBHS, Removed=CVC
  Holding Period End Date: 2016-07-06
    YFinance output for FBHS: 1 Failed download:
['FBHS']: YFTzMissingError('possibly delisted; no timezone found')
    Warning: No data found for FBHS
  ✗ S1: Insufficient data for FBHS
    YFinance output for FBHS: 1 Failed download:
['FBHS']: YFTzMissingError('possibly delisted; no timezone found')
    Warning: No data found for FBHS
    YFinance output for CVC: 1 Failed download:
['CVC']: YFPricesMissingError('possibly delisted; no price data found  (1d 2016-06-21 00:00:00 -> 2016-07-07)')
    Warning: No data found for CVC
  ✗ S2: Insufficient data for FBHS/CVC

33/223: 2016-06-23: Added=FTV, Removed=CPGX
  Holding Period End Date: 2016-07-08
  ✓ S1: FTV 3.29%, Portfolio: $1,173,625
    YFinance output for CPGX: 1 Failed download:
['CPGX']: YFPricesMissingError('possibly delisted; no price data found  (1d 2016-06-23 00:00:00 -> 2016-07-11)')
    Warning: No data found for CPGX
  ✗ S2: Insufficient data for FTV/CPGX

34/223: 2016-06-23: Added=ALB, Removed=TE
  Holding Period End Date: 2016-07-08
  ✓ S1: ALB -0.97%, Portfolio: $1,162,223
    YFinance output for TE: 1 Failed download:
['TE']: YFPricesMissingError('possibly delisted; no price data found  (1d 2016-06-23 00:00:00 -> 2016-07-11) (Yahoo error = "Data doesn\'t exist for startDate = 1466654400, endDate = 1468209600")')
    Warning: No data found for TE
  ✗ S2: Insufficient data for ALB/TE

35/223: 2016-06-29: Added=LNT, Removed=GAS
  Holding Period End Date: 2016-07-14
  ✓ S1: LNT -1.21%, Portfolio: $1,148,213
  ✓ S2: Long LNT (-1.21%), Short GAS (-3.88%)
      Combined: -2.54%, Portfolio: $776,433

36/223: 2016-08-25: Added=MTD, Removed=TYC
  Holding Period End Date: 2016-09-09
  ✓ S1: MTD -4.00%, Portfolio: $1,102,230
    YFinance output for TYC: 1 Failed download:
['TYC']: YFPricesMissingError('possibly delisted; no price data found  (1d 2016-08-25 00:00:00 -> 2016-09-12)')
    Warning: No data found for TYC
  ✗ S2: Insufficient data for MTD/TYC

37/223: 2016-08-31: Added=CHTR, Removed=EMC
  Holding Period End Date: 2016-09-15
  ✓ S1: CHTR 3.52%, Portfolio: $1,141,055
    YFinance output for EMC: 1 Failed download:
['EMC']: YFPricesMissingError('possibly delisted; no price data found  (1d 2016-08-31 00:00:00 -> 2016-09-16) (Yahoo error = "Data doesn\'t exist for startDate = 1472616000, endDate = 1473998400")')
    Warning: No data found for EMC
  ✗ S2: Insufficient data for CHTR/EMC

38/223: 2016-09-10: Added=COO, Removed=HOT
  Holding Period End Date: 2016-09-26
  ✓ S1: COO -4.58%, Portfolio: $1,088,811
  ✓ S2: Long COO (-4.58%), Short HOT (-2.50%)
      Combined: -3.54%, Portfolio: $748,943

39/223: 2016-09-27: Added=COTY, Removed=DO
  Holding Period End Date: 2016-10-11
  ✓ S1: COTY -2.09%, Portfolio: $1,066,060
    YFinance output for DO: 1 Failed download:
['DO']: YFTzMissingError('possibly delisted; no timezone found')
    Warning: No data found for DO
  ✗ S2: Insufficient data for COTY/DO

40/223: 2016-11-29: Added=MAA, Removed=OI
  Holding Period End Date: 2016-12-13
  ✓ S1: MAA 1.94%, Portfolio: $1,086,742
  ✓ S2: Long MAA (1.94%), Short OI (-0.55%)
      Combined: 0.70%, Portfolio: $754,151

41/223: 2016-11-29: Added=EVHC, Removed=LM
  Holding Period End Date: 2016-12-13
  ✓ S1: EVHC 1.80%, Portfolio: $1,106,258
    YFinance output for LM: 1 Failed download:
['LM']: YFTzMissingError('possibly delisted; no timezone found')
    Warning: No data found for LM
  ✗ S2: Insufficient data for EVHC/LM

42/223: 2017-01-03: Added=IDXX, Removed=STJ
  Holding Period End Date: 2017-01-18
  ✓ S1: IDXX 1.11%, Portfolio: $1,118,487
    YFinance output for STJ: 1 Failed download:
['STJ']: YFPricesMissingError('possibly delisted; no price data found  (1d 2017-01-03 00:00:00 -> 2017-01-19)')
    Warning: No data found for STJ
  ✗ S2: Insufficient data for IDXX/STJ

43/223: 2017-02-23: Added=INCY, Removed=SE
  Holding Period End Date: 2017-03-09
  ✓ S1: INCY 13.18%, Portfolio: $1,265,876
    YFinance output for SE: 1 Failed download:
['SE']: YFPricesMissingError('possibly delisted; no price data found  (1d 2017-02-23 00:00:00 -> 2017-03-10) (Yahoo error = "Data doesn\'t exist for startDate = 1487826000, endDate = 1489122000")')
    Warning: No data found for SE
  ✗ S2: Insufficient data for INCY/SE

44/223: 2017-02-23: Added=CBOE, Removed=PBI
  Holding Period End Date: 2017-03-09
  ✓ S1: CBOE -1.78%, Portfolio: $1,243,361
  ✓ S2: Long CBOE (-1.78%), Short PBI (3.91%)
      Combined: 1.07%, Portfolio: $762,198

45/223: 2017-02-23: Added=REG, Removed=ENDP
  Holding Period End Date: 2017-03-09
  ✓ S1: REG -11.28%, Portfolio: $1,103,165
    YFinance output for ENDP: 1 Failed download:
['ENDP']: YFTzMissingError('possibly delisted; no timezone found')
    Warning: No data found for ENDP
  ✗ S2: Insufficient data for REG/ENDP

46/223: 2017-03-06: Added=DISH, Removed=LLTC
  Holding Period End Date: 2017-03-20
    YFinance output for DISH: 1 Failed download:
['DISH']: YFTzMissingError('possibly delisted; no timezone found')
    Warning: No data found for DISH
  ✗ S1: Insufficient data for DISH
    YFinance output for DISH: 1 Failed download:
['DISH']: YFTzMissingError('possibly delisted; no timezone found')
    Warning: No data found for DISH
    YFinance output for LLTC: 1 Failed download:
['LLTC']: YFPricesMissingError('possibly delisted; no price data found  (1d 2017-03-06 00:00:00 -> 2017-03-21)')
    Warning: No data found for LLTC
  ✗ S2: Insufficient data for DISH/LLTC

47/223: 2017-03-10: Added=ARE, Removed=FSLR
  Holding Period End Date: 2017-03-24
  ✓ S1: ARE 2.34%, Portfolio: $1,129,018
  ✓ S2: Long ARE (2.34%), Short FSLR (14.45%)
      Combined: 8.40%, Portfolio: $826,188

48/223: 2017-03-10: Added=RJF, Removed=FTR
  Holding Period End Date: 2017-03-24
  ✓ S1: RJF -5.83%, Portfolio: $1,063,242
    YFinance output for FTR: 1 Failed download:
['FTR']: YFTzMissingError('possibly delisted; no timezone found')
    Warning: No data found for FTR
  ✗ S2: Insufficient data for RJF/FTR

49/223: 2017-03-10: Added=AMD, Removed=URBN
  Holding Period End Date: 2017-03-24
  ✓ S1: AMD -1.51%, Portfolio: $1,047,190
  ✓ S2: Long AMD (-1.51%), Short URBN (9.72%)
      Combined: 4.11%, Portfolio: $860,108

50/223: 2017-03-13: Added=SNPS, Removed=HAR
  Holding Period End Date: 2017-03-27
  ✓ S1: SNPS -1.01%, Portfolio: $1,036,586
  ✓ S2: Long SNPS (-1.01%), Short HAR (-5.70%)
      Combined: -3.36%, Portfolio: $831,248

51/223: 2017-03-28: Added=DXC, Removed=SWN
  Holding Period End Date: 2017-04-11
  ✓ S1: DXC 7.54%, Portfolio: $1,114,777
    YFinance output for SWN: 1 Failed download:
['SWN']: YFTzMissingError('possibly delisted; no timezone found')
    Warning: No data found for SWN
  ✗ S2: Insufficient data for DXC/SWN

52/223: 2017-03-29: Added=IT, Removed=DNB
  Holding Period End Date: 2017-04-12
  ✓ S1: IT 0.58%, Portfolio: $1,121,244
    YFinance output for DNB: 1 Failed download:
['DNB']: YFPricesMissingError('possibly delisted; no price data found  (1d 2017-03-29 00:00:00 -> 2017-04-13) (Yahoo error = "Data doesn\'t exist for startDate = 1490760000, endDate = 1492056000")')
    Warning: No data found for DNB
  ✗ S2: Insufficient data for IT/DNB

53/223: 2017-05-24: Added=INFO, Removed=TGNA
  Holding Period End Date: 2017-06-08
    YFinance output for INFO: 1 Failed download:
['INFO']: YFPricesMissingError('possibly delisted; no price data found  (1d 2017-05-24 00:00:00 -> 2017-06-09) (Yahoo error = "Data doesn\'t exist for startDate = 1495598400, endDate = 1496980800")')
    Warning: No data found for INFO
  ✗ S1: Insufficient data for INFO
    YFinance output for INFO: 1 Failed download:
['INFO']: YFPricesMissingError('possibly delisted; no price data found  (1d 2017-05-24 00:00:00 -> 2017-06-09) (Yahoo error = "Data doesn\'t exist for startDate = 1495598400, endDate = 1496980800")')
    Warning: No data found for INFO
  ✗ S2: Insufficient data for INFO/TGNA

54/223: 2017-06-09: Added=ANSS, Removed=R
  Holding Period End Date: 2017-06-23
  ✓ S1: ANSS -1.61%, Portfolio: $1,103,235
  ✓ S2: Long ANSS (-1.61%), Short R (-4.48%)
      Combined: -3.04%, Portfolio: $805,948

55/223: 2017-06-09: Added=ALGN, Removed=TDC
  Holding Period End Date: 2017-06-23
  ✓ S1: ALGN 3.12%, Portfolio: $1,137,699
  ✓ S2: Long ALGN (3.12%), Short TDC (-6.15%)
      Combined: -1.51%, Portfolio: $793,757

56/223: 2017-06-09: Added=HLT, Removed=YHOO
  Holding Period End Date: 2017-06-23
  ✓ S1: HLT 1.00%, Portfolio: $1,149,120
    YFinance output for YHOO: 1 Failed download:
['YHOO']: YFTzMissingError('possibly delisted; no timezone found')
    Warning: No data found for YHOO
  ✗ S2: Insufficient data for HLT/YHOO

57/223: 2017-06-12: Added=RE, Removed=MJN
  Holding Period End Date: 2017-06-26
    YFinance output for RE: 1 Failed download:
['RE']: YFTzMissingError('possibly delisted; no timezone found')
    Warning: No data found for RE
  ✗ S1: Insufficient data for RE
    YFinance output for RE: 1 Failed download:
['RE']: YFTzMissingError('possibly delisted; no timezone found')
    Warning: No data found for RE
    YFinance output for MJN: 1 Failed download:
['MJN']: YFPricesMissingError('possibly delisted; no price data found  (1d 2017-06-12 00:00:00 -> 2017-06-27)')
    Warning: No data found for MJN
  ✗ S2: Insufficient data for RE/MJN

58/223: 2017-06-30: Added=BKR, Removed=BHI
  Holding Period End Date: 2017-07-17
  ✓ S1: BKR -0.87%, Portfolio: $1,139,080
    YFinance output for BHI: 1 Failed download:
['BHI']: YFPricesMissingError('possibly delisted; no price data found  (1d 2017-06-30 00:00:00 -> 2017-07-18) (Yahoo error = "Data doesn\'t exist for startDate = 1498795200, endDate = 1500350400")')
    Warning: No data found for BHI
  ✗ S2: Insufficient data for BKR/BHI

59/223: 2017-07-19: Added=MGM, Removed=RAI
  Holding Period End Date: 2017-08-02
  ✓ S1: MGM -2.47%, Portfolio: $1,110,941
    YFinance output for RAI: 1 Failed download:
['RAI']: YFPricesMissingError('possibly delisted; no price data found  (1d 2017-07-19 00:00:00 -> 2017-08-03)')
    Warning: No data found for RAI
  ✗ S2: Insufficient data for MGM/RAI

60/223: 2017-07-19: Added=RMD, Removed=MNK
  Holding Period End Date: 2017-08-02
  ✓ S1: RMD -7.11%, Portfolio: $1,031,954
    YFinance output for MNK: 1 Failed download:
['MNK']: YFTzMissingError('possibly delisted; no timezone found')
    Warning: No data found for MNK
  ✗ S2: Insufficient data for RMD/MNK

61/223: 2017-07-19: Added=PKG, Removed=MUR
  Holding Period End Date: 2017-08-02
  ✓ S1: PKG -1.83%, Portfolio: $1,013,113
  ✓ S2: Long PKG (-1.83%), Short MUR (2.53%)
      Combined: 0.35%, Portfolio: $796,557

62/223: 2017-07-19: Added=AOS, Removed=BBBY
  Holding Period End Date: 2017-08-02
  ✓ S1: AOS -5.23%, Portfolio: $960,170
    YFinance output for BBBY: 1 Failed download:
['BBBY']: YFTzMissingError('possibly delisted; no timezone found')
    Warning: No data found for BBBY
  ✗ S2: Insufficient data for AOS/BBBY

63/223: 2017-07-19: Added=DRE, Removed=RIG
  Holding Period End Date: 2017-08-02
    YFinance output for DRE: 1 Failed download:
['DRE']: YFTzMissingError('possibly delisted; no timezone found')
    Warning: No data found for DRE
  ✗ S1: Insufficient data for DRE
    YFinance output for DRE: 1 Failed download:
['DRE']: YFTzMissingError('possibly delisted; no timezone found')
    Warning: No data found for DRE
  ✗ S2: Insufficient data for DRE/RIG

64/223: 2017-07-31: Added=BHF, Removed=AN
  Holding Period End Date: 2017-08-14
  ✓ S1: BHF -13.09%, Portfolio: $834,475
  ✓ S2: Long BHF (-13.09%), Short AN (1.58%)
      Combined: -5.75%, Portfolio: $750,719

65/223: 2017-08-24: Added=Q, Removed=WFM
  Holding Period End Date: 2017-09-08
    YFinance output for Q: 1 Failed download:
['Q']: YFPricesMissingError('possibly delisted; no price data found  (1d 2017-08-24 00:00:00 -> 2017-09-11)')
    Warning: No data found for Q
  ✗ S1: Insufficient data for Q
    YFinance output for Q: 1 Failed download:
['Q']: YFPricesMissingError('possibly delisted; no price data found  (1d 2017-08-24 00:00:00 -> 2017-09-11)')
    Warning: No data found for Q
    YFinance output for WFM: 1 Failed download:
['WFM']: YFPricesMissingError('possibly delisted; no price data found  (1d 2017-08-24 00:00:00 -> 2017-09-11)')
    Warning: No data found for WFM
  ✗ S2: Insufficient data for Q/WFM

66/223: 2017-08-24: Added=SBAC, Removed=DD
  Holding Period End Date: 2017-09-08
  ✓ S1: SBAC 0.93%, Portfolio: $842,196
  ✓ S2: Long SBAC (0.93%), Short DD (-0.77%)
      Combined: 0.08%, Portfolio: $751,298

67/223: 2017-08-24: Added=DWDP, Removed=DOW
  Holding Period End Date: 2017-09-08
    YFinance output for DWDP: 1 Failed download:
['DWDP']: YFTzMissingError('possibly delisted; no timezone found')
    Warning: No data found for DWDP
  ✗ S1: Insufficient data for DWDP
    YFinance output for DWDP: 1 Failed download:
['DWDP']: YFTzMissingError('possibly delisted; no timezone found')
    Warning: No data found for DWDP
    YFinance output for DOW: 1 Failed download:
['DOW']: YFPricesMissingError('possibly delisted; no price data found  (1d 2017-08-24 00:00:00 -> 2017-09-11) (Yahoo error = "Data doesn\'t exist for startDate = 1503547200, endDate = 1505102400")')
    Warning: No data found for DOW
  ✗ S2: Insufficient data for DWDP/DOW

68/223: 2017-08-24: Added=CDNS, Removed=SPLS
  Holding Period End Date: 2017-09-08
  ✓ S1: CDNS 2.85%, Portfolio: $866,207
    YFinance output for SPLS: 1 Failed download:
['SPLS']: YFPricesMissingError('possibly delisted; no price data found  (1d 2017-08-24 00:00:00 -> 2017-09-11)')
    Warning: No data found for SPLS
  ✗ S2: Insufficient data for CDNS/SPLS

69/223: 2017-10-04: Added=NCLH, Removed=LVLT
  Holding Period End Date: 2017-10-18
  ✓ S1: NCLH 2.66%, Portfolio: $889,262
    YFinance output for LVLT: 1 Failed download:
['LVLT']: YFPricesMissingError('possibly delisted; no price data found  (1d 2017-10-04 00:00:00 -> 2017-10-19)')
    Warning: No data found for LVLT
  ✗ S2: Insufficient data for NCLH/LVLT

70/223: 2017-12-28: Added=HII, Removed=BCR
  Holding Period End Date: 2018-01-12
  ✓ S1: HII 3.33%, Portfolio: $918,898
    YFinance output for BCR: 1 Failed download:
['BCR']: YFPricesMissingError('possibly delisted; no price data found  (1d 2017-12-28 00:00:00 -> 2018-01-16)')
    Warning: No data found for BCR
  ✗ S2: Insufficient data for HII/BCR

71/223: 2018-03-02: Added=IPGP, Removed=SNI
  Holding Period End Date: 2018-03-16
  ✓ S1: IPGP 0.86%, Portfolio: $926,781
    YFinance output for SNI: 1 Failed download:
['SNI']: YFPricesMissingError('possibly delisted; no price data found  (1d 2018-03-02 00:00:00 -> 2018-03-19)')
    Warning: No data found for SNI
  ✗ S2: Insufficient data for IPGP/SNI

72/223: 2018-03-09: Added=TTWO, Removed=SIG
  Holding Period End Date: 2018-03-23
  ✓ S1: TTWO -14.50%, Portfolio: $792,385
  ✓ S2: Long TTWO (-14.50%), Short SIG (25.84%)
      Combined: 5.67%, Portfolio: $793,878

73/223: 2018-03-09: Added=NKTR, Removed=CHK
  Holding Period End Date: 2018-03-23
  ✓ S1: NKTR -4.93%, Portfolio: $753,329
    YFinance output for CHK: 1 Failed download:
['CHK']: YFTzMissingError('possibly delisted; no timezone found')
    Warning: No data found for CHK
  ✗ S2: Insufficient data for NKTR/CHK

74/223: 2018-03-09: Added=SIVB, Removed=PDCO
  Holding Period End Date: 2018-03-23
    YFinance output for SIVB: 1 Failed download:
['SIVB']: YFTzMissingError('possibly delisted; no timezone found')
    Warning: No data found for SIVB
  ✗ S1: Insufficient data for SIVB
    YFinance output for SIVB: 1 Failed download:
['SIVB']: YFTzMissingError('possibly delisted; no timezone found')
    Warning: No data found for SIVB
    YFinance output for PDCO: 1 Failed download:
['PDCO']: YFTzMissingError('possibly delisted; no timezone found')
    Warning: No data found for PDCO
  ✗ S2: Insufficient data for SIVB/PDCO

75/223: 2018-03-28: Added=MSCI, Removed=CSRA
  Holding Period End Date: 2018-04-12
  ✓ S1: MSCI -0.83%, Portfolio: $747,074
  ✓ S2: Long MSCI (-0.83%), Short CSRA (0.00%)
      Combined: -0.42%, Portfolio: $790,582

76/223: 2018-05-25: Added=ABMD, Removed=WYN
  Holding Period End Date: 2018-06-11
    YFinance output for ABMD: 1 Failed download:
['ABMD']: YFTzMissingError('possibly delisted; no timezone found')
    Warning: No data found for ABMD
  ✗ S1: Insufficient data for ABMD
    YFinance output for ABMD: 1 Failed download:
['ABMD']: YFTzMissingError('possibly delisted; no timezone found')
    Warning: No data found for ABMD
    YFinance output for WYN: 1 Failed download:
['WYN']: YFPricesMissingError('possibly delisted; no price data found  (1d 2018-05-25 00:00:00 -> 2018-06-12)')
    Warning: No data found for WYN
  ✗ S2: Insufficient data for ABMD/WYN

77/223: 2018-05-31: Added=EVRG, Removed=NAVI
  Holding Period End Date: 2018-06-14
  ✓ S1: EVRG -8.38%, Portfolio: $684,488
  ✓ S2: Long EVRG (-8.38%), Short NAVI (2.37%)
      Combined: -3.00%, Portfolio: $766,844

78/223: 2018-06-04: Added=TWTR, Removed=MON
  Holding Period End Date: 2018-06-18
    YFinance output for TWTR: 1 Failed download:
['TWTR']: YFTzMissingError('possibly delisted; no timezone found')
    Warning: No data found for TWTR
  ✗ S1: Insufficient data for TWTR
    YFinance output for TWTR: 1 Failed download:
['TWTR']: YFTzMissingError('possibly delisted; no timezone found')
    Warning: No data found for TWTR
    YFinance output for MON: 1 Failed download:
['MON']: YFTzMissingError('possibly delisted; no timezone found')
    Warning: No data found for MON
  ✗ S2: Insufficient data for TWTR/MON

79/223: 2018-06-08: Added=HFC, Removed=AYI
  Holding Period End Date: 2018-06-22
    YFinance output for HFC: 1 Failed download:
['HFC']: YFTzMissingError('possibly delisted; no timezone found')
    Warning: No data found for HFC
  ✗ S1: Insufficient data for HFC
    YFinance output for HFC: 1 Failed download:
['HFC']: YFTzMissingError('possibly delisted; no timezone found')
    Warning: No data found for HFC
  ✗ S2: Insufficient data for HFC/AYI

80/223: 2018-06-08: Added=BR, Removed=RRC
  Holding Period End Date: 2018-06-22
  ✓ S1: BR -2.14%, Portfolio: $669,861
  ✓ S2: Long BR (-2.14%), Short RRC (-4.97%)
      Combined: -3.55%, Portfolio: $739,585

81/223: 2018-06-15: Added=FLT, Removed=TWX
  Holding Period End Date: 2018-06-29
    YFinance output for FLT: 1 Failed download:
['FLT']: YFTzMissingError('possibly delisted; no timezone found')
    Warning: No data found for FLT
  ✗ S1: Insufficient data for FLT
    YFinance output for FLT: 1 Failed download:
['FLT']: YFTzMissingError('possibly delisted; no timezone found')
    Warning: No data found for FLT
  ✗ S2: Insufficient data for FLT/TWX

82/223: 2018-06-25: Added=CPRT, Removed=DPS
  Holding Period End Date: 2018-07-10
  ✓ S1: CPRT 0.70%, Portfolio: $674,572
    YFinance output for DPS: 1 Failed download:
['DPS']: YFPricesMissingError('possibly delisted; no price data found  (1d 2018-06-25 00:00:00 -> 2018-07-11)')
    Warning: No data found for DPS
  ✗ S2: Insufficient data for CPRT/DPS

83/223: 2018-08-23: Added=ANET, Removed=GGP
  Holding Period End Date: 2018-09-07
  ✓ S1: ANET -5.51%, Portfolio: $637,431
    YFinance output for GGP: 1 Failed download:
['GGP']: YFPricesMissingError('possibly delisted; no price data found  (1d 2018-08-23 00:00:00 -> 2018-09-10)')
    Warning: No data found for GGP
  ✗ S2: Insufficient data for ANET/GGP

84/223: 2018-09-11: Added=WCG, Removed=XL
  Holding Period End Date: 2018-09-25
    YFinance output for WCG: 1 Failed download:
['WCG']: YFTzMissingError('possibly delisted; no timezone found')
    Warning: No data found for WCG
  ✗ S1: Insufficient data for WCG
    YFinance output for WCG: 1 Failed download:
['WCG']: YFTzMissingError('possibly delisted; no timezone found')
    Warning: No data found for WCG
    YFinance output for XL: 1 Failed download:
['XL']: YFTzMissingError('possibly delisted; no timezone found')
    Warning: No data found for XL
  ✗ S2: Insufficient data for WCG/XL

85/223: 2018-09-25: Added=ROL, Removed=ANDV
  Holding Period End Date: 2018-10-09
  ✓ S1: ROL -5.39%, Portfolio: $603,050
  ✓ S2: Long ROL (-5.39%), Short ANDV (2.47%)
      Combined: -1.46%, Portfolio: $728,770

86/223: 2018-10-04: Added=FTNT, Removed=EVHC
  Holding Period End Date: 2018-10-18
  ✓ S1: FTNT -8.49%, Portfolio: $551,856
  ✓ S2: Long FTNT (-8.49%), Short EVHC (-0.13%)
      Combined: -4.31%, Portfolio: $697,361

87/223: 2018-10-30: Added=KEYS, Removed=CA
  Holding Period End Date: 2018-11-13
  ✓ S1: KEYS 1.26%, Portfolio: $558,811
    YFinance output for CA: 1 Failed download:
['CA']: YFPricesMissingError('possibly delisted; no price data found  (1d 2018-10-30 00:00:00 -> 2018-11-14) (Yahoo error = "Data doesn\'t exist for startDate = 1540872000, endDate = 1542171600")')
    Warning: No data found for CA
  ✗ S2: Insufficient data for KEYS/CA

88/223: 2018-11-07: Added=JKHY, Removed=EQT
  Holding Period End Date: 2018-11-21
  ✓ S1: JKHY -7.13%, Portfolio: $518,953
  ✓ S2: Long JKHY (-7.13%), Short EQT (4.38%)
      Combined: -1.38%, Portfolio: $687,747

89/223: 2018-11-26: Added=FANG, Removed=SRCL
  Holding Period End Date: 2018-12-11
  ✓ S1: FANG -8.48%, Portfolio: $474,944
    YFinance output for SRCL: 1 Failed download:
['SRCL']: YFTzMissingError('possibly delisted; no timezone found')
    Warning: No data found for SRCL
  ✗ S2: Insufficient data for FANG/SRCL

90/223: 2018-11-26: Added=MXIM, Removed=AET
  Holding Period End Date: 2018-12-11
    YFinance output for MXIM: 1 Failed download:
['MXIM']: YFTzMissingError('possibly delisted; no timezone found')
    Warning: No data found for MXIM
  ✗ S1: Insufficient data for MXIM
    YFinance output for MXIM: 1 Failed download:
['MXIM']: YFTzMissingError('possibly delisted; no timezone found')
    Warning: No data found for MXIM
  ✗ S2: Insufficient data for MXIM/AET

91/223: 2018-11-26: Added=LW, Removed=COL
  Holding Period End Date: 2018-12-11
  ✓ S1: LW -6.47%, Portfolio: $444,214
  ✓ S2: Long LW (-6.47%), Short COL (12.50%)
      Combined: 3.01%, Portfolio: $708,482

92/223: 2018-12-27: Added=CE, Removed=ESRX
  Holding Period End Date: 2019-01-11
  ✓ S1: CE 5.74%, Portfolio: $469,691
    YFinance output for ESRX: 1 Failed download:
['ESRX']: YFPricesMissingError('possibly delisted; no price data found  (1d 2018-12-27 00:00:00 -> 2019-01-14)')
    Warning: No data found for ESRX
  ✗ S2: Insufficient data for CE/ESRX

93/223: 2018-12-27: Added=FRC, Removed=SCG
  Holding Period End Date: 2019-01-11
    YFinance output for FRC: 1 Failed download:
['FRC']: YFTzMissingError('possibly delisted; no timezone found')
    Warning: No data found for FRC
  ✗ S1: Insufficient data for FRC
    YFinance output for FRC: 1 Failed download:
['FRC']: YFTzMissingError('possibly delisted; no timezone found')
    Warning: No data found for FRC
  ✗ S2: Insufficient data for FRC/SCG

94/223: 2019-01-15: Added=TFX, Removed=PCG
  Holding Period End Date: 2019-01-30
  ✓ S1: TFX 6.45%, Portfolio: $500,007
  ✓ S2: Long TFX (6.45%), Short PCG (-49.45%)
      Combined: -21.50%, Portfolio: $556,169

95/223: 2019-02-08: Added=ATO, Removed=NFX
  Holding Period End Date: 2019-02-25
  ✓ S1: ATO 0.87%, Portfolio: $504,362
  ✓ S2: Long ATO (0.87%), Short NFX (-4.51%)
      Combined: -1.82%, Portfolio: $546,047

96/223: 2019-02-21: Added=WAB, Removed=GT
  Holding Period End Date: 2019-03-07
  ✓ S1: WAB -5.23%, Portfolio: $477,972
  ✓ S2: Long WAB (-5.23%), Short GT (7.04%)
      Combined: 0.90%, Portfolio: $550,969

97/223: 2019-03-14: Added=FOXA, Removed=FOXA
  Holding Period End Date: 2019-03-28
  ✓ S1: FOXA -10.46%, Portfolio: $427,999
  ✓ S2: Long FOXA (-10.46%), Short FOXA (11.68%)
      Combined: 0.61%, Portfolio: $554,332

98/223: 2019-03-14: Added=FOX, Removed=FOX
  Holding Period End Date: 2019-03-28
  ✓ S1: FOX -10.74%, Portfolio: $382,050
  ✓ S2: Long FOX (-10.74%), Short FOX (12.03%)
      Combined: 0.65%, Portfolio: $557,911

99/223: 2019-03-26: Added=DOW, Removed=BHF
  Holding Period End Date: 2019-04-09
  ✓ S1: DOW 15.19%, Portfolio: $440,081
  ✓ S2: Long DOW (15.19%), Short BHF (-5.24%)
      Combined: 4.97%, Portfolio: $585,666

100/223: 2019-05-28: Added=CTVA, Removed=FLR
  Holding Period End Date: 2019-06-11
  ✓ S1: CTVA -13.26%, Portfolio: $381,715
  ✓ S2: Long CTVA (-13.26%), Short FLR (-5.06%)
      Combined: -9.16%, Portfolio: $532,022

101/223: 2019-05-28: Added=DD, Removed=DWDP
  Holding Period End Date: 2019-06-11
  ✓ S1: DD 13.22%, Portfolio: $432,173
    YFinance output for DWDP: 1 Failed download:
['DWDP']: YFTzMissingError('possibly delisted; no timezone found')
    Warning: No data found for DWDP
  ✗ S2: Insufficient data for DD/DWDP

102/223: 2019-06-03: Added=BMS, Removed=MAT
  Holding Period End Date: 2019-06-17
  ✓ S1: BMS -0.69%, Portfolio: $429,175
  ✓ S2: Long BMS (-0.69%), Short MAT (-17.87%)
      Combined: -9.28%, Portfolio: $482,634

103/223: 2019-06-03: Added=AMCR, Removed=BMS
  Holding Period End Date: 2019-06-17
  ✓ S1: AMCR -4.48%, Portfolio: $409,929
  ✓ S2: Long AMCR (-4.48%), Short BMS (0.70%)
      Combined: -1.89%, Portfolio: $473,498

104/223: 2019-06-24: Added=MKTX, Removed=LLL
  Holding Period End Date: 2019-07-09
  ✓ S1: MKTX 2.97%, Portfolio: $422,091
    YFinance output for LLL: 1 Failed download:
['LLL']: YFTzMissingError('possibly delisted; no timezone found')
    Warning: No data found for LLL
  ✗ S2: Insufficient data for MKTX/LLL

105/223: 2019-07-09: Added=TMUS, Removed=RHT
  Holding Period End Date: 2019-07-23
  ✓ S1: TMUS 3.98%, Portfolio: $438,884
    YFinance output for RHT: 1 Failed download:
['RHT']: YFTzMissingError('possibly delisted; no timezone found')
    Warning: No data found for RHT
  ✗ S2: Insufficient data for TMUS/RHT

106/223: 2019-08-01: Added=IEX, Removed=FL
  Holding Period End Date: 2019-08-15
  ✓ S1: IEX -3.77%, Portfolio: $422,332
  ✓ S2: Long IEX (-3.77%), Short FL (6.27%)
      Combined: 1.25%, Portfolio: $479,407

107/223: 2019-08-01: Added=LDOS, Removed=APC
  Holding Period End Date: 2019-08-15
  ✓ S1: LDOS -0.60%, Portfolio: $419,801
    YFinance output for APC: 1 Failed download:
['APC']: YFTzMissingError('possibly delisted; no timezone found')
    Warning: No data found for APC
  ✗ S2: Insufficient data for LDOS/APC

108/223: 2019-09-17: Added=CDW, Removed=TSS
  Holding Period End Date: 2019-10-01
  ✓ S1: CDW 6.43%, Portfolio: $446,804
    YFinance output for TSS: 1 Failed download:
['TSS']: YFTzMissingError('possibly delisted; no timezone found')
    Warning: No data found for TSS
  ✗ S2: Insufficient data for CDW/TSS

109/223: 2019-09-20: Added=NVR, Removed=JEF
  Holding Period End Date: 2019-10-04
  ✓ S1: NVR 1.96%, Portfolio: $455,541
  ✓ S2: Long NVR (1.96%), Short JEF (-0.97%)
      Combined: 0.49%, Portfolio: $481,762

110/223: 2019-09-20: Added=LVS, Removed=NKTR
  Holding Period End Date: 2019-10-04
  ✓ S1: LVS -0.59%, Portfolio: $452,873
  ✓ S2: Long LVS (-0.59%), Short NKTR (6.22%)
      Combined: 2.82%, Portfolio: $495,334

111/223: 2019-11-18: Added=NOW, Removed=CELG
  Holding Period End Date: 2019-12-03
  ✓ S1: NOW 4.77%, Portfolio: $474,470
    YFinance output for CELG: 1 Failed download:
['CELG']: YFTzMissingError('possibly delisted; no timezone found')
    Warning: No data found for CELG
  ✗ S2: Insufficient data for NOW/CELG

112/223: 2019-11-27: Added=WRB, Removed=VIAB
  Holding Period End Date: 2019-12-12
  ✓ S1: WRB 0.62%, Portfolio: $477,419
    YFinance output for VIAB: 1 Failed download:
['VIAB']: YFTzMissingError('possibly delisted; no timezone found')
    Warning: No data found for VIAB
  ✗ S2: Insufficient data for WRB/VIAB

113/223: 2019-12-02: Added=ODFL, Removed=STI
  Holding Period End Date: 2019-12-16
  ✓ S1: ODFL -0.05%, Portfolio: $477,163
    YFinance output for STI: 1 Failed download:
['STI']: YFPricesMissingError('possibly delisted; no price data found  (1d 2019-12-02 00:00:00 -> 2019-12-17) (Yahoo error = "Data doesn\'t exist for startDate = 1575262800, endDate = 1576558800")')
    Warning: No data found for STI
  ✗ S2: Insufficient data for ODFL/STI

114/223: 2019-12-13: Added=ZBRA, Removed=TRIP
  Holding Period End Date: 2019-12-30
  ✓ S1: ZBRA -1.43%, Portfolio: $470,333
  ✓ S2: Long ZBRA (-1.43%), Short TRIP (-2.56%)
      Combined: -2.00%, Portfolio: $485,437

115/223: 2019-12-13: Added=LYV, Removed=AMG
  Holding Period End Date: 2019-12-30
  ✓ S1: LYV 10.68%, Portfolio: $520,553
  ✓ S2: Long LYV (10.68%), Short AMG (0.72%)
      Combined: 5.70%, Portfolio: $513,106

116/223: 2019-12-13: Added=STE, Removed=MAC
  Holding Period End Date: 2019-12-30
  ✓ S1: STE 0.01%, Portfolio: $520,587
  ✓ S2: Long STE (0.01%), Short MAC (-0.84%)
      Combined: -0.42%, Portfolio: $510,974

117/223: 2020-01-22: Added=PAYC, Removed=WCG
  Holding Period End Date: 2020-02-05
  ✓ S1: PAYC 6.34%, Portfolio: $553,579
    YFinance output for WCG: 1 Failed download:
['WCG']: YFTzMissingError('possibly delisted; no timezone found')
    Warning: No data found for WCG
  ✗ S2: Insufficient data for PAYC/WCG

118/223: 2020-02-27: Added=IR, Removed=XEC
  Holding Period End Date: 2020-03-12
  ✓ S1: IR -36.51%, Portfolio: $351,484
    YFinance output for XEC: 1 Failed download:
['XEC']: YFTzMissingError('possibly delisted; no timezone found')
    Warning: No data found for XEC
  ✗ S2: Insufficient data for IR/XEC

119/223: 2020-03-31: Added=nan, Removed=M
  Holding Period End Date: 2020-04-15

120/223: 2020-03-31: Added=nan, Removed=RTN
  Holding Period End Date: 2020-04-15

121/223: 2020-03-31: Added=CARR, Removed=nan
  Holding Period End Date: 2020-04-15
  ✓ S1: CARR -22.55%, Portfolio: $272,222

122/223: 2020-03-31: Added=OTIS, Removed=nan
  Holding Period End Date: 2020-04-15
  ✓ S1: OTIS -10.90%, Portfolio: $242,550

123/223: 2020-05-05: Added=HWM, Removed=ARNC
  Holding Period End Date: 2020-05-19
  ✓ S1: HWM -1.31%, Portfolio: $239,371
    YFinance output for ARNC: 1 Failed download:
['ARNC']: YFTzMissingError('possibly delisted; no timezone found')
    Warning: No data found for ARNC
  ✗ S2: Insufficient data for HWM/ARNC

124/223: 2020-05-06: Added=DXCM, Removed=AGN
  Holding Period End Date: 2020-05-20
  ✓ S1: DXCM 9.12%, Portfolio: $261,211
    YFinance output for AGN: 1 Failed download:
['AGN']: YFTzMissingError('possibly delisted; no timezone found')
    Warning: No data found for AGN
  ✗ S2: Insufficient data for DXCM/AGN

125/223: 2020-05-06: Added=DPZ, Removed=CPRI
  Holding Period End Date: 2020-05-20
  ✓ S1: DPZ 1.33%, Portfolio: $264,676
  ✓ S2: Long DPZ (1.33%), Short CPRI (-5.29%)
      Combined: -1.98%, Portfolio: $500,840

126/223: 2020-05-18: Added=WST, Removed=HP
  Holding Period End Date: 2020-06-02
  ✓ S1: WST -3.24%, Portfolio: $256,096
    YFinance output for HP: 1 Failed download:
['HP']: Timeout('Failed to perform, curl: (28) Connection timed out after 10002 milliseconds. See https://curl.se/libcurl/c/libcurl-errors.html first for more details.')
    Warning: No data found for HP
  ✗ S2: Insufficient data for WST/HP

127/223: 2020-06-12: Added=BIO, Removed=ADS
  Holding Period End Date: 2020-06-26
  ✓ S1: BIO -3.63%, Portfolio: $246,796
    YFinance output for ADS: 1 Failed download:
['ADS']: YFTzMissingError('possibly delisted; no timezone found')
    Warning: No data found for ADS
  ✗ S2: Insufficient data for BIO/ADS

128/223: 2020-06-12: Added=TDY, Removed=HOG
  Holding Period End Date: 2020-06-26
  ✓ S1: TDY -10.30%, Portfolio: $221,372
  ✓ S2: Long TDY (-10.30%), Short HOG (10.34%)
      Combined: 0.02%, Portfolio: $500,933

129/223: 2020-06-12: Added=TYL, Removed=JWN
  Holding Period End Date: 2020-06-26
  ✓ S1: TYL -0.56%, Portfolio: $220,132
    YFinance output for JWN: 1 Failed download:
['JWN']: YFTzMissingError('possibly delisted; no timezone found')
    Warning: No data found for JWN
  ✗ S2: Insufficient data for TYL/JWN

130/223: 2020-09-04: Added=CTLT, Removed=KSS
  Holding Period End Date: 2020-09-21
    YFinance output for CTLT: 1 Failed download:
['CTLT']: YFTzMissingError('possibly delisted; no timezone found')
    Warning: No data found for CTLT
  ✗ S1: Insufficient data for CTLT
    YFinance output for CTLT: 1 Failed download:
['CTLT']: YFTzMissingError('possibly delisted; no timezone found')
    Warning: No data found for CTLT
  ✗ S2: Insufficient data for CTLT/KSS

131/223: 2020-09-04: Added=ETSY, Removed=HRB
  Holding Period End Date: 2020-09-21
  ✓ S1: ETSY 3.54%, Portfolio: $227,932
  ✓ S2: Long ETSY (3.54%), Short HRB (5.03%)
      Combined: 4.29%, Portfolio: $522,403

132/223: 2020-09-04: Added=TER, Removed=COTY
  Holding Period End Date: 2020-09-21
  ✓ S1: TER -2.14%, Portfolio: $223,060
  ✓ S2: Long TER (-2.14%), Short COTY (28.15%)
      Combined: 13.00%, Portfolio: $590,337

133/223: 2020-10-01: Added=POOL, Removed=ETFC
  Holding Period End Date: 2020-10-15
  ✓ S1: POOL 9.78%, Portfolio: $244,872
    YFinance output for ETFC: 1 Failed download:
['ETFC']: YFTzMissingError('possibly delisted; no timezone found')
    Warning: No data found for ETFC
  ✗ S2: Insufficient data for POOL/ETFC

134/223: 2020-10-05: Added=VNT, Removed=nan
  Holding Period End Date: 2020-10-19
  ✓ S1: VNT -17.52%, Portfolio: $201,974

135/223: 2020-10-05: Added=nan, Removed=NBL
  Holding Period End Date: 2020-10-19

136/223: 2020-12-11: Added=TSLA, Removed=AIV
  Holding Period End Date: 2020-12-28
  ✓ S1: TSLA 8.80%, Portfolio: $219,755
  ✓ S2: Long TSLA (8.80%), Short AIV (-14.06%)
      Combined: -2.63%, Portfolio: $574,824

137/223: 2020-12-30: Added=ENPH, Removed=TIF
  Holding Period End Date: 2021-01-14
  ✓ S1: ENPH 20.76%, Portfolio: $265,376
    YFinance output for TIF: 1 Failed download:
['TIF']: YFTzMissingError('possibly delisted; no timezone found')
    Warning: No data found for TIF
  ✗ S2: Insufficient data for ENPH/TIF

138/223: 2021-01-15: Added=TRMB, Removed=CXO
  Holding Period End Date: 2021-02-01
  ✓ S1: TRMB -2.51%, Portfolio: $258,728
    YFinance output for CXO: 1 Failed download:
['CXO']: YFTzMissingError('possibly delisted; no timezone found')
    Warning: No data found for CXO
  ✗ S2: Insufficient data for TRMB/CXO

139/223: 2021-02-08: Added=MPWR, Removed=FTI
  Holding Period End Date: 2021-02-23
  ✓ S1: MPWR 0.82%, Portfolio: $260,862
  ✓ S2: Long MPWR (0.82%), Short FTI (10.67%)
      Combined: 5.75%, Portfolio: $607,859

140/223: 2021-03-12: Added=CZR, Removed=VNT
  Holding Period End Date: 2021-03-26
  ✓ S1: CZR -13.01%, Portfolio: $226,925
  ✓ S2: Long CZR (-13.01%), Short VNT (-0.45%)
      Combined: -6.73%, Portfolio: $566,957

141/223: 2021-03-12: Added=PENN, Removed=SLG
  Holding Period End Date: 2021-03-26
  ✓ S1: PENN -18.31%, Portfolio: $185,374
  ✓ S2: Long PENN (-18.31%), Short SLG (7.54%)
      Combined: -5.39%, Portfolio: $536,415

142/223: 2021-03-12: Added=NXPI, Removed=FLS
  Holding Period End Date: 2021-03-26
  ✓ S1: NXPI 8.46%, Portfolio: $201,065
  ✓ S2: Long NXPI (8.46%), Short FLS (4.39%)
      Combined: 6.43%, Portfolio: $570,887

143/223: 2021-03-12: Added=GNRC, Removed=XRX
  Holding Period End Date: 2021-03-26
  ✓ S1: GNRC -4.03%, Portfolio: $192,969
  ✓ S2: Long GNRC (-4.03%), Short XRX (7.73%)
      Combined: 1.85%, Portfolio: $581,447

144/223: 2021-04-15: Added=PTC, Removed=VAR
  Holding Period End Date: 2021-04-29
  ✓ S1: PTC -9.58%, Portfolio: $174,489
    YFinance output for VAR: 1 Failed download:
['VAR']: YFTzMissingError('possibly delisted; no timezone found')
    Warning: No data found for VAR
  ✗ S2: Insufficient data for PTC/VAR

145/223: 2021-05-10: Added=CRL, Removed=FLIR
  Holding Period End Date: 2021-05-24
  ✓ S1: CRL -0.51%, Portfolio: $173,593
    YFinance output for FLIR: 1 Failed download:
['FLIR']: YFTzMissingError('possibly delisted; no timezone found')
    Warning: No data found for FLIR
  ✗ S2: Insufficient data for CRL/FLIR

146/223: 2021-05-27: Added=OGN, Removed=nan
  Holding Period End Date: 2021-06-11
  ✓ S1: OGN -16.48%, Portfolio: $144,987

147/223: 2021-05-27: Added=nan, Removed=HFC
  Holding Period End Date: 2021-06-11

148/223: 2021-07-15: Added=MRNA, Removed=ALXN
  Holding Period End Date: 2021-07-29
  ✓ S1: MRNA 33.10%, Portfolio: $192,984
    YFinance output for ALXN: 1 Failed download:
['ALXN']: YFTzMissingError('possibly delisted; no timezone found')
    Warning: No data found for ALXN
  ✗ S2: Insufficient data for MRNA/ALXN

149/223: 2021-08-24: Added=TECH, Removed=MXIM
  Holding Period End Date: 2021-09-08
  ✓ S1: TECH 3.10%, Portfolio: $198,972
    YFinance output for MXIM: 1 Failed download:
['MXIM']: YFTzMissingError('possibly delisted; no timezone found')
    Warning: No data found for MXIM
  ✗ S2: Insufficient data for TECH/MXIM

150/223: 2021-09-03: Added=BRO, Removed=NOV
  Holding Period End Date: 2021-09-20
  ✓ S1: BRO -4.41%, Portfolio: $190,195
  ✓ S2: Long BRO (-4.41%), Short NOV (0.39%)
      Combined: -2.01%, Portfolio: $569,749

151/223: 2021-09-03: Added=CDAY, Removed=UNM
  Holding Period End Date: 2021-09-20
    YFinance output for CDAY: 1 Failed download:
['CDAY']: YFTzMissingError('possibly delisted; no timezone found')
    Warning: No data found for CDAY
  ✗ S1: Insufficient data for CDAY
    YFinance output for CDAY: 1 Failed download:
['CDAY']: YFTzMissingError('possibly delisted; no timezone found')
    Warning: No data found for CDAY
  ✗ S2: Insufficient data for CDAY/UNM

152/223: 2021-09-03: Added=MTCH, Removed=PRGO
  Holding Period End Date: 2021-09-20
  ✓ S1: MTCH 2.21%, Portfolio: $194,391
  ✓ S2: Long MTCH (2.21%), Short PRGO (-3.48%)
      Combined: -0.64%, Portfolio: $566,114

153/223: 2021-12-03: Added=FDS, Removed=WU
  Holding Period End Date: 2021-12-17
  ✓ S1: FDS 1.45%, Portfolio: $197,201
  ✓ S2: Long FDS (1.45%), Short WU (-2.08%)
      Combined: -0.32%, Portfolio: $564,325

154/223: 2021-12-03: Added=SEDG, Removed=HBI
  Holding Period End Date: 2021-12-17
  ✓ S1: SEDG -5.91%, Portfolio: $185,542
  ✓ S2: Long SEDG (-5.91%), Short HBI (1.04%)
      Combined: -2.43%, Portfolio: $550,585

155/223: 2021-12-03: Added=SBNY, Removed=LEG
  Holding Period End Date: 2021-12-17
    YFinance output for SBNY: 1 Failed download:
['SBNY']: YFPricesMissingError('possibly delisted; no price data found  (1d 2021-12-03 00:00:00 -> 2021-12-20) (Yahoo error = "Data doesn\'t exist for startDate = 1638507600, endDate = 1639976400")')
    Warning: No data found for SBNY
  ✗ S1: Insufficient data for SBNY
    YFinance output for SBNY: 1 Failed download:
['SBNY']: YFPricesMissingError('possibly delisted; no price data found  (1d 2021-12-03 00:00:00 -> 2021-12-20) (Yahoo error = "Data doesn\'t exist for startDate = 1638507600, endDate = 1639976400")')
    Warning: No data found for SBNY
  ✗ S2: Insufficient data for SBNY/LEG

156/223: 2021-12-07: Added=EPAM, Removed=KSU
  Holding Period End Date: 2021-12-21
  ✓ S1: EPAM 9.07%, Portfolio: $202,378
    YFinance output for KSU: 1 Failed download:
['KSU']: YFTzMissingError('possibly delisted; no timezone found')
    Warning: No data found for KSU
  ✗ S2: Insufficient data for EPAM/KSU

157/223: 2022-01-26: Added=CEG, Removed=nan
  Holding Period End Date: 2022-02-09
  ✓ S1: CEG 9.46%, Portfolio: $221,530

158/223: 2022-01-26: Added=nan, Removed=GPS
  Holding Period End Date: 2022-02-09

159/223: 2022-02-10: Added=NDSN, Removed=XLNX
  Holding Period End Date: 2022-02-25
  ✓ S1: NDSN -1.30%, Portfolio: $218,651
    YFinance output for XLNX: 1 Failed download:
['XLNX']: YFTzMissingError('possibly delisted; no timezone found')
    Warning: No data found for XLNX
  ✗ S2: Insufficient data for NDSN/XLNX

160/223: 2022-02-25: Added=MOH, Removed=INFO
  Holding Period End Date: 2022-03-11
  ✓ S1: MOH -1.64%, Portfolio: $215,059
    YFinance output for INFO: 1 Failed download:
['INFO']: YFPricesMissingError('possibly delisted; no price data found  (1d 2022-02-25 00:00:00 -> 2022-03-14) (Yahoo error = "Data doesn\'t exist for startDate = 1645765200, endDate = 1647230400")')
    Warning: No data found for INFO
  ✗ S2: Insufficient data for MOH/INFO

161/223: 2022-03-29: Added=CPT, Removed=PBCT
  Holding Period End Date: 2022-04-12
  ✓ S1: CPT -3.03%, Portfolio: $208,533
    YFinance output for PBCT: 1 Failed download:
['PBCT']: YFTzMissingError('possibly delisted; no timezone found')
    Warning: No data found for PBCT
  ✗ S2: Insufficient data for CPT/PBCT

162/223: 2022-04-07: Added=WBD, Removed=DISCA
  Holding Period End Date: 2022-04-22
  ✓ S1: WBD -10.84%, Portfolio: $185,935
    YFinance output for DISCA: 1 Failed download:
['DISCA']: YFTzMissingError('possibly delisted; no timezone found')
    Warning: No data found for DISCA
  ✗ S2: Insufficient data for WBD/DISCA

163/223: 2022-04-07: Added=nan, Removed=DISCK
  Holding Period End Date: 2022-04-22

164/223: 2022-06-03: Added=VICI, Removed=CERN
  Holding Period End Date: 2022-06-17
  ✓ S1: VICI -8.22%, Portfolio: $170,653
    YFinance output for CERN: 1 Failed download:
['CERN']: YFTzMissingError('possibly delisted; no timezone found')
    Warning: No data found for CERN
  ✗ S2: Insufficient data for VICI/CERN

165/223: 2022-06-03: Added=ON, Removed=IPGP
  Holding Period End Date: 2022-06-17
  ✓ S1: ON -16.65%, Portfolio: $142,238
  ✓ S2: Long ON (-16.65%), Short IPGP (14.84%)
      Combined: -0.91%, Portfolio: $545,593

166/223: 2022-06-03: Added=KDP, Removed=UAA
  Holding Period End Date: 2022-06-17
  ✓ S1: KDP -1.66%, Portfolio: $139,876
  ✓ S2: Long KDP (-1.66%), Short UAA (20.09%)
      Combined: 9.21%, Portfolio: $595,860

167/223: 2022-06-03: Added=nan, Removed=UA
  Holding Period End Date: 2022-06-17

168/223: 2022-09-02: Added=CSGP, Removed=PVH
  Holding Period End Date: 2022-09-19
  ✓ S1: CSGP 1.66%, Portfolio: $142,204
  ✓ S2: Long CSGP (1.66%), Short PVH (-0.80%)
      Combined: 0.43%, Portfolio: $598,446

169/223: 2022-09-02: Added=INVH, Removed=PENN
  Holding Period End Date: 2022-09-19
  ✓ S1: INVH 0.71%, Portfolio: $143,218
  ✓ S2: Long INVH (0.71%), Short PENN (-0.35%)
      Combined: 0.18%, Portfolio: $599,531

170/223: 2022-09-23: Added=PCG, Removed=CTXS
  Holding Period End Date: 2022-10-07
  ✓ S1: PCG 18.40%, Portfolio: $169,568
    YFinance output for CTXS: 1 Failed download:
['CTXS']: YFTzMissingError('possibly delisted; no timezone found')
    Warning: No data found for CTXS
  ✗ S2: Insufficient data for PCG/CTXS

171/223: 2022-09-23: Added=EQT, Removed=DRE
  Holding Period End Date: 2022-10-07
  ✓ S1: EQT 4.63%, Portfolio: $177,417
    YFinance output for DRE: 1 Failed download:
['DRE']: YFTzMissingError('possibly delisted; no timezone found')
    Warning: No data found for DRE
  ✗ S2: Insufficient data for EQT/DRE

172/223: 2022-10-06: Added=TRGP, Removed=NLSN
  Holding Period End Date: 2022-10-20
  ✓ S1: TRGP 1.39%, Portfolio: $179,879
    YFinance output for NLSN: 1 Failed download:
['NLSN']: YFTzMissingError('possibly delisted; no timezone found')
    Warning: No data found for NLSN
  ✗ S2: Insufficient data for TRGP/NLSN

173/223: 2022-10-27: Added=ACGL, Removed=TWTR
  Holding Period End Date: 2022-11-10
  ✓ S1: ACGL 12.98%, Portfolio: $203,229
    YFinance output for TWTR: 1 Failed download:
['TWTR']: YFTzMissingError('possibly delisted; no timezone found')
    Warning: No data found for TWTR
  ✗ S2: Insufficient data for ACGL/TWTR

174/223: 2022-12-12: Added=FSLR, Removed=FBHS
  Holding Period End Date: 2022-12-27
  ✓ S1: FSLR -0.04%, Portfolio: $203,148
    YFinance output for FBHS: 1 Failed download:
['FBHS']: YFTzMissingError('possibly delisted; no timezone found')
    Warning: No data found for FBHS
  ✗ S2: Insufficient data for FSLR/FBHS

175/223: 2022-12-12: Added=nan, Removed=MBC
  Holding Period End Date: 2022-12-27

176/223: 2022-12-12: Added=MBC, Removed=nan
  Holding Period End Date: 2022-12-27
  ✓ S1: MBC -9.29%, Portfolio: $184,267

177/223: 2022-12-19: Added=STLD, Removed=ABMD
  Holding Period End Date: 2023-01-04
  ✓ S1: STLD -2.46%, Portfolio: $179,743
    YFinance output for ABMD: 1 Failed download:
['ABMD']: YFTzMissingError('possibly delisted; no timezone found')
    Warning: No data found for ABMD
  ✗ S2: Insufficient data for STLD/ABMD

178/223: 2022-12-28: Added=GEHC, Removed=nan
  Holding Period End Date: 2023-01-12
  ✓ S1: GEHC 14.17%, Portfolio: $205,220

179/223: 2022-12-28: Added=nan, Removed=VNO
  Holding Period End Date: 2023-01-12

180/223: 2023-03-03: Added=FICO, Removed=LUMN
  Holding Period End Date: 2023-03-17
  ✓ S1: FICO -7.13%, Portfolio: $190,586
  ✓ S2: Long FICO (-7.13%), Short LUMN (27.82%)
      Combined: 10.35%, Portfolio: $661,558

181/223: 2023-03-10: Added=PODD, Removed=SIVB
  Holding Period End Date: 2023-03-24
  ✓ S1: PODD 10.63%, Portfolio: $210,850
    YFinance output for SIVB: 1 Failed download:
['SIVB']: YFTzMissingError('possibly delisted; no timezone found')
    Warning: No data found for SIVB
  ✗ S2: Insufficient data for PODD/SIVB

182/223: 2023-03-13: Added=BG, Removed=SBNY
  Holding Period End Date: 2023-03-27
  ✓ S1: BG 4.86%, Portfolio: $221,094
    YFinance output for SBNY: 1 Failed download:
['SBNY']: YFPricesMissingError('possibly delisted; no price data found  (1d 2023-03-13 00:00:00 -> 2023-03-28) (Yahoo error = "Data doesn\'t exist for startDate = 1678680000, endDate = 1679976000")')
    Warning: No data found for SBNY
  ✗ S2: Insufficient data for BG/SBNY

183/223: 2023-05-01: Added=AXON, Removed=FRC
  Holding Period End Date: 2023-05-15
  ✓ S1: AXON -5.80%, Portfolio: $208,269
    YFinance output for FRC: 1 Failed download:
['FRC']: YFTzMissingError('possibly delisted; no timezone found')
    Warning: No data found for FRC
  ✗ S2: Insufficient data for AXON/FRC

184/223: 2023-06-02: Added=PANW, Removed=DISH
  Holding Period End Date: 2023-06-16
  ✓ S1: PANW 13.48%, Portfolio: $236,349
    YFinance output for DISH: 1 Failed download:
['DISH']: YFTzMissingError('possibly delisted; no timezone found')
    Warning: No data found for DISH
  ✗ S2: Insufficient data for PANW/DISH

185/223: 2023-08-21: Added=nan, Removed=TEL
  Holding Period End Date: 2023-09-05

186/223: 2023-08-21: Added=KVUE, Removed=AAP
  Holding Period End Date: 2023-09-05
  ✓ S1: KVUE -0.42%, Portfolio: $235,345
  ✓ S2: Long KVUE (-0.42%), Short AAP (0.95%)
      Combined: 0.26%, Portfolio: $663,286

187/223: 2023-08-21: Added=PCS, Removed=nan
  Holding Period End Date: 2023-09-05
    YFinance output for PCS: 1 Failed download:
['PCS']: YFPricesMissingError('possibly delisted; no price data found  (1d 2023-08-21 00:00:00 -> 2023-09-06) (Yahoo error = "Data doesn\'t exist for startDate = 1692590400, endDate = 1693972800")')
    Warning: No data found for PCS
  ✗ S1: Insufficient data for PCS

188/223: 2023-09-14: Added=BX, Removed=LNC
  Holding Period End Date: 2023-09-28
  ✓ S1: BX -3.97%, Portfolio: $225,991
  ✓ S2: Long BX (-3.97%), Short LNC (7.12%)
      Combined: 1.58%, Portfolio: $673,734

189/223: 2023-09-14: Added=ABNB, Removed=NWL
  Holding Period End Date: 2023-09-28
  ✓ S1: ABNB -5.31%, Portfolio: $213,995
  ✓ S2: Long ABNB (-5.31%), Short NWL (11.72%)
      Combined: 3.21%, Portfolio: $695,347

190/223: 2023-09-28: Added=VLTO, Removed=nan
  Holding Period End Date: 2023-10-12
  ✓ S1: VLTO -4.59%, Portfolio: $204,176

191/223: 2023-09-28: Added=nan, Removed=DXC
  Holding Period End Date: 2023-10-12

192/223: 2023-10-13: Added=LULU, Removed=ATVI
  Holding Period End Date: 2023-10-27
  ✓ S1: LULU 2.42%, Portfolio: $209,111
    YFinance output for ATVI: 1 Failed download:
['ATVI']: YFTzMissingError('possibly delisted; no timezone found')
    Warning: No data found for ATVI
  ✗ S2: Insufficient data for LULU/ATVI

193/223: 2023-10-13: Added=HUBB, Removed=OGN
  Holding Period End Date: 2023-10-27
  ✓ S1: HUBB -4.67%, Portfolio: $199,343
  ✓ S2: Long HUBB (-4.67%), Short OGN (15.78%)
      Combined: 5.55%, Portfolio: $733,954

194/223: 2023-12-01: Added=UBER, Removed=SEE
  Holding Period End Date: 2023-12-15
  ✓ S1: UBER 7.86%, Portfolio: $215,020
  ✓ S2: Long UBER (7.86%), Short SEE (-4.59%)
      Combined: 1.64%, Portfolio: $745,955

195/223: 2023-12-01: Added=BLDR, Removed=SEDG
  Holding Period End Date: 2023-12-15
  ✓ S1: BLDR 16.68%, Portfolio: $250,882
  ✓ S2: Long BLDR (16.68%), Short SEDG (-15.07%)
      Combined: 0.80%, Portfolio: $751,939

196/223: 2023-12-01: Added=JBL, Removed=ALK
  Holding Period End Date: 2023-12-15
  ✓ S1: JBL 13.69%, Portfolio: $285,217
  ✓ S2: Long JBL (13.69%), Short ALK (2.00%)
      Combined: 7.84%, Portfolio: $810,922

197/223: 2024-03-01: Added=SMCI, Removed=WHR
  Holding Period End Date: 2024-03-15
  ✓ S1: SMCI 18.04%, Portfolio: $336,671
  ✓ S2: Long SMCI (18.04%), Short WHR (1.61%)
      Combined: 9.82%, Portfolio: $890,587

198/223: 2024-03-01: Added=DECK, Removed=ZION
  Holding Period End Date: 2024-03-15
  ✓ S1: DECK 0.72%, Portfolio: $339,097
  ✓ S2: Long DECK (0.72%), Short ZION (-2.56%)
      Combined: -0.92%, Portfolio: $882,381

199/223: 2024-03-27: Added=SOLV, Removed=nan
  Holding Period End Date: 2024-04-11
  ✓ S1: SOLV -15.77%, Portfolio: $285,610

200/223: 2024-03-27: Added=GEV, Removed=nan
  Holding Period End Date: 2024-04-11
  ✓ S1: GEV 4.05%, Portfolio: $297,187

201/223: 2024-03-27: Added=nan, Removed=XRAY
  Holding Period End Date: 2024-04-11

202/223: 2024-03-27: Added=nan, Removed=VFC
  Holding Period End Date: 2024-04-11

203/223: 2024-05-03: Added=VST, Removed=PXD
  Holding Period End Date: 2024-05-17
  ✓ S1: VST 15.45%, Portfolio: $343,102
    YFinance output for PXD: 1 Failed download:
['PXD']: YFTzMissingError('possibly delisted; no timezone found')
    Warning: No data found for PXD
  ✗ S2: Insufficient data for VST/PXD

204/223: 2024-06-07: Added=KKR, Removed=RHI
  Holding Period End Date: 2024-06-24
  ✓ S1: KKR 9.67%, Portfolio: $376,295
  ✓ S2: Long KKR (9.67%), Short RHI (-4.64%)
      Combined: 2.52%, Portfolio: $904,586

205/223: 2024-06-07: Added=CRWD, Removed=CMA
  Holding Period End Date: 2024-06-24
  ✓ S1: CRWD 8.25%, Portfolio: $407,347
  ✓ S2: Long CRWD (8.25%), Short CMA (-2.43%)
      Combined: 2.91%, Portfolio: $930,928

206/223: 2024-06-07: Added=GDDY, Removed=ILMN
  Holding Period End Date: 2024-06-24
  ✓ S1: GDDY -0.68%, Portfolio: $404,570
  ✓ S2: Long GDDY (-0.68%), Short ILMN (3.14%)
      Combined: 1.23%, Portfolio: $942,364

207/223: 2024-09-06: Added=ERIE, Removed=BIO
  Holding Period End Date: 2024-09-20
  ✓ S1: ERIE 2.91%, Portfolio: $416,325
  ✓ S2: Long ERIE (2.91%), Short BIO (-0.08%)
      Combined: 1.41%, Portfolio: $955,683

208/223: 2024-09-06: Added=DELL, Removed=ETSY
  Holding Period End Date: 2024-09-20
  ✓ S1: DELL 15.20%, Portfolio: $479,590
  ✓ S2: Long DELL (15.20%), Short ETSY (-1.34%)
      Combined: 6.93%, Portfolio: $1,021,914

209/223: 2024-09-06: Added=PLTR, Removed=AAL
  Holding Period End Date: 2024-09-20
  ✓ S1: PLTR 22.65%, Portfolio: $588,221
  ✓ S2: Long PLTR (22.65%), Short AAL (-1.91%)
      Combined: 10.37%, Portfolio: $1,127,904

210/223: 2024-09-24: Added=AMTM, Removed=nan
  Holding Period End Date: 2024-10-08
    YFinance output for AMTM: 1 Failed download:
['AMTM']: Timeout('Failed to perform, curl: (28) Connection timed out after 10001 milliseconds. See https://curl.se/libcurl/c/libcurl-errors.html first for more details.')
    Warning: No data found for AMTM
  ✗ S1: Insufficient data for AMTM

211/223: 2024-09-24: Added=nan, Removed=BBWI
  Holding Period End Date: 2024-10-08

212/223: 2024-11-21: Added=TPL, Removed=MRO
  Holding Period End Date: 2024-12-06
  ✓ S1: TPL -11.60%, Portfolio: $520,007
    YFinance output for MRO: 1 Failed download:
['MRO']: YFTzMissingError('possibly delisted; no timezone found')
    Warning: No data found for MRO
  ✗ S2: Insufficient data for TPL/MRO

213/223: 2024-12-06: Added=WDAY, Removed=AMTM
  Holding Period End Date: 2024-12-20
  ✓ S1: WDAY 2.48%, Portfolio: $532,928
  ✓ S2: Long WDAY (2.48%), Short AMTM (20.87%)
      Combined: 11.68%, Portfolio: $1,259,591

214/223: 2024-12-06: Added=APO, Removed=QRVO
  Holding Period End Date: 2024-12-20
  ✓ S1: APO -3.83%, Portfolio: $512,492
  ✓ S2: Long APO (-3.83%), Short QRVO (-3.56%)
      Combined: -3.70%, Portfolio: $1,213,040

215/223: 2024-12-18: Added=LII, Removed=CTLT
  Holding Period End Date: 2025-01-03
  ✓ S1: LII -3.83%, Portfolio: $492,854
    YFinance output for CTLT: 1 Failed download:
['CTLT']: YFTzMissingError('possibly delisted; no timezone found')
    Warning: No data found for CTLT
  ✗ S2: Insufficient data for LII/CTLT

216/223: 2025-03-07: Added=EXE, Removed=FMC
  Holding Period End Date: 2025-03-21
  ✓ S1: EXE 12.44%, Portfolio: $554,167
  ✓ S2: Long EXE (12.44%), Short FMC (-0.53%)
      Combined: 5.96%, Portfolio: $1,285,279

217/223: 2025-03-07: Added=WSM, Removed=CE
  Holding Period End Date: 2025-03-21
  ✓ S1: WSM -13.14%, Portfolio: $481,341
  ✓ S2: Long WSM (-13.14%), Short CE (-3.12%)
      Combined: -8.13%, Portfolio: $1,180,793

218/223: 2025-03-07: Added=TKO, Removed=TFX
  Holding Period End Date: 2025-03-21
  ✓ S1: TKO 4.56%, Portfolio: $503,294
  ✓ S2: Long TKO (4.56%), Short TFX (-1.21%)
      Combined: 1.68%, Portfolio: $1,200,589

219/223: 2025-03-07: Added=DASH, Removed=BWA
  Holding Period End Date: 2025-03-21
  ✓ S1: DASH 7.04%, Portfolio: $538,735
  ✓ S2: Long DASH (7.04%), Short BWA (3.87%)
      Combined: 5.45%, Portfolio: $1,266,077

220/223: 2025-05-12: Added=COIN, Removed=DFS
  Holding Period End Date: 2025-05-27
  ✓ S1: COIN 28.56%, Portfolio: $692,593
    YFinance output for DFS: 1 Failed download:
['DFS']: YFTzMissingError('possibly delisted; no timezone found')
    Warning: No data found for DFS
  ✗ S2: Insufficient data for COIN/DFS

221/223: 2025-07-02: Added=DDOG, Removed=JNPR
  Holding Period End Date: 2025-07-17
  ✓ S1: DDOG 6.03%, Portfolio: $734,350
  ✗ S2: Insufficient data for DDOG/JNPR

222/223: 2025-07-14: Added=TTD, Removed=ANSS
  Holding Period End Date: 2025-07-28
  ✓ S1: TTD 17.27%, Portfolio: $861,204
  ✓ S2: Long TTD (17.27%), Short ANSS (3.09%)
      Combined: 10.18%, Portfolio: $1,394,964

223/223: 2025-07-18: Added=XYZ, Removed=HES
  Holding Period End Date: 2025-08-01
  ✓ S1: XYZ 1.66%, Portfolio: $875,514
  ✗ S2: Insufficient data for XYZ/HES

============================================================
FINAL RESULTS
Strategy 1: 185 successful trades, Final: $875,514 (-12.45%)
Strategy 2: 81 successful trades, Final: $1,394,964 (39.50%)
Completed: 2025-08-23 20:29:15
