S&P 500 Index Update Trading Strategy Analysis
Holding Period: 8 trading days
Date Range: 2015-07-02 to 2025-07-18
Timestamp: 2025-08-23 20:04:34
============================================================

1/223: 2015-07-02: Added=KHC, Removed=KRFT
  Holding Period End Date: 2015-07-15
  ✓ S1: KHC 5.14%, Portfolio: $1,051,398
    YFinance output for KRFT: 1 Failed download:
['KRFT']: YFPricesMissingError('possibly delisted; no price data found  (1d 2015-07-02 00:00:00 -> 2015-07-16)')
    Warning: No data found for KRFT
  ✗ S2: Insufficient data for KHC/KRFT

2/223: 2015-07-06: Added=AAP, Removed=FDO
  Holding Period End Date: 2015-07-16
  ✓ S1: AAP 3.63%, Portfolio: $1,089,615
    YFinance output for FDO: 1 Failed download:
['FDO']: YFPricesMissingError('possibly delisted; no price data found  (1d 2015-07-06 00:00:00 -> 2015-07-17)')
    Warning: No data found for FDO
  ✗ S2: Insufficient data for AAP/FDO

3/223: 2015-07-14: Added=PYPL, Removed=NE
  Holding Period End Date: 2015-07-24
  ✓ S1: PYPL 0.19%, Portfolio: $1,091,680
    YFinance output for NE: 1 Failed download:
['NE']: YFPricesMissingError('possibly delisted; no price data found  (1d 2015-07-14 00:00:00 -> 2015-07-27) (Yahoo error = "Data doesn\'t exist for startDate = 1436846400, endDate = 1437969600")')
    Warning: No data found for NE
  ✗ S2: Insufficient data for PYPL/NE

4/223: 2015-07-24: Added=SIG, Removed=DTV
  Holding Period End Date: 2015-08-05
  ✓ S1: SIG 0.96%, Portfolio: $1,102,149
    YFinance output for DTV: 1 Failed download:
['DTV']: YFTzMissingError('possibly delisted; no timezone found')
    Warning: No data found for DTV
  ✗ S2: Insufficient data for SIG/DTV

5/223: 2015-08-27: Added=ATVI, Removed=PLL
  Holding Period End Date: 2015-09-09
    YFinance output for ATVI: 1 Failed download:
['ATVI']: YFTzMissingError('possibly delisted; no timezone found')
    Warning: No data found for ATVI
  ✗ S1: Insufficient data for ATVI
    YFinance output for ATVI: 1 Failed download:
['ATVI']: YFTzMissingError('possibly delisted; no timezone found')
    Warning: No data found for ATVI
    YFinance output for PLL: 1 Failed download:
['PLL']: YFPricesMissingError('possibly delisted; no price data found  (1d 2015-08-27 00:00:00 -> 2015-09-10) (Yahoo error = "Data doesn\'t exist for startDate = 1440648000, endDate = 1441857600")')
    Warning: No data found for PLL
  ✗ S2: Insufficient data for ATVI/PLL

6/223: 2015-08-27: Added=UAL, Removed=HSP
  Holding Period End Date: 2015-09-09
  ✓ S1: UAL 8.08%, Portfolio: $1,191,172
    YFinance output for HSP: 1 Failed download:
['HSP']: YFPricesMissingError('possibly delisted; no price data found  (1d 2015-08-27 00:00:00 -> 2015-09-10)')
    Warning: No data found for HSP
  ✗ S2: Insufficient data for UAL/HSP

7/223: 2015-09-30: Added=VRSK, Removed=JOY
  Holding Period End Date: 2015-10-12
  ✓ S1: VRSK 10.22%, Portfolio: $1,312,852
    YFinance output for JOY: 1 Failed download:
['JOY']: YFPricesMissingError('possibly delisted; no price data found  (1d 2015-09-30 00:00:00 -> 2015-10-13)')
    Warning: No data found for JOY
  ✗ S2: Insufficient data for VRSK/JOY

8/223: 2015-10-27: Added=HPE, Removed=HCBK
  Holding Period End Date: 2015-11-06
  ✓ S1: HPE -8.46%, Portfolio: $1,201,848
    YFinance output for HCBK: 1 Failed download:
['HCBK']: YFPricesMissingError('possibly delisted; no price data found  (1d 2015-10-27 00:00:00 -> 2015-11-09)')
    Warning: No data found for HCBK
  ✗ S2: Insufficient data for HPE/HCBK

9/223: 2015-11-09: Added=SYF, Removed=GNW
  Holding Period End Date: 2015-11-19
  ✓ S1: SYF -2.68%, Portfolio: $1,169,696
  ✓ S2: Long SYF (-2.68%), Short GNW (-0.63%)
      Combined: -1.65%, Portfolio: $983,486

10/223: 2015-11-12: Added=ILMN, Removed=SIAL
  Holding Period End Date: 2015-11-24
  ✓ S1: ILMN 13.45%, Portfolio: $1,327,020
    YFinance output for SIAL: 1 Failed download:
['SIAL']: YFPricesMissingError('possibly delisted; no price data found  (1d 2015-11-12 00:00:00 -> 2015-11-25)')
    Warning: No data found for SIAL
  ✗ S2: Insufficient data for ILMN/SIAL

11/223: 2015-11-23: Added=CSRA, Removed=CSC
  Holding Period End Date: 2015-12-04
  ✓ S1: CSRA -10.63%, Portfolio: $1,185,935
  ✓ S2: Long CSRA (-10.63%), Short CSC (0.00%)
      Combined: -5.32%, Portfolio: $931,205

12/223: 2015-12-15: Added=nan, Removed=CMCSK
  Holding Period End Date: 2015-12-28

13/223: 2015-12-22: Added=CHD, Removed=ALTR
  Holding Period End Date: 2016-01-05
  ✓ S1: CHD -2.96%, Portfolio: $1,150,772
    YFinance output for ALTR: 1 Failed download:
['ALTR']: YFTzMissingError('possibly delisted; no timezone found')
    Warning: No data found for ALTR
  ✗ S2: Insufficient data for CHD/ALTR

14/223: 2015-12-28: Added=WLTW, Removed=FOSL
  Holding Period End Date: 2016-01-08
    YFinance output for WLTW: 1 Failed download:
['WLTW']: YFTzMissingError('possibly delisted; no timezone found')
    Warning: No data found for WLTW
  ✗ S1: Insufficient data for WLTW
    YFinance output for WLTW: 1 Failed download:
['WLTW']: YFTzMissingError('possibly delisted; no timezone found')
    Warning: No data found for WLTW
  ✗ S2: Insufficient data for WLTW/FOSL

15/223: 2016-01-13: Added=EXR, Removed=ACE
  Holding Period End Date: 2016-01-26
  ✓ S1: EXR 1.02%, Portfolio: $1,162,466
    YFinance output for ACE: 1 Failed download:
['ACE']: YFPricesMissingError('possibly delisted; no price data found  (1d 2016-01-13 00:00:00 -> 2016-01-27) (Yahoo error = "Data doesn\'t exist for startDate = 1452661200, endDate = 1453870800")')
    Warning: No data found for ACE
  ✗ S2: Insufficient data for EXR/ACE

16/223: 2016-01-22: Added=FRT, Removed=BRCM
  Holding Period End Date: 2016-02-03
  ✓ S1: FRT 1.36%, Portfolio: $1,178,322
    YFinance output for BRCM: 1 Failed download:
['BRCM']: YFPricesMissingError('possibly delisted; no price data found  (1d 2016-01-22 00:00:00 -> 2016-02-04)')
    Warning: No data found for BRCM
  ✗ S2: Insufficient data for FRT/BRCM

17/223: 2016-01-26: Added=CFG, Removed=PCP
  Holding Period End Date: 2016-02-05
  ✓ S1: CFG -1.70%, Portfolio: $1,158,344
    YFinance output for PCP: 1 Failed download:
['PCP']: YFPricesMissingError('possibly delisted; no price data found  (1d 2016-01-26 00:00:00 -> 2016-02-08) (Yahoo error = "Data doesn\'t exist for startDate = 1453784400, endDate = 1454907600")')
    Warning: No data found for PCP
  ✗ S2: Insufficient data for CFG/PCP

18/223: 2016-02-16: Added=CXO, Removed=PCL
  Holding Period End Date: 2016-02-26
    YFinance output for CXO: 1 Failed download:
['CXO']: YFTzMissingError('possibly delisted; no timezone found')
    Warning: No data found for CXO
  ✗ S1: Insufficient data for CXO
    YFinance output for CXO: 1 Failed download:
['CXO']: YFTzMissingError('possibly delisted; no timezone found')
    Warning: No data found for CXO
    YFinance output for PCL: 1 Failed download:
['PCL']: YFPricesMissingError('possibly delisted; no price data found  (1d 2016-02-16 00:00:00 -> 2016-02-29) (Yahoo error = "Data doesn\'t exist for startDate = 1455598800, endDate = 1456722000")')
    Warning: No data found for PCL
  ✗ S2: Insufficient data for CXO/PCL

19/223: 2016-03-01: Added=AWK, Removed=CNX
  Holding Period End Date: 2016-03-11
  ✓ S1: AWK 4.30%, Portfolio: $1,208,190
  ✓ S2: Long AWK (4.30%), Short CNX (-22.65%)
      Combined: -9.17%, Portfolio: $845,784

20/223: 2016-03-04: Added=UDR, Removed=GMCR
  Holding Period End Date: 2016-03-16
  ✓ S1: UDR 7.54%, Portfolio: $1,299,256
    YFinance output for GMCR: 1 Failed download:
['GMCR']: YFPricesMissingError('possibly delisted; no price data found  (1d 2016-03-04 00:00:00 -> 2016-03-17)')
    Warning: No data found for GMCR
  ✗ S2: Insufficient data for UDR/GMCR

21/223: 2016-03-24: Added=CNC, Removed=ESV
  Holding Period End Date: 2016-04-06
  ✓ S1: CNC -3.61%, Portfolio: $1,252,389
    YFinance output for ESV: 1 Failed download:
['ESV']: YFTzMissingError('possibly delisted; no timezone found')
    Warning: No data found for ESV
  ✗ S2: Insufficient data for CNC/ESV

22/223: 2016-03-24: Added=HOLX, Removed=POM
  Holding Period End Date: 2016-04-06
  ✓ S1: HOLX 4.08%, Portfolio: $1,303,432
    YFinance output for POM: 1 Failed download:
['POM']: YFPricesMissingError('possibly delisted; no price data found  (1d 2016-03-24 00:00:00 -> 2016-04-07)')
    Warning: No data found for POM
  ✗ S2: Insufficient data for HOLX/POM

23/223: 2016-03-28: Added=FL, Removed=CAM
  Holding Period End Date: 2016-04-07
  ✓ S1: FL -4.34%, Portfolio: $1,246,857
    YFinance output for CAM: 1 Failed download:
['CAM']: YFPricesMissingError('possibly delisted; no price data found  (1d 2016-03-28 00:00:00 -> 2016-04-08)')
    Warning: No data found for CAM
  ✗ S2: Insufficient data for FL/CAM

24/223: 2016-04-07: Added=ULTA, Removed=THC
  Holding Period End Date: 2016-04-19
  ✓ S1: ULTA 5.11%, Portfolio: $1,310,574
  ✓ S2: Long ULTA (5.11%), Short THC (-9.63%)
      Combined: -2.26%, Portfolio: $826,673

25/223: 2016-04-19: Added=GPN, Removed=GME
  Holding Period End Date: 2016-04-29
  ✓ S1: GPN -5.77%, Portfolio: $1,234,951
  ✓ S2: Long GPN (-5.77%), Short GME (-1.07%)
      Combined: -3.42%, Portfolio: $798,412

26/223: 2016-04-26: Added=AYI, Removed=ADT
  Holding Period End Date: 2016-05-06
  ✓ S1: AYI -4.28%, Portfolio: $1,182,130
    YFinance output for ADT: 1 Failed download:
['ADT']: YFPricesMissingError('possibly delisted; no price data found  (1d 2016-04-26 00:00:00 -> 2016-05-09) (Yahoo error = "Data doesn\'t exist for startDate = 1461643200, endDate = 1462766400")')
    Warning: No data found for ADT
  ✗ S2: Insufficient data for AYI/ADT

27/223: 2016-05-10: Added=ALK, Removed=SNDK
  Holding Period End Date: 2016-05-20
  ✓ S1: ALK -5.55%, Portfolio: $1,116,577
    YFinance output for SNDK: 1 Failed download:
['SNDK']: YFPricesMissingError('possibly delisted; no price data found  (1d 2016-05-10 00:00:00 -> 2016-05-23) (Yahoo error = "Data doesn\'t exist for startDate = 1462852800, endDate = 1463976000")')
    Warning: No data found for SNDK
  ✗ S2: Insufficient data for ALK/SNDK

28/223: 2016-05-13: Added=DLR, Removed=TWC
  Holding Period End Date: 2016-05-25
  ✓ S1: DLR 0.72%, Portfolio: $1,124,621
    YFinance output for TWC: 1 Failed download:
['TWC']: YFPricesMissingError('possibly delisted; no price data found  (1d 2016-05-13 00:00:00 -> 2016-05-26)')
    Warning: No data found for TWC
  ✗ S2: Insufficient data for DLR/TWC

29/223: 2016-05-18: Added=LKQ, Removed=ARG
  Holding Period End Date: 2016-05-31
  ✓ S1: LKQ 3.38%, Portfolio: $1,162,588
    YFinance output for ARG: 1 Failed download:
['ARG']: YFPricesMissingError('possibly delisted; no price data found  (1d 2016-05-18 00:00:00 -> 2016-06-01) (Yahoo error = "Data doesn\'t exist for startDate = 1463544000, endDate = 1464753600")')
    Warning: No data found for ARG
  ✗ S2: Insufficient data for LKQ/ARG

30/223: 2016-05-24: Added=AJG, Removed=CCE
  Holding Period End Date: 2016-06-06
  ✓ S1: AJG 0.14%, Portfolio: $1,164,255
    YFinance output for CCE: 1 Failed download:
['CCE']: YFPricesMissingError('possibly delisted; no price data found  (1d 2016-05-24 00:00:00 -> 2016-06-07)')
    Warning: No data found for CCE
  ✗ S2: Insufficient data for AJG/CCE

31/223: 2016-05-27: Added=TDG, Removed=BXLT
  Holding Period End Date: 2016-06-09
  ✓ S1: TDG 4.01%, Portfolio: $1,210,922
    YFinance output for BXLT: 1 Failed download:
['BXLT']: YFPricesMissingError('possibly delisted; no price data found  (1d 2016-05-27 00:00:00 -> 2016-06-10)')
    Warning: No data found for BXLT
  ✗ S2: Insufficient data for TDG/BXLT

32/223: 2016-06-21: Added=FBHS, Removed=CVC
  Holding Period End Date: 2016-07-01
    YFinance output for FBHS: 1 Failed download:
['FBHS']: YFTzMissingError('possibly delisted; no timezone found')
    Warning: No data found for FBHS
  ✗ S1: Insufficient data for FBHS
    YFinance output for FBHS: 1 Failed download:
['FBHS']: YFTzMissingError('possibly delisted; no timezone found')
    Warning: No data found for FBHS
    YFinance output for CVC: 1 Failed download:
['CVC']: YFPricesMissingError('possibly delisted; no price data found  (1d 2016-06-21 00:00:00 -> 2016-07-05)')
    Warning: No data found for CVC
  ✗ S2: Insufficient data for FBHS/CVC

33/223: 2016-06-23: Added=FTV, Removed=CPGX
  Holding Period End Date: 2016-07-06
  ✓ S1: FTV -1.75%, Portfolio: $1,189,743
    YFinance output for CPGX: 1 Failed download:
['CPGX']: YFPricesMissingError('possibly delisted; no price data found  (1d 2016-06-23 00:00:00 -> 2016-07-07)')
    Warning: No data found for CPGX
  ✗ S2: Insufficient data for FTV/CPGX

34/223: 2016-06-23: Added=ALB, Removed=TE
  Holding Period End Date: 2016-07-06
  ✓ S1: ALB -4.19%, Portfolio: $1,139,842
    YFinance output for TE: 1 Failed download:
['TE']: YFPricesMissingError('possibly delisted; no price data found  (1d 2016-06-23 00:00:00 -> 2016-07-07) (Yahoo error = "Data doesn\'t exist for startDate = 1466654400, endDate = 1467864000")')
    Warning: No data found for TE
  ✗ S2: Insufficient data for ALB/TE

35/223: 2016-06-29: Added=LNT, Removed=GAS
  Holding Period End Date: 2016-07-12
  ✓ S1: LNT -1.21%, Portfolio: $1,126,102
  ✓ S2: Long LNT (-1.21%), Short GAS (-3.88%)
      Combined: -2.54%, Portfolio: $778,127

36/223: 2016-08-25: Added=MTD, Removed=TYC
  Holding Period End Date: 2016-09-07
  ✓ S1: MTD 0.44%, Portfolio: $1,131,051
    YFinance output for TYC: 1 Failed download:
['TYC']: YFPricesMissingError('possibly delisted; no price data found  (1d 2016-08-25 00:00:00 -> 2016-09-08)')
    Warning: No data found for TYC
  ✗ S2: Insufficient data for MTD/TYC

37/223: 2016-08-31: Added=CHTR, Removed=EMC
  Holding Period End Date: 2016-09-13
  ✓ S1: CHTR 3.02%, Portfolio: $1,165,175
    YFinance output for EMC: 1 Failed download:
['EMC']: YFPricesMissingError('possibly delisted; no price data found  (1d 2016-08-31 00:00:00 -> 2016-09-14) (Yahoo error = "Data doesn\'t exist for startDate = 1472616000, endDate = 1473825600")')
    Warning: No data found for EMC
  ✗ S2: Insufficient data for CHTR/EMC

38/223: 2016-09-10: Added=COO, Removed=HOT
  Holding Period End Date: 2016-09-22
  ✓ S1: COO -1.20%, Portfolio: $1,151,198
  ✓ S2: Long COO (-1.20%), Short HOT (-2.50%)
      Combined: -1.85%, Portfolio: $763,724

39/223: 2016-09-27: Added=COTY, Removed=DO
  Holding Period End Date: 2016-10-07
  ✓ S1: COTY 0.68%, Portfolio: $1,159,053
    YFinance output for DO: 1 Failed download:
['DO']: YFTzMissingError('possibly delisted; no timezone found')
    Warning: No data found for DO
  ✗ S2: Insufficient data for COTY/DO

40/223: 2016-11-29: Added=MAA, Removed=OI
  Holding Period End Date: 2016-12-09
  ✓ S1: MAA -0.62%, Portfolio: $1,151,886
  ✓ S2: Long MAA (-0.62%), Short OI (-2.27%)
      Combined: -1.44%, Portfolio: $752,703

41/223: 2016-11-29: Added=EVHC, Removed=LM
  Holding Period End Date: 2016-12-09
  ✓ S1: EVHC 6.38%, Portfolio: $1,225,396
    YFinance output for LM: 1 Failed download:
['LM']: YFTzMissingError('possibly delisted; no timezone found')
    Warning: No data found for LM
  ✗ S2: Insufficient data for EVHC/LM

42/223: 2017-01-03: Added=IDXX, Removed=STJ
  Holding Period End Date: 2017-01-13
  ✓ S1: IDXX 2.72%, Portfolio: $1,258,741
    YFinance output for STJ: 1 Failed download:
['STJ']: YFPricesMissingError('possibly delisted; no price data found  (1d 2017-01-03 00:00:00 -> 2017-01-17)')
    Warning: No data found for STJ
  ✗ S2: Insufficient data for IDXX/STJ

43/223: 2017-02-23: Added=INCY, Removed=SE
  Holding Period End Date: 2017-03-07
  ✓ S1: INCY 9.38%, Portfolio: $1,376,822
    YFinance output for SE: 1 Failed download:
['SE']: YFPricesMissingError('possibly delisted; no price data found  (1d 2017-02-23 00:00:00 -> 2017-03-08) (Yahoo error = "Data doesn\'t exist for startDate = 1487826000, endDate = 1488949200")')
    Warning: No data found for SE
  ✗ S2: Insufficient data for INCY/SE

44/223: 2017-02-23: Added=CBOE, Removed=PBI
  Holding Period End Date: 2017-03-07
  ✓ S1: CBOE -2.54%, Portfolio: $1,341,835
  ✓ S2: Long CBOE (-2.54%), Short PBI (4.23%)
      Combined: 0.84%, Portfolio: $759,045

45/223: 2017-02-23: Added=REG, Removed=ENDP
  Holding Period End Date: 2017-03-07
  ✓ S1: REG -7.37%, Portfolio: $1,242,923
    YFinance output for ENDP: 1 Failed download:
['ENDP']: YFTzMissingError('possibly delisted; no timezone found')
    Warning: No data found for ENDP
  ✗ S2: Insufficient data for REG/ENDP

46/223: 2017-03-06: Added=DISH, Removed=LLTC
  Holding Period End Date: 2017-03-16
    YFinance output for DISH: 1 Failed download:
['DISH']: YFTzMissingError('possibly delisted; no timezone found')
    Warning: No data found for DISH
  ✗ S1: Insufficient data for DISH
    YFinance output for DISH: 1 Failed download:
['DISH']: YFTzMissingError('possibly delisted; no timezone found')
    Warning: No data found for DISH
    YFinance output for LLTC: 1 Failed download:
['LLTC']: YFPricesMissingError('possibly delisted; no price data found  (1d 2017-03-06 00:00:00 -> 2017-03-17)')
    Warning: No data found for LLTC
  ✗ S2: Insufficient data for DISH/LLTC

47/223: 2017-03-10: Added=ARE, Removed=FSLR
  Holding Period End Date: 2017-03-22
  ✓ S1: ARE 2.36%, Portfolio: $1,272,280
  ✓ S2: Long ARE (2.36%), Short FSLR (12.23%)
      Combined: 7.29%, Portfolio: $814,414

48/223: 2017-03-10: Added=RJF, Removed=FTR
  Holding Period End Date: 2017-03-22
  ✓ S1: RJF -6.29%, Portfolio: $1,192,221
    YFinance output for FTR: 1 Failed download:
['FTR']: YFTzMissingError('possibly delisted; no timezone found')
    Warning: No data found for FTR
  ✗ S2: Insufficient data for RJF/FTR

49/223: 2017-03-10: Added=AMD, Removed=URBN
  Holding Period End Date: 2017-03-22
  ✓ S1: AMD 1.37%, Portfolio: $1,208,506
  ✓ S2: Long AMD (1.37%), Short URBN (10.83%)
      Combined: 6.10%, Portfolio: $864,086

50/223: 2017-03-13: Added=SNPS, Removed=HAR
  Holding Period End Date: 2017-03-23
  ✓ S1: SNPS -1.21%, Portfolio: $1,193,921
  ✓ S2: Long SNPS (-1.21%), Short HAR (-4.06%)
      Combined: -2.63%, Portfolio: $841,339

51/223: 2017-03-28: Added=DXC, Removed=SWN
  Holding Period End Date: 2017-04-07
  ✓ S1: DXC 9.85%, Portfolio: $1,311,464
    YFinance output for SWN: 1 Failed download:
['SWN']: YFTzMissingError('possibly delisted; no timezone found')
    Warning: No data found for SWN
  ✗ S2: Insufficient data for DXC/SWN

52/223: 2017-03-29: Added=IT, Removed=DNB
  Holding Period End Date: 2017-04-10
  ✓ S1: IT 1.10%, Portfolio: $1,325,834
    YFinance output for DNB: 1 Failed download:
['DNB']: YFPricesMissingError('possibly delisted; no price data found  (1d 2017-03-29 00:00:00 -> 2017-04-11) (Yahoo error = "Data doesn\'t exist for startDate = 1490760000, endDate = 1491883200")')
    Warning: No data found for DNB
  ✗ S2: Insufficient data for IT/DNB

53/223: 2017-05-24: Added=INFO, Removed=TGNA
  Holding Period End Date: 2017-06-06
    YFinance output for INFO: 1 Failed download:
['INFO']: YFPricesMissingError('possibly delisted; no price data found  (1d 2017-05-24 00:00:00 -> 2017-06-07) (Yahoo error = "Data doesn\'t exist for startDate = 1495598400, endDate = 1496808000")')
    Warning: No data found for INFO
  ✗ S1: Insufficient data for INFO
    YFinance output for INFO: 1 Failed download:
['INFO']: YFPricesMissingError('possibly delisted; no price data found  (1d 2017-05-24 00:00:00 -> 2017-06-07) (Yahoo error = "Data doesn\'t exist for startDate = 1495598400, endDate = 1496808000")')
    Warning: No data found for INFO
  ✗ S2: Insufficient data for INFO/TGNA

54/223: 2017-06-09: Added=ANSS, Removed=R
  Holding Period End Date: 2017-06-21
  ✓ S1: ANSS -1.69%, Portfolio: $1,303,368
  ✓ S2: Long ANSS (-1.69%), Short R (-2.85%)
      Combined: -2.27%, Portfolio: $822,220

55/223: 2017-06-09: Added=ALGN, Removed=TDC
  Holding Period End Date: 2017-06-21
  ✓ S1: ALGN 0.38%, Portfolio: $1,308,359
  ✓ S2: Long ALGN (0.38%), Short TDC (-3.69%)
      Combined: -1.65%, Portfolio: $808,626

56/223: 2017-06-09: Added=HLT, Removed=YHOO
  Holding Period End Date: 2017-06-21
  ✓ S1: HLT 1.31%, Portfolio: $1,325,534
    YFinance output for YHOO: 1 Failed download:
['YHOO']: YFTzMissingError('possibly delisted; no timezone found')
    Warning: No data found for YHOO
  ✗ S2: Insufficient data for HLT/YHOO

57/223: 2017-06-12: Added=RE, Removed=MJN
  Holding Period End Date: 2017-06-22
    YFinance output for RE: 1 Failed download:
['RE']: YFTzMissingError('possibly delisted; no timezone found')
    Warning: No data found for RE
  ✗ S1: Insufficient data for RE
    YFinance output for RE: 1 Failed download:
['RE']: YFTzMissingError('possibly delisted; no timezone found')
    Warning: No data found for RE
    YFinance output for MJN: 1 Failed download:
['MJN']: YFPricesMissingError('possibly delisted; no price data found  (1d 2017-06-12 00:00:00 -> 2017-06-23)')
    Warning: No data found for MJN
  ✗ S2: Insufficient data for RE/MJN

58/223: 2017-06-30: Added=BKR, Removed=BHI
  Holding Period End Date: 2017-07-13
  ✓ S1: BKR -2.98%, Portfolio: $1,286,026
    YFinance output for BHI: 1 Failed download:
['BHI']: YFPricesMissingError('possibly delisted; no price data found  (1d 2017-06-30 00:00:00 -> 2017-07-14) (Yahoo error = "Data doesn\'t exist for startDate = 1498795200, endDate = 1500004800")')
    Warning: No data found for BHI
  ✗ S2: Insufficient data for BKR/BHI

59/223: 2017-07-19: Added=MGM, Removed=RAI
  Holding Period End Date: 2017-07-31
  ✓ S1: MGM 0.43%, Portfolio: $1,291,517
    YFinance output for RAI: 1 Failed download:
['RAI']: YFPricesMissingError('possibly delisted; no price data found  (1d 2017-07-19 00:00:00 -> 2017-08-01)')
    Warning: No data found for RAI
  ✗ S2: Insufficient data for MGM/RAI

60/223: 2017-07-19: Added=RMD, Removed=MNK
  Holding Period End Date: 2017-07-31
  ✓ S1: RMD -1.20%, Portfolio: $1,275,965
    YFinance output for MNK: 1 Failed download:
['MNK']: YFTzMissingError('possibly delisted; no timezone found')
    Warning: No data found for MNK
  ✗ S2: Insufficient data for RMD/MNK

61/223: 2017-07-19: Added=PKG, Removed=MUR
  Holding Period End Date: 2017-07-31
  ✓ S1: PKG -2.49%, Portfolio: $1,244,145
  ✓ S2: Long PKG (-2.49%), Short MUR (-0.94%)
      Combined: -1.72%, Portfolio: $794,740

62/223: 2017-07-19: Added=AOS, Removed=BBBY
  Holding Period End Date: 2017-07-31
  ✓ S1: AOS -6.76%, Portfolio: $1,160,065
    YFinance output for BBBY: 1 Failed download:
['BBBY']: YFTzMissingError('possibly delisted; no timezone found')
    Warning: No data found for BBBY
  ✗ S2: Insufficient data for AOS/BBBY

63/223: 2017-07-19: Added=DRE, Removed=RIG
  Holding Period End Date: 2017-07-31
    YFinance output for DRE: 1 Failed download:
['DRE']: YFTzMissingError('possibly delisted; no timezone found')
    Warning: No data found for DRE
  ✗ S1: Insufficient data for DRE
    YFinance output for DRE: 1 Failed download:
['DRE']: YFTzMissingError('possibly delisted; no timezone found')
    Warning: No data found for DRE
  ✗ S2: Insufficient data for DRE/RIG

64/223: 2017-07-31: Added=BHF, Removed=AN
  Holding Period End Date: 2017-08-10
  ✓ S1: BHF -11.36%, Portfolio: $1,028,239
  ✓ S2: Long BHF (-11.36%), Short AN (4.95%)
      Combined: -3.21%, Portfolio: $769,266

65/223: 2017-08-24: Added=Q, Removed=WFM
  Holding Period End Date: 2017-09-06
    YFinance output for Q: 1 Failed download:
['Q']: YFPricesMissingError('possibly delisted; no price data found  (1d 2017-08-24 00:00:00 -> 2017-09-07)')
    Warning: No data found for Q
  ✗ S1: Insufficient data for Q
    YFinance output for Q: 1 Failed download:
['Q']: YFPricesMissingError('possibly delisted; no price data found  (1d 2017-08-24 00:00:00 -> 2017-09-07)')
    Warning: No data found for Q
    YFinance output for WFM: 1 Failed download:
['WFM']: YFPricesMissingError('possibly delisted; no price data found  (1d 2017-08-24 00:00:00 -> 2017-09-07)')
    Warning: No data found for WFM
  ✗ S2: Insufficient data for Q/WFM

66/223: 2017-08-24: Added=SBAC, Removed=DD
  Holding Period End Date: 2017-09-06
  ✓ S1: SBAC 1.63%, Portfolio: $1,045,043
  ✓ S2: Long SBAC (1.63%), Short DD (-0.80%)
      Combined: 0.42%, Portfolio: $772,469

67/223: 2017-08-24: Added=DWDP, Removed=DOW
  Holding Period End Date: 2017-09-06
    YFinance output for DWDP: 1 Failed download:
['DWDP']: YFTzMissingError('possibly delisted; no timezone found')
    Warning: No data found for DWDP
  ✗ S1: Insufficient data for DWDP
    YFinance output for DWDP: 1 Failed download:
['DWDP']: YFTzMissingError('possibly delisted; no timezone found')
    Warning: No data found for DWDP
    YFinance output for DOW: 1 Failed download:
['DOW']: YFPricesMissingError('possibly delisted; no price data found  (1d 2017-08-24 00:00:00 -> 2017-09-07) (Yahoo error = "Data doesn\'t exist for startDate = 1503547200, endDate = 1504756800")')
    Warning: No data found for DOW
  ✗ S2: Insufficient data for DWDP/DOW

68/223: 2017-08-24: Added=CDNS, Removed=SPLS
  Holding Period End Date: 2017-09-06
  ✓ S1: CDNS 2.93%, Portfolio: $1,075,681
    YFinance output for SPLS: 1 Failed download:
['SPLS']: YFPricesMissingError('possibly delisted; no price data found  (1d 2017-08-24 00:00:00 -> 2017-09-07)')
    Warning: No data found for SPLS
  ✗ S2: Insufficient data for CDNS/SPLS

69/223: 2017-10-04: Added=NCLH, Removed=LVLT
  Holding Period End Date: 2017-10-16
  ✓ S1: NCLH 5.25%, Portfolio: $1,132,174
    YFinance output for LVLT: 1 Failed download:
['LVLT']: YFPricesMissingError('possibly delisted; no price data found  (1d 2017-10-04 00:00:00 -> 2017-10-17)')
    Warning: No data found for LVLT
  ✗ S2: Insufficient data for NCLH/LVLT

70/223: 2017-12-28: Added=HII, Removed=BCR
  Holding Period End Date: 2018-01-10
  ✓ S1: HII -0.89%, Portfolio: $1,122,150
    YFinance output for BCR: 1 Failed download:
['BCR']: YFPricesMissingError('possibly delisted; no price data found  (1d 2017-12-28 00:00:00 -> 2018-01-11)')
    Warning: No data found for BCR
  ✗ S2: Insufficient data for HII/BCR

71/223: 2018-03-02: Added=IPGP, Removed=SNI
  Holding Period End Date: 2018-03-14
  ✓ S1: IPGP 3.46%, Portfolio: $1,161,022
    YFinance output for SNI: 1 Failed download:
['SNI']: YFPricesMissingError('possibly delisted; no price data found  (1d 2018-03-02 00:00:00 -> 2018-03-15)')
    Warning: No data found for SNI
  ✗ S2: Insufficient data for IPGP/SNI

72/223: 2018-03-09: Added=TTWO, Removed=SIG
  Holding Period End Date: 2018-03-21
  ✓ S1: TTWO -10.19%, Portfolio: $1,042,740
  ✓ S2: Long TTWO (-10.19%), Short SIG (22.49%)
      Combined: 6.15%, Portfolio: $820,003

73/223: 2018-03-09: Added=NKTR, Removed=CHK
  Holding Period End Date: 2018-03-21
  ✓ S1: NKTR -1.32%, Portfolio: $1,028,976
    YFinance output for CHK: 1 Failed download:
['CHK']: YFTzMissingError('possibly delisted; no timezone found')
    Warning: No data found for CHK
  ✗ S2: Insufficient data for NKTR/CHK

74/223: 2018-03-09: Added=SIVB, Removed=PDCO
  Holding Period End Date: 2018-03-21
    YFinance output for SIVB: 1 Failed download:
['SIVB']: YFTzMissingError('possibly delisted; no timezone found')
    Warning: No data found for SIVB
  ✗ S1: Insufficient data for SIVB
    YFinance output for SIVB: 1 Failed download:
['SIVB']: YFTzMissingError('possibly delisted; no timezone found')
    Warning: No data found for SIVB
    YFinance output for PDCO: 1 Failed download:
['PDCO']: YFTzMissingError('possibly delisted; no timezone found')
    Warning: No data found for PDCO
  ✗ S2: Insufficient data for SIVB/PDCO

75/223: 2018-03-28: Added=MSCI, Removed=CSRA
  Holding Period End Date: 2018-04-10
  ✓ S1: MSCI -1.00%, Portfolio: $1,018,724
  ✓ S2: Long MSCI (-1.00%), Short CSRA (0.00%)
      Combined: -0.50%, Portfolio: $815,918

76/223: 2018-05-25: Added=ABMD, Removed=WYN
  Holding Period End Date: 2018-06-07
    YFinance output for ABMD: 1 Failed download:
['ABMD']: YFTzMissingError('possibly delisted; no timezone found')
    Warning: No data found for ABMD
  ✗ S1: Insufficient data for ABMD
    YFinance output for ABMD: 1 Failed download:
['ABMD']: YFTzMissingError('possibly delisted; no timezone found')
    Warning: No data found for ABMD
    YFinance output for WYN: 1 Failed download:
['WYN']: YFPricesMissingError('possibly delisted; no price data found  (1d 2018-05-25 00:00:00 -> 2018-06-08)')
    Warning: No data found for WYN
  ✗ S2: Insufficient data for ABMD/WYN

77/223: 2018-05-31: Added=EVRG, Removed=NAVI
  Holding Period End Date: 2018-06-12
  ✓ S1: EVRG -7.85%, Portfolio: $938,771
  ✓ S2: Long EVRG (-7.85%), Short NAVI (-2.81%)
      Combined: -5.33%, Portfolio: $772,417

78/223: 2018-06-04: Added=TWTR, Removed=MON
  Holding Period End Date: 2018-06-14
    YFinance output for TWTR: 1 Failed download:
['TWTR']: YFTzMissingError('possibly delisted; no timezone found')
    Warning: No data found for TWTR
  ✗ S1: Insufficient data for TWTR
    YFinance output for TWTR: 1 Failed download:
['TWTR']: YFTzMissingError('possibly delisted; no timezone found')
    Warning: No data found for TWTR
    YFinance output for MON: 1 Failed download:
['MON']: YFTzMissingError('possibly delisted; no timezone found')
    Warning: No data found for MON
  ✗ S2: Insufficient data for TWTR/MON

79/223: 2018-06-08: Added=HFC, Removed=AYI
  Holding Period End Date: 2018-06-20
    YFinance output for HFC: 1 Failed download:
['HFC']: YFTzMissingError('possibly delisted; no timezone found')
    Warning: No data found for HFC
  ✗ S1: Insufficient data for HFC
    YFinance output for HFC: 1 Failed download:
['HFC']: YFTzMissingError('possibly delisted; no timezone found')
    Warning: No data found for HFC
  ✗ S2: Insufficient data for HFC/AYI

80/223: 2018-06-08: Added=BR, Removed=RRC
  Holding Period End Date: 2018-06-20
  ✓ S1: BR -1.78%, Portfolio: $922,102
  ✓ S2: Long BR (-1.78%), Short RRC (-5.86%)
      Combined: -3.82%, Portfolio: $742,909

81/223: 2018-06-15: Added=FLT, Removed=TWX
  Holding Period End Date: 2018-06-27
    YFinance output for FLT: 1 Failed download:
['FLT']: YFTzMissingError('possibly delisted; no timezone found')
    Warning: No data found for FLT
  ✗ S1: Insufficient data for FLT
    YFinance output for FLT: 1 Failed download:
['FLT']: YFTzMissingError('possibly delisted; no timezone found')
    Warning: No data found for FLT
  ✗ S2: Insufficient data for FLT/TWX

82/223: 2018-06-25: Added=CPRT, Removed=DPS
  Holding Period End Date: 2018-07-06
  ✓ S1: CPRT -0.50%, Portfolio: $917,515
    YFinance output for DPS: 1 Failed download:
['DPS']: YFPricesMissingError('possibly delisted; no price data found  (1d 2018-06-25 00:00:00 -> 2018-07-09)')
    Warning: No data found for DPS
  ✗ S2: Insufficient data for CPRT/DPS

83/223: 2018-08-23: Added=ANET, Removed=GGP
  Holding Period End Date: 2018-09-05
  ✓ S1: ANET -3.65%, Portfolio: $884,011
    YFinance output for GGP: 1 Failed download:
['GGP']: YFPricesMissingError('possibly delisted; no price data found  (1d 2018-08-23 00:00:00 -> 2018-09-06)')
    Warning: No data found for GGP
  ✗ S2: Insufficient data for ANET/GGP

84/223: 2018-09-11: Added=WCG, Removed=XL
  Holding Period End Date: 2018-09-21
    YFinance output for WCG: 1 Failed download:
['WCG']: YFTzMissingError('possibly delisted; no timezone found')
    Warning: No data found for WCG
  ✗ S1: Insufficient data for WCG
    YFinance output for WCG: 1 Failed download:
['WCG']: YFTzMissingError('possibly delisted; no timezone found')
    Warning: No data found for WCG
    YFinance output for XL: 1 Failed download:
['XL']: YFTzMissingError('possibly delisted; no timezone found')
    Warning: No data found for XL
  ✗ S2: Insufficient data for WCG/XL

85/223: 2018-09-25: Added=ROL, Removed=ANDV
  Holding Period End Date: 2018-10-05
  ✓ S1: ROL -5.12%, Portfolio: $838,735
  ✓ S2: Long ROL (-5.12%), Short ANDV (2.47%)
      Combined: -1.33%, Portfolio: $733,056

86/223: 2018-10-04: Added=FTNT, Removed=EVHC
  Holding Period End Date: 2018-10-16
  ✓ S1: FTNT -7.37%, Portfolio: $776,927
  ✓ S2: Long FTNT (-7.37%), Short EVHC (-0.13%)
      Combined: -3.75%, Portfolio: $705,568

87/223: 2018-10-30: Added=KEYS, Removed=CA
  Holding Period End Date: 2018-11-09
  ✓ S1: KEYS 3.61%, Portfolio: $804,941
    YFinance output for CA: 1 Failed download:
['CA']: YFPricesMissingError('possibly delisted; no price data found  (1d 2018-10-30 00:00:00 -> 2018-11-12) (Yahoo error = "Data doesn\'t exist for startDate = 1540872000, endDate = 1541998800")')
    Warning: No data found for CA
  ✗ S2: Insufficient data for KEYS/CA

88/223: 2018-11-07: Added=JKHY, Removed=EQT
  Holding Period End Date: 2018-11-19
  ✓ S1: JKHY -7.76%, Portfolio: $742,478
  ✓ S2: Long JKHY (-7.76%), Short EQT (8.78%)
      Combined: 0.51%, Portfolio: $709,158

89/223: 2018-11-26: Added=FANG, Removed=SRCL
  Holding Period End Date: 2018-12-07
  ✓ S1: FANG -6.05%, Portfolio: $697,580
    YFinance output for SRCL: 1 Failed download:
['SRCL']: YFTzMissingError('possibly delisted; no timezone found')
    Warning: No data found for SRCL
  ✗ S2: Insufficient data for FANG/SRCL

90/223: 2018-11-26: Added=MXIM, Removed=AET
  Holding Period End Date: 2018-12-07
    YFinance output for MXIM: 1 Failed download:
['MXIM']: YFTzMissingError('possibly delisted; no timezone found')
    Warning: No data found for MXIM
  ✗ S1: Insufficient data for MXIM
    YFinance output for MXIM: 1 Failed download:
['MXIM']: YFTzMissingError('possibly delisted; no timezone found')
    Warning: No data found for MXIM
  ✗ S2: Insufficient data for MXIM/AET

91/223: 2018-11-26: Added=LW, Removed=COL
  Holding Period End Date: 2018-12-07
  ✓ S1: LW -8.61%, Portfolio: $637,517
  ✓ S2: Long LW (-8.61%), Short COL (12.50%)
      Combined: 1.94%, Portfolio: $722,951

92/223: 2018-12-27: Added=CE, Removed=ESRX
  Holding Period End Date: 2019-01-09
  ✓ S1: CE 4.93%, Portfolio: $668,959
    YFinance output for ESRX: 1 Failed download:
['ESRX']: YFPricesMissingError('possibly delisted; no price data found  (1d 2018-12-27 00:00:00 -> 2019-01-10)')
    Warning: No data found for ESRX
  ✗ S2: Insufficient data for CE/ESRX

93/223: 2018-12-27: Added=FRC, Removed=SCG
  Holding Period End Date: 2019-01-09
    YFinance output for FRC: 1 Failed download:
['FRC']: YFTzMissingError('possibly delisted; no timezone found')
    Warning: No data found for FRC
  ✗ S1: Insufficient data for FRC
    YFinance output for FRC: 1 Failed download:
['FRC']: YFTzMissingError('possibly delisted; no timezone found')
    Warning: No data found for FRC
  ✗ S2: Insufficient data for FRC/SCG

94/223: 2019-01-15: Added=TFX, Removed=PCG
  Holding Period End Date: 2019-01-28
  ✓ S1: TFX 4.59%, Portfolio: $699,650
  ✓ S2: Long TFX (4.59%), Short PCG (-42.46%)
      Combined: -18.94%, Portfolio: $586,036

95/223: 2019-02-08: Added=ATO, Removed=NFX
  Holding Period End Date: 2019-02-21
  ✓ S1: ATO 1.18%, Portfolio: $707,935
  ✓ S2: Long ATO (1.18%), Short NFX (-4.51%)
      Combined: -1.66%, Portfolio: $576,287

96/223: 2019-02-21: Added=WAB, Removed=GT
  Holding Period End Date: 2019-03-05
  ✓ S1: WAB -0.72%, Portfolio: $702,835
  ✓ S2: Long WAB (-0.72%), Short GT (-0.31%)
      Combined: -0.52%, Portfolio: $573,313

97/223: 2019-03-14: Added=FOXA, Removed=FOXA
  Holding Period End Date: 2019-03-26
  ✓ S1: FOXA -7.65%, Portfolio: $649,064
  ✓ S2: Long FOXA (-7.65%), Short FOXA (8.28%)
      Combined: 0.32%, Portfolio: $575,130

98/223: 2019-03-14: Added=FOX, Removed=FOX
  Holding Period End Date: 2019-03-26
  ✓ S1: FOX -8.13%, Portfolio: $596,274
  ✓ S2: Long FOX (-8.13%), Short FOX (8.85%)
      Combined: 0.36%, Portfolio: $577,200

99/223: 2019-03-26: Added=DOW, Removed=BHF
  Holding Period End Date: 2019-04-05
  ✓ S1: DOW 17.18%, Portfolio: $698,685
  ✓ S2: Long DOW (17.18%), Short BHF (-4.84%)
      Combined: 6.17%, Portfolio: $612,803

100/223: 2019-05-28: Added=CTVA, Removed=FLR
  Holding Period End Date: 2019-06-07
  ✓ S1: CTVA -8.53%, Portfolio: $639,054
  ✓ S2: Long CTVA (-8.53%), Short FLR (-3.63%)
      Combined: -6.08%, Portfolio: $575,515

101/223: 2019-05-28: Added=DD, Removed=DWDP
  Holding Period End Date: 2019-06-07
  ✓ S1: DD 13.08%, Portfolio: $722,646
    YFinance output for DWDP: 1 Failed download:
['DWDP']: YFTzMissingError('possibly delisted; no timezone found')
    Warning: No data found for DWDP
  ✗ S2: Insufficient data for DD/DWDP

102/223: 2019-06-03: Added=BMS, Removed=MAT
  Holding Period End Date: 2019-06-13
  ✓ S1: BMS -0.69%, Portfolio: $717,632
  ✓ S2: Long BMS (-0.69%), Short MAT (-17.73%)
      Combined: -9.21%, Portfolio: $522,492

103/223: 2019-06-03: Added=AMCR, Removed=BMS
  Holding Period End Date: 2019-06-13
  ✓ S1: AMCR -1.52%, Portfolio: $706,691
  ✓ S2: Long AMCR (-1.52%), Short BMS (0.70%)
      Combined: -0.41%, Portfolio: $520,335

104/223: 2019-06-24: Added=MKTX, Removed=LLL
  Holding Period End Date: 2019-07-05
  ✓ S1: MKTX 2.67%, Portfolio: $725,535
    YFinance output for LLL: 1 Failed download:
['LLL']: YFTzMissingError('possibly delisted; no timezone found')
    Warning: No data found for LLL
  ✗ S2: Insufficient data for MKTX/LLL

105/223: 2019-07-09: Added=TMUS, Removed=RHT
  Holding Period End Date: 2019-07-19
  ✓ S1: TMUS 3.03%, Portfolio: $747,547
    YFinance output for RHT: 1 Failed download:
['RHT']: YFTzMissingError('possibly delisted; no timezone found')
    Warning: No data found for RHT
  ✗ S2: Insufficient data for TMUS/RHT

106/223: 2019-08-01: Added=IEX, Removed=FL
  Holding Period End Date: 2019-08-13
  ✓ S1: IEX -2.05%, Portfolio: $732,250
  ✓ S2: Long IEX (-2.05%), Short FL (-1.90%)
      Combined: -1.97%, Portfolio: $510,080

107/223: 2019-08-01: Added=LDOS, Removed=APC
  Holding Period End Date: 2019-08-13
  ✓ S1: LDOS 1.03%, Portfolio: $739,800
    YFinance output for APC: 1 Failed download:
['APC']: YFTzMissingError('possibly delisted; no timezone found')
    Warning: No data found for APC
  ✗ S2: Insufficient data for LDOS/APC

108/223: 2019-09-17: Added=CDW, Removed=TSS
  Holding Period End Date: 2019-09-27
  ✓ S1: CDW 7.02%, Portfolio: $791,742
    YFinance output for TSS: 1 Failed download:
['TSS']: YFTzMissingError('possibly delisted; no timezone found')
    Warning: No data found for TSS
  ✗ S2: Insufficient data for CDW/TSS

109/223: 2019-09-20: Added=NVR, Removed=JEF
  Holding Period End Date: 2019-10-02
    YFinance output for NVR: 1 Failed download:
['NVR']: CertificateVerifyError('Failed to perform, curl: (60) SSL certificate problem: certificate has expired. See https://curl.se/libcurl/c/libcurl-errors.html first for more details.')
    Warning: No data found for NVR
  ✗ S1: Insufficient data for NVR
  ✓ S2: Long NVR (-0.01%), Short JEF (0.78%)
      Combined: 0.39%, Portfolio: $512,046

110/223: 2019-09-20: Added=LVS, Removed=NKTR
  Holding Period End Date: 2019-10-02
  ✓ S1: LVS 0.30%, Portfolio: $794,132
  ✓ S2: Long LVS (0.30%), Short NKTR (16.27%)
      Combined: 8.29%, Portfolio: $554,480

111/223: 2019-11-18: Added=NOW, Removed=CELG
  Holding Period End Date: 2019-11-29
  ✓ S1: NOW 6.28%, Portfolio: $844,020
    YFinance output for CELG: 1 Failed download:
['CELG']: YFTzMissingError('possibly delisted; no timezone found')
    Warning: No data found for CELG
  ✗ S2: Insufficient data for NOW/CELG

112/223: 2019-11-27: Added=WRB, Removed=VIAB
  Holding Period End Date: 2019-12-10
  ✓ S1: WRB 1.08%, Portfolio: $853,172
    YFinance output for VIAB: 1 Failed download:
['VIAB']: YFTzMissingError('possibly delisted; no timezone found')
    Warning: No data found for VIAB
  ✗ S2: Insufficient data for WRB/VIAB

113/223: 2019-12-02: Added=ODFL, Removed=STI
  Holding Period End Date: 2019-12-12
  ✓ S1: ODFL 0.74%, Portfolio: $859,453
    YFinance output for STI: 1 Failed download:
['STI']: YFPricesMissingError('possibly delisted; no price data found  (1d 2019-12-02 00:00:00 -> 2019-12-13) (Yahoo error = "Data doesn\'t exist for startDate = 1575262800, endDate = 1576213200")')
    Warning: No data found for STI
  ✗ S2: Insufficient data for ODFL/STI

114/223: 2019-12-13: Added=ZBRA, Removed=TRIP
  Holding Period End Date: 2019-12-26
  ✓ S1: ZBRA -1.31%, Portfolio: $848,184
  ✓ S2: Long ZBRA (-1.31%), Short TRIP (-3.62%)
      Combined: -2.47%, Portfolio: $540,797

115/223: 2019-12-13: Added=LYV, Removed=AMG
  Holding Period End Date: 2019-12-26
  ✓ S1: LYV 11.19%, Portfolio: $943,101
  ✓ S2: Long LYV (11.19%), Short AMG (0.44%)
      Combined: 5.81%, Portfolio: $572,236

116/223: 2019-12-13: Added=STE, Removed=MAC
  Holding Period End Date: 2019-12-26
  ✓ S1: STE -0.38%, Portfolio: $939,500
  ✓ S2: Long STE (-0.38%), Short MAC (-0.95%)
      Combined: -0.67%, Portfolio: $568,424

117/223: 2020-01-22: Added=PAYC, Removed=WCG
  Holding Period End Date: 2020-02-03
  ✓ S1: PAYC 6.66%, Portfolio: $1,002,045
    YFinance output for WCG: 1 Failed download:
['WCG']: YFTzMissingError('possibly delisted; no timezone found')
    Warning: No data found for WCG
  ✗ S2: Insufficient data for PAYC/WCG

118/223: 2020-02-27: Added=IR, Removed=XEC
  Holding Period End Date: 2020-03-10
  ✓ S1: IR -29.01%, Portfolio: $711,360
    YFinance output for XEC: 1 Failed download:
['XEC']: YFTzMissingError('possibly delisted; no timezone found')
    Warning: No data found for XEC
  ✗ S2: Insufficient data for IR/XEC

119/223: 2020-03-31: Added=nan, Removed=M
  Holding Period End Date: 2020-04-13

120/223: 2020-03-31: Added=nan, Removed=RTN
  Holding Period End Date: 2020-04-13

121/223: 2020-03-31: Added=CARR, Removed=nan
  Holding Period End Date: 2020-04-13
  ✓ S1: CARR -18.90%, Portfolio: $576,923

122/223: 2020-03-31: Added=OTIS, Removed=nan
  Holding Period End Date: 2020-04-13
  ✓ S1: OTIS -8.00%, Portfolio: $530,769

123/223: 2020-05-05: Added=HWM, Removed=ARNC
  Holding Period End Date: 2020-05-15
  ✓ S1: HWM -11.79%, Portfolio: $468,172
    YFinance output for ARNC: 1 Failed download:
['ARNC']: YFTzMissingError('possibly delisted; no timezone found')
    Warning: No data found for ARNC
  ✗ S2: Insufficient data for HWM/ARNC

124/223: 2020-05-06: Added=DXCM, Removed=AGN
  Holding Period End Date: 2020-05-18
  ✓ S1: DXCM 13.07%, Portfolio: $529,383
    YFinance output for AGN: 1 Failed download:
['AGN']: YFTzMissingError('possibly delisted; no timezone found')
    Warning: No data found for AGN
  ✗ S2: Insufficient data for DXCM/AGN

125/223: 2020-05-06: Added=DPZ, Removed=CPRI
  Holding Period End Date: 2020-05-18
  ✓ S1: DPZ -2.10%, Portfolio: $518,292
  ✓ S2: Long DPZ (-2.10%), Short CPRI (-7.93%)
      Combined: -5.01%, Portfolio: $539,938

126/223: 2020-05-18: Added=WST, Removed=HP
  Holding Period End Date: 2020-05-29
  ✓ S1: WST -1.08%, Portfolio: $512,691
  ✓ S2: Long WST (-1.08%), Short HP (-4.32%)
      Combined: -2.70%, Portfolio: $525,353

127/223: 2020-06-12: Added=BIO, Removed=ADS
  Holding Period End Date: 2020-06-24
  ✓ S1: BIO -3.66%, Portfolio: $493,924
    YFinance output for ADS: 1 Failed download:
['ADS']: YFTzMissingError('possibly delisted; no timezone found')
    Warning: No data found for ADS
  ✗ S2: Insufficient data for BIO/ADS

128/223: 2020-06-12: Added=TDY, Removed=HOG
  Holding Period End Date: 2020-06-24
  ✓ S1: TDY -7.76%, Portfolio: $455,585
  ✓ S2: Long TDY (-7.76%), Short HOG (7.23%)
      Combined: -0.27%, Portfolio: $523,943

129/223: 2020-06-12: Added=TYL, Removed=JWN
  Holding Period End Date: 2020-06-24
  ✓ S1: TYL -1.24%, Portfolio: $449,948
    YFinance output for JWN: 1 Failed download:
['JWN']: YFTzMissingError('possibly delisted; no timezone found')
    Warning: No data found for JWN
  ✗ S2: Insufficient data for TYL/JWN

130/223: 2020-09-04: Added=CTLT, Removed=KSS
  Holding Period End Date: 2020-09-17
    YFinance output for CTLT: 1 Failed download:
['CTLT']: YFTzMissingError('possibly delisted; no timezone found')
    Warning: No data found for CTLT
  ✗ S1: Insufficient data for CTLT
    YFinance output for CTLT: 1 Failed download:
['CTLT']: YFTzMissingError('possibly delisted; no timezone found')
    Warning: No data found for CTLT
  ✗ S2: Insufficient data for CTLT/KSS

131/223: 2020-09-04: Added=ETSY, Removed=HRB
  Holding Period End Date: 2020-09-17
  ✓ S1: ETSY -2.51%, Portfolio: $438,663
  ✓ S2: Long ETSY (-2.51%), Short HRB (-0.65%)
      Combined: -1.58%, Portfolio: $515,679

132/223: 2020-09-04: Added=TER, Removed=COTY
  Holding Period End Date: 2020-09-17
  ✓ S1: TER -1.22%, Portfolio: $433,306
  ✓ S2: Long TER (-1.22%), Short COTY (20.19%)
      Combined: 9.48%, Portfolio: $564,578

133/223: 2020-10-01: Added=POOL, Removed=ETFC
  Holding Period End Date: 2020-10-13
  ✓ S1: POOL 7.22%, Portfolio: $464,601
    YFinance output for ETFC: 1 Failed download:
['ETFC']: YFTzMissingError('possibly delisted; no timezone found')
    Warning: No data found for ETFC
  ✗ S2: Insufficient data for POOL/ETFC

134/223: 2020-10-05: Added=VNT, Removed=nan
  Holding Period End Date: 2020-10-15
  ✓ S1: VNT -18.98%, Portfolio: $376,429

135/223: 2020-10-05: Added=nan, Removed=NBL
  Holding Period End Date: 2020-10-15

136/223: 2020-12-11: Added=TSLA, Removed=AIV
  Holding Period End Date: 2020-12-23
  ✓ S1: TSLA 5.90%, Portfolio: $398,639
  ✓ S2: Long TSLA (5.90%), Short AIV (-12.68%)
      Combined: -3.39%, Portfolio: $545,427

137/223: 2020-12-30: Added=ENPH, Removed=TIF
  Holding Period End Date: 2021-01-12
  ✓ S1: ENPH 19.41%, Portfolio: $476,001
    YFinance output for TIF: 1 Failed download:
['TIF']: YFTzMissingError('possibly delisted; no timezone found')
    Warning: No data found for TIF
  ✗ S2: Insufficient data for ENPH/TIF

138/223: 2021-01-15: Added=TRMB, Removed=CXO
  Holding Period End Date: 2021-01-28
  ✓ S1: TRMB -2.63%, Portfolio: $463,460
    YFinance output for CXO: 1 Failed download:
['CXO']: YFTzMissingError('possibly delisted; no timezone found')
    Warning: No data found for CXO
  ✗ S2: Insufficient data for TRMB/CXO

139/223: 2021-02-08: Added=MPWR, Removed=FTI
  Holding Period End Date: 2021-02-19
  ✓ S1: MPWR 6.82%, Portfolio: $495,056
  ✓ S2: Long MPWR (6.82%), Short FTI (8.54%)
      Combined: 7.68%, Portfolio: $587,311

140/223: 2021-03-12: Added=CZR, Removed=VNT
  Holding Period End Date: 2021-03-24
  ✓ S1: CZR -17.61%, Portfolio: $407,873
  ✓ S2: Long CZR (-17.61%), Short VNT (0.91%)
      Combined: -8.35%, Portfolio: $538,266

141/223: 2021-03-12: Added=PENN, Removed=SLG
  Holding Period End Date: 2021-03-24
  ✓ S1: PENN -20.24%, Portfolio: $325,310
  ✓ S2: Long PENN (-20.24%), Short SLG (11.05%)
      Combined: -4.59%, Portfolio: $513,537

142/223: 2021-03-12: Added=NXPI, Removed=FLS
  Holding Period End Date: 2021-03-24
  ✓ S1: NXPI 2.08%, Portfolio: $332,066
  ✓ S2: Long NXPI (2.08%), Short FLS (9.47%)
      Combined: 5.77%, Portfolio: $543,175

143/223: 2021-03-12: Added=GNRC, Removed=XRX
  Holding Period End Date: 2021-03-24
  ✓ S1: GNRC -9.85%, Portfolio: $299,373
  ✓ S2: Long GNRC (-9.85%), Short XRX (14.61%)
      Combined: 2.38%, Portfolio: $556,110

144/223: 2021-04-15: Added=PTC, Removed=VAR
  Holding Period End Date: 2021-04-27
  ✓ S1: PTC 0.16%, Portfolio: $299,860
    YFinance output for VAR: 1 Failed download:
['VAR']: YFTzMissingError('possibly delisted; no timezone found')
    Warning: No data found for VAR
  ✗ S2: Insufficient data for PTC/VAR

145/223: 2021-05-10: Added=CRL, Removed=FLIR
  Holding Period End Date: 2021-05-20
  ✓ S1: CRL -1.86%, Portfolio: $294,293
    YFinance output for FLIR: 1 Failed download:
['FLIR']: YFTzMissingError('possibly delisted; no timezone found')
    Warning: No data found for FLIR
  ✗ S2: Insufficient data for CRL/FLIR

146/223: 2021-05-27: Added=OGN, Removed=nan
  Holding Period End Date: 2021-06-09
  ✓ S1: OGN -19.86%, Portfolio: $235,849

147/223: 2021-05-27: Added=nan, Removed=HFC
  Holding Period End Date: 2021-06-09

148/223: 2021-07-15: Added=MRNA, Removed=ALXN
  Holding Period End Date: 2021-07-27
  ✓ S1: MRNA 26.50%, Portfolio: $298,359
    YFinance output for ALXN: 1 Failed download:
['ALXN']: YFTzMissingError('possibly delisted; no timezone found')
    Warning: No data found for ALXN
  ✗ S2: Insufficient data for MRNA/ALXN

149/223: 2021-08-24: Added=TECH, Removed=MXIM
  Holding Period End Date: 2021-09-03
  ✓ S1: TECH 4.18%, Portfolio: $310,839
    YFinance output for MXIM: 1 Failed download:
['MXIM']: YFTzMissingError('possibly delisted; no timezone found')
    Warning: No data found for MXIM
  ✗ S2: Insufficient data for TECH/MXIM

150/223: 2021-09-03: Added=BRO, Removed=NOV
  Holding Period End Date: 2021-09-16
  ✓ S1: BRO -2.51%, Portfolio: $303,034
  ✓ S2: Long BRO (-2.51%), Short NOV (-6.23%)
      Combined: -4.37%, Portfolio: $531,813

151/223: 2021-09-03: Added=CDAY, Removed=UNM
  Holding Period End Date: 2021-09-16
    YFinance output for CDAY: 1 Failed download:
['CDAY']: YFTzMissingError('possibly delisted; no timezone found')
    Warning: No data found for CDAY
  ✗ S1: Insufficient data for CDAY
    YFinance output for CDAY: 1 Failed download:
['CDAY']: YFTzMissingError('possibly delisted; no timezone found')
    Warning: No data found for CDAY
  ✗ S2: Insufficient data for CDAY/UNM

152/223: 2021-09-03: Added=MTCH, Removed=PRGO
  Holding Period End Date: 2021-09-16
  ✓ S1: MTCH 8.01%, Portfolio: $327,307
  ✓ S2: Long MTCH (8.01%), Short PRGO (-5.49%)
      Combined: 1.26%, Portfolio: $538,520

153/223: 2021-12-03: Added=FDS, Removed=WU
  Holding Period End Date: 2021-12-15
  ✓ S1: FDS 0.63%, Portfolio: $329,384
  ✓ S2: Long FDS (0.63%), Short WU (-5.95%)
      Combined: -2.66%, Portfolio: $524,217

154/223: 2021-12-03: Added=SEDG, Removed=HBI
  Holding Period End Date: 2021-12-15
  ✓ S1: SEDG -0.49%, Portfolio: $327,775
  ✓ S2: Long SEDG (-0.49%), Short HBI (-2.02%)
      Combined: -1.26%, Portfolio: $517,638

155/223: 2021-12-03: Added=SBNY, Removed=LEG
  Holding Period End Date: 2021-12-15
    YFinance output for SBNY: 1 Failed download:
['SBNY']: YFPricesMissingError('possibly delisted; no price data found  (1d 2021-12-03 00:00:00 -> 2021-12-16) (Yahoo error = "Data doesn\'t exist for startDate = 1638507600, endDate = 1639630800")')
    Warning: No data found for SBNY
  ✗ S1: Insufficient data for SBNY
    YFinance output for SBNY: 1 Failed download:
['SBNY']: YFPricesMissingError('possibly delisted; no price data found  (1d 2021-12-03 00:00:00 -> 2021-12-16) (Yahoo error = "Data doesn\'t exist for startDate = 1638507600, endDate = 1639630800")')
    Warning: No data found for SBNY
  ✗ S2: Insufficient data for SBNY/LEG

156/223: 2021-12-07: Added=EPAM, Removed=KSU
  Holding Period End Date: 2021-12-17
  ✓ S1: EPAM 6.95%, Portfolio: $350,543
    YFinance output for KSU: 1 Failed download:
['KSU']: YFTzMissingError('possibly delisted; no timezone found')
    Warning: No data found for KSU
  ✗ S2: Insufficient data for EPAM/KSU

157/223: 2022-01-26: Added=CEG, Removed=nan
  Holding Period End Date: 2022-02-07
  ✓ S1: CEG 6.59%, Portfolio: $373,658

158/223: 2022-01-26: Added=nan, Removed=GPS
  Holding Period End Date: 2022-02-07

159/223: 2022-02-10: Added=NDSN, Removed=XLNX
  Holding Period End Date: 2022-02-23
  ✓ S1: NDSN -3.88%, Portfolio: $359,173
    YFinance output for XLNX: 1 Failed download:
['XLNX']: YFTzMissingError('possibly delisted; no timezone found')
    Warning: No data found for XLNX
  ✗ S2: Insufficient data for NDSN/XLNX

160/223: 2022-02-25: Added=MOH, Removed=INFO
  Holding Period End Date: 2022-03-09
  ✓ S1: MOH -1.91%, Portfolio: $352,301
    YFinance output for INFO: 1 Failed download:
['INFO']: YFPricesMissingError('possibly delisted; no price data found  (1d 2022-02-25 00:00:00 -> 2022-03-10) (Yahoo error = "Data doesn\'t exist for startDate = 1645765200, endDate = 1646888400")')
    Warning: No data found for INFO
  ✗ S2: Insufficient data for MOH/INFO

161/223: 2022-03-29: Added=CPT, Removed=PBCT
  Holding Period End Date: 2022-04-08
  ✓ S1: CPT -1.28%, Portfolio: $347,794
    YFinance output for PBCT: 1 Failed download:
['PBCT']: YFTzMissingError('possibly delisted; no timezone found')
    Warning: No data found for PBCT
  ✗ S2: Insufficient data for CPT/PBCT

162/223: 2022-04-07: Added=WBD, Removed=DISCA
  Holding Period End Date: 2022-04-20
  ✓ S1: WBD -0.26%, Portfolio: $346,890
    YFinance output for DISCA: 1 Failed download:
['DISCA']: YFTzMissingError('possibly delisted; no timezone found')
    Warning: No data found for DISCA
  ✗ S2: Insufficient data for WBD/DISCA

163/223: 2022-04-07: Added=nan, Removed=DISCK
  Holding Period End Date: 2022-04-20

164/223: 2022-06-03: Added=VICI, Removed=CERN
  Holding Period End Date: 2022-06-15
  ✓ S1: VICI -6.75%, Portfolio: $323,461
    YFinance output for CERN: 1 Failed download:
['CERN']: YFTzMissingError('possibly delisted; no timezone found')
    Warning: No data found for CERN
  ✗ S2: Insufficient data for VICI/CERN

165/223: 2022-06-03: Added=ON, Removed=IPGP
  Holding Period End Date: 2022-06-15
  ✓ S1: ON -7.79%, Portfolio: $298,279
  ✓ S2: Long ON (-7.79%), Short IPGP (10.12%)
      Combined: 1.17%, Portfolio: $523,692

166/223: 2022-06-03: Added=KDP, Removed=UAA
  Holding Period End Date: 2022-06-15
  ✓ S1: KDP -0.23%, Portfolio: $297,596
  ✓ S2: Long KDP (-0.23%), Short UAA (15.06%)
      Combined: 7.42%, Portfolio: $562,534

167/223: 2022-06-03: Added=nan, Removed=UA
  Holding Period End Date: 2022-06-15

168/223: 2022-09-02: Added=CSGP, Removed=PVH
  Holding Period End Date: 2022-09-15
  ✓ S1: CSGP 2.26%, Portfolio: $304,313
  ✓ S2: Long CSGP (2.26%), Short PVH (-0.12%)
      Combined: 1.07%, Portfolio: $568,532

169/223: 2022-09-02: Added=INVH, Removed=PENN
  Holding Period End Date: 2022-09-15
  ✓ S1: INVH 2.00%, Portfolio: $310,404
  ✓ S2: Long INVH (2.00%), Short PENN (1.69%)
      Combined: 1.85%, Portfolio: $579,024

170/223: 2022-09-23: Added=PCG, Removed=CTXS
  Holding Period End Date: 2022-10-05
  ✓ S1: PCG 16.97%, Portfolio: $363,082
    YFinance output for CTXS: 1 Failed download:
['CTXS']: YFTzMissingError('possibly delisted; no timezone found')
    Warning: No data found for CTXS
  ✗ S2: Insufficient data for PCG/CTXS

171/223: 2022-09-23: Added=EQT, Removed=DRE
  Holding Period End Date: 2022-10-05
  ✓ S1: EQT 9.89%, Portfolio: $398,985
    YFinance output for DRE: 1 Failed download:
['DRE']: YFTzMissingError('possibly delisted; no timezone found')
    Warning: No data found for DRE
  ✗ S2: Insufficient data for EQT/DRE

172/223: 2022-10-06: Added=TRGP, Removed=NLSN
  Holding Period End Date: 2022-10-18
  ✓ S1: TRGP 3.50%, Portfolio: $412,947
    YFinance output for NLSN: 1 Failed download:
['NLSN']: YFTzMissingError('possibly delisted; no timezone found')
    Warning: No data found for NLSN
  ✗ S2: Insufficient data for TRGP/NLSN

173/223: 2022-10-27: Added=ACGL, Removed=TWTR
  Holding Period End Date: 2022-11-08
  ✓ S1: ACGL 11.67%, Portfolio: $461,120
    YFinance output for TWTR: 1 Failed download:
['TWTR']: YFTzMissingError('possibly delisted; no timezone found')
    Warning: No data found for TWTR
  ✗ S2: Insufficient data for ACGL/TWTR

174/223: 2022-12-12: Added=FSLR, Removed=FBHS
  Holding Period End Date: 2022-12-22
  ✓ S1: FSLR 4.40%, Portfolio: $481,402
    YFinance output for FBHS: 1 Failed download:
['FBHS']: YFTzMissingError('possibly delisted; no timezone found')
    Warning: No data found for FBHS
  ✗ S2: Insufficient data for FSLR/FBHS

175/223: 2022-12-12: Added=nan, Removed=MBC
  Holding Period End Date: 2022-12-22

176/223: 2022-12-12: Added=MBC, Removed=nan
  Holding Period End Date: 2022-12-22
  ✓ S1: MBC -9.18%, Portfolio: $437,227

177/223: 2022-12-19: Added=STLD, Removed=ABMD
  Holding Period End Date: 2022-12-30
  ✓ S1: STLD -3.45%, Portfolio: $422,129
    YFinance output for ABMD: 1 Failed download:
['ABMD']: YFTzMissingError('possibly delisted; no timezone found')
    Warning: No data found for ABMD
  ✗ S2: Insufficient data for STLD/ABMD

178/223: 2022-12-28: Added=GEHC, Removed=nan
  Holding Period End Date: 2023-01-10
  ✓ S1: GEHC 4.35%, Portfolio: $440,482

179/223: 2022-12-28: Added=nan, Removed=VNO
  Holding Period End Date: 2023-01-10

180/223: 2023-03-03: Added=FICO, Removed=LUMN
  Holding Period End Date: 2023-03-15
  ✓ S1: FICO -5.24%, Portfolio: $417,416
  ✓ S2: Long FICO (-5.24%), Short LUMN (22.39%)
      Combined: 8.58%, Portfolio: $628,697

181/223: 2023-03-10: Added=PODD, Removed=SIVB
  Holding Period End Date: 2023-03-22
  ✓ S1: PODD 12.41%, Portfolio: $469,228
    YFinance output for SIVB: 1 Failed download:
['SIVB']: YFTzMissingError('possibly delisted; no timezone found')
    Warning: No data found for SIVB
  ✗ S2: Insufficient data for PODD/SIVB

182/223: 2023-03-13: Added=BG, Removed=SBNY
  Holding Period End Date: 2023-03-23
  ✓ S1: BG 2.35%, Portfolio: $480,267
    YFinance output for SBNY: 1 Failed download:
['SBNY']: YFPricesMissingError('possibly delisted; no price data found  (1d 2023-03-13 00:00:00 -> 2023-03-24) (Yahoo error = "Data doesn\'t exist for startDate = 1678680000, endDate = 1679630400")')
    Warning: No data found for SBNY
  ✗ S2: Insufficient data for BG/SBNY

183/223: 2023-05-01: Added=AXON, Removed=FRC
  Holding Period End Date: 2023-05-11
  ✓ S1: AXON -5.28%, Portfolio: $454,920
    YFinance output for FRC: 1 Failed download:
['FRC']: YFTzMissingError('possibly delisted; no timezone found')
    Warning: No data found for FRC
  ✗ S2: Insufficient data for AXON/FRC

184/223: 2023-06-02: Added=PANW, Removed=DISH
  Holding Period End Date: 2023-06-14
  ✓ S1: PANW 9.81%, Portfolio: $499,565
    YFinance output for DISH: 1 Failed download:
['DISH']: YFTzMissingError('possibly delisted; no timezone found')
    Warning: No data found for DISH
  ✗ S2: Insufficient data for PANW/DISH

185/223: 2023-08-21: Added=nan, Removed=TEL
  Holding Period End Date: 2023-08-31

186/223: 2023-08-21: Added=KVUE, Removed=AAP
  Holding Period End Date: 2023-08-31
  ✓ S1: KVUE 1.51%, Portfolio: $507,124
  ✓ S2: Long KVUE (1.51%), Short AAP (-0.90%)
      Combined: 0.31%, Portfolio: $630,621

187/223: 2023-08-21: Added=PCS, Removed=nan
  Holding Period End Date: 2023-08-31
    YFinance output for PCS: 1 Failed download:
['PCS']: YFPricesMissingError('possibly delisted; no price data found  (1d 2023-08-21 00:00:00 -> 2023-09-01) (Yahoo error = "Data doesn\'t exist for startDate = 1692590400, endDate = 1693540800")')
    Warning: No data found for PCS
  ✗ S1: Insufficient data for PCS

188/223: 2023-09-14: Added=BX, Removed=LNC
  Holding Period End Date: 2023-09-26
  ✓ S1: BX -6.01%, Portfolio: $476,664
  ✓ S2: Long BX (-6.01%), Short LNC (7.12%)
      Combined: 0.56%, Portfolio: $634,148

189/223: 2023-09-14: Added=ABNB, Removed=NWL
  Holding Period End Date: 2023-09-26
  ✓ S1: ABNB -8.22%, Portfolio: $437,504
  ✓ S2: Long ABNB (-8.22%), Short NWL (12.89%)
      Combined: 2.34%, Portfolio: $648,976

190/223: 2023-09-28: Added=VLTO, Removed=nan
  Holding Period End Date: 2023-10-10
  ✓ S1: VLTO -3.60%, Portfolio: $421,758

191/223: 2023-09-28: Added=nan, Removed=DXC
  Holding Period End Date: 2023-10-10

192/223: 2023-10-13: Added=LULU, Removed=ATVI
  Holding Period End Date: 2023-10-25
  ✓ S1: LULU 5.03%, Portfolio: $442,986
    YFinance output for ATVI: 1 Failed download:
['ATVI']: YFTzMissingError('possibly delisted; no timezone found')
    Warning: No data found for ATVI
  ✗ S2: Insufficient data for LULU/ATVI

193/223: 2023-10-13: Added=HUBB, Removed=OGN
  Holding Period End Date: 2023-10-25
  ✓ S1: HUBB -5.05%, Portfolio: $420,596
  ✓ S2: Long HUBB (-5.05%), Short OGN (10.67%)
      Combined: 2.81%, Portfolio: $667,201

194/223: 2023-12-01: Added=UBER, Removed=SEE
  Holding Period End Date: 2023-12-13
  ✓ S1: UBER 8.06%, Portfolio: $454,478
  ✓ S2: Long UBER (8.06%), Short SEE (-2.01%)
      Combined: 3.02%, Portfolio: $687,357

195/223: 2023-12-01: Added=BLDR, Removed=SEDG
  Holding Period End Date: 2023-12-13
  ✓ S1: BLDR 11.19%, Portfolio: $505,349
  ✓ S2: Long BLDR (11.19%), Short SEDG (-0.16%)
      Combined: 5.52%, Portfolio: $725,285

196/223: 2023-12-01: Added=JBL, Removed=ALK
  Holding Period End Date: 2023-12-13
  ✓ S1: JBL 3.16%, Portfolio: $521,299
  ✓ S2: Long JBL (3.16%), Short ALK (2.85%)
      Combined: 3.00%, Portfolio: $747,057

197/223: 2024-03-01: Added=SMCI, Removed=WHR
  Holding Period End Date: 2024-03-13
  ✓ S1: SMCI 31.21%, Portfolio: $683,991
  ✓ S2: Long SMCI (31.21%), Short WHR (-1.73%)
      Combined: 14.74%, Portfolio: $857,170

198/223: 2024-03-01: Added=DECK, Removed=ZION
  Holding Period End Date: 2024-03-13
  ✓ S1: DECK 2.70%, Portfolio: $702,444
  ✓ S2: Long DECK (2.70%), Short ZION (-5.60%)
      Combined: -1.45%, Portfolio: $844,732

199/223: 2024-03-27: Added=SOLV, Removed=nan
  Holding Period End Date: 2024-04-09
  ✓ S1: SOLV -12.64%, Portfolio: $613,655

200/223: 2024-03-27: Added=GEV, Removed=nan
  Holding Period End Date: 2024-04-09
  ✓ S1: GEV 0.70%, Portfolio: $617,957

201/223: 2024-03-27: Added=nan, Removed=XRAY
  Holding Period End Date: 2024-04-09

202/223: 2024-03-27: Added=nan, Removed=VFC
  Holding Period End Date: 2024-04-09

203/223: 2024-05-03: Added=VST, Removed=PXD
  Holding Period End Date: 2024-05-15
  ✓ S1: VST 18.92%, Portfolio: $734,890
    YFinance output for PXD: 1 Failed download:
['PXD']: YFTzMissingError('possibly delisted; no timezone found')
    Warning: No data found for PXD
  ✗ S2: Insufficient data for VST/PXD

204/223: 2024-06-07: Added=KKR, Removed=RHI
  Holding Period End Date: 2024-06-20
  ✓ S1: KKR 12.31%, Portfolio: $825,336
  ✓ S2: Long KKR (12.31%), Short RHI (-2.26%)
      Combined: 5.02%, Portfolio: $887,164

205/223: 2024-06-07: Added=CRWD, Removed=CMA
  Holding Period End Date: 2024-06-20
  ✓ S1: CRWD 9.46%, Portfolio: $903,397
  ✓ S2: Long CRWD (9.46%), Short CMA (0.07%)
      Combined: 4.76%, Portfolio: $929,418

206/223: 2024-06-07: Added=GDDY, Removed=ILMN
  Holding Period End Date: 2024-06-20
  ✓ S1: GDDY -1.04%, Portfolio: $893,997
  ✓ S2: Long GDDY (-1.04%), Short ILMN (5.03%)
      Combined: 2.00%, Portfolio: $947,979

207/223: 2024-09-06: Added=ERIE, Removed=BIO
  Holding Period End Date: 2024-09-18
  ✓ S1: ERIE 5.90%, Portfolio: $946,705
  ✓ S2: Long ERIE (5.90%), Short BIO (-3.14%)
      Combined: 1.38%, Portfolio: $961,027

208/223: 2024-09-06: Added=DELL, Removed=ETSY
  Holding Period End Date: 2024-09-18
  ✓ S1: DELL 13.72%, Portfolio: $1,076,552
  ✓ S2: Long DELL (13.72%), Short ETSY (-1.50%)
      Combined: 6.11%, Portfolio: $1,019,725

209/223: 2024-09-06: Added=PLTR, Removed=AAL
  Holding Period End Date: 2024-09-18
  ✓ S1: PLTR 19.95%, Portfolio: $1,291,295
  ✓ S2: Long PLTR (19.95%), Short AAL (-2.09%)
      Combined: 8.93%, Portfolio: $1,110,797

210/223: 2024-09-24: Added=AMTM, Removed=nan
  Holding Period End Date: 2024-10-04
  ✓ S1: AMTM -10.30%, Portfolio: $1,158,271

211/223: 2024-09-24: Added=nan, Removed=BBWI
  Holding Period End Date: 2024-10-04

212/223: 2024-11-21: Added=TPL, Removed=MRO
  Holding Period End Date: 2024-12-04
  ✓ S1: TPL -8.33%, Portfolio: $1,061,804
    YFinance output for MRO: 1 Failed download:
['MRO']: YFTzMissingError('possibly delisted; no timezone found')
    Warning: No data found for MRO
  ✗ S2: Insufficient data for TPL/MRO

213/223: 2024-12-06: Added=WDAY, Removed=AMTM
  Holding Period End Date: 2024-12-18
  ✓ S1: WDAY 0.94%, Portfolio: $1,071,808
  ✓ S2: Long WDAY (0.94%), Short AMTM (13.97%)
      Combined: 7.46%, Portfolio: $1,193,616

214/223: 2024-12-06: Added=APO, Removed=QRVO
  Holding Period End Date: 2024-12-18
  ✓ S1: APO -5.85%, Portfolio: $1,009,072
  ✓ S2: Long APO (-5.85%), Short QRVO (-0.25%)
      Combined: -3.05%, Portfolio: $1,157,202

215/223: 2024-12-18: Added=LII, Removed=CTLT
  Holding Period End Date: 2024-12-31
  ✓ S1: LII -4.37%, Portfolio: $965,004
    YFinance output for CTLT: 1 Failed download:
['CTLT']: YFTzMissingError('possibly delisted; no timezone found')
    Warning: No data found for CTLT
  ✗ S2: Insufficient data for LII/CTLT

216/223: 2025-03-07: Added=EXE, Removed=FMC
  Holding Period End Date: 2025-03-19
  ✓ S1: EXE 13.71%, Portfolio: $1,097,285
  ✓ S2: Long EXE (13.71%), Short FMC (-4.44%)
      Combined: 4.63%, Portfolio: $1,210,806

217/223: 2025-03-07: Added=WSM, Removed=CE
  Holding Period End Date: 2025-03-19
  ✓ S1: WSM -11.75%, Portfolio: $968,344
  ✓ S2: Long WSM (-11.75%), Short CE (-3.29%)
      Combined: -7.52%, Portfolio: $1,119,768

218/223: 2025-03-07: Added=TKO, Removed=TFX
  Holding Period End Date: 2025-03-19
  ✓ S1: TKO 4.54%, Portfolio: $1,012,307
  ✓ S2: Long TKO (4.54%), Short TFX (0.45%)
      Combined: 2.49%, Portfolio: $1,147,680

219/223: 2025-03-07: Added=DASH, Removed=BWA
  Holding Period End Date: 2025-03-19
  ✓ S1: DASH 7.06%, Portfolio: $1,083,818
  ✓ S2: Long DASH (7.06%), Short BWA (2.72%)
      Combined: 4.89%, Portfolio: $1,203,839

220/223: 2025-05-12: Added=COIN, Removed=DFS
  Holding Period End Date: 2025-05-22
  ✓ S1: COIN 31.24%, Portfolio: $1,422,374
    YFinance output for DFS: 1 Failed download:
['DFS']: YFTzMissingError('possibly delisted; no timezone found')
    Warning: No data found for DFS
  ✗ S2: Insufficient data for COIN/DFS

221/223: 2025-07-02: Added=DDOG, Removed=JNPR
  Holding Period End Date: 2025-07-15
  ✓ S1: DDOG 4.11%, Portfolio: $1,480,846
  ✗ S2: Insufficient data for DDOG/JNPR

222/223: 2025-07-14: Added=TTD, Removed=ANSS
  Holding Period End Date: 2025-07-24
  ✓ S1: TTD 12.69%, Portfolio: $1,668,724
  ✓ S2: Long TTD (12.69%), Short ANSS (3.09%)
      Combined: 7.89%, Portfolio: $1,298,780

223/223: 2025-07-18: Added=XYZ, Removed=HES
  Holding Period End Date: 2025-07-30
  ✓ S1: XYZ 6.55%, Portfolio: $1,778,032
  ✗ S2: Insufficient data for XYZ/HES

============================================================
FINAL RESULTS
Strategy 1: 185 successful trades, Final: $1,778,032 (77.80%)
Strategy 2: 82 successful trades, Final: $1,298,780 (29.88%)
Completed: 2025-08-23 20:12:46
