S&P 500 Index Update Trading Strategy Analysis
Holding Period: 16 trading days
Date Range: 2015-07-02 to 2025-07-18
Timestamp: 2025-08-23 21:10:26
============================================================

1/223: 2015-07-02: Added=KHC, Removed=KRFT
  Holding Period End Date: 2015-07-27
  ✓ S1: KHC 6.81%, Portfolio: $1,068,051
    YFinance output for KRFT: 1 Failed download:
['KRFT']: YFPricesMissingError('possibly delisted; no price data found  (1d 2015-07-02 00:00:00 -> 2015-07-28)')
    Warning: No data found for KRFT
  ✗ S2: Insufficient data for KHC/KRFT

2/223: 2015-07-06: Added=AAP, Removed=FDO
  Holding Period End Date: 2015-07-28
  ✓ S1: AAP 4.21%, Portfolio: $1,113,017
    YFinance output for FDO: 1 Failed download:
['FDO']: YFPricesMissingError('possibly delisted; no price data found  (1d 2015-07-06 00:00:00 -> 2015-07-29)')
    Warning: No data found for FDO
  ✗ S2: Insufficient data for AAP/FDO

3/223: 2015-07-14: Added=PYPL, Removed=NE
  Holding Period End Date: 2015-08-05
  ✓ S1: PYPL 6.34%, Portfolio: $1,183,541
    YFinance output for NE: 1 Failed download:
['NE']: YFPricesMissingError('possibly delisted; no price data found  (1d 2015-07-14 00:00:00 -> 2015-08-06) (Yahoo error = "Data doesn\'t exist for startDate = 1436846400, endDate = 1438833600")')
    Warning: No data found for NE
  ✗ S2: Insufficient data for PYPL/NE

4/223: 2015-07-24: Added=SIG, Removed=DTV
  Holding Period End Date: 2015-08-17
  ✓ S1: SIG 2.07%, Portfolio: $1,208,017
    YFinance output for DTV: 1 Failed download:
['DTV']: YFTzMissingError('possibly delisted; no timezone found')
    Warning: No data found for DTV
  ✗ S2: Insufficient data for SIG/DTV

5/223: 2015-08-27: Added=ATVI, Removed=PLL
  Holding Period End Date: 2015-09-21
    YFinance output for ATVI: 1 Failed download:
['ATVI']: YFTzMissingError('possibly delisted; no timezone found')
    Warning: No data found for ATVI
  ✗ S1: Insufficient data for ATVI
    YFinance output for ATVI: 1 Failed download:
['ATVI']: YFTzMissingError('possibly delisted; no timezone found')
    Warning: No data found for ATVI
    YFinance output for PLL: 1 Failed download:
['PLL']: YFPricesMissingError('possibly delisted; no price data found  (1d 2015-08-27 00:00:00 -> 2015-09-22) (Yahoo error = "Data doesn\'t exist for startDate = 1440648000, endDate = 1442894400")')
    Warning: No data found for PLL
  ✗ S2: Insufficient data for ATVI/PLL

6/223: 2015-08-27: Added=UAL, Removed=HSP
  Holding Period End Date: 2015-09-21
  ✓ S1: UAL 13.29%, Portfolio: $1,368,528
    YFinance output for HSP: 1 Failed download:
['HSP']: YFPricesMissingError('possibly delisted; no price data found  (1d 2015-08-27 00:00:00 -> 2015-09-22)')
    Warning: No data found for HSP
  ✗ S2: Insufficient data for UAL/HSP

7/223: 2015-09-30: Added=VRSK, Removed=JOY
  Holding Period End Date: 2015-10-22
  ✓ S1: VRSK 8.17%, Portfolio: $1,480,365
    YFinance output for JOY: 1 Failed download:
['JOY']: YFPricesMissingError('possibly delisted; no price data found  (1d 2015-09-30 00:00:00 -> 2015-10-23)')
    Warning: No data found for JOY
  ✗ S2: Insufficient data for VRSK/JOY

8/223: 2015-10-27: Added=HPE, Removed=HCBK
  Holding Period End Date: 2015-11-18
  ✓ S1: HPE -13.29%, Portfolio: $1,283,673
    YFinance output for HCBK: 1 Failed download:
['HCBK']: YFPricesMissingError('possibly delisted; no price data found  (1d 2015-10-27 00:00:00 -> 2015-11-19)')
    Warning: No data found for HCBK
  ✗ S2: Insufficient data for HPE/HCBK

9/223: 2015-11-09: Added=SYF, Removed=GNW
  Holding Period End Date: 2015-12-02
  ✓ S1: SYF -2.09%, Portfolio: $1,256,831
  ✓ S2: Long SYF (-2.09%), Short GNW (0.85%)
      Combined: -0.62%, Portfolio: $993,791

10/223: 2015-11-12: Added=ILMN, Removed=SIAL
  Holding Period End Date: 2015-12-07
  ✓ S1: ILMN 13.32%, Portfolio: $1,424,258
    YFinance output for SIAL: 1 Failed download:
['SIAL']: YFPricesMissingError('possibly delisted; no price data found  (1d 2015-11-12 00:00:00 -> 2015-12-08)')
    Warning: No data found for SIAL
  ✗ S2: Insufficient data for ILMN/SIAL

11/223: 2015-11-23: Added=CSRA, Removed=CSC
  Holding Period End Date: 2015-12-16
  ✓ S1: CSRA -15.44%, Portfolio: $1,204,365
  ✓ S2: Long CSRA (-15.44%), Short CSC (0.00%)
      Combined: -7.72%, Portfolio: $917,075

12/223: 2015-12-15: Added=nan, Removed=CMCSK
  Holding Period End Date: 2016-01-08

13/223: 2015-12-22: Added=CHD, Removed=ALTR
  Holding Period End Date: 2016-01-15
  ✓ S1: CHD -7.50%, Portfolio: $1,114,034
    YFinance output for ALTR: 1 Failed download:
['ALTR']: YFTzMissingError('possibly delisted; no timezone found')
    Warning: No data found for ALTR
  ✗ S2: Insufficient data for CHD/ALTR

14/223: 2015-12-28: Added=WLTW, Removed=FOSL
  Holding Period End Date: 2016-01-21
    YFinance output for WLTW: 1 Failed download:
['WLTW']: YFTzMissingError('possibly delisted; no timezone found')
    Warning: No data found for WLTW
  ✗ S1: Insufficient data for WLTW
    YFinance output for WLTW: 1 Failed download:
['WLTW']: YFTzMissingError('possibly delisted; no timezone found')
    Warning: No data found for WLTW
  ✗ S2: Insufficient data for WLTW/FOSL

15/223: 2016-01-13: Added=EXR, Removed=ACE
  Holding Period End Date: 2016-02-05
  ✓ S1: EXR -8.75%, Portfolio: $1,016,501
    YFinance output for ACE: 1 Failed download:
['ACE']: YFPricesMissingError('possibly delisted; no price data found  (1d 2016-01-13 00:00:00 -> 2016-02-08) (Yahoo error = "Data doesn\'t exist for startDate = 1452661200, endDate = 1454907600")')
    Warning: No data found for ACE
  ✗ S2: Insufficient data for EXR/ACE

16/223: 2016-01-22: Added=FRT, Removed=BRCM
  Holding Period End Date: 2016-02-16
  ✓ S1: FRT -0.92%, Portfolio: $1,007,167
    YFinance output for BRCM: 1 Failed download:
['BRCM']: YFPricesMissingError('possibly delisted; no price data found  (1d 2016-01-22 00:00:00 -> 2016-02-17)')
    Warning: No data found for BRCM
  ✗ S2: Insufficient data for FRT/BRCM

17/223: 2016-01-26: Added=CFG, Removed=PCP
  Holding Period End Date: 2016-02-18
  ✓ S1: CFG -5.36%, Portfolio: $953,181
    YFinance output for PCP: 1 Failed download:
['PCP']: YFPricesMissingError('possibly delisted; no price data found  (1d 2016-01-26 00:00:00 -> 2016-02-19) (Yahoo error = "Data doesn\'t exist for startDate = 1453784400, endDate = 1455858000")')
    Warning: No data found for PCP
  ✗ S2: Insufficient data for CFG/PCP

18/223: 2016-02-16: Added=CXO, Removed=PCL
  Holding Period End Date: 2016-03-09
    YFinance output for CXO: 1 Failed download:
['CXO']: YFTzMissingError('possibly delisted; no timezone found')
    Warning: No data found for CXO
  ✗ S1: Insufficient data for CXO
    YFinance output for CXO: 1 Failed download:
['CXO']: YFTzMissingError('possibly delisted; no timezone found')
    Warning: No data found for CXO
    YFinance output for PCL: 1 Failed download:
['PCL']: YFPricesMissingError('possibly delisted; no price data found  (1d 2016-02-16 00:00:00 -> 2016-03-10) (Yahoo error = "Data doesn\'t exist for startDate = 1455598800, endDate = 1457586000")')
    Warning: No data found for PCL
  ✗ S2: Insufficient data for CXO/PCL

19/223: 2016-03-01: Added=AWK, Removed=CNX
  Holding Period End Date: 2016-03-23
  ✓ S1: AWK 3.45%, Portfolio: $986,025
  ✓ S2: Long AWK (3.45%), Short CNX (-13.31%)
      Combined: -4.93%, Portfolio: $871,824

20/223: 2016-03-04: Added=UDR, Removed=GMCR
  Holding Period End Date: 2016-03-29
  ✓ S1: UDR 9.61%, Portfolio: $1,080,769
    YFinance output for GMCR: 1 Failed download:
['GMCR']: YFPricesMissingError('possibly delisted; no price data found  (1d 2016-03-04 00:00:00 -> 2016-03-30)')
    Warning: No data found for GMCR
  ✗ S2: Insufficient data for UDR/GMCR

21/223: 2016-03-24: Added=CNC, Removed=ESV
  Holding Period End Date: 2016-04-18
  ✓ S1: CNC -6.85%, Portfolio: $1,006,695
    YFinance output for ESV: 1 Failed download:
['ESV']: YFTzMissingError('possibly delisted; no timezone found')
    Warning: No data found for ESV
  ✗ S2: Insufficient data for CNC/ESV

22/223: 2016-03-24: Added=HOLX, Removed=POM
  Holding Period End Date: 2016-04-18
  ✓ S1: HOLX 7.10%, Portfolio: $1,078,204
    YFinance output for POM: 1 Failed download:
['POM']: YFPricesMissingError('possibly delisted; no price data found  (1d 2016-03-24 00:00:00 -> 2016-04-19)')
    Warning: No data found for POM
  ✗ S2: Insufficient data for HOLX/POM

23/223: 2016-03-28: Added=FL, Removed=CAM
  Holding Period End Date: 2016-04-19
  ✓ S1: FL -4.84%, Portfolio: $1,026,021
    YFinance output for CAM: 1 Failed download:
['CAM']: YFPricesMissingError('possibly delisted; no price data found  (1d 2016-03-28 00:00:00 -> 2016-04-20)')
    Warning: No data found for CAM
  ✗ S2: Insufficient data for FL/CAM

24/223: 2016-04-07: Added=ULTA, Removed=THC
  Holding Period End Date: 2016-04-29
  ✓ S1: ULTA 7.29%, Portfolio: $1,100,864
  ✓ S2: Long ULTA (7.29%), Short THC (-9.97%)
      Combined: -1.34%, Portfolio: $860,154

25/223: 2016-04-19: Added=GPN, Removed=GME
  Holding Period End Date: 2016-05-11
  ✓ S1: GPN -3.29%, Portfolio: $1,064,647
  ✓ S2: Long GPN (-3.29%), Short GME (11.13%)
      Combined: 3.92%, Portfolio: $893,873

26/223: 2016-04-26: Added=AYI, Removed=ADT
  Holding Period End Date: 2016-05-18
  ✓ S1: AYI -3.16%, Portfolio: $1,030,983
    YFinance output for ADT: 1 Failed download:
['ADT']: YFPricesMissingError('possibly delisted; no price data found  (1d 2016-04-26 00:00:00 -> 2016-05-19) (Yahoo error = "Data doesn\'t exist for startDate = 1461643200, endDate = 1463630400")')
    Warning: No data found for ADT
  ✗ S2: Insufficient data for AYI/ADT

27/223: 2016-05-10: Added=ALK, Removed=SNDK
  Holding Period End Date: 2016-06-02
  ✓ S1: ALK -4.49%, Portfolio: $984,713
    YFinance output for SNDK: 1 Failed download:
['SNDK']: YFPricesMissingError('possibly delisted; no price data found  (1d 2016-05-10 00:00:00 -> 2016-06-03) (Yahoo error = "Data doesn\'t exist for startDate = 1462852800, endDate = 1464926400")')
    Warning: No data found for SNDK
  ✗ S2: Insufficient data for ALK/SNDK

28/223: 2016-05-13: Added=DLR, Removed=TWC
  Holding Period End Date: 2016-06-07
  ✓ S1: DLR 8.11%, Portfolio: $1,064,616
    YFinance output for TWC: 1 Failed download:
['TWC']: YFPricesMissingError('possibly delisted; no price data found  (1d 2016-05-13 00:00:00 -> 2016-06-08)')
    Warning: No data found for TWC
  ✗ S2: Insufficient data for DLR/TWC

29/223: 2016-05-18: Added=LKQ, Removed=ARG
  Holding Period End Date: 2016-06-10
  ✓ S1: LKQ 0.75%, Portfolio: $1,072,603
    YFinance output for ARG: 1 Failed download:
['ARG']: YFPricesMissingError('possibly delisted; no price data found  (1d 2016-05-18 00:00:00 -> 2016-06-13) (Yahoo error = "Data doesn\'t exist for startDate = 1463544000, endDate = 1465790400")')
    Warning: No data found for ARG
  ✗ S2: Insufficient data for LKQ/ARG

30/223: 2016-05-24: Added=AJG, Removed=CCE
  Holding Period End Date: 2016-06-16
  ✓ S1: AJG -2.39%, Portfolio: $1,046,961
    YFinance output for CCE: 1 Failed download:
['CCE']: YFPricesMissingError('possibly delisted; no price data found  (1d 2016-05-24 00:00:00 -> 2016-06-17)')
    Warning: No data found for CCE
  ✗ S2: Insufficient data for AJG/CCE

31/223: 2016-05-27: Added=TDG, Removed=BXLT
  Holding Period End Date: 2016-06-21
  ✓ S1: TDG 2.64%, Portfolio: $1,074,652
    YFinance output for BXLT: 1 Failed download:
['BXLT']: YFPricesMissingError('possibly delisted; no price data found  (1d 2016-05-27 00:00:00 -> 2016-06-22)')
    Warning: No data found for BXLT
  ✗ S2: Insufficient data for TDG/BXLT

32/223: 2016-06-21: Added=FBHS, Removed=CVC
  Holding Period End Date: 2016-07-14
    YFinance output for FBHS: 1 Failed download:
['FBHS']: YFTzMissingError('possibly delisted; no timezone found')
    Warning: No data found for FBHS
  ✗ S1: Insufficient data for FBHS
    YFinance output for FBHS: 1 Failed download:
['FBHS']: YFTzMissingError('possibly delisted; no timezone found')
    Warning: No data found for FBHS
    YFinance output for CVC: 1 Failed download:
['CVC']: YFPricesMissingError('possibly delisted; no price data found  (1d 2016-06-21 00:00:00 -> 2016-07-15)')
    Warning: No data found for CVC
  ✗ S2: Insufficient data for FBHS/CVC

33/223: 2016-06-23: Added=FTV, Removed=CPGX
  Holding Period End Date: 2016-07-18
  ✓ S1: FTV 5.53%, Portfolio: $1,134,133
    YFinance output for CPGX: 1 Failed download:
['CPGX']: YFPricesMissingError('possibly delisted; no price data found  (1d 2016-06-23 00:00:00 -> 2016-07-19)')
    Warning: No data found for CPGX
  ✗ S2: Insufficient data for FTV/CPGX

34/223: 2016-06-23: Added=ALB, Removed=TE
  Holding Period End Date: 2016-07-18
  ✓ S1: ALB 2.14%, Portfolio: $1,158,456
    YFinance output for TE: 1 Failed download:
['TE']: YFPricesMissingError('possibly delisted; no price data found  (1d 2016-06-23 00:00:00 -> 2016-07-19) (Yahoo error = "Data doesn\'t exist for startDate = 1466654400, endDate = 1468900800")')
    Warning: No data found for TE
  ✗ S2: Insufficient data for ALB/TE

35/223: 2016-06-29: Added=LNT, Removed=GAS
  Holding Period End Date: 2016-07-22
  ✓ S1: LNT 1.33%, Portfolio: $1,173,875
  ✓ S2: Long LNT (1.33%), Short GAS (0.81%)
      Combined: 1.07%, Portfolio: $903,455

36/223: 2016-08-25: Added=MTD, Removed=TYC
  Holding Period End Date: 2016-09-19
  ✓ S1: MTD -1.18%, Portfolio: $1,160,079
    YFinance output for TYC: 1 Failed download:
['TYC']: YFPricesMissingError('possibly delisted; no price data found  (1d 2016-08-25 00:00:00 -> 2016-09-20)')
    Warning: No data found for TYC
  ✗ S2: Insufficient data for MTD/TYC

37/223: 2016-08-31: Added=CHTR, Removed=EMC
  Holding Period End Date: 2016-09-23
  ✓ S1: CHTR 7.34%, Portfolio: $1,245,187
    YFinance output for EMC: 1 Failed download:
['EMC']: YFPricesMissingError('possibly delisted; no price data found  (1d 2016-08-31 00:00:00 -> 2016-09-26) (Yahoo error = "Data doesn\'t exist for startDate = 1472616000, endDate = 1474862400")')
    Warning: No data found for EMC
  ✗ S2: Insufficient data for CHTR/EMC

38/223: 2016-09-10: Added=COO, Removed=HOT
  Holding Period End Date: 2016-10-04
  ✓ S1: COO -5.28%, Portfolio: $1,179,440
  ✓ S2: Long COO (-5.28%), Short HOT (-2.50%)
      Combined: -3.89%, Portfolio: $868,300

39/223: 2016-09-27: Added=COTY, Removed=DO
  Holding Period End Date: 2016-10-19
  ✓ S1: COTY 0.43%, Portfolio: $1,184,470
    YFinance output for DO: 1 Failed download:
['DO']: YFTzMissingError('possibly delisted; no timezone found')
    Warning: No data found for DO
  ✗ S2: Insufficient data for COTY/DO

40/223: 2016-11-29: Added=MAA, Removed=OI
  Holding Period End Date: 2016-12-21
  ✓ S1: MAA 0.55%, Portfolio: $1,191,036
  ✓ S2: Long MAA (0.55%), Short OI (-2.27%)
      Combined: -0.86%, Portfolio: $860,861

41/223: 2016-11-29: Added=EVHC, Removed=LM
  Holding Period End Date: 2016-12-21
  ✓ S1: EVHC -2.58%, Portfolio: $1,160,279
    YFinance output for LM: 1 Failed download:
['LM']: YFTzMissingError('possibly delisted; no timezone found')
    Warning: No data found for LM
  ✗ S2: Insufficient data for EVHC/LM

42/223: 2017-01-03: Added=IDXX, Removed=STJ
  Holding Period End Date: 2017-01-26
  ✓ S1: IDXX 1.71%, Portfolio: $1,180,111
    YFinance output for STJ: 1 Failed download:
['STJ']: YFPricesMissingError('possibly delisted; no price data found  (1d 2017-01-03 00:00:00 -> 2017-01-27)')
    Warning: No data found for STJ
  ✗ S2: Insufficient data for IDXX/STJ

43/223: 2017-02-23: Added=INCY, Removed=SE
  Holding Period End Date: 2017-03-17
  ✓ S1: INCY 21.33%, Portfolio: $1,431,810
    YFinance output for SE: 1 Failed download:
['SE']: YFPricesMissingError('possibly delisted; no price data found  (1d 2017-02-23 00:00:00 -> 2017-03-20) (Yahoo error = "Data doesn\'t exist for startDate = 1487826000, endDate = 1489982400")')
    Warning: No data found for SE
  ✗ S2: Insufficient data for INCY/SE

44/223: 2017-02-23: Added=CBOE, Removed=PBI
  Holding Period End Date: 2017-03-17
  ✓ S1: CBOE 0.71%, Portfolio: $1,441,958
  ✓ S2: Long CBOE (0.71%), Short PBI (7.55%)
      Combined: 4.13%, Portfolio: $896,429

45/223: 2017-02-23: Added=REG, Removed=ENDP
  Holding Period End Date: 2017-03-17
  ✓ S1: REG -5.69%, Portfolio: $1,359,852
    YFinance output for ENDP: 1 Failed download:
['ENDP']: YFTzMissingError('possibly delisted; no timezone found')
    Warning: No data found for ENDP
  ✗ S2: Insufficient data for REG/ENDP

46/223: 2017-03-06: Added=DISH, Removed=LLTC
  Holding Period End Date: 2017-03-28
    YFinance output for DISH: 1 Failed download:
['DISH']: YFTzMissingError('possibly delisted; no timezone found')
    Warning: No data found for DISH
  ✗ S1: Insufficient data for DISH
    YFinance output for DISH: 1 Failed download:
['DISH']: YFTzMissingError('possibly delisted; no timezone found')
    Warning: No data found for DISH
    YFinance output for LLTC: 1 Failed download:
['LLTC']: YFPricesMissingError('possibly delisted; no price data found  (1d 2017-03-06 00:00:00 -> 2017-03-29)')
    Warning: No data found for LLTC
  ✗ S2: Insufficient data for DISH/LLTC

47/223: 2017-03-10: Added=ARE, Removed=FSLR
  Holding Period End Date: 2017-04-03
  ✓ S1: ARE 2.55%, Portfolio: $1,394,555
  ✓ S2: Long ARE (2.55%), Short FSLR (23.05%)
      Combined: 12.80%, Portfolio: $1,011,197

48/223: 2017-03-10: Added=RJF, Removed=FTR
  Holding Period End Date: 2017-04-03
  ✓ S1: RJF -3.55%, Portfolio: $1,345,043
    YFinance output for FTR: 1 Failed download:
['FTR']: YFTzMissingError('possibly delisted; no timezone found')
    Warning: No data found for FTR
  ✗ S2: Insufficient data for RJF/FTR

49/223: 2017-03-10: Added=AMD, Removed=URBN
  Holding Period End Date: 2017-04-03
  ✓ S1: AMD 5.25%, Portfolio: $1,415,632
  ✓ S2: Long AMD (5.25%), Short URBN (8.49%)
      Combined: 6.87%, Portfolio: $1,080,663

50/223: 2017-03-13: Added=SNPS, Removed=HAR
  Holding Period End Date: 2017-04-04
  ✓ S1: SNPS -0.15%, Portfolio: $1,413,472
  ✓ S2: Long SNPS (-0.15%), Short HAR (-6.50%)
      Combined: -3.32%, Portfolio: $1,044,732

51/223: 2017-03-28: Added=DXC, Removed=SWN
  Holding Period End Date: 2017-04-20
  ✓ S1: DXC 9.29%, Portfolio: $1,544,853
    YFinance output for SWN: 1 Failed download:
['SWN']: YFTzMissingError('possibly delisted; no timezone found')
    Warning: No data found for SWN
  ✗ S2: Insufficient data for DXC/SWN

52/223: 2017-03-29: Added=IT, Removed=DNB
  Holding Period End Date: 2017-04-21
  ✓ S1: IT 3.66%, Portfolio: $1,601,469
    YFinance output for DNB: 1 Failed download:
['DNB']: YFPricesMissingError('possibly delisted; no price data found  (1d 2017-03-29 00:00:00 -> 2017-04-24) (Yahoo error = "Data doesn\'t exist for startDate = 1490760000, endDate = 1493006400")')
    Warning: No data found for DNB
  ✗ S2: Insufficient data for IT/DNB

53/223: 2017-05-24: Added=INFO, Removed=TGNA
  Holding Period End Date: 2017-06-16
    YFinance output for INFO: 1 Failed download:
['INFO']: YFPricesMissingError('possibly delisted; no price data found  (1d 2017-05-24 00:00:00 -> 2017-06-19) (Yahoo error = "Data doesn\'t exist for startDate = 1495598400, endDate = 1497844800")')
    Warning: No data found for INFO
  ✗ S1: Insufficient data for INFO
    YFinance output for INFO: 1 Failed download:
['INFO']: YFPricesMissingError('possibly delisted; no price data found  (1d 2017-05-24 00:00:00 -> 2017-06-19) (Yahoo error = "Data doesn\'t exist for startDate = 1495598400, endDate = 1497844800")')
    Warning: No data found for INFO
  ✗ S2: Insufficient data for INFO/TGNA

54/223: 2017-06-09: Added=ANSS, Removed=R
  Holding Period End Date: 2017-07-03
  ✓ S1: ANSS -3.25%, Portfolio: $1,549,382
  ✓ S2: Long ANSS (-3.25%), Short R (-10.55%)
      Combined: -6.90%, Portfolio: $972,620

55/223: 2017-06-09: Added=ALGN, Removed=TDC
  Holding Period End Date: 2017-07-03
  ✓ S1: ALGN 0.12%, Portfolio: $1,551,255
  ✓ S2: Long ALGN (0.12%), Short TDC (-5.67%)
      Combined: -2.78%, Portfolio: $945,616

56/223: 2017-06-09: Added=HLT, Removed=YHOO
  Holding Period End Date: 2017-07-03
  ✓ S1: HLT -5.31%, Portfolio: $1,468,841
    YFinance output for YHOO: 1 Failed download:
['YHOO']: YFTzMissingError('possibly delisted; no timezone found')
    Warning: No data found for YHOO
  ✗ S2: Insufficient data for HLT/YHOO

57/223: 2017-06-12: Added=RE, Removed=MJN
  Holding Period End Date: 2017-07-05
    YFinance output for RE: 1 Failed download:
['RE']: YFTzMissingError('possibly delisted; no timezone found')
    Warning: No data found for RE
  ✗ S1: Insufficient data for RE
    YFinance output for RE: 1 Failed download:
['RE']: YFTzMissingError('possibly delisted; no timezone found')
    Warning: No data found for RE
    YFinance output for MJN: 1 Failed download:
['MJN']: YFPricesMissingError('possibly delisted; no price data found  (1d 2017-06-12 00:00:00 -> 2017-07-06)')
    Warning: No data found for MJN
  ✗ S2: Insufficient data for RE/MJN

58/223: 2017-06-30: Added=BKR, Removed=BHI
  Holding Period End Date: 2017-07-25
  ✓ S1: BKR -7.17%, Portfolio: $1,363,556
    YFinance output for BHI: 1 Failed download:
['BHI']: YFPricesMissingError('possibly delisted; no price data found  (1d 2017-06-30 00:00:00 -> 2017-07-26) (Yahoo error = "Data doesn\'t exist for startDate = 1498795200, endDate = 1501041600")')
    Warning: No data found for BHI
  ✗ S2: Insufficient data for BKR/BHI

59/223: 2017-07-19: Added=MGM, Removed=RAI
  Holding Period End Date: 2017-08-10
  ✓ S1: MGM -6.95%, Portfolio: $1,268,743
    YFinance output for RAI: 1 Failed download:
['RAI']: YFPricesMissingError('possibly delisted; no price data found  (1d 2017-07-19 00:00:00 -> 2017-08-11)')
    Warning: No data found for RAI
  ✗ S2: Insufficient data for MGM/RAI

60/223: 2017-07-19: Added=RMD, Removed=MNK
  Holding Period End Date: 2017-08-10
  ✓ S1: RMD -6.97%, Portfolio: $1,180,325
    YFinance output for MNK: 1 Failed download:
['MNK']: YFTzMissingError('possibly delisted; no timezone found')
    Warning: No data found for MNK
  ✗ S2: Insufficient data for RMD/MNK

61/223: 2017-07-19: Added=PKG, Removed=MUR
  Holding Period End Date: 2017-08-10
  ✓ S1: PKG -4.41%, Portfolio: $1,128,289
  ✓ S2: Long PKG (-4.41%), Short MUR (1.59%)
      Combined: -1.41%, Portfolio: $932,289

62/223: 2017-07-19: Added=AOS, Removed=BBBY
  Holding Period End Date: 2017-08-10
  ✓ S1: AOS -6.78%, Portfolio: $1,051,842
    YFinance output for BBBY: 1 Failed download:
['BBBY']: YFTzMissingError('possibly delisted; no timezone found')
    Warning: No data found for BBBY
  ✗ S2: Insufficient data for AOS/BBBY

63/223: 2017-07-19: Added=DRE, Removed=RIG
  Holding Period End Date: 2017-08-10
    YFinance output for DRE: 1 Failed download:
['DRE']: YFTzMissingError('possibly delisted; no timezone found')
    Warning: No data found for DRE
  ✗ S1: Insufficient data for DRE
    YFinance output for DRE: 1 Failed download:
['DRE']: YFTzMissingError('possibly delisted; no timezone found')
    Warning: No data found for DRE
  ✗ S2: Insufficient data for DRE/RIG

64/223: 2017-07-31: Added=BHF, Removed=AN
  Holding Period End Date: 2017-08-22
  ✓ S1: BHF -13.32%, Portfolio: $911,756
  ✓ S2: Long BHF (-13.32%), Short AN (-0.87%)
      Combined: -7.09%, Portfolio: $866,172

65/223: 2017-08-24: Added=Q, Removed=WFM
  Holding Period End Date: 2017-09-18
    YFinance output for Q: 1 Failed download:
['Q']: YFPricesMissingError('possibly delisted; no price data found  (1d 2017-08-24 00:00:00 -> 2017-09-19)')
    Warning: No data found for Q
  ✗ S1: Insufficient data for Q
    YFinance output for Q: 1 Failed download:
['Q']: YFPricesMissingError('possibly delisted; no price data found  (1d 2017-08-24 00:00:00 -> 2017-09-19)')
    Warning: No data found for Q
    YFinance output for WFM: 1 Failed download:
['WFM']: YFPricesMissingError('possibly delisted; no price data found  (1d 2017-08-24 00:00:00 -> 2017-09-19)')
    Warning: No data found for WFM
  ✗ S2: Insufficient data for Q/WFM

66/223: 2017-08-24: Added=SBAC, Removed=DD
  Holding Period End Date: 2017-09-18
  ✓ S1: SBAC 1.65%, Portfolio: $926,841
  ✓ S2: Long SBAC (1.65%), Short DD (-7.77%)
      Combined: -3.06%, Portfolio: $839,694

67/223: 2017-08-24: Added=DWDP, Removed=DOW
  Holding Period End Date: 2017-09-18
    YFinance output for DWDP: 1 Failed download:
['DWDP']: YFTzMissingError('possibly delisted; no timezone found')
    Warning: No data found for DWDP
  ✗ S1: Insufficient data for DWDP
    YFinance output for DWDP: 1 Failed download:
['DWDP']: YFTzMissingError('possibly delisted; no timezone found')
    Warning: No data found for DWDP
    YFinance output for DOW: 1 Failed download:
['DOW']: YFPricesMissingError('possibly delisted; no price data found  (1d 2017-08-24 00:00:00 -> 2017-09-19) (Yahoo error = "Data doesn\'t exist for startDate = 1503547200, endDate = 1505793600")')
    Warning: No data found for DOW
  ✗ S2: Insufficient data for DWDP/DOW

68/223: 2017-08-24: Added=CDNS, Removed=SPLS
  Holding Period End Date: 2017-09-18
  ✓ S1: CDNS 4.30%, Portfolio: $966,727
    YFinance output for SPLS: 1 Failed download:
['SPLS']: YFPricesMissingError('possibly delisted; no price data found  (1d 2017-08-24 00:00:00 -> 2017-09-19)')
    Warning: No data found for SPLS
  ✗ S2: Insufficient data for CDNS/SPLS

69/223: 2017-10-04: Added=NCLH, Removed=LVLT
  Holding Period End Date: 2017-10-26
  ✓ S1: NCLH -1.89%, Portfolio: $948,421
    YFinance output for LVLT: 1 Failed download:
['LVLT']: YFPricesMissingError('possibly delisted; no price data found  (1d 2017-10-04 00:00:00 -> 2017-10-27)')
    Warning: No data found for LVLT
  ✗ S2: Insufficient data for NCLH/LVLT

70/223: 2017-12-28: Added=HII, Removed=BCR
  Holding Period End Date: 2018-01-23
  ✓ S1: HII -1.84%, Portfolio: $930,954
    YFinance output for BCR: 1 Failed download:
['BCR']: YFPricesMissingError('possibly delisted; no price data found  (1d 2017-12-28 00:00:00 -> 2018-01-24)')
    Warning: No data found for BCR
  ✗ S2: Insufficient data for HII/BCR

71/223: 2018-03-02: Added=IPGP, Removed=SNI
  Holding Period End Date: 2018-03-26
  ✓ S1: IPGP -1.76%, Portfolio: $914,602
    YFinance output for SNI: 1 Failed download:
['SNI']: YFPricesMissingError('possibly delisted; no price data found  (1d 2018-03-02 00:00:00 -> 2018-03-27)')
    Warning: No data found for SNI
  ✗ S2: Insufficient data for IPGP/SNI

72/223: 2018-03-09: Added=TTWO, Removed=SIG
  Holding Period End Date: 2018-04-03
  ✓ S1: TTWO -17.79%, Portfolio: $751,854
  ✓ S2: Long TTWO (-17.79%), Short SIG (37.90%)
      Combined: 10.05%, Portfolio: $924,115

73/223: 2018-03-09: Added=NKTR, Removed=CHK
  Holding Period End Date: 2018-04-03
  ✓ S1: NKTR -8.29%, Portfolio: $689,535
    YFinance output for CHK: 1 Failed download:
['CHK']: YFTzMissingError('possibly delisted; no timezone found')
    Warning: No data found for CHK
  ✗ S2: Insufficient data for NKTR/CHK

74/223: 2018-03-09: Added=SIVB, Removed=PDCO
  Holding Period End Date: 2018-04-03
    YFinance output for SIVB: 1 Failed download:
['SIVB']: YFTzMissingError('possibly delisted; no timezone found')
    Warning: No data found for SIVB
  ✗ S1: Insufficient data for SIVB
    YFinance output for SIVB: 1 Failed download:
['SIVB']: YFTzMissingError('possibly delisted; no timezone found')
    Warning: No data found for SIVB
    YFinance output for PDCO: 1 Failed download:
['PDCO']: YFTzMissingError('possibly delisted; no timezone found')
    Warning: No data found for PDCO
  ✗ S2: Insufficient data for SIVB/PDCO

75/223: 2018-03-28: Added=MSCI, Removed=CSRA
  Holding Period End Date: 2018-04-20
  ✓ S1: MSCI -0.64%, Portfolio: $685,138
  ✓ S2: Long MSCI (-0.64%), Short CSRA (0.00%)
      Combined: -0.32%, Portfolio: $921,168

76/223: 2018-05-25: Added=ABMD, Removed=WYN
  Holding Period End Date: 2018-06-19
    YFinance output for ABMD: 1 Failed download:
['ABMD']: YFTzMissingError('possibly delisted; no timezone found')
    Warning: No data found for ABMD
  ✗ S1: Insufficient data for ABMD
    YFinance output for ABMD: 1 Failed download:
['ABMD']: YFTzMissingError('possibly delisted; no timezone found')
    Warning: No data found for ABMD
    YFinance output for WYN: 1 Failed download:
['WYN']: YFPricesMissingError('possibly delisted; no price data found  (1d 2018-05-25 00:00:00 -> 2018-06-20)')
    Warning: No data found for WYN
  ✗ S2: Insufficient data for ABMD/WYN

77/223: 2018-05-31: Added=EVRG, Removed=NAVI
  Holding Period End Date: 2018-06-22
  ✓ S1: EVRG -3.99%, Portfolio: $657,829
  ✓ S2: Long EVRG (-3.99%), Short NAVI (3.21%)
      Combined: -0.39%, Portfolio: $917,612

78/223: 2018-06-04: Added=TWTR, Removed=MON
  Holding Period End Date: 2018-06-26
    YFinance output for TWTR: 1 Failed download:
['TWTR']: YFTzMissingError('possibly delisted; no timezone found')
    Warning: No data found for TWTR
  ✗ S1: Insufficient data for TWTR
    YFinance output for TWTR: 1 Failed download:
['TWTR']: YFTzMissingError('possibly delisted; no timezone found')
    Warning: No data found for TWTR
    YFinance output for MON: 1 Failed download:
['MON']: YFTzMissingError('possibly delisted; no timezone found')
    Warning: No data found for MON
  ✗ S2: Insufficient data for TWTR/MON

79/223: 2018-06-08: Added=HFC, Removed=AYI
  Holding Period End Date: 2018-07-02
    YFinance output for HFC: 1 Failed download:
['HFC']: YFTzMissingError('possibly delisted; no timezone found')
    Warning: No data found for HFC
  ✗ S1: Insufficient data for HFC
    YFinance output for HFC: 1 Failed download:
['HFC']: YFTzMissingError('possibly delisted; no timezone found')
    Warning: No data found for HFC
  ✗ S2: Insufficient data for HFC/AYI

80/223: 2018-06-08: Added=BR, Removed=RRC
  Holding Period End Date: 2018-07-02
  ✓ S1: BR -2.62%, Portfolio: $640,622
  ✓ S2: Long BR (-2.62%), Short RRC (-4.12%)
      Combined: -3.37%, Portfolio: $886,706

81/223: 2018-06-15: Added=FLT, Removed=TWX
  Holding Period End Date: 2018-07-10
    YFinance output for FLT: 1 Failed download:
['FLT']: YFTzMissingError('possibly delisted; no timezone found')
    Warning: No data found for FLT
  ✗ S1: Insufficient data for FLT
    YFinance output for FLT: 1 Failed download:
['FLT']: YFTzMissingError('possibly delisted; no timezone found')
    Warning: No data found for FLT
  ✗ S2: Insufficient data for FLT/TWX

82/223: 2018-06-25: Added=CPRT, Removed=DPS
  Holding Period End Date: 2018-07-18
  ✓ S1: CPRT 1.75%, Portfolio: $651,830
    YFinance output for DPS: 1 Failed download:
['DPS']: YFPricesMissingError('possibly delisted; no price data found  (1d 2018-06-25 00:00:00 -> 2018-07-19)')
    Warning: No data found for DPS
  ✗ S2: Insufficient data for CPRT/DPS

83/223: 2018-08-23: Added=ANET, Removed=GGP
  Holding Period End Date: 2018-09-17
  ✓ S1: ANET -6.20%, Portfolio: $611,397
    YFinance output for GGP: 1 Failed download:
['GGP']: YFPricesMissingError('possibly delisted; no price data found  (1d 2018-08-23 00:00:00 -> 2018-09-18)')
    Warning: No data found for GGP
  ✗ S2: Insufficient data for ANET/GGP

84/223: 2018-09-11: Added=WCG, Removed=XL
  Holding Period End Date: 2018-10-03
    YFinance output for WCG: 1 Failed download:
['WCG']: YFTzMissingError('possibly delisted; no timezone found')
    Warning: No data found for WCG
  ✗ S1: Insufficient data for WCG
    YFinance output for WCG: 1 Failed download:
['WCG']: YFTzMissingError('possibly delisted; no timezone found')
    Warning: No data found for WCG
    YFinance output for XL: 1 Failed download:
['XL']: YFTzMissingError('possibly delisted; no timezone found')
    Warning: No data found for XL
  ✗ S2: Insufficient data for WCG/XL

85/223: 2018-09-25: Added=ROL, Removed=ANDV
  Holding Period End Date: 2018-10-17
  ✓ S1: ROL -8.18%, Portfolio: $561,393
  ✓ S2: Long ROL (-8.18%), Short ANDV (2.47%)
      Combined: -2.85%, Portfolio: $861,393

86/223: 2018-10-04: Added=FTNT, Removed=EVHC
  Holding Period End Date: 2018-10-26
  ✓ S1: FTNT -12.43%, Portfolio: $491,604
  ✓ S2: Long FTNT (-12.43%), Short EVHC (-0.13%)
      Combined: -6.28%, Portfolio: $807,289

87/223: 2018-10-30: Added=KEYS, Removed=CA
  Holding Period End Date: 2018-11-21
  ✓ S1: KEYS 0.35%, Portfolio: $493,325
    YFinance output for CA: 1 Failed download:
['CA']: YFPricesMissingError('possibly delisted; no price data found  (1d 2018-10-30 00:00:00 -> 2018-11-23) (Yahoo error = "Data doesn\'t exist for startDate = 1540872000, endDate = 1542949200")')
    Warning: No data found for CA
  ✗ S2: Insufficient data for KEYS/CA

88/223: 2018-11-07: Added=JKHY, Removed=EQT
  Holding Period End Date: 2018-11-30
  ✓ S1: JKHY -4.49%, Portfolio: $471,199
  ✓ S2: Long JKHY (-4.49%), Short EQT (-0.76%)
      Combined: -2.62%, Portfolio: $786,129

89/223: 2018-11-26: Added=FANG, Removed=SRCL
  Holding Period End Date: 2018-12-19
  ✓ S1: FANG -17.12%, Portfolio: $390,546
    YFinance output for SRCL: 1 Failed download:
['SRCL']: YFTzMissingError('possibly delisted; no timezone found')
    Warning: No data found for SRCL
  ✗ S2: Insufficient data for FANG/SRCL

90/223: 2018-11-26: Added=MXIM, Removed=AET
  Holding Period End Date: 2018-12-19
    YFinance output for MXIM: 1 Failed download:
['MXIM']: YFTzMissingError('possibly delisted; no timezone found')
    Warning: No data found for MXIM
  ✗ S1: Insufficient data for MXIM
    YFinance output for MXIM: 1 Failed download:
['MXIM']: YFTzMissingError('possibly delisted; no timezone found')
    Warning: No data found for MXIM
  ✗ S2: Insufficient data for MXIM/AET

91/223: 2018-11-26: Added=LW, Removed=COL
  Holding Period End Date: 2018-12-19
  ✓ S1: LW -6.69%, Portfolio: $364,403
  ✓ S2: Long LW (-6.69%), Short COL (28.57%)
      Combined: 10.94%, Portfolio: $872,122

92/223: 2018-12-27: Added=CE, Removed=ESRX
  Holding Period End Date: 2019-01-22
  ✓ S1: CE 6.82%, Portfolio: $389,247
    YFinance output for ESRX: 1 Failed download:
['ESRX']: YFPricesMissingError('possibly delisted; no price data found  (1d 2018-12-27 00:00:00 -> 2019-01-23)')
    Warning: No data found for ESRX
  ✗ S2: Insufficient data for CE/ESRX

93/223: 2018-12-27: Added=FRC, Removed=SCG
  Holding Period End Date: 2019-01-22
    YFinance output for FRC: 1 Failed download:
['FRC']: YFTzMissingError('possibly delisted; no timezone found')
    Warning: No data found for FRC
  ✗ S1: Insufficient data for FRC
    YFinance output for FRC: 1 Failed download:
['FRC']: YFTzMissingError('possibly delisted; no timezone found')
    Warning: No data found for FRC
  ✗ S2: Insufficient data for FRC/SCG

94/223: 2019-01-15: Added=TFX, Removed=PCG
  Holding Period End Date: 2019-02-07
  ✓ S1: TFX 5.77%, Portfolio: $411,710
  ✓ S2: Long TFX (5.77%), Short PCG (-50.85%)
      Combined: -22.54%, Portfolio: $675,534

95/223: 2019-02-08: Added=ATO, Removed=NFX
  Holding Period End Date: 2019-03-05
  ✓ S1: ATO 1.97%, Portfolio: $419,817
  ✓ S2: Long ATO (1.97%), Short NFX (-4.51%)
      Combined: -1.27%, Portfolio: $666,949

96/223: 2019-02-21: Added=WAB, Removed=GT
  Holding Period End Date: 2019-03-15
  ✓ S1: WAB -3.34%, Portfolio: $405,781
  ✓ S2: Long WAB (-3.34%), Short GT (7.09%)
      Combined: 1.88%, Portfolio: $679,460

97/223: 2019-03-14: Added=FOXA, Removed=FOXA
  Holding Period End Date: 2019-04-05
  ✓ S1: FOXA -7.31%, Portfolio: $376,134
  ✓ S2: Long FOXA (-7.31%), Short FOXA (7.88%)
      Combined: 0.29%, Portfolio: $681,416

98/223: 2019-03-14: Added=FOX, Removed=FOX
  Holding Period End Date: 2019-04-05
  ✓ S1: FOX -7.46%, Portfolio: $348,084
  ✓ S2: Long FOX (-7.46%), Short FOX (8.06%)
      Combined: 0.30%, Portfolio: $683,464

99/223: 2019-03-26: Added=DOW, Removed=BHF
  Holding Period End Date: 2019-04-17
  ✓ S1: DOW 19.39%, Portfolio: $415,563
  ✓ S2: Long DOW (19.39%), Short BHF (-12.69%)
      Combined: 3.35%, Portfolio: $706,352

100/223: 2019-05-28: Added=CTVA, Removed=FLR
  Holding Period End Date: 2019-06-19
  ✓ S1: CTVA -5.61%, Portfolio: $392,231
  ✓ S2: Long CTVA (-5.61%), Short FLR (-8.23%)
      Combined: -6.92%, Portfolio: $657,474

101/223: 2019-05-28: Added=DD, Removed=DWDP
  Holding Period End Date: 2019-06-19
  ✓ S1: DD 12.05%, Portfolio: $439,502
    YFinance output for DWDP: 1 Failed download:
['DWDP']: YFTzMissingError('possibly delisted; no timezone found')
    Warning: No data found for DWDP
  ✗ S2: Insufficient data for DD/DWDP

102/223: 2019-06-03: Added=BMS, Removed=MAT
  Holding Period End Date: 2019-06-25
  ✓ S1: BMS -0.69%, Portfolio: $436,452
  ✓ S2: Long BMS (-0.69%), Short MAT (-7.48%)
      Combined: -4.09%, Portfolio: $630,608

103/223: 2019-06-03: Added=AMCR, Removed=BMS
  Holding Period End Date: 2019-06-25
  ✓ S1: AMCR 2.78%, Portfolio: $448,587
  ✓ S2: Long AMCR (2.78%), Short BMS (0.70%)
      Combined: 1.74%, Portfolio: $641,578

104/223: 2019-06-24: Added=MKTX, Removed=LLL
  Holding Period End Date: 2019-07-17
  ✓ S1: MKTX 10.51%, Portfolio: $495,746
    YFinance output for LLL: 1 Failed download:
['LLL']: YFTzMissingError('possibly delisted; no timezone found')
    Warning: No data found for LLL
  ✗ S2: Insufficient data for MKTX/LLL

105/223: 2019-07-09: Added=TMUS, Removed=RHT
  Holding Period End Date: 2019-07-31
  ✓ S1: TMUS 6.09%, Portfolio: $525,959
    YFinance output for RHT: 1 Failed download:
['RHT']: YFTzMissingError('possibly delisted; no timezone found')
    Warning: No data found for RHT
  ✗ S2: Insufficient data for TMUS/RHT

106/223: 2019-08-01: Added=IEX, Removed=FL
  Holding Period End Date: 2019-08-23
  ✓ S1: IEX -4.50%, Portfolio: $502,306
  ✓ S2: Long IEX (-4.50%), Short FL (15.71%)
      Combined: 5.60%, Portfolio: $677,534

107/223: 2019-08-01: Added=LDOS, Removed=APC
  Holding Period End Date: 2019-08-23
  ✓ S1: LDOS 0.00%, Portfolio: $502,306
    YFinance output for APC: 1 Failed download:
['APC']: YFTzMissingError('possibly delisted; no timezone found')
    Warning: No data found for APC
  ✗ S2: Insufficient data for LDOS/APC

108/223: 2019-09-17: Added=CDW, Removed=TSS
  Holding Period End Date: 2019-10-09
  ✓ S1: CDW 7.03%, Portfolio: $537,618
    YFinance output for TSS: 1 Failed download:
['TSS']: YFTzMissingError('possibly delisted; no timezone found')
    Warning: No data found for TSS
  ✗ S2: Insufficient data for CDW/TSS

109/223: 2019-09-20: Added=NVR, Removed=JEF
  Holding Period End Date: 2019-10-14
  ✓ S1: NVR -0.37%, Portfolio: $535,632
  ✓ S2: Long NVR (-0.37%), Short JEF (0.56%)
      Combined: 0.09%, Portfolio: $678,171

110/223: 2019-09-20: Added=LVS, Removed=NKTR
  Holding Period End Date: 2019-10-14
  ✓ S1: LVS 1.21%, Portfolio: $542,098
  ✓ S2: Long LVS (1.21%), Short NKTR (26.97%)
      Combined: 14.09%, Portfolio: $773,712

111/223: 2019-11-18: Added=NOW, Removed=CELG
  Holding Period End Date: 2019-12-11
  ✓ S1: NOW 0.37%, Portfolio: $544,113
    YFinance output for CELG: 1 Failed download:
['CELG']: YFTzMissingError('possibly delisted; no timezone found')
    Warning: No data found for CELG
  ✗ S2: Insufficient data for NOW/CELG

112/223: 2019-11-27: Added=WRB, Removed=VIAB
  Holding Period End Date: 2019-12-20
  ✓ S1: WRB -0.35%, Portfolio: $542,225
    YFinance output for VIAB: 1 Failed download:
['VIAB']: YFTzMissingError('possibly delisted; no timezone found')
    Warning: No data found for VIAB
  ✗ S2: Insufficient data for WRB/VIAB

113/223: 2019-12-02: Added=ODFL, Removed=STI
  Holding Period End Date: 2019-12-24
  ✓ S1: ODFL 1.01%, Portfolio: $547,702
    YFinance output for STI: 1 Failed download:
['STI']: YFPricesMissingError('possibly delisted; no price data found  (1d 2019-12-02 00:00:00 -> 2019-12-26) (Yahoo error = "Data doesn\'t exist for startDate = 1575262800, endDate = 1577336400")')
    Warning: No data found for STI
  ✗ S2: Insufficient data for ODFL/STI

114/223: 2019-12-13: Added=ZBRA, Removed=TRIP
  Holding Period End Date: 2020-01-08
  ✓ S1: ZBRA -3.94%, Portfolio: $526,117
  ✓ S2: Long ZBRA (-3.94%), Short TRIP (-4.38%)
      Combined: -4.16%, Portfolio: $741,520

115/223: 2019-12-13: Added=LYV, Removed=AMG
  Holding Period End Date: 2020-01-08
  ✓ S1: LYV 11.42%, Portfolio: $586,219
  ✓ S2: Long LYV (11.42%), Short AMG (3.13%)
      Combined: 7.27%, Portfolio: $795,465

116/223: 2019-12-13: Added=STE, Removed=MAC
  Holding Period End Date: 2020-01-08
  ✓ S1: STE -0.65%, Portfolio: $582,438
  ✓ S2: Long STE (-0.65%), Short MAC (0.19%)
      Combined: -0.23%, Portfolio: $793,664

117/223: 2020-01-22: Added=PAYC, Removed=WCG
  Holding Period End Date: 2020-02-13
  ✓ S1: PAYC 0.00%, Portfolio: $582,457
    YFinance output for WCG: 1 Failed download:
['WCG']: YFTzMissingError('possibly delisted; no timezone found')
    Warning: No data found for WCG
  ✗ S2: Insufficient data for PAYC/WCG

118/223: 2020-02-27: Added=IR, Removed=XEC
  Holding Period End Date: 2020-03-20
  ✓ S1: IR -41.65%, Portfolio: $339,839
    YFinance output for XEC: 1 Failed download:
['XEC']: YFTzMissingError('possibly delisted; no timezone found')
    Warning: No data found for XEC
  ✗ S2: Insufficient data for IR/XEC

119/223: 2020-03-31: Added=nan, Removed=M
  Holding Period End Date: 2020-04-23

120/223: 2020-03-31: Added=nan, Removed=RTN
  Holding Period End Date: 2020-04-23

121/223: 2020-03-31: Added=CARR, Removed=nan
  Holding Period End Date: 2020-04-23
  ✓ S1: CARR -8.87%, Portfolio: $309,697

122/223: 2020-03-31: Added=OTIS, Removed=nan
  Holding Period End Date: 2020-04-23
  ✓ S1: OTIS -5.06%, Portfolio: $294,026

123/223: 2020-05-05: Added=HWM, Removed=ARNC
  Holding Period End Date: 2020-05-28
  ✓ S1: HWM 8.76%, Portfolio: $319,792
    YFinance output for ARNC: 1 Failed download:
['ARNC']: YFTzMissingError('possibly delisted; no timezone found')
    Warning: No data found for ARNC
  ✗ S2: Insufficient data for HWM/ARNC

124/223: 2020-05-06: Added=DXCM, Removed=AGN
  Holding Period End Date: 2020-05-29
  ✓ S1: DXCM 3.22%, Portfolio: $330,079
    YFinance output for AGN: 1 Failed download:
['AGN']: YFTzMissingError('possibly delisted; no timezone found')
    Warning: No data found for AGN
  ✗ S2: Insufficient data for DXCM/AGN

125/223: 2020-05-06: Added=DPZ, Removed=CPRI
  Holding Period End Date: 2020-05-29
  ✓ S1: DPZ 3.64%, Portfolio: $342,084
  ✓ S2: Long DPZ (3.64%), Short CPRI (-11.97%)
      Combined: -4.17%, Portfolio: $760,603

126/223: 2020-05-18: Added=WST, Removed=HP
  Holding Period End Date: 2020-06-10
  ✓ S1: WST -2.53%, Portfolio: $333,422
  ✓ S2: Long WST (-2.53%), Short HP (-22.12%)
      Combined: -12.33%, Portfolio: $666,855

127/223: 2020-06-12: Added=BIO, Removed=ADS
  Holding Period End Date: 2020-07-07
  ✓ S1: BIO 4.34%, Portfolio: $347,900
    YFinance output for ADS: 1 Failed download:
['ADS']: YFTzMissingError('possibly delisted; no timezone found')
    Warning: No data found for ADS
  ✗ S2: Insufficient data for BIO/ADS

128/223: 2020-06-12: Added=TDY, Removed=HOG
  Holding Period End Date: 2020-07-07
  ✓ S1: TDY -10.97%, Portfolio: $309,735
  ✓ S2: Long TDY (-10.97%), Short HOG (1.95%)
      Combined: -4.51%, Portfolio: $636,784

129/223: 2020-06-12: Added=TYL, Removed=JWN
  Holding Period End Date: 2020-07-07
  ✓ S1: TYL 2.86%, Portfolio: $318,601
    YFinance output for JWN: 1 Failed download:
['JWN']: YFTzMissingError('possibly delisted; no timezone found')
    Warning: No data found for JWN
  ✗ S2: Insufficient data for TYL/JWN

130/223: 2020-09-04: Added=CTLT, Removed=KSS
  Holding Period End Date: 2020-09-29
    YFinance output for CTLT: 1 Failed download:
['CTLT']: YFTzMissingError('possibly delisted; no timezone found')
    Warning: No data found for CTLT
  ✗ S1: Insufficient data for CTLT
    YFinance output for CTLT: 1 Failed download:
['CTLT']: YFTzMissingError('possibly delisted; no timezone found')
    Warning: No data found for CTLT
  ✗ S2: Insufficient data for CTLT/KSS

131/223: 2020-09-04: Added=ETSY, Removed=HRB
  Holding Period End Date: 2020-09-29
  ✓ S1: ETSY 9.99%, Portfolio: $350,421
  ✓ S2: Long ETSY (9.99%), Short HRB (-8.07%)
      Combined: 0.96%, Portfolio: $642,897

132/223: 2020-09-04: Added=TER, Removed=COTY
  Holding Period End Date: 2020-09-29
  ✓ S1: TER 1.60%, Portfolio: $356,039
  ✓ S2: Long TER (1.60%), Short COTY (46.04%)
      Combined: 23.82%, Portfolio: $796,037

133/223: 2020-10-01: Added=POOL, Removed=ETFC
  Holding Period End Date: 2020-10-23
  ✓ S1: POOL 10.18%, Portfolio: $392,295
    YFinance output for ETFC: 1 Failed download:
['ETFC']: YFTzMissingError('possibly delisted; no timezone found')
    Warning: No data found for ETFC
  ✗ S2: Insufficient data for POOL/ETFC

134/223: 2020-10-05: Added=VNT, Removed=nan
  Holding Period End Date: 2020-10-27
  ✓ S1: VNT -16.32%, Portfolio: $328,268

135/223: 2020-10-05: Added=nan, Removed=NBL
  Holding Period End Date: 2020-10-27

136/223: 2020-12-11: Added=TSLA, Removed=AIV
  Holding Period End Date: 2021-01-06
  ✓ S1: TSLA 23.93%, Portfolio: $406,833
  ✓ S2: Long TSLA (23.93%), Short AIV (-13.89%)
      Combined: 5.02%, Portfolio: $836,012

137/223: 2020-12-30: Added=ENPH, Removed=TIF
  Holding Period End Date: 2021-01-25
  ✓ S1: ENPH 17.23%, Portfolio: $476,940
    YFinance output for TIF: 1 Failed download:
['TIF']: YFTzMissingError('possibly delisted; no timezone found')
    Warning: No data found for TIF
  ✗ S2: Insufficient data for ENPH/TIF

138/223: 2021-01-15: Added=TRMB, Removed=CXO
  Holding Period End Date: 2021-02-09
  ✓ S1: TRMB 7.57%, Portfolio: $513,057
    YFinance output for CXO: 1 Failed download:
['CXO']: YFTzMissingError('possibly delisted; no timezone found')
    Warning: No data found for CXO
  ✗ S2: Insufficient data for TRMB/CXO

139/223: 2021-02-08: Added=MPWR, Removed=FTI
  Holding Period End Date: 2021-03-03
  ✓ S1: MPWR -3.75%, Portfolio: $493,836
  ✓ S2: Long MPWR (-3.75%), Short FTI (-8.97%)
      Combined: -6.36%, Portfolio: $782,875

140/223: 2021-03-12: Added=CZR, Removed=VNT
  Holding Period End Date: 2021-04-06
  ✓ S1: CZR -8.07%, Portfolio: $453,984
  ✓ S2: Long CZR (-8.07%), Short VNT (-0.22%)
      Combined: -4.15%, Portfolio: $750,406

141/223: 2021-03-12: Added=PENN, Removed=SLG
  Holding Period End Date: 2021-04-06
  ✓ S1: PENN -20.22%, Portfolio: $362,192
  ✓ S2: Long PENN (-20.22%), Short SLG (5.82%)
      Combined: -7.20%, Portfolio: $696,387

142/223: 2021-03-12: Added=NXPI, Removed=FLS
  Holding Period End Date: 2021-04-06
  ✓ S1: NXPI 16.05%, Portfolio: $420,310
  ✓ S2: Long NXPI (16.05%), Short FLS (2.59%)
      Combined: 9.32%, Portfolio: $761,290

143/223: 2021-03-12: Added=GNRC, Removed=XRX
  Holding Period End Date: 2021-04-06
  ✓ S1: GNRC 1.32%, Portfolio: $425,849
  ✓ S2: Long GNRC (1.32%), Short XRX (6.32%)
      Combined: 3.82%, Portfolio: $790,354

144/223: 2021-04-15: Added=PTC, Removed=VAR
  Holding Period End Date: 2021-05-07
  ✓ S1: PTC -11.11%, Portfolio: $378,546
    YFinance output for VAR: 1 Failed download:
['VAR']: YFTzMissingError('possibly delisted; no timezone found')
    Warning: No data found for VAR
  ✗ S2: Insufficient data for PTC/VAR

145/223: 2021-05-10: Added=CRL, Removed=FLIR
  Holding Period End Date: 2021-06-02
  ✓ S1: CRL -1.01%, Portfolio: $374,725
    YFinance output for FLIR: 1 Failed download:
['FLIR']: YFTzMissingError('possibly delisted; no timezone found')
    Warning: No data found for FLIR
  ✗ S2: Insufficient data for CRL/FLIR

146/223: 2021-05-27: Added=OGN, Removed=nan
  Holding Period End Date: 2021-06-21
  ✓ S1: OGN -17.15%, Portfolio: $310,441

147/223: 2021-05-27: Added=nan, Removed=HFC
  Holding Period End Date: 2021-06-21

148/223: 2021-07-15: Added=MRNA, Removed=ALXN
  Holding Period End Date: 2021-08-06
  ✓ S1: MRNA 59.32%, Portfolio: $494,602
    YFinance output for ALXN: 1 Failed download:
['ALXN']: YFTzMissingError('possibly delisted; no timezone found')
    Warning: No data found for ALXN
  ✗ S2: Insufficient data for MRNA/ALXN

149/223: 2021-08-24: Added=TECH, Removed=MXIM
  Holding Period End Date: 2021-09-16
  ✓ S1: TECH 7.51%, Portfolio: $531,730
    YFinance output for MXIM: 1 Failed download:
['MXIM']: YFTzMissingError('possibly delisted; no timezone found')
    Warning: No data found for MXIM
  ✗ S2: Insufficient data for TECH/MXIM

150/223: 2021-09-03: Added=BRO, Removed=NOV
  Holding Period End Date: 2021-09-28
  ✓ S1: BRO -5.34%, Portfolio: $503,312
  ✓ S2: Long BRO (-5.34%), Short NOV (-3.65%)
      Combined: -4.50%, Portfolio: $754,827

151/223: 2021-09-03: Added=CDAY, Removed=UNM
  Holding Period End Date: 2021-09-28
    YFinance output for CDAY: 1 Failed download:
['CDAY']: YFTzMissingError('possibly delisted; no timezone found')
    Warning: No data found for CDAY
  ✗ S1: Insufficient data for CDAY
    YFinance output for CDAY: 1 Failed download:
['CDAY']: YFTzMissingError('possibly delisted; no timezone found')
    Warning: No data found for CDAY
  ✗ S2: Insufficient data for CDAY/UNM

152/223: 2021-09-03: Added=MTCH, Removed=PRGO
  Holding Period End Date: 2021-09-28
  ✓ S1: MTCH 5.60%, Portfolio: $531,502
  ✓ S2: Long MTCH (5.60%), Short PRGO (-3.53%)
      Combined: 1.04%, Portfolio: $762,654

153/223: 2021-12-03: Added=FDS, Removed=WU
  Holding Period End Date: 2021-12-28
  ✓ S1: FDS 4.58%, Portfolio: $555,834
  ✓ S2: Long FDS (4.58%), Short WU (-4.33%)
      Combined: 0.12%, Portfolio: $763,584

154/223: 2021-12-03: Added=SEDG, Removed=HBI
  Holding Period End Date: 2021-12-28
  ✓ S1: SEDG -9.18%, Portfolio: $504,813
  ✓ S2: Long SEDG (-9.18%), Short HBI (-0.42%)
      Combined: -4.80%, Portfolio: $726,924

155/223: 2021-12-03: Added=SBNY, Removed=LEG
  Holding Period End Date: 2021-12-28
    YFinance output for SBNY: 1 Failed download:
['SBNY']: YFPricesMissingError('possibly delisted; no price data found  (1d 2021-12-03 00:00:00 -> 2021-12-29) (Yahoo error = "Data doesn\'t exist for startDate = 1638507600, endDate = 1640754000")')
    Warning: No data found for SBNY
  ✗ S1: Insufficient data for SBNY
    YFinance output for SBNY: 1 Failed download:
['SBNY']: YFPricesMissingError('possibly delisted; no price data found  (1d 2021-12-03 00:00:00 -> 2021-12-29) (Yahoo error = "Data doesn\'t exist for startDate = 1638507600, endDate = 1640754000")')
    Warning: No data found for SBNY
  ✗ S2: Insufficient data for SBNY/LEG

156/223: 2021-12-07: Added=EPAM, Removed=KSU
  Holding Period End Date: 2021-12-30
  ✓ S1: EPAM 13.13%, Portfolio: $571,109
    YFinance output for KSU: 1 Failed download:
['KSU']: YFTzMissingError('possibly delisted; no timezone found')
    Warning: No data found for KSU
  ✗ S2: Insufficient data for EPAM/KSU

157/223: 2022-01-26: Added=CEG, Removed=nan
  Holding Period End Date: 2022-02-17
  ✓ S1: CEG 4.79%, Portfolio: $598,462

158/223: 2022-01-26: Added=nan, Removed=GPS
  Holding Period End Date: 2022-02-17

159/223: 2022-02-10: Added=NDSN, Removed=XLNX
  Holding Period End Date: 2022-03-07
  ✓ S1: NDSN -5.57%, Portfolio: $565,109
    YFinance output for XLNX: 1 Failed download:
['XLNX']: YFTzMissingError('possibly delisted; no timezone found')
    Warning: No data found for XLNX
  ✗ S2: Insufficient data for NDSN/XLNX

160/223: 2022-02-25: Added=MOH, Removed=INFO
  Holding Period End Date: 2022-03-21
  ✓ S1: MOH 5.97%, Portfolio: $598,837
    YFinance output for INFO: 1 Failed download:
['INFO']: YFPricesMissingError('possibly delisted; no price data found  (1d 2022-02-25 00:00:00 -> 2022-03-22) (Yahoo error = "Data doesn\'t exist for startDate = 1645765200, endDate = 1647921600")')
    Warning: No data found for INFO
  ✗ S2: Insufficient data for MOH/INFO

161/223: 2022-03-29: Added=CPT, Removed=PBCT
  Holding Period End Date: 2022-04-21
  ✓ S1: CPT 0.14%, Portfolio: $599,680
    YFinance output for PBCT: 1 Failed download:
['PBCT']: YFTzMissingError('possibly delisted; no timezone found')
    Warning: No data found for PBCT
  ✗ S2: Insufficient data for CPT/PBCT

162/223: 2022-04-07: Added=WBD, Removed=DISCA
  Holding Period End Date: 2022-05-02
  ✓ S1: WBD -16.56%, Portfolio: $500,384
    YFinance output for DISCA: 1 Failed download:
['DISCA']: YFTzMissingError('possibly delisted; no timezone found')
    Warning: No data found for DISCA
  ✗ S2: Insufficient data for WBD/DISCA

163/223: 2022-04-07: Added=nan, Removed=DISCK
  Holding Period End Date: 2022-05-02

164/223: 2022-06-03: Added=VICI, Removed=CERN
  Holding Period End Date: 2022-06-28
  ✓ S1: VICI -1.65%, Portfolio: $492,129
    YFinance output for CERN: 1 Failed download:
['CERN']: YFTzMissingError('possibly delisted; no timezone found')
    Warning: No data found for CERN
  ✗ S2: Insufficient data for VICI/CERN

165/223: 2022-06-03: Added=ON, Removed=IPGP
  Holding Period End Date: 2022-06-28
  ✓ S1: ON -16.09%, Portfolio: $412,923
  ✓ S2: Long ON (-16.09%), Short IPGP (8.53%)
      Combined: -3.78%, Portfolio: $699,416

166/223: 2022-06-03: Added=KDP, Removed=UAA
  Holding Period End Date: 2022-06-28
  ✓ S1: KDP 1.66%, Portfolio: $419,779
  ✓ S2: Long KDP (1.66%), Short UAA (20.48%)
      Combined: 11.07%, Portfolio: $776,849

167/223: 2022-06-03: Added=nan, Removed=UA
  Holding Period End Date: 2022-06-28

168/223: 2022-09-02: Added=CSGP, Removed=PVH
  Holding Period End Date: 2022-09-27
  ✓ S1: CSGP -1.24%, Portfolio: $414,568
  ✓ S2: Long CSGP (-1.24%), Short PVH (17.65%)
      Combined: 8.20%, Portfolio: $840,580

169/223: 2022-09-02: Added=INVH, Removed=PENN
  Holding Period End Date: 2022-09-27
  ✓ S1: INVH -7.05%, Portfolio: $385,354
  ✓ S2: Long INVH (-7.05%), Short PENN (17.98%)
      Combined: 5.47%, Portfolio: $886,529

170/223: 2022-09-23: Added=PCG, Removed=CTXS
  Holding Period End Date: 2022-10-17
  ✓ S1: PCG 12.29%, Portfolio: $432,721
    YFinance output for CTXS: 1 Failed download:
['CTXS']: YFTzMissingError('possibly delisted; no timezone found')
    Warning: No data found for CTXS
  ✗ S2: Insufficient data for PCG/CTXS

171/223: 2022-09-23: Added=EQT, Removed=DRE
  Holding Period End Date: 2022-10-17
  ✓ S1: EQT 1.33%, Portfolio: $438,489
    YFinance output for DRE: 1 Failed download:
['DRE']: YFTzMissingError('possibly delisted; no timezone found')
    Warning: No data found for DRE
  ✗ S2: Insufficient data for EQT/DRE

172/223: 2022-10-06: Added=TRGP, Removed=NLSN
  Holding Period End Date: 2022-10-28
  ✓ S1: TRGP 4.07%, Portfolio: $456,321
    YFinance output for NLSN: 1 Failed download:
['NLSN']: YFTzMissingError('possibly delisted; no timezone found')
    Warning: No data found for NLSN
  ✗ S2: Insufficient data for TRGP/NLSN

173/223: 2022-10-27: Added=ACGL, Removed=TWTR
  Holding Period End Date: 2022-11-18
  ✓ S1: ACGL 11.57%, Portfolio: $509,112
    YFinance output for TWTR: 1 Failed download:
['TWTR']: YFTzMissingError('possibly delisted; no timezone found')
    Warning: No data found for TWTR
  ✗ S2: Insufficient data for ACGL/TWTR

174/223: 2022-12-12: Added=FSLR, Removed=FBHS
  Holding Period End Date: 2023-01-05
  ✓ S1: FSLR -3.21%, Portfolio: $492,783
    YFinance output for FBHS: 1 Failed download:
['FBHS']: YFTzMissingError('possibly delisted; no timezone found')
    Warning: No data found for FBHS
  ✗ S2: Insufficient data for FSLR/FBHS

175/223: 2022-12-12: Added=nan, Removed=MBC
  Holding Period End Date: 2023-01-05

176/223: 2022-12-12: Added=MBC, Removed=nan
  Holding Period End Date: 2023-01-05
  ✓ S1: MBC -13.29%, Portfolio: $427,272

177/223: 2022-12-19: Added=STLD, Removed=ABMD
  Holding Period End Date: 2023-01-12
  ✓ S1: STLD 9.07%, Portfolio: $466,014
    YFinance output for ABMD: 1 Failed download:
['ABMD']: YFTzMissingError('possibly delisted; no timezone found')
    Warning: No data found for ABMD
  ✗ S2: Insufficient data for STLD/ABMD

178/223: 2022-12-28: Added=GEHC, Removed=nan
  Holding Period End Date: 2023-01-23
  ✓ S1: GEHC 20.90%, Portfolio: $563,431

179/223: 2022-12-28: Added=nan, Removed=VNO
  Holding Period End Date: 2023-01-23

180/223: 2023-03-03: Added=FICO, Removed=LUMN
  Holding Period End Date: 2023-03-27
  ✓ S1: FICO -2.35%, Portfolio: $550,169
  ✓ S2: Long FICO (-2.35%), Short LUMN (24.80%)
      Combined: 11.22%, Portfolio: $986,039

181/223: 2023-03-10: Added=PODD, Removed=SIVB
  Holding Period End Date: 2023-04-03
  ✓ S1: PODD 13.73%, Portfolio: $625,681
    YFinance output for SIVB: 1 Failed download:
['SIVB']: YFTzMissingError('possibly delisted; no timezone found')
    Warning: No data found for SIVB
  ✗ S2: Insufficient data for PODD/SIVB

182/223: 2023-03-13: Added=BG, Removed=SBNY
  Holding Period End Date: 2023-04-04
  ✓ S1: BG 3.41%, Portfolio: $647,041
    YFinance output for SBNY: 1 Failed download:
['SBNY']: YFPricesMissingError('possibly delisted; no price data found  (1d 2023-03-13 00:00:00 -> 2023-04-05) (Yahoo error = "Data doesn\'t exist for startDate = 1678680000, endDate = 1680667200")')
    Warning: No data found for SBNY
  ✗ S2: Insufficient data for BG/SBNY

183/223: 2023-05-01: Added=AXON, Removed=FRC
  Holding Period End Date: 2023-05-23
  ✓ S1: AXON -9.35%, Portfolio: $586,531
    YFinance output for FRC: 1 Failed download:
['FRC']: YFTzMissingError('possibly delisted; no timezone found')
    Warning: No data found for FRC
  ✗ S2: Insufficient data for AXON/FRC

184/223: 2023-06-02: Added=PANW, Removed=DISH
  Holding Period End Date: 2023-06-27
  ✓ S1: PANW 15.81%, Portfolio: $679,273
    YFinance output for DISH: 1 Failed download:
['DISH']: YFTzMissingError('possibly delisted; no timezone found')
    Warning: No data found for DISH
  ✗ S2: Insufficient data for PANW/DISH

185/223: 2023-08-21: Added=nan, Removed=TEL
  Holding Period End Date: 2023-09-13

186/223: 2023-08-21: Added=KVUE, Removed=AAP
  Holding Period End Date: 2023-09-13
  ✓ S1: KVUE -4.87%, Portfolio: $646,174
  ✓ S2: Long KVUE (-4.87%), Short AAP (17.73%)
      Combined: 6.43%, Portfolio: $1,049,420

187/223: 2023-08-21: Added=PCS, Removed=nan
  Holding Period End Date: 2023-09-13
    YFinance output for PCS: 1 Failed download:
['PCS']: YFPricesMissingError('possibly delisted; no price data found  (1d 2023-08-21 00:00:00 -> 2023-09-14) (Yahoo error = "Data doesn\'t exist for startDate = 1692590400, endDate = 1694664000")')
    Warning: No data found for PCS
  ✗ S1: Insufficient data for PCS

188/223: 2023-09-14: Added=BX, Removed=LNC
  Holding Period End Date: 2023-10-06
  ✓ S1: BX -6.73%, Portfolio: $602,717
  ✓ S2: Long BX (-6.73%), Short LNC (9.14%)
      Combined: 1.21%, Portfolio: $1,062,114

189/223: 2023-09-14: Added=ABNB, Removed=NWL
  Holding Period End Date: 2023-10-06
  ✓ S1: ABNB -12.32%, Portfolio: $528,444
  ✓ S2: Long ABNB (-12.32%), Short NWL (31.53%)
      Combined: 9.60%, Portfolio: $1,164,109

190/223: 2023-09-28: Added=VLTO, Removed=nan
  Holding Period End Date: 2023-10-20
  ✓ S1: VLTO -10.12%, Portfolio: $474,988

191/223: 2023-09-28: Added=nan, Removed=DXC
  Holding Period End Date: 2023-10-20

192/223: 2023-10-13: Added=LULU, Removed=ATVI
  Holding Period End Date: 2023-11-06
  ✓ S1: LULU 8.01%, Portfolio: $513,044
    YFinance output for ATVI: 1 Failed download:
['ATVI']: YFTzMissingError('possibly delisted; no timezone found')
    Warning: No data found for ATVI
  ✗ S2: Insufficient data for LULU/ATVI

193/223: 2023-10-13: Added=HUBB, Removed=OGN
  Holding Period End Date: 2023-11-06
  ✓ S1: HUBB -5.61%, Portfolio: $484,258
  ✓ S2: Long HUBB (-5.61%), Short OGN (37.90%)
      Combined: 16.14%, Portfolio: $1,352,039

194/223: 2023-12-01: Added=UBER, Removed=SEE
  Holding Period End Date: 2023-12-26
  ✓ S1: UBER 8.07%, Portfolio: $523,353
  ✓ S2: Long UBER (8.07%), Short SEE (-7.47%)
      Combined: 0.30%, Portfolio: $1,356,111

195/223: 2023-12-01: Added=BLDR, Removed=SEDG
  Holding Period End Date: 2023-12-26
  ✓ S1: BLDR 21.08%, Portfolio: $633,676
  ✓ S2: Long BLDR (21.08%), Short SEDG (-14.93%)
      Combined: 3.07%, Portfolio: $1,397,783

196/223: 2023-12-01: Added=JBL, Removed=ALK
  Holding Period End Date: 2023-12-26
  ✓ S1: JBL 9.87%, Portfolio: $696,225
  ✓ S2: Long JBL (9.87%), Short ALK (-1.07%)
      Combined: 4.40%, Portfolio: $1,459,287

197/223: 2024-03-01: Added=SMCI, Removed=WHR
  Holding Period End Date: 2024-03-25
  ✓ S1: SMCI 15.16%, Portfolio: $801,802
  ✓ S2: Long SMCI (15.16%), Short WHR (-5.84%)
      Combined: 4.66%, Portfolio: $1,527,349

198/223: 2024-03-01: Added=DECK, Removed=ZION
  Holding Period End Date: 2024-03-25
  ✓ S1: DECK 3.24%, Portfolio: $827,810
  ✓ S2: Long DECK (3.24%), Short ZION (-5.49%)
      Combined: -1.12%, Portfolio: $1,510,231

199/223: 2024-03-27: Added=SOLV, Removed=nan
  Holding Period End Date: 2024-04-19
  ✓ S1: SOLV -17.07%, Portfolio: $686,531

200/223: 2024-03-27: Added=GEV, Removed=nan
  Holding Period End Date: 2024-04-19
  ✓ S1: GEV 2.93%, Portfolio: $706,669

201/223: 2024-03-27: Added=nan, Removed=XRAY
  Holding Period End Date: 2024-04-19

202/223: 2024-03-27: Added=nan, Removed=VFC
  Holding Period End Date: 2024-04-19

203/223: 2024-05-03: Added=VST, Removed=PXD
  Holding Period End Date: 2024-05-28
  ✓ S1: VST 30.32%, Portfolio: $920,950
    YFinance output for PXD: 1 Failed download:
['PXD']: YFTzMissingError('possibly delisted; no timezone found')
    Warning: No data found for PXD
  ✗ S2: Insufficient data for VST/PXD

204/223: 2024-06-07: Added=KKR, Removed=RHI
  Holding Period End Date: 2024-07-02
  ✓ S1: KKR 8.10%, Portfolio: $995,574
  ✓ S2: Long KKR (8.10%), Short RHI (-2.76%)
      Combined: 2.67%, Portfolio: $1,550,541

205/223: 2024-06-07: Added=CRWD, Removed=CMA
  Holding Period End Date: 2024-07-02
  ✓ S1: CRWD 10.29%, Portfolio: $1,098,034
  ✓ S2: Long CRWD (10.29%), Short CMA (-7.39%)
      Combined: 1.45%, Portfolio: $1,573,031

206/223: 2024-06-07: Added=GDDY, Removed=ILMN
  Holding Period End Date: 2024-07-02
  ✓ S1: GDDY 2.57%, Portfolio: $1,126,242
  ✓ S2: Long GDDY (2.57%), Short ILMN (4.83%)
      Combined: 3.70%, Portfolio: $1,631,202

207/223: 2024-09-06: Added=ERIE, Removed=BIO
  Holding Period End Date: 2024-09-30
  ✓ S1: ERIE 6.62%, Portfolio: $1,200,805
  ✓ S2: Long ERIE (6.62%), Short BIO (-1.44%)
      Combined: 2.59%, Portfolio: $1,673,425

208/223: 2024-09-06: Added=DELL, Removed=ETSY
  Holding Period End Date: 2024-09-30
  ✓ S1: DELL 16.22%, Portfolio: $1,395,524
  ✓ S2: Long DELL (16.22%), Short ETSY (-4.21%)
      Combined: 6.00%, Portfolio: $1,773,846

209/223: 2024-09-06: Added=PLTR, Removed=AAL
  Holding Period End Date: 2024-09-30
  ✓ S1: PLTR 22.65%, Portfolio: $1,711,622
  ✓ S2: Long PLTR (22.65%), Short AAL (-3.91%)
      Combined: 9.37%, Portfolio: $1,940,022

210/223: 2024-09-24: Added=AMTM, Removed=nan
  Holding Period End Date: 2024-10-16
  ✓ S1: AMTM -1.97%, Portfolio: $1,677,982

211/223: 2024-09-24: Added=nan, Removed=BBWI
  Holding Period End Date: 2024-10-16

212/223: 2024-11-21: Added=TPL, Removed=MRO
  Holding Period End Date: 2024-12-16
  ✓ S1: TPL -19.69%, Portfolio: $1,347,626
    YFinance output for MRO: 1 Failed download:
['MRO']: YFTzMissingError('possibly delisted; no timezone found')
    Warning: No data found for MRO
  ✗ S2: Insufficient data for TPL/MRO

213/223: 2024-12-06: Added=WDAY, Removed=AMTM
  Holding Period End Date: 2024-12-31
  ✓ S1: WDAY -3.15%, Portfolio: $1,305,187
  ✓ S2: Long WDAY (-3.15%), Short AMTM (10.18%)
      Combined: 3.51%, Portfolio: $2,008,182

214/223: 2024-12-06: Added=APO, Removed=QRVO
  Holding Period End Date: 2024-12-31
  ✓ S1: APO -7.14%, Portfolio: $1,212,059
  ✓ S2: Long APO (-7.14%), Short QRVO (-2.29%)
      Combined: -4.71%, Portfolio: $1,913,564

215/223: 2024-12-18: Added=LII, Removed=CTLT
  Holding Period End Date: 2025-01-14
  ✓ S1: LII -1.48%, Portfolio: $1,194,149
    YFinance output for CTLT: 1 Failed download:
['CTLT']: YFTzMissingError('possibly delisted; no timezone found')
    Warning: No data found for CTLT
  ✗ S2: Insufficient data for LII/CTLT

216/223: 2025-03-07: Added=EXE, Removed=FMC
  Holding Period End Date: 2025-03-31
  ✓ S1: EXE 16.60%, Portfolio: $1,392,362
  ✓ S2: Long EXE (16.60%), Short FMC (-3.48%)
      Combined: 6.56%, Portfolio: $2,039,101

217/223: 2025-03-07: Added=WSM, Removed=CE
  Holding Period End Date: 2025-03-31
  ✓ S1: WSM -16.09%, Portfolio: $1,168,369
  ✓ S2: Long WSM (-16.09%), Short CE (-2.55%)
      Combined: -9.32%, Portfolio: $1,849,042

218/223: 2025-03-07: Added=TKO, Removed=TFX
  Holding Period End Date: 2025-03-31
  ✓ S1: TKO 6.61%, Portfolio: $1,245,540
  ✓ S2: Long TKO (6.61%), Short TFX (1.20%)
      Combined: 3.90%, Portfolio: $1,921,213

219/223: 2025-03-07: Added=DASH, Removed=BWA
  Holding Period End Date: 2025-03-31
  ✓ S1: DASH 2.63%, Portfolio: $1,278,343
  ✓ S2: Long DASH (2.63%), Short BWA (4.05%)
      Combined: 3.34%, Portfolio: $1,985,405

220/223: 2025-05-12: Added=COIN, Removed=DFS
  Holding Period End Date: 2025-06-04
  ✓ S1: COIN 23.54%, Portfolio: $1,579,268
    YFinance output for DFS: 1 Failed download:
['DFS']: YFTzMissingError('possibly delisted; no timezone found')
    Warning: No data found for DFS
  ✗ S2: Insufficient data for COIN/DFS

221/223: 2025-07-02: Added=DDOG, Removed=JNPR
  Holding Period End Date: 2025-07-25
  ✓ S1: DDOG 10.98%, Portfolio: $1,752,740
  ✗ S2: Insufficient data for DDOG/JNPR

222/223: 2025-07-14: Added=TTD, Removed=ANSS
  Holding Period End Date: 2025-08-05
  ✓ S1: TTD 16.27%, Portfolio: $2,037,854
  ✓ S2: Long TTD (16.27%), Short ANSS (3.09%)
      Combined: 9.68%, Portfolio: $2,177,518

223/223: 2025-07-18: Added=XYZ, Removed=HES
  Holding Period End Date: 2025-08-11
  ✓ S1: XYZ 0.29%, Portfolio: $2,043,731
  ✗ S2: Insufficient data for XYZ/HES

============================================================
FINAL RESULTS
Strategy 1: 186 successful trades, Final: $2,043,731 (104.37%)
Strategy 2: 82 successful trades, Final: $2,177,518 (117.75%)
Completed: 2025-08-23 21:19:40
