S&P 500 Index Update Trading Strategy Analysis
Holding Period: 9 trading days
Date Range: 2015-07-02 to 2025-07-18
Timestamp: 2025-08-23 20:12:46
============================================================

1/223: 2015-07-02: Added=KHC, Removed=KRFT
  Holding Period End Date: 2015-07-16
  ✓ S1: KHC 7.94%, Portfolio: $1,079,359
    YFinance output for KRFT: 1 Failed download:
['KRFT']: YFPricesMissingError('possibly delisted; no price data found  (1d 2015-07-02 00:00:00 -> 2015-07-17)')
    Warning: No data found for KRFT
  ✗ S2: Insufficient data for KHC/KRFT

2/223: 2015-07-06: Added=AAP, Removed=FDO
  Holding Period End Date: 2015-07-17
  ✓ S1: AAP 3.84%, Portfolio: $1,120,837
    YFinance output for FDO: 1 Failed download:
['FDO']: YFPricesMissingError('possibly delisted; no price data found  (1d 2015-07-06 00:00:00 -> 2015-07-20)')
    Warning: No data found for FDO
  ✗ S2: Insufficient data for AAP/FDO

3/223: 2015-07-14: Added=PYPL, Removed=NE
  Holding Period End Date: 2015-07-27
  ✓ S1: PYPL -1.46%, Portfolio: $1,104,448
    YFinance output for NE: 1 Failed download:
['NE']: YFPricesMissingError('possibly delisted; no price data found  (1d 2015-07-14 00:00:00 -> 2015-07-28) (Yahoo error = "Data doesn\'t exist for startDate = 1436846400, endDate = 1438056000")')
    Warning: No data found for NE
  ✗ S2: Insufficient data for PYPL/NE

4/223: 2015-07-24: Added=SIG, Removed=DTV
  Holding Period End Date: 2015-08-06
  ✓ S1: SIG -0.64%, Portfolio: $1,097,397
    YFinance output for DTV: 1 Failed download:
['DTV']: YFTzMissingError('possibly delisted; no timezone found')
    Warning: No data found for DTV
  ✗ S2: Insufficient data for SIG/DTV

5/223: 2015-08-27: Added=ATVI, Removed=PLL
  Holding Period End Date: 2015-09-10
    YFinance output for ATVI: 1 Failed download:
['ATVI']: YFTzMissingError('possibly delisted; no timezone found')
    Warning: No data found for ATVI
  ✗ S1: Insufficient data for ATVI
    YFinance output for ATVI: 1 Failed download:
['ATVI']: YFTzMissingError('possibly delisted; no timezone found')
    Warning: No data found for ATVI
    YFinance output for PLL: 1 Failed download:
['PLL']: YFPricesMissingError('possibly delisted; no price data found  (1d 2015-08-27 00:00:00 -> 2015-09-11) (Yahoo error = "Data doesn\'t exist for startDate = 1440648000, endDate = 1441944000")')
    Warning: No data found for PLL
  ✗ S2: Insufficient data for ATVI/PLL

6/223: 2015-08-27: Added=UAL, Removed=HSP
  Holding Period End Date: 2015-09-10
  ✓ S1: UAL 6.63%, Portfolio: $1,170,200
    YFinance output for HSP: 1 Failed download:
['HSP']: YFPricesMissingError('possibly delisted; no price data found  (1d 2015-08-27 00:00:00 -> 2015-09-11)')
    Warning: No data found for HSP
  ✗ S2: Insufficient data for UAL/HSP

7/223: 2015-09-30: Added=VRSK, Removed=JOY
  Holding Period End Date: 2015-10-13
  ✓ S1: VRSK 9.04%, Portfolio: $1,275,963
    YFinance output for JOY: 1 Failed download:
['JOY']: YFPricesMissingError('possibly delisted; no price data found  (1d 2015-09-30 00:00:00 -> 2015-10-14)')
    Warning: No data found for JOY
  ✗ S2: Insufficient data for VRSK/JOY

8/223: 2015-10-27: Added=HPE, Removed=HCBK
  Holding Period End Date: 2015-11-09
  ✓ S1: HPE -9.73%, Portfolio: $1,151,855
    YFinance output for HCBK: 1 Failed download:
['HCBK']: YFPricesMissingError('possibly delisted; no price data found  (1d 2015-10-27 00:00:00 -> 2015-11-10)')
    Warning: No data found for HCBK
  ✗ S2: Insufficient data for HPE/HCBK

9/223: 2015-11-09: Added=SYF, Removed=GNW
  Holding Period End Date: 2015-11-20
  ✓ S1: SYF -3.60%, Portfolio: $1,110,414
  ✓ S2: Long SYF (-3.60%), Short GNW (-6.13%)
      Combined: -4.86%, Portfolio: $951,379

10/223: 2015-11-12: Added=ILMN, Removed=SIAL
  Holding Period End Date: 2015-11-25
  ✓ S1: ILMN 16.13%, Portfolio: $1,289,564
    YFinance output for SIAL: 1 Failed download:
['SIAL']: YFPricesMissingError('possibly delisted; no price data found  (1d 2015-11-12 00:00:00 -> 2015-11-27)')
    Warning: No data found for SIAL
  ✗ S2: Insufficient data for ILMN/SIAL

11/223: 2015-11-23: Added=CSRA, Removed=CSC
  Holding Period End Date: 2015-12-07
  ✓ S1: CSRA -11.77%, Portfolio: $1,137,757
  ✓ S2: Long CSRA (-11.77%), Short CSC (0.00%)
      Combined: -5.89%, Portfolio: $895,381

12/223: 2015-12-15: Added=nan, Removed=CMCSK
  Holding Period End Date: 2015-12-29

13/223: 2015-12-22: Added=CHD, Removed=ALTR
  Holding Period End Date: 2016-01-06
  ✓ S1: CHD -3.42%, Portfolio: $1,098,823
    YFinance output for ALTR: 1 Failed download:
['ALTR']: YFTzMissingError('possibly delisted; no timezone found')
    Warning: No data found for ALTR
  ✗ S2: Insufficient data for CHD/ALTR

14/223: 2015-12-28: Added=WLTW, Removed=FOSL
  Holding Period End Date: 2016-01-11
    YFinance output for WLTW: 1 Failed download:
['WLTW']: YFTzMissingError('possibly delisted; no timezone found')
    Warning: No data found for WLTW
  ✗ S1: Insufficient data for WLTW
    YFinance output for WLTW: 1 Failed download:
['WLTW']: YFTzMissingError('possibly delisted; no timezone found')
    Warning: No data found for WLTW
  ✗ S2: Insufficient data for WLTW/FOSL

15/223: 2016-01-13: Added=EXR, Removed=ACE
  Holding Period End Date: 2016-01-27
  ✓ S1: EXR -0.90%, Portfolio: $1,088,884
    YFinance output for ACE: 1 Failed download:
['ACE']: YFPricesMissingError('possibly delisted; no price data found  (1d 2016-01-13 00:00:00 -> 2016-01-28) (Yahoo error = "Data doesn\'t exist for startDate = 1452661200, endDate = 1453957200")')
    Warning: No data found for ACE
  ✗ S2: Insufficient data for EXR/ACE

16/223: 2016-01-22: Added=FRT, Removed=BRCM
  Holding Period End Date: 2016-02-04
  ✓ S1: FRT 0.80%, Portfolio: $1,097,578
    YFinance output for BRCM: 1 Failed download:
['BRCM']: YFPricesMissingError('possibly delisted; no price data found  (1d 2016-01-22 00:00:00 -> 2016-02-05)')
    Warning: No data found for BRCM
  ✗ S2: Insufficient data for FRT/BRCM

17/223: 2016-01-26: Added=CFG, Removed=PCP
  Holding Period End Date: 2016-02-08
  ✓ S1: CFG -4.91%, Portfolio: $1,043,637
    YFinance output for PCP: 1 Failed download:
['PCP']: YFPricesMissingError('possibly delisted; no price data found  (1d 2016-01-26 00:00:00 -> 2016-02-09) (Yahoo error = "Data doesn\'t exist for startDate = 1453784400, endDate = 1454994000")')
    Warning: No data found for PCP
  ✗ S2: Insufficient data for CFG/PCP

18/223: 2016-02-16: Added=CXO, Removed=PCL
  Holding Period End Date: 2016-02-29
    YFinance output for CXO: 1 Failed download:
['CXO']: YFTzMissingError('possibly delisted; no timezone found')
    Warning: No data found for CXO
  ✗ S1: Insufficient data for CXO
    YFinance output for CXO: 1 Failed download:
['CXO']: YFTzMissingError('possibly delisted; no timezone found')
    Warning: No data found for CXO
    YFinance output for PCL: 1 Failed download:
['PCL']: YFPricesMissingError('possibly delisted; no price data found  (1d 2016-02-16 00:00:00 -> 2016-03-01) (Yahoo error = "Data doesn\'t exist for startDate = 1455598800, endDate = 1456808400")')
    Warning: No data found for PCL
  ✗ S2: Insufficient data for CXO/PCL

19/223: 2016-03-01: Added=AWK, Removed=CNX
  Holding Period End Date: 2016-03-14
  ✓ S1: AWK 4.13%, Portfolio: $1,086,789
  ✓ S2: Long AWK (4.13%), Short CNX (-23.82%)
      Combined: -9.84%, Portfolio: $807,245

20/223: 2016-03-04: Added=UDR, Removed=GMCR
  Holding Period End Date: 2016-03-17
  ✓ S1: UDR 9.61%, Portfolio: $1,191,216
    YFinance output for GMCR: 1 Failed download:
['GMCR']: YFPricesMissingError('possibly delisted; no price data found  (1d 2016-03-04 00:00:00 -> 2016-03-18)')
    Warning: No data found for GMCR
  ✗ S2: Insufficient data for UDR/GMCR

21/223: 2016-03-24: Added=CNC, Removed=ESV
  Holding Period End Date: 2016-04-07
  ✓ S1: CNC -2.89%, Portfolio: $1,156,839
    YFinance output for ESV: 1 Failed download:
['ESV']: YFTzMissingError('possibly delisted; no timezone found')
    Warning: No data found for ESV
  ✗ S2: Insufficient data for CNC/ESV

22/223: 2016-03-24: Added=HOLX, Removed=POM
  Holding Period End Date: 2016-04-07
  ✓ S1: HOLX 2.62%, Portfolio: $1,187,150
    YFinance output for POM: 1 Failed download:
['POM']: YFPricesMissingError('possibly delisted; no price data found  (1d 2016-03-24 00:00:00 -> 2016-04-08)')
    Warning: No data found for POM
  ✗ S2: Insufficient data for HOLX/POM

23/223: 2016-03-28: Added=FL, Removed=CAM
  Holding Period End Date: 2016-04-08
  ✓ S1: FL -5.05%, Portfolio: $1,127,246
    YFinance output for CAM: 1 Failed download:
['CAM']: YFPricesMissingError('possibly delisted; no price data found  (1d 2016-03-28 00:00:00 -> 2016-04-11)')
    Warning: No data found for CAM
  ✗ S2: Insufficient data for FL/CAM

24/223: 2016-04-07: Added=ULTA, Removed=THC
  Holding Period End Date: 2016-04-20
  ✓ S1: ULTA 5.31%, Portfolio: $1,187,058
  ✓ S2: Long ULTA (5.31%), Short THC (-11.01%)
      Combined: -2.85%, Portfolio: $784,220

25/223: 2016-04-19: Added=GPN, Removed=GME
  Holding Period End Date: 2016-05-02
  ✓ S1: GPN -4.36%, Portfolio: $1,135,298
  ✓ S2: Long GPN (-4.36%), Short GME (0.28%)
      Combined: -2.04%, Portfolio: $768,213

26/223: 2016-04-26: Added=AYI, Removed=ADT
  Holding Period End Date: 2016-05-09
  ✓ S1: AYI -2.99%, Portfolio: $1,101,347
    YFinance output for ADT: 1 Failed download:
['ADT']: YFPricesMissingError('possibly delisted; no price data found  (1d 2016-04-26 00:00:00 -> 2016-05-10) (Yahoo error = "Data doesn\'t exist for startDate = 1461643200, endDate = 1462852800")')
    Warning: No data found for ADT
  ✗ S2: Insufficient data for AYI/ADT

27/223: 2016-05-10: Added=ALK, Removed=SNDK
  Holding Period End Date: 2016-05-23
  ✓ S1: ALK -5.36%, Portfolio: $1,042,347
    YFinance output for SNDK: 1 Failed download:
['SNDK']: YFPricesMissingError('possibly delisted; no price data found  (1d 2016-05-10 00:00:00 -> 2016-05-24) (Yahoo error = "Data doesn\'t exist for startDate = 1462852800, endDate = 1464062400")')
    Warning: No data found for SNDK
  ✗ S2: Insufficient data for ALK/SNDK

28/223: 2016-05-13: Added=DLR, Removed=TWC
  Holding Period End Date: 2016-05-26
  ✓ S1: DLR 0.42%, Portfolio: $1,046,764
    YFinance output for TWC: 1 Failed download:
['TWC']: YFPricesMissingError('possibly delisted; no price data found  (1d 2016-05-13 00:00:00 -> 2016-05-27)')
    Warning: No data found for TWC
  ✗ S2: Insufficient data for DLR/TWC

29/223: 2016-05-18: Added=LKQ, Removed=ARG
  Holding Period End Date: 2016-06-01
  ✓ S1: LKQ 2.19%, Portfolio: $1,069,669
    YFinance output for ARG: 1 Failed download:
['ARG']: YFPricesMissingError('possibly delisted; no price data found  (1d 2016-05-18 00:00:00 -> 2016-06-02) (Yahoo error = "Data doesn\'t exist for startDate = 1463544000, endDate = 1464840000")')
    Warning: No data found for ARG
  ✗ S2: Insufficient data for LKQ/ARG

30/223: 2016-05-24: Added=AJG, Removed=CCE
  Holding Period End Date: 2016-06-07
  ✓ S1: AJG 0.27%, Portfolio: $1,072,546
    YFinance output for CCE: 1 Failed download:
['CCE']: YFPricesMissingError('possibly delisted; no price data found  (1d 2016-05-24 00:00:00 -> 2016-06-08)')
    Warning: No data found for CCE
  ✗ S2: Insufficient data for AJG/CCE

31/223: 2016-05-27: Added=TDG, Removed=BXLT
  Holding Period End Date: 2016-06-10
  ✓ S1: TDG 2.00%, Portfolio: $1,094,041
    YFinance output for BXLT: 1 Failed download:
['BXLT']: YFPricesMissingError('possibly delisted; no price data found  (1d 2016-05-27 00:00:00 -> 2016-06-13)')
    Warning: No data found for BXLT
  ✗ S2: Insufficient data for TDG/BXLT

32/223: 2016-06-21: Added=FBHS, Removed=CVC
  Holding Period End Date: 2016-07-05
    YFinance output for FBHS: 1 Failed download:
['FBHS']: YFTzMissingError('possibly delisted; no timezone found')
    Warning: No data found for FBHS
  ✗ S1: Insufficient data for FBHS
    YFinance output for FBHS: 1 Failed download:
['FBHS']: YFTzMissingError('possibly delisted; no timezone found')
    Warning: No data found for FBHS
    YFinance output for CVC: 1 Failed download:
['CVC']: YFPricesMissingError('possibly delisted; no price data found  (1d 2016-06-21 00:00:00 -> 2016-07-06)')
    Warning: No data found for CVC
  ✗ S2: Insufficient data for FBHS/CVC

33/223: 2016-06-23: Added=FTV, Removed=CPGX
  Holding Period End Date: 2016-07-07
  ✓ S1: FTV -1.77%, Portfolio: $1,074,682
    YFinance output for CPGX: 1 Failed download:
['CPGX']: YFPricesMissingError('possibly delisted; no price data found  (1d 2016-06-23 00:00:00 -> 2016-07-08)')
    Warning: No data found for CPGX
  ✗ S2: Insufficient data for FTV/CPGX

34/223: 2016-06-23: Added=ALB, Removed=TE
  Holding Period End Date: 2016-07-07
  ✓ S1: ALB -3.65%, Portfolio: $1,035,463
    YFinance output for TE: 1 Failed download:
['TE']: YFPricesMissingError('possibly delisted; no price data found  (1d 2016-06-23 00:00:00 -> 2016-07-08) (Yahoo error = "Data doesn\'t exist for startDate = 1466654400, endDate = 1467950400")')
    Warning: No data found for TE
  ✗ S2: Insufficient data for ALB/TE

35/223: 2016-06-29: Added=LNT, Removed=GAS
  Holding Period End Date: 2016-07-13
  ✓ S1: LNT -0.28%, Portfolio: $1,032,603
  ✓ S2: Long LNT (-0.28%), Short GAS (-6.06%)
      Combined: -3.17%, Portfolio: $743,873

36/223: 2016-08-25: Added=MTD, Removed=TYC
  Holding Period End Date: 2016-09-08
  ✓ S1: MTD -0.61%, Portfolio: $1,026,280
    YFinance output for TYC: 1 Failed download:
['TYC']: YFPricesMissingError('possibly delisted; no price data found  (1d 2016-08-25 00:00:00 -> 2016-09-09)')
    Warning: No data found for TYC
  ✗ S2: Insufficient data for MTD/TYC

37/223: 2016-08-31: Added=CHTR, Removed=EMC
  Holding Period End Date: 2016-09-14
  ✓ S1: CHTR 3.69%, Portfolio: $1,064,106
    YFinance output for EMC: 1 Failed download:
['EMC']: YFPricesMissingError('possibly delisted; no price data found  (1d 2016-08-31 00:00:00 -> 2016-09-15) (Yahoo error = "Data doesn\'t exist for startDate = 1472616000, endDate = 1473912000")')
    Warning: No data found for EMC
  ✗ S2: Insufficient data for CHTR/EMC

38/223: 2016-09-10: Added=COO, Removed=HOT
  Holding Period End Date: 2016-09-23
  ✓ S1: COO -3.09%, Portfolio: $1,031,227
  ✓ S2: Long COO (-3.09%), Short HOT (-2.50%)
      Combined: -2.80%, Portfolio: $723,073

39/223: 2016-09-27: Added=COTY, Removed=DO
  Holding Period End Date: 2016-10-10
  ✓ S1: COTY -2.30%, Portfolio: $1,007,480
    YFinance output for DO: 1 Failed download:
['DO']: YFTzMissingError('possibly delisted; no timezone found')
    Warning: No data found for DO
  ✗ S2: Insufficient data for COTY/DO

40/223: 2016-11-29: Added=MAA, Removed=OI
  Holding Period End Date: 2016-12-12
  ✓ S1: MAA 1.01%, Portfolio: $1,017,683
  ✓ S2: Long MAA (1.01%), Short OI (0.00%)
      Combined: 0.51%, Portfolio: $726,734

41/223: 2016-11-29: Added=EVHC, Removed=LM
  Holding Period End Date: 2016-12-12
  ✓ S1: EVHC 3.52%, Portfolio: $1,053,478
    YFinance output for LM: 1 Failed download:
['LM']: YFTzMissingError('possibly delisted; no timezone found')
    Warning: No data found for LM
  ✗ S2: Insufficient data for EVHC/LM

42/223: 2017-01-03: Added=IDXX, Removed=STJ
  Holding Period End Date: 2017-01-17
  ✓ S1: IDXX 2.05%, Portfolio: $1,075,067
    YFinance output for STJ: 1 Failed download:
['STJ']: YFPricesMissingError('possibly delisted; no price data found  (1d 2017-01-03 00:00:00 -> 2017-01-18)')
    Warning: No data found for STJ
  ✗ S2: Insufficient data for IDXX/STJ

43/223: 2017-02-23: Added=INCY, Removed=SE
  Holding Period End Date: 2017-03-08
  ✓ S1: INCY 11.52%, Portfolio: $1,198,927
    YFinance output for SE: 1 Failed download:
['SE']: YFPricesMissingError('possibly delisted; no price data found  (1d 2017-02-23 00:00:00 -> 2017-03-09) (Yahoo error = "Data doesn\'t exist for startDate = 1487826000, endDate = 1489035600")')
    Warning: No data found for SE
  ✗ S2: Insufficient data for INCY/SE

44/223: 2017-02-23: Added=CBOE, Removed=PBI
  Holding Period End Date: 2017-03-08
  ✓ S1: CBOE -2.02%, Portfolio: $1,174,756
  ✓ S2: Long CBOE (-2.02%), Short PBI (4.07%)
      Combined: 1.03%, Portfolio: $734,195

45/223: 2017-02-23: Added=REG, Removed=ENDP
  Holding Period End Date: 2017-03-08
  ✓ S1: REG -8.70%, Portfolio: $1,072,596
    YFinance output for ENDP: 1 Failed download:
['ENDP']: YFTzMissingError('possibly delisted; no timezone found')
    Warning: No data found for ENDP
  ✗ S2: Insufficient data for REG/ENDP

46/223: 2017-03-06: Added=DISH, Removed=LLTC
  Holding Period End Date: 2017-03-17
    YFinance output for DISH: 1 Failed download:
['DISH']: YFTzMissingError('possibly delisted; no timezone found')
    Warning: No data found for DISH
  ✗ S1: Insufficient data for DISH
    YFinance output for DISH: 1 Failed download:
['DISH']: YFTzMissingError('possibly delisted; no timezone found')
    Warning: No data found for DISH
    YFinance output for LLTC: 1 Failed download:
['LLTC']: YFPricesMissingError('possibly delisted; no price data found  (1d 2017-03-06 00:00:00 -> 2017-03-20)')
    Warning: No data found for LLTC
  ✗ S2: Insufficient data for DISH/LLTC

47/223: 2017-03-10: Added=ARE, Removed=FSLR
  Holding Period End Date: 2017-03-23
  ✓ S1: ARE 3.01%, Portfolio: $1,104,929
  ✓ S2: Long ARE (3.01%), Short FSLR (13.37%)
      Combined: 8.19%, Portfolio: $794,327

48/223: 2017-03-10: Added=RJF, Removed=FTR
  Holding Period End Date: 2017-03-23
  ✓ S1: RJF -5.61%, Portfolio: $1,042,925
    YFinance output for FTR: 1 Failed download:
['FTR']: YFTzMissingError('possibly delisted; no timezone found')
    Warning: No data found for FTR
  ✗ S2: Insufficient data for RJF/FTR

49/223: 2017-03-10: Added=AMD, Removed=URBN
  Holding Period End Date: 2017-03-23
  ✓ S1: AMD -0.86%, Portfolio: $1,033,928
  ✓ S2: Long AMD (-0.86%), Short URBN (9.43%)
      Combined: 4.29%, Portfolio: $828,373

50/223: 2017-03-13: Added=SNPS, Removed=HAR
  Holding Period End Date: 2017-03-24
  ✓ S1: SNPS -1.30%, Portfolio: $1,020,446
  ✓ S2: Long SNPS (-1.30%), Short HAR (-4.06%)
      Combined: -2.68%, Portfolio: $806,163

51/223: 2017-03-28: Added=DXC, Removed=SWN
  Holding Period End Date: 2017-04-10
  ✓ S1: DXC 8.17%, Portfolio: $1,103,772
    YFinance output for SWN: 1 Failed download:
['SWN']: YFTzMissingError('possibly delisted; no timezone found')
    Warning: No data found for SWN
  ✗ S2: Insufficient data for DXC/SWN

52/223: 2017-03-29: Added=IT, Removed=DNB
  Holding Period End Date: 2017-04-11
  ✓ S1: IT 1.01%, Portfolio: $1,114,952
    YFinance output for DNB: 1 Failed download:
['DNB']: YFPricesMissingError('possibly delisted; no price data found  (1d 2017-03-29 00:00:00 -> 2017-04-12) (Yahoo error = "Data doesn\'t exist for startDate = 1490760000, endDate = 1491969600")')
    Warning: No data found for DNB
  ✗ S2: Insufficient data for IT/DNB

53/223: 2017-05-24: Added=INFO, Removed=TGNA
  Holding Period End Date: 2017-06-07
    YFinance output for INFO: 1 Failed download:
['INFO']: YFPricesMissingError('possibly delisted; no price data found  (1d 2017-05-24 00:00:00 -> 2017-06-08) (Yahoo error = "Data doesn\'t exist for startDate = 1495598400, endDate = 1496894400")')
    Warning: No data found for INFO
  ✗ S1: Insufficient data for INFO
    YFinance output for INFO: 1 Failed download:
['INFO']: YFPricesMissingError('possibly delisted; no price data found  (1d 2017-05-24 00:00:00 -> 2017-06-08) (Yahoo error = "Data doesn\'t exist for startDate = 1495598400, endDate = 1496894400")')
    Warning: No data found for INFO
  ✗ S2: Insufficient data for INFO/TGNA

54/223: 2017-06-09: Added=ANSS, Removed=R
  Holding Period End Date: 2017-06-22
  ✓ S1: ANSS -1.50%, Portfolio: $1,098,208
  ✓ S2: Long ANSS (-1.50%), Short R (-3.30%)
      Combined: -2.40%, Portfolio: $786,827

55/223: 2017-06-09: Added=ALGN, Removed=TDC
  Holding Period End Date: 2017-06-22
  ✓ S1: ALGN 0.56%, Portfolio: $1,104,406
  ✓ S2: Long ALGN (0.56%), Short TDC (-4.35%)
      Combined: -1.89%, Portfolio: $771,936

56/223: 2017-06-09: Added=HLT, Removed=YHOO
  Holding Period End Date: 2017-06-22
  ✓ S1: HLT 0.69%, Portfolio: $1,112,081
    YFinance output for YHOO: 1 Failed download:
['YHOO']: YFTzMissingError('possibly delisted; no timezone found')
    Warning: No data found for YHOO
  ✗ S2: Insufficient data for HLT/YHOO

57/223: 2017-06-12: Added=RE, Removed=MJN
  Holding Period End Date: 2017-06-23
    YFinance output for RE: 1 Failed download:
['RE']: YFTzMissingError('possibly delisted; no timezone found')
    Warning: No data found for RE
  ✗ S1: Insufficient data for RE
    YFinance output for RE: 1 Failed download:
['RE']: YFTzMissingError('possibly delisted; no timezone found')
    Warning: No data found for RE
    YFinance output for MJN: 1 Failed download:
['MJN']: YFPricesMissingError('possibly delisted; no price data found  (1d 2017-06-12 00:00:00 -> 2017-06-26)')
    Warning: No data found for MJN
  ✗ S2: Insufficient data for RE/MJN

58/223: 2017-06-30: Added=BKR, Removed=BHI
  Holding Period End Date: 2017-07-14
  ✓ S1: BKR -1.64%, Portfolio: $1,093,871
    YFinance output for BHI: 1 Failed download:
['BHI']: YFPricesMissingError('possibly delisted; no price data found  (1d 2017-06-30 00:00:00 -> 2017-07-17) (Yahoo error = "Data doesn\'t exist for startDate = 1498795200, endDate = 1500264000")')
    Warning: No data found for BHI
  ✗ S2: Insufficient data for BKR/BHI

59/223: 2017-07-19: Added=MGM, Removed=RAI
  Holding Period End Date: 2017-08-01
  ✓ S1: MGM -1.16%, Portfolio: $1,081,195
    YFinance output for RAI: 1 Failed download:
['RAI']: YFPricesMissingError('possibly delisted; no price data found  (1d 2017-07-19 00:00:00 -> 2017-08-02)')
    Warning: No data found for RAI
  ✗ S2: Insufficient data for MGM/RAI

60/223: 2017-07-19: Added=RMD, Removed=MNK
  Holding Period End Date: 2017-08-01
  ✓ S1: RMD -0.74%, Portfolio: $1,073,161
    YFinance output for MNK: 1 Failed download:
['MNK']: YFTzMissingError('possibly delisted; no timezone found')
    Warning: No data found for MNK
  ✗ S2: Insufficient data for RMD/MNK

61/223: 2017-07-19: Added=PKG, Removed=MUR
  Holding Period End Date: 2017-08-01
  ✓ S1: PKG -1.99%, Portfolio: $1,051,847
  ✓ S2: Long PKG (-1.99%), Short MUR (0.19%)
      Combined: -0.90%, Portfolio: $765,005

62/223: 2017-07-19: Added=AOS, Removed=BBBY
  Holding Period End Date: 2017-08-01
  ✓ S1: AOS -6.43%, Portfolio: $984,242
    YFinance output for BBBY: 1 Failed download:
['BBBY']: YFTzMissingError('possibly delisted; no timezone found')
    Warning: No data found for BBBY
  ✗ S2: Insufficient data for AOS/BBBY

63/223: 2017-07-19: Added=DRE, Removed=RIG
  Holding Period End Date: 2017-08-01
    YFinance output for DRE: 1 Failed download:
['DRE']: YFTzMissingError('possibly delisted; no timezone found')
    Warning: No data found for DRE
  ✗ S1: Insufficient data for DRE
    YFinance output for DRE: 1 Failed download:
['DRE']: YFTzMissingError('possibly delisted; no timezone found')
    Warning: No data found for DRE
  ✗ S2: Insufficient data for DRE/RIG

64/223: 2017-07-31: Added=BHF, Removed=AN
  Holding Period End Date: 2017-08-11
  ✓ S1: BHF -12.17%, Portfolio: $864,492
  ✓ S2: Long BHF (-12.17%), Short AN (3.27%)
      Combined: -4.45%, Portfolio: $730,956

65/223: 2017-08-24: Added=Q, Removed=WFM
  Holding Period End Date: 2017-09-07
    YFinance output for Q: 1 Failed download:
['Q']: YFPricesMissingError('possibly delisted; no price data found  (1d 2017-08-24 00:00:00 -> 2017-09-08)')
    Warning: No data found for Q
  ✗ S1: Insufficient data for Q
    YFinance output for Q: 1 Failed download:
['Q']: YFPricesMissingError('possibly delisted; no price data found  (1d 2017-08-24 00:00:00 -> 2017-09-08)')
    Warning: No data found for Q
    YFinance output for WFM: 1 Failed download:
['WFM']: YFPricesMissingError('possibly delisted; no price data found  (1d 2017-08-24 00:00:00 -> 2017-09-08)')
    Warning: No data found for WFM
  ✗ S2: Insufficient data for Q/WFM

66/223: 2017-08-24: Added=SBAC, Removed=DD
  Holding Period End Date: 2017-09-07
  ✓ S1: SBAC 1.74%, Portfolio: $879,496
  ✓ S2: Long SBAC (1.74%), Short DD (-0.51%)
      Combined: 0.61%, Portfolio: $735,435

67/223: 2017-08-24: Added=DWDP, Removed=DOW
  Holding Period End Date: 2017-09-07
    YFinance output for DWDP: 1 Failed download:
['DWDP']: YFTzMissingError('possibly delisted; no timezone found')
    Warning: No data found for DWDP
  ✗ S1: Insufficient data for DWDP
    YFinance output for DWDP: 1 Failed download:
['DWDP']: YFTzMissingError('possibly delisted; no timezone found')
    Warning: No data found for DWDP
    YFinance output for DOW: 1 Failed download:
['DOW']: YFPricesMissingError('possibly delisted; no price data found  (1d 2017-08-24 00:00:00 -> 2017-09-08) (Yahoo error = "Data doesn\'t exist for startDate = 1503547200, endDate = 1504843200")')
    Warning: No data found for DOW
  ✗ S2: Insufficient data for DWDP/DOW

68/223: 2017-08-24: Added=CDNS, Removed=SPLS
  Holding Period End Date: 2017-09-07
  ✓ S1: CDNS 3.36%, Portfolio: $909,065
    YFinance output for SPLS: 1 Failed download:
['SPLS']: YFPricesMissingError('possibly delisted; no price data found  (1d 2017-08-24 00:00:00 -> 2017-09-08)')
    Warning: No data found for SPLS
  ✗ S2: Insufficient data for CDNS/SPLS

69/223: 2017-10-04: Added=NCLH, Removed=LVLT
  Holding Period End Date: 2017-10-17
  ✓ S1: NCLH 4.70%, Portfolio: $951,774
    YFinance output for LVLT: 1 Failed download:
['LVLT']: YFPricesMissingError('possibly delisted; no price data found  (1d 2017-10-04 00:00:00 -> 2017-10-18)')
    Warning: No data found for LVLT
  ✗ S2: Insufficient data for NCLH/LVLT

70/223: 2017-12-28: Added=HII, Removed=BCR
  Holding Period End Date: 2018-01-11
  ✓ S1: HII -0.08%, Portfolio: $951,059
    YFinance output for BCR: 1 Failed download:
['BCR']: YFPricesMissingError('possibly delisted; no price data found  (1d 2017-12-28 00:00:00 -> 2018-01-12)')
    Warning: No data found for BCR
  ✗ S2: Insufficient data for HII/BCR

71/223: 2018-03-02: Added=IPGP, Removed=SNI
  Holding Period End Date: 2018-03-15
  ✓ S1: IPGP 1.79%, Portfolio: $968,114
    YFinance output for SNI: 1 Failed download:
['SNI']: YFPricesMissingError('possibly delisted; no price data found  (1d 2018-03-02 00:00:00 -> 2018-03-16)')
    Warning: No data found for SNI
  ✗ S2: Insufficient data for IPGP/SNI

72/223: 2018-03-09: Added=TTWO, Removed=SIG
  Holding Period End Date: 2018-03-22
  ✓ S1: TTWO -12.19%, Portfolio: $850,057
  ✓ S2: Long TTWO (-12.19%), Short SIG (24.05%)
      Combined: 5.93%, Portfolio: $779,025

73/223: 2018-03-09: Added=NKTR, Removed=CHK
  Holding Period End Date: 2018-03-22
  ✓ S1: NKTR -4.00%, Portfolio: $816,083
    YFinance output for CHK: 1 Failed download:
['CHK']: YFTzMissingError('possibly delisted; no timezone found')
    Warning: No data found for CHK
  ✗ S2: Insufficient data for NKTR/CHK

74/223: 2018-03-09: Added=SIVB, Removed=PDCO
  Holding Period End Date: 2018-03-22
    YFinance output for SIVB: 1 Failed download:
['SIVB']: YFTzMissingError('possibly delisted; no timezone found')
    Warning: No data found for SIVB
  ✗ S1: Insufficient data for SIVB
    YFinance output for SIVB: 1 Failed download:
['SIVB']: YFTzMissingError('possibly delisted; no timezone found')
    Warning: No data found for SIVB
    YFinance output for PDCO: 1 Failed download:
['PDCO']: YFTzMissingError('possibly delisted; no timezone found')
    Warning: No data found for PDCO
  ✗ S2: Insufficient data for SIVB/PDCO

75/223: 2018-03-28: Added=MSCI, Removed=CSRA
  Holding Period End Date: 2018-04-11
  ✓ S1: MSCI -1.53%, Portfolio: $803,616
  ✓ S2: Long MSCI (-1.53%), Short CSRA (0.00%)
      Combined: -0.76%, Portfolio: $773,074

76/223: 2018-05-25: Added=ABMD, Removed=WYN
  Holding Period End Date: 2018-06-08
    YFinance output for ABMD: 1 Failed download:
['ABMD']: YFTzMissingError('possibly delisted; no timezone found')
    Warning: No data found for ABMD
  ✗ S1: Insufficient data for ABMD
    YFinance output for ABMD: 1 Failed download:
['ABMD']: YFTzMissingError('possibly delisted; no timezone found')
    Warning: No data found for ABMD
    YFinance output for WYN: 1 Failed download:
['WYN']: YFPricesMissingError('possibly delisted; no price data found  (1d 2018-05-25 00:00:00 -> 2018-06-11)')
    Warning: No data found for WYN
  ✗ S2: Insufficient data for ABMD/WYN

77/223: 2018-05-31: Added=EVRG, Removed=NAVI
  Holding Period End Date: 2018-06-13
  ✓ S1: EVRG -7.97%, Portfolio: $739,553
  ✓ S2: Long EVRG (-7.97%), Short NAVI (0.58%)
      Combined: -3.69%, Portfolio: $744,512

78/223: 2018-06-04: Added=TWTR, Removed=MON
  Holding Period End Date: 2018-06-15
    YFinance output for TWTR: 1 Failed download:
['TWTR']: YFTzMissingError('possibly delisted; no timezone found')
    Warning: No data found for TWTR
  ✗ S1: Insufficient data for TWTR
    YFinance output for TWTR: 1 Failed download:
['TWTR']: YFTzMissingError('possibly delisted; no timezone found')
    Warning: No data found for TWTR
    YFinance output for MON: 1 Failed download:
['MON']: YFTzMissingError('possibly delisted; no timezone found')
    Warning: No data found for MON
  ✗ S2: Insufficient data for TWTR/MON

79/223: 2018-06-08: Added=HFC, Removed=AYI
  Holding Period End Date: 2018-06-21
    YFinance output for HFC: 1 Failed download:
['HFC']: YFTzMissingError('possibly delisted; no timezone found')
    Warning: No data found for HFC
  ✗ S1: Insufficient data for HFC
    YFinance output for HFC: 1 Failed download:
['HFC']: YFTzMissingError('possibly delisted; no timezone found')
    Warning: No data found for HFC
  ✗ S2: Insufficient data for HFC/AYI

80/223: 2018-06-08: Added=BR, Removed=RRC
  Holding Period End Date: 2018-06-21
  ✓ S1: BR -1.88%, Portfolio: $725,676
  ✓ S2: Long BR (-1.88%), Short RRC (-4.75%)
      Combined: -3.31%, Portfolio: $719,857

81/223: 2018-06-15: Added=FLT, Removed=TWX
  Holding Period End Date: 2018-06-28
    YFinance output for FLT: 1 Failed download:
['FLT']: YFTzMissingError('possibly delisted; no timezone found')
    Warning: No data found for FLT
  ✗ S1: Insufficient data for FLT
    YFinance output for FLT: 1 Failed download:
['FLT']: YFTzMissingError('possibly delisted; no timezone found')
    Warning: No data found for FLT
  ✗ S2: Insufficient data for FLT/TWX

82/223: 2018-06-25: Added=CPRT, Removed=DPS
  Holding Period End Date: 2018-07-09
  ✓ S1: CPRT 0.77%, Portfolio: $731,277
    YFinance output for DPS: 1 Failed download:
['DPS']: YFPricesMissingError('possibly delisted; no price data found  (1d 2018-06-25 00:00:00 -> 2018-07-10)')
    Warning: No data found for DPS
  ✗ S2: Insufficient data for CPRT/DPS

83/223: 2018-08-23: Added=ANET, Removed=GGP
  Holding Period End Date: 2018-09-06
  ✓ S1: ANET -5.25%, Portfolio: $692,877
    YFinance output for GGP: 1 Failed download:
['GGP']: YFPricesMissingError('possibly delisted; no price data found  (1d 2018-08-23 00:00:00 -> 2018-09-07)')
    Warning: No data found for GGP
  ✗ S2: Insufficient data for ANET/GGP

84/223: 2018-09-11: Added=WCG, Removed=XL
  Holding Period End Date: 2018-09-24
    YFinance output for WCG: 1 Failed download:
['WCG']: YFTzMissingError('possibly delisted; no timezone found')
    Warning: No data found for WCG
  ✗ S1: Insufficient data for WCG
    YFinance output for WCG: 1 Failed download:
['WCG']: YFTzMissingError('possibly delisted; no timezone found')
    Warning: No data found for WCG
    YFinance output for XL: 1 Failed download:
['XL']: YFTzMissingError('possibly delisted; no timezone found')
    Warning: No data found for XL
  ✗ S2: Insufficient data for WCG/XL

85/223: 2018-09-25: Added=ROL, Removed=ANDV
  Holding Period End Date: 2018-10-08
  ✓ S1: ROL -5.68%, Portfolio: $653,509
  ✓ S2: Long ROL (-5.68%), Short ANDV (2.47%)
      Combined: -1.61%, Portfolio: $708,294

86/223: 2018-10-04: Added=FTNT, Removed=EVHC
  Holding Period End Date: 2018-10-17
  ✓ S1: FTNT -8.55%, Portfolio: $597,666
  ✓ S2: Long FTNT (-8.55%), Short EVHC (-0.13%)
      Combined: -4.34%, Portfolio: $677,569

87/223: 2018-10-30: Added=KEYS, Removed=CA
  Holding Period End Date: 2018-11-12
  ✓ S1: KEYS 1.79%, Portfolio: $608,336
    YFinance output for CA: 1 Failed download:
['CA']: YFPricesMissingError('possibly delisted; no price data found  (1d 2018-10-30 00:00:00 -> 2018-11-13) (Yahoo error = "Data doesn\'t exist for startDate = 1540872000, endDate = 1542085200")')
    Warning: No data found for CA
  ✗ S2: Insufficient data for KEYS/CA

88/223: 2018-11-07: Added=JKHY, Removed=EQT
  Holding Period End Date: 2018-11-20
  ✓ S1: JKHY -8.07%, Portfolio: $559,222
  ✓ S2: Long JKHY (-8.07%), Short EQT (11.12%)
      Combined: 1.52%, Portfolio: $687,894

89/223: 2018-11-26: Added=FANG, Removed=SRCL
  Holding Period End Date: 2018-12-10
  ✓ S1: FANG -7.94%, Portfolio: $514,816
    YFinance output for SRCL: 1 Failed download:
['SRCL']: YFTzMissingError('possibly delisted; no timezone found')
    Warning: No data found for SRCL
  ✗ S2: Insufficient data for FANG/SRCL

90/223: 2018-11-26: Added=MXIM, Removed=AET
  Holding Period End Date: 2018-12-10
    YFinance output for MXIM: 1 Failed download:
['MXIM']: YFTzMissingError('possibly delisted; no timezone found')
    Warning: No data found for MXIM
  ✗ S1: Insufficient data for MXIM
    YFinance output for MXIM: 1 Failed download:
['MXIM']: YFTzMissingError('possibly delisted; no timezone found')
    Warning: No data found for MXIM
  ✗ S2: Insufficient data for MXIM/AET

91/223: 2018-11-26: Added=LW, Removed=COL
  Holding Period End Date: 2018-12-10
  ✓ S1: LW -8.71%, Portfolio: $469,977
  ✓ S2: Long LW (-8.71%), Short COL (12.50%)
      Combined: 1.90%, Portfolio: $700,930

92/223: 2018-12-27: Added=CE, Removed=ESRX
  Holding Period End Date: 2019-01-10
  ✓ S1: CE 5.37%, Portfolio: $495,201
    YFinance output for ESRX: 1 Failed download:
['ESRX']: YFPricesMissingError('possibly delisted; no price data found  (1d 2018-12-27 00:00:00 -> 2019-01-11)')
    Warning: No data found for ESRX
  ✗ S2: Insufficient data for CE/ESRX

93/223: 2018-12-27: Added=FRC, Removed=SCG
  Holding Period End Date: 2019-01-10
    YFinance output for FRC: 1 Failed download:
['FRC']: YFTzMissingError('possibly delisted; no timezone found')
    Warning: No data found for FRC
  ✗ S1: Insufficient data for FRC
    YFinance output for FRC: 1 Failed download:
['FRC']: YFTzMissingError('possibly delisted; no timezone found')
    Warning: No data found for FRC
  ✗ S2: Insufficient data for FRC/SCG

94/223: 2019-01-15: Added=TFX, Removed=PCG
  Holding Period End Date: 2019-01-29
  ✓ S1: TFX 4.59%, Portfolio: $517,939
  ✓ S2: Long TFX (4.59%), Short PCG (-50.61%)
      Combined: -23.01%, Portfolio: $539,661

95/223: 2019-02-08: Added=ATO, Removed=NFX
  Holding Period End Date: 2019-02-22
  ✓ S1: ATO 2.08%, Portfolio: $528,722
  ✓ S2: Long ATO (2.08%), Short NFX (-4.51%)
      Combined: -1.21%, Portfolio: $533,107

96/223: 2019-02-21: Added=WAB, Removed=GT
  Holding Period End Date: 2019-03-06
  ✓ S1: WAB -6.21%, Portfolio: $495,884
  ✓ S2: Long WAB (-6.21%), Short GT (5.33%)
      Combined: -0.44%, Portfolio: $530,758

97/223: 2019-03-14: Added=FOXA, Removed=FOXA
  Holding Period End Date: 2019-03-27
  ✓ S1: FOXA -9.18%, Portfolio: $450,382
  ✓ S2: Long FOXA (-9.18%), Short FOXA (10.10%)
      Combined: 0.46%, Portfolio: $533,218

98/223: 2019-03-14: Added=FOX, Removed=FOX
  Holding Period End Date: 2019-03-27
  ✓ S1: FOX -9.41%, Portfolio: $408,003
  ✓ S2: Long FOX (-9.41%), Short FOX (10.39%)
      Combined: 0.49%, Portfolio: $535,824

99/223: 2019-03-26: Added=DOW, Removed=BHF
  Holding Period End Date: 2019-04-08
  ✓ S1: DOW 16.99%, Portfolio: $477,326
  ✓ S2: Long DOW (16.99%), Short BHF (-7.03%)
      Combined: 4.98%, Portfolio: $562,519

100/223: 2019-05-28: Added=CTVA, Removed=FLR
  Holding Period End Date: 2019-06-10
  ✓ S1: CTVA -12.01%, Portfolio: $419,994
  ✓ S2: Long CTVA (-12.01%), Short FLR (-3.77%)
      Combined: -7.89%, Portfolio: $518,145

101/223: 2019-05-28: Added=DD, Removed=DWDP
  Holding Period End Date: 2019-06-10
  ✓ S1: DD 13.25%, Portfolio: $475,641
    YFinance output for DWDP: 1 Failed download:
['DWDP']: YFTzMissingError('possibly delisted; no timezone found')
    Warning: No data found for DWDP
  ✗ S2: Insufficient data for DD/DWDP

102/223: 2019-06-03: Added=BMS, Removed=MAT
  Holding Period End Date: 2019-06-14
  ✓ S1: BMS -0.69%, Portfolio: $472,341
  ✓ S2: Long BMS (-0.69%), Short MAT (-18.57%)
      Combined: -9.63%, Portfolio: $468,249

103/223: 2019-06-03: Added=AMCR, Removed=BMS
  Holding Period End Date: 2019-06-14
  ✓ S1: AMCR -1.97%, Portfolio: $463,021
  ✓ S2: Long AMCR (-1.97%), Short BMS (0.70%)
      Combined: -0.64%, Portfolio: $465,266

104/223: 2019-06-24: Added=MKTX, Removed=LLL
  Holding Period End Date: 2019-07-08
  ✓ S1: MKTX 2.55%, Portfolio: $474,812
    YFinance output for LLL: 1 Failed download:
['LLL']: YFTzMissingError('possibly delisted; no timezone found')
    Warning: No data found for LLL
  ✗ S2: Insufficient data for MKTX/LLL

105/223: 2019-07-09: Added=TMUS, Removed=RHT
  Holding Period End Date: 2019-07-22
  ✓ S1: TMUS 3.34%, Portfolio: $490,670
    YFinance output for RHT: 1 Failed download:
['RHT']: YFTzMissingError('possibly delisted; no timezone found')
    Warning: No data found for RHT
  ✗ S2: Insufficient data for TMUS/RHT

106/223: 2019-08-01: Added=IEX, Removed=FL
  Holding Period End Date: 2019-08-14
  ✓ S1: IEX -4.31%, Portfolio: $469,510
  ✓ S2: Long IEX (-4.31%), Short FL (3.64%)
      Combined: -0.34%, Portfolio: $463,690

107/223: 2019-08-01: Added=LDOS, Removed=APC
  Holding Period End Date: 2019-08-14
  ✓ S1: LDOS -0.71%, Portfolio: $466,189
    YFinance output for APC: 1 Failed download:
['APC']: YFTzMissingError('possibly delisted; no timezone found')
    Warning: No data found for APC
  ✗ S2: Insufficient data for LDOS/APC

108/223: 2019-09-17: Added=CDW, Removed=TSS
  Holding Period End Date: 2019-09-30
  ✓ S1: CDW 8.30%, Portfolio: $504,860
    YFinance output for TSS: 1 Failed download:
['TSS']: YFTzMissingError('possibly delisted; no timezone found')
    Warning: No data found for TSS
  ✗ S2: Insufficient data for CDW/TSS

109/223: 2019-09-20: Added=NVR, Removed=JEF
  Holding Period End Date: 2019-10-03
  ✓ S1: NVR -0.86%, Portfolio: $500,499
  ✓ S2: Long NVR (-0.86%), Short JEF (1.34%)
      Combined: 0.24%, Portfolio: $464,795

110/223: 2019-09-20: Added=LVS, Removed=NKTR
  Holding Period End Date: 2019-10-03
  ✓ S1: LVS -0.67%, Portfolio: $497,123
  ✓ S2: Long LVS (-0.67%), Short NKTR (10.71%)
      Combined: 5.02%, Portfolio: $488,127

111/223: 2019-11-18: Added=NOW, Removed=CELG
  Holding Period End Date: 2019-12-02
  ✓ S1: NOW 4.15%, Portfolio: $517,732
    YFinance output for CELG: 1 Failed download:
['CELG']: YFTzMissingError('possibly delisted; no timezone found')
    Warning: No data found for CELG
  ✗ S2: Insufficient data for NOW/CELG

112/223: 2019-11-27: Added=WRB, Removed=VIAB
  Holding Period End Date: 2019-12-11
  ✓ S1: WRB 0.56%, Portfolio: $520,651
    YFinance output for VIAB: 1 Failed download:
['VIAB']: YFTzMissingError('possibly delisted; no timezone found')
    Warning: No data found for VIAB
  ✗ S2: Insufficient data for WRB/VIAB

113/223: 2019-12-02: Added=ODFL, Removed=STI
  Holding Period End Date: 2019-12-13
  ✓ S1: ODFL 0.16%, Portfolio: $521,490
    YFinance output for STI: 1 Failed download:
['STI']: YFPricesMissingError('possibly delisted; no price data found  (1d 2019-12-02 00:00:00 -> 2019-12-16) (Yahoo error = "Data doesn\'t exist for startDate = 1575262800, endDate = 1576472400")')
    Warning: No data found for STI
  ✗ S2: Insufficient data for ODFL/STI

114/223: 2019-12-13: Added=ZBRA, Removed=TRIP
  Holding Period End Date: 2019-12-27
  ✓ S1: ZBRA -0.70%, Portfolio: $517,849
  ✓ S2: Long ZBRA (-0.70%), Short TRIP (-3.43%)
      Combined: -2.07%, Portfolio: $478,043

115/223: 2019-12-13: Added=LYV, Removed=AMG
  Holding Period End Date: 2019-12-27
  ✓ S1: LYV 11.36%, Portfolio: $576,684
  ✓ S2: Long LYV (11.36%), Short AMG (0.19%)
      Combined: 5.77%, Portfolio: $505,649

116/223: 2019-12-13: Added=STE, Removed=MAC
  Holding Period End Date: 2019-12-27
  ✓ S1: STE -0.08%, Portfolio: $576,229
  ✓ S2: Long STE (-0.08%), Short MAC (-1.70%)
      Combined: -0.89%, Portfolio: $501,157

117/223: 2020-01-22: Added=PAYC, Removed=WCG
  Holding Period End Date: 2020-02-04
  ✓ S1: PAYC 11.36%, Portfolio: $641,703
    YFinance output for WCG: 1 Failed download:
['WCG']: YFTzMissingError('possibly delisted; no timezone found')
    Warning: No data found for WCG
  ✗ S2: Insufficient data for PAYC/WCG

118/223: 2020-02-27: Added=IR, Removed=XEC
  Holding Period End Date: 2020-03-11
  ✓ S1: IR -30.11%, Portfolio: $448,485
    YFinance output for XEC: 1 Failed download:
['XEC']: YFTzMissingError('possibly delisted; no timezone found')
    Warning: No data found for XEC
  ✗ S2: Insufficient data for IR/XEC

119/223: 2020-03-31: Added=nan, Removed=M
  Holding Period End Date: 2020-04-14

120/223: 2020-03-31: Added=nan, Removed=RTN
  Holding Period End Date: 2020-04-14

121/223: 2020-03-31: Added=CARR, Removed=nan
  Holding Period End Date: 2020-04-14
  ✓ S1: CARR -19.59%, Portfolio: $360,608

122/223: 2020-03-31: Added=OTIS, Removed=nan
  Holding Period End Date: 2020-04-14
  ✓ S1: OTIS -8.22%, Portfolio: $330,966

123/223: 2020-05-05: Added=HWM, Removed=ARNC
  Holding Period End Date: 2020-05-18
  ✓ S1: HWM 1.06%, Portfolio: $334,490
    YFinance output for ARNC: 1 Failed download:
['ARNC']: YFTzMissingError('possibly delisted; no timezone found')
    Warning: No data found for ARNC
  ✗ S2: Insufficient data for HWM/ARNC

124/223: 2020-05-06: Added=DXCM, Removed=AGN
  Holding Period End Date: 2020-05-19
  ✓ S1: DXCM 10.38%, Portfolio: $369,215
    YFinance output for AGN: 1 Failed download:
['AGN']: YFTzMissingError('possibly delisted; no timezone found')
    Warning: No data found for AGN
  ✗ S2: Insufficient data for DXCM/AGN

125/223: 2020-05-06: Added=DPZ, Removed=CPRI
  Holding Period End Date: 2020-05-19
  ✓ S1: DPZ -0.62%, Portfolio: $366,944
  ✓ S2: Long DPZ (-0.62%), Short CPRI (-1.56%)
      Combined: -1.09%, Portfolio: $495,703

126/223: 2020-05-18: Added=WST, Removed=HP
  Holding Period End Date: 2020-06-01
  ✓ S1: WST -2.87%, Portfolio: $356,426
  ✓ S2: Long WST (-2.87%), Short HP (-4.98%)
      Combined: -3.92%, Portfolio: $476,249

127/223: 2020-06-12: Added=BIO, Removed=ADS
  Holding Period End Date: 2020-06-25
  ✓ S1: BIO -2.59%, Portfolio: $347,207
    YFinance output for ADS: 1 Failed download:
['ADS']: YFTzMissingError('possibly delisted; no timezone found')
    Warning: No data found for ADS
  ✗ S2: Insufficient data for BIO/ADS

128/223: 2020-06-12: Added=TDY, Removed=HOG
  Holding Period End Date: 2020-06-25
  ✓ S1: TDY -7.50%, Portfolio: $321,151
  ✓ S2: Long TDY (-7.50%), Short HOG (2.74%)
      Combined: -2.38%, Portfolio: $464,915

129/223: 2020-06-12: Added=TYL, Removed=JWN
  Holding Period End Date: 2020-06-25
  ✓ S1: TYL -0.70%, Portfolio: $318,912
    YFinance output for JWN: 1 Failed download:
['JWN']: YFTzMissingError('possibly delisted; no timezone found')
    Warning: No data found for JWN
  ✗ S2: Insufficient data for TYL/JWN

130/223: 2020-09-04: Added=CTLT, Removed=KSS
  Holding Period End Date: 2020-09-18
    YFinance output for CTLT: 1 Failed download:
['CTLT']: YFTzMissingError('possibly delisted; no timezone found')
    Warning: No data found for CTLT
  ✗ S1: Insufficient data for CTLT
    YFinance output for CTLT: 1 Failed download:
['CTLT']: YFTzMissingError('possibly delisted; no timezone found')
    Warning: No data found for CTLT
  ✗ S2: Insufficient data for CTLT/KSS

131/223: 2020-09-04: Added=ETSY, Removed=HRB
  Holding Period End Date: 2020-09-18
  ✓ S1: ETSY -0.26%, Portfolio: $318,086
  ✓ S2: Long ETSY (-0.26%), Short HRB (7.14%)
      Combined: 3.44%, Portfolio: $480,921

132/223: 2020-09-04: Added=TER, Removed=COTY
  Holding Period End Date: 2020-09-18
  ✓ S1: TER -2.84%, Portfolio: $309,061
  ✓ S2: Long TER (-2.84%), Short COTY (26.89%)
      Combined: 12.02%, Portfolio: $538,747

133/223: 2020-10-01: Added=POOL, Removed=ETFC
  Holding Period End Date: 2020-10-14
  ✓ S1: POOL 9.76%, Portfolio: $339,216
    YFinance output for ETFC: 1 Failed download:
['ETFC']: YFTzMissingError('possibly delisted; no timezone found')
    Warning: No data found for ETFC
  ✗ S2: Insufficient data for POOL/ETFC

134/223: 2020-10-05: Added=VNT, Removed=nan
  Holding Period End Date: 2020-10-16
  ✓ S1: VNT -17.49%, Portfolio: $279,891

135/223: 2020-10-05: Added=nan, Removed=NBL
  Holding Period End Date: 2020-10-16

136/223: 2020-12-11: Added=TSLA, Removed=AIV
  Holding Period End Date: 2020-12-24
  ✓ S1: TSLA 8.49%, Portfolio: $303,650
  ✓ S2: Long TSLA (8.49%), Short AIV (-12.51%)
      Combined: -2.01%, Portfolio: $527,917

137/223: 2020-12-30: Added=ENPH, Removed=TIF
  Holding Period End Date: 2021-01-13
  ✓ S1: ENPH 17.79%, Portfolio: $357,661
    YFinance output for TIF: 1 Failed download:
['TIF']: YFTzMissingError('possibly delisted; no timezone found')
    Warning: No data found for TIF
  ✗ S2: Insufficient data for ENPH/TIF

138/223: 2021-01-15: Added=TRMB, Removed=CXO
  Holding Period End Date: 2021-01-29
  ✓ S1: TRMB -5.11%, Portfolio: $339,382
    YFinance output for CXO: 1 Failed download:
['CXO']: YFTzMissingError('possibly delisted; no timezone found')
    Warning: No data found for CXO
  ✗ S2: Insufficient data for TRMB/CXO

139/223: 2021-02-08: Added=MPWR, Removed=FTI
  Holding Period End Date: 2021-02-22
  ✓ S1: MPWR 1.10%, Portfolio: $343,101
  ✓ S2: Long MPWR (1.10%), Short FTI (9.44%)
      Combined: 5.27%, Portfolio: $555,735

140/223: 2021-03-12: Added=CZR, Removed=VNT
  Holding Period End Date: 2021-03-25
  ✓ S1: CZR -13.60%, Portfolio: $296,454
  ✓ S2: Long CZR (-13.60%), Short VNT (0.10%)
      Combined: -6.75%, Portfolio: $518,226

141/223: 2021-03-12: Added=PENN, Removed=SLG
  Holding Period End Date: 2021-03-25
  ✓ S1: PENN -16.65%, Portfolio: $247,102
  ✓ S2: Long PENN (-16.65%), Short SLG (9.91%)
      Combined: -3.37%, Portfolio: $500,763

142/223: 2021-03-12: Added=NXPI, Removed=FLS
  Holding Period End Date: 2021-03-25
  ✓ S1: NXPI 4.27%, Portfolio: $257,661
  ✓ S2: Long NXPI (4.27%), Short FLS (7.61%)
      Combined: 5.94%, Portfolio: $530,508

143/223: 2021-03-12: Added=GNRC, Removed=XRX
  Holding Period End Date: 2021-03-25
  ✓ S1: GNRC -8.58%, Portfolio: $235,541
  ✓ S2: Long GNRC (-8.58%), Short XRX (10.15%)
      Combined: 0.78%, Portfolio: $534,664

144/223: 2021-04-15: Added=PTC, Removed=VAR
  Holding Period End Date: 2021-04-28
  ✓ S1: PTC 0.50%, Portfolio: $236,723
    YFinance output for VAR: 1 Failed download:
['VAR']: YFTzMissingError('possibly delisted; no timezone found')
    Warning: No data found for VAR
  ✗ S2: Insufficient data for PTC/VAR

145/223: 2021-05-10: Added=CRL, Removed=FLIR
  Holding Period End Date: 2021-05-21
  ✓ S1: CRL -1.70%, Portfolio: $232,705
    YFinance output for FLIR: 1 Failed download:
['FLIR']: YFTzMissingError('possibly delisted; no timezone found')
    Warning: No data found for FLIR
  ✗ S2: Insufficient data for CRL/FLIR

146/223: 2021-05-27: Added=OGN, Removed=nan
  Holding Period End Date: 2021-06-10
  ✓ S1: OGN -14.56%, Portfolio: $198,815

147/223: 2021-05-27: Added=nan, Removed=HFC
  Holding Period End Date: 2021-06-10

148/223: 2021-07-15: Added=MRNA, Removed=ALXN
  Holding Period End Date: 2021-07-28
  ✓ S1: MRNA 34.52%, Portfolio: $267,450
    YFinance output for ALXN: 1 Failed download:
['ALXN']: YFTzMissingError('possibly delisted; no timezone found')
    Warning: No data found for ALXN
  ✗ S2: Insufficient data for MRNA/ALXN

149/223: 2021-08-24: Added=TECH, Removed=MXIM
  Holding Period End Date: 2021-09-07
  ✓ S1: TECH 4.41%, Portfolio: $279,234
    YFinance output for MXIM: 1 Failed download:
['MXIM']: YFTzMissingError('possibly delisted; no timezone found')
    Warning: No data found for MXIM
  ✗ S2: Insufficient data for TECH/MXIM

150/223: 2021-09-03: Added=BRO, Removed=NOV
  Holding Period End Date: 2021-09-17
  ✓ S1: BRO -3.27%, Portfolio: $270,091
  ✓ S2: Long BRO (-3.27%), Short NOV (-3.29%)
      Combined: -3.28%, Portfolio: $517,125

151/223: 2021-09-03: Added=CDAY, Removed=UNM
  Holding Period End Date: 2021-09-17
    YFinance output for CDAY: 1 Failed download:
['CDAY']: YFTzMissingError('possibly delisted; no timezone found')
    Warning: No data found for CDAY
  ✗ S1: Insufficient data for CDAY
    YFinance output for CDAY: 1 Failed download:
['CDAY']: YFTzMissingError('possibly delisted; no timezone found')
    Warning: No data found for CDAY
  ✗ S2: Insufficient data for CDAY/UNM

152/223: 2021-09-03: Added=MTCH, Removed=PRGO
  Holding Period End Date: 2021-09-17
  ✓ S1: MTCH 6.04%, Portfolio: $286,403
  ✓ S2: Long MTCH (6.04%), Short PRGO (-4.76%)
      Combined: 0.64%, Portfolio: $520,443

153/223: 2021-12-03: Added=FDS, Removed=WU
  Holding Period End Date: 2021-12-16
  ✓ S1: FDS 1.08%, Portfolio: $289,486
  ✓ S2: Long FDS (1.08%), Short WU (-7.96%)
      Combined: -3.44%, Portfolio: $502,541

154/223: 2021-12-03: Added=SEDG, Removed=HBI
  Holding Period End Date: 2021-12-16
  ✓ S1: SEDG -6.50%, Portfolio: $270,655
  ✓ S2: Long SEDG (-6.50%), Short HBI (-1.96%)
      Combined: -4.23%, Portfolio: $481,263

155/223: 2021-12-03: Added=SBNY, Removed=LEG
  Holding Period End Date: 2021-12-16
    YFinance output for SBNY: 1 Failed download:
['SBNY']: YFPricesMissingError('possibly delisted; no price data found  (1d 2021-12-03 00:00:00 -> 2021-12-17) (Yahoo error = "Data doesn\'t exist for startDate = 1638507600, endDate = 1639717200")')
    Warning: No data found for SBNY
  ✗ S1: Insufficient data for SBNY
    YFinance output for SBNY: 1 Failed download:
['SBNY']: YFPricesMissingError('possibly delisted; no price data found  (1d 2021-12-03 00:00:00 -> 2021-12-17) (Yahoo error = "Data doesn\'t exist for startDate = 1638507600, endDate = 1639717200")')
    Warning: No data found for SBNY
  ✗ S2: Insufficient data for SBNY/LEG

156/223: 2021-12-07: Added=EPAM, Removed=KSU
  Holding Period End Date: 2021-12-20
  ✓ S1: EPAM 4.71%, Portfolio: $283,405
    YFinance output for KSU: 1 Failed download:
['KSU']: YFTzMissingError('possibly delisted; no timezone found')
    Warning: No data found for KSU
  ✗ S2: Insufficient data for EPAM/KSU

157/223: 2022-01-26: Added=CEG, Removed=nan
  Holding Period End Date: 2022-02-08
  ✓ S1: CEG 5.28%, Portfolio: $298,356

158/223: 2022-01-26: Added=nan, Removed=GPS
  Holding Period End Date: 2022-02-08

159/223: 2022-02-10: Added=NDSN, Removed=XLNX
  Holding Period End Date: 2022-02-24
  ✓ S1: NDSN -3.83%, Portfolio: $286,932
    YFinance output for XLNX: 1 Failed download:
['XLNX']: YFTzMissingError('possibly delisted; no timezone found')
    Warning: No data found for XLNX
  ✗ S2: Insufficient data for NDSN/XLNX

160/223: 2022-02-25: Added=MOH, Removed=INFO
  Holding Period End Date: 2022-03-10
  ✓ S1: MOH -0.67%, Portfolio: $285,021
    YFinance output for INFO: 1 Failed download:
['INFO']: YFPricesMissingError('possibly delisted; no price data found  (1d 2022-02-25 00:00:00 -> 2022-03-11) (Yahoo error = "Data doesn\'t exist for startDate = 1645765200, endDate = 1646974800")')
    Warning: No data found for INFO
  ✗ S2: Insufficient data for MOH/INFO

161/223: 2022-03-29: Added=CPT, Removed=PBCT
  Holding Period End Date: 2022-04-11
  ✓ S1: CPT -2.73%, Portfolio: $277,243
    YFinance output for PBCT: 1 Failed download:
['PBCT']: YFTzMissingError('possibly delisted; no timezone found')
    Warning: No data found for PBCT
  ✗ S2: Insufficient data for CPT/PBCT

162/223: 2022-04-07: Added=WBD, Removed=DISCA
  Holding Period End Date: 2022-04-21
  ✓ S1: WBD -7.02%, Portfolio: $257,774
    YFinance output for DISCA: 1 Failed download:
['DISCA']: YFTzMissingError('possibly delisted; no timezone found')
    Warning: No data found for DISCA
  ✗ S2: Insufficient data for WBD/DISCA

163/223: 2022-04-07: Added=nan, Removed=DISCK
  Holding Period End Date: 2022-04-21

164/223: 2022-06-03: Added=VICI, Removed=CERN
  Holding Period End Date: 2022-06-16
  ✓ S1: VICI -8.38%, Portfolio: $236,177
    YFinance output for CERN: 1 Failed download:
['CERN']: YFTzMissingError('possibly delisted; no timezone found')
    Warning: No data found for CERN
  ✗ S2: Insufficient data for VICI/CERN

165/223: 2022-06-03: Added=ON, Removed=IPGP
  Holding Period End Date: 2022-06-16
  ✓ S1: ON -15.06%, Portfolio: $200,604
  ✓ S2: Long ON (-15.06%), Short IPGP (21.09%)
      Combined: 3.01%, Portfolio: $495,759

166/223: 2022-06-03: Added=KDP, Removed=UAA
  Holding Period End Date: 2022-06-16
  ✓ S1: KDP -1.40%, Portfolio: $197,790
  ✓ S2: Long KDP (-1.40%), Short UAA (23.04%)
      Combined: 10.82%, Portfolio: $549,399

167/223: 2022-06-03: Added=nan, Removed=UA
  Holding Period End Date: 2022-06-16

168/223: 2022-09-02: Added=CSGP, Removed=PVH
  Holding Period End Date: 2022-09-16
  ✓ S1: CSGP -0.62%, Portfolio: $196,562
  ✓ S2: Long CSGP (-0.62%), Short PVH (0.24%)
      Combined: -0.19%, Portfolio: $548,360

169/223: 2022-09-02: Added=INVH, Removed=PENN
  Holding Period End Date: 2022-09-16
  ✓ S1: INVH 1.07%, Portfolio: $198,664
  ✓ S2: Long INVH (1.07%), Short PENN (2.42%)
      Combined: 1.75%, Portfolio: $557,932

170/223: 2022-09-23: Added=PCG, Removed=CTXS
  Holding Period End Date: 2022-10-06
  ✓ S1: PCG 16.02%, Portfolio: $230,488
    YFinance output for CTXS: 1 Failed download:
['CTXS']: YFTzMissingError('possibly delisted; no timezone found')
    Warning: No data found for CTXS
  ✗ S2: Insufficient data for PCG/CTXS

171/223: 2022-09-23: Added=EQT, Removed=DRE
  Holding Period End Date: 2022-10-06
  ✓ S1: EQT 6.50%, Portfolio: $245,459
    YFinance output for DRE: 1 Failed download:
['DRE']: YFTzMissingError('possibly delisted; no timezone found')
    Warning: No data found for DRE
  ✗ S2: Insufficient data for EQT/DRE

172/223: 2022-10-06: Added=TRGP, Removed=NLSN
  Holding Period End Date: 2022-10-19
  ✓ S1: TRGP 3.47%, Portfolio: $253,973
    YFinance output for NLSN: 1 Failed download:
['NLSN']: YFTzMissingError('possibly delisted; no timezone found')
    Warning: No data found for NLSN
  ✗ S2: Insufficient data for TRGP/NLSN

173/223: 2022-10-27: Added=ACGL, Removed=TWTR
  Holding Period End Date: 2022-11-09
  ✓ S1: ACGL 11.36%, Portfolio: $282,815
    YFinance output for TWTR: 1 Failed download:
['TWTR']: YFTzMissingError('possibly delisted; no timezone found')
    Warning: No data found for TWTR
  ✗ S2: Insufficient data for ACGL/TWTR

174/223: 2022-12-12: Added=FSLR, Removed=FBHS
  Holding Period End Date: 2022-12-23
  ✓ S1: FSLR 4.31%, Portfolio: $294,991
    YFinance output for FBHS: 1 Failed download:
['FBHS']: YFTzMissingError('possibly delisted; no timezone found')
    Warning: No data found for FBHS
  ✗ S2: Insufficient data for FSLR/FBHS

175/223: 2022-12-12: Added=nan, Removed=MBC
  Holding Period End Date: 2022-12-23

176/223: 2022-12-12: Added=MBC, Removed=nan
  Holding Period End Date: 2022-12-23
  ✓ S1: MBC -10.82%, Portfolio: $263,062

177/223: 2022-12-19: Added=STLD, Removed=ABMD
  Holding Period End Date: 2023-01-03
  ✓ S1: STLD -5.95%, Portfolio: $247,402
    YFinance output for ABMD: 1 Failed download:
['ABMD']: YFTzMissingError('possibly delisted; no timezone found')
    Warning: No data found for ABMD
  ✗ S2: Insufficient data for STLD/ABMD

178/223: 2022-12-28: Added=GEHC, Removed=nan
  Holding Period End Date: 2023-01-11
  ✓ S1: GEHC 13.03%, Portfolio: $279,628

179/223: 2022-12-28: Added=nan, Removed=VNO
  Holding Period End Date: 2023-01-11

180/223: 2023-03-03: Added=FICO, Removed=LUMN
  Holding Period End Date: 2023-03-16
  ✓ S1: FICO -3.58%, Portfolio: $269,613
  ✓ S2: Long FICO (-3.58%), Short LUMN (27.31%)
      Combined: 11.86%, Portfolio: $624,123

181/223: 2023-03-10: Added=PODD, Removed=SIVB
  Holding Period End Date: 2023-03-23
  ✓ S1: PODD 11.10%, Portfolio: $299,549
    YFinance output for SIVB: 1 Failed download:
['SIVB']: YFTzMissingError('possibly delisted; no timezone found')
    Warning: No data found for SIVB
  ✗ S2: Insufficient data for PODD/SIVB

182/223: 2023-03-13: Added=BG, Removed=SBNY
  Holding Period End Date: 2023-03-24
  ✓ S1: BG 2.78%, Portfolio: $307,875
    YFinance output for SBNY: 1 Failed download:
['SBNY']: YFPricesMissingError('possibly delisted; no price data found  (1d 2023-03-13 00:00:00 -> 2023-03-27) (Yahoo error = "Data doesn\'t exist for startDate = 1678680000, endDate = 1679889600")')
    Warning: No data found for SBNY
  ✗ S2: Insufficient data for BG/SBNY

183/223: 2023-05-01: Added=AXON, Removed=FRC
  Holding Period End Date: 2023-05-12
  ✓ S1: AXON -6.71%, Portfolio: $287,207
    YFinance output for FRC: 1 Failed download:
['FRC']: YFTzMissingError('possibly delisted; no timezone found')
    Warning: No data found for FRC
  ✗ S2: Insufficient data for AXON/FRC

184/223: 2023-06-02: Added=PANW, Removed=DISH
  Holding Period End Date: 2023-06-15
  ✓ S1: PANW 12.23%, Portfolio: $322,321
    YFinance output for DISH: 1 Failed download:
['DISH']: YFTzMissingError('possibly delisted; no timezone found')
    Warning: No data found for DISH
  ✗ S2: Insufficient data for PANW/DISH

185/223: 2023-08-21: Added=nan, Removed=TEL
  Holding Period End Date: 2023-09-01

186/223: 2023-08-21: Added=KVUE, Removed=AAP
  Holding Period End Date: 2023-09-01
  ✓ S1: KVUE 1.12%, Portfolio: $325,921
  ✓ S2: Long KVUE (1.12%), Short AAP (0.81%)
      Combined: 0.96%, Portfolio: $630,145

187/223: 2023-08-21: Added=PCS, Removed=nan
  Holding Period End Date: 2023-09-01
    YFinance output for PCS: 1 Failed download:
['PCS']: YFPricesMissingError('possibly delisted; no price data found  (1d 2023-08-21 00:00:00 -> 2023-09-05) (Yahoo error = "Data doesn\'t exist for startDate = 1692590400, endDate = 1693886400")')
    Warning: No data found for PCS
  ✗ S1: Insufficient data for PCS

188/223: 2023-09-14: Added=BX, Removed=LNC
  Holding Period End Date: 2023-09-27
  ✓ S1: BX -5.47%, Portfolio: $308,108
  ✓ S2: Long BX (-5.47%), Short LNC (7.30%)
      Combined: 0.92%, Portfolio: $635,937

189/223: 2023-09-14: Added=ABNB, Removed=NWL
  Holding Period End Date: 2023-09-27
  ✓ S1: ABNB -7.00%, Portfolio: $286,537
  ✓ S2: Long ABNB (-7.00%), Short NWL (12.11%)
      Combined: 2.55%, Portfolio: $652,184

190/223: 2023-09-28: Added=VLTO, Removed=nan
  Holding Period End Date: 2023-10-11
  ✓ S1: VLTO -4.28%, Portfolio: $274,273

191/223: 2023-09-28: Added=nan, Removed=DXC
  Holding Period End Date: 2023-10-11

192/223: 2023-10-13: Added=LULU, Removed=ATVI
  Holding Period End Date: 2023-10-26
  ✓ S1: LULU 2.89%, Portfolio: $282,210
    YFinance output for ATVI: 1 Failed download:
['ATVI']: YFTzMissingError('possibly delisted; no timezone found')
    Warning: No data found for ATVI
  ✗ S2: Insufficient data for LULU/ATVI

193/223: 2023-10-13: Added=HUBB, Removed=OGN
  Holding Period End Date: 2023-10-26
  ✓ S1: HUBB -4.39%, Portfolio: $269,822
  ✓ S2: Long HUBB (-4.39%), Short OGN (13.13%)
      Combined: 4.37%, Portfolio: $680,682

194/223: 2023-12-01: Added=UBER, Removed=SEE
  Holding Period End Date: 2023-12-14
  ✓ S1: UBER 8.98%, Portfolio: $294,052
  ✓ S2: Long UBER (8.98%), Short SEE (-6.02%)
      Combined: 1.48%, Portfolio: $690,772

195/223: 2023-12-01: Added=BLDR, Removed=SEDG
  Holding Period End Date: 2023-12-14
  ✓ S1: BLDR 20.89%, Portfolio: $355,468
  ✓ S2: Long BLDR (20.89%), Short SEDG (-14.37%)
      Combined: 3.26%, Portfolio: $713,281

196/223: 2023-12-01: Added=JBL, Removed=ALK
  Holding Period End Date: 2023-12-14
  ✓ S1: JBL 16.69%, Portfolio: $414,788
  ✓ S2: Long JBL (16.69%), Short ALK (1.46%)
      Combined: 9.07%, Portfolio: $777,989

197/223: 2024-03-01: Added=SMCI, Removed=WHR
  Holding Period End Date: 2024-03-14
  ✓ S1: SMCI 24.81%, Portfolio: $517,688
  ✓ S2: Long SMCI (24.81%), Short WHR (1.07%)
      Combined: 12.94%, Portfolio: $878,649

198/223: 2024-03-01: Added=DECK, Removed=ZION
  Holding Period End Date: 2024-03-14
  ✓ S1: DECK 3.29%, Portfolio: $534,744
  ✓ S2: Long DECK (3.29%), Short ZION (-2.59%)
      Combined: 0.35%, Portfolio: $881,754

199/223: 2024-03-27: Added=SOLV, Removed=nan
  Holding Period End Date: 2024-04-10
  ✓ S1: SOLV -14.81%, Portfolio: $455,531

200/223: 2024-03-27: Added=GEV, Removed=nan
  Holding Period End Date: 2024-04-10
  ✓ S1: GEV 5.42%, Portfolio: $480,242

201/223: 2024-03-27: Added=nan, Removed=XRAY
  Holding Period End Date: 2024-04-10

202/223: 2024-03-27: Added=nan, Removed=VFC
  Holding Period End Date: 2024-04-10

203/223: 2024-05-03: Added=VST, Removed=PXD
  Holding Period End Date: 2024-05-16
  ✓ S1: VST 14.30%, Portfolio: $548,899
    YFinance output for PXD: 1 Failed download:
['PXD']: YFTzMissingError('possibly delisted; no timezone found')
    Warning: No data found for PXD
  ✗ S2: Insufficient data for VST/PXD

204/223: 2024-06-07: Added=KKR, Removed=RHI
  Holding Period End Date: 2024-06-21
  ✓ S1: KKR 11.05%, Portfolio: $609,564
  ✓ S2: Long KKR (11.05%), Short RHI (-4.30%)
      Combined: 3.37%, Portfolio: $911,503

205/223: 2024-06-07: Added=CRWD, Removed=CMA
  Holding Period End Date: 2024-06-21
  ✓ S1: CRWD 9.03%, Portfolio: $664,580
  ✓ S2: Long CRWD (9.03%), Short CMA (-0.96%)
      Combined: 4.03%, Portfolio: $948,269

206/223: 2024-06-07: Added=GDDY, Removed=ILMN
  Holding Period End Date: 2024-06-21
  ✓ S1: GDDY -1.22%, Portfolio: $656,473
  ✓ S2: Long GDDY (-1.22%), Short ILMN (4.73%)
      Combined: 1.75%, Portfolio: $964,889

207/223: 2024-09-06: Added=ERIE, Removed=BIO
  Holding Period End Date: 2024-09-19
  ✓ S1: ERIE 3.96%, Portfolio: $682,444
  ✓ S2: Long ERIE (3.96%), Short BIO (-4.31%)
      Combined: -0.18%, Portfolio: $963,185

208/223: 2024-09-06: Added=DELL, Removed=ETSY
  Holding Period End Date: 2024-09-19
  ✓ S1: DELL 15.46%, Portfolio: $787,956
  ✓ S2: Long DELL (15.46%), Short ETSY (-1.63%)
      Combined: 6.92%, Portfolio: $1,029,805

209/223: 2024-09-06: Added=PLTR, Removed=AAL
  Holding Period End Date: 2024-09-19
  ✓ S1: PLTR 21.43%, Portfolio: $956,822
  ✓ S2: Long PLTR (21.43%), Short AAL (-2.79%)
      Combined: 9.32%, Portfolio: $1,125,786

210/223: 2024-09-24: Added=AMTM, Removed=nan
  Holding Period End Date: 2024-10-07
  ✓ S1: AMTM -13.42%, Portfolio: $828,424

211/223: 2024-09-24: Added=nan, Removed=BBWI
  Holding Period End Date: 2024-10-07

212/223: 2024-11-21: Added=TPL, Removed=MRO
  Holding Period End Date: 2024-12-05
  ✓ S1: TPL -11.06%, Portfolio: $736,842
    YFinance output for MRO: 1 Failed download:
['MRO']: YFTzMissingError('possibly delisted; no timezone found')
    Warning: No data found for MRO
  ✗ S2: Insufficient data for TPL/MRO

213/223: 2024-12-06: Added=WDAY, Removed=AMTM
  Holding Period End Date: 2024-12-19
  ✓ S1: WDAY 0.15%, Portfolio: $737,976
  ✓ S2: Long WDAY (0.15%), Short AMTM (22.40%)
      Combined: 11.28%, Portfolio: $1,252,731

214/223: 2024-12-06: Added=APO, Removed=QRVO
  Holding Period End Date: 2024-12-19
  ✓ S1: APO -4.62%, Portfolio: $703,867
  ✓ S2: Long APO (-4.62%), Short QRVO (-0.68%)
      Combined: -2.65%, Portfolio: $1,219,502

215/223: 2024-12-18: Added=LII, Removed=CTLT
  Holding Period End Date: 2025-01-02
  ✓ S1: LII -5.12%, Portfolio: $667,847
    YFinance output for CTLT: 1 Failed download:
['CTLT']: YFTzMissingError('possibly delisted; no timezone found')
    Warning: No data found for CTLT
  ✗ S2: Insufficient data for LII/CTLT

216/223: 2025-03-07: Added=EXE, Removed=FMC
  Holding Period End Date: 2025-03-20
  ✓ S1: EXE 14.43%, Portfolio: $764,222
  ✓ S2: Long EXE (14.43%), Short FMC (-2.30%)
      Combined: 6.07%, Portfolio: $1,293,497

217/223: 2025-03-07: Added=WSM, Removed=CE
  Holding Period End Date: 2025-03-20
  ✓ S1: WSM -12.43%, Portfolio: $669,226
  ✓ S2: Long WSM (-12.43%), Short CE (-2.64%)
      Combined: -7.54%, Portfolio: $1,196,030

218/223: 2025-03-07: Added=TKO, Removed=TFX
  Holding Period End Date: 2025-03-20
  ✓ S1: TKO 4.92%, Portfolio: $702,177
  ✓ S2: Long TKO (4.92%), Short TFX (0.30%)
      Combined: 2.61%, Portfolio: $1,227,276

219/223: 2025-03-07: Added=DASH, Removed=BWA
  Holding Period End Date: 2025-03-20
  ✓ S1: DASH 8.34%, Portfolio: $760,731
  ✓ S2: Long DASH (8.34%), Short BWA (2.97%)
      Combined: 5.65%, Portfolio: $1,296,676

220/223: 2025-05-12: Added=COIN, Removed=DFS
  Holding Period End Date: 2025-05-23
  ✓ S1: COIN 27.00%, Portfolio: $966,094
    YFinance output for DFS: 1 Failed download:
['DFS']: YFTzMissingError('possibly delisted; no timezone found')
    Warning: No data found for DFS
  ✗ S2: Insufficient data for COIN/DFS

221/223: 2025-07-02: Added=DDOG, Removed=JNPR
  Holding Period End Date: 2025-07-16
  ✓ S1: DDOG 3.22%, Portfolio: $997,222
  ✗ S2: Insufficient data for DDOG/JNPR

222/223: 2025-07-14: Added=TTD, Removed=ANSS
  Holding Period End Date: 2025-07-25
  ✓ S1: TTD 14.20%, Portfolio: $1,138,813
  ✓ S2: Long TTD (14.20%), Short ANSS (3.09%)
      Combined: 8.64%, Portfolio: $1,408,737

223/223: 2025-07-18: Added=XYZ, Removed=HES
  Holding Period End Date: 2025-07-31
  ✓ S1: XYZ 6.10%, Portfolio: $1,208,249
  ✗ S2: Insufficient data for XYZ/HES

============================================================
FINAL RESULTS
Strategy 1: 186 successful trades, Final: $1,208,249 (20.82%)
Strategy 2: 82 successful trades, Final: $1,408,737 (40.87%)
Completed: 2025-08-23 20:21:05
