S&P 500 Index Update Trading Strategy Analysis
Holding Period: 15 trading days
Date Range: 2015-07-02 to 2025-07-18
Timestamp: 2025-08-23 21:02:32
============================================================

1/223: 2015-07-02: Added=KHC, Removed=KRFT
  Holding Period End Date: 2015-07-24
  ✓ S1: KHC 5.47%, Portfolio: $1,054,662
    YFinance output for KRFT: 1 Failed download:
['KRFT']: YFPricesMissingError('possibly delisted; no price data found  (1d 2015-07-02 00:00:00 -> 2015-07-27)')
    Warning: No data found for KRFT
  ✗ S2: Insufficient data for KHC/KRFT

2/223: 2015-07-06: Added=AAP, Removed=FDO
  Holding Period End Date: 2015-07-27
  ✓ S1: AAP 3.01%, Portfolio: $1,086,414
    YFinance output for FDO: 1 Failed download:
['FDO']: YFPricesMissingError('possibly delisted; no price data found  (1d 2015-07-06 00:00:00 -> 2015-07-28)')
    Warning: No data found for FDO
  ✗ S2: Insufficient data for AAP/FDO

3/223: 2015-07-14: Added=PYPL, Removed=NE
  Holding Period End Date: 2015-08-04
  ✓ S1: PYPL 5.47%, Portfolio: $1,145,839
    YFinance output for NE: 1 Failed download:
['NE']: YFPricesMissingError('possibly delisted; no price data found  (1d 2015-07-14 00:00:00 -> 2015-08-05) (Yahoo error = "Data doesn\'t exist for startDate = 1436846400, endDate = 1438747200")')
    Warning: No data found for NE
  ✗ S2: Insufficient data for PYPL/NE

4/223: 2015-07-24: Added=SIG, Removed=DTV
  Holding Period End Date: 2015-08-14
  ✓ S1: SIG 0.26%, Portfolio: $1,148,861
    YFinance output for DTV: 1 Failed download:
['DTV']: YFTzMissingError('possibly delisted; no timezone found')
    Warning: No data found for DTV
  ✗ S2: Insufficient data for SIG/DTV

5/223: 2015-08-27: Added=ATVI, Removed=PLL
  Holding Period End Date: 2015-09-18
    YFinance output for ATVI: 1 Failed download:
['ATVI']: YFTzMissingError('possibly delisted; no timezone found')
    Warning: No data found for ATVI
  ✗ S1: Insufficient data for ATVI
    YFinance output for ATVI: 1 Failed download:
['ATVI']: YFTzMissingError('possibly delisted; no timezone found')
    Warning: No data found for ATVI
    YFinance output for PLL: 1 Failed download:
['PLL']: YFPricesMissingError('possibly delisted; no price data found  (1d 2015-08-27 00:00:00 -> 2015-09-21) (Yahoo error = "Data doesn\'t exist for startDate = 1440648000, endDate = 1442808000")')
    Warning: No data found for PLL
  ✗ S2: Insufficient data for ATVI/PLL

6/223: 2015-08-27: Added=UAL, Removed=HSP
  Holding Period End Date: 2015-09-18
  ✓ S1: UAL 13.02%, Portfolio: $1,298,497
    YFinance output for HSP: 1 Failed download:
['HSP']: YFPricesMissingError('possibly delisted; no price data found  (1d 2015-08-27 00:00:00 -> 2015-09-21)')
    Warning: No data found for HSP
  ✗ S2: Insufficient data for UAL/HSP

7/223: 2015-09-30: Added=VRSK, Removed=JOY
  Holding Period End Date: 2015-10-21
  ✓ S1: VRSK 7.16%, Portfolio: $1,391,435
    YFinance output for JOY: 1 Failed download:
['JOY']: YFPricesMissingError('possibly delisted; no price data found  (1d 2015-09-30 00:00:00 -> 2015-10-22)')
    Warning: No data found for JOY
  ✗ S2: Insufficient data for VRSK/JOY

8/223: 2015-10-27: Added=HPE, Removed=HCBK
  Holding Period End Date: 2015-11-17
  ✓ S1: HPE -15.96%, Portfolio: $1,169,407
    YFinance output for HCBK: 1 Failed download:
['HCBK']: YFPricesMissingError('possibly delisted; no price data found  (1d 2015-10-27 00:00:00 -> 2015-11-18)')
    Warning: No data found for HCBK
  ✗ S2: Insufficient data for HPE/HCBK

9/223: 2015-11-09: Added=SYF, Removed=GNW
  Holding Period End Date: 2015-12-01
  ✓ S1: SYF -0.34%, Portfolio: $1,165,451
  ✓ S2: Long SYF (-0.34%), Short GNW (-4.23%)
      Combined: -2.29%, Portfolio: $977,139

10/223: 2015-11-12: Added=ILMN, Removed=SIAL
  Holding Period End Date: 2015-12-04
  ✓ S1: ILMN 15.08%, Portfolio: $1,341,255
    YFinance output for SIAL: 1 Failed download:
['SIAL']: YFPricesMissingError('possibly delisted; no price data found  (1d 2015-11-12 00:00:00 -> 2015-12-07)')
    Warning: No data found for SIAL
  ✗ S2: Insufficient data for ILMN/SIAL

11/223: 2015-11-23: Added=CSRA, Removed=CSC
  Holding Period End Date: 2015-12-15
  ✓ S1: CSRA -15.16%, Portfolio: $1,137,897
  ✓ S2: Long CSRA (-15.16%), Short CSC (0.00%)
      Combined: -7.58%, Portfolio: $903,063

12/223: 2015-12-15: Added=nan, Removed=CMCSK
  Holding Period End Date: 2016-01-07

13/223: 2015-12-22: Added=CHD, Removed=ALTR
  Holding Period End Date: 2016-01-14
  ✓ S1: CHD -8.32%, Portfolio: $1,043,216
    YFinance output for ALTR: 1 Failed download:
['ALTR']: YFTzMissingError('possibly delisted; no timezone found')
    Warning: No data found for ALTR
  ✗ S2: Insufficient data for CHD/ALTR

14/223: 2015-12-28: Added=WLTW, Removed=FOSL
  Holding Period End Date: 2016-01-20
    YFinance output for WLTW: 1 Failed download:
['WLTW']: YFTzMissingError('possibly delisted; no timezone found')
    Warning: No data found for WLTW
  ✗ S1: Insufficient data for WLTW
    YFinance output for WLTW: 1 Failed download:
['WLTW']: YFTzMissingError('possibly delisted; no timezone found')
    Warning: No data found for WLTW
  ✗ S2: Insufficient data for WLTW/FOSL

15/223: 2016-01-13: Added=EXR, Removed=ACE
  Holding Period End Date: 2016-02-04
  ✓ S1: EXR -3.85%, Portfolio: $1,003,025
    YFinance output for ACE: 1 Failed download:
['ACE']: YFPricesMissingError('possibly delisted; no price data found  (1d 2016-01-13 00:00:00 -> 2016-02-05) (Yahoo error = "Data doesn\'t exist for startDate = 1452661200, endDate = 1454648400")')
    Warning: No data found for ACE
  ✗ S2: Insufficient data for EXR/ACE

16/223: 2016-01-22: Added=FRT, Removed=BRCM
  Holding Period End Date: 2016-02-12
  ✓ S1: FRT -3.59%, Portfolio: $966,986
    YFinance output for BRCM: 1 Failed download:
['BRCM']: YFPricesMissingError('possibly delisted; no price data found  (1d 2016-01-22 00:00:00 -> 2016-02-16)')
    Warning: No data found for BRCM
  ✗ S2: Insufficient data for FRT/BRCM

17/223: 2016-01-26: Added=CFG, Removed=PCP
  Holding Period End Date: 2016-02-17
  ✓ S1: CFG -2.69%, Portfolio: $941,014
    YFinance output for PCP: 1 Failed download:
['PCP']: YFPricesMissingError('possibly delisted; no price data found  (1d 2016-01-26 00:00:00 -> 2016-02-18) (Yahoo error = "Data doesn\'t exist for startDate = 1453784400, endDate = 1455771600")')
    Warning: No data found for PCP
  ✗ S2: Insufficient data for CFG/PCP

18/223: 2016-02-16: Added=CXO, Removed=PCL
  Holding Period End Date: 2016-03-08
    YFinance output for CXO: 1 Failed download:
['CXO']: YFTzMissingError('possibly delisted; no timezone found')
    Warning: No data found for CXO
  ✗ S1: Insufficient data for CXO
    YFinance output for CXO: 1 Failed download:
['CXO']: YFTzMissingError('possibly delisted; no timezone found')
    Warning: No data found for CXO
    YFinance output for PCL: 1 Failed download:
['PCL']: YFPricesMissingError('possibly delisted; no price data found  (1d 2016-02-16 00:00:00 -> 2016-03-09) (Yahoo error = "Data doesn\'t exist for startDate = 1455598800, endDate = 1457499600")')
    Warning: No data found for PCL
  ✗ S2: Insufficient data for CXO/PCL

19/223: 2016-03-01: Added=AWK, Removed=CNX
  Holding Period End Date: 2016-03-22
  ✓ S1: AWK 3.54%, Portfolio: $974,302
  ✓ S2: Long AWK (3.54%), Short CNX (-24.77%)
      Combined: -10.62%, Portfolio: $807,185

20/223: 2016-03-04: Added=UDR, Removed=GMCR
  Holding Period End Date: 2016-03-28
  ✓ S1: UDR 7.91%, Portfolio: $1,051,382
    YFinance output for GMCR: 1 Failed download:
['GMCR']: YFPricesMissingError('possibly delisted; no price data found  (1d 2016-03-04 00:00:00 -> 2016-03-29)')
    Warning: No data found for GMCR
  ✗ S2: Insufficient data for UDR/GMCR

21/223: 2016-03-24: Added=CNC, Removed=ESV
  Holding Period End Date: 2016-04-15
  ✓ S1: CNC -8.09%, Portfolio: $966,296
    YFinance output for ESV: 1 Failed download:
['ESV']: YFTzMissingError('possibly delisted; no timezone found')
    Warning: No data found for ESV
  ✗ S2: Insufficient data for CNC/ESV

22/223: 2016-03-24: Added=HOLX, Removed=POM
  Holding Period End Date: 2016-04-15
  ✓ S1: HOLX 5.30%, Portfolio: $1,017,494
    YFinance output for POM: 1 Failed download:
['POM']: YFPricesMissingError('possibly delisted; no price data found  (1d 2016-03-24 00:00:00 -> 2016-04-18)')
    Warning: No data found for POM
  ✗ S2: Insufficient data for HOLX/POM

23/223: 2016-03-28: Added=FL, Removed=CAM
  Holding Period End Date: 2016-04-18
  ✓ S1: FL -3.70%, Portfolio: $979,851
    YFinance output for CAM: 1 Failed download:
['CAM']: YFPricesMissingError('possibly delisted; no price data found  (1d 2016-03-28 00:00:00 -> 2016-04-19)')
    Warning: No data found for CAM
  ✗ S2: Insufficient data for FL/CAM

24/223: 2016-04-07: Added=ULTA, Removed=THC
  Holding Period End Date: 2016-04-28
  ✓ S1: ULTA 6.63%, Portfolio: $1,044,814
  ✓ S2: Long ULTA (6.63%), Short THC (-11.56%)
      Combined: -2.47%, Portfolio: $787,279

25/223: 2016-04-19: Added=GPN, Removed=GME
  Holding Period End Date: 2016-05-10
  ✓ S1: GPN -3.00%, Portfolio: $1,013,442
  ✓ S2: Long GPN (-3.00%), Short GME (6.32%)
      Combined: 1.66%, Portfolio: $800,352

26/223: 2016-04-26: Added=AYI, Removed=ADT
  Holding Period End Date: 2016-05-17
  ✓ S1: AYI -3.45%, Portfolio: $978,433
    YFinance output for ADT: 1 Failed download:
['ADT']: YFPricesMissingError('possibly delisted; no price data found  (1d 2016-04-26 00:00:00 -> 2016-05-18) (Yahoo error = "Data doesn\'t exist for startDate = 1461643200, endDate = 1463544000")')
    Warning: No data found for ADT
  ✗ S2: Insufficient data for AYI/ADT

27/223: 2016-05-10: Added=ALK, Removed=SNDK
  Holding Period End Date: 2016-06-01
  ✓ S1: ALK -4.46%, Portfolio: $934,805
    YFinance output for SNDK: 1 Failed download:
['SNDK']: YFPricesMissingError('possibly delisted; no price data found  (1d 2016-05-10 00:00:00 -> 2016-06-02) (Yahoo error = "Data doesn\'t exist for startDate = 1462852800, endDate = 1464840000")')
    Warning: No data found for SNDK
  ✗ S2: Insufficient data for ALK/SNDK

28/223: 2016-05-13: Added=DLR, Removed=TWC
  Holding Period End Date: 2016-06-06
  ✓ S1: DLR 5.58%, Portfolio: $986,992
    YFinance output for TWC: 1 Failed download:
['TWC']: YFPricesMissingError('possibly delisted; no price data found  (1d 2016-05-13 00:00:00 -> 2016-06-07)')
    Warning: No data found for TWC
  ✗ S2: Insufficient data for DLR/TWC

29/223: 2016-05-18: Added=LKQ, Removed=ARG
  Holding Period End Date: 2016-06-09
  ✓ S1: LKQ 3.50%, Portfolio: $1,021,547
    YFinance output for ARG: 1 Failed download:
['ARG']: YFPricesMissingError('possibly delisted; no price data found  (1d 2016-05-18 00:00:00 -> 2016-06-10) (Yahoo error = "Data doesn\'t exist for startDate = 1463544000, endDate = 1465531200")')
    Warning: No data found for ARG
  ✗ S2: Insufficient data for LKQ/ARG

30/223: 2016-05-24: Added=AJG, Removed=CCE
  Holding Period End Date: 2016-06-15
  ✓ S1: AJG -2.94%, Portfolio: $991,563
    YFinance output for CCE: 1 Failed download:
['CCE']: YFPricesMissingError('possibly delisted; no price data found  (1d 2016-05-24 00:00:00 -> 2016-06-16)')
    Warning: No data found for CCE
  ✗ S2: Insufficient data for AJG/CCE

31/223: 2016-05-27: Added=TDG, Removed=BXLT
  Holding Period End Date: 2016-06-20
  ✓ S1: TDG 2.15%, Portfolio: $1,012,869
    YFinance output for BXLT: 1 Failed download:
['BXLT']: YFPricesMissingError('possibly delisted; no price data found  (1d 2016-05-27 00:00:00 -> 2016-06-21)')
    Warning: No data found for BXLT
  ✗ S2: Insufficient data for TDG/BXLT

32/223: 2016-06-21: Added=FBHS, Removed=CVC
  Holding Period End Date: 2016-07-13
    YFinance output for FBHS: 1 Failed download:
['FBHS']: YFTzMissingError('possibly delisted; no timezone found')
    Warning: No data found for FBHS
  ✗ S1: Insufficient data for FBHS
    YFinance output for FBHS: 1 Failed download:
['FBHS']: YFTzMissingError('possibly delisted; no timezone found')
    Warning: No data found for FBHS
    YFinance output for CVC: 1 Failed download:
['CVC']: YFPricesMissingError('possibly delisted; no price data found  (1d 2016-06-21 00:00:00 -> 2016-07-14)')
    Warning: No data found for CVC
  ✗ S2: Insufficient data for FBHS/CVC

33/223: 2016-06-23: Added=FTV, Removed=CPGX
  Holding Period End Date: 2016-07-15
  ✓ S1: FTV 5.41%, Portfolio: $1,067,681
    YFinance output for CPGX: 1 Failed download:
['CPGX']: YFPricesMissingError('possibly delisted; no price data found  (1d 2016-06-23 00:00:00 -> 2016-07-18)')
    Warning: No data found for CPGX
  ✗ S2: Insufficient data for FTV/CPGX

34/223: 2016-06-23: Added=ALB, Removed=TE
  Holding Period End Date: 2016-07-15
  ✓ S1: ALB 2.31%, Portfolio: $1,092,349
    YFinance output for TE: 1 Failed download:
['TE']: YFPricesMissingError('possibly delisted; no price data found  (1d 2016-06-23 00:00:00 -> 2016-07-18) (Yahoo error = "Data doesn\'t exist for startDate = 1466654400, endDate = 1468814400")')
    Warning: No data found for TE
  ✗ S2: Insufficient data for ALB/TE

35/223: 2016-06-29: Added=LNT, Removed=GAS
  Holding Period End Date: 2016-07-21
  ✓ S1: LNT -0.23%, Portfolio: $1,089,880
  ✓ S2: Long LNT (-0.23%), Short GAS (-1.59%)
      Combined: -0.91%, Portfolio: $793,095

36/223: 2016-08-25: Added=MTD, Removed=TYC
  Holding Period End Date: 2016-09-16
  ✓ S1: MTD -1.29%, Portfolio: $1,075,779
    YFinance output for TYC: 1 Failed download:
['TYC']: YFPricesMissingError('possibly delisted; no price data found  (1d 2016-08-25 00:00:00 -> 2016-09-19)')
    Warning: No data found for TYC
  ✗ S2: Insufficient data for MTD/TYC

37/223: 2016-08-31: Added=CHTR, Removed=EMC
  Holding Period End Date: 2016-09-22
  ✓ S1: CHTR 7.59%, Portfolio: $1,157,422
    YFinance output for EMC: 1 Failed download:
['EMC']: YFPricesMissingError('possibly delisted; no price data found  (1d 2016-08-31 00:00:00 -> 2016-09-23) (Yahoo error = "Data doesn\'t exist for startDate = 1472616000, endDate = 1474603200")')
    Warning: No data found for EMC
  ✗ S2: Insufficient data for CHTR/EMC

38/223: 2016-09-10: Added=COO, Removed=HOT
  Holding Period End Date: 2016-10-03
  ✓ S1: COO -4.81%, Portfolio: $1,101,701
  ✓ S2: Long COO (-4.81%), Short HOT (-2.50%)
      Combined: -3.66%, Portfolio: $764,081

39/223: 2016-09-27: Added=COTY, Removed=DO
  Holding Period End Date: 2016-10-18
  ✓ S1: COTY -0.09%, Portfolio: $1,100,762
    YFinance output for DO: 1 Failed download:
['DO']: YFTzMissingError('possibly delisted; no timezone found')
    Warning: No data found for DO
  ✗ S2: Insufficient data for COTY/DO

40/223: 2016-11-29: Added=MAA, Removed=OI
  Holding Period End Date: 2016-12-20
  ✓ S1: MAA 3.86%, Portfolio: $1,143,239
  ✓ S2: Long MAA (3.86%), Short OI (1.86%)
      Combined: 2.86%, Portfolio: $785,919

41/223: 2016-11-29: Added=EVHC, Removed=LM
  Holding Period End Date: 2016-12-20
  ✓ S1: EVHC -3.37%, Portfolio: $1,104,724
    YFinance output for LM: 1 Failed download:
['LM']: YFTzMissingError('possibly delisted; no timezone found')
    Warning: No data found for LM
  ✗ S2: Insufficient data for EVHC/LM

42/223: 2017-01-03: Added=IDXX, Removed=STJ
  Holding Period End Date: 2017-01-25
  ✓ S1: IDXX 3.23%, Portfolio: $1,140,421
    YFinance output for STJ: 1 Failed download:
['STJ']: YFPricesMissingError('possibly delisted; no price data found  (1d 2017-01-03 00:00:00 -> 2017-01-26)')
    Warning: No data found for STJ
  ✗ S2: Insufficient data for IDXX/STJ

43/223: 2017-02-23: Added=INCY, Removed=SE
  Holding Period End Date: 2017-03-16
  ✓ S1: INCY 21.72%, Portfolio: $1,388,143
    YFinance output for SE: 1 Failed download:
['SE']: YFPricesMissingError('possibly delisted; no price data found  (1d 2017-02-23 00:00:00 -> 2017-03-17) (Yahoo error = "Data doesn\'t exist for startDate = 1487826000, endDate = 1489723200")')
    Warning: No data found for SE
  ✗ S2: Insufficient data for INCY/SE

44/223: 2017-02-23: Added=CBOE, Removed=PBI
  Holding Period End Date: 2017-03-16
  ✓ S1: CBOE 0.56%, Portfolio: $1,395,901
  ✓ S2: Long CBOE (0.56%), Short PBI (2.75%)
      Combined: 1.66%, Portfolio: $798,933

45/223: 2017-02-23: Added=REG, Removed=ENDP
  Holding Period End Date: 2017-03-16
  ✓ S1: REG -6.30%, Portfolio: $1,307,956
    YFinance output for ENDP: 1 Failed download:
['ENDP']: YFTzMissingError('possibly delisted; no timezone found')
    Warning: No data found for ENDP
  ✗ S2: Insufficient data for REG/ENDP

46/223: 2017-03-06: Added=DISH, Removed=LLTC
  Holding Period End Date: 2017-03-27
    YFinance output for DISH: 1 Failed download:
['DISH']: YFTzMissingError('possibly delisted; no timezone found')
    Warning: No data found for DISH
  ✗ S1: Insufficient data for DISH
    YFinance output for DISH: 1 Failed download:
['DISH']: YFTzMissingError('possibly delisted; no timezone found')
    Warning: No data found for DISH
    YFinance output for LLTC: 1 Failed download:
['LLTC']: YFPricesMissingError('possibly delisted; no price data found  (1d 2017-03-06 00:00:00 -> 2017-03-28)')
    Warning: No data found for LLTC
  ✗ S2: Insufficient data for DISH/LLTC

47/223: 2017-03-10: Added=ARE, Removed=FSLR
  Holding Period End Date: 2017-03-31
  ✓ S1: ARE 2.34%, Portfolio: $1,338,550
  ✓ S2: Long ARE (2.34%), Short FSLR (19.56%)
      Combined: 10.95%, Portfolio: $886,401

48/223: 2017-03-10: Added=RJF, Removed=FTR
  Holding Period End Date: 2017-03-31
  ✓ S1: RJF -3.55%, Portfolio: $1,291,026
    YFinance output for FTR: 1 Failed download:
['FTR']: YFTzMissingError('possibly delisted; no timezone found')
    Warning: No data found for FTR
  ✗ S2: Insufficient data for RJF/FTR

49/223: 2017-03-10: Added=AMD, Removed=URBN
  Holding Period End Date: 2017-03-31
  ✓ S1: AMD 4.60%, Portfolio: $1,350,426
  ✓ S2: Long AMD (4.60%), Short URBN (5.93%)
      Combined: 5.27%, Portfolio: $933,094

50/223: 2017-03-13: Added=SNPS, Removed=HAR
  Holding Period End Date: 2017-04-03
  ✓ S1: SNPS 0.15%, Portfolio: $1,352,487
  ✓ S2: Long SNPS (0.15%), Short HAR (-6.50%)
      Combined: -3.17%, Portfolio: $903,493

51/223: 2017-03-28: Added=DXC, Removed=SWN
  Holding Period End Date: 2017-04-19
  ✓ S1: DXC 8.95%, Portfolio: $1,473,500
    YFinance output for SWN: 1 Failed download:
['SWN']: YFTzMissingError('possibly delisted; no timezone found')
    Warning: No data found for SWN
  ✗ S2: Insufficient data for DXC/SWN

52/223: 2017-03-29: Added=IT, Removed=DNB
  Holding Period End Date: 2017-04-20
  ✓ S1: IT 4.01%, Portfolio: $1,532,657
    YFinance output for DNB: 1 Failed download:
['DNB']: YFPricesMissingError('possibly delisted; no price data found  (1d 2017-03-29 00:00:00 -> 2017-04-21) (Yahoo error = "Data doesn\'t exist for startDate = 1490760000, endDate = 1492747200")')
    Warning: No data found for DNB
  ✗ S2: Insufficient data for IT/DNB

53/223: 2017-05-24: Added=INFO, Removed=TGNA
  Holding Period End Date: 2017-06-15
    YFinance output for INFO: 1 Failed download:
['INFO']: YFPricesMissingError('possibly delisted; no price data found  (1d 2017-05-24 00:00:00 -> 2017-06-16) (Yahoo error = "Data doesn\'t exist for startDate = 1495598400, endDate = 1497585600")')
    Warning: No data found for INFO
  ✗ S1: Insufficient data for INFO
    YFinance output for INFO: 1 Failed download:
['INFO']: YFPricesMissingError('possibly delisted; no price data found  (1d 2017-05-24 00:00:00 -> 2017-06-16) (Yahoo error = "Data doesn\'t exist for startDate = 1495598400, endDate = 1497585600")')
    Warning: No data found for INFO
  ✗ S2: Insufficient data for INFO/TGNA

54/223: 2017-06-09: Added=ANSS, Removed=R
  Holding Period End Date: 2017-06-30
  ✓ S1: ANSS -2.28%, Portfolio: $1,497,701
  ✓ S2: Long ANSS (-2.28%), Short R (-9.09%)
      Combined: -5.68%, Portfolio: $852,145

55/223: 2017-06-09: Added=ALGN, Removed=TDC
  Holding Period End Date: 2017-06-30
  ✓ S1: ALGN 0.85%, Portfolio: $1,510,479
  ✓ S2: Long ALGN (0.85%), Short TDC (-5.29%)
      Combined: -2.22%, Portfolio: $833,241

56/223: 2017-06-09: Added=HLT, Removed=YHOO
  Holding Period End Date: 2017-06-30
  ✓ S1: HLT -4.48%, Portfolio: $1,442,828
    YFinance output for YHOO: 1 Failed download:
['YHOO']: YFTzMissingError('possibly delisted; no timezone found')
    Warning: No data found for YHOO
  ✗ S2: Insufficient data for HLT/YHOO

57/223: 2017-06-12: Added=RE, Removed=MJN
  Holding Period End Date: 2017-07-03
    YFinance output for RE: 1 Failed download:
['RE']: YFTzMissingError('possibly delisted; no timezone found')
    Warning: No data found for RE
  ✗ S1: Insufficient data for RE
    YFinance output for RE: 1 Failed download:
['RE']: YFTzMissingError('possibly delisted; no timezone found')
    Warning: No data found for RE
    YFinance output for MJN: 1 Failed download:
['MJN']: YFPricesMissingError('possibly delisted; no price data found  (1d 2017-06-12 00:00:00 -> 2017-07-05)')
    Warning: No data found for MJN
  ✗ S2: Insufficient data for RE/MJN

58/223: 2017-06-30: Added=BKR, Removed=BHI
  Holding Period End Date: 2017-07-24
  ✓ S1: BKR -9.51%, Portfolio: $1,305,591
    YFinance output for BHI: 1 Failed download:
['BHI']: YFPricesMissingError('possibly delisted; no price data found  (1d 2017-06-30 00:00:00 -> 2017-07-25) (Yahoo error = "Data doesn\'t exist for startDate = 1498795200, endDate = 1500955200")')
    Warning: No data found for BHI
  ✗ S2: Insufficient data for BKR/BHI

59/223: 2017-07-19: Added=MGM, Removed=RAI
  Holding Period End Date: 2017-08-09
  ✓ S1: MGM -3.96%, Portfolio: $1,253,829
    YFinance output for RAI: 1 Failed download:
['RAI']: YFPricesMissingError('possibly delisted; no price data found  (1d 2017-07-19 00:00:00 -> 2017-08-10)')
    Warning: No data found for RAI
  ✗ S2: Insufficient data for MGM/RAI

60/223: 2017-07-19: Added=RMD, Removed=MNK
  Holding Period End Date: 2017-08-09
  ✓ S1: RMD -5.05%, Portfolio: $1,190,543
    YFinance output for MNK: 1 Failed download:
['MNK']: YFTzMissingError('possibly delisted; no timezone found')
    Warning: No data found for MNK
  ✗ S2: Insufficient data for RMD/MNK

61/223: 2017-07-19: Added=PKG, Removed=MUR
  Holding Period End Date: 2017-08-09
  ✓ S1: PKG -2.77%, Portfolio: $1,157,567
  ✓ S2: Long PKG (-2.77%), Short MUR (0.77%)
      Combined: -1.00%, Portfolio: $824,890

62/223: 2017-07-19: Added=AOS, Removed=BBBY
  Holding Period End Date: 2017-08-09
  ✓ S1: AOS -5.92%, Portfolio: $1,089,012
    YFinance output for BBBY: 1 Failed download:
['BBBY']: YFTzMissingError('possibly delisted; no timezone found')
    Warning: No data found for BBBY
  ✗ S2: Insufficient data for AOS/BBBY

63/223: 2017-07-19: Added=DRE, Removed=RIG
  Holding Period End Date: 2017-08-09
    YFinance output for DRE: 1 Failed download:
['DRE']: YFTzMissingError('possibly delisted; no timezone found')
    Warning: No data found for DRE
  ✗ S1: Insufficient data for DRE
    YFinance output for DRE: 1 Failed download:
['DRE']: YFTzMissingError('possibly delisted; no timezone found')
    Warning: No data found for DRE
  ✗ S2: Insufficient data for DRE/RIG

64/223: 2017-07-31: Added=BHF, Removed=AN
  Holding Period End Date: 2017-08-21
  ✓ S1: BHF -13.85%, Portfolio: $938,200
  ✓ S2: Long BHF (-13.85%), Short AN (-0.16%)
      Combined: -7.01%, Portfolio: $767,092

65/223: 2017-08-24: Added=Q, Removed=WFM
  Holding Period End Date: 2017-09-15
    YFinance output for Q: 1 Failed download:
['Q']: YFPricesMissingError('possibly delisted; no price data found  (1d 2017-08-24 00:00:00 -> 2017-09-18)')
    Warning: No data found for Q
  ✗ S1: Insufficient data for Q
    YFinance output for Q: 1 Failed download:
['Q']: YFPricesMissingError('possibly delisted; no price data found  (1d 2017-08-24 00:00:00 -> 2017-09-18)')
    Warning: No data found for Q
    YFinance output for WFM: 1 Failed download:
['WFM']: YFPricesMissingError('possibly delisted; no price data found  (1d 2017-08-24 00:00:00 -> 2017-09-18)')
    Warning: No data found for WFM
  ✗ S2: Insufficient data for Q/WFM

66/223: 2017-08-24: Added=SBAC, Removed=DD
  Holding Period End Date: 2017-09-15
  ✓ S1: SBAC 1.29%, Portfolio: $950,302
  ✓ S2: Long SBAC (1.29%), Short DD (-7.89%)
      Combined: -3.30%, Portfolio: $741,788

67/223: 2017-08-24: Added=DWDP, Removed=DOW
  Holding Period End Date: 2017-09-15
    YFinance output for DWDP: 1 Failed download:
['DWDP']: YFTzMissingError('possibly delisted; no timezone found')
    Warning: No data found for DWDP
  ✗ S1: Insufficient data for DWDP
    YFinance output for DWDP: 1 Failed download:
['DWDP']: YFTzMissingError('possibly delisted; no timezone found')
    Warning: No data found for DWDP
    YFinance output for DOW: 1 Failed download:
['DOW']: YFPricesMissingError('possibly delisted; no price data found  (1d 2017-08-24 00:00:00 -> 2017-09-18) (Yahoo error = "Data doesn\'t exist for startDate = 1503547200, endDate = 1505707200")')
    Warning: No data found for DOW
  ✗ S2: Insufficient data for DWDP/DOW

68/223: 2017-08-24: Added=CDNS, Removed=SPLS
  Holding Period End Date: 2017-09-15
  ✓ S1: CDNS 2.93%, Portfolio: $978,161
    YFinance output for SPLS: 1 Failed download:
['SPLS']: YFPricesMissingError('possibly delisted; no price data found  (1d 2017-08-24 00:00:00 -> 2017-09-18)')
    Warning: No data found for SPLS
  ✗ S2: Insufficient data for CDNS/SPLS

69/223: 2017-10-04: Added=NCLH, Removed=LVLT
  Holding Period End Date: 2017-10-25
  ✓ S1: NCLH -2.13%, Portfolio: $957,368
    YFinance output for LVLT: 1 Failed download:
['LVLT']: YFPricesMissingError('possibly delisted; no price data found  (1d 2017-10-04 00:00:00 -> 2017-10-26)')
    Warning: No data found for LVLT
  ✗ S2: Insufficient data for NCLH/LVLT

70/223: 2017-12-28: Added=HII, Removed=BCR
  Holding Period End Date: 2018-01-22
  ✓ S1: HII -0.24%, Portfolio: $955,089
    YFinance output for BCR: 1 Failed download:
['BCR']: YFPricesMissingError('possibly delisted; no price data found  (1d 2017-12-28 00:00:00 -> 2018-01-23)')
    Warning: No data found for BCR
  ✗ S2: Insufficient data for HII/BCR

71/223: 2018-03-02: Added=IPGP, Removed=SNI
  Holding Period End Date: 2018-03-23
  ✓ S1: IPGP -5.47%, Portfolio: $902,848
    YFinance output for SNI: 1 Failed download:
['SNI']: YFPricesMissingError('possibly delisted; no price data found  (1d 2018-03-02 00:00:00 -> 2018-03-26)')
    Warning: No data found for SNI
  ✗ S2: Insufficient data for IPGP/SNI

72/223: 2018-03-09: Added=TTWO, Removed=SIG
  Holding Period End Date: 2018-04-02
  ✓ S1: TTWO -17.74%, Portfolio: $742,657
  ✓ S2: Long TTWO (-17.74%), Short SIG (35.53%)
      Combined: 8.89%, Portfolio: $807,768

73/223: 2018-03-09: Added=NKTR, Removed=CHK
  Holding Period End Date: 2018-04-02
  ✓ S1: NKTR -8.83%, Portfolio: $677,055
    YFinance output for CHK: 1 Failed download:
['CHK']: YFTzMissingError('possibly delisted; no timezone found')
    Warning: No data found for CHK
  ✗ S2: Insufficient data for NKTR/CHK

74/223: 2018-03-09: Added=SIVB, Removed=PDCO
  Holding Period End Date: 2018-04-02
    YFinance output for SIVB: 1 Failed download:
['SIVB']: YFTzMissingError('possibly delisted; no timezone found')
    Warning: No data found for SIVB
  ✗ S1: Insufficient data for SIVB
    YFinance output for SIVB: 1 Failed download:
['SIVB']: YFTzMissingError('possibly delisted; no timezone found')
    Warning: No data found for SIVB
    YFinance output for PDCO: 1 Failed download:
['PDCO']: YFTzMissingError('possibly delisted; no timezone found')
    Warning: No data found for PDCO
  ✗ S2: Insufficient data for SIVB/PDCO

75/223: 2018-03-28: Added=MSCI, Removed=CSRA
  Holding Period End Date: 2018-04-19
  ✓ S1: MSCI -0.37%, Portfolio: $674,582
  ✓ S2: Long MSCI (-0.37%), Short CSRA (0.00%)
      Combined: -0.18%, Portfolio: $806,292

76/223: 2018-05-25: Added=ABMD, Removed=WYN
  Holding Period End Date: 2018-06-18
    YFinance output for ABMD: 1 Failed download:
['ABMD']: YFTzMissingError('possibly delisted; no timezone found')
    Warning: No data found for ABMD
  ✗ S1: Insufficient data for ABMD
    YFinance output for ABMD: 1 Failed download:
['ABMD']: YFTzMissingError('possibly delisted; no timezone found')
    Warning: No data found for ABMD
    YFinance output for WYN: 1 Failed download:
['WYN']: YFPricesMissingError('possibly delisted; no price data found  (1d 2018-05-25 00:00:00 -> 2018-06-19)')
    Warning: No data found for WYN
  ✗ S2: Insufficient data for ABMD/WYN

77/223: 2018-05-31: Added=EVRG, Removed=NAVI
  Holding Period End Date: 2018-06-21
  ✓ S1: EVRG -4.46%, Portfolio: $644,482
  ✓ S2: Long EVRG (-4.46%), Short NAVI (3.99%)
      Combined: -0.24%, Portfolio: $804,393

78/223: 2018-06-04: Added=TWTR, Removed=MON
  Holding Period End Date: 2018-06-25
    YFinance output for TWTR: 1 Failed download:
['TWTR']: YFTzMissingError('possibly delisted; no timezone found')
    Warning: No data found for TWTR
  ✗ S1: Insufficient data for TWTR
    YFinance output for TWTR: 1 Failed download:
['TWTR']: YFTzMissingError('possibly delisted; no timezone found')
    Warning: No data found for TWTR
    YFinance output for MON: 1 Failed download:
['MON']: YFTzMissingError('possibly delisted; no timezone found')
    Warning: No data found for MON
  ✗ S2: Insufficient data for TWTR/MON

79/223: 2018-06-08: Added=HFC, Removed=AYI
  Holding Period End Date: 2018-06-29
    YFinance output for HFC: 1 Failed download:
['HFC']: YFTzMissingError('possibly delisted; no timezone found')
    Warning: No data found for HFC
  ✗ S1: Insufficient data for HFC
    YFinance output for HFC: 1 Failed download:
['HFC']: YFTzMissingError('possibly delisted; no timezone found')
    Warning: No data found for HFC
  ✗ S2: Insufficient data for HFC/AYI

80/223: 2018-06-08: Added=BR, Removed=RRC
  Holding Period End Date: 2018-06-29
  ✓ S1: BR -3.30%, Portfolio: $623,237
  ✓ S2: Long BR (-3.30%), Short RRC (-4.12%)
      Combined: -3.71%, Portfolio: $774,563

81/223: 2018-06-15: Added=FLT, Removed=TWX
  Holding Period End Date: 2018-07-09
    YFinance output for FLT: 1 Failed download:
['FLT']: YFTzMissingError('possibly delisted; no timezone found')
    Warning: No data found for FLT
  ✗ S1: Insufficient data for FLT
    YFinance output for FLT: 1 Failed download:
['FLT']: YFTzMissingError('possibly delisted; no timezone found')
    Warning: No data found for FLT
  ✗ S2: Insufficient data for FLT/TWX

82/223: 2018-06-25: Added=CPRT, Removed=DPS
  Holding Period End Date: 2018-07-17
  ✓ S1: CPRT 1.48%, Portfolio: $632,430
    YFinance output for DPS: 1 Failed download:
['DPS']: YFPricesMissingError('possibly delisted; no price data found  (1d 2018-06-25 00:00:00 -> 2018-07-18)')
    Warning: No data found for DPS
  ✗ S2: Insufficient data for CPRT/DPS

83/223: 2018-08-23: Added=ANET, Removed=GGP
  Holding Period End Date: 2018-09-14
  ✓ S1: ANET -4.02%, Portfolio: $607,009
    YFinance output for GGP: 1 Failed download:
['GGP']: YFPricesMissingError('possibly delisted; no price data found  (1d 2018-08-23 00:00:00 -> 2018-09-17)')
    Warning: No data found for GGP
  ✗ S2: Insufficient data for ANET/GGP

84/223: 2018-09-11: Added=WCG, Removed=XL
  Holding Period End Date: 2018-10-02
    YFinance output for WCG: 1 Failed download:
['WCG']: YFTzMissingError('possibly delisted; no timezone found')
    Warning: No data found for WCG
  ✗ S1: Insufficient data for WCG
    YFinance output for WCG: 1 Failed download:
['WCG']: YFTzMissingError('possibly delisted; no timezone found')
    Warning: No data found for WCG
    YFinance output for XL: 1 Failed download:
['XL']: YFTzMissingError('possibly delisted; no timezone found')
    Warning: No data found for XL
  ✗ S2: Insufficient data for WCG/XL

85/223: 2018-09-25: Added=ROL, Removed=ANDV
  Holding Period End Date: 2018-10-16
  ✓ S1: ROL -7.89%, Portfolio: $559,113
  ✓ S2: Long ROL (-7.89%), Short ANDV (2.47%)
      Combined: -2.71%, Portfolio: $753,567

86/223: 2018-10-04: Added=FTNT, Removed=EVHC
  Holding Period End Date: 2018-10-25
  ✓ S1: FTNT -9.17%, Portfolio: $507,829
  ✓ S2: Long FTNT (-9.17%), Short EVHC (-0.13%)
      Combined: -4.65%, Portfolio: $718,516

87/223: 2018-10-30: Added=KEYS, Removed=CA
  Holding Period End Date: 2018-11-20
  ✓ S1: KEYS -4.87%, Portfolio: $483,117
    YFinance output for CA: 1 Failed download:
['CA']: YFPricesMissingError('possibly delisted; no price data found  (1d 2018-10-30 00:00:00 -> 2018-11-21) (Yahoo error = "Data doesn\'t exist for startDate = 1540872000, endDate = 1542776400")')
    Warning: No data found for CA
  ✗ S2: Insufficient data for KEYS/CA

88/223: 2018-11-07: Added=JKHY, Removed=EQT
  Holding Period End Date: 2018-11-29
  ✓ S1: JKHY -5.13%, Portfolio: $458,344
  ✓ S2: Long JKHY (-5.13%), Short EQT (-1.23%)
      Combined: -3.18%, Portfolio: $695,666

89/223: 2018-11-26: Added=FANG, Removed=SRCL
  Holding Period End Date: 2018-12-18
  ✓ S1: FANG -19.56%, Portfolio: $368,696
    YFinance output for SRCL: 1 Failed download:
['SRCL']: YFTzMissingError('possibly delisted; no timezone found')
    Warning: No data found for SRCL
  ✗ S2: Insufficient data for FANG/SRCL

90/223: 2018-11-26: Added=MXIM, Removed=AET
  Holding Period End Date: 2018-12-18
    YFinance output for MXIM: 1 Failed download:
['MXIM']: YFTzMissingError('possibly delisted; no timezone found')
    Warning: No data found for MXIM
  ✗ S1: Insufficient data for MXIM
    YFinance output for MXIM: 1 Failed download:
['MXIM']: YFTzMissingError('possibly delisted; no timezone found')
    Warning: No data found for MXIM
  ✗ S2: Insufficient data for MXIM/AET

91/223: 2018-11-26: Added=LW, Removed=COL
  Holding Period End Date: 2018-12-18
  ✓ S1: LW -5.90%, Portfolio: $346,951
  ✓ S2: Long LW (-5.90%), Short COL (12.50%)
      Combined: 3.30%, Portfolio: $718,631

92/223: 2018-12-27: Added=CE, Removed=ESRX
  Holding Period End Date: 2019-01-18
  ✓ S1: CE 9.14%, Portfolio: $378,658
    YFinance output for ESRX: 1 Failed download:
['ESRX']: YFPricesMissingError('possibly delisted; no price data found  (1d 2018-12-27 00:00:00 -> 2019-01-22)')
    Warning: No data found for ESRX
  ✗ S2: Insufficient data for CE/ESRX

93/223: 2018-12-27: Added=FRC, Removed=SCG
  Holding Period End Date: 2019-01-18
    YFinance output for FRC: 1 Failed download:
['FRC']: YFTzMissingError('possibly delisted; no timezone found')
    Warning: No data found for FRC
  ✗ S1: Insufficient data for FRC
    YFinance output for FRC: 1 Failed download:
['FRC']: YFTzMissingError('possibly delisted; no timezone found')
    Warning: No data found for FRC
  ✗ S2: Insufficient data for FRC/SCG

94/223: 2019-01-15: Added=TFX, Removed=PCG
  Holding Period End Date: 2019-02-06
  ✓ S1: TFX 6.42%, Portfolio: $402,964
  ✓ S2: Long TFX (6.42%), Short PCG (-49.45%)
      Combined: -21.52%, Portfolio: $564,010

95/223: 2019-02-08: Added=ATO, Removed=NFX
  Holding Period End Date: 2019-03-04
  ✓ S1: ATO 2.48%, Portfolio: $412,967
  ✓ S2: Long ATO (2.48%), Short NFX (-4.51%)
      Combined: -1.01%, Portfolio: $558,289

96/223: 2019-02-21: Added=WAB, Removed=GT
  Holding Period End Date: 2019-03-14
  ✓ S1: WAB -1.79%, Portfolio: $405,558
  ✓ S2: Long WAB (-1.79%), Short GT (8.49%)
      Combined: 3.35%, Portfolio: $576,978

97/223: 2019-03-14: Added=FOXA, Removed=FOXA
  Holding Period End Date: 2019-04-04
  ✓ S1: FOXA -9.57%, Portfolio: $366,748
  ✓ S2: Long FOXA (-9.57%), Short FOXA (10.58%)
      Combined: 0.51%, Portfolio: $579,899

98/223: 2019-03-14: Added=FOX, Removed=FOX
  Holding Period End Date: 2019-04-04
  ✓ S1: FOX -9.83%, Portfolio: $330,679
  ✓ S2: Long FOX (-9.83%), Short FOX (10.91%)
      Combined: 0.54%, Portfolio: $583,009

99/223: 2019-03-26: Added=DOW, Removed=BHF
  Holding Period End Date: 2019-04-16
  ✓ S1: DOW 19.75%, Portfolio: $396,003
  ✓ S2: Long DOW (19.75%), Short BHF (-13.42%)
      Combined: 3.17%, Portfolio: $601,465

100/223: 2019-05-28: Added=CTVA, Removed=FLR
  Holding Period End Date: 2019-06-18
  ✓ S1: CTVA -5.09%, Portfolio: $375,834
  ✓ S2: Long CTVA (-5.09%), Short FLR (-8.90%)
      Combined: -7.00%, Portfolio: $559,371

101/223: 2019-05-28: Added=DD, Removed=DWDP
  Holding Period End Date: 2019-06-18
  ✓ S1: DD 14.02%, Portfolio: $428,516
    YFinance output for DWDP: 1 Failed download:
['DWDP']: YFTzMissingError('possibly delisted; no timezone found')
    Warning: No data found for DWDP
  ✗ S2: Insufficient data for DD/DWDP

102/223: 2019-06-03: Added=BMS, Removed=MAT
  Holding Period End Date: 2019-06-24
  ✓ S1: BMS -0.69%, Portfolio: $425,543
  ✓ S2: Long BMS (-0.69%), Short MAT (-10.07%)
      Combined: -5.38%, Portfolio: $529,279

103/223: 2019-06-03: Added=AMCR, Removed=BMS
  Holding Period End Date: 2019-06-24
  ✓ S1: AMCR -0.09%, Portfolio: $425,161
  ✓ S2: Long AMCR (-0.09%), Short BMS (0.70%)
      Combined: 0.30%, Portfolio: $530,891

104/223: 2019-06-24: Added=MKTX, Removed=LLL
  Holding Period End Date: 2019-07-16
  ✓ S1: MKTX 9.04%, Portfolio: $463,577
    YFinance output for LLL: 1 Failed download:
['LLL']: YFTzMissingError('possibly delisted; no timezone found')
    Warning: No data found for LLL
  ✗ S2: Insufficient data for MKTX/LLL

105/223: 2019-07-09: Added=TMUS, Removed=RHT
  Holding Period End Date: 2019-07-30
  ✓ S1: TMUS 8.18%, Portfolio: $501,514
    YFinance output for RHT: 1 Failed download:
['RHT']: YFTzMissingError('possibly delisted; no timezone found')
    Warning: No data found for RHT
  ✗ S2: Insufficient data for TMUS/RHT

106/223: 2019-08-01: Added=IEX, Removed=FL
  Holding Period End Date: 2019-08-22
  ✓ S1: IEX -1.93%, Portfolio: $491,818
  ✓ S2: Long IEX (-1.93%), Short FL (-6.18%)
      Combined: -4.06%, Portfolio: $509,363

107/223: 2019-08-01: Added=LDOS, Removed=APC
  Holding Period End Date: 2019-08-22
  ✓ S1: LDOS 2.58%, Portfolio: $504,496
    YFinance output for APC: 1 Failed download:
['APC']: YFTzMissingError('possibly delisted; no timezone found')
    Warning: No data found for APC
  ✗ S2: Insufficient data for LDOS/APC

108/223: 2019-09-17: Added=CDW, Removed=TSS
  Holding Period End Date: 2019-10-08
  ✓ S1: CDW 8.08%, Portfolio: $545,236
    YFinance output for TSS: 1 Failed download:
['TSS']: YFTzMissingError('possibly delisted; no timezone found')
    Warning: No data found for TSS
  ✗ S2: Insufficient data for CDW/TSS

109/223: 2019-09-20: Added=NVR, Removed=JEF
  Holding Period End Date: 2019-10-11
  ✓ S1: NVR -1.74%, Portfolio: $535,756
  ✓ S2: Long NVR (-1.74%), Short JEF (0.84%)
      Combined: -0.45%, Portfolio: $507,062

110/223: 2019-09-20: Added=LVS, Removed=NKTR
  Holding Period End Date: 2019-10-11
  ✓ S1: LVS 2.22%, Portfolio: $547,645
  ✓ S2: Long LVS (2.22%), Short NKTR (17.91%)
      Combined: 10.06%, Portfolio: $558,084

111/223: 2019-11-18: Added=NOW, Removed=CELG
  Holding Period End Date: 2019-12-10
  ✓ S1: NOW 0.18%, Portfolio: $548,611
    YFinance output for CELG: 1 Failed download:
['CELG']: YFTzMissingError('possibly delisted; no timezone found')
    Warning: No data found for CELG
  ✗ S2: Insufficient data for NOW/CELG

112/223: 2019-11-27: Added=WRB, Removed=VIAB
  Holding Period End Date: 2019-12-19
  ✓ S1: WRB -0.62%, Portfolio: $545,201
    YFinance output for VIAB: 1 Failed download:
['VIAB']: YFTzMissingError('possibly delisted; no timezone found')
    Warning: No data found for VIAB
  ✗ S2: Insufficient data for WRB/VIAB

113/223: 2019-12-02: Added=ODFL, Removed=STI
  Holding Period End Date: 2019-12-23
  ✓ S1: ODFL 0.66%, Portfolio: $548,804
    YFinance output for STI: 1 Failed download:
['STI']: YFPricesMissingError('possibly delisted; no price data found  (1d 2019-12-02 00:00:00 -> 2019-12-24) (Yahoo error = "Data doesn\'t exist for startDate = 1575262800, endDate = 1577163600")')
    Warning: No data found for STI
  ✗ S2: Insufficient data for ODFL/STI

114/223: 2019-12-13: Added=ZBRA, Removed=TRIP
  Holding Period End Date: 2020-01-07
  ✓ S1: ZBRA -0.52%, Portfolio: $545,973
  ✓ S2: Long ZBRA (-0.52%), Short TRIP (-4.00%)
      Combined: -2.26%, Portfolio: $545,471

115/223: 2019-12-13: Added=LYV, Removed=AMG
  Holding Period End Date: 2020-01-07
  ✓ S1: LYV 10.21%, Portfolio: $601,724
  ✓ S2: Long LYV (10.21%), Short AMG (3.30%)
      Combined: 6.76%, Portfolio: $582,325

116/223: 2019-12-13: Added=STE, Removed=MAC
  Holding Period End Date: 2020-01-07
  ✓ S1: STE -0.59%, Portfolio: $598,199
  ✓ S2: Long STE (-0.59%), Short MAC (0.77%)
      Combined: 0.09%, Portfolio: $582,873

117/223: 2020-01-22: Added=PAYC, Removed=WCG
  Holding Period End Date: 2020-02-12
  ✓ S1: PAYC -2.28%, Portfolio: $584,550
    YFinance output for WCG: 1 Failed download:
['WCG']: YFTzMissingError('possibly delisted; no timezone found')
    Warning: No data found for WCG
  ✗ S2: Insufficient data for PAYC/WCG

118/223: 2020-02-27: Added=IR, Removed=XEC
  Holding Period End Date: 2020-03-19
  ✓ S1: IR -40.46%, Portfolio: $348,017
    YFinance output for XEC: 1 Failed download:
['XEC']: YFTzMissingError('possibly delisted; no timezone found')
    Warning: No data found for XEC
  ✗ S2: Insufficient data for IR/XEC

119/223: 2020-03-31: Added=nan, Removed=M
  Holding Period End Date: 2020-04-22

120/223: 2020-03-31: Added=nan, Removed=RTN
  Holding Period End Date: 2020-04-22

121/223: 2020-03-31: Added=CARR, Removed=nan
  Holding Period End Date: 2020-04-22
  ✓ S1: CARR -14.26%, Portfolio: $298,387

122/223: 2020-03-31: Added=OTIS, Removed=nan
  Holding Period End Date: 2020-04-22
  ✓ S1: OTIS -5.90%, Portfolio: $280,782

123/223: 2020-05-05: Added=HWM, Removed=ARNC
  Holding Period End Date: 2020-05-27
  ✓ S1: HWM 14.82%, Portfolio: $322,405
    YFinance output for ARNC: 1 Failed download:
['ARNC']: YFTzMissingError('possibly delisted; no timezone found')
    Warning: No data found for ARNC
  ✗ S2: Insufficient data for HWM/ARNC

124/223: 2020-05-06: Added=DXCM, Removed=AGN
  Holding Period End Date: 2020-05-28
  ✓ S1: DXCM -1.28%, Portfolio: $318,279
    YFinance output for AGN: 1 Failed download:
['AGN']: YFTzMissingError('possibly delisted; no timezone found')
    Warning: No data found for AGN
  ✗ S2: Insufficient data for DXCM/AGN

125/223: 2020-05-06: Added=DPZ, Removed=CPRI
  Holding Period End Date: 2020-05-28
  ✓ S1: DPZ -1.81%, Portfolio: $312,509
  ✓ S2: Long DPZ (-1.81%), Short CPRI (-19.12%)
      Combined: -10.47%, Portfolio: $521,865

126/223: 2020-05-18: Added=WST, Removed=HP
  Holding Period End Date: 2020-06-09
  ✓ S1: WST -5.54%, Portfolio: $295,180
  ✓ S2: Long WST (-5.54%), Short HP (-27.16%)
      Combined: -16.35%, Portfolio: $436,538

127/223: 2020-06-12: Added=BIO, Removed=ADS
  Holding Period End Date: 2020-07-06
  ✓ S1: BIO 3.70%, Portfolio: $306,104
    YFinance output for ADS: 1 Failed download:
['ADS']: YFTzMissingError('possibly delisted; no timezone found')
    Warning: No data found for ADS
  ✗ S2: Insufficient data for BIO/ADS

128/223: 2020-06-12: Added=TDY, Removed=HOG
  Holding Period End Date: 2020-07-06
  ✓ S1: TDY -8.62%, Portfolio: $279,719
  ✓ S2: Long TDY (-8.62%), Short HOG (-0.36%)
      Combined: -4.49%, Portfolio: $416,944

129/223: 2020-06-12: Added=TYL, Removed=JWN
  Holding Period End Date: 2020-07-06
  ✓ S1: TYL 2.85%, Portfolio: $287,685
    YFinance output for JWN: 1 Failed download:
['JWN']: YFTzMissingError('possibly delisted; no timezone found')
    Warning: No data found for JWN
  ✗ S2: Insufficient data for TYL/JWN

130/223: 2020-09-04: Added=CTLT, Removed=KSS
  Holding Period End Date: 2020-09-28
    YFinance output for CTLT: 1 Failed download:
['CTLT']: YFTzMissingError('possibly delisted; no timezone found')
    Warning: No data found for CTLT
  ✗ S1: Insufficient data for CTLT
    YFinance output for CTLT: 1 Failed download:
['CTLT']: YFTzMissingError('possibly delisted; no timezone found')
    Warning: No data found for CTLT
  ✗ S2: Insufficient data for CTLT/KSS

131/223: 2020-09-04: Added=ETSY, Removed=HRB
  Holding Period End Date: 2020-09-28
  ✓ S1: ETSY 10.40%, Portfolio: $317,598
  ✓ S2: Long ETSY (10.40%), Short HRB (-5.80%)
      Combined: 2.30%, Portfolio: $426,530

132/223: 2020-09-04: Added=TER, Removed=COTY
  Holding Period End Date: 2020-09-28
  ✓ S1: TER 0.76%, Portfolio: $320,023
  ✓ S2: Long TER (0.76%), Short COTY (40.73%)
      Combined: 20.75%, Portfolio: $515,015

133/223: 2020-10-01: Added=POOL, Removed=ETFC
  Holding Period End Date: 2020-10-22
  ✓ S1: POOL 6.70%, Portfolio: $341,450
    YFinance output for ETFC: 1 Failed download:
['ETFC']: YFTzMissingError('possibly delisted; no timezone found')
    Warning: No data found for ETFC
  ✗ S2: Insufficient data for POOL/ETFC

134/223: 2020-10-05: Added=VNT, Removed=nan
  Holding Period End Date: 2020-10-26
  ✓ S1: VNT -13.90%, Portfolio: $293,996

135/223: 2020-10-05: Added=nan, Removed=NBL
  Holding Period End Date: 2020-10-26

136/223: 2020-12-11: Added=TSLA, Removed=AIV
  Holding Period End Date: 2021-01-05
  ✓ S1: TSLA 20.51%, Portfolio: $354,300
  ✓ S2: Long TSLA (20.51%), Short AIV (-13.21%)
      Combined: 3.65%, Portfolio: $533,831

137/223: 2020-12-30: Added=ENPH, Removed=TIF
  Holding Period End Date: 2021-01-22
  ✓ S1: ENPH 22.63%, Portfolio: $434,490
    YFinance output for TIF: 1 Failed download:
['TIF']: YFTzMissingError('possibly delisted; no timezone found')
    Warning: No data found for TIF
  ✗ S2: Insufficient data for ENPH/TIF

138/223: 2021-01-15: Added=TRMB, Removed=CXO
  Holding Period End Date: 2021-02-08
  ✓ S1: TRMB 6.52%, Portfolio: $462,826
    YFinance output for CXO: 1 Failed download:
['CXO']: YFTzMissingError('possibly delisted; no timezone found')
    Warning: No data found for CXO
  ✗ S2: Insufficient data for TRMB/CXO

139/223: 2021-02-08: Added=MPWR, Removed=FTI
  Holding Period End Date: 2021-03-02
  ✓ S1: MPWR 0.53%, Portfolio: $465,287
  ✓ S2: Long MPWR (0.53%), Short FTI (-6.49%)
      Combined: -2.98%, Portfolio: $517,933

140/223: 2021-03-12: Added=CZR, Removed=VNT
  Holding Period End Date: 2021-04-05
  ✓ S1: CZR -10.38%, Portfolio: $417,011
  ✓ S2: Long CZR (-10.38%), Short VNT (-1.11%)
      Combined: -5.74%, Portfolio: $488,180

141/223: 2021-03-12: Added=PENN, Removed=SLG
  Holding Period End Date: 2021-04-05
  ✓ S1: PENN -18.11%, Portfolio: $341,484
  ✓ S2: Long PENN (-18.11%), Short SLG (7.42%)
      Combined: -5.34%, Portfolio: $462,088

142/223: 2021-03-12: Added=NXPI, Removed=FLS
  Holding Period End Date: 2021-04-05
  ✓ S1: NXPI 17.02%, Portfolio: $399,611
  ✓ S2: Long NXPI (17.02%), Short FLS (3.29%)
      Combined: 10.16%, Portfolio: $509,014

143/223: 2021-03-12: Added=GNRC, Removed=XRX
  Holding Period End Date: 2021-04-05
  ✓ S1: GNRC -1.29%, Portfolio: $394,441
  ✓ S2: Long GNRC (-1.29%), Short XRX (7.48%)
      Combined: 3.09%, Portfolio: $524,749

144/223: 2021-04-15: Added=PTC, Removed=VAR
  Holding Period End Date: 2021-05-06
  ✓ S1: PTC -11.83%, Portfolio: $347,793
    YFinance output for VAR: 1 Failed download:
['VAR']: YFTzMissingError('possibly delisted; no timezone found')
    Warning: No data found for VAR
  ✗ S2: Insufficient data for PTC/VAR

145/223: 2021-05-10: Added=CRL, Removed=FLIR
  Holding Period End Date: 2021-06-01
  ✓ S1: CRL 0.01%, Portfolio: $347,814
    YFinance output for FLIR: 1 Failed download:
['FLIR']: YFTzMissingError('possibly delisted; no timezone found')
    Warning: No data found for FLIR
  ✗ S2: Insufficient data for CRL/FLIR

146/223: 2021-05-27: Added=OGN, Removed=nan
  Holding Period End Date: 2021-06-18
  ✓ S1: OGN -15.55%, Portfolio: $293,731

147/223: 2021-05-27: Added=nan, Removed=HFC
  Holding Period End Date: 2021-06-18

148/223: 2021-07-15: Added=MRNA, Removed=ALXN
  Holding Period End Date: 2021-08-05
  ✓ S1: MRNA 60.30%, Portfolio: $470,852
    YFinance output for ALXN: 1 Failed download:
['ALXN']: YFTzMissingError('possibly delisted; no timezone found')
    Warning: No data found for ALXN
  ✗ S2: Insufficient data for MRNA/ALXN

149/223: 2021-08-24: Added=TECH, Removed=MXIM
  Holding Period End Date: 2021-09-15
  ✓ S1: TECH 7.54%, Portfolio: $506,370
    YFinance output for MXIM: 1 Failed download:
['MXIM']: YFTzMissingError('possibly delisted; no timezone found')
    Warning: No data found for MXIM
  ✗ S2: Insufficient data for TECH/MXIM

150/223: 2021-09-03: Added=BRO, Removed=NOV
  Holding Period End Date: 2021-09-27
  ✓ S1: BRO -2.75%, Portfolio: $492,452
  ✓ S2: Long BRO (-2.75%), Short NOV (-3.72%)
      Combined: -3.23%, Portfolio: $507,783

151/223: 2021-09-03: Added=CDAY, Removed=UNM
  Holding Period End Date: 2021-09-27
    YFinance output for CDAY: 1 Failed download:
['CDAY']: YFTzMissingError('possibly delisted; no timezone found')
    Warning: No data found for CDAY
  ✗ S1: Insufficient data for CDAY
    YFinance output for CDAY: 1 Failed download:
['CDAY']: YFTzMissingError('possibly delisted; no timezone found')
    Warning: No data found for CDAY
  ✗ S2: Insufficient data for CDAY/UNM

152/223: 2021-09-03: Added=MTCH, Removed=PRGO
  Holding Period End Date: 2021-09-27
  ✓ S1: MTCH 11.10%, Portfolio: $547,117
  ✓ S2: Long MTCH (11.10%), Short PRGO (-3.46%)
      Combined: 3.82%, Portfolio: $527,182

153/223: 2021-12-03: Added=FDS, Removed=WU
  Holding Period End Date: 2021-12-27
  ✓ S1: FDS 4.13%, Portfolio: $569,688
  ✓ S2: Long FDS (4.13%), Short WU (-3.85%)
      Combined: 0.14%, Portfolio: $527,914

154/223: 2021-12-03: Added=SEDG, Removed=HBI
  Holding Period End Date: 2021-12-27
  ✓ S1: SEDG -6.97%, Portfolio: $529,977
  ✓ S2: Long SEDG (-6.97%), Short HBI (-0.48%)
      Combined: -3.73%, Portfolio: $508,239

155/223: 2021-12-03: Added=SBNY, Removed=LEG
  Holding Period End Date: 2021-12-27
    YFinance output for SBNY: 1 Failed download:
['SBNY']: YFPricesMissingError('possibly delisted; no price data found  (1d 2021-12-03 00:00:00 -> 2021-12-28) (Yahoo error = "Data doesn\'t exist for startDate = 1638507600, endDate = 1640667600")')
    Warning: No data found for SBNY
  ✗ S1: Insufficient data for SBNY
    YFinance output for SBNY: 1 Failed download:
['SBNY']: YFPricesMissingError('possibly delisted; no price data found  (1d 2021-12-03 00:00:00 -> 2021-12-28) (Yahoo error = "Data doesn\'t exist for startDate = 1638507600, endDate = 1640667600")')
    Warning: No data found for SBNY
  ✗ S2: Insufficient data for SBNY/LEG

156/223: 2021-12-07: Added=EPAM, Removed=KSU
  Holding Period End Date: 2021-12-29
  ✓ S1: EPAM 13.92%, Portfolio: $603,764
    YFinance output for KSU: Failed to get ticker 'KSU' reason: Failed to perform, curl: (56) Recv failure: Connection reset by peer. See https://curl.se/libcurl/c/libcurl-errors.html first for more details.

1 Failed download:
['KSU']: YFTzMissingError('possibly delisted; no timezone found')
    Warning: No data found for KSU
  ✗ S2: Insufficient data for EPAM/KSU

157/223: 2022-01-26: Added=CEG, Removed=nan
  Holding Period End Date: 2022-02-16
    YFinance output for CEG: 1 Failed download:
['CEG']: CertificateVerifyError('Failed to perform, curl: (60) SSL certificate problem: certificate has expired. See https://curl.se/libcurl/c/libcurl-errors.html first for more details.')
    Warning: No data found for CEG
  ✗ S1: Insufficient data for CEG

158/223: 2022-01-26: Added=nan, Removed=GPS
  Holding Period End Date: 2022-02-16

159/223: 2022-02-10: Added=NDSN, Removed=XLNX
  Holding Period End Date: 2022-03-04
    YFinance output for NDSN: 1 Failed download:
['NDSN']: CertificateVerifyError('Failed to perform, curl: (60) SSL certificate problem: certificate has expired. See https://curl.se/libcurl/c/libcurl-errors.html first for more details.')
    Warning: No data found for NDSN
  ✗ S1: Insufficient data for NDSN
    YFinance output for XLNX: 1 Failed download:
['XLNX']: YFTzMissingError('possibly delisted; no timezone found')
    Warning: No data found for XLNX
  ✗ S2: Insufficient data for NDSN/XLNX

160/223: 2022-02-25: Added=MOH, Removed=INFO
  Holding Period End Date: 2022-03-18
  ✓ S1: MOH 7.86%, Portfolio: $651,198
    YFinance output for INFO: 1 Failed download:
['INFO']: YFPricesMissingError('possibly delisted; no price data found  (1d 2022-02-25 00:00:00 -> 2022-03-21) (Yahoo error = "Data doesn\'t exist for startDate = 1645765200, endDate = 1647835200")')
    Warning: No data found for INFO
  ✗ S2: Insufficient data for MOH/INFO

161/223: 2022-03-29: Added=CPT, Removed=PBCT
  Holding Period End Date: 2022-04-20
  ✓ S1: CPT -0.80%, Portfolio: $646,000
    YFinance output for PBCT: 1 Failed download:
['PBCT']: YFTzMissingError('possibly delisted; no timezone found')
    Warning: No data found for PBCT
  ✗ S2: Insufficient data for CPT/PBCT

162/223: 2022-04-07: Added=WBD, Removed=DISCA
  Holding Period End Date: 2022-04-29
  ✓ S1: WBD -21.33%, Portfolio: $508,232
    YFinance output for DISCA: 1 Failed download:
['DISCA']: YFTzMissingError('possibly delisted; no timezone found')
    Warning: No data found for DISCA
  ✗ S2: Insufficient data for WBD/DISCA

163/223: 2022-04-07: Added=nan, Removed=DISCK
  Holding Period End Date: 2022-04-29

164/223: 2022-06-03: Added=VICI, Removed=CERN
  Holding Period End Date: 2022-06-27
  ✓ S1: VICI -1.36%, Portfolio: $501,323
    YFinance output for CERN: 1 Failed download:
['CERN']: YFTzMissingError('possibly delisted; no timezone found')
    Warning: No data found for CERN
  ✗ S2: Insufficient data for VICI/CERN

165/223: 2022-06-03: Added=ON, Removed=IPGP
  Holding Period End Date: 2022-06-27
  ✓ S1: ON -13.93%, Portfolio: $431,469
    YFinance output for IPGP: 1 Failed download:
['IPGP']: Timeout('Failed to perform, curl: (28) Connection timed out after 10001 milliseconds. See https://curl.se/libcurl/c/libcurl-errors.html first for more details.')
    Warning: No data found for IPGP
  ✗ S2: Insufficient data for ON/IPGP

166/223: 2022-06-03: Added=KDP, Removed=UAA
  Holding Period End Date: 2022-06-27
    YFinance output for KDP: 1 Failed download:
['KDP']: DNSError('Failed to perform, curl: (6) Could not resolve host: query2.finance.yahoo.com. See https://curl.se/libcurl/c/libcurl-errors.html first for more details.')
    Warning: No data found for KDP
  ✗ S1: Insufficient data for KDP
    YFinance output for KDP: 1 Failed download:
['KDP']: DNSError('Failed to perform, curl: (6) Could not resolve host: query2.finance.yahoo.com. See https://curl.se/libcurl/c/libcurl-errors.html first for more details.')
    Warning: No data found for KDP
    YFinance output for UAA: 1 Failed download:
['UAA']: DNSError('Failed to perform, curl: (6) Could not resolve host: query2.finance.yahoo.com. See https://curl.se/libcurl/c/libcurl-errors.html first for more details.')
    Warning: No data found for UAA
  ✗ S2: Insufficient data for KDP/UAA

167/223: 2022-06-03: Added=nan, Removed=UA
  Holding Period End Date: 2022-06-27

168/223: 2022-09-02: Added=CSGP, Removed=PVH
  Holding Period End Date: 2022-09-26
    YFinance output for CSGP: 1 Failed download:
['CSGP']: DNSError('Failed to perform, curl: (6) Could not resolve host: query2.finance.yahoo.com. See https://curl.se/libcurl/c/libcurl-errors.html first for more details.')
    Warning: No data found for CSGP
  ✗ S1: Insufficient data for CSGP
    YFinance output for CSGP: 1 Failed download:
['CSGP']: DNSError('Failed to perform, curl: (6) Could not resolve host: query2.finance.yahoo.com. See https://curl.se/libcurl/c/libcurl-errors.html first for more details.')
    Warning: No data found for CSGP
    YFinance output for PVH: 1 Failed download:
['PVH']: DNSError('Failed to perform, curl: (6) Could not resolve host: query2.finance.yahoo.com. See https://curl.se/libcurl/c/libcurl-errors.html first for more details.')
    Warning: No data found for PVH
  ✗ S2: Insufficient data for CSGP/PVH

169/223: 2022-09-02: Added=INVH, Removed=PENN
  Holding Period End Date: 2022-09-26
    YFinance output for INVH: 1 Failed download:
['INVH']: DNSError('Failed to perform, curl: (6) Could not resolve host: query2.finance.yahoo.com. See https://curl.se/libcurl/c/libcurl-errors.html first for more details.')
    Warning: No data found for INVH
  ✗ S1: Insufficient data for INVH
    YFinance output for INVH: 1 Failed download:
['INVH']: DNSError('Failed to perform, curl: (6) Could not resolve host: query2.finance.yahoo.com. See https://curl.se/libcurl/c/libcurl-errors.html first for more details.')
    Warning: No data found for INVH
    YFinance output for PENN: 1 Failed download:
['PENN']: DNSError('Failed to perform, curl: (6) Could not resolve host: query2.finance.yahoo.com. See https://curl.se/libcurl/c/libcurl-errors.html first for more details.')
    Warning: No data found for PENN
  ✗ S2: Insufficient data for INVH/PENN

170/223: 2022-09-23: Added=PCG, Removed=CTXS
  Holding Period End Date: 2022-10-14
    YFinance output for PCG: 1 Failed download:
['PCG']: DNSError('Failed to perform, curl: (6) Could not resolve host: query2.finance.yahoo.com. See https://curl.se/libcurl/c/libcurl-errors.html first for more details.')
    Warning: No data found for PCG
  ✗ S1: Insufficient data for PCG
    YFinance output for PCG: 1 Failed download:
['PCG']: DNSError('Failed to perform, curl: (6) Could not resolve host: query2.finance.yahoo.com. See https://curl.se/libcurl/c/libcurl-errors.html first for more details.')
    Warning: No data found for PCG
    YFinance output for CTXS: Failed to get ticker 'CTXS' reason: Failed to perform, curl: (6) Could not resolve host: query2.finance.yahoo.com. See https://curl.se/libcurl/c/libcurl-errors.html first for more details.

1 Failed download:
['CTXS']: YFTzMissingError('possibly delisted; no timezone found')
    Warning: No data found for CTXS
  ✗ S2: Insufficient data for PCG/CTXS

171/223: 2022-09-23: Added=EQT, Removed=DRE
  Holding Period End Date: 2022-10-14
    YFinance output for EQT: 1 Failed download:
['EQT']: DNSError('Failed to perform, curl: (6) Could not resolve host: query2.finance.yahoo.com. See https://curl.se/libcurl/c/libcurl-errors.html first for more details.')
    Warning: No data found for EQT
  ✗ S1: Insufficient data for EQT
    YFinance output for EQT: 1 Failed download:
['EQT']: DNSError('Failed to perform, curl: (6) Could not resolve host: query2.finance.yahoo.com. See https://curl.se/libcurl/c/libcurl-errors.html first for more details.')
    Warning: No data found for EQT
    YFinance output for DRE: Failed to get ticker 'DRE' reason: Failed to perform, curl: (6) Could not resolve host: query2.finance.yahoo.com. See https://curl.se/libcurl/c/libcurl-errors.html first for more details.

1 Failed download:
['DRE']: YFTzMissingError('possibly delisted; no timezone found')
    Warning: No data found for DRE
  ✗ S2: Insufficient data for EQT/DRE

172/223: 2022-10-06: Added=TRGP, Removed=NLSN
  Holding Period End Date: 2022-10-27
    YFinance output for TRGP: 1 Failed download:
['TRGP']: DNSError('Failed to perform, curl: (6) Could not resolve host: query2.finance.yahoo.com. See https://curl.se/libcurl/c/libcurl-errors.html first for more details.')
    Warning: No data found for TRGP
  ✗ S1: Insufficient data for TRGP
    YFinance output for TRGP: 1 Failed download:
['TRGP']: DNSError('Failed to perform, curl: (6) Could not resolve host: query2.finance.yahoo.com. See https://curl.se/libcurl/c/libcurl-errors.html first for more details.')
    Warning: No data found for TRGP
    YFinance output for NLSN: Failed to get ticker 'NLSN' reason: Failed to perform, curl: (6) Could not resolve host: query2.finance.yahoo.com. See https://curl.se/libcurl/c/libcurl-errors.html first for more details.

1 Failed download:
['NLSN']: YFTzMissingError('possibly delisted; no timezone found')
    Warning: No data found for NLSN
  ✗ S2: Insufficient data for TRGP/NLSN

173/223: 2022-10-27: Added=ACGL, Removed=TWTR
  Holding Period End Date: 2022-11-17
    YFinance output for ACGL: 1 Failed download:
['ACGL']: DNSError('Failed to perform, curl: (6) Could not resolve host: query2.finance.yahoo.com. See https://curl.se/libcurl/c/libcurl-errors.html first for more details.')
    Warning: No data found for ACGL
  ✗ S1: Insufficient data for ACGL
    YFinance output for ACGL: 1 Failed download:
['ACGL']: DNSError('Failed to perform, curl: (6) Could not resolve host: query2.finance.yahoo.com. See https://curl.se/libcurl/c/libcurl-errors.html first for more details.')
    Warning: No data found for ACGL
    YFinance output for TWTR: Failed to get ticker 'TWTR' reason: Failed to perform, curl: (6) Could not resolve host: query2.finance.yahoo.com. See https://curl.se/libcurl/c/libcurl-errors.html first for more details.

1 Failed download:
['TWTR']: YFTzMissingError('possibly delisted; no timezone found')
    Warning: No data found for TWTR
  ✗ S2: Insufficient data for ACGL/TWTR

174/223: 2022-12-12: Added=FSLR, Removed=FBHS
  Holding Period End Date: 2023-01-04
    YFinance output for FSLR: 1 Failed download:
['FSLR']: DNSError('Failed to perform, curl: (6) Could not resolve host: query2.finance.yahoo.com. See https://curl.se/libcurl/c/libcurl-errors.html first for more details.')
    Warning: No data found for FSLR
  ✗ S1: Insufficient data for FSLR
    YFinance output for FSLR: 1 Failed download:
['FSLR']: DNSError('Failed to perform, curl: (6) Could not resolve host: query2.finance.yahoo.com. See https://curl.se/libcurl/c/libcurl-errors.html first for more details.')
    Warning: No data found for FSLR
    YFinance output for FBHS: Failed to get ticker 'FBHS' reason: Failed to perform, curl: (6) Could not resolve host: query2.finance.yahoo.com. See https://curl.se/libcurl/c/libcurl-errors.html first for more details.

1 Failed download:
['FBHS']: YFTzMissingError('possibly delisted; no timezone found')
    Warning: No data found for FBHS
  ✗ S2: Insufficient data for FSLR/FBHS

175/223: 2022-12-12: Added=nan, Removed=MBC
  Holding Period End Date: 2023-01-04

176/223: 2022-12-12: Added=MBC, Removed=nan
  Holding Period End Date: 2023-01-04
    YFinance output for MBC: 1 Failed download:
['MBC']: DNSError('Failed to perform, curl: (6) Could not resolve host: query2.finance.yahoo.com. See https://curl.se/libcurl/c/libcurl-errors.html first for more details.')
    Warning: No data found for MBC
  ✗ S1: Insufficient data for MBC

177/223: 2022-12-19: Added=STLD, Removed=ABMD
  Holding Period End Date: 2023-01-11
    YFinance output for STLD: 1 Failed download:
['STLD']: DNSError('Failed to perform, curl: (6) Could not resolve host: query2.finance.yahoo.com. See https://curl.se/libcurl/c/libcurl-errors.html first for more details.')
    Warning: No data found for STLD
  ✗ S1: Insufficient data for STLD
    YFinance output for STLD: 1 Failed download:
['STLD']: DNSError('Failed to perform, curl: (6) Could not resolve host: query2.finance.yahoo.com. See https://curl.se/libcurl/c/libcurl-errors.html first for more details.')
    Warning: No data found for STLD
    YFinance output for ABMD: Failed to get ticker 'ABMD' reason: Failed to perform, curl: (6) Could not resolve host: query2.finance.yahoo.com. See https://curl.se/libcurl/c/libcurl-errors.html first for more details.

1 Failed download:
['ABMD']: YFTzMissingError('possibly delisted; no timezone found')
    Warning: No data found for ABMD
  ✗ S2: Insufficient data for STLD/ABMD

178/223: 2022-12-28: Added=GEHC, Removed=nan
  Holding Period End Date: 2023-01-20
    YFinance output for GEHC: 1 Failed download:
['GEHC']: DNSError('Failed to perform, curl: (6) Could not resolve host: query2.finance.yahoo.com. See https://curl.se/libcurl/c/libcurl-errors.html first for more details.')
    Warning: No data found for GEHC
  ✗ S1: Insufficient data for GEHC

179/223: 2022-12-28: Added=nan, Removed=VNO
  Holding Period End Date: 2023-01-20

180/223: 2023-03-03: Added=FICO, Removed=LUMN
  Holding Period End Date: 2023-03-24
    YFinance output for FICO: 1 Failed download:
['FICO']: DNSError('Failed to perform, curl: (6) Could not resolve host: query2.finance.yahoo.com. See https://curl.se/libcurl/c/libcurl-errors.html first for more details.')
    Warning: No data found for FICO
  ✗ S1: Insufficient data for FICO
    YFinance output for FICO: 1 Failed download:
['FICO']: DNSError('Failed to perform, curl: (6) Could not resolve host: query2.finance.yahoo.com. See https://curl.se/libcurl/c/libcurl-errors.html first for more details.')
    Warning: No data found for FICO
    YFinance output for LUMN: 1 Failed download:
['LUMN']: DNSError('Failed to perform, curl: (6) Could not resolve host: query2.finance.yahoo.com. See https://curl.se/libcurl/c/libcurl-errors.html first for more details.')
    Warning: No data found for LUMN
  ✗ S2: Insufficient data for FICO/LUMN

181/223: 2023-03-10: Added=PODD, Removed=SIVB
  Holding Period End Date: 2023-03-31
    YFinance output for PODD: 1 Failed download:
['PODD']: DNSError('Failed to perform, curl: (6) Could not resolve host: query2.finance.yahoo.com. See https://curl.se/libcurl/c/libcurl-errors.html first for more details.')
    Warning: No data found for PODD
  ✗ S1: Insufficient data for PODD
    YFinance output for PODD: 1 Failed download:
['PODD']: DNSError('Failed to perform, curl: (6) Could not resolve host: query2.finance.yahoo.com. See https://curl.se/libcurl/c/libcurl-errors.html first for more details.')
    Warning: No data found for PODD
    YFinance output for SIVB: Failed to get ticker 'SIVB' reason: Failed to perform, curl: (6) Could not resolve host: query2.finance.yahoo.com. See https://curl.se/libcurl/c/libcurl-errors.html first for more details.

1 Failed download:
['SIVB']: YFTzMissingError('possibly delisted; no timezone found')
    Warning: No data found for SIVB
  ✗ S2: Insufficient data for PODD/SIVB

182/223: 2023-03-13: Added=BG, Removed=SBNY
  Holding Period End Date: 2023-04-03
    YFinance output for BG: 1 Failed download:
['BG']: DNSError('Failed to perform, curl: (6) Could not resolve host: query2.finance.yahoo.com. See https://curl.se/libcurl/c/libcurl-errors.html first for more details.')
    Warning: No data found for BG
  ✗ S1: Insufficient data for BG
    YFinance output for BG: 1 Failed download:
['BG']: DNSError('Failed to perform, curl: (6) Could not resolve host: query2.finance.yahoo.com. See https://curl.se/libcurl/c/libcurl-errors.html first for more details.')
    Warning: No data found for BG
    YFinance output for SBNY: 1 Failed download:
['SBNY']: DNSError('Failed to perform, curl: (6) Could not resolve host: query2.finance.yahoo.com. See https://curl.se/libcurl/c/libcurl-errors.html first for more details.')
    Warning: No data found for SBNY
  ✗ S2: Insufficient data for BG/SBNY

183/223: 2023-05-01: Added=AXON, Removed=FRC
  Holding Period End Date: 2023-05-22
    YFinance output for AXON: 1 Failed download:
['AXON']: DNSError('Failed to perform, curl: (6) Could not resolve host: query2.finance.yahoo.com. See https://curl.se/libcurl/c/libcurl-errors.html first for more details.')
    Warning: No data found for AXON
  ✗ S1: Insufficient data for AXON
    YFinance output for AXON: 1 Failed download:
['AXON']: DNSError('Failed to perform, curl: (6) Could not resolve host: query2.finance.yahoo.com. See https://curl.se/libcurl/c/libcurl-errors.html first for more details.')
    Warning: No data found for AXON
    YFinance output for FRC: Failed to get ticker 'FRC' reason: Failed to perform, curl: (6) Could not resolve host: query2.finance.yahoo.com. See https://curl.se/libcurl/c/libcurl-errors.html first for more details.

1 Failed download:
['FRC']: YFTzMissingError('possibly delisted; no timezone found')
    Warning: No data found for FRC
  ✗ S2: Insufficient data for AXON/FRC

184/223: 2023-06-02: Added=PANW, Removed=DISH
  Holding Period End Date: 2023-06-26
    YFinance output for PANW: 1 Failed download:
['PANW']: DNSError('Failed to perform, curl: (6) Could not resolve host: query2.finance.yahoo.com. See https://curl.se/libcurl/c/libcurl-errors.html first for more details.')
    Warning: No data found for PANW
  ✗ S1: Insufficient data for PANW
    YFinance output for PANW: 1 Failed download:
['PANW']: DNSError('Failed to perform, curl: (6) Could not resolve host: query2.finance.yahoo.com. See https://curl.se/libcurl/c/libcurl-errors.html first for more details.')
    Warning: No data found for PANW
    YFinance output for DISH: Failed to get ticker 'DISH' reason: Failed to perform, curl: (6) Could not resolve host: query2.finance.yahoo.com. See https://curl.se/libcurl/c/libcurl-errors.html first for more details.

1 Failed download:
['DISH']: YFTzMissingError('possibly delisted; no timezone found')
    Warning: No data found for DISH
  ✗ S2: Insufficient data for PANW/DISH

185/223: 2023-08-21: Added=nan, Removed=TEL
  Holding Period End Date: 2023-09-12

186/223: 2023-08-21: Added=KVUE, Removed=AAP
  Holding Period End Date: 2023-09-12
    YFinance output for KVUE: 1 Failed download:
['KVUE']: DNSError('Failed to perform, curl: (6) Could not resolve host: query2.finance.yahoo.com. See https://curl.se/libcurl/c/libcurl-errors.html first for more details.')
    Warning: No data found for KVUE
  ✗ S1: Insufficient data for KVUE
    YFinance output for KVUE: 1 Failed download:
['KVUE']: DNSError('Failed to perform, curl: (6) Could not resolve host: query2.finance.yahoo.com. See https://curl.se/libcurl/c/libcurl-errors.html first for more details.')
    Warning: No data found for KVUE
    YFinance output for AAP: 1 Failed download:
['AAP']: DNSError('Failed to perform, curl: (6) Could not resolve host: query2.finance.yahoo.com. See https://curl.se/libcurl/c/libcurl-errors.html first for more details.')
    Warning: No data found for AAP
  ✗ S2: Insufficient data for KVUE/AAP

187/223: 2023-08-21: Added=PCS, Removed=nan
  Holding Period End Date: 2023-09-12
    YFinance output for PCS: 1 Failed download:
['PCS']: DNSError('Failed to perform, curl: (6) Could not resolve host: query2.finance.yahoo.com. See https://curl.se/libcurl/c/libcurl-errors.html first for more details.')
    Warning: No data found for PCS
  ✗ S1: Insufficient data for PCS

188/223: 2023-09-14: Added=BX, Removed=LNC
  Holding Period End Date: 2023-10-05
    YFinance output for BX: 1 Failed download:
['BX']: DNSError('Failed to perform, curl: (6) Could not resolve host: query2.finance.yahoo.com. See https://curl.se/libcurl/c/libcurl-errors.html first for more details.')
    Warning: No data found for BX
  ✗ S1: Insufficient data for BX
    YFinance output for BX: 1 Failed download:
['BX']: DNSError('Failed to perform, curl: (6) Could not resolve host: query2.finance.yahoo.com. See https://curl.se/libcurl/c/libcurl-errors.html first for more details.')
    Warning: No data found for BX
    YFinance output for LNC: 1 Failed download:
['LNC']: DNSError('Failed to perform, curl: (6) Could not resolve host: query2.finance.yahoo.com. See https://curl.se/libcurl/c/libcurl-errors.html first for more details.')
    Warning: No data found for LNC
  ✗ S2: Insufficient data for BX/LNC

189/223: 2023-09-14: Added=ABNB, Removed=NWL
  Holding Period End Date: 2023-10-05
    YFinance output for ABNB: 1 Failed download:
['ABNB']: DNSError('Failed to perform, curl: (6) Could not resolve host: query2.finance.yahoo.com. See https://curl.se/libcurl/c/libcurl-errors.html first for more details.')
    Warning: No data found for ABNB
  ✗ S1: Insufficient data for ABNB
    YFinance output for ABNB: 1 Failed download:
['ABNB']: DNSError('Failed to perform, curl: (6) Could not resolve host: query2.finance.yahoo.com. See https://curl.se/libcurl/c/libcurl-errors.html first for more details.')
    Warning: No data found for ABNB
    YFinance output for NWL: 1 Failed download:
['NWL']: DNSError('Failed to perform, curl: (6) Could not resolve host: query2.finance.yahoo.com. See https://curl.se/libcurl/c/libcurl-errors.html first for more details.')
    Warning: No data found for NWL
  ✗ S2: Insufficient data for ABNB/NWL

190/223: 2023-09-28: Added=VLTO, Removed=nan
  Holding Period End Date: 2023-10-19
    YFinance output for VLTO: 1 Failed download:
['VLTO']: DNSError('Failed to perform, curl: (6) Could not resolve host: query2.finance.yahoo.com. See https://curl.se/libcurl/c/libcurl-errors.html first for more details.')
    Warning: No data found for VLTO
  ✗ S1: Insufficient data for VLTO

191/223: 2023-09-28: Added=nan, Removed=DXC
  Holding Period End Date: 2023-10-19

192/223: 2023-10-13: Added=LULU, Removed=ATVI
  Holding Period End Date: 2023-11-03
    YFinance output for LULU: 1 Failed download:
['LULU']: DNSError('Failed to perform, curl: (6) Could not resolve host: query2.finance.yahoo.com. See https://curl.se/libcurl/c/libcurl-errors.html first for more details.')
    Warning: No data found for LULU
  ✗ S1: Insufficient data for LULU
    YFinance output for LULU: 1 Failed download:
['LULU']: DNSError('Failed to perform, curl: (6) Could not resolve host: query2.finance.yahoo.com. See https://curl.se/libcurl/c/libcurl-errors.html first for more details.')
    Warning: No data found for LULU
    YFinance output for ATVI: Failed to get ticker 'ATVI' reason: Failed to perform, curl: (6) Could not resolve host: query2.finance.yahoo.com. See https://curl.se/libcurl/c/libcurl-errors.html first for more details.

1 Failed download:
['ATVI']: YFTzMissingError('possibly delisted; no timezone found')
    Warning: No data found for ATVI
  ✗ S2: Insufficient data for LULU/ATVI

193/223: 2023-10-13: Added=HUBB, Removed=OGN
  Holding Period End Date: 2023-11-03
    YFinance output for HUBB: 1 Failed download:
['HUBB']: DNSError('Failed to perform, curl: (6) Could not resolve host: query2.finance.yahoo.com. See https://curl.se/libcurl/c/libcurl-errors.html first for more details.')
    Warning: No data found for HUBB
  ✗ S1: Insufficient data for HUBB
    YFinance output for HUBB: 1 Failed download:
['HUBB']: DNSError('Failed to perform, curl: (6) Could not resolve host: query2.finance.yahoo.com. See https://curl.se/libcurl/c/libcurl-errors.html first for more details.')
    Warning: No data found for HUBB
    YFinance output for OGN: 1 Failed download:
['OGN']: DNSError('Failed to perform, curl: (6) Could not resolve host: query2.finance.yahoo.com. See https://curl.se/libcurl/c/libcurl-errors.html first for more details.')
    Warning: No data found for OGN
  ✗ S2: Insufficient data for HUBB/OGN

194/223: 2023-12-01: Added=UBER, Removed=SEE
  Holding Period End Date: 2023-12-22
    YFinance output for UBER: 1 Failed download:
['UBER']: DNSError('Failed to perform, curl: (6) Could not resolve host: query2.finance.yahoo.com. See https://curl.se/libcurl/c/libcurl-errors.html first for more details.')
    Warning: No data found for UBER
  ✗ S1: Insufficient data for UBER
    YFinance output for UBER: 1 Failed download:
['UBER']: DNSError('Failed to perform, curl: (6) Could not resolve host: query2.finance.yahoo.com. See https://curl.se/libcurl/c/libcurl-errors.html first for more details.')
    Warning: No data found for UBER
    YFinance output for SEE: 1 Failed download:
['SEE']: DNSError('Failed to perform, curl: (6) Could not resolve host: query2.finance.yahoo.com. See https://curl.se/libcurl/c/libcurl-errors.html first for more details.')
    Warning: No data found for SEE
  ✗ S2: Insufficient data for UBER/SEE

195/223: 2023-12-01: Added=BLDR, Removed=SEDG
  Holding Period End Date: 2023-12-22
    YFinance output for BLDR: 1 Failed download:
['BLDR']: DNSError('Failed to perform, curl: (6) Could not resolve host: query2.finance.yahoo.com. See https://curl.se/libcurl/c/libcurl-errors.html first for more details.')
    Warning: No data found for BLDR
  ✗ S1: Insufficient data for BLDR
    YFinance output for BLDR: 1 Failed download:
['BLDR']: DNSError('Failed to perform, curl: (6) Could not resolve host: query2.finance.yahoo.com. See https://curl.se/libcurl/c/libcurl-errors.html first for more details.')
    Warning: No data found for BLDR
    YFinance output for SEDG: 1 Failed download:
['SEDG']: DNSError('Failed to perform, curl: (6) Could not resolve host: query2.finance.yahoo.com. See https://curl.se/libcurl/c/libcurl-errors.html first for more details.')
    Warning: No data found for SEDG
  ✗ S2: Insufficient data for BLDR/SEDG

196/223: 2023-12-01: Added=JBL, Removed=ALK
  Holding Period End Date: 2023-12-22
  ✓ S1: JBL 9.38%, Portfolio: $471,955
  ✓ S2: Long JBL (9.38%), Short ALK (-2.34%)
      Combined: 3.52%, Portfolio: $526,150

197/223: 2024-03-01: Added=SMCI, Removed=WHR
  Holding Period End Date: 2024-03-22
  ✓ S1: SMCI 7.43%, Portfolio: $507,012
  ✓ S2: Long SMCI (7.43%), Short WHR (-3.63%)
      Combined: 1.90%, Portfolio: $536,149

198/223: 2024-03-01: Added=DECK, Removed=ZION
  Holding Period End Date: 2024-03-22
  ✓ S1: DECK 2.12%, Portfolio: $517,761
  ✓ S2: Long DECK (2.12%), Short ZION (-4.62%)
      Combined: -1.25%, Portfolio: $529,434

199/223: 2024-03-27: Added=SOLV, Removed=nan
  Holding Period End Date: 2024-04-18
  ✓ S1: SOLV -14.63%, Portfolio: $442,030

200/223: 2024-03-27: Added=GEV, Removed=nan
  Holding Period End Date: 2024-04-18
  ✓ S1: GEV 4.55%, Portfolio: $462,136

201/223: 2024-03-27: Added=nan, Removed=XRAY
  Holding Period End Date: 2024-04-18

202/223: 2024-03-27: Added=nan, Removed=VFC
  Holding Period End Date: 2024-04-18

203/223: 2024-05-03: Added=VST, Removed=PXD
  Holding Period End Date: 2024-05-24
  ✓ S1: VST 25.29%, Portfolio: $579,017
    YFinance output for PXD: 1 Failed download:
['PXD']: YFTzMissingError('possibly delisted; no timezone found')
    Warning: No data found for PXD
  ✗ S2: Insufficient data for VST/PXD

204/223: 2024-06-07: Added=KKR, Removed=RHI
  Holding Period End Date: 2024-07-01
  ✓ S1: KKR 6.65%, Portfolio: $617,543
  ✓ S2: Long KKR (6.65%), Short RHI (-2.20%)
      Combined: 2.23%, Portfolio: $541,225

205/223: 2024-06-07: Added=CRWD, Removed=CMA
  Holding Period End Date: 2024-07-01
  ✓ S1: CRWD 12.33%, Portfolio: $693,657
  ✓ S2: Long CRWD (12.33%), Short CMA (-6.81%)
      Combined: 2.76%, Portfolio: $556,158

206/223: 2024-06-07: Added=GDDY, Removed=ILMN
  Holding Period End Date: 2024-07-01
  ✓ S1: GDDY 1.54%, Portfolio: $704,309
  ✓ S2: Long GDDY (1.54%), Short ILMN (4.84%)
      Combined: 3.19%, Portfolio: $573,879

207/223: 2024-09-06: Added=ERIE, Removed=BIO
  Holding Period End Date: 2024-09-27
  ✓ S1: ERIE 6.46%, Portfolio: $749,798
  ✓ S2: Long ERIE (6.46%), Short BIO (-0.61%)
      Combined: 2.92%, Portfolio: $590,664

208/223: 2024-09-06: Added=DELL, Removed=ETSY
  Holding Period End Date: 2024-09-27
  ✓ S1: DELL 17.86%, Portfolio: $883,732
  ✓ S2: Long DELL (17.86%), Short ETSY (-6.91%)
      Combined: 5.47%, Portfolio: $623,002

209/223: 2024-09-06: Added=PLTR, Removed=AAL
  Holding Period End Date: 2024-09-27
  ✓ S1: PLTR 21.46%, Portfolio: $1,073,416
  ✓ S2: Long PLTR (21.46%), Short AAL (-6.57%)
      Combined: 7.44%, Portfolio: $669,383

210/223: 2024-09-24: Added=AMTM, Removed=nan
  Holding Period End Date: 2024-10-15
  ✓ S1: AMTM -2.74%, Portfolio: $1,043,952

211/223: 2024-09-24: Added=nan, Removed=BBWI
  Holding Period End Date: 2024-10-15

212/223: 2024-11-21: Added=TPL, Removed=MRO
  Holding Period End Date: 2024-12-13
  ✓ S1: TPL -20.81%, Portfolio: $826,721
    YFinance output for MRO: 1 Failed download:
['MRO']: YFTzMissingError('possibly delisted; no timezone found')
    Warning: No data found for MRO
  ✗ S2: Insufficient data for TPL/MRO

213/223: 2024-12-06: Added=WDAY, Removed=AMTM
  Holding Period End Date: 2024-12-30
  ✓ S1: WDAY -1.66%, Portfolio: $813,005
  ✓ S2: Long WDAY (-1.66%), Short AMTM (3.90%)
      Combined: 1.12%, Portfolio: $676,888

214/223: 2024-12-06: Added=APO, Removed=QRVO
  Holding Period End Date: 2024-12-30
  ✓ S1: APO -6.38%, Portfolio: $761,166
  ✓ S2: Long APO (-6.38%), Short QRVO (-2.01%)
      Combined: -4.19%, Portfolio: $648,513

215/223: 2024-12-18: Added=LII, Removed=CTLT
  Holding Period End Date: 2025-01-13
  ✓ S1: LII -2.92%, Portfolio: $738,928
    YFinance output for CTLT: 1 Failed download:
['CTLT']: YFTzMissingError('possibly delisted; no timezone found')
    Warning: No data found for CTLT
  ✗ S2: Insufficient data for LII/CTLT

216/223: 2025-03-07: Added=EXE, Removed=FMC
  Holding Period End Date: 2025-03-28
  ✓ S1: EXE 16.20%, Portfolio: $858,639
  ✓ S2: Long EXE (16.20%), Short FMC (-2.18%)
      Combined: 7.01%, Portfolio: $693,978

217/223: 2025-03-07: Added=WSM, Removed=CE
  Holding Period End Date: 2025-03-28
  ✓ S1: WSM -15.62%, Portfolio: $724,518
  ✓ S2: Long WSM (-15.62%), Short CE (-3.29%)
      Combined: -9.45%, Portfolio: $628,373

218/223: 2025-03-07: Added=TKO, Removed=TFX
  Holding Period End Date: 2025-03-28
  ✓ S1: TKO 4.44%, Portfolio: $756,653
  ✓ S2: Long TKO (4.44%), Short TFX (1.49%)
      Combined: 2.96%, Portfolio: $646,982

219/223: 2025-03-07: Added=DASH, Removed=BWA
  Holding Period End Date: 2025-03-28
  ✓ S1: DASH 2.54%, Portfolio: $775,901
  ✓ S2: Long DASH (2.54%), Short BWA (5.75%)
      Combined: 4.15%, Portfolio: $673,801

220/223: 2025-05-12: Added=COIN, Removed=DFS
  Holding Period End Date: 2025-06-03
  ✓ S1: COIN 24.94%, Portfolio: $969,446
    YFinance output for DFS: 1 Failed download:
['DFS']: YFTzMissingError('possibly delisted; no timezone found')
    Warning: No data found for DFS
  ✗ S2: Insufficient data for COIN/DFS

221/223: 2025-07-02: Added=DDOG, Removed=JNPR
  Holding Period End Date: 2025-07-24
  ✓ S1: DDOG 8.55%, Portfolio: $1,052,381
  ✗ S2: Insufficient data for DDOG/JNPR

222/223: 2025-07-14: Added=TTD, Removed=ANSS
  Holding Period End Date: 2025-08-04
  ✓ S1: TTD 19.00%, Portfolio: $1,252,310
  ✓ S2: Long TTD (19.00%), Short ANSS (3.09%)
      Combined: 11.04%, Portfolio: $748,201

223/223: 2025-07-18: Added=XYZ, Removed=HES
  Holding Period End Date: 2025-08-08
  ✓ S1: XYZ 0.78%, Portfolio: $1,262,112
  ✗ S2: Insufficient data for XYZ/HES

============================================================
FINAL RESULTS
Strategy 1: 160 successful trades, Final: $1,262,112 (26.21%)
Strategy 2: 71 successful trades, Final: $748,201 (-25.18%)
Completed: 2025-08-23 21:10:26
