S&P 500 Index Update Trading Strategy Analysis
Holding Period: 5 trading days
Date Range: 2015-07-02 to 2025-07-18
Timestamp: 2025-08-23 19:39:35
============================================================

1/223: 2015-07-02: Added=KHC, Removed=KRFT
  Holding Period End Date: 2015-07-10
  ✓ S1: KHC 5.96%, Portfolio: $1,059,622
    YFinance output for KRFT: 1 Failed download:
['KRFT']: YFPricesMissingError('possibly delisted; no price data found  (1d 2015-07-02 00:00:00 -> 2015-07-13)')
    Warning: No data found for KRFT
  ✗ S2: Insufficient data for KHC/KRFT

2/223: 2015-07-06: Added=AAP, Removed=FDO
  Holding Period End Date: 2015-07-13
  ✓ S1: AAP 3.60%, Portfolio: $1,097,813
    YFinance output for FDO: 1 Failed download:
['FDO']: YFPricesMissingError('possibly delisted; no price data found  (1d 2015-07-06 00:00:00 -> 2015-07-14)')
    Warning: No data found for FDO
  ✗ S2: Insufficient data for AAP/FDO

3/223: 2015-07-14: Added=PYPL, Removed=NE
  Holding Period End Date: 2015-07-21
  ✓ S1: PYPL 6.55%, Portfolio: $1,169,752
    YFinance output for NE: 1 Failed download:
['NE']: YFPricesMissingError('possibly delisted; no price data found  (1d 2015-07-14 00:00:00 -> 2015-07-22) (Yahoo error = "Data doesn\'t exist for startDate = 1436846400, endDate = 1437537600")')
    Warning: No data found for NE
  ✗ S2: Insufficient data for PYPL/NE

4/223: 2015-07-24: Added=SIG, Removed=DTV
  Holding Period End Date: 2015-07-31
  ✓ S1: SIG 0.33%, Portfolio: $1,173,612
    YFinance output for DTV: 1 Failed download:
['DTV']: YFTzMissingError('possibly delisted; no timezone found')
    Warning: No data found for DTV
  ✗ S2: Insufficient data for SIG/DTV

5/223: 2015-08-27: Added=ATVI, Removed=PLL
  Holding Period End Date: 2015-09-03
    YFinance output for ATVI: 1 Failed download:
['ATVI']: YFTzMissingError('possibly delisted; no timezone found')
    Warning: No data found for ATVI
  ✗ S1: Insufficient data for ATVI
    YFinance output for ATVI: 1 Failed download:
['ATVI']: YFTzMissingError('possibly delisted; no timezone found')
    Warning: No data found for ATVI
    YFinance output for PLL: 1 Failed download:
['PLL']: YFPricesMissingError('possibly delisted; no price data found  (1d 2015-08-27 00:00:00 -> 2015-09-04) (Yahoo error = "Data doesn\'t exist for startDate = 1440648000, endDate = 1441339200")')
    Warning: No data found for PLL
  ✗ S2: Insufficient data for ATVI/PLL

6/223: 2015-08-27: Added=UAL, Removed=HSP
  Holding Period End Date: 2015-09-03
  ✓ S1: UAL 7.29%, Portfolio: $1,259,169
    YFinance output for HSP: 1 Failed download:
['HSP']: YFPricesMissingError('possibly delisted; no price data found  (1d 2015-08-27 00:00:00 -> 2015-09-04)')
    Warning: No data found for HSP
  ✗ S2: Insufficient data for UAL/HSP

7/223: 2015-09-30: Added=VRSK, Removed=JOY
  Holding Period End Date: 2015-10-07
  ✓ S1: VRSK 9.51%, Portfolio: $1,378,936
    YFinance output for JOY: 1 Failed download:
['JOY']: YFPricesMissingError('possibly delisted; no price data found  (1d 2015-09-30 00:00:00 -> 2015-10-08)')
    Warning: No data found for JOY
  ✗ S2: Insufficient data for VRSK/JOY

8/223: 2015-10-27: Added=HPE, Removed=HCBK
  Holding Period End Date: 2015-11-03
  ✓ S1: HPE -8.71%, Portfolio: $1,258,838
    YFinance output for HCBK: 1 Failed download:
['HCBK']: YFPricesMissingError('possibly delisted; no price data found  (1d 2015-10-27 00:00:00 -> 2015-11-04)')
    Warning: No data found for HCBK
  ✗ S2: Insufficient data for HPE/HCBK

9/223: 2015-11-09: Added=SYF, Removed=GNW
  Holding Period End Date: 2015-11-16
  ✓ S1: SYF -6.86%, Portfolio: $1,172,516
  ✓ S2: Long SYF (-6.86%), Short GNW (-1.86%)
      Combined: -4.36%, Portfolio: $956,416

10/223: 2015-11-12: Added=ILMN, Removed=SIAL
  Holding Period End Date: 2015-11-19
  ✓ S1: ILMN 11.83%, Portfolio: $1,311,204
    YFinance output for SIAL: 1 Failed download:
['SIAL']: YFPricesMissingError('possibly delisted; no price data found  (1d 2015-11-12 00:00:00 -> 2015-11-20)')
    Warning: No data found for SIAL
  ✗ S2: Insufficient data for ILMN/SIAL

11/223: 2015-11-23: Added=CSRA, Removed=CSC
  Holding Period End Date: 2015-12-01
  ✓ S1: CSRA -5.79%, Portfolio: $1,235,239
  ✓ S2: Long CSRA (-5.79%), Short CSC (0.00%)
      Combined: -2.90%, Portfolio: $928,711

12/223: 2015-12-15: Added=nan, Removed=CMCSK
  Holding Period End Date: 2015-12-22

13/223: 2015-12-22: Added=CHD, Removed=ALTR
  Holding Period End Date: 2015-12-30
  ✓ S1: CHD 0.94%, Portfolio: $1,246,820
    YFinance output for ALTR: 1 Failed download:
['ALTR']: YFTzMissingError('possibly delisted; no timezone found')
    Warning: No data found for ALTR
  ✗ S2: Insufficient data for CHD/ALTR

14/223: 2015-12-28: Added=WLTW, Removed=FOSL
  Holding Period End Date: 2016-01-05
    YFinance output for WLTW: 1 Failed download:
['WLTW']: YFTzMissingError('possibly delisted; no timezone found')
    Warning: No data found for WLTW
  ✗ S1: Insufficient data for WLTW
    YFinance output for WLTW: 1 Failed download:
['WLTW']: YFTzMissingError('possibly delisted; no timezone found')
    Warning: No data found for WLTW
  ✗ S2: Insufficient data for WLTW/FOSL

15/223: 2016-01-13: Added=EXR, Removed=ACE
  Holding Period End Date: 2016-01-21
  ✓ S1: EXR -5.39%, Portfolio: $1,179,571
    YFinance output for ACE: 1 Failed download:
['ACE']: YFPricesMissingError('possibly delisted; no price data found  (1d 2016-01-13 00:00:00 -> 2016-01-22) (Yahoo error = "Data doesn\'t exist for startDate = 1452661200, endDate = 1453438800")')
    Warning: No data found for ACE
  ✗ S2: Insufficient data for EXR/ACE

16/223: 2016-01-22: Added=FRT, Removed=BRCM
  Holding Period End Date: 2016-01-29
  ✓ S1: FRT 0.36%, Portfolio: $1,183,810
    YFinance output for BRCM: 1 Failed download:
['BRCM']: YFPricesMissingError('possibly delisted; no price data found  (1d 2016-01-22 00:00:00 -> 2016-02-01)')
    Warning: No data found for BRCM
  ✗ S2: Insufficient data for FRT/BRCM

17/223: 2016-01-26: Added=CFG, Removed=PCP
  Holding Period End Date: 2016-02-02
  ✓ S1: CFG 0.09%, Portfolio: $1,184,844
    YFinance output for PCP: 1 Failed download:
['PCP']: YFPricesMissingError('possibly delisted; no price data found  (1d 2016-01-26 00:00:00 -> 2016-02-03) (Yahoo error = "Data doesn\'t exist for startDate = 1453784400, endDate = 1454475600")')
    Warning: No data found for PCP
  ✗ S2: Insufficient data for CFG/PCP

18/223: 2016-02-16: Added=CXO, Removed=PCL
  Holding Period End Date: 2016-02-23
    YFinance output for CXO: 1 Failed download:
['CXO']: YFTzMissingError('possibly delisted; no timezone found')
    Warning: No data found for CXO
  ✗ S1: Insufficient data for CXO
    YFinance output for CXO: 1 Failed download:
['CXO']: YFTzMissingError('possibly delisted; no timezone found')
    Warning: No data found for CXO
    YFinance output for PCL: 1 Failed download:
['PCL']: YFPricesMissingError('possibly delisted; no price data found  (1d 2016-02-16 00:00:00 -> 2016-02-24) (Yahoo error = "Data doesn\'t exist for startDate = 1455598800, endDate = 1456290000")')
    Warning: No data found for PCL
  ✗ S2: Insufficient data for CXO/PCL

19/223: 2016-03-01: Added=AWK, Removed=CNX
  Holding Period End Date: 2016-03-08
  ✓ S1: AWK 4.70%, Portfolio: $1,240,548
  ✓ S2: Long AWK (4.70%), Short CNX (-13.48%)
      Combined: -4.39%, Portfolio: $887,947

20/223: 2016-03-04: Added=UDR, Removed=GMCR
  Holding Period End Date: 2016-03-11
  ✓ S1: UDR 4.78%, Portfolio: $1,299,791
    YFinance output for GMCR: 1 Failed download:
['GMCR']: YFPricesMissingError('possibly delisted; no price data found  (1d 2016-03-04 00:00:00 -> 2016-03-14)')
    Warning: No data found for GMCR
  ✗ S2: Insufficient data for UDR/GMCR

21/223: 2016-03-24: Added=CNC, Removed=ESV
  Holding Period End Date: 2016-04-01
  ✓ S1: CNC -3.09%, Portfolio: $1,259,632
    YFinance output for ESV: 1 Failed download:
['ESV']: YFTzMissingError('possibly delisted; no timezone found')
    Warning: No data found for ESV
  ✗ S2: Insufficient data for CNC/ESV

22/223: 2016-03-24: Added=HOLX, Removed=POM
  Holding Period End Date: 2016-04-01
  ✓ S1: HOLX 0.73%, Portfolio: $1,268,799
    YFinance output for POM: 1 Failed download:
['POM']: YFPricesMissingError('possibly delisted; no price data found  (1d 2016-03-24 00:00:00 -> 2016-04-04)')
    Warning: No data found for POM
  ✗ S2: Insufficient data for HOLX/POM

23/223: 2016-03-28: Added=FL, Removed=CAM
  Holding Period End Date: 2016-04-04
  ✓ S1: FL -2.59%, Portfolio: $1,235,911
    YFinance output for CAM: 1 Failed download:
['CAM']: YFPricesMissingError('possibly delisted; no price data found  (1d 2016-03-28 00:00:00 -> 2016-04-05)')
    Warning: No data found for CAM
  ✗ S2: Insufficient data for FL/CAM

24/223: 2016-04-07: Added=ULTA, Removed=THC
  Holding Period End Date: 2016-04-14
  ✓ S1: ULTA 5.95%, Portfolio: $1,309,447
  ✓ S2: Long ULTA (5.95%), Short THC (-11.48%)
      Combined: -2.77%, Portfolio: $863,395

25/223: 2016-04-19: Added=GPN, Removed=GME
  Holding Period End Date: 2016-04-26
  ✓ S1: GPN -4.45%, Portfolio: $1,251,155
  ✓ S2: Long GPN (-4.45%), Short GME (-2.61%)
      Combined: -3.53%, Portfolio: $832,905

26/223: 2016-04-26: Added=AYI, Removed=ADT
  Holding Period End Date: 2016-05-03
  ✓ S1: AYI -5.53%, Portfolio: $1,181,982
    YFinance output for ADT: 1 Failed download:
['ADT']: YFPricesMissingError('possibly delisted; no price data found  (1d 2016-04-26 00:00:00 -> 2016-05-04) (Yahoo error = "Data doesn\'t exist for startDate = 1461643200, endDate = 1462334400")')
    Warning: No data found for ADT
  ✗ S2: Insufficient data for AYI/ADT

27/223: 2016-05-10: Added=ALK, Removed=SNDK
  Holding Period End Date: 2016-05-17
  ✓ S1: ALK -5.61%, Portfolio: $1,115,663
    YFinance output for SNDK: 1 Failed download:
['SNDK']: YFPricesMissingError('possibly delisted; no price data found  (1d 2016-05-10 00:00:00 -> 2016-05-18) (Yahoo error = "Data doesn\'t exist for startDate = 1462852800, endDate = 1463544000")')
    Warning: No data found for SNDK
  ✗ S2: Insufficient data for ALK/SNDK

28/223: 2016-05-13: Added=DLR, Removed=TWC
  Holding Period End Date: 2016-05-20
  ✓ S1: DLR -0.69%, Portfolio: $1,107,980
    YFinance output for TWC: 1 Failed download:
['TWC']: YFPricesMissingError('possibly delisted; no price data found  (1d 2016-05-13 00:00:00 -> 2016-05-23)')
    Warning: No data found for TWC
  ✗ S2: Insufficient data for DLR/TWC

29/223: 2016-05-18: Added=LKQ, Removed=ARG
  Holding Period End Date: 2016-05-25
  ✓ S1: LKQ 2.94%, Portfolio: $1,140,537
    YFinance output for ARG: 1 Failed download:
['ARG']: YFPricesMissingError('possibly delisted; no price data found  (1d 2016-05-18 00:00:00 -> 2016-05-26) (Yahoo error = "Data doesn\'t exist for startDate = 1463544000, endDate = 1464235200")')
    Warning: No data found for ARG
  ✗ S2: Insufficient data for LKQ/ARG

30/223: 2016-05-24: Added=AJG, Removed=CCE
  Holding Period End Date: 2016-06-01
  ✓ S1: AJG 0.31%, Portfolio: $1,144,083
    YFinance output for CCE: 1 Failed download:
['CCE']: YFPricesMissingError('possibly delisted; no price data found  (1d 2016-05-24 00:00:00 -> 2016-06-02)')
    Warning: No data found for CCE
  ✗ S2: Insufficient data for AJG/CCE

31/223: 2016-05-27: Added=TDG, Removed=BXLT
  Holding Period End Date: 2016-06-06
  ✓ S1: TDG 3.64%, Portfolio: $1,185,784
    YFinance output for BXLT: 1 Failed download:
['BXLT']: YFPricesMissingError('possibly delisted; no price data found  (1d 2016-05-27 00:00:00 -> 2016-06-07)')
    Warning: No data found for BXLT
  ✗ S2: Insufficient data for TDG/BXLT

32/223: 2016-06-21: Added=FBHS, Removed=CVC
  Holding Period End Date: 2016-06-28
    YFinance output for FBHS: 1 Failed download:
['FBHS']: YFTzMissingError('possibly delisted; no timezone found')
    Warning: No data found for FBHS
  ✗ S1: Insufficient data for FBHS
    YFinance output for FBHS: 1 Failed download:
['FBHS']: YFTzMissingError('possibly delisted; no timezone found')
    Warning: No data found for FBHS
    YFinance output for CVC: 1 Failed download:
['CVC']: YFPricesMissingError('possibly delisted; no price data found  (1d 2016-06-21 00:00:00 -> 2016-06-29)')
    Warning: No data found for CVC
  ✗ S2: Insufficient data for FBHS/CVC

33/223: 2016-06-23: Added=FTV, Removed=CPGX
  Holding Period End Date: 2016-06-30
    YFinance output for FTV: 1 Failed download:
['FTV']: YFPricesMissingError('possibly delisted; no price data found  (1d 2016-06-23 00:00:00 -> 2016-07-01) (Yahoo error = "Data doesn\'t exist for startDate = 1466654400, endDate = 1467345600")')
    Warning: No data found for FTV
  ✗ S1: Insufficient data for FTV
    YFinance output for FTV: 1 Failed download:
['FTV']: YFPricesMissingError('possibly delisted; no price data found  (1d 2016-06-23 00:00:00 -> 2016-07-01) (Yahoo error = "Data doesn\'t exist for startDate = 1466654400, endDate = 1467345600")')
    Warning: No data found for FTV
    YFinance output for CPGX: 1 Failed download:
['CPGX']: YFPricesMissingError('possibly delisted; no price data found  (1d 2016-06-23 00:00:00 -> 2016-07-01)')
    Warning: No data found for CPGX
  ✗ S2: Insufficient data for FTV/CPGX

34/223: 2016-06-23: Added=ALB, Removed=TE
  Holding Period End Date: 2016-06-30
  ✓ S1: ALB -6.03%, Portfolio: $1,114,271
    YFinance output for TE: 1 Failed download:
['TE']: YFPricesMissingError('possibly delisted; no price data found  (1d 2016-06-23 00:00:00 -> 2016-07-01) (Yahoo error = "Data doesn\'t exist for startDate = 1466654400, endDate = 1467345600")')
    Warning: No data found for TE
  ✗ S2: Insufficient data for ALB/TE

35/223: 2016-06-29: Added=LNT, Removed=GAS
  Holding Period End Date: 2016-07-07
  ✓ S1: LNT 0.08%, Portfolio: $1,115,111
  ✓ S2: Long LNT (0.08%), Short GAS (-7.46%)
      Combined: -3.69%, Portfolio: $802,141

36/223: 2016-08-25: Added=MTD, Removed=TYC
  Holding Period End Date: 2016-09-01
  ✓ S1: MTD -0.07%, Portfolio: $1,114,285
    YFinance output for TYC: 1 Failed download:
['TYC']: YFPricesMissingError('possibly delisted; no price data found  (1d 2016-08-25 00:00:00 -> 2016-09-02)')
    Warning: No data found for TYC
  ✗ S2: Insufficient data for MTD/TYC

37/223: 2016-08-31: Added=CHTR, Removed=EMC
  Holding Period End Date: 2016-09-08
  ✓ S1: CHTR 4.45%, Portfolio: $1,163,888
    YFinance output for EMC: 1 Failed download:
['EMC']: YFPricesMissingError('possibly delisted; no price data found  (1d 2016-08-31 00:00:00 -> 2016-09-09) (Yahoo error = "Data doesn\'t exist for startDate = 1472616000, endDate = 1473393600")')
    Warning: No data found for EMC
  ✗ S2: Insufficient data for CHTR/EMC

38/223: 2016-09-10: Added=COO, Removed=HOT
  Holding Period End Date: 2016-09-19
  ✓ S1: COO 0.93%, Portfolio: $1,174,671
  ✓ S2: Long COO (0.93%), Short HOT (0.53%)
      Combined: 0.73%, Portfolio: $807,993

39/223: 2016-09-27: Added=COTY, Removed=DO
  Holding Period End Date: 2016-10-04
  ✓ S1: COTY 2.26%, Portfolio: $1,201,220
    YFinance output for DO: 1 Failed download:
['DO']: YFTzMissingError('possibly delisted; no timezone found')
    Warning: No data found for DO
  ✗ S2: Insufficient data for COTY/DO

40/223: 2016-11-29: Added=MAA, Removed=OI
  Holding Period End Date: 2016-12-06
  ✓ S1: MAA -5.67%, Portfolio: $1,133,099
  ✓ S2: Long MAA (-5.67%), Short OI (-1.63%)
      Combined: -3.65%, Portfolio: $778,495

41/223: 2016-11-29: Added=EVHC, Removed=LM
  Holding Period End Date: 2016-12-06
  ✓ S1: EVHC 6.41%, Portfolio: $1,205,746
    YFinance output for LM: 1 Failed download:
['LM']: YFTzMissingError('possibly delisted; no timezone found')
    Warning: No data found for LM
  ✗ S2: Insufficient data for EVHC/LM

42/223: 2017-01-03: Added=IDXX, Removed=STJ
  Holding Period End Date: 2017-01-10
  ✓ S1: IDXX 2.64%, Portfolio: $1,237,633
    YFinance output for STJ: 1 Failed download:
['STJ']: YFPricesMissingError('possibly delisted; no price data found  (1d 2017-01-03 00:00:00 -> 2017-01-11)')
    Warning: No data found for STJ
  ✗ S2: Insufficient data for IDXX/STJ

43/223: 2017-02-23: Added=INCY, Removed=SE
  Holding Period End Date: 2017-03-02
  ✓ S1: INCY 8.90%, Portfolio: $1,347,746
    YFinance output for SE: 1 Failed download:
['SE']: YFPricesMissingError('possibly delisted; no price data found  (1d 2017-02-23 00:00:00 -> 2017-03-03) (Yahoo error = "Data doesn\'t exist for startDate = 1487826000, endDate = 1488517200")')
    Warning: No data found for SE
  ✗ S2: Insufficient data for INCY/SE

44/223: 2017-02-23: Added=CBOE, Removed=PBI
  Holding Period End Date: 2017-03-02
  ✓ S1: CBOE -2.19%, Portfolio: $1,318,216
  ✓ S2: Long CBOE (-2.19%), Short PBI (3.29%)
      Combined: 0.55%, Portfolio: $782,776

45/223: 2017-02-23: Added=REG, Removed=ENDP
  Holding Period End Date: 2017-03-02
  ✓ S1: REG -2.57%, Portfolio: $1,284,400
    YFinance output for ENDP: 1 Failed download:
['ENDP']: YFTzMissingError('possibly delisted; no timezone found')
    Warning: No data found for ENDP
  ✗ S2: Insufficient data for REG/ENDP

46/223: 2017-03-06: Added=DISH, Removed=LLTC
  Holding Period End Date: 2017-03-13
    YFinance output for DISH: 1 Failed download:
['DISH']: YFTzMissingError('possibly delisted; no timezone found')
    Warning: No data found for DISH
  ✗ S1: Insufficient data for DISH
    YFinance output for DISH: 1 Failed download:
['DISH']: YFTzMissingError('possibly delisted; no timezone found')
    Warning: No data found for DISH
    YFinance output for LLTC: 1 Failed download:
['LLTC']: YFPricesMissingError('possibly delisted; no price data found  (1d 2017-03-06 00:00:00 -> 2017-03-14)')
    Warning: No data found for LLTC
  ✗ S2: Insufficient data for DISH/LLTC

47/223: 2017-03-10: Added=ARE, Removed=FSLR
  Holding Period End Date: 2017-03-17
  ✓ S1: ARE 1.34%, Portfolio: $1,301,634
  ✓ S2: Long ARE (1.34%), Short FSLR (1.79%)
      Combined: 1.57%, Portfolio: $795,037

48/223: 2017-03-10: Added=RJF, Removed=FTR
  Holding Period End Date: 2017-03-17
  ✓ S1: RJF -1.77%, Portfolio: $1,278,654
    YFinance output for FTR: 1 Failed download:
['FTR']: YFTzMissingError('possibly delisted; no timezone found')
    Warning: No data found for FTR
  ✗ S2: Insufficient data for RJF/FTR

49/223: 2017-03-10: Added=AMD, Removed=URBN
  Holding Period End Date: 2017-03-17
  ✓ S1: AMD -3.02%, Portfolio: $1,240,047
  ✓ S2: Long AMD (-3.02%), Short URBN (6.61%)
      Combined: 1.79%, Portfolio: $809,299

50/223: 2017-03-13: Added=SNPS, Removed=HAR
  Holding Period End Date: 2017-03-20
  ✓ S1: SNPS -0.79%, Portfolio: $1,230,242
  ✓ S2: Long SNPS (-0.79%), Short HAR (-5.43%)
      Combined: -3.11%, Portfolio: $784,133

51/223: 2017-03-28: Added=DXC, Removed=SWN
  Holding Period End Date: 2017-04-04
  ✓ S1: DXC 0.48%, Portfolio: $1,236,120
    YFinance output for SWN: 1 Failed download:
['SWN']: YFTzMissingError('possibly delisted; no timezone found')
    Warning: No data found for SWN
  ✗ S2: Insufficient data for DXC/SWN

52/223: 2017-03-29: Added=IT, Removed=DNB
  Holding Period End Date: 2017-04-05
  ✓ S1: IT 0.58%, Portfolio: $1,243,290
    YFinance output for DNB: 1 Failed download:
['DNB']: YFPricesMissingError('possibly delisted; no price data found  (1d 2017-03-29 00:00:00 -> 2017-04-06) (Yahoo error = "Data doesn\'t exist for startDate = 1490760000, endDate = 1491451200")')
    Warning: No data found for DNB
  ✗ S2: Insufficient data for IT/DNB

53/223: 2017-05-24: Added=INFO, Removed=TGNA
  Holding Period End Date: 2017-06-01
    YFinance output for INFO: 1 Failed download:
['INFO']: YFPricesMissingError('possibly delisted; no price data found  (1d 2017-05-24 00:00:00 -> 2017-06-02) (Yahoo error = "Data doesn\'t exist for startDate = 1495598400, endDate = 1496376000")')
    Warning: No data found for INFO
  ✗ S1: Insufficient data for INFO
    YFinance output for INFO: 1 Failed download:
['INFO']: YFPricesMissingError('possibly delisted; no price data found  (1d 2017-05-24 00:00:00 -> 2017-06-02) (Yahoo error = "Data doesn\'t exist for startDate = 1495598400, endDate = 1496376000")')
    Warning: No data found for INFO
  ✗ S2: Insufficient data for INFO/TGNA

54/223: 2017-06-09: Added=ANSS, Removed=R
  Holding Period End Date: 2017-06-16
  ✓ S1: ANSS -2.22%, Portfolio: $1,215,633
  ✓ S2: Long ANSS (-2.22%), Short R (-2.55%)
      Combined: -2.39%, Portfolio: $765,427

55/223: 2017-06-09: Added=ALGN, Removed=TDC
  Holding Period End Date: 2017-06-16
  ✓ S1: ALGN -2.41%, Portfolio: $1,186,314
  ✓ S2: Long ALGN (-2.41%), Short TDC (-1.31%)
      Combined: -1.86%, Portfolio: $751,193

56/223: 2017-06-09: Added=HLT, Removed=YHOO
  Holding Period End Date: 2017-06-16
  ✓ S1: HLT 2.56%, Portfolio: $1,216,728
    YFinance output for YHOO: 1 Failed download:
['YHOO']: YFTzMissingError('possibly delisted; no timezone found')
    Warning: No data found for YHOO
  ✗ S2: Insufficient data for HLT/YHOO

57/223: 2017-06-12: Added=RE, Removed=MJN
  Holding Period End Date: 2017-06-19
    YFinance output for RE: 1 Failed download:
['RE']: YFTzMissingError('possibly delisted; no timezone found')
    Warning: No data found for RE
  ✗ S1: Insufficient data for RE
    YFinance output for RE: 1 Failed download:
['RE']: YFTzMissingError('possibly delisted; no timezone found')
    Warning: No data found for RE
    YFinance output for MJN: 1 Failed download:
['MJN']: YFPricesMissingError('possibly delisted; no price data found  (1d 2017-06-12 00:00:00 -> 2017-06-20)')
    Warning: No data found for MJN
  ✗ S2: Insufficient data for RE/MJN

58/223: 2017-06-30: Added=BKR, Removed=BHI
  Holding Period End Date: 2017-07-10
  ✓ S1: BKR -1.95%, Portfolio: $1,192,959
    YFinance output for BHI: 1 Failed download:
['BHI']: YFPricesMissingError('possibly delisted; no price data found  (1d 2017-06-30 00:00:00 -> 2017-07-11) (Yahoo error = "Data doesn\'t exist for startDate = 1498795200, endDate = 1499745600")')
    Warning: No data found for BHI
  ✗ S2: Insufficient data for BKR/BHI

59/223: 2017-07-19: Added=MGM, Removed=RAI
  Holding Period End Date: 2017-07-26
  ✓ S1: MGM 3.29%, Portfolio: $1,232,251
    YFinance output for RAI: 1 Failed download:
['RAI']: YFPricesMissingError('possibly delisted; no price data found  (1d 2017-07-19 00:00:00 -> 2017-07-27)')
    Warning: No data found for RAI
  ✗ S2: Insufficient data for MGM/RAI

60/223: 2017-07-19: Added=RMD, Removed=MNK
  Holding Period End Date: 2017-07-26
  ✓ S1: RMD -0.51%, Portfolio: $1,225,937
    YFinance output for MNK: 1 Failed download:
['MNK']: YFTzMissingError('possibly delisted; no timezone found')
    Warning: No data found for MNK
  ✗ S2: Insufficient data for RMD/MNK

61/223: 2017-07-19: Added=PKG, Removed=MUR
  Holding Period End Date: 2017-07-26
  ✓ S1: PKG -3.10%, Portfolio: $1,187,941
  ✓ S2: Long PKG (-3.10%), Short MUR (2.97%)
      Combined: -0.06%, Portfolio: $750,716

62/223: 2017-07-19: Added=AOS, Removed=BBBY
  Holding Period End Date: 2017-07-26
  ✓ S1: AOS -5.89%, Portfolio: $1,118,001
    YFinance output for BBBY: 1 Failed download:
['BBBY']: YFTzMissingError('possibly delisted; no timezone found')
    Warning: No data found for BBBY
  ✗ S2: Insufficient data for AOS/BBBY

63/223: 2017-07-19: Added=DRE, Removed=RIG
  Holding Period End Date: 2017-07-26
    YFinance output for DRE: 1 Failed download:
['DRE']: YFTzMissingError('possibly delisted; no timezone found')
    Warning: No data found for DRE
  ✗ S1: Insufficient data for DRE
    YFinance output for DRE: 1 Failed download:
['DRE']: YFTzMissingError('possibly delisted; no timezone found')
    Warning: No data found for DRE
  ✗ S2: Insufficient data for DRE/RIG

64/223: 2017-07-31: Added=BHF, Removed=AN
  Holding Period End Date: 2017-08-07
  ✓ S1: BHF -6.48%, Portfolio: $1,045,500
  ✓ S2: Long BHF (-6.48%), Short AN (5.06%)
      Combined: -0.71%, Portfolio: $745,356

65/223: 2017-08-24: Added=Q, Removed=WFM
  Holding Period End Date: 2017-08-31
    YFinance output for Q: 1 Failed download:
['Q']: YFPricesMissingError('possibly delisted; no price data found  (1d 2017-08-24 00:00:00 -> 2017-09-01)')
    Warning: No data found for Q
  ✗ S1: Insufficient data for Q
    YFinance output for Q: 1 Failed download:
['Q']: YFPricesMissingError('possibly delisted; no price data found  (1d 2017-08-24 00:00:00 -> 2017-09-01)')
    Warning: No data found for Q
    YFinance output for WFM: 1 Failed download:
['WFM']: YFPricesMissingError('possibly delisted; no price data found  (1d 2017-08-24 00:00:00 -> 2017-09-01)')
    Warning: No data found for WFM
  ✗ S2: Insufficient data for Q/WFM

66/223: 2017-08-24: Added=SBAC, Removed=DD
  Holding Period End Date: 2017-08-31
  ✓ S1: SBAC 3.69%, Portfolio: $1,084,121
  ✓ S2: Long SBAC (3.69%), Short DD (-3.45%)
      Combined: 0.12%, Portfolio: $746,262

67/223: 2017-08-24: Added=DWDP, Removed=DOW
  Holding Period End Date: 2017-08-31
    YFinance output for DWDP: 1 Failed download:
['DWDP']: YFTzMissingError('possibly delisted; no timezone found')
    Warning: No data found for DWDP
  ✗ S1: Insufficient data for DWDP
    YFinance output for DWDP: 1 Failed download:
['DWDP']: YFTzMissingError('possibly delisted; no timezone found')
    Warning: No data found for DWDP
    YFinance output for DOW: 1 Failed download:
['DOW']: YFPricesMissingError('possibly delisted; no price data found  (1d 2017-08-24 00:00:00 -> 2017-09-01) (Yahoo error = "Data doesn\'t exist for startDate = 1503547200, endDate = 1504238400")')
    Warning: No data found for DOW
  ✗ S2: Insufficient data for DWDP/DOW

68/223: 2017-08-24: Added=CDNS, Removed=SPLS
  Holding Period End Date: 2017-08-31
  ✓ S1: CDNS 5.68%, Portfolio: $1,145,646
    YFinance output for SPLS: 1 Failed download:
['SPLS']: YFPricesMissingError('possibly delisted; no price data found  (1d 2017-08-24 00:00:00 -> 2017-09-01)')
    Warning: No data found for SPLS
  ✗ S2: Insufficient data for CDNS/SPLS

69/223: 2017-10-04: Added=NCLH, Removed=LVLT
  Holding Period End Date: 2017-10-11
  ✓ S1: NCLH 5.04%, Portfolio: $1,203,358
    YFinance output for LVLT: 1 Failed download:
['LVLT']: YFPricesMissingError('possibly delisted; no price data found  (1d 2017-10-04 00:00:00 -> 2017-10-12)')
    Warning: No data found for LVLT
  ✗ S2: Insufficient data for NCLH/LVLT

70/223: 2017-12-28: Added=HII, Removed=BCR
  Holding Period End Date: 2018-01-05
  ✓ S1: HII -2.38%, Portfolio: $1,174,712
    YFinance output for BCR: 1 Failed download:
['BCR']: YFPricesMissingError('possibly delisted; no price data found  (1d 2017-12-28 00:00:00 -> 2018-01-08)')
    Warning: No data found for BCR
  ✗ S2: Insufficient data for HII/BCR

71/223: 2018-03-02: Added=IPGP, Removed=SNI
  Holding Period End Date: 2018-03-09
  ✓ S1: IPGP 1.83%, Portfolio: $1,196,210
    YFinance output for SNI: 1 Failed download:
['SNI']: YFPricesMissingError('possibly delisted; no price data found  (1d 2018-03-02 00:00:00 -> 2018-03-12)')
    Warning: No data found for SNI
  ✗ S2: Insufficient data for IPGP/SNI

72/223: 2018-03-09: Added=TTWO, Removed=SIG
  Holding Period End Date: 2018-03-16
  ✓ S1: TTWO -7.99%, Portfolio: $1,100,604
  ✓ S2: Long TTWO (-7.99%), Short SIG (26.42%)
      Combined: 9.21%, Portfolio: $815,028

73/223: 2018-03-09: Added=NKTR, Removed=CHK
  Holding Period End Date: 2018-03-16
  ✓ S1: NKTR -4.93%, Portfolio: $1,046,356
    YFinance output for CHK: 1 Failed download:
['CHK']: YFTzMissingError('possibly delisted; no timezone found')
    Warning: No data found for CHK
  ✗ S2: Insufficient data for NKTR/CHK

74/223: 2018-03-09: Added=SIVB, Removed=PDCO
  Holding Period End Date: 2018-03-16
    YFinance output for SIVB: 1 Failed download:
['SIVB']: YFTzMissingError('possibly delisted; no timezone found')
    Warning: No data found for SIVB
  ✗ S1: Insufficient data for SIVB
    YFinance output for SIVB: 1 Failed download:
['SIVB']: YFTzMissingError('possibly delisted; no timezone found')
    Warning: No data found for SIVB
    YFinance output for PDCO: 1 Failed download:
['PDCO']: YFTzMissingError('possibly delisted; no timezone found')
    Warning: No data found for PDCO
  ✗ S2: Insufficient data for SIVB/PDCO

75/223: 2018-03-28: Added=MSCI, Removed=CSRA
  Holding Period End Date: 2018-04-05
  ✓ S1: MSCI -2.68%, Portfolio: $1,018,277
  ✓ S2: Long MSCI (-2.68%), Short CSRA (0.00%)
      Combined: -1.34%, Portfolio: $804,093

76/223: 2018-05-25: Added=ABMD, Removed=WYN
  Holding Period End Date: 2018-06-04
    YFinance output for ABMD: 1 Failed download:
['ABMD']: YFTzMissingError('possibly delisted; no timezone found')
    Warning: No data found for ABMD
  ✗ S1: Insufficient data for ABMD
    YFinance output for ABMD: 1 Failed download:
['ABMD']: YFTzMissingError('possibly delisted; no timezone found')
    Warning: No data found for ABMD
    YFinance output for WYN: 1 Failed download:
['WYN']: YFPricesMissingError('possibly delisted; no price data found  (1d 2018-05-25 00:00:00 -> 2018-06-05)')
    Warning: No data found for WYN
  ✗ S2: Insufficient data for ABMD/WYN

77/223: 2018-05-31: Added=EVRG, Removed=NAVI
  Holding Period End Date: 2018-06-07
  ✓ S1: EVRG -8.41%, Portfolio: $932,612
  ✓ S2: Long EVRG (-8.41%), Short NAVI (-7.19%)
      Combined: -7.80%, Portfolio: $741,359

78/223: 2018-06-04: Added=TWTR, Removed=MON
  Holding Period End Date: 2018-06-11
    YFinance output for TWTR: 1 Failed download:
['TWTR']: YFTzMissingError('possibly delisted; no timezone found')
    Warning: No data found for TWTR
  ✗ S1: Insufficient data for TWTR
    YFinance output for TWTR: 1 Failed download:
['TWTR']: YFTzMissingError('possibly delisted; no timezone found')
    Warning: No data found for TWTR
    YFinance output for MON: 1 Failed download:
['MON']: YFTzMissingError('possibly delisted; no timezone found')
    Warning: No data found for MON
  ✗ S2: Insufficient data for TWTR/MON

79/223: 2018-06-08: Added=HFC, Removed=AYI
  Holding Period End Date: 2018-06-15
    YFinance output for HFC: 1 Failed download:
['HFC']: YFTzMissingError('possibly delisted; no timezone found')
    Warning: No data found for HFC
  ✗ S1: Insufficient data for HFC
    YFinance output for HFC: 1 Failed download:
['HFC']: YFTzMissingError('possibly delisted; no timezone found')
    Warning: No data found for HFC
  ✗ S2: Insufficient data for HFC/AYI

80/223: 2018-06-08: Added=BR, Removed=RRC
  Holding Period End Date: 2018-06-15
  ✓ S1: BR -3.90%, Portfolio: $896,228
  ✓ S2: Long BR (-3.90%), Short RRC (0.38%)
      Combined: -1.76%, Portfolio: $728,305

81/223: 2018-06-15: Added=FLT, Removed=TWX
  Holding Period End Date: 2018-06-22
    YFinance output for FLT: 1 Failed download:
['FLT']: YFTzMissingError('possibly delisted; no timezone found')
    Warning: No data found for FLT
  ✗ S1: Insufficient data for FLT
    YFinance output for FLT: 1 Failed download:
['FLT']: YFTzMissingError('possibly delisted; no timezone found')
    Warning: No data found for FLT
  ✗ S2: Insufficient data for FLT/TWX

82/223: 2018-06-25: Added=CPRT, Removed=DPS
  Holding Period End Date: 2018-07-02
  ✓ S1: CPRT -2.50%, Portfolio: $873,784
    YFinance output for DPS: 1 Failed download:
['DPS']: YFPricesMissingError('possibly delisted; no price data found  (1d 2018-06-25 00:00:00 -> 2018-07-03)')
    Warning: No data found for DPS
  ✗ S2: Insufficient data for CPRT/DPS

83/223: 2018-08-23: Added=ANET, Removed=GGP
  Holding Period End Date: 2018-08-30
  ✓ S1: ANET 5.40%, Portfolio: $920,965
    YFinance output for GGP: 1 Failed download:
['GGP']: YFPricesMissingError('possibly delisted; no price data found  (1d 2018-08-23 00:00:00 -> 2018-08-31)')
    Warning: No data found for GGP
  ✗ S2: Insufficient data for ANET/GGP

84/223: 2018-09-11: Added=WCG, Removed=XL
  Holding Period End Date: 2018-09-18
    YFinance output for WCG: 1 Failed download:
['WCG']: YFTzMissingError('possibly delisted; no timezone found')
    Warning: No data found for WCG
  ✗ S1: Insufficient data for WCG
    YFinance output for WCG: 1 Failed download:
['WCG']: YFTzMissingError('possibly delisted; no timezone found')
    Warning: No data found for WCG
    YFinance output for XL: 1 Failed download:
['XL']: YFTzMissingError('possibly delisted; no timezone found')
    Warning: No data found for XL
  ✗ S2: Insufficient data for WCG/XL

85/223: 2018-09-25: Added=ROL, Removed=ANDV
  Holding Period End Date: 2018-10-02
  ✓ S1: ROL -4.85%, Portfolio: $876,303
  ✓ S2: Long ROL (-4.85%), Short ANDV (2.47%)
      Combined: -1.19%, Portfolio: $719,637

86/223: 2018-10-04: Added=FTNT, Removed=EVHC
  Holding Period End Date: 2018-10-11
  ✓ S1: FTNT -13.63%, Portfolio: $756,865
  ✓ S2: Long FTNT (-13.63%), Short EVHC (-0.13%)
      Combined: -6.88%, Portfolio: $670,125

87/223: 2018-10-30: Added=KEYS, Removed=CA
  Holding Period End Date: 2018-11-06
  ✓ S1: KEYS 2.75%, Portfolio: $777,664
    YFinance output for CA: 1 Failed download:
['CA']: YFPricesMissingError('possibly delisted; no price data found  (1d 2018-10-30 00:00:00 -> 2018-11-07) (Yahoo error = "Data doesn\'t exist for startDate = 1540872000, endDate = 1541566800")')
    Warning: No data found for CA
  ✗ S2: Insufficient data for KEYS/CA

88/223: 2018-11-07: Added=JKHY, Removed=EQT
  Holding Period End Date: 2018-11-14
  ✓ S1: JKHY -7.47%, Portfolio: $719,598
  ✓ S2: Long JKHY (-7.47%), Short EQT (6.41%)
      Combined: -0.53%, Portfolio: $666,594

89/223: 2018-11-26: Added=FANG, Removed=SRCL
  Holding Period End Date: 2018-12-03
  ✓ S1: FANG 2.62%, Portfolio: $738,426
    YFinance output for SRCL: 1 Failed download:
['SRCL']: YFTzMissingError('possibly delisted; no timezone found')
    Warning: No data found for SRCL
  ✗ S2: Insufficient data for FANG/SRCL

90/223: 2018-11-26: Added=MXIM, Removed=AET
  Holding Period End Date: 2018-12-03
    YFinance output for MXIM: 1 Failed download:
['MXIM']: YFTzMissingError('possibly delisted; no timezone found')
    Warning: No data found for MXIM
  ✗ S1: Insufficient data for MXIM
    YFinance output for MXIM: 1 Failed download:
['MXIM']: YFTzMissingError('possibly delisted; no timezone found')
    Warning: No data found for MXIM
  ✗ S2: Insufficient data for MXIM/AET

91/223: 2018-11-26: Added=LW, Removed=COL
  Holding Period End Date: 2018-12-03
  ✓ S1: LW -5.96%, Portfolio: $694,416
  ✓ S2: Long LW (-5.96%), Short COL (12.50%)
      Combined: 3.27%, Portfolio: $688,392

92/223: 2018-12-27: Added=CE, Removed=ESRX
  Holding Period End Date: 2019-01-04
  ✓ S1: CE 2.05%, Portfolio: $708,673
    YFinance output for ESRX: 1 Failed download:
['ESRX']: YFPricesMissingError('possibly delisted; no price data found  (1d 2018-12-27 00:00:00 -> 2019-01-07)')
    Warning: No data found for ESRX
  ✗ S2: Insufficient data for CE/ESRX

93/223: 2018-12-27: Added=FRC, Removed=SCG
  Holding Period End Date: 2019-01-04
    YFinance output for FRC: 1 Failed download:
['FRC']: YFTzMissingError('possibly delisted; no timezone found')
    Warning: No data found for FRC
  ✗ S1: Insufficient data for FRC
    YFinance output for FRC: 1 Failed download:
['FRC']: YFTzMissingError('possibly delisted; no timezone found')
    Warning: No data found for FRC
  ✗ S2: Insufficient data for FRC/SCG

94/223: 2019-01-15: Added=TFX, Removed=PCG
  Holding Period End Date: 2019-01-23
  ✓ S1: TFX 1.75%, Portfolio: $721,042
  ✓ S2: Long TFX (1.75%), Short PCG (-13.52%)
      Combined: -5.89%, Portfolio: $647,874

95/223: 2019-02-08: Added=ATO, Removed=NFX
  Holding Period End Date: 2019-02-15
  ✓ S1: ATO -0.94%, Portfolio: $714,271
  ✓ S2: Long ATO (-0.94%), Short NFX (-4.51%)
      Combined: -2.72%, Portfolio: $630,220

96/223: 2019-02-21: Added=WAB, Removed=GT
  Holding Period End Date: 2019-02-28
  ✓ S1: WAB -0.43%, Portfolio: $711,165
  ✓ S2: Long WAB (-0.43%), Short GT (-3.08%)
      Combined: -1.76%, Portfolio: $619,132

97/223: 2019-03-14: Added=FOXA, Removed=FOXA
  Holding Period End Date: 2019-03-21
  ✓ S1: FOXA -1.55%, Portfolio: $700,143
  ✓ S2: Long FOXA (-1.55%), Short FOXA (1.57%)
      Combined: 0.01%, Portfolio: $619,207

98/223: 2019-03-14: Added=FOX, Removed=FOX
  Holding Period End Date: 2019-03-21
  ✓ S1: FOX -2.70%, Portfolio: $681,220
  ✓ S2: Long FOX (-2.70%), Short FOX (2.78%)
      Combined: 0.04%, Portfolio: $619,440

99/223: 2019-03-26: Added=DOW, Removed=BHF
  Holding Period End Date: 2019-04-02
  ✓ S1: DOW 15.15%, Portfolio: $784,414
  ✓ S2: Long DOW (15.15%), Short BHF (-2.91%)
      Combined: 6.12%, Portfolio: $657,334

100/223: 2019-05-28: Added=CTVA, Removed=FLR
  Holding Period End Date: 2019-06-04
  ✓ S1: CTVA -3.53%, Portfolio: $756,735
  ✓ S2: Long CTVA (-3.53%), Short FLR (-2.84%)
      Combined: -3.19%, Portfolio: $636,397

101/223: 2019-05-28: Added=DD, Removed=DWDP
  Holding Period End Date: 2019-06-04
  ✓ S1: DD 13.80%, Portfolio: $861,182
    YFinance output for DWDP: 1 Failed download:
['DWDP']: YFTzMissingError('possibly delisted; no timezone found')
    Warning: No data found for DWDP
  ✗ S2: Insufficient data for DD/DWDP

102/223: 2019-06-03: Added=BMS, Removed=MAT
  Holding Period End Date: 2019-06-10
  ✓ S1: BMS -0.69%, Portfolio: $855,207
  ✓ S2: Long BMS (-0.69%), Short MAT (-12.75%)
      Combined: -6.72%, Portfolio: $593,624

103/223: 2019-06-03: Added=AMCR, Removed=BMS
  Holding Period End Date: 2019-06-10
  ✓ S1: AMCR 0.00%, Portfolio: $855,207
  ✓ S2: Long AMCR (0.00%), Short BMS (0.70%)
      Combined: 0.35%, Portfolio: $595,697

104/223: 2019-06-24: Added=MKTX, Removed=LLL
  Holding Period End Date: 2019-07-01
  ✓ S1: MKTX -3.13%, Portfolio: $828,397
    YFinance output for LLL: 1 Failed download:
['LLL']: YFTzMissingError('possibly delisted; no timezone found')
    Warning: No data found for LLL
  ✗ S2: Insufficient data for MKTX/LLL

105/223: 2019-07-09: Added=TMUS, Removed=RHT
  Holding Period End Date: 2019-07-16
  ✓ S1: TMUS 5.18%, Portfolio: $871,277
    YFinance output for RHT: 1 Failed download:
['RHT']: YFTzMissingError('possibly delisted; no timezone found')
    Warning: No data found for RHT
  ✗ S2: Insufficient data for TMUS/RHT

106/223: 2019-08-01: Added=IEX, Removed=FL
  Holding Period End Date: 2019-08-08
  ✓ S1: IEX -3.56%, Portfolio: $840,232
  ✓ S2: Long IEX (-3.56%), Short FL (-2.94%)
      Combined: -3.25%, Portfolio: $576,340

107/223: 2019-08-01: Added=LDOS, Removed=APC
  Holding Period End Date: 2019-08-08
  ✓ S1: LDOS 0.59%, Portfolio: $845,168
    YFinance output for APC: 1 Failed download:
['APC']: YFTzMissingError('possibly delisted; no timezone found')
    Warning: No data found for APC
  ✗ S2: Insufficient data for LDOS/APC

108/223: 2019-09-17: Added=CDW, Removed=TSS
  Holding Period End Date: 2019-09-24
  ✓ S1: CDW 4.27%, Portfolio: $881,262
    YFinance output for TSS: 1 Failed download:
['TSS']: YFTzMissingError('possibly delisted; no timezone found')
    Warning: No data found for TSS
  ✗ S2: Insufficient data for CDW/TSS

109/223: 2019-09-20: Added=NVR, Removed=JEF
  Holding Period End Date: 2019-09-27
  ✓ S1: NVR -0.24%, Portfolio: $879,187
  ✓ S2: Long NVR (-0.24%), Short JEF (2.60%)
      Combined: 1.18%, Portfolio: $583,141

110/223: 2019-09-20: Added=LVS, Removed=NKTR
  Holding Period End Date: 2019-09-27
  ✓ S1: LVS 1.38%, Portfolio: $891,361
  ✓ S2: Long LVS (1.38%), Short NKTR (12.57%)
      Combined: 6.98%, Portfolio: $623,828

111/223: 2019-11-18: Added=NOW, Removed=CELG
  Holding Period End Date: 2019-11-25
  ✓ S1: NOW 5.05%, Portfolio: $936,346
    YFinance output for CELG: 1 Failed download:
['CELG']: YFTzMissingError('possibly delisted; no timezone found')
    Warning: No data found for CELG
  ✗ S2: Insufficient data for NOW/CELG

112/223: 2019-11-27: Added=WRB, Removed=VIAB
  Holding Period End Date: 2019-12-05
  ✓ S1: WRB 0.78%, Portfolio: $943,656
    YFinance output for VIAB: 1 Failed download:
['VIAB']: YFTzMissingError('possibly delisted; no timezone found')
    Warning: No data found for VIAB
  ✗ S2: Insufficient data for WRB/VIAB

113/223: 2019-12-02: Added=ODFL, Removed=STI
  Holding Period End Date: 2019-12-09
  ✓ S1: ODFL 0.40%, Portfolio: $947,459
    YFinance output for STI: 1 Failed download:
['STI']: YFPricesMissingError('possibly delisted; no price data found  (1d 2019-12-02 00:00:00 -> 2019-12-10) (Yahoo error = "Data doesn\'t exist for startDate = 1575262800, endDate = 1575954000")')
    Warning: No data found for STI
  ✗ S2: Insufficient data for ODFL/STI

114/223: 2019-12-13: Added=ZBRA, Removed=TRIP
  Holding Period End Date: 2019-12-20
  ✓ S1: ZBRA -2.06%, Portfolio: $927,944
  ✓ S2: Long ZBRA (-2.06%), Short TRIP (-2.69%)
      Combined: -2.38%, Portfolio: $608,999

115/223: 2019-12-13: Added=LYV, Removed=AMG
  Holding Period End Date: 2019-12-20
  ✓ S1: LYV 11.21%, Portfolio: $1,031,930
  ✓ S2: Long LYV (11.21%), Short AMG (0.72%)
      Combined: 5.96%, Portfolio: $645,319

116/223: 2019-12-13: Added=STE, Removed=MAC
  Holding Period End Date: 2019-12-20
  ✓ S1: STE -1.38%, Portfolio: $1,017,735
  ✓ S2: Long STE (-1.38%), Short MAC (-1.59%)
      Combined: -1.48%, Portfolio: $635,761

117/223: 2020-01-22: Added=PAYC, Removed=WCG
  Holding Period End Date: 2020-01-29
  ✓ S1: PAYC 6.19%, Portfolio: $1,080,722
    YFinance output for WCG: 1 Failed download:
['WCG']: YFTzMissingError('possibly delisted; no timezone found')
    Warning: No data found for WCG
  ✗ S2: Insufficient data for PAYC/WCG

118/223: 2020-02-27: Added=IR, Removed=XEC
  Holding Period End Date: 2020-03-05
  ✓ S1: IR -20.17%, Portfolio: $862,713
    YFinance output for XEC: 1 Failed download:
['XEC']: YFTzMissingError('possibly delisted; no timezone found')
    Warning: No data found for XEC
  ✗ S2: Insufficient data for IR/XEC

119/223: 2020-03-31: Added=nan, Removed=M
  Holding Period End Date: 2020-04-07

120/223: 2020-03-31: Added=nan, Removed=RTN
  Holding Period End Date: 2020-04-07

121/223: 2020-03-31: Added=CARR, Removed=nan
  Holding Period End Date: 2020-04-07
  ✓ S1: CARR -11.59%, Portfolio: $762,688

122/223: 2020-03-31: Added=OTIS, Removed=nan
  Holding Period End Date: 2020-04-07
  ✓ S1: OTIS -11.44%, Portfolio: $675,437

123/223: 2020-05-05: Added=HWM, Removed=ARNC
  Holding Period End Date: 2020-05-12
  ✓ S1: HWM -8.93%, Portfolio: $615,140
    YFinance output for ARNC: 1 Failed download:
['ARNC']: YFTzMissingError('possibly delisted; no timezone found')
    Warning: No data found for ARNC
  ✗ S2: Insufficient data for HWM/ARNC

124/223: 2020-05-06: Added=DXCM, Removed=AGN
  Holding Period End Date: 2020-05-13
  ✓ S1: DXCM 11.10%, Portfolio: $683,414
    YFinance output for AGN: 1 Failed download:
['AGN']: YFTzMissingError('possibly delisted; no timezone found')
    Warning: No data found for AGN
  ✗ S2: Insufficient data for DXCM/AGN

125/223: 2020-05-06: Added=DPZ, Removed=CPRI
  Holding Period End Date: 2020-05-13
  ✓ S1: DPZ 3.40%, Portfolio: $706,653
  ✓ S2: Long DPZ (3.40%), Short CPRI (2.64%)
      Combined: 3.02%, Portfolio: $654,949

126/223: 2020-05-18: Added=WST, Removed=HP
  Holding Period End Date: 2020-05-26
  ✓ S1: WST -5.70%, Portfolio: $666,370
  ✓ S2: Long WST (-5.70%), Short HP (-0.98%)
      Combined: -3.34%, Portfolio: $633,082

127/223: 2020-06-12: Added=BIO, Removed=ADS
  Holding Period End Date: 2020-06-19
  ✓ S1: BIO 0.69%, Portfolio: $670,987
    YFinance output for ADS: 1 Failed download:
['ADS']: YFTzMissingError('possibly delisted; no timezone found')
    Warning: No data found for ADS
  ✗ S2: Insufficient data for BIO/ADS

128/223: 2020-06-12: Added=TDY, Removed=HOG
  Holding Period End Date: 2020-06-19
  ✓ S1: TDY -3.77%, Portfolio: $645,700
  ✓ S2: Long TDY (-3.77%), Short HOG (1.05%)
      Combined: -1.36%, Portfolio: $624,468

129/223: 2020-06-12: Added=TYL, Removed=JWN
  Holding Period End Date: 2020-06-19
  ✓ S1: TYL -2.77%, Portfolio: $627,801
    YFinance output for JWN: 1 Failed download:
['JWN']: YFTzMissingError('possibly delisted; no timezone found')
    Warning: No data found for JWN
  ✗ S2: Insufficient data for TYL/JWN

130/223: 2020-09-04: Added=CTLT, Removed=KSS
  Holding Period End Date: 2020-09-14
    YFinance output for CTLT: 1 Failed download:
['CTLT']: YFTzMissingError('possibly delisted; no timezone found')
    Warning: No data found for CTLT
  ✗ S1: Insufficient data for CTLT
    YFinance output for CTLT: 1 Failed download:
['CTLT']: YFTzMissingError('possibly delisted; no timezone found')
    Warning: No data found for CTLT
  ✗ S2: Insufficient data for CTLT/KSS

131/223: 2020-09-04: Added=ETSY, Removed=HRB
  Holding Period End Date: 2020-09-14
  ✓ S1: ETSY 0.46%, Portfolio: $630,659
  ✓ S2: Long ETSY (0.46%), Short HRB (1.18%)
      Combined: 0.82%, Portfolio: $629,560

132/223: 2020-09-04: Added=TER, Removed=COTY
  Holding Period End Date: 2020-09-14
  ✓ S1: TER -2.26%, Portfolio: $616,377
  ✓ S2: Long TER (-2.26%), Short COTY (14.16%)
      Combined: 5.95%, Portfolio: $667,002

133/223: 2020-10-01: Added=POOL, Removed=ETFC
  Holding Period End Date: 2020-10-08
  ✓ S1: POOL 3.83%, Portfolio: $639,978
    YFinance output for ETFC: 1 Failed download:
['ETFC']: YFTzMissingError('possibly delisted; no timezone found')
    Warning: No data found for ETFC
  ✗ S2: Insufficient data for POOL/ETFC

134/223: 2020-10-05: Added=VNT, Removed=nan
  Holding Period End Date: 2020-10-12
  ✓ S1: VNT -18.69%, Portfolio: $520,391

135/223: 2020-10-05: Added=nan, Removed=NBL
  Holding Period End Date: 2020-10-12

136/223: 2020-12-11: Added=TSLA, Removed=AIV
  Holding Period End Date: 2020-12-18
  ✓ S1: TSLA 13.94%, Portfolio: $592,914
  ✓ S2: Long TSLA (13.94%), Short AIV (-3.41%)
      Combined: 5.26%, Portfolio: $702,102

137/223: 2020-12-30: Added=ENPH, Removed=TIF
  Holding Period End Date: 2021-01-07
  ✓ S1: ENPH 23.61%, Portfolio: $732,906
    YFinance output for TIF: 1 Failed download:
['TIF']: YFTzMissingError('possibly delisted; no timezone found')
    Warning: No data found for TIF
  ✗ S2: Insufficient data for ENPH/TIF

138/223: 2021-01-15: Added=TRMB, Removed=CXO
  Holding Period End Date: 2021-01-25
  ✓ S1: TRMB 2.02%, Portfolio: $747,678
    YFinance output for CXO: 1 Failed download:
['CXO']: YFTzMissingError('possibly delisted; no timezone found')
    Warning: No data found for CXO
  ✗ S2: Insufficient data for TRMB/CXO

139/223: 2021-02-08: Added=MPWR, Removed=FTI
  Holding Period End Date: 2021-02-16
  ✓ S1: MPWR 5.25%, Portfolio: $786,905
  ✓ S2: Long MPWR (5.25%), Short FTI (-2.33%)
      Combined: 1.46%, Portfolio: $712,353

140/223: 2021-03-12: Added=CZR, Removed=VNT
  Holding Period End Date: 2021-03-19
  ✓ S1: CZR -11.23%, Portfolio: $698,533
  ✓ S2: Long CZR (-11.23%), Short VNT (-3.24%)
      Combined: -7.23%, Portfolio: $660,820

141/223: 2021-03-12: Added=PENN, Removed=SLG
  Holding Period End Date: 2021-03-19
  ✓ S1: PENN -10.04%, Portfolio: $628,396
  ✓ S2: Long PENN (-10.04%), Short SLG (5.14%)
      Combined: -2.45%, Portfolio: $644,621

142/223: 2021-03-12: Added=NXPI, Removed=FLS
  Holding Period End Date: 2021-03-19
  ✓ S1: NXPI 10.12%, Portfolio: $691,999
  ✓ S2: Long NXPI (10.12%), Short FLS (3.37%)
      Combined: 6.75%, Portfolio: $688,109

143/223: 2021-03-12: Added=GNRC, Removed=XRX
  Holding Period End Date: 2021-03-19
  ✓ S1: GNRC -7.19%, Portfolio: $642,259
  ✓ S2: Long GNRC (-7.19%), Short XRX (8.55%)
      Combined: 0.68%, Portfolio: $692,801

144/223: 2021-04-15: Added=PTC, Removed=VAR
  Holding Period End Date: 2021-04-22
  ✓ S1: PTC -1.55%, Portfolio: $632,334
    YFinance output for VAR: 1 Failed download:
['VAR']: YFTzMissingError('possibly delisted; no timezone found')
    Warning: No data found for VAR
  ✗ S2: Insufficient data for PTC/VAR

145/223: 2021-05-10: Added=CRL, Removed=FLIR
  Holding Period End Date: 2021-05-17
  ✓ S1: CRL -3.06%, Portfolio: $613,015
    YFinance output for FLIR: 1 Failed download:
['FLIR']: YFTzMissingError('possibly delisted; no timezone found')
    Warning: No data found for FLIR
  ✗ S2: Insufficient data for CRL/FLIR

146/223: 2021-05-27: Added=OGN, Removed=nan
  Holding Period End Date: 2021-06-04
  ✓ S1: OGN -3.80%, Portfolio: $589,703

147/223: 2021-05-27: Added=nan, Removed=HFC
  Holding Period End Date: 2021-06-04

148/223: 2021-07-15: Added=MRNA, Removed=ALXN
  Holding Period End Date: 2021-07-22
  ✓ S1: MRNA 24.57%, Portfolio: $734,600
    YFinance output for ALXN: 1 Failed download:
['ALXN']: YFTzMissingError('possibly delisted; no timezone found')
    Warning: No data found for ALXN
  ✗ S2: Insufficient data for MRNA/ALXN

149/223: 2021-08-24: Added=TECH, Removed=MXIM
  Holding Period End Date: 2021-08-31
  ✓ S1: TECH 1.35%, Portfolio: $744,519
    YFinance output for MXIM: 1 Failed download:
['MXIM']: YFTzMissingError('possibly delisted; no timezone found')
    Warning: No data found for MXIM
  ✗ S2: Insufficient data for TECH/MXIM

150/223: 2021-09-03: Added=BRO, Removed=NOV
  Holding Period End Date: 2021-09-13
  ✓ S1: BRO -2.53%, Portfolio: $725,698
  ✓ S2: Long BRO (-2.53%), Short NOV (-4.00%)
      Combined: -3.27%, Portfolio: $670,178

151/223: 2021-09-03: Added=CDAY, Removed=UNM
  Holding Period End Date: 2021-09-13
    YFinance output for CDAY: 1 Failed download:
['CDAY']: YFTzMissingError('possibly delisted; no timezone found')
    Warning: No data found for CDAY
  ✗ S1: Insufficient data for CDAY
    YFinance output for CDAY: 1 Failed download:
['CDAY']: YFTzMissingError('possibly delisted; no timezone found')
    Warning: No data found for CDAY
  ✗ S2: Insufficient data for CDAY/UNM

152/223: 2021-09-03: Added=MTCH, Removed=PRGO
  Holding Period End Date: 2021-09-13
  ✓ S1: MTCH 9.33%, Portfolio: $793,376
  ✓ S2: Long MTCH (9.33%), Short PRGO (-6.92%)
      Combined: 1.20%, Portfolio: $678,249

153/223: 2021-12-03: Added=FDS, Removed=WU
  Holding Period End Date: 2021-12-10
  ✓ S1: FDS -0.07%, Portfolio: $792,848
  ✓ S2: Long FDS (-0.07%), Short WU (-5.33%)
      Combined: -2.70%, Portfolio: $659,959

154/223: 2021-12-03: Added=SEDG, Removed=HBI
  Holding Period End Date: 2021-12-10
  ✓ S1: SEDG 0.68%, Portfolio: $798,246
  ✓ S2: Long SEDG (0.68%), Short HBI (-6.10%)
      Combined: -2.71%, Portfolio: $642,087

155/223: 2021-12-03: Added=SBNY, Removed=LEG
  Holding Period End Date: 2021-12-10
    YFinance output for SBNY: 1 Failed download:
['SBNY']: YFPricesMissingError('possibly delisted; no price data found  (1d 2021-12-03 00:00:00 -> 2021-12-13) (Yahoo error = "Data doesn\'t exist for startDate = 1638507600, endDate = 1639371600")')
    Warning: No data found for SBNY
  ✗ S1: Insufficient data for SBNY
    YFinance output for SBNY: 1 Failed download:
['SBNY']: YFPricesMissingError('possibly delisted; no price data found  (1d 2021-12-03 00:00:00 -> 2021-12-13) (Yahoo error = "Data doesn\'t exist for startDate = 1638507600, endDate = 1639371600")')
    Warning: No data found for SBNY
  ✗ S2: Insufficient data for SBNY/LEG

156/223: 2021-12-07: Added=EPAM, Removed=KSU
  Holding Period End Date: 2021-12-14
  ✓ S1: EPAM 11.45%, Portfolio: $889,648
    YFinance output for KSU: 1 Failed download:
['KSU']: YFTzMissingError('possibly delisted; no timezone found')
    Warning: No data found for KSU
  ✗ S2: Insufficient data for EPAM/KSU

157/223: 2022-01-26: Added=CEG, Removed=nan
  Holding Period End Date: 2022-02-02
  ✓ S1: CEG 22.65%, Portfolio: $1,091,167

158/223: 2022-01-26: Added=nan, Removed=GPS
  Holding Period End Date: 2022-02-02

159/223: 2022-02-10: Added=NDSN, Removed=XLNX
  Holding Period End Date: 2022-02-17
  ✓ S1: NDSN -0.92%, Portfolio: $1,081,153
    YFinance output for XLNX: 1 Failed download:
['XLNX']: YFTzMissingError('possibly delisted; no timezone found')
    Warning: No data found for XLNX
  ✗ S2: Insufficient data for NDSN/XLNX

160/223: 2022-02-25: Added=MOH, Removed=INFO
  Holding Period End Date: 2022-03-04
  ✓ S1: MOH 1.66%, Portfolio: $1,099,119
    YFinance output for INFO: 1 Failed download:
['INFO']: YFPricesMissingError('possibly delisted; no price data found  (1d 2022-02-25 00:00:00 -> 2022-03-07) (Yahoo error = "Data doesn\'t exist for startDate = 1645765200, endDate = 1646629200")')
    Warning: No data found for INFO
  ✗ S2: Insufficient data for MOH/INFO

161/223: 2022-03-29: Added=CPT, Removed=PBCT
  Holding Period End Date: 2022-04-05
  ✓ S1: CPT -0.28%, Portfolio: $1,096,023
    YFinance output for PBCT: 1 Failed download:
['PBCT']: YFTzMissingError('possibly delisted; no timezone found')
    Warning: No data found for PBCT
  ✗ S2: Insufficient data for CPT/PBCT

162/223: 2022-04-07: Added=WBD, Removed=DISCA
  Holding Period End Date: 2022-04-14
  ✓ S1: WBD 7.85%, Portfolio: $1,182,014
    YFinance output for DISCA: 1 Failed download:
['DISCA']: YFTzMissingError('possibly delisted; no timezone found')
    Warning: No data found for DISCA
  ✗ S2: Insufficient data for WBD/DISCA

163/223: 2022-04-07: Added=nan, Removed=DISCK
  Holding Period End Date: 2022-04-14

164/223: 2022-06-03: Added=VICI, Removed=CERN
  Holding Period End Date: 2022-06-10
  ✓ S1: VICI -4.62%, Portfolio: $1,127,413
    YFinance output for CERN: 1 Failed download:
['CERN']: YFTzMissingError('possibly delisted; no timezone found')
    Warning: No data found for CERN
  ✗ S2: Insufficient data for VICI/CERN

165/223: 2022-06-03: Added=ON, Removed=IPGP
  Holding Period End Date: 2022-06-10
  ✓ S1: ON -4.45%, Portfolio: $1,077,258
  ✓ S2: Long ON (-4.45%), Short IPGP (4.54%)
      Combined: 0.05%, Portfolio: $642,392

166/223: 2022-06-03: Added=KDP, Removed=UAA
  Holding Period End Date: 2022-06-10
  ✓ S1: KDP 1.60%, Portfolio: $1,094,528
  ✓ S2: Long KDP (1.60%), Short UAA (8.59%)
      Combined: 5.10%, Portfolio: $675,127

167/223: 2022-06-03: Added=nan, Removed=UA
  Holding Period End Date: 2022-06-10

168/223: 2022-09-02: Added=CSGP, Removed=PVH
  Holding Period End Date: 2022-09-12
  ✓ S1: CSGP 10.65%, Portfolio: $1,211,099
  ✓ S2: Long CSGP (10.65%), Short PVH (-11.02%)
      Combined: -0.19%, Portfolio: $673,864

169/223: 2022-09-02: Added=INVH, Removed=PENN
  Holding Period End Date: 2022-09-12
  ✓ S1: INVH 9.98%, Portfolio: $1,331,977
  ✓ S2: Long INVH (9.98%), Short PENN (-5.18%)
      Combined: 2.40%, Portfolio: $690,038

170/223: 2022-09-23: Added=PCG, Removed=CTXS
  Holding Period End Date: 2022-09-30
  ✓ S1: PCG -0.87%, Portfolio: $1,320,357
    YFinance output for CTXS: 1 Failed download:
['CTXS']: YFTzMissingError('possibly delisted; no timezone found')
    Warning: No data found for CTXS
  ✗ S2: Insufficient data for PCG/CTXS

171/223: 2022-09-23: Added=EQT, Removed=DRE
  Holding Period End Date: 2022-09-30
  ✓ S1: EQT -1.24%, Portfolio: $1,304,037
    YFinance output for DRE: 1 Failed download:
['DRE']: YFTzMissingError('possibly delisted; no timezone found')
    Warning: No data found for DRE
  ✗ S2: Insufficient data for EQT/DRE

172/223: 2022-10-06: Added=TRGP, Removed=NLSN
  Holding Period End Date: 2022-10-13
  ✓ S1: TRGP 5.41%, Portfolio: $1,374,596
    YFinance output for NLSN: 1 Failed download:
['NLSN']: YFTzMissingError('possibly delisted; no timezone found')
    Warning: No data found for NLSN
  ✗ S2: Insufficient data for TRGP/NLSN

173/223: 2022-10-27: Added=ACGL, Removed=TWTR
  Holding Period End Date: 2022-11-03
  ✓ S1: ACGL 9.36%, Portfolio: $1,503,306
    YFinance output for TWTR: 1 Failed download:
['TWTR']: YFTzMissingError('possibly delisted; no timezone found')
    Warning: No data found for TWTR
  ✗ S2: Insufficient data for ACGL/TWTR

174/223: 2022-12-12: Added=FSLR, Removed=FBHS
  Holding Period End Date: 2022-12-19
  ✓ S1: FSLR 4.32%, Portfolio: $1,568,228
    YFinance output for FBHS: 1 Failed download:
['FBHS']: YFTzMissingError('possibly delisted; no timezone found')
    Warning: No data found for FBHS
  ✗ S2: Insufficient data for FSLR/FBHS

175/223: 2022-12-12: Added=nan, Removed=MBC
  Holding Period End Date: 2022-12-19

176/223: 2022-12-12: Added=MBC, Removed=nan
  Holding Period End Date: 2022-12-19
  ✓ S1: MBC -0.35%, Portfolio: $1,562,693

177/223: 2022-12-19: Added=STLD, Removed=ABMD
  Holding Period End Date: 2022-12-27
  ✓ S1: STLD 1.34%, Portfolio: $1,583,623
    YFinance output for ABMD: 1 Failed download:
['ABMD']: YFTzMissingError('possibly delisted; no timezone found')
    Warning: No data found for ABMD
  ✗ S2: Insufficient data for STLD/ABMD

178/223: 2022-12-28: Added=GEHC, Removed=nan
  Holding Period End Date: 2023-01-05
  ✓ S1: GEHC 2.61%, Portfolio: $1,624,935

179/223: 2022-12-28: Added=nan, Removed=VNO
  Holding Period End Date: 2023-01-05

180/223: 2023-03-03: Added=FICO, Removed=LUMN
  Holding Period End Date: 2023-03-10
  ✓ S1: FICO -1.34%, Portfolio: $1,603,115
  ✓ S2: Long FICO (-1.34%), Short LUMN (18.28%)
      Combined: 8.47%, Portfolio: $748,487

181/223: 2023-03-10: Added=PODD, Removed=SIVB
  Holding Period End Date: 2023-03-17
  ✓ S1: PODD 10.25%, Portfolio: $1,767,395
    YFinance output for SIVB: 1 Failed download:
['SIVB']: YFTzMissingError('possibly delisted; no timezone found')
    Warning: No data found for SIVB
  ✗ S2: Insufficient data for PODD/SIVB

182/223: 2023-03-13: Added=BG, Removed=SBNY
  Holding Period End Date: 2023-03-20
  ✓ S1: BG 3.99%, Portfolio: $1,837,983
    YFinance output for SBNY: 1 Failed download:
['SBNY']: YFPricesMissingError('possibly delisted; no price data found  (1d 2023-03-13 00:00:00 -> 2023-03-21) (Yahoo error = "Data doesn\'t exist for startDate = 1678680000, endDate = 1679371200")')
    Warning: No data found for SBNY
  ✗ S2: Insufficient data for BG/SBNY

183/223: 2023-05-01: Added=AXON, Removed=FRC
  Holding Period End Date: 2023-05-08
  ✓ S1: AXON 2.71%, Portfolio: $1,887,847
    YFinance output for FRC: 1 Failed download:
['FRC']: YFTzMissingError('possibly delisted; no timezone found')
    Warning: No data found for FRC
  ✗ S2: Insufficient data for AXON/FRC

184/223: 2023-06-02: Added=PANW, Removed=DISH
  Holding Period End Date: 2023-06-09
  ✓ S1: PANW 1.32%, Portfolio: $1,912,700
    YFinance output for DISH: 1 Failed download:
['DISH']: YFTzMissingError('possibly delisted; no timezone found')
    Warning: No data found for DISH
  ✗ S2: Insufficient data for PANW/DISH

185/223: 2023-08-21: Added=nan, Removed=TEL
  Holding Period End Date: 2023-08-28

186/223: 2023-08-21: Added=KVUE, Removed=AAP
  Holding Period End Date: 2023-08-28
  ✓ S1: KVUE 1.16%, Portfolio: $1,934,903
  ✓ S2: Long KVUE (1.16%), Short AAP (3.92%)
      Combined: 2.54%, Portfolio: $767,486

187/223: 2023-08-21: Added=PCS, Removed=nan
  Holding Period End Date: 2023-08-28
    YFinance output for PCS: 1 Failed download:
['PCS']: YFPricesMissingError('possibly delisted; no price data found  (1d 2023-08-21 00:00:00 -> 2023-08-29) (Yahoo error = "Data doesn\'t exist for startDate = 1692590400, endDate = 1693281600")')
    Warning: No data found for PCS
  ✗ S1: Insufficient data for PCS

188/223: 2023-09-14: Added=BX, Removed=LNC
  Holding Period End Date: 2023-09-21
  ✓ S1: BX -1.40%, Portfolio: $1,907,779
  ✓ S2: Long BX (-1.40%), Short LNC (2.76%)
      Combined: 0.68%, Portfolio: $772,690

189/223: 2023-09-14: Added=ABNB, Removed=NWL
  Holding Period End Date: 2023-09-21
  ✓ S1: ABNB -7.89%, Portfolio: $1,757,270
  ✓ S2: Long ABNB (-7.89%), Short NWL (7.17%)
      Combined: -0.36%, Portfolio: $769,897

190/223: 2023-09-28: Added=VLTO, Removed=nan
  Holding Period End Date: 2023-10-05
  ✓ S1: VLTO -4.31%, Portfolio: $1,681,603

191/223: 2023-09-28: Added=nan, Removed=DXC
  Holding Period End Date: 2023-10-05

192/223: 2023-10-13: Added=LULU, Removed=ATVI
  Holding Period End Date: 2023-10-20
  ✓ S1: LULU 4.80%, Portfolio: $1,762,324
    YFinance output for ATVI: 1 Failed download:
['ATVI']: YFTzMissingError('possibly delisted; no timezone found')
    Warning: No data found for ATVI
  ✗ S2: Insufficient data for LULU/ATVI

193/223: 2023-10-13: Added=HUBB, Removed=OGN
  Holding Period End Date: 2023-10-20
  ✓ S1: HUBB -5.06%, Portfolio: $1,673,129
  ✓ S2: Long HUBB (-5.06%), Short OGN (8.93%)
      Combined: 1.93%, Portfolio: $784,793

194/223: 2023-12-01: Added=UBER, Removed=SEE
  Holding Period End Date: 2023-12-08
  ✓ S1: UBER 7.59%, Portfolio: $1,800,036
  ✓ S2: Long UBER (7.59%), Short SEE (0.74%)
      Combined: 4.16%, Portfolio: $817,458

195/223: 2023-12-01: Added=BLDR, Removed=SEDG
  Holding Period End Date: 2023-12-08
  ✓ S1: BLDR 6.05%, Portfolio: $1,908,855
  ✓ S2: Long BLDR (6.05%), Short SEDG (5.20%)
      Combined: 5.62%, Portfolio: $863,438

196/223: 2023-12-01: Added=JBL, Removed=ALK
  Holding Period End Date: 2023-12-08
  ✓ S1: JBL 1.79%, Portfolio: $1,942,979
  ✓ S2: Long JBL (1.79%), Short ALK (11.57%)
      Combined: 6.68%, Portfolio: $921,105

197/223: 2024-03-01: Added=SMCI, Removed=WHR
  Holding Period End Date: 2024-03-08
  ✓ S1: SMCI 25.90%, Portfolio: $2,446,234
  ✓ S2: Long SMCI (25.90%), Short WHR (-2.30%)
      Combined: 11.80%, Portfolio: $1,029,778

198/223: 2024-03-01: Added=DECK, Removed=ZION
  Holding Period End Date: 2024-03-08
  ✓ S1: DECK 0.99%, Portfolio: $2,470,363
  ✓ S2: Long DECK (0.99%), Short ZION (-8.21%)
      Combined: -3.61%, Portfolio: $992,559

199/223: 2024-03-27: Added=SOLV, Removed=nan
  Holding Period End Date: 2024-04-04
  ✓ S1: SOLV -10.67%, Portfolio: $2,206,858

200/223: 2024-03-27: Added=GEV, Removed=nan
  Holding Period End Date: 2024-04-04
  ✓ S1: GEV -3.95%, Portfolio: $2,119,592

201/223: 2024-03-27: Added=nan, Removed=XRAY
  Holding Period End Date: 2024-04-04

202/223: 2024-03-27: Added=nan, Removed=VFC
  Holding Period End Date: 2024-04-04

203/223: 2024-05-03: Added=VST, Removed=PXD
  Holding Period End Date: 2024-05-10
  ✓ S1: VST 14.64%, Portfolio: $2,429,897
    YFinance output for PXD: 1 Failed download:
['PXD']: YFTzMissingError('possibly delisted; no timezone found')
    Warning: No data found for PXD
  ✗ S2: Insufficient data for VST/PXD

204/223: 2024-06-07: Added=KKR, Removed=RHI
  Holding Period End Date: 2024-06-14
  ✓ S1: KKR 11.42%, Portfolio: $2,707,380
  ✓ S2: Long KKR (11.42%), Short RHI (-3.98%)
      Combined: 3.72%, Portfolio: $1,029,481

205/223: 2024-06-07: Added=CRWD, Removed=CMA
  Holding Period End Date: 2024-06-14
  ✓ S1: CRWD 10.40%, Portfolio: $2,988,998
  ✓ S2: Long CRWD (10.40%), Short CMA (1.11%)
      Combined: 5.76%, Portfolio: $1,088,762

206/223: 2024-06-07: Added=GDDY, Removed=ILMN
  Holding Period End Date: 2024-06-14
  ✓ S1: GDDY -1.31%, Portfolio: $2,949,748
  ✓ S2: Long GDDY (-1.31%), Short ILMN (4.64%)
      Combined: 1.66%, Portfolio: $1,106,863

207/223: 2024-09-06: Added=ERIE, Removed=BIO
  Holding Period End Date: 2024-09-13
  ✓ S1: ERIE 2.90%, Portfolio: $3,035,274
  ✓ S2: Long ERIE (2.90%), Short BIO (1.08%)
      Combined: 1.99%, Portfolio: $1,128,898

208/223: 2024-09-06: Added=DELL, Removed=ETSY
  Holding Period End Date: 2024-09-13
  ✓ S1: DELL 12.06%, Portfolio: $3,401,293
  ✓ S2: Long DELL (12.06%), Short ETSY (-4.42%)
      Combined: 3.82%, Portfolio: $1,172,013

209/223: 2024-09-06: Added=PLTR, Removed=AAL
  Holding Period End Date: 2024-09-13
  ✓ S1: PLTR 17.34%, Portfolio: $3,991,164
  ✓ S2: Long PLTR (17.34%), Short AAL (1.03%)
      Combined: 9.19%, Portfolio: $1,279,672

210/223: 2024-09-24: Added=AMTM, Removed=nan
  Holding Period End Date: 2024-10-01
  ✓ S1: AMTM -12.74%, Portfolio: $3,482,632

211/223: 2024-09-24: Added=nan, Removed=BBWI
  Holding Period End Date: 2024-10-01

212/223: 2024-11-21: Added=TPL, Removed=MRO
  Holding Period End Date: 2024-11-29
  ✓ S1: TPL 5.58%, Portfolio: $3,676,948
    YFinance output for MRO: 1 Failed download:
['MRO']: YFTzMissingError('possibly delisted; no timezone found')
    Warning: No data found for MRO
  ✗ S2: Insufficient data for TPL/MRO

213/223: 2024-12-06: Added=WDAY, Removed=AMTM
  Holding Period End Date: 2024-12-13
  ✓ S1: WDAY 2.72%, Portfolio: $3,777,007
  ✓ S2: Long WDAY (2.72%), Short AMTM (0.52%)
      Combined: 1.62%, Portfolio: $1,300,414

214/223: 2024-12-06: Added=APO, Removed=QRVO
  Holding Period End Date: 2024-12-13
  ✓ S1: APO -0.80%, Portfolio: $3,746,850
  ✓ S2: Long APO (-0.80%), Short QRVO (-1.81%)
      Combined: -1.30%, Portfolio: $1,283,450

215/223: 2024-12-18: Added=LII, Removed=CTLT
  Holding Period End Date: 2024-12-26
  ✓ S1: LII -1.36%, Portfolio: $3,695,900
    YFinance output for CTLT: 1 Failed download:
['CTLT']: YFTzMissingError('possibly delisted; no timezone found')
    Warning: No data found for CTLT
  ✗ S2: Insufficient data for LII/CTLT

216/223: 2025-03-07: Added=EXE, Removed=FMC
  Holding Period End Date: 2025-03-14
  ✓ S1: EXE 7.47%, Portfolio: $3,971,807
  ✓ S2: Long EXE (7.47%), Short FMC (-0.96%)
      Combined: 3.25%, Portfolio: $1,325,199

217/223: 2025-03-07: Added=WSM, Removed=CE
  Holding Period End Date: 2025-03-14
  ✓ S1: WSM -11.10%, Portfolio: $3,531,010
  ✓ S2: Long WSM (-11.10%), Short CE (-3.03%)
      Combined: -7.07%, Portfolio: $1,231,570

218/223: 2025-03-07: Added=TKO, Removed=TFX
  Holding Period End Date: 2025-03-14
  ✓ S1: TKO -2.60%, Portfolio: $3,439,319
  ✓ S2: Long TKO (-2.60%), Short TFX (1.55%)
      Combined: -0.52%, Portfolio: $1,225,149

219/223: 2025-03-07: Added=DASH, Removed=BWA
  Holding Period End Date: 2025-03-14
  ✓ S1: DASH 3.04%, Portfolio: $3,543,997
  ✓ S2: Long DASH (3.04%), Short BWA (3.87%)
      Combined: 3.46%, Portfolio: $1,267,485

220/223: 2025-05-12: Added=COIN, Removed=DFS
  Holding Period End Date: 2025-05-19
  ✓ S1: COIN 27.40%, Portfolio: $4,514,910
    YFinance output for DFS: 1 Failed download:
['DFS']: YFTzMissingError('possibly delisted; no timezone found')
    Warning: No data found for DFS
  ✗ S2: Insufficient data for COIN/DFS

221/223: 2025-07-02: Added=DDOG, Removed=JNPR
  Holding Period End Date: 2025-07-10
  ✓ S1: DDOG 1.84%, Portfolio: $4,597,845
  ✗ S2: Insufficient data for DDOG/JNPR

222/223: 2025-07-14: Added=TTD, Removed=ANSS
  Holding Period End Date: 2025-07-21
  ✓ S1: TTD 6.10%, Portfolio: $4,878,239
  ✓ S2: Long TTD (6.10%), Short ANSS (3.09%)
      Combined: 4.59%, Portfolio: $1,325,689

223/223: 2025-07-18: Added=XYZ, Removed=HES
  Holding Period End Date: 2025-07-25
  ✓ S1: XYZ 10.88%, Portfolio: $5,408,802
  ✗ S2: Insufficient data for XYZ/HES

============================================================
FINAL RESULTS
Strategy 1: 185 successful trades, Final: $5,408,802 (440.88%)
Strategy 2: 82 successful trades, Final: $1,325,689 (32.57%)
Completed: 2025-08-23 19:47:49
