S&P 500 Index Update Trading Strategy Analysis
Holding Period: 3 trading days
Date Range: 2015-07-02 to 2025-07-18
Timestamp: 2025-08-23 19:23:21
============================================================

1/223: 2015-07-02: Added=KHC, Removed=KRFT
  Holding Period End Date: 2015-07-08
  ✓ S1: KHC 3.34%, Portfolio: $1,033,443
    YFinance output for KRFT: 1 Failed download:
['KRFT']: YFPricesMissingError('possibly delisted; no price data found  (1d 2015-07-02 00:00:00 -> 2015-07-09)')
    Warning: No data found for KRFT
  ✗ S2: Insufficient data for KHC/KRFT

2/223: 2015-07-06: Added=AAP, Removed=FDO
  Holding Period End Date: 2015-07-09
  ✓ S1: AAP -0.83%, Portfolio: $1,024,906
    YFinance output for FDO: 1 Failed download:
['FDO']: YFPricesMissingError('possibly delisted; no price data found  (1d 2015-07-06 00:00:00 -> 2015-07-10)')
    Warning: No data found for FDO
  ✗ S2: Insufficient data for AAP/FDO

3/223: 2015-07-14: Added=PYPL, Removed=NE
  Holding Period End Date: 2015-07-17
  ✓ S1: PYPL 3.95%, Portfolio: $1,065,425
    YFinance output for NE: 1 Failed download:
['NE']: YFPricesMissingError('possibly delisted; no price data found  (1d 2015-07-14 00:00:00 -> 2015-07-20) (Yahoo error = "Data doesn\'t exist for startDate = 1436846400, endDate = 1437364800")')
    Warning: No data found for NE
  ✗ S2: Insufficient data for PYPL/NE

4/223: 2015-07-24: Added=SIG, Removed=DTV
  Holding Period End Date: 2015-07-29
  ✓ S1: SIG 0.61%, Portfolio: $1,071,938
    YFinance output for DTV: 1 Failed download:
['DTV']: YFTzMissingError('possibly delisted; no timezone found')
    Warning: No data found for DTV
  ✗ S2: Insufficient data for SIG/DTV

5/223: 2015-08-27: Added=ATVI, Removed=PLL
  Holding Period End Date: 2015-09-01
    YFinance output for ATVI: 1 Failed download:
['ATVI']: YFTzMissingError('possibly delisted; no timezone found')
    Warning: No data found for ATVI
  ✗ S1: Insufficient data for ATVI
    YFinance output for ATVI: 1 Failed download:
['ATVI']: YFTzMissingError('possibly delisted; no timezone found')
    Warning: No data found for ATVI
    YFinance output for PLL: 1 Failed download:
['PLL']: YFPricesMissingError('possibly delisted; no price data found  (1d 2015-08-27 00:00:00 -> 2015-09-02) (Yahoo error = "Data doesn\'t exist for startDate = 1440648000, endDate = 1441166400")')
    Warning: No data found for PLL
  ✗ S2: Insufficient data for ATVI/PLL

6/223: 2015-08-27: Added=UAL, Removed=HSP
  Holding Period End Date: 2015-09-01
  ✓ S1: UAL 7.07%, Portfolio: $1,147,673
    YFinance output for HSP: 1 Failed download:
['HSP']: YFPricesMissingError('possibly delisted; no price data found  (1d 2015-08-27 00:00:00 -> 2015-09-02)')
    Warning: No data found for HSP
  ✗ S2: Insufficient data for UAL/HSP

7/223: 2015-09-30: Added=VRSK, Removed=JOY
  Holding Period End Date: 2015-10-05
  ✓ S1: VRSK 9.97%, Portfolio: $1,262,115
    YFinance output for JOY: 1 Failed download:
['JOY']: YFPricesMissingError('possibly delisted; no price data found  (1d 2015-09-30 00:00:00 -> 2015-10-06)')
    Warning: No data found for JOY
  ✗ S2: Insufficient data for VRSK/JOY

8/223: 2015-10-27: Added=HPE, Removed=HCBK
  Holding Period End Date: 2015-10-30
  ✓ S1: HPE -6.42%, Portfolio: $1,181,076
    YFinance output for HCBK: 1 Failed download:
['HCBK']: YFPricesMissingError('possibly delisted; no price data found  (1d 2015-10-27 00:00:00 -> 2015-11-02)')
    Warning: No data found for HCBK
  ✗ S2: Insufficient data for HPE/HCBK

9/223: 2015-11-09: Added=SYF, Removed=GNW
  Holding Period End Date: 2015-11-12
  ✓ S1: SYF -5.32%, Portfolio: $1,118,245
  ✓ S2: Long SYF (-5.32%), Short GNW (3.04%)
      Combined: -1.14%, Portfolio: $988,585

10/223: 2015-11-12: Added=ILMN, Removed=SIAL
  Holding Period End Date: 2015-11-17
  ✓ S1: ILMN 11.64%, Portfolio: $1,248,427
    YFinance output for SIAL: 1 Failed download:
['SIAL']: YFPricesMissingError('possibly delisted; no price data found  (1d 2015-11-12 00:00:00 -> 2015-11-18)')
    Warning: No data found for SIAL
  ✗ S2: Insufficient data for ILMN/SIAL

11/223: 2015-11-23: Added=CSRA, Removed=CSC
  Holding Period End Date: 2015-11-27
  ✓ S1: CSRA -9.98%, Portfolio: $1,123,777
  ✓ S2: Long CSRA (-9.98%), Short CSC (0.00%)
      Combined: -4.99%, Portfolio: $939,232

12/223: 2015-12-15: Added=nan, Removed=CMCSK
  Holding Period End Date: 2015-12-18

13/223: 2015-12-22: Added=CHD, Removed=ALTR
  Holding Period End Date: 2015-12-28
  ✓ S1: CHD 0.02%, Portfolio: $1,124,040
    YFinance output for ALTR: 1 Failed download:
['ALTR']: YFTzMissingError('possibly delisted; no timezone found')
    Warning: No data found for ALTR
  ✗ S2: Insufficient data for CHD/ALTR

14/223: 2015-12-28: Added=WLTW, Removed=FOSL
  Holding Period End Date: 2015-12-31
    YFinance output for WLTW: 1 Failed download:
['WLTW']: YFTzMissingError('possibly delisted; no timezone found')
    Warning: No data found for WLTW
  ✗ S1: Insufficient data for WLTW
    YFinance output for WLTW: 1 Failed download:
['WLTW']: YFTzMissingError('possibly delisted; no timezone found')
    Warning: No data found for WLTW
  ✗ S2: Insufficient data for WLTW/FOSL

15/223: 2016-01-13: Added=EXR, Removed=ACE
  Holding Period End Date: 2016-01-19
  ✓ S1: EXR -1.17%, Portfolio: $1,110,861
    YFinance output for ACE: 1 Failed download:
['ACE']: YFPricesMissingError('possibly delisted; no price data found  (1d 2016-01-13 00:00:00 -> 2016-01-20) (Yahoo error = "Data doesn\'t exist for startDate = 1452661200, endDate = 1453266000")')
    Warning: No data found for ACE
  ✗ S2: Insufficient data for EXR/ACE

16/223: 2016-01-22: Added=FRT, Removed=BRCM
  Holding Period End Date: 2016-01-27
  ✓ S1: FRT -1.46%, Portfolio: $1,094,599
    YFinance output for BRCM: 1 Failed download:
['BRCM']: YFPricesMissingError('possibly delisted; no price data found  (1d 2016-01-22 00:00:00 -> 2016-01-28)')
    Warning: No data found for BRCM
  ✗ S2: Insufficient data for FRT/BRCM

17/223: 2016-01-26: Added=CFG, Removed=PCP
  Holding Period End Date: 2016-01-29
  ✓ S1: CFG 4.73%, Portfolio: $1,146,389
    YFinance output for PCP: 1 Failed download:
['PCP']: YFPricesMissingError('possibly delisted; no price data found  (1d 2016-01-26 00:00:00 -> 2016-02-01) (Yahoo error = "Data doesn\'t exist for startDate = 1453784400, endDate = 1454302800")')
    Warning: No data found for PCP
  ✗ S2: Insufficient data for CFG/PCP

18/223: 2016-02-16: Added=CXO, Removed=PCL
  Holding Period End Date: 2016-02-19
    YFinance output for CXO: 1 Failed download:
['CXO']: YFTzMissingError('possibly delisted; no timezone found')
    Warning: No data found for CXO
  ✗ S1: Insufficient data for CXO
    YFinance output for CXO: 1 Failed download:
['CXO']: YFTzMissingError('possibly delisted; no timezone found')
    Warning: No data found for CXO
    YFinance output for PCL: 1 Failed download:
['PCL']: YFPricesMissingError('possibly delisted; no price data found  (1d 2016-02-16 00:00:00 -> 2016-02-22) (Yahoo error = "Data doesn\'t exist for startDate = 1455598800, endDate = 1456117200")')
    Warning: No data found for PCL
  ✗ S2: Insufficient data for CXO/PCL

19/223: 2016-03-01: Added=AWK, Removed=CNX
  Holding Period End Date: 2016-03-04
  ✓ S1: AWK 3.94%, Portfolio: $1,191,507
  ✓ S2: Long AWK (3.94%), Short CNX (-14.46%)
      Combined: -5.26%, Portfolio: $889,802

20/223: 2016-03-04: Added=UDR, Removed=GMCR
  Holding Period End Date: 2016-03-09
  ✓ S1: UDR 2.91%, Portfolio: $1,226,128
    YFinance output for GMCR: 1 Failed download:
['GMCR']: YFPricesMissingError('possibly delisted; no price data found  (1d 2016-03-04 00:00:00 -> 2016-03-10)')
    Warning: No data found for GMCR
  ✗ S2: Insufficient data for UDR/GMCR

21/223: 2016-03-24: Added=CNC, Removed=ESV
  Holding Period End Date: 2016-03-30
  ✓ S1: CNC -2.04%, Portfolio: $1,201,128
    YFinance output for ESV: 1 Failed download:
['ESV']: YFTzMissingError('possibly delisted; no timezone found')
    Warning: No data found for ESV
  ✗ S2: Insufficient data for CNC/ESV

22/223: 2016-03-24: Added=HOLX, Removed=POM
  Holding Period End Date: 2016-03-30
  ✓ S1: HOLX 0.44%, Portfolio: $1,206,373
    YFinance output for POM: 1 Failed download:
['POM']: YFPricesMissingError('possibly delisted; no price data found  (1d 2016-03-24 00:00:00 -> 2016-03-31)')
    Warning: No data found for POM
  ✗ S2: Insufficient data for HOLX/POM

23/223: 2016-03-28: Added=FL, Removed=CAM
  Holding Period End Date: 2016-03-31
  ✓ S1: FL -1.07%, Portfolio: $1,193,422
    YFinance output for CAM: 1 Failed download:
['CAM']: YFPricesMissingError('possibly delisted; no price data found  (1d 2016-03-28 00:00:00 -> 2016-04-01)')
    Warning: No data found for CAM
  ✗ S2: Insufficient data for FL/CAM

24/223: 2016-04-07: Added=ULTA, Removed=THC
  Holding Period End Date: 2016-04-12
  ✓ S1: ULTA 5.06%, Portfolio: $1,253,794
  ✓ S2: Long ULTA (5.06%), Short THC (-1.76%)
      Combined: 1.65%, Portfolio: $904,495

25/223: 2016-04-19: Added=GPN, Removed=GME
  Holding Period End Date: 2016-04-22
  ✓ S1: GPN -4.32%, Portfolio: $1,199,615
  ✓ S2: Long GPN (-4.32%), Short GME (-1.07%)
      Combined: -2.69%, Portfolio: $880,127

26/223: 2016-04-26: Added=AYI, Removed=ADT
  Holding Period End Date: 2016-04-29
  ✓ S1: AYI -4.91%, Portfolio: $1,140,729
    YFinance output for ADT: 1 Failed download:
['ADT']: YFPricesMissingError('possibly delisted; no price data found  (1d 2016-04-26 00:00:00 -> 2016-05-02) (Yahoo error = "Data doesn\'t exist for startDate = 1461643200, endDate = 1462161600")')
    Warning: No data found for ADT
  ✗ S2: Insufficient data for AYI/ADT

27/223: 2016-05-10: Added=ALK, Removed=SNDK
  Holding Period End Date: 2016-05-13
  ✓ S1: ALK -4.43%, Portfolio: $1,090,216
    YFinance output for SNDK: 1 Failed download:
['SNDK']: YFPricesMissingError('possibly delisted; no price data found  (1d 2016-05-10 00:00:00 -> 2016-05-16) (Yahoo error = "Data doesn\'t exist for startDate = 1462852800, endDate = 1463371200")')
    Warning: No data found for SNDK
  ✗ S2: Insufficient data for ALK/SNDK

28/223: 2016-05-13: Added=DLR, Removed=TWC
  Holding Period End Date: 2016-05-18
  ✓ S1: DLR -0.89%, Portfolio: $1,080,515
    YFinance output for TWC: 1 Failed download:
['TWC']: YFPricesMissingError('possibly delisted; no price data found  (1d 2016-05-13 00:00:00 -> 2016-05-19)')
    Warning: No data found for TWC
  ✗ S2: Insufficient data for DLR/TWC

29/223: 2016-05-18: Added=LKQ, Removed=ARG
  Holding Period End Date: 2016-05-23
  ✓ S1: LKQ -0.28%, Portfolio: $1,077,476
    YFinance output for ARG: 1 Failed download:
['ARG']: YFPricesMissingError('possibly delisted; no price data found  (1d 2016-05-18 00:00:00 -> 2016-05-24) (Yahoo error = "Data doesn\'t exist for startDate = 1463544000, endDate = 1464062400")')
    Warning: No data found for ARG
  ✗ S2: Insufficient data for LKQ/ARG

30/223: 2016-05-24: Added=AJG, Removed=CCE
  Holding Period End Date: 2016-05-27
  ✓ S1: AJG 0.15%, Portfolio: $1,079,043
    YFinance output for CCE: 1 Failed download:
['CCE']: YFPricesMissingError('possibly delisted; no price data found  (1d 2016-05-24 00:00:00 -> 2016-05-31)')
    Warning: No data found for CCE
  ✗ S2: Insufficient data for AJG/CCE

31/223: 2016-05-27: Added=TDG, Removed=BXLT
  Holding Period End Date: 2016-06-02
  ✓ S1: TDG 3.86%, Portfolio: $1,120,650
    YFinance output for BXLT: 1 Failed download:
['BXLT']: YFPricesMissingError('possibly delisted; no price data found  (1d 2016-05-27 00:00:00 -> 2016-06-03)')
    Warning: No data found for BXLT
  ✗ S2: Insufficient data for TDG/BXLT

32/223: 2016-06-21: Added=FBHS, Removed=CVC
  Holding Period End Date: 2016-06-24
    YFinance output for FBHS: 1 Failed download:
['FBHS']: YFTzMissingError('possibly delisted; no timezone found')
    Warning: No data found for FBHS
  ✗ S1: Insufficient data for FBHS
    YFinance output for FBHS: 1 Failed download:
['FBHS']: YFTzMissingError('possibly delisted; no timezone found')
    Warning: No data found for FBHS
    YFinance output for CVC: 1 Failed download:
['CVC']: YFPricesMissingError('possibly delisted; no price data found  (1d 2016-06-21 00:00:00 -> 2016-06-27)')
    Warning: No data found for CVC
  ✗ S2: Insufficient data for FBHS/CVC

33/223: 2016-06-23: Added=FTV, Removed=CPGX
  Holding Period End Date: 2016-06-28
    YFinance output for FTV: 1 Failed download:
['FTV']: YFPricesMissingError('possibly delisted; no price data found  (1d 2016-06-23 00:00:00 -> 2016-06-29) (Yahoo error = "Data doesn\'t exist for startDate = 1466654400, endDate = 1467172800")')
    Warning: No data found for FTV
  ✗ S1: Insufficient data for FTV
    YFinance output for FTV: 1 Failed download:
['FTV']: YFPricesMissingError('possibly delisted; no price data found  (1d 2016-06-23 00:00:00 -> 2016-06-29) (Yahoo error = "Data doesn\'t exist for startDate = 1466654400, endDate = 1467172800")')
    Warning: No data found for FTV
    YFinance output for CPGX: 1 Failed download:
['CPGX']: YFPricesMissingError('possibly delisted; no price data found  (1d 2016-06-23 00:00:00 -> 2016-06-29)')
    Warning: No data found for CPGX
  ✗ S2: Insufficient data for FTV/CPGX

34/223: 2016-06-23: Added=ALB, Removed=TE
  Holding Period End Date: 2016-06-28
  ✓ S1: ALB -7.24%, Portfolio: $1,039,522
    YFinance output for TE: 1 Failed download:
['TE']: YFPricesMissingError('possibly delisted; no price data found  (1d 2016-06-23 00:00:00 -> 2016-06-29) (Yahoo error = "Data doesn\'t exist for startDate = 1466654400, endDate = 1467172800")')
    Warning: No data found for TE
  ✗ S2: Insufficient data for ALB/TE

35/223: 2016-06-29: Added=LNT, Removed=GAS
  Holding Period End Date: 2016-07-05
  ✓ S1: LNT 2.64%, Portfolio: $1,066,934
  ✓ S2: Long LNT (2.64%), Short GAS (-5.34%)
      Combined: -1.35%, Portfolio: $868,216

36/223: 2016-08-25: Added=MTD, Removed=TYC
  Holding Period End Date: 2016-08-30
  ✓ S1: MTD -0.17%, Portfolio: $1,065,116
    YFinance output for TYC: 1 Failed download:
['TYC']: YFPricesMissingError('possibly delisted; no price data found  (1d 2016-08-25 00:00:00 -> 2016-08-31)')
    Warning: No data found for TYC
  ✗ S2: Insufficient data for MTD/TYC

37/223: 2016-08-31: Added=CHTR, Removed=EMC
  Holding Period End Date: 2016-09-06
  ✓ S1: CHTR 6.79%, Portfolio: $1,137,419
    YFinance output for EMC: 1 Failed download:
['EMC']: YFPricesMissingError('possibly delisted; no price data found  (1d 2016-08-31 00:00:00 -> 2016-09-07) (Yahoo error = "Data doesn\'t exist for startDate = 1472616000, endDate = 1473220800")')
    Warning: No data found for EMC
  ✗ S2: Insufficient data for CHTR/EMC

38/223: 2016-09-10: Added=COO, Removed=HOT
  Holding Period End Date: 2016-09-15
  ✓ S1: COO 1.69%, Portfolio: $1,156,666
  ✓ S2: Long COO (1.69%), Short HOT (-0.59%)
      Combined: 0.55%, Portfolio: $872,990

39/223: 2016-09-27: Added=COTY, Removed=DO
  Holding Period End Date: 2016-09-30
  ✓ S1: COTY 0.21%, Portfolio: $1,159,132
    YFinance output for DO: 1 Failed download:
['DO']: YFTzMissingError('possibly delisted; no timezone found')
    Warning: No data found for DO
  ✗ S2: Insufficient data for COTY/DO

40/223: 2016-11-29: Added=MAA, Removed=OI
  Holding Period End Date: 2016-12-02
  ✓ S1: MAA -4.78%, Portfolio: $1,103,776
  ✓ S2: Long MAA (-4.78%), Short OI (-0.17%)
      Combined: -2.47%, Portfolio: $851,422

41/223: 2016-11-29: Added=EVHC, Removed=LM
  Holding Period End Date: 2016-12-02
  ✓ S1: EVHC 3.75%, Portfolio: $1,145,221
    YFinance output for LM: 1 Failed download:
['LM']: YFTzMissingError('possibly delisted; no timezone found')
    Warning: No data found for LM
  ✗ S2: Insufficient data for EVHC/LM

42/223: 2017-01-03: Added=IDXX, Removed=STJ
  Holding Period End Date: 2017-01-06
  ✓ S1: IDXX 0.65%, Portfolio: $1,152,622
    YFinance output for STJ: 1 Failed download:
['STJ']: YFPricesMissingError('possibly delisted; no price data found  (1d 2017-01-03 00:00:00 -> 2017-01-09)')
    Warning: No data found for STJ
  ✗ S2: Insufficient data for IDXX/STJ

43/223: 2017-02-23: Added=INCY, Removed=SE
  Holding Period End Date: 2017-02-28
  ✓ S1: INCY 9.14%, Portfolio: $1,258,007
    YFinance output for SE: 1 Failed download:
['SE']: YFPricesMissingError('possibly delisted; no price data found  (1d 2017-02-23 00:00:00 -> 2017-03-01) (Yahoo error = "Data doesn\'t exist for startDate = 1487826000, endDate = 1488344400")')
    Warning: No data found for SE
  ✗ S2: Insufficient data for INCY/SE

44/223: 2017-02-23: Added=CBOE, Removed=PBI
  Holding Period End Date: 2017-02-28
  ✓ S1: CBOE -2.75%, Portfolio: $1,223,367
  ✓ S2: Long CBOE (-2.75%), Short PBI (1.25%)
      Combined: -0.75%, Portfolio: $845,006

45/223: 2017-02-23: Added=REG, Removed=ENDP
  Holding Period End Date: 2017-02-28
  ✓ S1: REG -0.85%, Portfolio: $1,213,022
    YFinance output for ENDP: 1 Failed download:
['ENDP']: YFTzMissingError('possibly delisted; no timezone found')
    Warning: No data found for ENDP
  ✗ S2: Insufficient data for REG/ENDP

46/223: 2017-03-06: Added=DISH, Removed=LLTC
  Holding Period End Date: 2017-03-09
    YFinance output for DISH: 1 Failed download:
['DISH']: YFTzMissingError('possibly delisted; no timezone found')
    Warning: No data found for DISH
  ✗ S1: Insufficient data for DISH
    YFinance output for DISH: 1 Failed download:
['DISH']: YFTzMissingError('possibly delisted; no timezone found')
    Warning: No data found for DISH
    YFinance output for LLTC: 1 Failed download:
['LLTC']: YFPricesMissingError('possibly delisted; no price data found  (1d 2017-03-06 00:00:00 -> 2017-03-10)')
    Warning: No data found for LLTC
  ✗ S2: Insufficient data for DISH/LLTC

47/223: 2017-03-10: Added=ARE, Removed=FSLR
  Holding Period End Date: 2017-03-15
  ✓ S1: ARE 1.47%, Portfolio: $1,230,859
  ✓ S2: Long ARE (1.47%), Short FSLR (-1.82%)
      Combined: -0.17%, Portfolio: $843,537

48/223: 2017-03-10: Added=RJF, Removed=FTR
  Holding Period End Date: 2017-03-15
  ✓ S1: RJF -2.64%, Portfolio: $1,198,418
    YFinance output for FTR: 1 Failed download:
['FTR']: YFTzMissingError('possibly delisted; no timezone found')
    Warning: No data found for FTR
  ✗ S2: Insufficient data for RJF/FTR

49/223: 2017-03-10: Added=AMD, Removed=URBN
  Holding Period End Date: 2017-03-15
  ✓ S1: AMD 0.50%, Portfolio: $1,204,449
  ✓ S2: Long AMD (0.50%), Short URBN (4.48%)
      Combined: 2.49%, Portfolio: $864,568

50/223: 2017-03-13: Added=SNPS, Removed=HAR
  Holding Period End Date: 2017-03-16
  ✓ S1: SNPS -1.84%, Portfolio: $1,182,228
  ✓ S2: Long SNPS (-1.84%), Short HAR (-4.34%)
      Combined: -3.09%, Portfolio: $837,852

51/223: 2017-03-28: Added=DXC, Removed=SWN
  Holding Period End Date: 2017-03-31
  ✓ S1: DXC -0.09%, Portfolio: $1,181,201
    YFinance output for SWN: 1 Failed download:
['SWN']: YFTzMissingError('possibly delisted; no timezone found')
    Warning: No data found for SWN
  ✗ S2: Insufficient data for DXC/SWN

52/223: 2017-03-29: Added=IT, Removed=DNB
  Holding Period End Date: 2017-04-03
  ✓ S1: IT 0.32%, Portfolio: $1,185,008
    YFinance output for DNB: 1 Failed download:
['DNB']: YFPricesMissingError('possibly delisted; no price data found  (1d 2017-03-29 00:00:00 -> 2017-04-04) (Yahoo error = "Data doesn\'t exist for startDate = 1490760000, endDate = 1491278400")')
    Warning: No data found for DNB
  ✗ S2: Insufficient data for IT/DNB

53/223: 2017-05-24: Added=INFO, Removed=TGNA
  Holding Period End Date: 2017-05-30
    YFinance output for INFO: 1 Failed download:
['INFO']: YFPricesMissingError('possibly delisted; no price data found  (1d 2017-05-24 00:00:00 -> 2017-05-31) (Yahoo error = "Data doesn\'t exist for startDate = 1495598400, endDate = 1496203200")')
    Warning: No data found for INFO
  ✗ S1: Insufficient data for INFO
    YFinance output for INFO: 1 Failed download:
['INFO']: YFPricesMissingError('possibly delisted; no price data found  (1d 2017-05-24 00:00:00 -> 2017-05-31) (Yahoo error = "Data doesn\'t exist for startDate = 1495598400, endDate = 1496203200")')
    Warning: No data found for INFO
  ✗ S2: Insufficient data for INFO/TGNA

54/223: 2017-06-09: Added=ANSS, Removed=R
  Holding Period End Date: 2017-06-14
  ✓ S1: ANSS -1.43%, Portfolio: $1,168,068
  ✓ S2: Long ANSS (-1.43%), Short R (-3.02%)
      Combined: -2.23%, Portfolio: $819,199

55/223: 2017-06-09: Added=ALGN, Removed=TDC
  Holding Period End Date: 2017-06-14
  ✓ S1: ALGN -3.06%, Portfolio: $1,132,363
  ✓ S2: Long ALGN (-3.06%), Short TDC (-1.83%)
      Combined: -2.44%, Portfolio: $799,192

56/223: 2017-06-09: Added=HLT, Removed=YHOO
  Holding Period End Date: 2017-06-14
  ✓ S1: HLT 2.32%, Portfolio: $1,158,595
    YFinance output for YHOO: 1 Failed download:
['YHOO']: YFTzMissingError('possibly delisted; no timezone found')
    Warning: No data found for YHOO
  ✗ S2: Insufficient data for HLT/YHOO

57/223: 2017-06-12: Added=RE, Removed=MJN
  Holding Period End Date: 2017-06-15
    YFinance output for RE: 1 Failed download:
['RE']: YFTzMissingError('possibly delisted; no timezone found')
    Warning: No data found for RE
  ✗ S1: Insufficient data for RE
    YFinance output for RE: 1 Failed download:
['RE']: YFTzMissingError('possibly delisted; no timezone found')
    Warning: No data found for RE
    YFinance output for MJN: 1 Failed download:
['MJN']: YFPricesMissingError('possibly delisted; no price data found  (1d 2017-06-12 00:00:00 -> 2017-06-16)')
    Warning: No data found for MJN
  ✗ S2: Insufficient data for RE/MJN

58/223: 2017-06-30: Added=BKR, Removed=BHI
  Holding Period End Date: 2017-07-06
  ✓ S1: BKR -2.53%, Portfolio: $1,129,250
    YFinance output for BHI: 1 Failed download:
['BHI']: YFPricesMissingError('possibly delisted; no price data found  (1d 2017-06-30 00:00:00 -> 2017-07-07) (Yahoo error = "Data doesn\'t exist for startDate = 1498795200, endDate = 1499400000")')
    Warning: No data found for BHI
  ✗ S2: Insufficient data for BKR/BHI

59/223: 2017-07-19: Added=MGM, Removed=RAI
  Holding Period End Date: 2017-07-24
  ✓ S1: MGM 3.66%, Portfolio: $1,170,576
    YFinance output for RAI: 1 Failed download:
['RAI']: YFPricesMissingError('possibly delisted; no price data found  (1d 2017-07-19 00:00:00 -> 2017-07-25)')
    Warning: No data found for RAI
  ✗ S2: Insufficient data for MGM/RAI

60/223: 2017-07-19: Added=RMD, Removed=MNK
  Holding Period End Date: 2017-07-24
  ✓ S1: RMD -1.11%, Portfolio: $1,157,530
    YFinance output for MNK: 1 Failed download:
['MNK']: YFTzMissingError('possibly delisted; no timezone found')
    Warning: No data found for MNK
  ✗ S2: Insufficient data for RMD/MNK

61/223: 2017-07-19: Added=PKG, Removed=MUR
  Holding Period End Date: 2017-07-24
  ✓ S1: PKG -2.93%, Portfolio: $1,123,613
  ✓ S2: Long PKG (-2.93%), Short MUR (5.49%)
      Combined: 1.28%, Portfolio: $809,416

62/223: 2017-07-19: Added=AOS, Removed=BBBY
  Holding Period End Date: 2017-07-24
  ✓ S1: AOS -3.98%, Portfolio: $1,078,926
    YFinance output for BBBY: 1 Failed download:
['BBBY']: YFTzMissingError('possibly delisted; no timezone found')
    Warning: No data found for BBBY
  ✗ S2: Insufficient data for AOS/BBBY

63/223: 2017-07-19: Added=DRE, Removed=RIG
  Holding Period End Date: 2017-07-24
    YFinance output for DRE: 1 Failed download:
['DRE']: YFTzMissingError('possibly delisted; no timezone found')
    Warning: No data found for DRE
  ✗ S1: Insufficient data for DRE
    YFinance output for DRE: 1 Failed download:
['DRE']: YFTzMissingError('possibly delisted; no timezone found')
    Warning: No data found for DRE
  ✗ S2: Insufficient data for DRE/RIG

64/223: 2017-07-31: Added=BHF, Removed=AN
  Holding Period End Date: 2017-08-03
  ✓ S1: BHF -3.03%, Portfolio: $1,046,231
  ✓ S2: Long BHF (-3.03%), Short AN (9.45%)
      Combined: 3.21%, Portfolio: $835,407

65/223: 2017-08-24: Added=Q, Removed=WFM
  Holding Period End Date: 2017-08-29
    YFinance output for Q: 1 Failed download:
['Q']: YFPricesMissingError('possibly delisted; no price data found  (1d 2017-08-24 00:00:00 -> 2017-08-30)')
    Warning: No data found for Q
  ✗ S1: Insufficient data for Q
    YFinance output for Q: 1 Failed download:
['Q']: YFPricesMissingError('possibly delisted; no price data found  (1d 2017-08-24 00:00:00 -> 2017-08-30)')
    Warning: No data found for Q
    YFinance output for WFM: 1 Failed download:
['WFM']: YFPricesMissingError('possibly delisted; no price data found  (1d 2017-08-24 00:00:00 -> 2017-08-30)')
    Warning: No data found for WFM
  ✗ S2: Insufficient data for Q/WFM

66/223: 2017-08-24: Added=SBAC, Removed=DD
  Holding Period End Date: 2017-08-29
  ✓ S1: SBAC 2.65%, Portfolio: $1,073,927
  ✓ S2: Long SBAC (2.65%), Short DD (0.20%)
      Combined: 1.42%, Portfolio: $847,310

67/223: 2017-08-24: Added=DWDP, Removed=DOW
  Holding Period End Date: 2017-08-29
    YFinance output for DWDP: 1 Failed download:
['DWDP']: YFTzMissingError('possibly delisted; no timezone found')
    Warning: No data found for DWDP
  ✗ S1: Insufficient data for DWDP
    YFinance output for DWDP: 1 Failed download:
['DWDP']: YFTzMissingError('possibly delisted; no timezone found')
    Warning: No data found for DWDP
    YFinance output for DOW: 1 Failed download:
['DOW']: YFPricesMissingError('possibly delisted; no price data found  (1d 2017-08-24 00:00:00 -> 2017-08-30) (Yahoo error = "Data doesn\'t exist for startDate = 1503547200, endDate = 1504065600")')
    Warning: No data found for DOW
  ✗ S2: Insufficient data for DWDP/DOW

68/223: 2017-08-24: Added=CDNS, Removed=SPLS
  Holding Period End Date: 2017-08-29
  ✓ S1: CDNS 1.96%, Portfolio: $1,095,012
    YFinance output for SPLS: 1 Failed download:
['SPLS']: YFPricesMissingError('possibly delisted; no price data found  (1d 2017-08-24 00:00:00 -> 2017-08-30)')
    Warning: No data found for SPLS
  ✗ S2: Insufficient data for CDNS/SPLS

69/223: 2017-10-04: Added=NCLH, Removed=LVLT
  Holding Period End Date: 2017-10-09
  ✓ S1: NCLH 5.20%, Portfolio: $1,151,934
    YFinance output for LVLT: 1 Failed download:
['LVLT']: YFPricesMissingError('possibly delisted; no price data found  (1d 2017-10-04 00:00:00 -> 2017-10-10)')
    Warning: No data found for LVLT
  ✗ S2: Insufficient data for NCLH/LVLT

70/223: 2017-12-28: Added=HII, Removed=BCR
  Holding Period End Date: 2018-01-03
  ✓ S1: HII -4.20%, Portfolio: $1,103,538
    YFinance output for BCR: 1 Failed download:
['BCR']: YFPricesMissingError('possibly delisted; no price data found  (1d 2017-12-28 00:00:00 -> 2018-01-04)')
    Warning: No data found for BCR
  ✗ S2: Insufficient data for HII/BCR

71/223: 2018-03-02: Added=IPGP, Removed=SNI
  Holding Period End Date: 2018-03-07
  ✓ S1: IPGP -0.83%, Portfolio: $1,094,342
    YFinance output for SNI: 1 Failed download:
['SNI']: YFPricesMissingError('possibly delisted; no price data found  (1d 2018-03-02 00:00:00 -> 2018-03-08)')
    Warning: No data found for SNI
  ✗ S2: Insufficient data for IPGP/SNI

72/223: 2018-03-09: Added=TTWO, Removed=SIG
  Holding Period End Date: 2018-03-14
  ✓ S1: TTWO -6.33%, Portfolio: $1,025,084
  ✓ S2: Long TTWO (-6.33%), Short SIG (27.94%)
      Combined: 10.81%, Portfolio: $938,882

73/223: 2018-03-09: Added=NKTR, Removed=CHK
  Holding Period End Date: 2018-03-14
  ✓ S1: NKTR -3.54%, Portfolio: $988,845
    YFinance output for CHK: 1 Failed download:
['CHK']: YFTzMissingError('possibly delisted; no timezone found')
    Warning: No data found for CHK
  ✗ S2: Insufficient data for NKTR/CHK

74/223: 2018-03-09: Added=SIVB, Removed=PDCO
  Holding Period End Date: 2018-03-14
    YFinance output for SIVB: 1 Failed download:
['SIVB']: YFTzMissingError('possibly delisted; no timezone found')
    Warning: No data found for SIVB
  ✗ S1: Insufficient data for SIVB
    YFinance output for SIVB: 1 Failed download:
['SIVB']: YFTzMissingError('possibly delisted; no timezone found')
    Warning: No data found for SIVB
    YFinance output for PDCO: 1 Failed download:
['PDCO']: YFTzMissingError('possibly delisted; no timezone found')
    Warning: No data found for PDCO
  ✗ S2: Insufficient data for SIVB/PDCO

75/223: 2018-03-28: Added=MSCI, Removed=CSRA
  Holding Period End Date: 2018-04-03
  ✓ S1: MSCI -3.21%, Portfolio: $957,055
  ✓ S2: Long MSCI (-3.21%), Short CSRA (0.00%)
      Combined: -1.61%, Portfolio: $923,790

76/223: 2018-05-25: Added=ABMD, Removed=WYN
  Holding Period End Date: 2018-05-31
    YFinance output for ABMD: 1 Failed download:
['ABMD']: YFTzMissingError('possibly delisted; no timezone found')
    Warning: No data found for ABMD
  ✗ S1: Insufficient data for ABMD
    YFinance output for ABMD: 1 Failed download:
['ABMD']: YFTzMissingError('possibly delisted; no timezone found')
    Warning: No data found for ABMD
    YFinance output for WYN: 1 Failed download:
['WYN']: YFPricesMissingError('possibly delisted; no price data found  (1d 2018-05-25 00:00:00 -> 2018-06-01)')
    Warning: No data found for WYN
  ✗ S2: Insufficient data for ABMD/WYN

77/223: 2018-05-31: Added=EVRG, Removed=NAVI
  Holding Period End Date: 2018-06-05
  ✓ S1: EVRG -4.32%, Portfolio: $915,701
  ✓ S2: Long EVRG (-4.32%), Short NAVI (-6.63%)
      Combined: -5.47%, Portfolio: $873,226

78/223: 2018-06-04: Added=TWTR, Removed=MON
  Holding Period End Date: 2018-06-07
    YFinance output for TWTR: 1 Failed download:
['TWTR']: YFTzMissingError('possibly delisted; no timezone found')
    Warning: No data found for TWTR
  ✗ S1: Insufficient data for TWTR
    YFinance output for TWTR: 1 Failed download:
['TWTR']: YFTzMissingError('possibly delisted; no timezone found')
    Warning: No data found for TWTR
    YFinance output for MON: 1 Failed download:
['MON']: YFTzMissingError('possibly delisted; no timezone found')
    Warning: No data found for MON
  ✗ S2: Insufficient data for TWTR/MON

79/223: 2018-06-08: Added=HFC, Removed=AYI
  Holding Period End Date: 2018-06-13
    YFinance output for HFC: 1 Failed download:
['HFC']: YFTzMissingError('possibly delisted; no timezone found')
    Warning: No data found for HFC
  ✗ S1: Insufficient data for HFC
    YFinance output for HFC: 1 Failed download:
['HFC']: YFTzMissingError('possibly delisted; no timezone found')
    Warning: No data found for HFC
  ✗ S2: Insufficient data for HFC/AYI

80/223: 2018-06-08: Added=BR, Removed=RRC
  Holding Period End Date: 2018-06-13
  ✓ S1: BR -3.07%, Portfolio: $887,632
  ✓ S2: Long BR (-3.07%), Short RRC (-3.37%)
      Combined: -3.22%, Portfolio: $845,131

81/223: 2018-06-15: Added=FLT, Removed=TWX
  Holding Period End Date: 2018-06-20
    YFinance output for FLT: 1 Failed download:
['FLT']: YFTzMissingError('possibly delisted; no timezone found')
    Warning: No data found for FLT
  ✗ S1: Insufficient data for FLT
    YFinance output for FLT: 1 Failed download:
['FLT']: YFTzMissingError('possibly delisted; no timezone found')
    Warning: No data found for FLT
  ✗ S2: Insufficient data for FLT/TWX

82/223: 2018-06-25: Added=CPRT, Removed=DPS
  Holding Period End Date: 2018-06-28
  ✓ S1: CPRT -3.93%, Portfolio: $852,766
    YFinance output for DPS: 1 Failed download:
['DPS']: YFPricesMissingError('possibly delisted; no price data found  (1d 2018-06-25 00:00:00 -> 2018-06-29)')
    Warning: No data found for DPS
  ✗ S2: Insufficient data for CPRT/DPS

83/223: 2018-08-23: Added=ANET, Removed=GGP
  Holding Period End Date: 2018-08-28
  ✓ S1: ANET 7.64%, Portfolio: $917,913
    YFinance output for GGP: 1 Failed download:
['GGP']: YFPricesMissingError('possibly delisted; no price data found  (1d 2018-08-23 00:00:00 -> 2018-08-29)')
    Warning: No data found for GGP
  ✗ S2: Insufficient data for ANET/GGP

84/223: 2018-09-11: Added=WCG, Removed=XL
  Holding Period End Date: 2018-09-14
    YFinance output for WCG: 1 Failed download:
['WCG']: YFTzMissingError('possibly delisted; no timezone found')
    Warning: No data found for WCG
  ✗ S1: Insufficient data for WCG
    YFinance output for WCG: 1 Failed download:
['WCG']: YFTzMissingError('possibly delisted; no timezone found')
    Warning: No data found for WCG
    YFinance output for XL: 1 Failed download:
['XL']: YFTzMissingError('possibly delisted; no timezone found')
    Warning: No data found for XL
  ✗ S2: Insufficient data for WCG/XL

85/223: 2018-09-25: Added=ROL, Removed=ANDV
  Holding Period End Date: 2018-09-28
  ✓ S1: ROL -2.86%, Portfolio: $891,616
  ✓ S2: Long ROL (-2.86%), Short ANDV (2.47%)
      Combined: -0.20%, Portfolio: $843,458

86/223: 2018-10-04: Added=FTNT, Removed=EVHC
  Holding Period End Date: 2018-10-09
  ✓ S1: FTNT -7.54%, Portfolio: $824,412
  ✓ S2: Long FTNT (-7.54%), Short EVHC (-0.11%)
      Combined: -3.82%, Portfolio: $811,213

87/223: 2018-10-30: Added=KEYS, Removed=CA
  Holding Period End Date: 2018-11-02
  ✓ S1: KEYS 0.09%, Portfolio: $825,134
    YFinance output for CA: 1 Failed download:
['CA']: YFPricesMissingError('possibly delisted; no price data found  (1d 2018-10-30 00:00:00 -> 2018-11-05) (Yahoo error = "Data doesn\'t exist for startDate = 1540872000, endDate = 1541394000")')
    Warning: No data found for CA
  ✗ S2: Insufficient data for KEYS/CA

88/223: 2018-11-07: Added=JKHY, Removed=EQT
  Holding Period End Date: 2018-11-12
  ✓ S1: JKHY -3.64%, Portfolio: $795,088
  ✓ S2: Long JKHY (-3.64%), Short EQT (-1.36%)
      Combined: -2.50%, Portfolio: $790,940

89/223: 2018-11-26: Added=FANG, Removed=SRCL
  Holding Period End Date: 2018-11-29
  ✓ S1: FANG 2.46%, Portfolio: $814,654
    YFinance output for SRCL: 1 Failed download:
['SRCL']: YFTzMissingError('possibly delisted; no timezone found')
    Warning: No data found for SRCL
  ✗ S2: Insufficient data for FANG/SRCL

90/223: 2018-11-26: Added=MXIM, Removed=AET
  Holding Period End Date: 2018-11-29
    YFinance output for MXIM: 1 Failed download:
['MXIM']: YFTzMissingError('possibly delisted; no timezone found')
    Warning: No data found for MXIM
  ✗ S1: Insufficient data for MXIM
    YFinance output for MXIM: 1 Failed download:
['MXIM']: YFTzMissingError('possibly delisted; no timezone found')
    Warning: No data found for MXIM
  ✗ S2: Insufficient data for MXIM/AET

91/223: 2018-11-26: Added=LW, Removed=COL
  Holding Period End Date: 2018-11-29
  ✓ S1: LW -4.52%, Portfolio: $777,859
  ✓ S2: Long LW (-4.52%), Short COL (0.00%)
      Combined: -2.26%, Portfolio: $773,078

92/223: 2018-12-27: Added=CE, Removed=ESRX
  Holding Period End Date: 2019-01-02
  ✓ S1: CE 1.77%, Portfolio: $791,660
    YFinance output for ESRX: 1 Failed download:
['ESRX']: YFPricesMissingError('possibly delisted; no price data found  (1d 2018-12-27 00:00:00 -> 2019-01-03)')
    Warning: No data found for ESRX
  ✗ S2: Insufficient data for CE/ESRX

93/223: 2018-12-27: Added=FRC, Removed=SCG
  Holding Period End Date: 2019-01-02
    YFinance output for FRC: 1 Failed download:
['FRC']: YFTzMissingError('possibly delisted; no timezone found')
    Warning: No data found for FRC
  ✗ S1: Insufficient data for FRC
    YFinance output for FRC: 1 Failed download:
['FRC']: YFTzMissingError('possibly delisted; no timezone found')
    Warning: No data found for FRC
  ✗ S2: Insufficient data for FRC/SCG

94/223: 2019-01-15: Added=TFX, Removed=PCG
  Holding Period End Date: 2019-01-18
  ✓ S1: TFX 0.71%, Portfolio: $797,255
  ✓ S2: Long TFX (0.71%), Short PCG (-4.43%)
      Combined: -1.86%, Portfolio: $758,702

95/223: 2019-02-08: Added=ATO, Removed=NFX
  Holding Period End Date: 2019-02-13
  ✓ S1: ATO -1.41%, Portfolio: $786,025
  ✓ S2: Long ATO (-1.41%), Short NFX (-4.51%)
      Combined: -2.96%, Portfolio: $736,246

96/223: 2019-02-21: Added=WAB, Removed=GT
  Holding Period End Date: 2019-02-26
  ✓ S1: WAB 0.52%, Portfolio: $790,084
  ✓ S2: Long WAB (0.52%), Short GT (-3.13%)
      Combined: -1.31%, Portfolio: $726,614

97/223: 2019-03-14: Added=FOXA, Removed=FOXA
  Holding Period End Date: 2019-03-19
  ✓ S1: FOXA -0.76%, Portfolio: $784,059
  ✓ S2: Long FOXA (-0.76%), Short FOXA (0.77%)
      Combined: 0.00%, Portfolio: $726,636

98/223: 2019-03-14: Added=FOX, Removed=FOX
  Holding Period End Date: 2019-03-19
  ✓ S1: FOX -1.03%, Portfolio: $776,015
  ✓ S2: Long FOX (-1.03%), Short FOX (1.04%)
      Combined: 0.01%, Portfolio: $726,674

99/223: 2019-03-26: Added=DOW, Removed=BHF
  Holding Period End Date: 2019-03-29
  ✓ S1: DOW 5.69%, Portfolio: $820,177
  ✓ S2: Long DOW (5.69%), Short BHF (-0.83%)
      Combined: 2.43%, Portfolio: $744,348

100/223: 2019-05-28: Added=CTVA, Removed=FLR
  Holding Period End Date: 2019-05-31
  ✓ S1: CTVA -6.24%, Portfolio: $768,996
  ✓ S2: Long CTVA (-6.24%), Short FLR (2.17%)
      Combined: -2.03%, Portfolio: $729,202

101/223: 2019-05-28: Added=DD, Removed=DWDP
  Holding Period End Date: 2019-05-31
  ✓ S1: DD -0.81%, Portfolio: $762,748
    YFinance output for DWDP: 1 Failed download:
['DWDP']: YFTzMissingError('possibly delisted; no timezone found')
    Warning: No data found for DWDP
  ✗ S2: Insufficient data for DD/DWDP

102/223: 2019-06-03: Added=BMS, Removed=MAT
  Holding Period End Date: 2019-06-06
  ✓ S1: BMS -2.69%, Portfolio: $742,241
  ✓ S2: Long BMS (-2.69%), Short MAT (-10.57%)
      Combined: -6.63%, Portfolio: $680,877

103/223: 2019-06-03: Added=AMCR, Removed=BMS
  Holding Period End Date: 2019-06-06
  ✓ S1: AMCR 0.00%, Portfolio: $742,241
  ✓ S2: Long AMCR (0.00%), Short BMS (2.76%)
      Combined: 1.38%, Portfolio: $690,284

104/223: 2019-06-24: Added=MKTX, Removed=LLL
  Holding Period End Date: 2019-06-27
  ✓ S1: MKTX -5.01%, Portfolio: $705,064
    YFinance output for LLL: 1 Failed download:
['LLL']: YFTzMissingError('possibly delisted; no timezone found')
    Warning: No data found for LLL
  ✗ S2: Insufficient data for MKTX/LLL

105/223: 2019-07-09: Added=TMUS, Removed=RHT
  Holding Period End Date: 2019-07-12
  ✓ S1: TMUS 5.72%, Portfolio: $745,407
    YFinance output for RHT: 1 Failed download:
['RHT']: YFTzMissingError('possibly delisted; no timezone found')
    Warning: No data found for RHT
  ✗ S2: Insufficient data for TMUS/RHT

106/223: 2019-08-01: Added=IEX, Removed=FL
  Holding Period End Date: 2019-08-06
  ✓ S1: IEX -5.07%, Portfolio: $707,584
  ✓ S2: Long IEX (-5.07%), Short FL (-1.38%)
      Combined: -3.23%, Portfolio: $668,012

107/223: 2019-08-01: Added=LDOS, Removed=APC
  Holding Period End Date: 2019-08-06
  ✓ S1: LDOS -4.04%, Portfolio: $678,996
    YFinance output for APC: 1 Failed download:
['APC']: YFTzMissingError('possibly delisted; no timezone found')
    Warning: No data found for APC
  ✗ S2: Insufficient data for LDOS/APC

108/223: 2019-09-17: Added=CDW, Removed=TSS
  Holding Period End Date: 2019-09-20
  ✓ S1: CDW 6.38%, Portfolio: $722,313
    YFinance output for TSS: 1 Failed download:
['TSS']: YFTzMissingError('possibly delisted; no timezone found')
    Warning: No data found for TSS
  ✗ S2: Insufficient data for CDW/TSS

109/223: 2019-09-20: Added=NVR, Removed=JEF
  Holding Period End Date: 2019-09-25
  ✓ S1: NVR -1.66%, Portfolio: $710,342
  ✓ S2: Long NVR (-1.66%), Short JEF (-1.12%)
      Combined: -1.39%, Portfolio: $658,742

110/223: 2019-09-20: Added=LVS, Removed=NKTR
  Holding Period End Date: 2019-09-25
  ✓ S1: LVS 1.33%, Portfolio: $719,799
  ✓ S2: Long LVS (1.33%), Short NKTR (7.18%)
      Combined: 4.26%, Portfolio: $686,779

111/223: 2019-11-18: Added=NOW, Removed=CELG
  Holding Period End Date: 2019-11-21
  ✓ S1: NOW 4.81%, Portfolio: $754,423
    YFinance output for CELG: 1 Failed download:
['CELG']: YFTzMissingError('possibly delisted; no timezone found')
    Warning: No data found for CELG
  ✗ S2: Insufficient data for NOW/CELG

112/223: 2019-11-27: Added=WRB, Removed=VIAB
  Holding Period End Date: 2019-12-03
  ✓ S1: WRB -1.66%, Portfolio: $741,880
    YFinance output for VIAB: 1 Failed download:
['VIAB']: YFTzMissingError('possibly delisted; no timezone found')
    Warning: No data found for VIAB
  ✗ S2: Insufficient data for WRB/VIAB

113/223: 2019-12-02: Added=ODFL, Removed=STI
  Holding Period End Date: 2019-12-05
  ✓ S1: ODFL -1.21%, Portfolio: $732,911
    YFinance output for STI: 1 Failed download:
['STI']: YFPricesMissingError('possibly delisted; no price data found  (1d 2019-12-02 00:00:00 -> 2019-12-06) (Yahoo error = "Data doesn\'t exist for startDate = 1575262800, endDate = 1575608400")')
    Warning: No data found for STI
  ✗ S2: Insufficient data for ODFL/STI

114/223: 2019-12-13: Added=ZBRA, Removed=TRIP
  Holding Period End Date: 2019-12-18
  ✓ S1: ZBRA -0.92%, Portfolio: $726,173
  ✓ S2: Long ZBRA (-0.92%), Short TRIP (-2.14%)
      Combined: -1.53%, Portfolio: $676,270

115/223: 2019-12-13: Added=LYV, Removed=AMG
  Holding Period End Date: 2019-12-18
  ✓ S1: LYV -0.61%, Portfolio: $721,772
  ✓ S2: Long LYV (-0.61%), Short AMG (-1.65%)
      Combined: -1.13%, Portfolio: $668,633

116/223: 2019-12-13: Added=STE, Removed=MAC
  Holding Period End Date: 2019-12-18
  ✓ S1: STE -1.76%, Portfolio: $709,087
  ✓ S2: Long STE (-1.76%), Short MAC (-2.03%)
      Combined: -1.89%, Portfolio: $655,968

117/223: 2020-01-22: Added=PAYC, Removed=WCG
  Holding Period End Date: 2020-01-27
  ✓ S1: PAYC 3.05%, Portfolio: $730,715
    YFinance output for WCG: 1 Failed download:
['WCG']: YFTzMissingError('possibly delisted; no timezone found')
    Warning: No data found for WCG
  ✗ S2: Insufficient data for PAYC/WCG

118/223: 2020-02-27: Added=IR, Removed=XEC
  Holding Period End Date: 2020-03-03
  ✓ S1: IR -5.68%, Portfolio: $689,189
    YFinance output for XEC: 1 Failed download:
['XEC']: YFTzMissingError('possibly delisted; no timezone found')
    Warning: No data found for XEC
  ✗ S2: Insufficient data for IR/XEC

119/223: 2020-03-31: Added=nan, Removed=M
  Holding Period End Date: 2020-04-03

120/223: 2020-03-31: Added=nan, Removed=RTN
  Holding Period End Date: 2020-04-03

121/223: 2020-03-31: Added=CARR, Removed=nan
  Holding Period End Date: 2020-04-03
  ✓ S1: CARR -1.91%, Portfolio: $676,005

122/223: 2020-03-31: Added=OTIS, Removed=nan
  Holding Period End Date: 2020-04-03
  ✓ S1: OTIS -5.36%, Portfolio: $639,771

123/223: 2020-05-05: Added=HWM, Removed=ARNC
  Holding Period End Date: 2020-05-08
  ✓ S1: HWM 3.36%, Portfolio: $661,254
    YFinance output for ARNC: 1 Failed download:
['ARNC']: YFTzMissingError('possibly delisted; no timezone found')
    Warning: No data found for ARNC
  ✗ S2: Insufficient data for HWM/ARNC

124/223: 2020-05-06: Added=DXCM, Removed=AGN
  Holding Period End Date: 2020-05-11
  ✓ S1: DXCM 14.96%, Portfolio: $760,193
    YFinance output for AGN: 1 Failed download:
['AGN']: YFTzMissingError('possibly delisted; no timezone found')
    Warning: No data found for AGN
  ✗ S2: Insufficient data for DXCM/AGN

125/223: 2020-05-06: Added=DPZ, Removed=CPRI
  Holding Period End Date: 2020-05-11
  ✓ S1: DPZ 1.39%, Portfolio: $770,790
  ✓ S2: Long DPZ (1.39%), Short CPRI (-7.48%)
      Combined: -3.04%, Portfolio: $636,016

126/223: 2020-05-18: Added=WST, Removed=HP
  Holding Period End Date: 2020-05-21
  ✓ S1: WST -3.38%, Portfolio: $744,745
  ✓ S2: Long WST (-3.38%), Short HP (3.27%)
      Combined: -0.05%, Portfolio: $635,672

127/223: 2020-06-12: Added=BIO, Removed=ADS
  Holding Period End Date: 2020-06-17
  ✓ S1: BIO 1.48%, Portfolio: $755,762
    YFinance output for ADS: 1 Failed download:
['ADS']: YFTzMissingError('possibly delisted; no timezone found')
    Warning: No data found for ADS
  ✗ S2: Insufficient data for BIO/ADS

128/223: 2020-06-12: Added=TDY, Removed=HOG
  Holding Period End Date: 2020-06-17
  ✓ S1: TDY -0.34%, Portfolio: $753,201
  ✓ S2: Long TDY (-0.34%), Short HOG (0.52%)
      Combined: 0.09%, Portfolio: $636,251

129/223: 2020-06-12: Added=TYL, Removed=JWN
  Holding Period End Date: 2020-06-17
  ✓ S1: TYL -1.07%, Portfolio: $745,157
    YFinance output for JWN: 1 Failed download:
['JWN']: YFTzMissingError('possibly delisted; no timezone found')
    Warning: No data found for JWN
  ✗ S2: Insufficient data for TYL/JWN

130/223: 2020-09-04: Added=CTLT, Removed=KSS
  Holding Period End Date: 2020-09-10
    YFinance output for CTLT: 1 Failed download:
['CTLT']: YFTzMissingError('possibly delisted; no timezone found')
    Warning: No data found for CTLT
  ✗ S1: Insufficient data for CTLT
    YFinance output for CTLT: 1 Failed download:
['CTLT']: YFTzMissingError('possibly delisted; no timezone found')
    Warning: No data found for CTLT
  ✗ S2: Insufficient data for CTLT/KSS

131/223: 2020-09-04: Added=ETSY, Removed=HRB
  Holding Period End Date: 2020-09-10
  ✓ S1: ETSY -1.31%, Portfolio: $735,381
  ✓ S2: Long ETSY (-1.31%), Short HRB (1.24%)
      Combined: -0.03%, Portfolio: $636,036

132/223: 2020-09-04: Added=TER, Removed=COTY
  Holding Period End Date: 2020-09-10
  ✓ S1: TER -4.02%, Portfolio: $705,816
  ✓ S2: Long TER (-4.02%), Short COTY (5.74%)
      Combined: 0.86%, Portfolio: $641,497

133/223: 2020-10-01: Added=POOL, Removed=ETFC
  Holding Period End Date: 2020-10-06
  ✓ S1: POOL -0.08%, Portfolio: $705,235
    YFinance output for ETFC: 1 Failed download:
['ETFC']: YFTzMissingError('possibly delisted; no timezone found')
    Warning: No data found for ETFC
  ✗ S2: Insufficient data for POOL/ETFC

134/223: 2020-10-05: Added=VNT, Removed=nan
  Holding Period End Date: 2020-10-08
  ✓ S1: VNT -2.19%, Portfolio: $689,792

135/223: 2020-10-05: Added=nan, Removed=NBL
  Holding Period End Date: 2020-10-08

136/223: 2020-12-11: Added=TSLA, Removed=AIV
  Holding Period End Date: 2020-12-16
  ✓ S1: TSLA 2.10%, Portfolio: $704,244
  ✓ S2: Long TSLA (2.10%), Short AIV (-5.50%)
      Combined: -1.70%, Portfolio: $630,568

137/223: 2020-12-30: Added=ENPH, Removed=TIF
  Holding Period End Date: 2021-01-05
  ✓ S1: ENPH 4.94%, Portfolio: $739,063
    YFinance output for TIF: 1 Failed download:
['TIF']: YFTzMissingError('possibly delisted; no timezone found')
    Warning: No data found for TIF
  ✗ S2: Insufficient data for ENPH/TIF

138/223: 2021-01-15: Added=TRMB, Removed=CXO
  Holding Period End Date: 2021-01-21
  ✓ S1: TRMB 1.22%, Portfolio: $748,107
    YFinance output for CXO: 1 Failed download:
['CXO']: YFTzMissingError('possibly delisted; no timezone found')
    Warning: No data found for CXO
  ✗ S2: Insufficient data for TRMB/CXO

139/223: 2021-02-08: Added=MPWR, Removed=FTI
  Holding Period End Date: 2021-02-11
  ✓ S1: MPWR 4.35%, Portfolio: $780,681
  ✓ S2: Long MPWR (4.35%), Short FTI (2.61%)
      Combined: 3.48%, Portfolio: $652,521

140/223: 2021-03-12: Added=CZR, Removed=VNT
  Holding Period End Date: 2021-03-17
  ✓ S1: CZR -4.55%, Portfolio: $745,146
  ✓ S2: Long CZR (-4.55%), Short VNT (-2.29%)
      Combined: -3.42%, Portfolio: $630,183

141/223: 2021-03-12: Added=PENN, Removed=SLG
  Holding Period End Date: 2021-03-17
  ✓ S1: PENN -4.55%, Portfolio: $711,221
  ✓ S2: Long PENN (-4.55%), Short SLG (3.01%)
      Combined: -0.77%, Portfolio: $625,312

142/223: 2021-03-12: Added=NXPI, Removed=FLS
  Holding Period End Date: 2021-03-17
  ✓ S1: NXPI 13.56%, Portfolio: $807,629
  ✓ S2: Long NXPI (13.56%), Short FLS (2.60%)
      Combined: 8.08%, Portfolio: $675,830

143/223: 2021-03-12: Added=GNRC, Removed=XRX
  Holding Period End Date: 2021-03-17
  ✓ S1: GNRC -3.88%, Portfolio: $776,286
  ✓ S2: Long GNRC (-3.88%), Short XRX (3.42%)
      Combined: -0.23%, Portfolio: $674,274

144/223: 2021-04-15: Added=PTC, Removed=VAR
  Holding Period End Date: 2021-04-20
  ✓ S1: PTC -3.63%, Portfolio: $748,086
    YFinance output for VAR: 1 Failed download:
['VAR']: YFTzMissingError('possibly delisted; no timezone found')
    Warning: No data found for VAR
  ✗ S2: Insufficient data for PTC/VAR

145/223: 2021-05-10: Added=CRL, Removed=FLIR
  Holding Period End Date: 2021-05-13
  ✓ S1: CRL -3.57%, Portfolio: $721,410
    YFinance output for FLIR: 1 Failed download:
['FLIR']: YFTzMissingError('possibly delisted; no timezone found')
    Warning: No data found for FLIR
  ✗ S2: Insufficient data for CRL/FLIR

146/223: 2021-05-27: Added=OGN, Removed=nan
  Holding Period End Date: 2021-06-02
  ✓ S1: OGN -0.68%, Portfolio: $716,533

147/223: 2021-05-27: Added=nan, Removed=HFC
  Holding Period End Date: 2021-06-02

148/223: 2021-07-15: Added=MRNA, Removed=ALXN
  Holding Period End Date: 2021-07-20
  ✓ S1: MRNA 18.35%, Portfolio: $848,030
    YFinance output for ALXN: 1 Failed download:
['ALXN']: YFTzMissingError('possibly delisted; no timezone found')
    Warning: No data found for ALXN
  ✗ S2: Insufficient data for MRNA/ALXN

149/223: 2021-08-24: Added=TECH, Removed=MXIM
  Holding Period End Date: 2021-08-27
  ✓ S1: TECH 0.51%, Portfolio: $852,369
    YFinance output for MXIM: 1 Failed download:
['MXIM']: YFTzMissingError('possibly delisted; no timezone found')
    Warning: No data found for MXIM
  ✗ S2: Insufficient data for TECH/MXIM

150/223: 2021-09-03: Added=BRO, Removed=NOV
  Holding Period End Date: 2021-09-09
  ✓ S1: BRO -0.87%, Portfolio: $844,994
  ✓ S2: Long BRO (-0.87%), Short NOV (1.81%)
      Combined: 0.47%, Portfolio: $677,453

151/223: 2021-09-03: Added=CDAY, Removed=UNM
  Holding Period End Date: 2021-09-09
    YFinance output for CDAY: 1 Failed download:
['CDAY']: YFTzMissingError('possibly delisted; no timezone found')
    Warning: No data found for CDAY
  ✗ S1: Insufficient data for CDAY
    YFinance output for CDAY: 1 Failed download:
['CDAY']: YFTzMissingError('possibly delisted; no timezone found')
    Warning: No data found for CDAY
  ✗ S2: Insufficient data for CDAY/UNM

152/223: 2021-09-03: Added=MTCH, Removed=PRGO
  Holding Period End Date: 2021-09-09
  ✓ S1: MTCH 6.42%, Portfolio: $899,278
  ✓ S2: Long MTCH (6.42%), Short PRGO (-5.36%)
      Combined: 0.53%, Portfolio: $681,059

153/223: 2021-12-03: Added=FDS, Removed=WU
  Holding Period End Date: 2021-12-08
  ✓ S1: FDS 1.74%, Portfolio: $914,896
  ✓ S2: Long FDS (1.74%), Short WU (-2.60%)
      Combined: -0.43%, Portfolio: $678,123

154/223: 2021-12-03: Added=SEDG, Removed=HBI
  Holding Period End Date: 2021-12-08
  ✓ S1: SEDG 7.67%, Portfolio: $985,108
  ✓ S2: Long SEDG (7.67%), Short HBI (-6.52%)
      Combined: 0.58%, Portfolio: $682,026

155/223: 2021-12-03: Added=SBNY, Removed=LEG
  Holding Period End Date: 2021-12-08
    YFinance output for SBNY: 1 Failed download:
['SBNY']: YFPricesMissingError('possibly delisted; no price data found  (1d 2021-12-03 00:00:00 -> 2021-12-09) (Yahoo error = "Data doesn\'t exist for startDate = 1638507600, endDate = 1639026000")')
    Warning: No data found for SBNY
  ✗ S1: Insufficient data for SBNY
    YFinance output for SBNY: 1 Failed download:
['SBNY']: YFPricesMissingError('possibly delisted; no price data found  (1d 2021-12-03 00:00:00 -> 2021-12-09) (Yahoo error = "Data doesn\'t exist for startDate = 1638507600, endDate = 1639026000")')
    Warning: No data found for SBNY
  ✗ S2: Insufficient data for SBNY/LEG

156/223: 2021-12-07: Added=EPAM, Removed=KSU
  Holding Period End Date: 2021-12-10
  ✓ S1: EPAM 17.16%, Portfolio: $1,154,182
    YFinance output for KSU: 1 Failed download:
['KSU']: YFTzMissingError('possibly delisted; no timezone found')
    Warning: No data found for KSU
  ✗ S2: Insufficient data for EPAM/KSU

157/223: 2022-01-26: Added=CEG, Removed=nan
  Holding Period End Date: 2022-01-31
  ✓ S1: CEG 11.06%, Portfolio: $1,281,831

158/223: 2022-01-26: Added=nan, Removed=GPS
  Holding Period End Date: 2022-01-31

159/223: 2022-02-10: Added=NDSN, Removed=XLNX
  Holding Period End Date: 2022-02-15
  ✓ S1: NDSN -0.46%, Portfolio: $1,275,894
    YFinance output for XLNX: 1 Failed download:
['XLNX']: YFTzMissingError('possibly delisted; no timezone found')
    Warning: No data found for XLNX
  ✗ S2: Insufficient data for NDSN/XLNX

160/223: 2022-02-25: Added=MOH, Removed=INFO
  Holding Period End Date: 2022-03-02
  ✓ S1: MOH -3.09%, Portfolio: $1,236,495
    YFinance output for INFO: 1 Failed download:
['INFO']: YFPricesMissingError('possibly delisted; no price data found  (1d 2022-02-25 00:00:00 -> 2022-03-03) (Yahoo error = "Data doesn\'t exist for startDate = 1645765200, endDate = 1646283600")')
    Warning: No data found for INFO
  ✗ S2: Insufficient data for MOH/INFO

161/223: 2022-03-29: Added=CPT, Removed=PBCT
  Holding Period End Date: 2022-04-01
  ✓ S1: CPT 0.71%, Portfolio: $1,245,277
    YFinance output for PBCT: 1 Failed download:
['PBCT']: YFTzMissingError('possibly delisted; no timezone found')
    Warning: No data found for PBCT
  ✗ S2: Insufficient data for CPT/PBCT

162/223: 2022-04-07: Added=WBD, Removed=DISCA
  Holding Period End Date: 2022-04-12
  ✓ S1: WBD 6.98%, Portfolio: $1,332,181
    YFinance output for DISCA: 1 Failed download:
['DISCA']: YFTzMissingError('possibly delisted; no timezone found')
    Warning: No data found for DISCA
  ✗ S2: Insufficient data for WBD/DISCA

163/223: 2022-04-07: Added=nan, Removed=DISCK
  Holding Period End Date: 2022-04-12

164/223: 2022-06-03: Added=VICI, Removed=CERN
  Holding Period End Date: 2022-06-08
  ✓ S1: VICI 0.22%, Portfolio: $1,335,152
    YFinance output for CERN: 1 Failed download:
['CERN']: YFTzMissingError('possibly delisted; no timezone found')
    Warning: No data found for CERN
  ✗ S2: Insufficient data for VICI/CERN

165/223: 2022-06-03: Added=ON, Removed=IPGP
  Holding Period End Date: 2022-06-08
  ✓ S1: ON 1.38%, Portfolio: $1,353,608
  ✓ S2: Long ON (1.38%), Short IPGP (-1.16%)
      Combined: 0.11%, Portfolio: $682,796

166/223: 2022-06-03: Added=KDP, Removed=UAA
  Holding Period End Date: 2022-06-08
  ✓ S1: KDP 3.15%, Portfolio: $1,396,234
  ✓ S2: Long KDP (3.15%), Short UAA (0.73%)
      Combined: 1.94%, Portfolio: $696,048

167/223: 2022-06-03: Added=nan, Removed=UA
  Holding Period End Date: 2022-06-08

168/223: 2022-09-02: Added=CSGP, Removed=PVH
  Holding Period End Date: 2022-09-08
  ✓ S1: CSGP 10.82%, Portfolio: $1,547,301
  ✓ S2: Long CSGP (10.82%), Short PVH (-5.77%)
      Combined: 2.53%, Portfolio: $713,632

169/223: 2022-09-02: Added=INVH, Removed=PENN
  Holding Period End Date: 2022-09-08
  ✓ S1: INVH 6.58%, Portfolio: $1,649,125
  ✓ S2: Long INVH (6.58%), Short PENN (-2.83%)
      Combined: 1.88%, Portfolio: $727,032

170/223: 2022-09-23: Added=PCG, Removed=CTXS
  Holding Period End Date: 2022-09-28
  ✓ S1: PCG 0.87%, Portfolio: $1,663,511
    YFinance output for CTXS: 1 Failed download:
['CTXS']: YFTzMissingError('possibly delisted; no timezone found')
    Warning: No data found for CTXS
  ✗ S2: Insufficient data for PCG/CTXS

171/223: 2022-09-23: Added=EQT, Removed=DRE
  Holding Period End Date: 2022-09-28
  ✓ S1: EQT -1.09%, Portfolio: $1,645,368
    YFinance output for DRE: 1 Failed download:
['DRE']: YFTzMissingError('possibly delisted; no timezone found')
    Warning: No data found for DRE
  ✗ S2: Insufficient data for EQT/DRE

172/223: 2022-10-06: Added=TRGP, Removed=NLSN
  Holding Period End Date: 2022-10-11
  ✓ S1: TRGP 1.51%, Portfolio: $1,670,225
    YFinance output for NLSN: 1 Failed download:
['NLSN']: YFTzMissingError('possibly delisted; no timezone found')
    Warning: No data found for NLSN
  ✗ S2: Insufficient data for TRGP/NLSN

173/223: 2022-10-27: Added=ACGL, Removed=TWTR
  Holding Period End Date: 2022-11-01
  ✓ S1: ACGL 7.25%, Portfolio: $1,791,396
    YFinance output for TWTR: 1 Failed download:
['TWTR']: YFTzMissingError('possibly delisted; no timezone found')
    Warning: No data found for TWTR
  ✗ S2: Insufficient data for ACGL/TWTR

174/223: 2022-12-12: Added=FSLR, Removed=FBHS
  Holding Period End Date: 2022-12-15
  ✓ S1: FSLR 6.08%, Portfolio: $1,900,229
    YFinance output for FBHS: 1 Failed download:
['FBHS']: YFTzMissingError('possibly delisted; no timezone found')
    Warning: No data found for FBHS
  ✗ S2: Insufficient data for FSLR/FBHS

175/223: 2022-12-12: Added=nan, Removed=MBC
  Holding Period End Date: 2022-12-15

176/223: 2022-12-12: Added=MBC, Removed=nan
  Holding Period End Date: 2022-12-15
  ✓ S1: MBC -9.41%, Portfolio: $1,721,384

177/223: 2022-12-19: Added=STLD, Removed=ABMD
  Holding Period End Date: 2022-12-22
  ✓ S1: STLD 1.29%, Portfolio: $1,743,592
    YFinance output for ABMD: 1 Failed download:
['ABMD']: YFTzMissingError('possibly delisted; no timezone found')
    Warning: No data found for ABMD
  ✗ S2: Insufficient data for STLD/ABMD

178/223: 2022-12-28: Added=GEHC, Removed=nan
  Holding Period End Date: 2023-01-03
  ✓ S1: GEHC -2.61%, Portfolio: $1,698,107

179/223: 2022-12-28: Added=nan, Removed=VNO
  Holding Period End Date: 2023-01-03

180/223: 2023-03-03: Added=FICO, Removed=LUMN
  Holding Period End Date: 2023-03-08
  ✓ S1: FICO -0.67%, Portfolio: $1,686,814
  ✓ S2: Long FICO (-0.67%), Short LUMN (4.97%)
      Combined: 2.15%, Portfolio: $742,670

181/223: 2023-03-10: Added=PODD, Removed=SIVB
  Holding Period End Date: 2023-03-15
  ✓ S1: PODD 9.82%, Portfolio: $1,852,451
    YFinance output for SIVB: 1 Failed download:
['SIVB']: YFTzMissingError('possibly delisted; no timezone found')
    Warning: No data found for SIVB
  ✗ S2: Insufficient data for PODD/SIVB

182/223: 2023-03-13: Added=BG, Removed=SBNY
  Holding Period End Date: 2023-03-16
  ✓ S1: BG 5.83%, Portfolio: $1,960,489
    YFinance output for SBNY: 1 Failed download:
['SBNY']: YFPricesMissingError('possibly delisted; no price data found  (1d 2023-03-13 00:00:00 -> 2023-03-17) (Yahoo error = "Data doesn\'t exist for startDate = 1678680000, endDate = 1679025600")')
    Warning: No data found for SBNY
  ✗ S2: Insufficient data for BG/SBNY

183/223: 2023-05-01: Added=AXON, Removed=FRC
  Holding Period End Date: 2023-05-04
  ✓ S1: AXON 1.44%, Portfolio: $1,988,626
    YFinance output for FRC: 1 Failed download:
['FRC']: YFTzMissingError('possibly delisted; no timezone found')
    Warning: No data found for FRC
  ✗ S2: Insufficient data for AXON/FRC

184/223: 2023-06-02: Added=PANW, Removed=DISH
  Holding Period End Date: 2023-06-07
  ✓ S1: PANW -0.46%, Portfolio: $1,979,563
    YFinance output for DISH: 1 Failed download:
['DISH']: YFTzMissingError('possibly delisted; no timezone found')
    Warning: No data found for DISH
  ✗ S2: Insufficient data for PANW/DISH

185/223: 2023-08-21: Added=nan, Removed=TEL
  Holding Period End Date: 2023-08-24

186/223: 2023-08-21: Added=KVUE, Removed=AAP
  Holding Period End Date: 2023-08-24
  ✓ S1: KVUE 3.32%, Portfolio: $2,045,261
  ✓ S2: Long KVUE (3.32%), Short AAP (0.43%)
      Combined: 1.87%, Portfolio: $756,580

187/223: 2023-08-21: Added=PCS, Removed=nan
  Holding Period End Date: 2023-08-24
    YFinance output for PCS: 1 Failed download:
['PCS']: YFPricesMissingError('possibly delisted; no price data found  (1d 2023-08-21 00:00:00 -> 2023-08-25) (Yahoo error = "Data doesn\'t exist for startDate = 1692590400, endDate = 1692936000")')
    Warning: No data found for PCS
  ✗ S1: Insufficient data for PCS

188/223: 2023-09-14: Added=BX, Removed=LNC
  Holding Period End Date: 2023-09-19
  ✓ S1: BX 2.14%, Portfolio: $2,088,993
  ✓ S2: Long BX (2.14%), Short LNC (-3.09%)
      Combined: -0.48%, Portfolio: $752,976

189/223: 2023-09-14: Added=ABNB, Removed=NWL
  Holding Period End Date: 2023-09-19
  ✓ S1: ABNB -1.58%, Portfolio: $2,056,090
  ✓ S2: Long ABNB (-1.58%), Short NWL (0.83%)
      Combined: -0.37%, Portfolio: $750,171

190/223: 2023-09-28: Added=VLTO, Removed=nan
  Holding Period End Date: 2023-10-03
    YFinance output for VLTO: 1 Failed download:
['VLTO']: YFPricesMissingError('possibly delisted; no price data found  (1d 2023-09-28 00:00:00 -> 2023-10-04) (Yahoo error = "Data doesn\'t exist for startDate = 1695873600, endDate = 1696392000")')
    Warning: No data found for VLTO
  ✗ S1: Insufficient data for VLTO

191/223: 2023-09-28: Added=nan, Removed=DXC
  Holding Period End Date: 2023-10-03

192/223: 2023-10-13: Added=LULU, Removed=ATVI
  Holding Period End Date: 2023-10-18
  ✓ S1: LULU 7.39%, Portfolio: $2,208,082
    YFinance output for ATVI: 1 Failed download:
['ATVI']: YFTzMissingError('possibly delisted; no timezone found')
    Warning: No data found for ATVI
  ✗ S2: Insufficient data for LULU/ATVI

193/223: 2023-10-13: Added=HUBB, Removed=OGN
  Holding Period End Date: 2023-10-18
  ✓ S1: HUBB -1.65%, Portfolio: $2,171,679
  ✓ S2: Long HUBB (-1.65%), Short OGN (6.32%)
      Combined: 2.34%, Portfolio: $767,703

194/223: 2023-12-01: Added=UBER, Removed=SEE
  Holding Period End Date: 2023-12-06
  ✓ S1: UBER 4.18%, Portfolio: $2,262,560
  ✓ S2: Long UBER (4.18%), Short SEE (3.97%)
      Combined: 4.08%, Portfolio: $798,999

195/223: 2023-12-01: Added=BLDR, Removed=SEDG
  Holding Period End Date: 2023-12-06
  ✓ S1: BLDR 4.28%, Portfolio: $2,359,379
  ✓ S2: Long BLDR (4.28%), Short SEDG (2.24%)
      Combined: 3.26%, Portfolio: $825,058

196/223: 2023-12-01: Added=JBL, Removed=ALK
  Holding Period End Date: 2023-12-06
  ✓ S1: JBL -2.16%, Portfolio: $2,308,522
  ✓ S2: Long JBL (-2.16%), Short ALK (11.38%)
      Combined: 4.61%, Portfolio: $863,120

197/223: 2024-03-01: Added=SMCI, Removed=WHR
  Holding Period End Date: 2024-03-06
  ✓ S1: SMCI 24.21%, Portfolio: $2,867,424
  ✓ S2: Long SMCI (24.21%), Short WHR (0.50%)
      Combined: 12.35%, Portfolio: $969,755

198/223: 2024-03-01: Added=DECK, Removed=ZION
  Holding Period End Date: 2024-03-06
  ✓ S1: DECK 0.96%, Portfolio: $2,895,041
  ✓ S2: Long DECK (0.96%), Short ZION (-6.13%)
      Combined: -2.58%, Portfolio: $944,721

199/223: 2024-03-27: Added=SOLV, Removed=nan
  Holding Period End Date: 2024-04-02
  ✓ S1: SOLV -10.80%, Portfolio: $2,582,377

200/223: 2024-03-27: Added=GEV, Removed=nan
  Holding Period End Date: 2024-04-02
  ✓ S1: GEV 6.67%, Portfolio: $2,754,535

201/223: 2024-03-27: Added=nan, Removed=XRAY
  Holding Period End Date: 2024-04-02

202/223: 2024-03-27: Added=nan, Removed=VFC
  Holding Period End Date: 2024-04-02

203/223: 2024-05-03: Added=VST, Removed=PXD
  Holding Period End Date: 2024-05-08
  ✓ S1: VST 9.46%, Portfolio: $3,015,150
    YFinance output for PXD: 1 Failed download:
['PXD']: YFTzMissingError('possibly delisted; no timezone found')
    Warning: No data found for PXD
  ✗ S2: Insufficient data for VST/PXD

204/223: 2024-06-07: Added=KKR, Removed=RHI
  Holding Period End Date: 2024-06-12
  ✓ S1: KKR 13.78%, Portfolio: $3,430,544
  ✓ S2: Long KKR (13.78%), Short RHI (-2.25%)
      Combined: 5.77%, Portfolio: $999,191

205/223: 2024-06-07: Added=CRWD, Removed=CMA
  Holding Period End Date: 2024-06-12
  ✓ S1: CRWD 10.96%, Portfolio: $3,806,399
  ✓ S2: Long CRWD (10.96%), Short CMA (-1.15%)
      Combined: 4.90%, Portfolio: $1,048,172

206/223: 2024-06-07: Added=GDDY, Removed=ILMN
  Holding Period End Date: 2024-06-12
  ✓ S1: GDDY -0.93%, Portfolio: $3,771,165
  ✓ S2: Long GDDY (-0.93%), Short ILMN (4.78%)
      Combined: 1.93%, Portfolio: $1,068,387

207/223: 2024-09-06: Added=ERIE, Removed=BIO
  Holding Period End Date: 2024-09-11
  ✓ S1: ERIE -0.93%, Portfolio: $3,736,008
  ✓ S2: Long ERIE (-0.93%), Short BIO (3.31%)
      Combined: 1.19%, Portfolio: $1,081,063

208/223: 2024-09-06: Added=DELL, Removed=ETSY
  Holding Period End Date: 2024-09-11
  ✓ S1: DELL 6.67%, Portfolio: $3,985,075
  ✓ S2: Long DELL (6.67%), Short ETSY (2.45%)
      Combined: 4.56%, Portfolio: $1,130,320

209/223: 2024-09-06: Added=PLTR, Removed=AAL
  Holding Period End Date: 2024-09-11
  ✓ S1: PLTR 14.90%, Portfolio: $4,578,960
  ✓ S2: Long PLTR (14.90%), Short AAL (0.28%)
      Combined: 7.59%, Portfolio: $1,216,119

210/223: 2024-09-24: Added=AMTM, Removed=nan
  Holding Period End Date: 2024-09-27
  ✓ S1: AMTM -13.01%, Portfolio: $3,983,121

211/223: 2024-09-24: Added=nan, Removed=BBWI
  Holding Period End Date: 2024-09-27

212/223: 2024-11-21: Added=TPL, Removed=MRO
  Holding Period End Date: 2024-11-26
  ✓ S1: TPL 3.71%, Portfolio: $4,130,931
    YFinance output for MRO: 1 Failed download:
['MRO']: YFTzMissingError('possibly delisted; no timezone found')
    Warning: No data found for MRO
  ✗ S2: Insufficient data for TPL/MRO

213/223: 2024-12-06: Added=WDAY, Removed=AMTM
  Holding Period End Date: 2024-12-11
  ✓ S1: WDAY 2.23%, Portfolio: $4,223,032
  ✓ S2: Long WDAY (2.23%), Short AMTM (-2.85%)
      Combined: -0.31%, Portfolio: $1,212,339

214/223: 2024-12-06: Added=APO, Removed=QRVO
  Holding Period End Date: 2024-12-11
  ✓ S1: APO 0.43%, Portfolio: $4,241,078
  ✓ S2: Long APO (0.43%), Short QRVO (-1.06%)
      Combined: -0.31%, Portfolio: $1,208,522

215/223: 2024-12-18: Added=LII, Removed=CTLT
  Holding Period End Date: 2024-12-23
  ✓ S1: LII -2.08%, Portfolio: $4,152,977
    YFinance output for CTLT: 1 Failed download:
['CTLT']: YFTzMissingError('possibly delisted; no timezone found')
    Warning: No data found for CTLT
  ✗ S2: Insufficient data for LII/CTLT

216/223: 2025-03-07: Added=EXE, Removed=FMC
  Holding Period End Date: 2025-03-12
  ✓ S1: EXE 5.60%, Portfolio: $4,385,577
  ✓ S2: Long EXE (5.60%), Short FMC (3.64%)
      Combined: 4.62%, Portfolio: $1,264,358

217/223: 2025-03-07: Added=WSM, Removed=CE
  Holding Period End Date: 2025-03-12
  ✓ S1: WSM -7.17%, Portfolio: $4,071,107
  ✓ S2: Long WSM (-7.17%), Short CE (4.79%)
      Combined: -1.19%, Portfolio: $1,249,325

218/223: 2025-03-07: Added=TKO, Removed=TFX
  Holding Period End Date: 2025-03-12
  ✓ S1: TKO 2.46%, Portfolio: $4,171,377
  ✓ S2: Long TKO (2.46%), Short TFX (3.20%)
      Combined: 2.83%, Portfolio: $1,284,669

219/223: 2025-03-07: Added=DASH, Removed=BWA
  Holding Period End Date: 2025-03-12
  ✓ S1: DASH 5.40%, Portfolio: $4,396,717
  ✓ S2: Long DASH (5.40%), Short BWA (4.38%)
      Combined: 4.89%, Portfolio: $1,347,481

220/223: 2025-05-12: Added=COIN, Removed=DFS
  Holding Period End Date: 2025-05-15
  ✓ S1: COIN 17.96%, Portfolio: $5,186,437
    YFinance output for DFS: 1 Failed download:
['DFS']: YFTzMissingError('possibly delisted; no timezone found')
    Warning: No data found for DFS
  ✗ S2: Insufficient data for COIN/DFS

221/223: 2025-07-02: Added=DDOG, Removed=JNPR
  Holding Period End Date: 2025-07-08
  ✓ S1: DDOG 8.10%, Portfolio: $5,606,316
  ✗ S2: Insufficient data for DDOG/JNPR

222/223: 2025-07-14: Added=TTD, Removed=ANSS
  Holding Period End Date: 2025-07-17
  ✓ S1: TTD 7.97%, Portfolio: $6,053,007
  ✓ S2: Long TTD (7.97%), Short ANSS (3.09%)
      Combined: 5.53%, Portfolio: $1,421,953

223/223: 2025-07-18: Added=XYZ, Removed=HES
  Holding Period End Date: 2025-07-23
  ✓ S1: XYZ 9.45%, Portfolio: $6,624,893
  ✗ S2: Insufficient data for XYZ/HES

============================================================
FINAL RESULTS
Strategy 1: 184 successful trades, Final: $6,624,893 (562.49%)
Strategy 2: 82 successful trades, Final: $1,421,953 (42.20%)
Completed: 2025-08-23 19:31:15
