S&P 500 Index Update Trading Strategy Analysis
Holding Period: 18 trading days
Date Range: 2015-07-02 to 2025-07-18
Timestamp: 2025-08-23 21:29:56
============================================================

1/223: 2015-07-02: Added=KHC, Removed=KRFT
  Holding Period End Date: 2015-07-29
  ✓ S1: KHC 7.54%, Portfolio: $1,075,367
    YFinance output for KRFT: 1 Failed download:
['KRFT']: YFPricesMissingError('possibly delisted; no price data found  (1d 2015-07-02 00:00:00 -> 2015-07-30)')
    Warning: No data found for KRFT
  ✗ S2: Insufficient data for KHC/KRFT

2/223: 2015-07-06: Added=AAP, Removed=FDO
  Holding Period End Date: 2015-07-30
  ✓ S1: AAP 5.58%, Portfolio: $1,135,380
    YFinance output for FDO: 1 Failed download:
['FDO']: YFPricesMissingError('possibly delisted; no price data found  (1d 2015-07-06 00:00:00 -> 2015-07-31)')
    Warning: No data found for FDO
  ✗ S2: Insufficient data for AAP/FDO

3/223: 2015-07-14: Added=PYPL, Removed=NE
  Holding Period End Date: 2015-08-07
  ✓ S1: PYPL 5.96%, Portfolio: $1,203,017
    YFinance output for NE: 1 Failed download:
['NE']: YFPricesMissingError('possibly delisted; no price data found  (1d 2015-07-14 00:00:00 -> 2015-08-10) (Yahoo error = "Data doesn\'t exist for startDate = 1436846400, endDate = 1439179200")')
    Warning: No data found for NE
  ✗ S2: Insufficient data for PYPL/NE

4/223: 2015-07-24: Added=SIG, Removed=DTV
  Holding Period End Date: 2015-08-19
  ✓ S1: SIG 4.70%, Portfolio: $1,259,559
    YFinance output for DTV: 1 Failed download:
['DTV']: YFTzMissingError('possibly delisted; no timezone found')
    Warning: No data found for DTV
  ✗ S2: Insufficient data for SIG/DTV

5/223: 2015-08-27: Added=ATVI, Removed=PLL
  Holding Period End Date: 2015-09-23
    YFinance output for ATVI: 1 Failed download:
['ATVI']: YFTzMissingError('possibly delisted; no timezone found')
    Warning: No data found for ATVI
  ✗ S1: Insufficient data for ATVI
    YFinance output for ATVI: 1 Failed download:
['ATVI']: YFTzMissingError('possibly delisted; no timezone found')
    Warning: No data found for ATVI
    YFinance output for PLL: 1 Failed download:
['PLL']: YFPricesMissingError('possibly delisted; no price data found  (1d 2015-08-27 00:00:00 -> 2015-09-24) (Yahoo error = "Data doesn\'t exist for startDate = 1440648000, endDate = 1443067200")')
    Warning: No data found for PLL
  ✗ S2: Insufficient data for ATVI/PLL

6/223: 2015-08-27: Added=UAL, Removed=HSP
  Holding Period End Date: 2015-09-23
  ✓ S1: UAL 9.01%, Portfolio: $1,373,099
    YFinance output for HSP: 1 Failed download:
['HSP']: YFPricesMissingError('possibly delisted; no price data found  (1d 2015-08-27 00:00:00 -> 2015-09-24)')
    Warning: No data found for HSP
  ✗ S2: Insufficient data for UAL/HSP

7/223: 2015-09-30: Added=VRSK, Removed=JOY
  Holding Period End Date: 2015-10-26
  ✓ S1: VRSK 10.27%, Portfolio: $1,514,106
    YFinance output for JOY: 1 Failed download:
['JOY']: YFPricesMissingError('possibly delisted; no price data found  (1d 2015-09-30 00:00:00 -> 2015-10-27)')
    Warning: No data found for JOY
  ✗ S2: Insufficient data for VRSK/JOY

8/223: 2015-10-27: Added=HPE, Removed=HCBK
  Holding Period End Date: 2015-11-20
  ✓ S1: HPE -9.66%, Portfolio: $1,367,797
    YFinance output for HCBK: 1 Failed download:
['HCBK']: YFPricesMissingError('possibly delisted; no price data found  (1d 2015-10-27 00:00:00 -> 2015-11-23)')
    Warning: No data found for HCBK
  ✗ S2: Insufficient data for HPE/HCBK

9/223: 2015-11-09: Added=SYF, Removed=GNW
  Holding Period End Date: 2015-12-04
  ✓ S1: SYF -1.51%, Portfolio: $1,347,187
  ✓ S2: Long SYF (-1.51%), Short GNW (3.49%)
      Combined: 0.99%, Portfolio: $1,009,895

10/223: 2015-11-12: Added=ILMN, Removed=SIAL
  Holding Period End Date: 2015-12-09
  ✓ S1: ILMN 15.10%, Portfolio: $1,550,579
    YFinance output for SIAL: 1 Failed download:
['SIAL']: YFPricesMissingError('possibly delisted; no price data found  (1d 2015-11-12 00:00:00 -> 2015-12-10)')
    Warning: No data found for SIAL
  ✗ S2: Insufficient data for ILMN/SIAL

11/223: 2015-11-23: Added=CSRA, Removed=CSC
  Holding Period End Date: 2015-12-18
  ✓ S1: CSRA -15.38%, Portfolio: $1,312,139
  ✓ S2: Long CSRA (-15.38%), Short CSC (0.00%)
      Combined: -7.69%, Portfolio: $932,247

12/223: 2015-12-15: Added=nan, Removed=CMCSK
  Holding Period End Date: 2016-01-12

13/223: 2015-12-22: Added=CHD, Removed=ALTR
  Holding Period End Date: 2016-01-20
  ✓ S1: CHD -7.98%, Portfolio: $1,207,420
    YFinance output for ALTR: 1 Failed download:
['ALTR']: YFTzMissingError('possibly delisted; no timezone found')
    Warning: No data found for ALTR
  ✗ S2: Insufficient data for CHD/ALTR

14/223: 2015-12-28: Added=WLTW, Removed=FOSL
  Holding Period End Date: 2016-01-25
    YFinance output for WLTW: 1 Failed download:
['WLTW']: YFTzMissingError('possibly delisted; no timezone found')
    Warning: No data found for WLTW
  ✗ S1: Insufficient data for WLTW
    YFinance output for WLTW: 1 Failed download:
['WLTW']: YFTzMissingError('possibly delisted; no timezone found')
    Warning: No data found for WLTW
  ✗ S2: Insufficient data for WLTW/FOSL

15/223: 2016-01-13: Added=EXR, Removed=ACE
  Holding Period End Date: 2016-02-09
  ✓ S1: EXR -11.47%, Portfolio: $1,068,948
    YFinance output for ACE: 1 Failed download:
['ACE']: YFPricesMissingError('possibly delisted; no price data found  (1d 2016-01-13 00:00:00 -> 2016-02-10) (Yahoo error = "Data doesn\'t exist for startDate = 1452661200, endDate = 1455080400")')
    Warning: No data found for ACE
  ✗ S2: Insufficient data for EXR/ACE

16/223: 2016-01-22: Added=FRT, Removed=BRCM
  Holding Period End Date: 2016-02-18
  ✓ S1: FRT -1.50%, Portfolio: $1,052,873
    YFinance output for BRCM: 1 Failed download:
['BRCM']: YFPricesMissingError('possibly delisted; no price data found  (1d 2016-01-22 00:00:00 -> 2016-02-19)')
    Warning: No data found for BRCM
  ✗ S2: Insufficient data for FRT/BRCM

17/223: 2016-01-26: Added=CFG, Removed=PCP
  Holding Period End Date: 2016-02-22
  ✓ S1: CFG -1.94%, Portfolio: $1,032,415
    YFinance output for PCP: 1 Failed download:
['PCP']: YFPricesMissingError('possibly delisted; no price data found  (1d 2016-01-26 00:00:00 -> 2016-02-23) (Yahoo error = "Data doesn\'t exist for startDate = 1453784400, endDate = 1456203600")')
    Warning: No data found for PCP
  ✗ S2: Insufficient data for CFG/PCP

18/223: 2016-02-16: Added=CXO, Removed=PCL
  Holding Period End Date: 2016-03-11
    YFinance output for CXO: 1 Failed download:
['CXO']: YFTzMissingError('possibly delisted; no timezone found')
    Warning: No data found for CXO
  ✗ S1: Insufficient data for CXO
    YFinance output for CXO: 1 Failed download:
['CXO']: YFTzMissingError('possibly delisted; no timezone found')
    Warning: No data found for CXO
    YFinance output for PCL: 1 Failed download:
['PCL']: YFPricesMissingError('possibly delisted; no price data found  (1d 2016-02-16 00:00:00 -> 2016-03-14) (Yahoo error = "Data doesn\'t exist for startDate = 1455598800, endDate = 1457928000")')
    Warning: No data found for PCL
  ✗ S2: Insufficient data for CXO/PCL

19/223: 2016-03-01: Added=AWK, Removed=CNX
  Holding Period End Date: 2016-03-28
  ✓ S1: AWK 2.82%, Portfolio: $1,061,506
  ✓ S2: Long AWK (2.82%), Short CNX (-17.12%)
      Combined: -7.15%, Portfolio: $865,560

20/223: 2016-03-04: Added=UDR, Removed=GMCR
  Holding Period End Date: 2016-03-31
  ✓ S1: UDR 10.85%, Portfolio: $1,176,634
    YFinance output for GMCR: 1 Failed download:
['GMCR']: YFPricesMissingError('possibly delisted; no price data found  (1d 2016-03-04 00:00:00 -> 2016-04-01)')
    Warning: No data found for GMCR
  ✗ S2: Insufficient data for UDR/GMCR

21/223: 2016-03-24: Added=CNC, Removed=ESV
  Holding Period End Date: 2016-04-20
  ✓ S1: CNC -6.37%, Portfolio: $1,101,711
    YFinance output for ESV: 1 Failed download:
['ESV']: YFTzMissingError('possibly delisted; no timezone found')
    Warning: No data found for ESV
  ✗ S2: Insufficient data for CNC/ESV

22/223: 2016-03-24: Added=HOLX, Removed=POM
  Holding Period End Date: 2016-04-20
  ✓ S1: HOLX 8.62%, Portfolio: $1,196,647
    YFinance output for POM: 1 Failed download:
['POM']: YFPricesMissingError('possibly delisted; no price data found  (1d 2016-03-24 00:00:00 -> 2016-04-21)')
    Warning: No data found for POM
  ✗ S2: Insufficient data for HOLX/POM

23/223: 2016-03-28: Added=FL, Removed=CAM
  Holding Period End Date: 2016-04-21
  ✓ S1: FL -6.84%, Portfolio: $1,114,763
    YFinance output for CAM: 1 Failed download:
['CAM']: YFPricesMissingError('possibly delisted; no price data found  (1d 2016-03-28 00:00:00 -> 2016-04-22)')
    Warning: No data found for CAM
  ✗ S2: Insufficient data for FL/CAM

24/223: 2016-04-07: Added=ULTA, Removed=THC
  Holding Period End Date: 2016-05-03
  ✓ S1: ULTA 8.13%, Portfolio: $1,205,439
  ✓ S2: Long ULTA (8.13%), Short THC (-10.70%)
      Combined: -1.29%, Portfolio: $854,437

25/223: 2016-04-19: Added=GPN, Removed=GME
  Holding Period End Date: 2016-05-13
  ✓ S1: GPN -3.07%, Portfolio: $1,168,458
  ✓ S2: Long GPN (-3.07%), Short GME (12.95%)
      Combined: 4.94%, Portfolio: $896,648

26/223: 2016-04-26: Added=AYI, Removed=ADT
  Holding Period End Date: 2016-05-20
  ✓ S1: AYI -2.20%, Portfolio: $1,142,763
    YFinance output for ADT: 1 Failed download:
['ADT']: YFPricesMissingError('possibly delisted; no price data found  (1d 2016-04-26 00:00:00 -> 2016-05-23) (Yahoo error = "Data doesn\'t exist for startDate = 1461643200, endDate = 1463976000")')
    Warning: No data found for ADT
  ✗ S2: Insufficient data for AYI/ADT

27/223: 2016-05-10: Added=ALK, Removed=SNDK
  Holding Period End Date: 2016-06-06
  ✓ S1: ALK -5.55%, Portfolio: $1,079,392
    YFinance output for SNDK: 1 Failed download:
['SNDK']: YFPricesMissingError('possibly delisted; no price data found  (1d 2016-05-10 00:00:00 -> 2016-06-07) (Yahoo error = "Data doesn\'t exist for startDate = 1462852800, endDate = 1465272000")')
    Warning: No data found for SNDK
  ✗ S2: Insufficient data for ALK/SNDK

28/223: 2016-05-13: Added=DLR, Removed=TWC
  Holding Period End Date: 2016-06-09
  ✓ S1: DLR 8.94%, Portfolio: $1,175,897
    YFinance output for TWC: 1 Failed download:
['TWC']: YFPricesMissingError('possibly delisted; no price data found  (1d 2016-05-13 00:00:00 -> 2016-06-10)')
    Warning: No data found for TWC
  ✗ S2: Insufficient data for DLR/TWC

29/223: 2016-05-18: Added=LKQ, Removed=ARG
  Holding Period End Date: 2016-06-14
  ✓ S1: LKQ 0.41%, Portfolio: $1,180,676
    YFinance output for ARG: 1 Failed download:
['ARG']: YFPricesMissingError('possibly delisted; no price data found  (1d 2016-05-18 00:00:00 -> 2016-06-15) (Yahoo error = "Data doesn\'t exist for startDate = 1463544000, endDate = 1465963200")')
    Warning: No data found for ARG
  ✗ S2: Insufficient data for LKQ/ARG

30/223: 2016-05-24: Added=AJG, Removed=CCE
  Holding Period End Date: 2016-06-20
  ✓ S1: AJG -1.99%, Portfolio: $1,157,148
    YFinance output for CCE: 1 Failed download:
['CCE']: YFPricesMissingError('possibly delisted; no price data found  (1d 2016-05-24 00:00:00 -> 2016-06-21)')
    Warning: No data found for CCE
  ✗ S2: Insufficient data for AJG/CCE

31/223: 2016-05-27: Added=TDG, Removed=BXLT
  Holding Period End Date: 2016-06-23
  ✓ S1: TDG 3.66%, Portfolio: $1,199,552
    YFinance output for BXLT: 1 Failed download:
['BXLT']: YFPricesMissingError('possibly delisted; no price data found  (1d 2016-05-27 00:00:00 -> 2016-06-24)')
    Warning: No data found for BXLT
  ✗ S2: Insufficient data for TDG/BXLT

32/223: 2016-06-21: Added=FBHS, Removed=CVC
  Holding Period End Date: 2016-07-18
    YFinance output for FBHS: 1 Failed download:
['FBHS']: YFTzMissingError('possibly delisted; no timezone found')
    Warning: No data found for FBHS
  ✗ S1: Insufficient data for FBHS
    YFinance output for FBHS: 1 Failed download:
['FBHS']: YFTzMissingError('possibly delisted; no timezone found')
    Warning: No data found for FBHS
    YFinance output for CVC: 1 Failed download:
['CVC']: YFPricesMissingError('possibly delisted; no price data found  (1d 2016-06-21 00:00:00 -> 2016-07-19)')
    Warning: No data found for CVC
  ✗ S2: Insufficient data for FBHS/CVC

33/223: 2016-06-23: Added=FTV, Removed=CPGX
  Holding Period End Date: 2016-07-20
  ✓ S1: FTV 3.58%, Portfolio: $1,242,499
    YFinance output for CPGX: 1 Failed download:
['CPGX']: YFPricesMissingError('possibly delisted; no price data found  (1d 2016-06-23 00:00:00 -> 2016-07-21)')
    Warning: No data found for CPGX
  ✗ S2: Insufficient data for FTV/CPGX

34/223: 2016-06-23: Added=ALB, Removed=TE
  Holding Period End Date: 2016-07-20
  ✓ S1: ALB 2.63%, Portfolio: $1,275,180
    YFinance output for TE: 1 Failed download:
['TE']: YFPricesMissingError('possibly delisted; no price data found  (1d 2016-06-23 00:00:00 -> 2016-07-21) (Yahoo error = "Data doesn\'t exist for startDate = 1466654400, endDate = 1469073600")')
    Warning: No data found for TE
  ✗ S2: Insufficient data for ALB/TE

35/223: 2016-06-29: Added=LNT, Removed=GAS
  Holding Period End Date: 2016-07-26
  ✓ S1: LNT 0.68%, Portfolio: $1,283,827
  ✓ S2: Long LNT (0.68%), Short GAS (5.08%)
      Combined: 2.88%, Portfolio: $922,484

36/223: 2016-08-25: Added=MTD, Removed=TYC
  Holding Period End Date: 2016-09-21
  ✓ S1: MTD -0.48%, Portfolio: $1,277,646
    YFinance output for TYC: 1 Failed download:
['TYC']: YFPricesMissingError('possibly delisted; no price data found  (1d 2016-08-25 00:00:00 -> 2016-09-22)')
    Warning: No data found for TYC
  ✗ S2: Insufficient data for MTD/TYC

37/223: 2016-08-31: Added=CHTR, Removed=EMC
  Holding Period End Date: 2016-09-27
  ✓ S1: CHTR 7.07%, Portfolio: $1,368,002
    YFinance output for EMC: 1 Failed download:
['EMC']: YFPricesMissingError('possibly delisted; no price data found  (1d 2016-08-31 00:00:00 -> 2016-09-28) (Yahoo error = "Data doesn\'t exist for startDate = 1472616000, endDate = 1475035200")')
    Warning: No data found for EMC
  ✗ S2: Insufficient data for CHTR/EMC

38/223: 2016-09-10: Added=COO, Removed=HOT
  Holding Period End Date: 2016-10-06
  ✓ S1: COO -4.31%, Portfolio: $1,309,029
  ✓ S2: Long COO (-4.31%), Short HOT (-2.50%)
      Combined: -3.41%, Portfolio: $891,058

39/223: 2016-09-27: Added=COTY, Removed=DO
  Holding Period End Date: 2016-10-21
  ✓ S1: COTY -1.92%, Portfolio: $1,283,910
    YFinance output for DO: 1 Failed download:
['DO']: YFTzMissingError('possibly delisted; no timezone found')
    Warning: No data found for DO
  ✗ S2: Insufficient data for COTY/DO

40/223: 2016-11-29: Added=MAA, Removed=OI
  Holding Period End Date: 2016-12-23
  ✓ S1: MAA 1.83%, Portfolio: $1,307,450
  ✓ S2: Long MAA (1.83%), Short OI (0.17%)
      Combined: 1.00%, Portfolio: $899,967

41/223: 2016-11-29: Added=EVHC, Removed=LM
  Holding Period End Date: 2016-12-23
  ✓ S1: EVHC -3.03%, Portfolio: $1,267,866
    YFinance output for LM: 1 Failed download:
['LM']: YFTzMissingError('possibly delisted; no timezone found')
    Warning: No data found for LM
  ✗ S2: Insufficient data for EVHC/LM

42/223: 2017-01-03: Added=IDXX, Removed=STJ
  Holding Period End Date: 2017-01-30
  ✓ S1: IDXX 2.47%, Portfolio: $1,299,131
    YFinance output for STJ: 1 Failed download:
['STJ']: YFPricesMissingError('possibly delisted; no price data found  (1d 2017-01-03 00:00:00 -> 2017-01-31)')
    Warning: No data found for STJ
  ✗ S2: Insufficient data for IDXX/STJ

43/223: 2017-02-23: Added=INCY, Removed=SE
  Holding Period End Date: 2017-03-21
  ✓ S1: INCY 15.40%, Portfolio: $1,499,194
    YFinance output for SE: 1 Failed download:
['SE']: YFPricesMissingError('possibly delisted; no price data found  (1d 2017-02-23 00:00:00 -> 2017-03-22) (Yahoo error = "Data doesn\'t exist for startDate = 1487826000, endDate = 1490155200")')
    Warning: No data found for SE
  ✗ S2: Insufficient data for INCY/SE

44/223: 2017-02-23: Added=CBOE, Removed=PBI
  Holding Period End Date: 2017-03-21
  ✓ S1: CBOE -0.45%, Portfolio: $1,492,393
  ✓ S2: Long CBOE (-0.45%), Short PBI (9.52%)
      Combined: 4.53%, Portfolio: $940,747

45/223: 2017-02-23: Added=REG, Removed=ENDP
  Holding Period End Date: 2017-03-21
  ✓ S1: REG -5.99%, Portfolio: $1,402,997
    YFinance output for ENDP: 1 Failed download:
['ENDP']: YFTzMissingError('possibly delisted; no timezone found')
    Warning: No data found for ENDP
  ✗ S2: Insufficient data for REG/ENDP

46/223: 2017-03-06: Added=DISH, Removed=LLTC
  Holding Period End Date: 2017-03-30
    YFinance output for DISH: 1 Failed download:
['DISH']: YFTzMissingError('possibly delisted; no timezone found')
    Warning: No data found for DISH
  ✗ S1: Insufficient data for DISH
    YFinance output for DISH: 1 Failed download:
['DISH']: YFTzMissingError('possibly delisted; no timezone found')
    Warning: No data found for DISH
    YFinance output for LLTC: 1 Failed download:
['LLTC']: YFPricesMissingError('possibly delisted; no price data found  (1d 2017-03-06 00:00:00 -> 2017-03-31)')
    Warning: No data found for LLTC
  ✗ S2: Insufficient data for DISH/LLTC

47/223: 2017-03-10: Added=ARE, Removed=FSLR
  Holding Period End Date: 2017-04-05
  ✓ S1: ARE 2.75%, Portfolio: $1,441,530
  ✓ S2: Long ARE (2.75%), Short FSLR (21.90%)
      Combined: 12.32%, Portfolio: $1,056,660

48/223: 2017-03-10: Added=RJF, Removed=FTR
  Holding Period End Date: 2017-04-05
  ✓ S1: RJF -5.76%, Portfolio: $1,358,445
    YFinance output for FTR: 1 Failed download:
['FTR']: YFTzMissingError('possibly delisted; no timezone found')
    Warning: No data found for FTR
  ✗ S2: Insufficient data for RJF/FTR

49/223: 2017-03-10: Added=AMD, Removed=URBN
  Holding Period End Date: 2017-04-05
  ✓ S1: AMD 1.87%, Portfolio: $1,383,836
  ✓ S2: Long AMD (1.87%), Short URBN (14.36%)
      Combined: 8.11%, Portfolio: $1,142,388

50/223: 2017-03-13: Added=SNPS, Removed=HAR
  Holding Period End Date: 2017-04-06
  ✓ S1: SNPS -1.04%, Portfolio: $1,369,439
  ✓ S2: Long SNPS (-1.04%), Short HAR (-5.16%)
      Combined: -3.10%, Portfolio: $1,106,985

51/223: 2017-03-28: Added=DXC, Removed=SWN
  Holding Period End Date: 2017-04-24
  ✓ S1: DXC 9.58%, Portfolio: $1,500,693
    YFinance output for SWN: 1 Failed download:
['SWN']: YFTzMissingError('possibly delisted; no timezone found')
    Warning: No data found for SWN
  ✗ S2: Insufficient data for DXC/SWN

52/223: 2017-03-29: Added=IT, Removed=DNB
  Holding Period End Date: 2017-04-25
  ✓ S1: IT 4.24%, Portfolio: $1,564,396
    YFinance output for DNB: 1 Failed download:
['DNB']: YFPricesMissingError('possibly delisted; no price data found  (1d 2017-03-29 00:00:00 -> 2017-04-26) (Yahoo error = "Data doesn\'t exist for startDate = 1490760000, endDate = 1493179200")')
    Warning: No data found for DNB
  ✗ S2: Insufficient data for IT/DNB

53/223: 2017-05-24: Added=INFO, Removed=TGNA
  Holding Period End Date: 2017-06-20
    YFinance output for INFO: 1 Failed download:
['INFO']: YFPricesMissingError('possibly delisted; no price data found  (1d 2017-05-24 00:00:00 -> 2017-06-21) (Yahoo error = "Data doesn\'t exist for startDate = 1495598400, endDate = 1498017600")')
    Warning: No data found for INFO
  ✗ S1: Insufficient data for INFO
    YFinance output for INFO: 1 Failed download:
['INFO']: YFPricesMissingError('possibly delisted; no price data found  (1d 2017-05-24 00:00:00 -> 2017-06-21) (Yahoo error = "Data doesn\'t exist for startDate = 1495598400, endDate = 1498017600")')
    Warning: No data found for INFO
  ✗ S2: Insufficient data for INFO/TGNA

54/223: 2017-06-09: Added=ANSS, Removed=R
  Holding Period End Date: 2017-07-06
  ✓ S1: ANSS -2.88%, Portfolio: $1,519,419
  ✓ S2: Long ANSS (-2.88%), Short R (-9.79%)
      Combined: -6.33%, Portfolio: $1,036,898

55/223: 2017-06-09: Added=ALGN, Removed=TDC
  Holding Period End Date: 2017-07-06
  ✓ S1: ALGN 0.60%, Portfolio: $1,528,504
  ✓ S2: Long ALGN (0.60%), Short TDC (-1.76%)
      Combined: -0.58%, Portfolio: $1,030,880

56/223: 2017-06-09: Added=HLT, Removed=YHOO
  Holding Period End Date: 2017-07-06
  ✓ S1: HLT -5.67%, Portfolio: $1,441,869
    YFinance output for YHOO: 1 Failed download:
['YHOO']: YFTzMissingError('possibly delisted; no timezone found')
    Warning: No data found for YHOO
  ✗ S2: Insufficient data for HLT/YHOO

57/223: 2017-06-12: Added=RE, Removed=MJN
  Holding Period End Date: 2017-07-07
    YFinance output for RE: 1 Failed download:
['RE']: YFTzMissingError('possibly delisted; no timezone found')
    Warning: No data found for RE
  ✗ S1: Insufficient data for RE
    YFinance output for RE: 1 Failed download:
['RE']: YFTzMissingError('possibly delisted; no timezone found')
    Warning: No data found for RE
    YFinance output for MJN: 1 Failed download:
['MJN']: YFPricesMissingError('possibly delisted; no price data found  (1d 2017-06-12 00:00:00 -> 2017-07-10)')
    Warning: No data found for MJN
  ✗ S2: Insufficient data for RE/MJN

58/223: 2017-06-30: Added=BKR, Removed=BHI
  Holding Period End Date: 2017-07-27
  ✓ S1: BKR -4.77%, Portfolio: $1,373,072
    YFinance output for BHI: 1 Failed download:
['BHI']: YFPricesMissingError('possibly delisted; no price data found  (1d 2017-06-30 00:00:00 -> 2017-07-28) (Yahoo error = "Data doesn\'t exist for startDate = 1498795200, endDate = 1501214400")')
    Warning: No data found for BHI
  ✗ S2: Insufficient data for BKR/BHI

59/223: 2017-07-19: Added=MGM, Removed=RAI
  Holding Period End Date: 2017-08-14
  ✓ S1: MGM -5.49%, Portfolio: $1,297,698
    YFinance output for RAI: 1 Failed download:
['RAI']: YFPricesMissingError('possibly delisted; no price data found  (1d 2017-07-19 00:00:00 -> 2017-08-15)')
    Warning: No data found for RAI
  ✗ S2: Insufficient data for MGM/RAI

60/223: 2017-07-19: Added=RMD, Removed=MNK
  Holding Period End Date: 2017-08-14
  ✓ S1: RMD -5.69%, Portfolio: $1,223,885
    YFinance output for MNK: 1 Failed download:
['MNK']: YFTzMissingError('possibly delisted; no timezone found')
    Warning: No data found for MNK
  ✗ S2: Insufficient data for RMD/MNK

61/223: 2017-07-19: Added=PKG, Removed=MUR
  Holding Period End Date: 2017-08-14
  ✓ S1: PKG -2.81%, Portfolio: $1,189,549
  ✓ S2: Long PKG (-2.81%), Short MUR (3.40%)
      Combined: 0.30%, Portfolio: $1,033,957

62/223: 2017-07-19: Added=AOS, Removed=BBBY
  Holding Period End Date: 2017-08-14
  ✓ S1: AOS -5.75%, Portfolio: $1,121,172
    YFinance output for BBBY: 1 Failed download:
['BBBY']: YFTzMissingError('possibly delisted; no timezone found')
    Warning: No data found for BBBY
  ✗ S2: Insufficient data for AOS/BBBY

63/223: 2017-07-19: Added=DRE, Removed=RIG
  Holding Period End Date: 2017-08-14
    YFinance output for DRE: 1 Failed download:
['DRE']: YFTzMissingError('possibly delisted; no timezone found')
    Warning: No data found for DRE
  ✗ S1: Insufficient data for DRE
    YFinance output for DRE: 1 Failed download:
['DRE']: YFTzMissingError('possibly delisted; no timezone found')
    Warning: No data found for DRE
  ✗ S2: Insufficient data for DRE/RIG

64/223: 2017-07-31: Added=BHF, Removed=AN
  Holding Period End Date: 2017-08-24
  ✓ S1: BHF -16.18%, Portfolio: $939,746
  ✓ S2: Long BHF (-16.18%), Short AN (0.55%)
      Combined: -7.82%, Portfolio: $953,121

65/223: 2017-08-24: Added=Q, Removed=WFM
  Holding Period End Date: 2017-09-20
    YFinance output for Q: 1 Failed download:
['Q']: YFPricesMissingError('possibly delisted; no price data found  (1d 2017-08-24 00:00:00 -> 2017-09-21)')
    Warning: No data found for Q
  ✗ S1: Insufficient data for Q
    YFinance output for Q: 1 Failed download:
['Q']: YFPricesMissingError('possibly delisted; no price data found  (1d 2017-08-24 00:00:00 -> 2017-09-21)')
    Warning: No data found for Q
    YFinance output for WFM: 1 Failed download:
['WFM']: YFPricesMissingError('possibly delisted; no price data found  (1d 2017-08-24 00:00:00 -> 2017-09-21)')
    Warning: No data found for WFM
  ✗ S2: Insufficient data for Q/WFM

66/223: 2017-08-24: Added=SBAC, Removed=DD
  Holding Period End Date: 2017-09-20
  ✓ S1: SBAC -1.35%, Portfolio: $927,054
  ✓ S2: Long SBAC (-1.35%), Short DD (-8.61%)
      Combined: -4.98%, Portfolio: $905,668

67/223: 2017-08-24: Added=DWDP, Removed=DOW
  Holding Period End Date: 2017-09-20
    YFinance output for DWDP: 1 Failed download:
['DWDP']: YFTzMissingError('possibly delisted; no timezone found')
    Warning: No data found for DWDP
  ✗ S1: Insufficient data for DWDP
    YFinance output for DWDP: 1 Failed download:
['DWDP']: YFTzMissingError('possibly delisted; no timezone found')
    Warning: No data found for DWDP
    YFinance output for DOW: 1 Failed download:
['DOW']: YFPricesMissingError('possibly delisted; no price data found  (1d 2017-08-24 00:00:00 -> 2017-09-21) (Yahoo error = "Data doesn\'t exist for startDate = 1503547200, endDate = 1505966400")')
    Warning: No data found for DOW
  ✗ S2: Insufficient data for DWDP/DOW

68/223: 2017-08-24: Added=CDNS, Removed=SPLS
  Holding Period End Date: 2017-09-20
  ✓ S1: CDNS 3.17%, Portfolio: $956,476
    YFinance output for SPLS: 1 Failed download:
['SPLS']: YFPricesMissingError('possibly delisted; no price data found  (1d 2017-08-24 00:00:00 -> 2017-09-21)')
    Warning: No data found for SPLS
  ✗ S2: Insufficient data for CDNS/SPLS

69/223: 2017-10-04: Added=NCLH, Removed=LVLT
  Holding Period End Date: 2017-10-30
  ✓ S1: NCLH -2.11%, Portfolio: $936,315
    YFinance output for LVLT: 1 Failed download:
['LVLT']: YFPricesMissingError('possibly delisted; no price data found  (1d 2017-10-04 00:00:00 -> 2017-10-31)')
    Warning: No data found for LVLT
  ✗ S2: Insufficient data for NCLH/LVLT

70/223: 2017-12-28: Added=HII, Removed=BCR
  Holding Period End Date: 2018-01-25
  ✓ S1: HII 0.75%, Portfolio: $943,353
    YFinance output for BCR: 1 Failed download:
['BCR']: YFPricesMissingError('possibly delisted; no price data found  (1d 2017-12-28 00:00:00 -> 2018-01-26)')
    Warning: No data found for BCR
  ✗ S2: Insufficient data for HII/BCR

71/223: 2018-03-02: Added=IPGP, Removed=SNI
  Holding Period End Date: 2018-03-28
  ✓ S1: IPGP -7.77%, Portfolio: $870,058
    YFinance output for SNI: 1 Failed download:
['SNI']: YFPricesMissingError('possibly delisted; no price data found  (1d 2018-03-02 00:00:00 -> 2018-03-29)')
    Warning: No data found for SNI
  ✗ S2: Insufficient data for IPGP/SNI

72/223: 2018-03-09: Added=TTWO, Removed=SIG
  Holding Period End Date: 2018-04-05
  ✓ S1: TTWO -15.42%, Portfolio: $735,905
  ✓ S2: Long TTWO (-15.42%), Short SIG (30.43%)
      Combined: 7.51%, Portfolio: $973,665

73/223: 2018-03-09: Added=NKTR, Removed=CHK
  Holding Period End Date: 2018-04-05
  ✓ S1: NKTR -6.37%, Portfolio: $689,036
    YFinance output for CHK: 1 Failed download:
['CHK']: YFTzMissingError('possibly delisted; no timezone found')
    Warning: No data found for CHK
  ✗ S2: Insufficient data for NKTR/CHK

74/223: 2018-03-09: Added=SIVB, Removed=PDCO
  Holding Period End Date: 2018-04-05
    YFinance output for SIVB: 1 Failed download:
['SIVB']: YFTzMissingError('possibly delisted; no timezone found')
    Warning: No data found for SIVB
  ✗ S1: Insufficient data for SIVB
    YFinance output for SIVB: 1 Failed download:
['SIVB']: YFTzMissingError('possibly delisted; no timezone found')
    Warning: No data found for SIVB
    YFinance output for PDCO: 1 Failed download:
['PDCO']: YFTzMissingError('possibly delisted; no timezone found')
    Warning: No data found for PDCO
  ✗ S2: Insufficient data for SIVB/PDCO

75/223: 2018-03-28: Added=MSCI, Removed=CSRA
  Holding Period End Date: 2018-04-24
  ✓ S1: MSCI -1.90%, Portfolio: $675,946
  ✓ S2: Long MSCI (-1.90%), Short CSRA (0.00%)
      Combined: -0.95%, Portfolio: $964,417

76/223: 2018-05-25: Added=ABMD, Removed=WYN
  Holding Period End Date: 2018-06-21
    YFinance output for ABMD: 1 Failed download:
['ABMD']: YFTzMissingError('possibly delisted; no timezone found')
    Warning: No data found for ABMD
  ✗ S1: Insufficient data for ABMD
    YFinance output for ABMD: 1 Failed download:
['ABMD']: YFTzMissingError('possibly delisted; no timezone found')
    Warning: No data found for ABMD
    YFinance output for WYN: 1 Failed download:
['WYN']: YFPricesMissingError('possibly delisted; no price data found  (1d 2018-05-25 00:00:00 -> 2018-06-22)')
    Warning: No data found for WYN
  ✗ S2: Insufficient data for ABMD/WYN

77/223: 2018-05-31: Added=EVRG, Removed=NAVI
  Holding Period End Date: 2018-06-26
  ✓ S1: EVRG -2.63%, Portfolio: $658,183
  ✓ S2: Long EVRG (-2.63%), Short NAVI (4.46%)
      Combined: 0.92%, Portfolio: $973,265

78/223: 2018-06-04: Added=TWTR, Removed=MON
  Holding Period End Date: 2018-06-28
    YFinance output for TWTR: 1 Failed download:
['TWTR']: YFTzMissingError('possibly delisted; no timezone found')
    Warning: No data found for TWTR
  ✗ S1: Insufficient data for TWTR
    YFinance output for TWTR: 1 Failed download:
['TWTR']: YFTzMissingError('possibly delisted; no timezone found')
    Warning: No data found for TWTR
    YFinance output for MON: 1 Failed download:
['MON']: YFTzMissingError('possibly delisted; no timezone found')
    Warning: No data found for MON
  ✗ S2: Insufficient data for TWTR/MON

79/223: 2018-06-08: Added=HFC, Removed=AYI
  Holding Period End Date: 2018-07-05
    YFinance output for HFC: 1 Failed download:
['HFC']: YFTzMissingError('possibly delisted; no timezone found')
    Warning: No data found for HFC
  ✗ S1: Insufficient data for HFC
    YFinance output for HFC: 1 Failed download:
['HFC']: YFTzMissingError('possibly delisted; no timezone found')
    Warning: No data found for HFC
  ✗ S2: Insufficient data for HFC/AYI

80/223: 2018-06-08: Added=BR, Removed=RRC
  Holding Period End Date: 2018-07-05
  ✓ S1: BR -2.62%, Portfolio: $640,911
  ✓ S2: Long BR (-2.62%), Short RRC (-3.60%)
      Combined: -3.11%, Portfolio: $942,968

81/223: 2018-06-15: Added=FLT, Removed=TWX
  Holding Period End Date: 2018-07-12
    YFinance output for FLT: 1 Failed download:
['FLT']: YFTzMissingError('possibly delisted; no timezone found')
    Warning: No data found for FLT
  ✗ S1: Insufficient data for FLT
    YFinance output for FLT: 1 Failed download:
['FLT']: YFTzMissingError('possibly delisted; no timezone found')
    Warning: No data found for FLT
  ✗ S2: Insufficient data for FLT/TWX

82/223: 2018-06-25: Added=CPRT, Removed=DPS
  Holding Period End Date: 2018-07-20
  ✓ S1: CPRT 1.17%, Portfolio: $648,387
    YFinance output for DPS: 1 Failed download:
['DPS']: YFPricesMissingError('possibly delisted; no price data found  (1d 2018-06-25 00:00:00 -> 2018-07-23)')
    Warning: No data found for DPS
  ✗ S2: Insufficient data for CPRT/DPS

83/223: 2018-08-23: Added=ANET, Removed=GGP
  Holding Period End Date: 2018-09-19
  ✓ S1: ANET -4.39%, Portfolio: $619,915
    YFinance output for GGP: 1 Failed download:
['GGP']: YFPricesMissingError('possibly delisted; no price data found  (1d 2018-08-23 00:00:00 -> 2018-09-20)')
    Warning: No data found for GGP
  ✗ S2: Insufficient data for ANET/GGP

84/223: 2018-09-11: Added=WCG, Removed=XL
  Holding Period End Date: 2018-10-05
    YFinance output for WCG: 1 Failed download:
['WCG']: YFTzMissingError('possibly delisted; no timezone found')
    Warning: No data found for WCG
  ✗ S1: Insufficient data for WCG
    YFinance output for WCG: 1 Failed download:
['WCG']: YFTzMissingError('possibly delisted; no timezone found')
    Warning: No data found for WCG
    YFinance output for XL: 1 Failed download:
['XL']: YFTzMissingError('possibly delisted; no timezone found')
    Warning: No data found for XL
  ✗ S2: Insufficient data for WCG/XL

85/223: 2018-09-25: Added=ROL, Removed=ANDV
  Holding Period End Date: 2018-10-19
  ✓ S1: ROL -8.95%, Portfolio: $564,452
  ✓ S2: Long ROL (-8.95%), Short ANDV (2.47%)
      Combined: -3.24%, Portfolio: $912,426

86/223: 2018-10-04: Added=FTNT, Removed=EVHC
  Holding Period End Date: 2018-10-30
  ✓ S1: FTNT -11.58%, Portfolio: $499,087
  ✓ S2: Long FTNT (-11.58%), Short EVHC (-0.13%)
      Combined: -5.86%, Portfolio: $859,000

87/223: 2018-10-30: Added=KEYS, Removed=CA
  Holding Period End Date: 2018-11-26
  ✓ S1: KEYS 2.45%, Portfolio: $511,317
    YFinance output for CA: 1 Failed download:
['CA']: YFPricesMissingError('possibly delisted; no price data found  (1d 2018-10-30 00:00:00 -> 2018-11-27) (Yahoo error = "Data doesn\'t exist for startDate = 1540872000, endDate = 1543294800")')
    Warning: No data found for CA
  ✗ S2: Insufficient data for KEYS/CA

88/223: 2018-11-07: Added=JKHY, Removed=EQT
  Holding Period End Date: 2018-12-04
  ✓ S1: JKHY -6.22%, Portfolio: $479,504
  ✓ S2: Long JKHY (-6.22%), Short EQT (1.74%)
      Combined: -2.24%, Portfolio: $839,770

89/223: 2018-11-26: Added=FANG, Removed=SRCL
  Holding Period End Date: 2018-12-21
  ✓ S1: FANG -18.79%, Portfolio: $389,402
    YFinance output for SRCL: 1 Failed download:
['SRCL']: YFTzMissingError('possibly delisted; no timezone found')
    Warning: No data found for SRCL
  ✗ S2: Insufficient data for FANG/SRCL

90/223: 2018-11-26: Added=MXIM, Removed=AET
  Holding Period End Date: 2018-12-21
    YFinance output for MXIM: 1 Failed download:
['MXIM']: YFTzMissingError('possibly delisted; no timezone found')
    Warning: No data found for MXIM
  ✗ S1: Insufficient data for MXIM
    YFinance output for MXIM: 1 Failed download:
['MXIM']: YFTzMissingError('possibly delisted; no timezone found')
    Warning: No data found for MXIM
  ✗ S2: Insufficient data for MXIM/AET

91/223: 2018-11-26: Added=LW, Removed=COL
  Holding Period End Date: 2018-12-21
  ✓ S1: LW -8.42%, Portfolio: $356,601
  ✓ S2: Long LW (-8.42%), Short COL (0.00%)
      Combined: -4.21%, Portfolio: $804,401

92/223: 2018-12-27: Added=CE, Removed=ESRX
  Holding Period End Date: 2019-01-24
  ✓ S1: CE 6.76%, Portfolio: $380,714
    YFinance output for ESRX: 1 Failed download:
['ESRX']: YFPricesMissingError('possibly delisted; no price data found  (1d 2018-12-27 00:00:00 -> 2019-01-25)')
    Warning: No data found for ESRX
  ✗ S2: Insufficient data for CE/ESRX

93/223: 2018-12-27: Added=FRC, Removed=SCG
  Holding Period End Date: 2019-01-24
    YFinance output for FRC: 1 Failed download:
['FRC']: YFTzMissingError('possibly delisted; no timezone found')
    Warning: No data found for FRC
  ✗ S1: Insufficient data for FRC
    YFinance output for FRC: 1 Failed download:
['FRC']: YFTzMissingError('possibly delisted; no timezone found')
    Warning: No data found for FRC
  ✗ S2: Insufficient data for FRC/SCG

94/223: 2019-01-15: Added=TFX, Removed=PCG
  Holding Period End Date: 2019-02-11
  ✓ S1: TFX 7.61%, Portfolio: $409,671
  ✓ S2: Long TFX (7.61%), Short PCG (-51.78%)
      Combined: -22.09%, Portfolio: $626,735

95/223: 2019-02-08: Added=ATO, Removed=NFX
  Holding Period End Date: 2019-03-07
  ✓ S1: ATO 2.06%, Portfolio: $418,116
  ✓ S2: Long ATO (2.06%), Short NFX (-4.51%)
      Combined: -1.22%, Portfolio: $619,059

96/223: 2019-02-21: Added=WAB, Removed=GT
  Holding Period End Date: 2019-03-19
  ✓ S1: WAB -1.69%, Portfolio: $411,070
  ✓ S2: Long WAB (-1.69%), Short GT (6.98%)
      Combined: 2.65%, Portfolio: $635,434

97/223: 2019-03-14: Added=FOXA, Removed=FOXA
  Holding Period End Date: 2019-04-09
  ✓ S1: FOXA -8.22%, Portfolio: $377,295
  ✓ S2: Long FOXA (-8.22%), Short FOXA (8.95%)
      Combined: 0.37%, Portfolio: $637,771

98/223: 2019-03-14: Added=FOX, Removed=FOX
  Holding Period End Date: 2019-04-09
  ✓ S1: FOX -7.68%, Portfolio: $348,308
  ✓ S2: Long FOX (-7.68%), Short FOX (8.32%)
      Combined: 0.32%, Portfolio: $639,810

99/223: 2019-03-26: Added=DOW, Removed=BHF
  Holding Period End Date: 2019-04-22
  ✓ S1: DOW 18.51%, Portfolio: $412,765
  ✓ S2: Long DOW (18.51%), Short BHF (-12.24%)
      Combined: 3.13%, Portfolio: $659,851

100/223: 2019-05-28: Added=CTVA, Removed=FLR
  Holding Period End Date: 2019-06-21
  ✓ S1: CTVA -5.41%, Portfolio: $390,451
  ✓ S2: Long CTVA (-5.41%), Short FLR (-11.66%)
      Combined: -8.53%, Portfolio: $603,545

101/223: 2019-05-28: Added=DD, Removed=DWDP
  Holding Period End Date: 2019-06-21
  ✓ S1: DD 14.62%, Portfolio: $447,520
    YFinance output for DWDP: 1 Failed download:
['DWDP']: YFTzMissingError('possibly delisted; no timezone found')
    Warning: No data found for DWDP
  ✗ S2: Insufficient data for DD/DWDP

102/223: 2019-06-03: Added=BMS, Removed=MAT
  Holding Period End Date: 2019-06-27
  ✓ S1: BMS -0.69%, Portfolio: $444,415
  ✓ S2: Long BMS (-0.69%), Short MAT (-11.39%)
      Combined: -6.04%, Portfolio: $567,090

103/223: 2019-06-03: Added=AMCR, Removed=BMS
  Holding Period End Date: 2019-06-27
  ✓ S1: AMCR 3.05%, Portfolio: $457,967
  ✓ S2: Long AMCR (3.05%), Short BMS (0.70%)
      Combined: 1.87%, Portfolio: $577,717

104/223: 2019-06-24: Added=MKTX, Removed=LLL
  Holding Period End Date: 2019-07-19
  ✓ S1: MKTX 10.21%, Portfolio: $504,737
    YFinance output for LLL: 1 Failed download:
['LLL']: YFTzMissingError('possibly delisted; no timezone found')
    Warning: No data found for LLL
  ✗ S2: Insufficient data for MKTX/LLL

105/223: 2019-07-09: Added=TMUS, Removed=RHT
  Holding Period End Date: 2019-08-02
  ✓ S1: TMUS 3.43%, Portfolio: $522,066
    YFinance output for RHT: 1 Failed download:
['RHT']: YFTzMissingError('possibly delisted; no timezone found')
    Warning: No data found for RHT
  ✗ S2: Insufficient data for TMUS/RHT

106/223: 2019-08-01: Added=IEX, Removed=FL
  Holding Period End Date: 2019-08-27
  ✓ S1: IEX -3.27%, Portfolio: $504,985
  ✓ S2: Long IEX (-3.27%), Short FL (11.38%)
      Combined: 4.05%, Portfolio: $601,143

107/223: 2019-08-01: Added=LDOS, Removed=APC
  Holding Period End Date: 2019-08-27
  ✓ S1: LDOS 1.94%, Portfolio: $514,793
    YFinance output for APC: 1 Failed download:
['APC']: YFTzMissingError('possibly delisted; no timezone found')
    Warning: No data found for APC
  ✗ S2: Insufficient data for LDOS/APC

108/223: 2019-09-17: Added=CDW, Removed=TSS
  Holding Period End Date: 2019-10-11
  ✓ S1: CDW 9.32%, Portfolio: $562,789
    YFinance output for TSS: 1 Failed download:
['TSS']: YFTzMissingError('possibly delisted; no timezone found')
    Warning: No data found for TSS
  ✗ S2: Insufficient data for CDW/TSS

109/223: 2019-09-20: Added=NVR, Removed=JEF
  Holding Period End Date: 2019-10-16
  ✓ S1: NVR 1.94%, Portfolio: $573,718
  ✓ S2: Long NVR (1.94%), Short JEF (0.50%)
      Combined: 1.22%, Portfolio: $608,488

110/223: 2019-09-20: Added=LVS, Removed=NKTR
  Holding Period End Date: 2019-10-16
  ✓ S1: LVS 1.92%, Portfolio: $584,717
  ✓ S2: Long LVS (1.92%), Short NKTR (14.88%)
      Combined: 8.40%, Portfolio: $659,594

111/223: 2019-11-18: Added=NOW, Removed=CELG
  Holding Period End Date: 2019-12-13
  ✓ S1: NOW 2.50%, Portfolio: $599,362
    YFinance output for CELG: 1 Failed download:
['CELG']: YFTzMissingError('possibly delisted; no timezone found')
    Warning: No data found for CELG
  ✗ S2: Insufficient data for NOW/CELG

112/223: 2019-11-27: Added=WRB, Removed=VIAB
  Holding Period End Date: 2019-12-24
  ✓ S1: WRB -1.08%, Portfolio: $592,863
    YFinance output for VIAB: 1 Failed download:
['VIAB']: YFTzMissingError('possibly delisted; no timezone found')
    Warning: No data found for VIAB
  ✗ S2: Insufficient data for WRB/VIAB

113/223: 2019-12-02: Added=ODFL, Removed=STI
  Holding Period End Date: 2019-12-27
  ✓ S1: ODFL 1.52%, Portfolio: $601,847
    YFinance output for STI: 1 Failed download:
['STI']: YFPricesMissingError('possibly delisted; no price data found  (1d 2019-12-02 00:00:00 -> 2019-12-30) (Yahoo error = "Data doesn\'t exist for startDate = 1575262800, endDate = 1577682000")')
    Warning: No data found for STI
  ✗ S2: Insufficient data for ODFL/STI

114/223: 2019-12-13: Added=ZBRA, Removed=TRIP
  Holding Period End Date: 2020-01-10
  ✓ S1: ZBRA -4.47%, Portfolio: $574,929
  ✓ S2: Long ZBRA (-4.47%), Short TRIP (-2.89%)
      Combined: -3.68%, Portfolio: $635,318

115/223: 2019-12-13: Added=LYV, Removed=AMG
  Holding Period End Date: 2020-01-10
  ✓ S1: LYV 10.79%, Portfolio: $636,944
  ✓ S2: Long LYV (10.79%), Short AMG (2.63%)
      Combined: 6.71%, Portfolio: $677,932

116/223: 2019-12-13: Added=STE, Removed=MAC
  Holding Period End Date: 2020-01-10
  ✓ S1: STE -0.61%, Portfolio: $633,087
  ✓ S2: Long STE (-0.61%), Short MAC (4.16%)
      Combined: 1.78%, Portfolio: $689,975

117/223: 2020-01-22: Added=PAYC, Removed=WCG
  Holding Period End Date: 2020-02-18
  ✓ S1: PAYC 4.91%, Portfolio: $664,148
    YFinance output for WCG: 1 Failed download:
['WCG']: YFTzMissingError('possibly delisted; no timezone found')
    Warning: No data found for WCG
  ✗ S2: Insufficient data for PAYC/WCG

118/223: 2020-02-27: Added=IR, Removed=XEC
  Holding Period End Date: 2020-03-24
  ✓ S1: IR -33.32%, Portfolio: $442,831
    YFinance output for XEC: 1 Failed download:
['XEC']: YFTzMissingError('possibly delisted; no timezone found')
    Warning: No data found for XEC
  ✗ S2: Insufficient data for IR/XEC

119/223: 2020-03-31: Added=nan, Removed=M
  Holding Period End Date: 2020-04-27

120/223: 2020-03-31: Added=nan, Removed=RTN
  Holding Period End Date: 2020-04-27

121/223: 2020-03-31: Added=CARR, Removed=nan
  Holding Period End Date: 2020-04-27
  ✓ S1: CARR -2.61%, Portfolio: $431,279

122/223: 2020-03-31: Added=OTIS, Removed=nan
  Holding Period End Date: 2020-04-27
  ✓ S1: OTIS -3.56%, Portfolio: $415,926

123/223: 2020-05-05: Added=HWM, Removed=ARNC
  Holding Period End Date: 2020-06-01
  ✓ S1: HWM 9.83%, Portfolio: $456,803
    YFinance output for ARNC: 1 Failed download:
['ARNC']: YFTzMissingError('possibly delisted; no timezone found')
    Warning: No data found for ARNC
  ✗ S2: Insufficient data for HWM/ARNC

124/223: 2020-05-06: Added=DXCM, Removed=AGN
  Holding Period End Date: 2020-06-02
  ✓ S1: DXCM 2.52%, Portfolio: $468,306
    YFinance output for AGN: 1 Failed download:
['AGN']: YFTzMissingError('possibly delisted; no timezone found')
    Warning: No data found for AGN
  ✗ S2: Insufficient data for DXCM/AGN

125/223: 2020-05-06: Added=DPZ, Removed=CPRI
  Holding Period End Date: 2020-06-02
  ✓ S1: DPZ 3.37%, Portfolio: $484,105
  ✓ S2: Long DPZ (3.37%), Short CPRI (-24.17%)
      Combined: -10.40%, Portfolio: $618,232

126/223: 2020-05-18: Added=WST, Removed=HP
  Holding Period End Date: 2020-06-12
  ✓ S1: WST -8.09%, Portfolio: $444,938
  ✓ S2: Long WST (-8.09%), Short HP (-14.25%)
      Combined: -11.17%, Portfolio: $549,181

127/223: 2020-06-12: Added=BIO, Removed=ADS
  Holding Period End Date: 2020-07-09
  ✓ S1: BIO 6.50%, Portfolio: $473,873
    YFinance output for ADS: 1 Failed download:
['ADS']: YFTzMissingError('possibly delisted; no timezone found')
    Warning: No data found for ADS
  ✗ S2: Insufficient data for BIO/ADS

128/223: 2020-06-12: Added=TDY, Removed=HOG
  Holding Period End Date: 2020-07-09
  ✓ S1: TDY -12.80%, Portfolio: $413,236
  ✓ S2: Long TDY (-12.80%), Short HOG (-2.60%)
      Combined: -7.70%, Portfolio: $506,899

129/223: 2020-06-12: Added=TYL, Removed=JWN
  Holding Period End Date: 2020-07-09
  ✓ S1: TYL 5.42%, Portfolio: $435,640
    YFinance output for JWN: 1 Failed download:
['JWN']: YFTzMissingError('possibly delisted; no timezone found')
    Warning: No data found for JWN
  ✗ S2: Insufficient data for TYL/JWN

130/223: 2020-09-04: Added=CTLT, Removed=KSS
  Holding Period End Date: 2020-10-01
    YFinance output for CTLT: 1 Failed download:
['CTLT']: YFTzMissingError('possibly delisted; no timezone found')
    Warning: No data found for CTLT
  ✗ S1: Insufficient data for CTLT
    YFinance output for CTLT: 1 Failed download:
['CTLT']: YFTzMissingError('possibly delisted; no timezone found')
    Warning: No data found for CTLT
  ✗ S2: Insufficient data for CTLT/KSS

131/223: 2020-09-04: Added=ETSY, Removed=HRB
  Holding Period End Date: 2020-10-01
  ✓ S1: ETSY 17.54%, Portfolio: $512,044
  ✓ S2: Long ETSY (17.54%), Short HRB (-10.61%)
      Combined: 3.47%, Portfolio: $524,469

132/223: 2020-09-04: Added=TER, Removed=COTY
  Holding Period End Date: 2020-10-01
  ✓ S1: TER 3.44%, Portfolio: $529,633
  ✓ S2: Long TER (3.44%), Short COTY (35.79%)
      Combined: 19.61%, Portfolio: $627,330

133/223: 2020-10-01: Added=POOL, Removed=ETFC
  Holding Period End Date: 2020-10-27
  ✓ S1: POOL 11.79%, Portfolio: $592,086
    YFinance output for ETFC: 1 Failed download:
['ETFC']: YFTzMissingError('possibly delisted; no timezone found')
    Warning: No data found for ETFC
  ✗ S2: Insufficient data for POOL/ETFC

134/223: 2020-10-05: Added=VNT, Removed=nan
  Holding Period End Date: 2020-10-29
  ✓ S1: VNT -17.43%, Portfolio: $488,882

135/223: 2020-10-05: Added=nan, Removed=NBL
  Holding Period End Date: 2020-10-29

136/223: 2020-12-11: Added=TSLA, Removed=AIV
  Holding Period End Date: 2021-01-08
  ✓ S1: TSLA 44.27%, Portfolio: $705,300
  ✓ S2: Long TSLA (44.27%), Short AIV (-10.35%)
      Combined: 16.96%, Portfolio: $733,708

137/223: 2020-12-30: Added=ENPH, Removed=TIF
  Holding Period End Date: 2021-01-27
  ✓ S1: ENPH 3.52%, Portfolio: $730,138
    YFinance output for TIF: 1 Failed download:
['TIF']: YFTzMissingError('possibly delisted; no timezone found')
    Warning: No data found for TIF
  ✗ S2: Insufficient data for ENPH/TIF

138/223: 2021-01-15: Added=TRMB, Removed=CXO
  Holding Period End Date: 2021-02-11
  ✓ S1: TRMB 5.15%, Portfolio: $767,770
    YFinance output for CXO: 1 Failed download:
['CXO']: YFTzMissingError('possibly delisted; no timezone found')
    Warning: No data found for CXO
  ✗ S2: Insufficient data for TRMB/CXO

139/223: 2021-02-08: Added=MPWR, Removed=FTI
  Holding Period End Date: 2021-03-05
  ✓ S1: MPWR -9.69%, Portfolio: $693,392
  ✓ S2: Long MPWR (-9.69%), Short FTI (-14.67%)
      Combined: -12.18%, Portfolio: $644,360

140/223: 2021-03-12: Added=CZR, Removed=VNT
  Holding Period End Date: 2021-04-08
  ✓ S1: CZR -4.44%, Portfolio: $662,588
  ✓ S2: Long CZR (-4.44%), Short VNT (1.50%)
      Combined: -1.47%, Portfolio: $634,888

141/223: 2021-03-12: Added=PENN, Removed=SLG
  Holding Period End Date: 2021-04-08
  ✓ S1: PENN -18.23%, Portfolio: $541,822
  ✓ S2: Long PENN (-18.23%), Short SLG (8.40%)
      Combined: -4.91%, Portfolio: $603,693

142/223: 2021-03-12: Added=NXPI, Removed=FLS
  Holding Period End Date: 2021-04-08
  ✓ S1: NXPI 14.03%, Portfolio: $617,838
  ✓ S2: Long NXPI (14.03%), Short FLS (3.50%)
      Combined: 8.76%, Portfolio: $656,594

143/223: 2021-03-12: Added=GNRC, Removed=XRX
  Holding Period End Date: 2021-04-08
  ✓ S1: GNRC 0.79%, Portfolio: $622,734
  ✓ S2: Long GNRC (0.79%), Short XRX (7.69%)
      Combined: 4.24%, Portfolio: $684,453

144/223: 2021-04-15: Added=PTC, Removed=VAR
  Holding Period End Date: 2021-05-11
  ✓ S1: PTC -11.79%, Portfolio: $549,340
    YFinance output for VAR: 1 Failed download:
['VAR']: YFTzMissingError('possibly delisted; no timezone found')
    Warning: No data found for VAR
  ✗ S2: Insufficient data for PTC/VAR

145/223: 2021-05-10: Added=CRL, Removed=FLIR
  Holding Period End Date: 2021-06-04
  ✓ S1: CRL 1.19%, Portfolio: $555,875
    YFinance output for FLIR: 1 Failed download:
['FLIR']: YFTzMissingError('possibly delisted; no timezone found')
    Warning: No data found for FLIR
  ✗ S2: Insufficient data for CRL/FLIR

146/223: 2021-05-27: Added=OGN, Removed=nan
  Holding Period End Date: 2021-06-23
  ✓ S1: OGN -16.90%, Portfolio: $461,924

147/223: 2021-05-27: Added=nan, Removed=HFC
  Holding Period End Date: 2021-06-23

148/223: 2021-07-15: Added=MRNA, Removed=ALXN
  Holding Period End Date: 2021-08-10
  ✓ S1: MRNA 75.90%, Portfolio: $812,510
    YFinance output for ALXN: 1 Failed download:
['ALXN']: YFTzMissingError('possibly delisted; no timezone found')
    Warning: No data found for ALXN
  ✗ S2: Insufficient data for MRNA/ALXN

149/223: 2021-08-24: Added=TECH, Removed=MXIM
  Holding Period End Date: 2021-09-20
  ✓ S1: TECH 7.38%, Portfolio: $872,448
    YFinance output for MXIM: 1 Failed download:
['MXIM']: YFTzMissingError('possibly delisted; no timezone found')
    Warning: No data found for MXIM
  ✗ S2: Insufficient data for TECH/MXIM

150/223: 2021-09-03: Added=BRO, Removed=NOV
  Holding Period End Date: 2021-09-30
  ✓ S1: BRO -5.92%, Portfolio: $820,788
  ✓ S2: Long BRO (-5.92%), Short NOV (-1.22%)
      Combined: -3.57%, Portfolio: $660,012

151/223: 2021-09-03: Added=CDAY, Removed=UNM
  Holding Period End Date: 2021-09-30
    YFinance output for CDAY: 1 Failed download:
['CDAY']: YFTzMissingError('possibly delisted; no timezone found')
    Warning: No data found for CDAY
  ✗ S1: Insufficient data for CDAY
    YFinance output for CDAY: 1 Failed download:
['CDAY']: YFTzMissingError('possibly delisted; no timezone found')
    Warning: No data found for CDAY
  ✗ S2: Insufficient data for CDAY/UNM

152/223: 2021-09-03: Added=MTCH, Removed=PRGO
  Holding Period End Date: 2021-09-30
  ✓ S1: MTCH 5.94%, Portfolio: $869,529
  ✓ S2: Long MTCH (5.94%), Short PRGO (-11.58%)
      Combined: -2.82%, Portfolio: $641,400

153/223: 2021-12-03: Added=FDS, Removed=WU
  Holding Period End Date: 2021-12-30
  ✓ S1: FDS 3.94%, Portfolio: $903,759
  ✓ S2: Long FDS (3.94%), Short WU (-5.61%)
      Combined: -0.84%, Portfolio: $636,042

154/223: 2021-12-03: Added=SEDG, Removed=HBI
  Holding Period End Date: 2021-12-30
  ✓ S1: SEDG -8.03%, Portfolio: $831,194
  ✓ S2: Long SEDG (-8.03%), Short HBI (-1.90%)
      Combined: -4.97%, Portfolio: $604,449

155/223: 2021-12-03: Added=SBNY, Removed=LEG
  Holding Period End Date: 2021-12-30
    YFinance output for SBNY: 1 Failed download:
['SBNY']: YFPricesMissingError('possibly delisted; no price data found  (1d 2021-12-03 00:00:00 -> 2021-12-31) (Yahoo error = "Data doesn\'t exist for startDate = 1638507600, endDate = 1640926800")')
    Warning: No data found for SBNY
  ✗ S1: Insufficient data for SBNY
    YFinance output for SBNY: 1 Failed download:
['SBNY']: YFPricesMissingError('possibly delisted; no price data found  (1d 2021-12-03 00:00:00 -> 2021-12-31) (Yahoo error = "Data doesn\'t exist for startDate = 1638507600, endDate = 1640926800")')
    Warning: No data found for SBNY
  ✗ S2: Insufficient data for SBNY/LEG

156/223: 2021-12-07: Added=EPAM, Removed=KSU
  Holding Period End Date: 2022-01-03
  ✓ S1: EPAM 7.93%, Portfolio: $897,130
    YFinance output for KSU: 1 Failed download:
['KSU']: YFTzMissingError('possibly delisted; no timezone found')
    Warning: No data found for KSU
  ✗ S2: Insufficient data for EPAM/KSU

157/223: 2022-01-26: Added=CEG, Removed=nan
  Holding Period End Date: 2022-02-22
  ✓ S1: CEG 0.74%, Portfolio: $903,773

158/223: 2022-01-26: Added=nan, Removed=GPS
  Holding Period End Date: 2022-02-22

159/223: 2022-02-10: Added=NDSN, Removed=XLNX
  Holding Period End Date: 2022-03-09
  ✓ S1: NDSN -3.49%, Portfolio: $872,265
    YFinance output for XLNX: 1 Failed download:
['XLNX']: YFTzMissingError('possibly delisted; no timezone found')
    Warning: No data found for XLNX
  ✗ S2: Insufficient data for NDSN/XLNX

160/223: 2022-02-25: Added=MOH, Removed=INFO
  Holding Period End Date: 2022-03-23
  ✓ S1: MOH 4.25%, Portfolio: $909,310
    YFinance output for INFO: 1 Failed download:
['INFO']: YFPricesMissingError('possibly delisted; no price data found  (1d 2022-02-25 00:00:00 -> 2022-03-24) (Yahoo error = "Data doesn\'t exist for startDate = 1645765200, endDate = 1648094400")')
    Warning: No data found for INFO
  ✗ S2: Insufficient data for MOH/INFO

161/223: 2022-03-29: Added=CPT, Removed=PBCT
  Holding Period End Date: 2022-04-25
  ✓ S1: CPT -3.63%, Portfolio: $876,277
    YFinance output for PBCT: 1 Failed download:
['PBCT']: YFTzMissingError('possibly delisted; no timezone found')
    Warning: No data found for PBCT
  ✗ S2: Insufficient data for CPT/PBCT

162/223: 2022-04-07: Added=WBD, Removed=DISCA
  Holding Period End Date: 2022-05-04
  ✓ S1: WBD -14.78%, Portfolio: $746,753
    YFinance output for DISCA: 1 Failed download:
['DISCA']: YFTzMissingError('possibly delisted; no timezone found')
    Warning: No data found for DISCA
  ✗ S2: Insufficient data for WBD/DISCA

163/223: 2022-04-07: Added=nan, Removed=DISCK
  Holding Period End Date: 2022-05-04

164/223: 2022-06-03: Added=VICI, Removed=CERN
  Holding Period End Date: 2022-06-30
  ✓ S1: VICI -3.94%, Portfolio: $717,338
    YFinance output for CERN: 1 Failed download:
['CERN']: YFTzMissingError('possibly delisted; no timezone found')
    Warning: No data found for CERN
  ✗ S2: Insufficient data for VICI/CERN

165/223: 2022-06-03: Added=ON, Removed=IPGP
  Holding Period End Date: 2022-06-30
  ✓ S1: ON -20.07%, Portfolio: $573,392
  ✓ S2: Long ON (-20.07%), Short IPGP (8.04%)
      Combined: -6.01%, Portfolio: $568,108

166/223: 2022-06-03: Added=KDP, Removed=UAA
  Holding Period End Date: 2022-06-30
  ✓ S1: KDP 1.85%, Portfolio: $584,020
  ✓ S2: Long KDP (1.85%), Short UAA (32.05%)
      Combined: 16.95%, Portfolio: $664,420

167/223: 2022-06-03: Added=nan, Removed=UA
  Holding Period End Date: 2022-06-30

168/223: 2022-09-02: Added=CSGP, Removed=PVH
  Holding Period End Date: 2022-09-29
  ✓ S1: CSGP -0.28%, Portfolio: $582,373
  ✓ S2: Long CSGP (-0.28%), Short PVH (17.42%)
      Combined: 8.57%, Portfolio: $721,357

169/223: 2022-09-02: Added=INVH, Removed=PENN
  Holding Period End Date: 2022-09-29
  ✓ S1: INVH -7.10%, Portfolio: $541,014
  ✓ S2: Long INVH (-7.10%), Short PENN (14.65%)
      Combined: 3.78%, Portfolio: $748,589

170/223: 2022-09-23: Added=PCG, Removed=CTXS
  Holding Period End Date: 2022-10-19
  ✓ S1: PCG 10.71%, Portfolio: $598,934
    YFinance output for CTXS: 1 Failed download:
['CTXS']: YFTzMissingError('possibly delisted; no timezone found')
    Warning: No data found for CTXS
  ✗ S2: Insufficient data for PCG/CTXS

171/223: 2022-09-23: Added=EQT, Removed=DRE
  Holding Period End Date: 2022-10-19
  ✓ S1: EQT 2.30%, Portfolio: $612,724
    YFinance output for DRE: 1 Failed download:
['DRE']: YFTzMissingError('possibly delisted; no timezone found')
    Warning: No data found for DRE
  ✗ S2: Insufficient data for EQT/DRE

172/223: 2022-10-06: Added=TRGP, Removed=NLSN
  Holding Period End Date: 2022-11-01
  ✓ S1: TRGP 6.14%, Portfolio: $650,363
    YFinance output for NLSN: 1 Failed download:
['NLSN']: YFTzMissingError('possibly delisted; no timezone found')
    Warning: No data found for NLSN
  ✗ S2: Insufficient data for TRGP/NLSN

173/223: 2022-10-27: Added=ACGL, Removed=TWTR
  Holding Period End Date: 2022-11-22
  ✓ S1: ACGL 11.78%, Portfolio: $726,988
    YFinance output for TWTR: 1 Failed download:
['TWTR']: YFTzMissingError('possibly delisted; no timezone found')
    Warning: No data found for TWTR
  ✗ S2: Insufficient data for ACGL/TWTR

174/223: 2022-12-12: Added=FSLR, Removed=FBHS
  Holding Period End Date: 2023-01-09
  ✓ S1: FSLR 5.92%, Portfolio: $769,994
    YFinance output for FBHS: 1 Failed download:
['FBHS']: YFTzMissingError('possibly delisted; no timezone found')
    Warning: No data found for FBHS
  ✗ S2: Insufficient data for FSLR/FBHS

175/223: 2022-12-12: Added=nan, Removed=MBC
  Holding Period End Date: 2023-01-09

176/223: 2022-12-12: Added=MBC, Removed=nan
  Holding Period End Date: 2023-01-09
  ✓ S1: MBC -10.00%, Portfolio: $692,994

177/223: 2022-12-19: Added=STLD, Removed=ABMD
  Holding Period End Date: 2023-01-17
  ✓ S1: STLD 8.89%, Portfolio: $754,597
    YFinance output for ABMD: 1 Failed download:
['ABMD']: YFTzMissingError('possibly delisted; no timezone found')
    Warning: No data found for ABMD
  ✗ S2: Insufficient data for STLD/ABMD

178/223: 2022-12-28: Added=GEHC, Removed=nan
  Holding Period End Date: 2023-01-25
  ✓ S1: GEHC 19.50%, Portfolio: $901,711

179/223: 2022-12-28: Added=nan, Removed=VNO
  Holding Period End Date: 2023-01-25

180/223: 2023-03-03: Added=FICO, Removed=LUMN
  Holding Period End Date: 2023-03-29
  ✓ S1: FICO -1.01%, Portfolio: $892,633
  ✓ S2: Long FICO (-1.01%), Short LUMN (20.53%)
      Combined: 9.76%, Portfolio: $821,672

181/223: 2023-03-10: Added=PODD, Removed=SIVB
  Holding Period End Date: 2023-04-05
  ✓ S1: PODD 12.67%, Portfolio: $1,005,757
    YFinance output for SIVB: 1 Failed download:
['SIVB']: YFTzMissingError('possibly delisted; no timezone found')
    Warning: No data found for SIVB
  ✗ S2: Insufficient data for PODD/SIVB

182/223: 2023-03-13: Added=BG, Removed=SBNY
  Holding Period End Date: 2023-04-06
  ✓ S1: BG 1.17%, Portfolio: $1,017,532
    YFinance output for SBNY: 1 Failed download:
['SBNY']: YFPricesMissingError('possibly delisted; no price data found  (1d 2023-03-13 00:00:00 -> 2023-04-10) (Yahoo error = "Data doesn\'t exist for startDate = 1678680000, endDate = 1681099200")')
    Warning: No data found for SBNY
  ✗ S2: Insufficient data for BG/SBNY

183/223: 2023-05-01: Added=AXON, Removed=FRC
  Holding Period End Date: 2023-05-25
  ✓ S1: AXON -10.20%, Portfolio: $913,706
    YFinance output for FRC: 1 Failed download:
['FRC']: YFTzMissingError('possibly delisted; no timezone found')
    Warning: No data found for FRC
  ✗ S2: Insufficient data for AXON/FRC

184/223: 2023-06-02: Added=PANW, Removed=DISH
  Holding Period End Date: 2023-06-29
  ✓ S1: PANW 16.61%, Portfolio: $1,065,500
    YFinance output for DISH: 1 Failed download:
['DISH']: YFTzMissingError('possibly delisted; no timezone found')
    Warning: No data found for DISH
  ✗ S2: Insufficient data for PANW/DISH

185/223: 2023-08-21: Added=nan, Removed=TEL
  Holding Period End Date: 2023-09-15

186/223: 2023-08-21: Added=KVUE, Removed=AAP
  Holding Period End Date: 2023-09-15
  ✓ S1: KVUE -6.55%, Portfolio: $995,749
  ✓ S2: Long KVUE (-6.55%), Short AAP (14.01%)
      Combined: 3.73%, Portfolio: $852,331

187/223: 2023-08-21: Added=PCS, Removed=nan
  Holding Period End Date: 2023-09-15
    YFinance output for PCS: 1 Failed download:
['PCS']: YFPricesMissingError('possibly delisted; no price data found  (1d 2023-08-21 00:00:00 -> 2023-09-18) (Yahoo error = "Data doesn\'t exist for startDate = 1692590400, endDate = 1695009600")')
    Warning: No data found for PCS
  ✗ S1: Insufficient data for PCS

188/223: 2023-09-14: Added=BX, Removed=LNC
  Holding Period End Date: 2023-10-10
  ✓ S1: BX -6.58%, Portfolio: $930,197
  ✓ S2: Long BX (-6.58%), Short LNC (6.02%)
      Combined: -0.28%, Portfolio: $849,945

189/223: 2023-09-14: Added=ABNB, Removed=NWL
  Holding Period End Date: 2023-10-10
  ✓ S1: ABNB -8.69%, Portfolio: $849,324
  ✓ S2: Long ABNB (-8.69%), Short NWL (35.19%)
      Combined: 13.25%, Portfolio: $962,536

190/223: 2023-09-28: Added=VLTO, Removed=nan
  Holding Period End Date: 2023-10-24
  ✓ S1: VLTO -7.44%, Portfolio: $786,116

191/223: 2023-09-28: Added=nan, Removed=DXC
  Holding Period End Date: 2023-10-24

192/223: 2023-10-13: Added=LULU, Removed=ATVI
  Holding Period End Date: 2023-11-08
  ✓ S1: LULU 8.46%, Portfolio: $852,616
    YFinance output for ATVI: 1 Failed download:
['ATVI']: YFTzMissingError('possibly delisted; no timezone found')
    Warning: No data found for ATVI
  ✗ S2: Insufficient data for LULU/ATVI

193/223: 2023-10-13: Added=HUBB, Removed=OGN
  Holding Period End Date: 2023-11-08
  ✓ S1: HUBB -4.53%, Portfolio: $814,004
  ✓ S2: Long HUBB (-4.53%), Short OGN (41.16%)
      Combined: 18.31%, Portfolio: $1,138,817

194/223: 2023-12-01: Added=UBER, Removed=SEE
  Holding Period End Date: 2023-12-28
  ✓ S1: UBER 10.10%, Portfolio: $896,185
  ✓ S2: Long UBER (10.10%), Short SEE (-7.87%)
      Combined: 1.11%, Portfolio: $1,151,485

195/223: 2023-12-01: Added=BLDR, Removed=SEDG
  Holding Period End Date: 2023-12-28
  ✓ S1: BLDR 21.09%, Portfolio: $1,085,228
  ✓ S2: Long BLDR (21.09%), Short SEDG (-14.73%)
      Combined: 3.18%, Portfolio: $1,188,116

196/223: 2023-12-01: Added=JBL, Removed=ALK
  Holding Period End Date: 2023-12-28
  ✓ S1: JBL 9.47%, Portfolio: $1,187,986
  ✓ S2: Long JBL (9.47%), Short ALK (-0.48%)
      Combined: 4.50%, Portfolio: $1,241,539

197/223: 2024-03-01: Added=SMCI, Removed=WHR
  Holding Period End Date: 2024-03-27
  ✓ S1: SMCI 13.01%, Portfolio: $1,342,553
  ✓ S2: Long SMCI (13.01%), Short WHR (-9.40%)
      Combined: 1.81%, Portfolio: $1,263,962

198/223: 2024-03-01: Added=DECK, Removed=ZION
  Holding Period End Date: 2024-03-27
  ✓ S1: DECK 3.83%, Portfolio: $1,393,993
  ✓ S2: Long DECK (3.83%), Short ZION (-10.15%)
      Combined: -3.16%, Portfolio: $1,224,027

199/223: 2024-03-27: Added=SOLV, Removed=nan
  Holding Period End Date: 2024-04-23
  ✓ S1: SOLV -15.33%, Portfolio: $1,180,248

200/223: 2024-03-27: Added=GEV, Removed=nan
  Holding Period End Date: 2024-04-23
  ✓ S1: GEV 12.63%, Portfolio: $1,329,341

201/223: 2024-03-27: Added=nan, Removed=XRAY
  Holding Period End Date: 2024-04-23

202/223: 2024-03-27: Added=nan, Removed=VFC
  Holding Period End Date: 2024-04-23

203/223: 2024-05-03: Added=VST, Removed=PXD
  Holding Period End Date: 2024-05-30
  ✓ S1: VST 29.30%, Portfolio: $1,718,894
    YFinance output for PXD: 1 Failed download:
['PXD']: YFTzMissingError('possibly delisted; no timezone found')
    Warning: No data found for PXD
  ✗ S2: Insufficient data for VST/PXD

204/223: 2024-06-07: Added=KKR, Removed=RHI
  Holding Period End Date: 2024-07-05
  ✓ S1: KKR 8.26%, Portfolio: $1,860,806
  ✓ S2: Long KKR (8.26%), Short RHI (-1.60%)
      Combined: 3.33%, Portfolio: $1,264,783

205/223: 2024-06-07: Added=CRWD, Removed=CMA
  Holding Period End Date: 2024-07-05
  ✓ S1: CRWD 11.62%, Portfolio: $2,076,990
  ✓ S2: Long CRWD (11.62%), Short CMA (-5.18%)
      Combined: 3.22%, Portfolio: $1,305,474

206/223: 2024-06-07: Added=GDDY, Removed=ILMN
  Holding Period End Date: 2024-07-05
  ✓ S1: GDDY 3.32%, Portfolio: $2,145,845
  ✓ S2: Long GDDY (3.32%), Short ILMN (1.92%)
      Combined: 2.62%, Portfolio: $1,339,642

207/223: 2024-09-06: Added=ERIE, Removed=BIO
  Holding Period End Date: 2024-10-02
  ✓ S1: ERIE 6.94%, Portfolio: $2,294,736
  ✓ S2: Long ERIE (6.94%), Short BIO (-3.76%)
      Combined: 1.59%, Portfolio: $1,360,958

208/223: 2024-09-06: Added=DELL, Removed=ETSY
  Holding Period End Date: 2024-10-02
  ✓ S1: DELL 11.24%, Portfolio: $2,552,557
  ✓ S2: Long DELL (11.24%), Short ETSY (2.60%)
      Combined: 6.92%, Portfolio: $1,455,132

209/223: 2024-09-06: Added=PLTR, Removed=AAL
  Holding Period End Date: 2024-10-02
  ✓ S1: PLTR 23.61%, Portfolio: $3,155,139
  ✓ S2: Long PLTR (23.61%), Short AAL (0.56%)
      Combined: 12.08%, Portfolio: $1,630,953

210/223: 2024-09-24: Added=AMTM, Removed=nan
  Holding Period End Date: 2024-10-18
  ✓ S1: AMTM -0.71%, Portfolio: $3,132,686

211/223: 2024-09-24: Added=nan, Removed=BBWI
  Holding Period End Date: 2024-10-18

212/223: 2024-11-21: Added=TPL, Removed=MRO
  Holding Period End Date: 2024-12-18
  ✓ S1: TPL -26.39%, Portfolio: $2,305,957
    YFinance output for MRO: 1 Failed download:
['MRO']: YFTzMissingError('possibly delisted; no timezone found')
    Warning: No data found for MRO
  ✗ S2: Insufficient data for TPL/MRO

213/223: 2024-12-06: Added=WDAY, Removed=AMTM
  Holding Period End Date: 2025-01-03
  ✓ S1: WDAY -5.10%, Portfolio: $2,188,418
  ✓ S2: Long WDAY (-5.10%), Short AMTM (2.66%)
      Combined: -1.22%, Portfolio: $1,611,065

214/223: 2024-12-06: Added=APO, Removed=QRVO
  Holding Period End Date: 2025-01-03
  ✓ S1: APO -4.94%, Portfolio: $2,080,258
  ✓ S2: Long APO (-4.94%), Short QRVO (-3.26%)
      Combined: -4.10%, Portfolio: $1,545,022

215/223: 2024-12-18: Added=LII, Removed=CTLT
  Holding Period End Date: 2025-01-16
  ✓ S1: LII 0.90%, Portfolio: $2,098,985
    YFinance output for CTLT: 1 Failed download:
['CTLT']: YFTzMissingError('possibly delisted; no timezone found')
    Warning: No data found for CTLT
  ✗ S2: Insufficient data for LII/CTLT

216/223: 2025-03-07: Added=EXE, Removed=FMC
  Holding Period End Date: 2025-04-02
  ✓ S1: EXE 19.27%, Portfolio: $2,503,452
  ✓ S2: Long EXE (19.27%), Short FMC (-4.38%)
      Combined: 7.44%, Portfolio: $1,660,011

217/223: 2025-03-07: Added=WSM, Removed=CE
  Holding Period End Date: 2025-04-02
  ✓ S1: WSM -12.42%, Portfolio: $2,192,530
  ✓ S2: Long WSM (-12.42%), Short CE (-2.23%)
      Combined: -7.32%, Portfolio: $1,538,443

218/223: 2025-03-07: Added=TKO, Removed=TFX
  Holding Period End Date: 2025-04-02
  ✓ S1: TKO 10.63%, Portfolio: $2,425,603
  ✓ S2: Long TKO (10.63%), Short TFX (-1.08%)
      Combined: 4.77%, Portfolio: $1,611,889

219/223: 2025-03-07: Added=DASH, Removed=BWA
  Holding Period End Date: 2025-04-02
  ✓ S1: DASH 6.27%, Portfolio: $2,577,748
  ✓ S2: Long DASH (6.27%), Short BWA (2.37%)
      Combined: 4.32%, Portfolio: $1,681,539

220/223: 2025-05-12: Added=COIN, Removed=DFS
  Holding Period End Date: 2025-06-06
  ✓ S1: COIN 21.26%, Portfolio: $3,125,716
    YFinance output for DFS: 1 Failed download:
['DFS']: YFTzMissingError('possibly delisted; no timezone found')
    Warning: No data found for DFS
  ✗ S2: Insufficient data for COIN/DFS

221/223: 2025-07-02: Added=DDOG, Removed=JNPR
  Holding Period End Date: 2025-07-29
  ✓ S1: DDOG 11.30%, Portfolio: $3,479,012
  ✗ S2: Insufficient data for DDOG/JNPR

222/223: 2025-07-14: Added=TTD, Removed=ANSS
  Holding Period End Date: 2025-08-07
  ✓ S1: TTD 17.10%, Portfolio: $4,073,990
  ✓ S2: Long TTD (17.10%), Short ANSS (3.09%)
      Combined: 10.09%, Portfolio: $1,851,271

223/223: 2025-07-18: Added=XYZ, Removed=HES
  Holding Period End Date: 2025-08-13
  ✓ S1: XYZ 5.67%, Portfolio: $4,305,047
  ✗ S2: Insufficient data for XYZ/HES

============================================================
FINAL RESULTS
Strategy 1: 186 successful trades, Final: $4,305,047 (330.50%)
Strategy 2: 82 successful trades, Final: $1,851,271 (85.13%)
Completed: 2025-08-23 21:40:07
