S&P 500 Index Update Trading Strategy Analysis
Holding Period: 19 trading days
Date Range: 2015-07-02 to 2025-07-18
Timestamp: 2025-08-23 21:40:07
============================================================

1/223: 2015-07-02: Added=KHC, Removed=KRFT
  Holding Period End Date: 2015-07-30
  ✓ S1: KHC 9.33%, Portfolio: $1,093,310
    YFinance output for KRFT: 1 Failed download:
['KRFT']: YFPricesMissingError('possibly delisted; no price data found  (1d 2015-07-02 00:00:00 -> 2015-07-31)')
    Warning: No data found for KRFT
  ✗ S2: Insufficient data for KHC/KRFT

2/223: 2015-07-06: Added=AAP, Removed=FDO
  Holding Period End Date: 2015-07-31
  ✓ S1: AAP 6.60%, Portfolio: $1,165,497
    YFinance output for FDO: 1 Failed download:
['FDO']: YFPricesMissingError('possibly delisted; no price data found  (1d 2015-07-06 00:00:00 -> 2015-08-03)')
    Warning: No data found for FDO
  ✗ S2: Insufficient data for AAP/FDO

3/223: 2015-07-14: Added=PYPL, Removed=NE
  Holding Period End Date: 2015-08-10
  ✓ S1: PYPL 5.74%, Portfolio: $1,232,403
    YFinance output for NE: 1 Failed download:
['NE']: YFPricesMissingError('possibly delisted; no price data found  (1d 2015-07-14 00:00:00 -> 2015-08-11) (Yahoo error = "Data doesn\'t exist for startDate = 1436846400, endDate = 1439265600")')
    Warning: No data found for NE
  ✗ S2: Insufficient data for PYPL/NE

4/223: 2015-07-24: Added=SIG, Removed=DTV
  Holding Period End Date: 2015-08-20
  ✓ S1: SIG 4.10%, Portfolio: $1,282,881
    YFinance output for DTV: 1 Failed download:
['DTV']: YFTzMissingError('possibly delisted; no timezone found')
    Warning: No data found for DTV
  ✗ S2: Insufficient data for SIG/DTV

5/223: 2015-08-27: Added=ATVI, Removed=PLL
  Holding Period End Date: 2015-09-24
    YFinance output for ATVI: 1 Failed download:
['ATVI']: YFTzMissingError('possibly delisted; no timezone found')
    Warning: No data found for ATVI
  ✗ S1: Insufficient data for ATVI
    YFinance output for ATVI: 1 Failed download:
['ATVI']: YFTzMissingError('possibly delisted; no timezone found')
    Warning: No data found for ATVI
    YFinance output for PLL: 1 Failed download:
['PLL']: YFPricesMissingError('possibly delisted; no price data found  (1d 2015-08-27 00:00:00 -> 2015-09-25) (Yahoo error = "Data doesn\'t exist for startDate = 1440648000, endDate = 1443153600")')
    Warning: No data found for PLL
  ✗ S2: Insufficient data for ATVI/PLL

6/223: 2015-08-27: Added=UAL, Removed=HSP
  Holding Period End Date: 2015-09-24
  ✓ S1: UAL 5.57%, Portfolio: $1,354,286
    YFinance output for HSP: 1 Failed download:
['HSP']: YFPricesMissingError('possibly delisted; no price data found  (1d 2015-08-27 00:00:00 -> 2015-09-25)')
    Warning: No data found for HSP
  ✗ S2: Insufficient data for UAL/HSP

7/223: 2015-09-30: Added=VRSK, Removed=JOY
  Holding Period End Date: 2015-10-27
  ✓ S1: VRSK 8.69%, Portfolio: $1,471,922
    YFinance output for JOY: 1 Failed download:
['JOY']: YFPricesMissingError('possibly delisted; no price data found  (1d 2015-09-30 00:00:00 -> 2015-10-28)')
    Warning: No data found for JOY
  ✗ S2: Insufficient data for VRSK/JOY

8/223: 2015-10-27: Added=HPE, Removed=HCBK
  Holding Period End Date: 2015-11-23
  ✓ S1: HPE -11.95%, Portfolio: $1,296,003
    YFinance output for HCBK: 1 Failed download:
['HCBK']: YFPricesMissingError('possibly delisted; no price data found  (1d 2015-10-27 00:00:00 -> 2015-11-24)')
    Warning: No data found for HCBK
  ✗ S2: Insufficient data for HPE/HCBK

9/223: 2015-11-09: Added=SYF, Removed=GNW
  Holding Period End Date: 2015-12-07
  ✓ S1: SYF -3.60%, Portfolio: $1,249,376
  ✓ S2: Long SYF (-3.60%), Short GNW (5.56%)
      Combined: 0.98%, Portfolio: $1,009,789

10/223: 2015-11-12: Added=ILMN, Removed=SIAL
  Holding Period End Date: 2015-12-10
  ✓ S1: ILMN 17.54%, Portfolio: $1,468,553
    YFinance output for SIAL: 1 Failed download:
['SIAL']: YFPricesMissingError('possibly delisted; no price data found  (1d 2015-11-12 00:00:00 -> 2015-12-11)')
    Warning: No data found for SIAL
  ✗ S2: Insufficient data for ILMN/SIAL

11/223: 2015-11-23: Added=CSRA, Removed=CSC
  Holding Period End Date: 2015-12-21
  ✓ S1: CSRA -15.69%, Portfolio: $1,238,201
  ✓ S2: Long CSRA (-15.69%), Short CSC (0.00%)
      Combined: -7.84%, Portfolio: $930,593

12/223: 2015-12-15: Added=nan, Removed=CMCSK
  Holding Period End Date: 2016-01-13

13/223: 2015-12-22: Added=CHD, Removed=ALTR
  Holding Period End Date: 2016-01-21
  ✓ S1: CHD -7.17%, Portfolio: $1,149,395
    YFinance output for ALTR: 1 Failed download:
['ALTR']: YFTzMissingError('possibly delisted; no timezone found')
    Warning: No data found for ALTR
  ✗ S2: Insufficient data for CHD/ALTR

14/223: 2015-12-28: Added=WLTW, Removed=FOSL
  Holding Period End Date: 2016-01-26
    YFinance output for WLTW: 1 Failed download:
['WLTW']: YFTzMissingError('possibly delisted; no timezone found')
    Warning: No data found for WLTW
  ✗ S1: Insufficient data for WLTW
    YFinance output for WLTW: 1 Failed download:
['WLTW']: YFTzMissingError('possibly delisted; no timezone found')
    Warning: No data found for WLTW
  ✗ S2: Insufficient data for WLTW/FOSL

15/223: 2016-01-13: Added=EXR, Removed=ACE
  Holding Period End Date: 2016-02-10
  ✓ S1: EXR -10.82%, Portfolio: $1,025,022
    YFinance output for ACE: 1 Failed download:
['ACE']: YFPricesMissingError('possibly delisted; no price data found  (1d 2016-01-13 00:00:00 -> 2016-02-11) (Yahoo error = "Data doesn\'t exist for startDate = 1452661200, endDate = 1455166800")')
    Warning: No data found for ACE
  ✗ S2: Insufficient data for EXR/ACE

16/223: 2016-01-22: Added=FRT, Removed=BRCM
  Holding Period End Date: 2016-02-19
  ✓ S1: FRT -2.26%, Portfolio: $1,001,901
    YFinance output for BRCM: 1 Failed download:
['BRCM']: YFPricesMissingError('possibly delisted; no price data found  (1d 2016-01-22 00:00:00 -> 2016-02-22)')
    Warning: No data found for BRCM
  ✗ S2: Insufficient data for FRT/BRCM

17/223: 2016-01-26: Added=CFG, Removed=PCP
  Holding Period End Date: 2016-02-23
  ✓ S1: CFG -4.07%, Portfolio: $961,097
    YFinance output for PCP: 1 Failed download:
['PCP']: YFPricesMissingError('possibly delisted; no price data found  (1d 2016-01-26 00:00:00 -> 2016-02-24) (Yahoo error = "Data doesn\'t exist for startDate = 1453784400, endDate = 1456290000")')
    Warning: No data found for PCP
  ✗ S2: Insufficient data for CFG/PCP

18/223: 2016-02-16: Added=CXO, Removed=PCL
  Holding Period End Date: 2016-03-14
    YFinance output for CXO: 1 Failed download:
['CXO']: YFTzMissingError('possibly delisted; no timezone found')
    Warning: No data found for CXO
  ✗ S1: Insufficient data for CXO
    YFinance output for CXO: 1 Failed download:
['CXO']: YFTzMissingError('possibly delisted; no timezone found')
    Warning: No data found for CXO
    YFinance output for PCL: 1 Failed download:
['PCL']: YFPricesMissingError('possibly delisted; no price data found  (1d 2016-02-16 00:00:00 -> 2016-03-15) (Yahoo error = "Data doesn\'t exist for startDate = 1455598800, endDate = 1458014400")')
    Warning: No data found for PCL
  ✗ S2: Insufficient data for CXO/PCL

19/223: 2016-03-01: Added=AWK, Removed=CNX
  Holding Period End Date: 2016-03-29
  ✓ S1: AWK 5.24%, Portfolio: $1,011,433
  ✓ S2: Long AWK (5.24%), Short CNX (-18.17%)
      Combined: -6.47%, Portfolio: $870,401

20/223: 2016-03-04: Added=UDR, Removed=GMCR
  Holding Period End Date: 2016-04-01
  ✓ S1: UDR 10.41%, Portfolio: $1,116,766
    YFinance output for GMCR: 1 Failed download:
['GMCR']: YFPricesMissingError('possibly delisted; no price data found  (1d 2016-03-04 00:00:00 -> 2016-04-04)')
    Warning: No data found for GMCR
  ✗ S2: Insufficient data for UDR/GMCR

21/223: 2016-03-24: Added=CNC, Removed=ESV
  Holding Period End Date: 2016-04-21
  ✓ S1: CNC -5.11%, Portfolio: $1,059,667
    YFinance output for ESV: 1 Failed download:
['ESV']: YFTzMissingError('possibly delisted; no timezone found')
    Warning: No data found for ESV
  ✗ S2: Insufficient data for CNC/ESV

22/223: 2016-03-24: Added=HOLX, Removed=POM
  Holding Period End Date: 2016-04-21
  ✓ S1: HOLX 9.17%, Portfolio: $1,156,842
    YFinance output for POM: 1 Failed download:
['POM']: YFPricesMissingError('possibly delisted; no price data found  (1d 2016-03-24 00:00:00 -> 2016-04-22)')
    Warning: No data found for POM
  ✗ S2: Insufficient data for HOLX/POM

23/223: 2016-03-28: Added=FL, Removed=CAM
  Holding Period End Date: 2016-04-22
  ✓ S1: FL -6.92%, Portfolio: $1,076,790
    YFinance output for CAM: 1 Failed download:
['CAM']: YFPricesMissingError('possibly delisted; no price data found  (1d 2016-03-28 00:00:00 -> 2016-04-25)')
    Warning: No data found for CAM
  ✗ S2: Insufficient data for FL/CAM

24/223: 2016-04-07: Added=ULTA, Removed=THC
  Holding Period End Date: 2016-05-04
  ✓ S1: ULTA 8.17%, Portfolio: $1,164,710
  ✓ S2: Long ULTA (8.17%), Short THC (-9.31%)
      Combined: -0.57%, Portfolio: $865,403

25/223: 2016-04-19: Added=GPN, Removed=GME
  Holding Period End Date: 2016-05-16
  ✓ S1: GPN -2.92%, Portfolio: $1,130,652
  ✓ S2: Long GPN (-2.92%), Short GME (11.82%)
      Combined: 4.45%, Portfolio: $903,893

26/223: 2016-04-26: Added=AYI, Removed=ADT
  Holding Period End Date: 2016-05-23
  ✓ S1: AYI -2.16%, Portfolio: $1,106,229
    YFinance output for ADT: 1 Failed download:
['ADT']: YFPricesMissingError('possibly delisted; no price data found  (1d 2016-04-26 00:00:00 -> 2016-05-24) (Yahoo error = "Data doesn\'t exist for startDate = 1461643200, endDate = 1464062400")')
    Warning: No data found for ADT
  ✗ S2: Insufficient data for AYI/ADT

27/223: 2016-05-10: Added=ALK, Removed=SNDK
  Holding Period End Date: 2016-06-07
  ✓ S1: ALK -3.92%, Portfolio: $1,062,831
    YFinance output for SNDK: 1 Failed download:
['SNDK']: YFPricesMissingError('possibly delisted; no price data found  (1d 2016-05-10 00:00:00 -> 2016-06-08) (Yahoo error = "Data doesn\'t exist for startDate = 1462852800, endDate = 1465358400")')
    Warning: No data found for SNDK
  ✗ S2: Insufficient data for ALK/SNDK

28/223: 2016-05-13: Added=DLR, Removed=TWC
  Holding Period End Date: 2016-06-10
  ✓ S1: DLR 8.39%, Portfolio: $1,152,001
    YFinance output for TWC: 1 Failed download:
['TWC']: YFPricesMissingError('possibly delisted; no price data found  (1d 2016-05-13 00:00:00 -> 2016-06-13)')
    Warning: No data found for TWC
  ✗ S2: Insufficient data for DLR/TWC

29/223: 2016-05-18: Added=LKQ, Removed=ARG
  Holding Period End Date: 2016-06-15
  ✓ S1: LKQ 1.41%, Portfolio: $1,168,206
    YFinance output for ARG: 1 Failed download:
['ARG']: YFPricesMissingError('possibly delisted; no price data found  (1d 2016-05-18 00:00:00 -> 2016-06-16) (Yahoo error = "Data doesn\'t exist for startDate = 1463544000, endDate = 1466049600")')
    Warning: No data found for ARG
  ✗ S2: Insufficient data for LKQ/ARG

30/223: 2016-05-24: Added=AJG, Removed=CCE
  Holding Period End Date: 2016-06-21
  ✓ S1: AJG -2.01%, Portfolio: $1,144,682
    YFinance output for CCE: 1 Failed download:
['CCE']: YFPricesMissingError('possibly delisted; no price data found  (1d 2016-05-24 00:00:00 -> 2016-06-22)')
    Warning: No data found for CCE
  ✗ S2: Insufficient data for AJG/CCE

31/223: 2016-05-27: Added=TDG, Removed=BXLT
  Holding Period End Date: 2016-06-24
  ✓ S1: TDG 0.66%, Portfolio: $1,152,194
    YFinance output for BXLT: 1 Failed download:
['BXLT']: YFPricesMissingError('possibly delisted; no price data found  (1d 2016-05-27 00:00:00 -> 2016-06-27)')
    Warning: No data found for BXLT
  ✗ S2: Insufficient data for TDG/BXLT

32/223: 2016-06-21: Added=FBHS, Removed=CVC
  Holding Period End Date: 2016-07-19
    YFinance output for FBHS: 1 Failed download:
['FBHS']: YFTzMissingError('possibly delisted; no timezone found')
    Warning: No data found for FBHS
  ✗ S1: Insufficient data for FBHS
    YFinance output for FBHS: 1 Failed download:
['FBHS']: YFTzMissingError('possibly delisted; no timezone found')
    Warning: No data found for FBHS
    YFinance output for CVC: 1 Failed download:
['CVC']: YFPricesMissingError('possibly delisted; no price data found  (1d 2016-06-21 00:00:00 -> 2016-07-20)')
    Warning: No data found for CVC
  ✗ S2: Insufficient data for FBHS/CVC

33/223: 2016-06-23: Added=FTV, Removed=CPGX
  Holding Period End Date: 2016-07-21
  ✓ S1: FTV 3.37%, Portfolio: $1,191,075
    YFinance output for CPGX: 1 Failed download:
['CPGX']: YFPricesMissingError('possibly delisted; no price data found  (1d 2016-06-23 00:00:00 -> 2016-07-22)')
    Warning: No data found for CPGX
  ✗ S2: Insufficient data for FTV/CPGX

34/223: 2016-06-23: Added=ALB, Removed=TE
  Holding Period End Date: 2016-07-21
  ✓ S1: ALB -0.15%, Portfolio: $1,189,240
    YFinance output for TE: 1 Failed download:
['TE']: YFPricesMissingError('possibly delisted; no price data found  (1d 2016-06-23 00:00:00 -> 2016-07-22) (Yahoo error = "Data doesn\'t exist for startDate = 1466654400, endDate = 1469160000")')
    Warning: No data found for TE
  ✗ S2: Insufficient data for ALB/TE

35/223: 2016-06-29: Added=LNT, Removed=GAS
  Holding Period End Date: 2016-07-27
  ✓ S1: LNT -0.20%, Portfolio: $1,186,895
  ✓ S2: Long LNT (-0.20%), Short GAS (5.08%)
      Combined: 2.44%, Portfolio: $925,982

36/223: 2016-08-25: Added=MTD, Removed=TYC
  Holding Period End Date: 2016-09-22
  ✓ S1: MTD 1.52%, Portfolio: $1,204,917
    YFinance output for TYC: 1 Failed download:
['TYC']: YFPricesMissingError('possibly delisted; no price data found  (1d 2016-08-25 00:00:00 -> 2016-09-23)')
    Warning: No data found for TYC
  ✗ S2: Insufficient data for MTD/TYC

37/223: 2016-08-31: Added=CHTR, Removed=EMC
  Holding Period End Date: 2016-09-28
  ✓ S1: CHTR 7.53%, Portfolio: $1,295,610
    YFinance output for EMC: 1 Failed download:
['EMC']: YFPricesMissingError('possibly delisted; no price data found  (1d 2016-08-31 00:00:00 -> 2016-09-29) (Yahoo error = "Data doesn\'t exist for startDate = 1472616000, endDate = 1475121600")')
    Warning: No data found for EMC
  ✗ S2: Insufficient data for CHTR/EMC

38/223: 2016-09-10: Added=COO, Removed=HOT
  Holding Period End Date: 2016-10-07
  ✓ S1: COO -3.14%, Portfolio: $1,254,953
  ✓ S2: Long COO (-3.14%), Short HOT (-2.50%)
      Combined: -2.82%, Portfolio: $899,867

39/223: 2016-09-27: Added=COTY, Removed=DO
  Holding Period End Date: 2016-10-24
  ✓ S1: COTY -2.94%, Portfolio: $1,218,027
    YFinance output for DO: 1 Failed download:
['DO']: YFTzMissingError('possibly delisted; no timezone found')
    Warning: No data found for DO
  ✗ S2: Insufficient data for COTY/DO

40/223: 2016-11-29: Added=MAA, Removed=OI
  Holding Period End Date: 2016-12-27
  ✓ S1: MAA 2.69%, Portfolio: $1,250,747
  ✓ S2: Long MAA (2.69%), Short OI (-0.17%)
      Combined: 1.26%, Portfolio: $911,209

41/223: 2016-11-29: Added=EVHC, Removed=LM
  Holding Period End Date: 2016-12-27
  ✓ S1: EVHC -2.37%, Portfolio: $1,221,047
    YFinance output for LM: 1 Failed download:
['LM']: YFTzMissingError('possibly delisted; no timezone found')
    Warning: No data found for LM
  ✗ S2: Insufficient data for EVHC/LM

42/223: 2017-01-03: Added=IDXX, Removed=STJ
  Holding Period End Date: 2017-01-31
  ✓ S1: IDXX 4.02%, Portfolio: $1,270,159
    YFinance output for STJ: 1 Failed download:
['STJ']: YFPricesMissingError('possibly delisted; no price data found  (1d 2017-01-03 00:00:00 -> 2017-02-01)')
    Warning: No data found for STJ
  ✗ S2: Insufficient data for IDXX/STJ

43/223: 2017-02-23: Added=INCY, Removed=SE
  Holding Period End Date: 2017-03-22
  ✓ S1: INCY 15.85%, Portfolio: $1,471,489
    YFinance output for SE: 1 Failed download:
['SE']: YFPricesMissingError('possibly delisted; no price data found  (1d 2017-02-23 00:00:00 -> 2017-03-23) (Yahoo error = "Data doesn\'t exist for startDate = 1487826000, endDate = 1490241600")')
    Warning: No data found for SE
  ✗ S2: Insufficient data for INCY/SE

44/223: 2017-02-23: Added=CBOE, Removed=PBI
  Holding Period End Date: 2017-03-22
  ✓ S1: CBOE -0.34%, Portfolio: $1,466,469
  ✓ S2: Long CBOE (-0.34%), Short PBI (10.57%)
      Combined: 5.11%, Portfolio: $957,805

45/223: 2017-02-23: Added=REG, Removed=ENDP
  Holding Period End Date: 2017-03-22
  ✓ S1: REG -6.51%, Portfolio: $1,370,979
    YFinance output for ENDP: 1 Failed download:
['ENDP']: YFTzMissingError('possibly delisted; no timezone found')
    Warning: No data found for ENDP
  ✗ S2: Insufficient data for REG/ENDP

46/223: 2017-03-06: Added=DISH, Removed=LLTC
  Holding Period End Date: 2017-03-31
    YFinance output for DISH: 1 Failed download:
['DISH']: YFTzMissingError('possibly delisted; no timezone found')
    Warning: No data found for DISH
  ✗ S1: Insufficient data for DISH
    YFinance output for DISH: 1 Failed download:
['DISH']: YFTzMissingError('possibly delisted; no timezone found')
    Warning: No data found for DISH
    YFinance output for LLTC: 1 Failed download:
['LLTC']: YFPricesMissingError('possibly delisted; no price data found  (1d 2017-03-06 00:00:00 -> 2017-04-03)')
    Warning: No data found for LLTC
  ✗ S2: Insufficient data for DISH/LLTC

47/223: 2017-03-10: Added=ARE, Removed=FSLR
  Holding Period End Date: 2017-04-06
  ✓ S1: ARE 3.88%, Portfolio: $1,424,120
  ✓ S2: Long ARE (3.88%), Short FSLR (21.71%)
      Combined: 12.79%, Portfolio: $1,080,352

48/223: 2017-03-10: Added=RJF, Removed=FTR
  Holding Period End Date: 2017-04-06
  ✓ S1: RJF -4.33%, Portfolio: $1,362,391
    YFinance output for FTR: 1 Failed download:
['FTR']: YFTzMissingError('possibly delisted; no timezone found')
    Warning: No data found for FTR
  ✗ S2: Insufficient data for RJF/FTR

49/223: 2017-03-10: Added=AMD, Removed=URBN
  Holding Period End Date: 2017-04-06
  ✓ S1: AMD -4.60%, Portfolio: $1,299,708
  ✓ S2: Long AMD (-4.60%), Short URBN (12.82%)
      Combined: 4.11%, Portfolio: $1,124,746

50/223: 2017-03-13: Added=SNPS, Removed=HAR
  Holding Period End Date: 2017-04-07
  ✓ S1: SNPS -0.87%, Portfolio: $1,288,350
  ✓ S2: Long SNPS (-0.87%), Short HAR (-5.97%)
      Combined: -3.42%, Portfolio: $1,086,280

51/223: 2017-03-28: Added=DXC, Removed=SWN
  Holding Period End Date: 2017-04-25
  ✓ S1: DXC 10.22%, Portfolio: $1,420,039
    YFinance output for SWN: 1 Failed download:
['SWN']: YFTzMissingError('possibly delisted; no timezone found')
    Warning: No data found for SWN
  ✗ S2: Insufficient data for DXC/SWN

52/223: 2017-03-29: Added=IT, Removed=DNB
  Holding Period End Date: 2017-04-26
  ✓ S1: IT 4.85%, Portfolio: $1,488,948
    YFinance output for DNB: 1 Failed download:
['DNB']: YFPricesMissingError('possibly delisted; no price data found  (1d 2017-03-29 00:00:00 -> 2017-04-27) (Yahoo error = "Data doesn\'t exist for startDate = 1490760000, endDate = 1493265600")')
    Warning: No data found for DNB
  ✗ S2: Insufficient data for IT/DNB

53/223: 2017-05-24: Added=INFO, Removed=TGNA
  Holding Period End Date: 2017-06-21
    YFinance output for INFO: 1 Failed download:
['INFO']: YFPricesMissingError('possibly delisted; no price data found  (1d 2017-05-24 00:00:00 -> 2017-06-22) (Yahoo error = "Data doesn\'t exist for startDate = 1495598400, endDate = 1498104000")')
    Warning: No data found for INFO
  ✗ S1: Insufficient data for INFO
    YFinance output for INFO: 1 Failed download:
['INFO']: YFPricesMissingError('possibly delisted; no price data found  (1d 2017-05-24 00:00:00 -> 2017-06-22) (Yahoo error = "Data doesn\'t exist for startDate = 1495598400, endDate = 1498104000")')
    Warning: No data found for INFO
  ✗ S2: Insufficient data for INFO/TGNA

54/223: 2017-06-09: Added=ANSS, Removed=R
  Holding Period End Date: 2017-07-07
  ✓ S1: ANSS -1.71%, Portfolio: $1,463,479
  ✓ S2: Long ANSS (-1.71%), Short R (-11.22%)
      Combined: -6.47%, Portfolio: $1,016,051

55/223: 2017-06-09: Added=ALGN, Removed=TDC
  Holding Period End Date: 2017-07-07
  ✓ S1: ALGN 2.08%, Portfolio: $1,493,958
  ✓ S2: Long ALGN (2.08%), Short TDC (-1.59%)
      Combined: 0.25%, Portfolio: $1,018,576

56/223: 2017-06-09: Added=HLT, Removed=YHOO
  Holding Period End Date: 2017-07-07
  ✓ S1: HLT -4.62%, Portfolio: $1,424,970
    YFinance output for YHOO: 1 Failed download:
['YHOO']: YFTzMissingError('possibly delisted; no timezone found')
    Warning: No data found for YHOO
  ✗ S2: Insufficient data for HLT/YHOO

57/223: 2017-06-12: Added=RE, Removed=MJN
  Holding Period End Date: 2017-07-10
    YFinance output for RE: 1 Failed download:
['RE']: YFTzMissingError('possibly delisted; no timezone found')
    Warning: No data found for RE
  ✗ S1: Insufficient data for RE
    YFinance output for RE: 1 Failed download:
['RE']: YFTzMissingError('possibly delisted; no timezone found')
    Warning: No data found for RE
    YFinance output for MJN: 1 Failed download:
['MJN']: YFPricesMissingError('possibly delisted; no price data found  (1d 2017-06-12 00:00:00 -> 2017-07-11)')
    Warning: No data found for MJN
  ✗ S2: Insufficient data for RE/MJN

58/223: 2017-06-30: Added=BKR, Removed=BHI
  Holding Period End Date: 2017-07-28
  ✓ S1: BKR -2.30%, Portfolio: $1,392,256
    YFinance output for BHI: 1 Failed download:
['BHI']: YFPricesMissingError('possibly delisted; no price data found  (1d 2017-06-30 00:00:00 -> 2017-07-31) (Yahoo error = "Data doesn\'t exist for startDate = 1498795200, endDate = 1501473600")')
    Warning: No data found for BHI
  ✗ S2: Insufficient data for BKR/BHI

59/223: 2017-07-19: Added=MGM, Removed=RAI
  Holding Period End Date: 2017-08-15
  ✓ S1: MGM -3.66%, Portfolio: $1,341,304
    YFinance output for RAI: 1 Failed download:
['RAI']: YFPricesMissingError('possibly delisted; no price data found  (1d 2017-07-19 00:00:00 -> 2017-08-16)')
    Warning: No data found for RAI
  ✗ S2: Insufficient data for MGM/RAI

60/223: 2017-07-19: Added=RMD, Removed=MNK
  Holding Period End Date: 2017-08-15
  ✓ S1: RMD -6.76%, Portfolio: $1,250,681
    YFinance output for MNK: 1 Failed download:
['MNK']: YFTzMissingError('possibly delisted; no timezone found')
    Warning: No data found for MNK
  ✗ S2: Insufficient data for RMD/MNK

61/223: 2017-07-19: Added=PKG, Removed=MUR
  Holding Period End Date: 2017-08-15
  ✓ S1: PKG -2.66%, Portfolio: $1,217,376
  ✓ S2: Long PKG (-2.66%), Short MUR (4.27%)
      Combined: 0.80%, Portfolio: $1,026,763

62/223: 2017-07-19: Added=AOS, Removed=BBBY
  Holding Period End Date: 2017-08-15
  ✓ S1: AOS -5.38%, Portfolio: $1,151,851
    YFinance output for BBBY: 1 Failed download:
['BBBY']: YFTzMissingError('possibly delisted; no timezone found')
    Warning: No data found for BBBY
  ✗ S2: Insufficient data for AOS/BBBY

63/223: 2017-07-19: Added=DRE, Removed=RIG
  Holding Period End Date: 2017-08-15
    YFinance output for DRE: 1 Failed download:
['DRE']: YFTzMissingError('possibly delisted; no timezone found')
    Warning: No data found for DRE
  ✗ S1: Insufficient data for DRE
    YFinance output for DRE: 1 Failed download:
['DRE']: YFTzMissingError('possibly delisted; no timezone found')
    Warning: No data found for DRE
  ✗ S2: Insufficient data for DRE/RIG

64/223: 2017-07-31: Added=BHF, Removed=AN
  Holding Period End Date: 2017-08-25
  ✓ S1: BHF -15.85%, Portfolio: $969,300
  ✓ S2: Long BHF (-15.85%), Short AN (-1.24%)
      Combined: -8.54%, Portfolio: $939,059

65/223: 2017-08-24: Added=Q, Removed=WFM
  Holding Period End Date: 2017-09-21
    YFinance output for Q: 1 Failed download:
['Q']: YFPricesMissingError('possibly delisted; no price data found  (1d 2017-08-24 00:00:00 -> 2017-09-22)')
    Warning: No data found for Q
  ✗ S1: Insufficient data for Q
    YFinance output for Q: 1 Failed download:
['Q']: YFPricesMissingError('possibly delisted; no price data found  (1d 2017-08-24 00:00:00 -> 2017-09-22)')
    Warning: No data found for Q
    YFinance output for WFM: 1 Failed download:
['WFM']: YFPricesMissingError('possibly delisted; no price data found  (1d 2017-08-24 00:00:00 -> 2017-09-22)')
    Warning: No data found for WFM
  ✗ S2: Insufficient data for Q/WFM

66/223: 2017-08-24: Added=SBAC, Removed=DD
  Holding Period End Date: 2017-09-21
  ✓ S1: SBAC -2.07%, Portfolio: $949,204
  ✓ S2: Long SBAC (-2.07%), Short DD (-8.49%)
      Combined: -5.28%, Portfolio: $889,463

67/223: 2017-08-24: Added=DWDP, Removed=DOW
  Holding Period End Date: 2017-09-21
    YFinance output for DWDP: 1 Failed download:
['DWDP']: YFTzMissingError('possibly delisted; no timezone found')
    Warning: No data found for DWDP
  ✗ S1: Insufficient data for DWDP
    YFinance output for DWDP: 1 Failed download:
['DWDP']: YFTzMissingError('possibly delisted; no timezone found')
    Warning: No data found for DWDP
    YFinance output for DOW: 1 Failed download:
['DOW']: YFPricesMissingError('possibly delisted; no price data found  (1d 2017-08-24 00:00:00 -> 2017-09-22) (Yahoo error = "Data doesn\'t exist for startDate = 1503547200, endDate = 1506052800")')
    Warning: No data found for DOW
  ✗ S2: Insufficient data for DWDP/DOW

68/223: 2017-08-24: Added=CDNS, Removed=SPLS
  Holding Period End Date: 2017-09-21
  ✓ S1: CDNS 3.36%, Portfolio: $981,117
    YFinance output for SPLS: 1 Failed download:
['SPLS']: YFPricesMissingError('possibly delisted; no price data found  (1d 2017-08-24 00:00:00 -> 2017-09-22)')
    Warning: No data found for SPLS
  ✗ S2: Insufficient data for CDNS/SPLS

69/223: 2017-10-04: Added=NCLH, Removed=LVLT
  Holding Period End Date: 2017-10-31
  ✓ S1: NCLH -0.41%, Portfolio: $977,086
    YFinance output for LVLT: 1 Failed download:
['LVLT']: YFPricesMissingError('possibly delisted; no price data found  (1d 2017-10-04 00:00:00 -> 2017-11-01)')
    Warning: No data found for LVLT
  ✗ S2: Insufficient data for NCLH/LVLT

70/223: 2017-12-28: Added=HII, Removed=BCR
  Holding Period End Date: 2018-01-26
  ✓ S1: HII 3.47%, Portfolio: $1,010,995
    YFinance output for BCR: 1 Failed download:
['BCR']: YFPricesMissingError('possibly delisted; no price data found  (1d 2017-12-28 00:00:00 -> 2018-01-29)')
    Warning: No data found for BCR
  ✗ S2: Insufficient data for HII/BCR

71/223: 2018-03-02: Added=IPGP, Removed=SNI
  Holding Period End Date: 2018-03-29
  ✓ S1: IPGP -4.67%, Portfolio: $963,832
    YFinance output for SNI: 1 Failed download:
['SNI']: YFPricesMissingError('possibly delisted; no price data found  (1d 2018-03-02 00:00:00 -> 2018-04-02)')
    Warning: No data found for SNI
  ✗ S2: Insufficient data for IPGP/SNI

72/223: 2018-03-09: Added=TTWO, Removed=SIG
  Holding Period End Date: 2018-04-06
  ✓ S1: TTWO -18.85%, Portfolio: $782,158
  ✓ S2: Long TTWO (-18.85%), Short SIG (30.64%)
      Combined: 5.90%, Portfolio: $941,918

73/223: 2018-03-09: Added=NKTR, Removed=CHK
  Holding Period End Date: 2018-04-06
  ✓ S1: NKTR -13.36%, Portfolio: $677,692
    YFinance output for CHK: 1 Failed download:
['CHK']: YFTzMissingError('possibly delisted; no timezone found')
    Warning: No data found for CHK
  ✗ S2: Insufficient data for NKTR/CHK

74/223: 2018-03-09: Added=SIVB, Removed=PDCO
  Holding Period End Date: 2018-04-06
    YFinance output for SIVB: 1 Failed download:
['SIVB']: YFTzMissingError('possibly delisted; no timezone found')
    Warning: No data found for SIVB
  ✗ S1: Insufficient data for SIVB
    YFinance output for SIVB: 1 Failed download:
['SIVB']: YFTzMissingError('possibly delisted; no timezone found')
    Warning: No data found for SIVB
    YFinance output for PDCO: 1 Failed download:
['PDCO']: YFTzMissingError('possibly delisted; no timezone found')
    Warning: No data found for PDCO
  ✗ S2: Insufficient data for SIVB/PDCO

75/223: 2018-03-28: Added=MSCI, Removed=CSRA
  Holding Period End Date: 2018-04-25
  ✓ S1: MSCI -0.89%, Portfolio: $671,660
  ✓ S2: Long MSCI (-0.89%), Short CSRA (0.00%)
      Combined: -0.45%, Portfolio: $937,726

76/223: 2018-05-25: Added=ABMD, Removed=WYN
  Holding Period End Date: 2018-06-22
    YFinance output for ABMD: 1 Failed download:
['ABMD']: YFTzMissingError('possibly delisted; no timezone found')
    Warning: No data found for ABMD
  ✗ S1: Insufficient data for ABMD
    YFinance output for ABMD: 1 Failed download:
['ABMD']: YFTzMissingError('possibly delisted; no timezone found')
    Warning: No data found for ABMD
    YFinance output for WYN: 1 Failed download:
['WYN']: YFPricesMissingError('possibly delisted; no price data found  (1d 2018-05-25 00:00:00 -> 2018-06-25)')
    Warning: No data found for WYN
  ✗ S2: Insufficient data for ABMD/WYN

77/223: 2018-05-31: Added=EVRG, Removed=NAVI
  Holding Period End Date: 2018-06-27
  ✓ S1: EVRG -2.19%, Portfolio: $656,971
  ✓ S2: Long EVRG (-2.19%), Short NAVI (5.34%)
      Combined: 1.58%, Portfolio: $952,507

78/223: 2018-06-04: Added=TWTR, Removed=MON
  Holding Period End Date: 2018-06-29
    YFinance output for TWTR: 1 Failed download:
['TWTR']: YFTzMissingError('possibly delisted; no timezone found')
    Warning: No data found for TWTR
  ✗ S1: Insufficient data for TWTR
    YFinance output for TWTR: 1 Failed download:
['TWTR']: YFTzMissingError('possibly delisted; no timezone found')
    Warning: No data found for TWTR
    YFinance output for MON: 1 Failed download:
['MON']: YFTzMissingError('possibly delisted; no timezone found')
    Warning: No data found for MON
  ✗ S2: Insufficient data for TWTR/MON

79/223: 2018-06-08: Added=HFC, Removed=AYI
  Holding Period End Date: 2018-07-06
    YFinance output for HFC: 1 Failed download:
['HFC']: YFTzMissingError('possibly delisted; no timezone found')
    Warning: No data found for HFC
  ✗ S1: Insufficient data for HFC
    YFinance output for HFC: 1 Failed download:
['HFC']: YFTzMissingError('possibly delisted; no timezone found')
    Warning: No data found for HFC
  ✗ S2: Insufficient data for HFC/AYI

80/223: 2018-06-08: Added=BR, Removed=RRC
  Holding Period End Date: 2018-07-06
  ✓ S1: BR -2.04%, Portfolio: $643,539
  ✓ S2: Long BR (-2.04%), Short RRC (-6.03%)
      Combined: -4.04%, Portfolio: $914,052

81/223: 2018-06-15: Added=FLT, Removed=TWX
  Holding Period End Date: 2018-07-13
    YFinance output for FLT: 1 Failed download:
['FLT']: YFTzMissingError('possibly delisted; no timezone found')
    Warning: No data found for FLT
  ✗ S1: Insufficient data for FLT
    YFinance output for FLT: 1 Failed download:
['FLT']: YFTzMissingError('possibly delisted; no timezone found')
    Warning: No data found for FLT
  ✗ S2: Insufficient data for FLT/TWX

82/223: 2018-06-25: Added=CPRT, Removed=DPS
  Holding Period End Date: 2018-07-23
  ✓ S1: CPRT -0.07%, Portfolio: $643,098
    YFinance output for DPS: 1 Failed download:
['DPS']: YFPricesMissingError('possibly delisted; no price data found  (1d 2018-06-25 00:00:00 -> 2018-07-24)')
    Warning: No data found for DPS
  ✗ S2: Insufficient data for CPRT/DPS

83/223: 2018-08-23: Added=ANET, Removed=GGP
  Holding Period End Date: 2018-09-20
  ✓ S1: ANET -3.38%, Portfolio: $621,343
    YFinance output for GGP: 1 Failed download:
['GGP']: YFPricesMissingError('possibly delisted; no price data found  (1d 2018-08-23 00:00:00 -> 2018-09-21)')
    Warning: No data found for GGP
  ✗ S2: Insufficient data for ANET/GGP

84/223: 2018-09-11: Added=WCG, Removed=XL
  Holding Period End Date: 2018-10-08
    YFinance output for WCG: 1 Failed download:
['WCG']: YFTzMissingError('possibly delisted; no timezone found')
    Warning: No data found for WCG
  ✗ S1: Insufficient data for WCG
    YFinance output for WCG: 1 Failed download:
['WCG']: YFTzMissingError('possibly delisted; no timezone found')
    Warning: No data found for WCG
    YFinance output for XL: 1 Failed download:
['XL']: YFTzMissingError('possibly delisted; no timezone found')
    Warning: No data found for XL
  ✗ S2: Insufficient data for WCG/XL

85/223: 2018-09-25: Added=ROL, Removed=ANDV
  Holding Period End Date: 2018-10-22
  ✓ S1: ROL -8.77%, Portfolio: $566,846
  ✓ S2: Long ROL (-8.77%), Short ANDV (2.47%)
      Combined: -3.15%, Portfolio: $885,251

86/223: 2018-10-04: Added=FTNT, Removed=EVHC
  Holding Period End Date: 2018-10-31
  ✓ S1: FTNT -7.96%, Portfolio: $521,710
  ✓ S2: Long FTNT (-7.96%), Short EVHC (-0.13%)
      Combined: -4.05%, Portfolio: $849,428

87/223: 2018-10-30: Added=KEYS, Removed=CA
  Holding Period End Date: 2018-11-27
  ✓ S1: KEYS 3.97%, Portfolio: $542,439
    YFinance output for CA: 1 Failed download:
['CA']: YFPricesMissingError('possibly delisted; no price data found  (1d 2018-10-30 00:00:00 -> 2018-11-28) (Yahoo error = "Data doesn\'t exist for startDate = 1540872000, endDate = 1543381200")')
    Warning: No data found for CA
  ✗ S2: Insufficient data for KEYS/CA

88/223: 2018-11-07: Added=JKHY, Removed=EQT
  Holding Period End Date: 2018-12-06
  ✓ S1: JKHY -7.05%, Portfolio: $504,202
  ✓ S2: Long JKHY (-7.05%), Short EQT (3.21%)
      Combined: -1.92%, Portfolio: $833,144

89/223: 2018-11-26: Added=FANG, Removed=SRCL
  Holding Period End Date: 2018-12-24
  ✓ S1: FANG -21.63%, Portfolio: $395,161
    YFinance output for SRCL: 1 Failed download:
['SRCL']: YFTzMissingError('possibly delisted; no timezone found')
    Warning: No data found for SRCL
  ✗ S2: Insufficient data for FANG/SRCL

90/223: 2018-11-26: Added=MXIM, Removed=AET
  Holding Period End Date: 2018-12-24
    YFinance output for MXIM: 1 Failed download:
['MXIM']: YFTzMissingError('possibly delisted; no timezone found')
    Warning: No data found for MXIM
  ✗ S1: Insufficient data for MXIM
    YFinance output for MXIM: 1 Failed download:
['MXIM']: YFTzMissingError('possibly delisted; no timezone found')
    Warning: No data found for MXIM
  ✗ S2: Insufficient data for MXIM/AET

91/223: 2018-11-26: Added=LW, Removed=COL
  Holding Period End Date: 2018-12-24
  ✓ S1: LW -11.00%, Portfolio: $351,696
  ✓ S2: Long LW (-11.00%), Short COL (12.50%)
      Combined: 0.75%, Portfolio: $839,396

92/223: 2018-12-27: Added=CE, Removed=ESRX
  Holding Period End Date: 2019-01-25
  ✓ S1: CE 8.54%, Portfolio: $381,717
    YFinance output for ESRX: 1 Failed download:
['ESRX']: YFPricesMissingError('possibly delisted; no price data found  (1d 2018-12-27 00:00:00 -> 2019-01-28)')
    Warning: No data found for ESRX
  ✗ S2: Insufficient data for CE/ESRX

93/223: 2018-12-27: Added=FRC, Removed=SCG
  Holding Period End Date: 2019-01-25
    YFinance output for FRC: 1 Failed download:
['FRC']: YFTzMissingError('possibly delisted; no timezone found')
    Warning: No data found for FRC
  ✗ S1: Insufficient data for FRC
    YFinance output for FRC: 1 Failed download:
['FRC']: YFTzMissingError('possibly delisted; no timezone found')
    Warning: No data found for FRC
  ✗ S2: Insufficient data for FRC/SCG

94/223: 2019-01-15: Added=TFX, Removed=PCG
  Holding Period End Date: 2019-02-12
  ✓ S1: TFX 8.51%, Portfolio: $414,194
  ✓ S2: Long TFX (8.51%), Short PCG (-55.22%)
      Combined: -23.35%, Portfolio: $643,359

95/223: 2019-02-08: Added=ATO, Removed=NFX
  Holding Period End Date: 2019-03-08
  ✓ S1: ATO 2.78%, Portfolio: $425,707
  ✓ S2: Long ATO (2.78%), Short NFX (-4.51%)
      Combined: -0.87%, Portfolio: $637,790

96/223: 2019-02-21: Added=WAB, Removed=GT
  Holding Period End Date: 2019-03-20
  ✓ S1: WAB -1.49%, Portfolio: $419,343
  ✓ S2: Long WAB (-1.49%), Short GT (7.70%)
      Combined: 3.10%, Portfolio: $657,567

97/223: 2019-03-14: Added=FOXA, Removed=FOXA
  Holding Period End Date: 2019-04-10
  ✓ S1: FOXA -10.26%, Portfolio: $376,326
  ✓ S2: Long FOXA (-10.26%), Short FOXA (11.43%)
      Combined: 0.59%, Portfolio: $661,422

98/223: 2019-03-14: Added=FOX, Removed=FOX
  Holding Period End Date: 2019-04-10
  ✓ S1: FOX -10.09%, Portfolio: $338,373
  ✓ S2: Long FOX (-10.09%), Short FOX (11.22%)
      Combined: 0.57%, Portfolio: $665,163

99/223: 2019-03-26: Added=DOW, Removed=BHF
  Holding Period End Date: 2019-04-23
  ✓ S1: DOW 17.99%, Portfolio: $399,259
  ✓ S2: Long DOW (17.99%), Short BHF (-12.50%)
      Combined: 2.75%, Portfolio: $683,445

100/223: 2019-05-28: Added=CTVA, Removed=FLR
  Holding Period End Date: 2019-06-24
  ✓ S1: CTVA -2.62%, Portfolio: $388,780
  ✓ S2: Long CTVA (-2.62%), Short FLR (-8.96%)
      Combined: -5.79%, Portfolio: $643,848

101/223: 2019-05-28: Added=DD, Removed=DWDP
  Holding Period End Date: 2019-06-24
  ✓ S1: DD 14.71%, Portfolio: $445,963
    YFinance output for DWDP: 1 Failed download:
['DWDP']: YFTzMissingError('possibly delisted; no timezone found')
    Warning: No data found for DWDP
  ✗ S2: Insufficient data for DD/DWDP

102/223: 2019-06-03: Added=BMS, Removed=MAT
  Holding Period End Date: 2019-06-28
  ✓ S1: BMS -0.69%, Portfolio: $442,868
  ✓ S2: Long BMS (-0.69%), Short MAT (-13.92%)
      Combined: -7.30%, Portfolio: $596,815

103/223: 2019-06-03: Added=AMCR, Removed=BMS
  Holding Period End Date: 2019-06-28
  ✓ S1: AMCR 3.05%, Portfolio: $456,373
  ✓ S2: Long AMCR (3.05%), Short BMS (0.70%)
      Combined: 1.87%, Portfolio: $607,999

104/223: 2019-06-24: Added=MKTX, Removed=LLL
  Holding Period End Date: 2019-07-22
  ✓ S1: MKTX 11.25%, Portfolio: $507,709
    YFinance output for LLL: 1 Failed download:
['LLL']: YFTzMissingError('possibly delisted; no timezone found')
    Warning: No data found for LLL
  ✗ S2: Insufficient data for MKTX/LLL

105/223: 2019-07-09: Added=TMUS, Removed=RHT
  Holding Period End Date: 2019-08-05
  ✓ S1: TMUS 1.38%, Portfolio: $514,735
    YFinance output for RHT: 1 Failed download:
['RHT']: YFTzMissingError('possibly delisted; no timezone found')
    Warning: No data found for RHT
  ✗ S2: Insufficient data for TMUS/RHT

106/223: 2019-08-01: Added=IEX, Removed=FL
  Holding Period End Date: 2019-08-28
  ✓ S1: IEX -3.14%, Portfolio: $498,568
  ✓ S2: Long IEX (-3.14%), Short FL (10.10%)
      Combined: 3.48%, Portfolio: $629,166

107/223: 2019-08-01: Added=LDOS, Removed=APC
  Holding Period End Date: 2019-08-28
  ✓ S1: LDOS 2.77%, Portfolio: $512,376
    YFinance output for APC: 1 Failed download:
['APC']: YFTzMissingError('possibly delisted; no timezone found')
    Warning: No data found for APC
  ✗ S2: Insufficient data for LDOS/APC

108/223: 2019-09-17: Added=CDW, Removed=TSS
  Holding Period End Date: 2019-10-14
  ✓ S1: CDW 8.37%, Portfolio: $555,284
    YFinance output for TSS: 1 Failed download:
['TSS']: YFTzMissingError('possibly delisted; no timezone found')
    Warning: No data found for TSS
  ✗ S2: Insufficient data for CDW/TSS

109/223: 2019-09-20: Added=NVR, Removed=JEF
  Holding Period End Date: 2019-10-17
  ✓ S1: NVR 3.97%, Portfolio: $577,304
  ✓ S2: Long NVR (3.97%), Short JEF (-1.51%)
      Combined: 1.23%, Portfolio: $636,896

110/223: 2019-09-20: Added=LVS, Removed=NKTR
  Holding Period End Date: 2019-10-17
  ✓ S1: LVS 1.81%, Portfolio: $587,758
  ✓ S2: Long LVS (1.81%), Short NKTR (13.39%)
      Combined: 7.60%, Portfolio: $685,314

111/223: 2019-11-18: Added=NOW, Removed=CELG
  Holding Period End Date: 2019-12-16
  ✓ S1: NOW 5.81%, Portfolio: $621,923
    YFinance output for CELG: 1 Failed download:
['CELG']: YFTzMissingError('possibly delisted; no timezone found')
    Warning: No data found for CELG
  ✗ S2: Insufficient data for NOW/CELG

112/223: 2019-11-27: Added=WRB, Removed=VIAB
  Holding Period End Date: 2019-12-26
  ✓ S1: WRB -1.01%, Portfolio: $615,629
    YFinance output for VIAB: 1 Failed download:
['VIAB']: YFTzMissingError('possibly delisted; no timezone found')
    Warning: No data found for VIAB
  ✗ S2: Insufficient data for WRB/VIAB

113/223: 2019-12-02: Added=ODFL, Removed=STI
  Holding Period End Date: 2019-12-30
  ✓ S1: ODFL 1.24%, Portfolio: $623,270
    YFinance output for STI: 1 Failed download:
['STI']: YFPricesMissingError('possibly delisted; no price data found  (1d 2019-12-02 00:00:00 -> 2019-12-31) (Yahoo error = "Data doesn\'t exist for startDate = 1575262800, endDate = 1577768400")')
    Warning: No data found for STI
  ✗ S2: Insufficient data for ODFL/STI

114/223: 2019-12-13: Added=ZBRA, Removed=TRIP
  Holding Period End Date: 2020-01-13
  ✓ S1: ZBRA -3.58%, Portfolio: $600,979
  ✓ S2: Long ZBRA (-3.58%), Short TRIP (-4.44%)
      Combined: -4.01%, Portfolio: $657,835

115/223: 2019-12-13: Added=LYV, Removed=AMG
  Holding Period End Date: 2020-01-13
  ✓ S1: LYV 12.47%, Portfolio: $675,892
  ✓ S2: Long LYV (12.47%), Short AMG (0.66%)
      Combined: 6.56%, Portfolio: $701,013

116/223: 2019-12-13: Added=STE, Removed=MAC
  Holding Period End Date: 2020-01-13
  ✓ S1: STE -0.26%, Portfolio: $674,156
  ✓ S2: Long STE (-0.26%), Short MAC (3.17%)
      Combined: 1.46%, Portfolio: $711,218

117/223: 2020-01-22: Added=PAYC, Removed=WCG
  Holding Period End Date: 2020-02-19
  ✓ S1: PAYC 6.99%, Portfolio: $721,282
    YFinance output for WCG: 1 Failed download:
['WCG']: YFTzMissingError('possibly delisted; no timezone found')
    Warning: No data found for WCG
  ✗ S2: Insufficient data for PAYC/WCG

118/223: 2020-02-27: Added=IR, Removed=XEC
  Holding Period End Date: 2020-03-25
  ✓ S1: IR -30.73%, Portfolio: $499,596
    YFinance output for XEC: 1 Failed download:
['XEC']: YFTzMissingError('possibly delisted; no timezone found')
    Warning: No data found for XEC
  ✗ S2: Insufficient data for IR/XEC

119/223: 2020-03-31: Added=nan, Removed=M
  Holding Period End Date: 2020-04-28

120/223: 2020-03-31: Added=nan, Removed=RTN
  Holding Period End Date: 2020-04-28

121/223: 2020-03-31: Added=CARR, Removed=nan
  Holding Period End Date: 2020-04-28
  ✓ S1: CARR -1.45%, Portfolio: $492,356

122/223: 2020-03-31: Added=OTIS, Removed=nan
  Holding Period End Date: 2020-04-28
  ✓ S1: OTIS -0.28%, Portfolio: $490,977

123/223: 2020-05-05: Added=HWM, Removed=ARNC
  Holding Period End Date: 2020-06-02
  ✓ S1: HWM 14.58%, Portfolio: $562,553
    YFinance output for ARNC: 1 Failed download:
['ARNC']: YFTzMissingError('possibly delisted; no timezone found')
    Warning: No data found for ARNC
  ✗ S2: Insufficient data for HWM/ARNC

124/223: 2020-05-06: Added=DXCM, Removed=AGN
  Holding Period End Date: 2020-06-03
  ✓ S1: DXCM -0.18%, Portfolio: $561,540
    YFinance output for AGN: 1 Failed download:
['AGN']: YFTzMissingError('possibly delisted; no timezone found')
    Warning: No data found for AGN
  ✗ S2: Insufficient data for DXCM/AGN

125/223: 2020-05-06: Added=DPZ, Removed=CPRI
  Holding Period End Date: 2020-06-03
  ✓ S1: DPZ 4.79%, Portfolio: $588,448
  ✓ S2: Long DPZ (4.79%), Short CPRI (-25.99%)
      Combined: -10.60%, Portfolio: $635,828

126/223: 2020-05-18: Added=WST, Removed=HP
  Holding Period End Date: 2020-06-15
  ✓ S1: WST -4.13%, Portfolio: $564,118
  ✓ S2: Long WST (-4.13%), Short HP (-16.62%)
      Combined: -10.38%, Portfolio: $569,835

127/223: 2020-06-12: Added=BIO, Removed=ADS
  Holding Period End Date: 2020-07-10
  ✓ S1: BIO 6.42%, Portfolio: $600,326
    YFinance output for ADS: 1 Failed download:
['ADS']: YFTzMissingError('possibly delisted; no timezone found')
    Warning: No data found for ADS
  ✗ S2: Insufficient data for BIO/ADS

128/223: 2020-06-12: Added=TDY, Removed=HOG
  Holding Period End Date: 2020-07-10
  ✓ S1: TDY -11.14%, Portfolio: $533,461
  ✓ S2: Long TDY (-11.14%), Short HOG (-5.00%)
      Combined: -8.07%, Portfolio: $523,855

129/223: 2020-06-12: Added=TYL, Removed=JWN
  Holding Period End Date: 2020-07-10
  ✓ S1: TYL 4.97%, Portfolio: $559,955
    YFinance output for JWN: 1 Failed download:
['JWN']: YFTzMissingError('possibly delisted; no timezone found')
    Warning: No data found for JWN
  ✗ S2: Insufficient data for TYL/JWN

130/223: 2020-09-04: Added=CTLT, Removed=KSS
  Holding Period End Date: 2020-10-02
    YFinance output for CTLT: 1 Failed download:
['CTLT']: YFTzMissingError('possibly delisted; no timezone found')
    Warning: No data found for CTLT
  ✗ S1: Insufficient data for CTLT
    YFinance output for CTLT: 1 Failed download:
['CTLT']: YFTzMissingError('possibly delisted; no timezone found')
    Warning: No data found for CTLT
  ✗ S2: Insufficient data for CTLT/KSS

131/223: 2020-09-04: Added=ETSY, Removed=HRB
  Holding Period End Date: 2020-10-02
  ✓ S1: ETSY 17.48%, Portfolio: $657,862
  ✓ S2: Long ETSY (17.48%), Short HRB (-9.68%)
      Combined: 3.90%, Portfolio: $544,287

132/223: 2020-09-04: Added=TER, Removed=COTY
  Holding Period End Date: 2020-10-02
  ✓ S1: TER 0.03%, Portfolio: $658,029
  ✓ S2: Long TER (0.03%), Short COTY (32.99%)
      Combined: 16.51%, Portfolio: $634,135

133/223: 2020-10-01: Added=POOL, Removed=ETFC
  Holding Period End Date: 2020-10-28
  ✓ S1: POOL 10.53%, Portfolio: $727,324
    YFinance output for ETFC: 1 Failed download:
['ETFC']: YFTzMissingError('possibly delisted; no timezone found')
    Warning: No data found for ETFC
  ✗ S2: Insufficient data for POOL/ETFC

134/223: 2020-10-05: Added=VNT, Removed=nan
  Holding Period End Date: 2020-10-30
  ✓ S1: VNT -16.09%, Portfolio: $610,315

135/223: 2020-10-05: Added=nan, Removed=NBL
  Holding Period End Date: 2020-10-30

136/223: 2020-12-11: Added=TSLA, Removed=AIV
  Holding Period End Date: 2021-01-11
  ✓ S1: TSLA 32.98%, Portfolio: $811,623
  ✓ S2: Long TSLA (32.98%), Short AIV (-9.42%)
      Combined: 11.78%, Portfolio: $708,838

137/223: 2020-12-30: Added=ENPH, Removed=TIF
  Holding Period End Date: 2021-01-28
  ✓ S1: ENPH 12.03%, Portfolio: $909,291
    YFinance output for TIF: 1 Failed download:
['TIF']: YFTzMissingError('possibly delisted; no timezone found')
    Warning: No data found for TIF
  ✗ S2: Insufficient data for ENPH/TIF

138/223: 2021-01-15: Added=TRMB, Removed=CXO
  Holding Period End Date: 2021-02-12
  ✓ S1: TRMB 6.49%, Portfolio: $968,331
    YFinance output for CXO: 1 Failed download:
['CXO']: YFTzMissingError('possibly delisted; no timezone found')
    Warning: No data found for CXO
  ✗ S2: Insufficient data for TRMB/CXO

139/223: 2021-02-08: Added=MPWR, Removed=FTI
  Holding Period End Date: 2021-03-08
  ✓ S1: MPWR -18.06%, Portfolio: $793,458
  ✓ S2: Long MPWR (-18.06%), Short FTI (-12.98%)
      Combined: -15.52%, Portfolio: $598,844

140/223: 2021-03-12: Added=CZR, Removed=VNT
  Holding Period End Date: 2021-04-09
  ✓ S1: CZR -4.26%, Portfolio: $759,628
  ✓ S2: Long CZR (-4.26%), Short VNT (1.07%)
      Combined: -1.60%, Portfolio: $589,291

141/223: 2021-03-12: Added=PENN, Removed=SLG
  Holding Period End Date: 2021-04-09
  ✓ S1: PENN -20.20%, Portfolio: $606,212
  ✓ S2: Long PENN (-20.20%), Short SLG (7.24%)
      Combined: -6.48%, Portfolio: $551,127

142/223: 2021-03-12: Added=NXPI, Removed=FLS
  Holding Period End Date: 2021-04-09
  ✓ S1: NXPI 14.02%, Portfolio: $691,195
  ✓ S2: Long NXPI (14.02%), Short FLS (3.63%)
      Combined: 8.82%, Portfolio: $599,749

143/223: 2021-03-12: Added=GNRC, Removed=XRX
  Holding Period End Date: 2021-04-09
  ✓ S1: GNRC 0.34%, Portfolio: $693,525
  ✓ S2: Long GNRC (0.34%), Short XRX (7.00%)
      Combined: 3.67%, Portfolio: $621,755

144/223: 2021-04-15: Added=PTC, Removed=VAR
  Holding Period End Date: 2021-05-12
  ✓ S1: PTC -15.08%, Portfolio: $588,944
    YFinance output for VAR: 1 Failed download:
['VAR']: YFTzMissingError('possibly delisted; no timezone found')
    Warning: No data found for VAR
  ✗ S2: Insufficient data for PTC/VAR

145/223: 2021-05-10: Added=CRL, Removed=FLIR
  Holding Period End Date: 2021-06-07
  ✓ S1: CRL 2.21%, Portfolio: $601,965
    YFinance output for FLIR: 1 Failed download:
['FLIR']: YFTzMissingError('possibly delisted; no timezone found')
    Warning: No data found for FLIR
  ✗ S2: Insufficient data for CRL/FLIR

146/223: 2021-05-27: Added=OGN, Removed=nan
  Holding Period End Date: 2021-06-24
  ✓ S1: OGN -16.14%, Portfolio: $504,803

147/223: 2021-05-27: Added=nan, Removed=HFC
  Holding Period End Date: 2021-06-24

148/223: 2021-07-15: Added=MRNA, Removed=ALXN
  Holding Period End Date: 2021-08-11
  ✓ S1: MRNA 48.39%, Portfolio: $749,074
    YFinance output for ALXN: 1 Failed download:
['ALXN']: YFTzMissingError('possibly delisted; no timezone found')
    Warning: No data found for ALXN
  ✗ S2: Insufficient data for MRNA/ALXN

149/223: 2021-08-24: Added=TECH, Removed=MXIM
  Holding Period End Date: 2021-09-21
  ✓ S1: TECH 7.66%, Portfolio: $806,431
    YFinance output for MXIM: 1 Failed download:
['MXIM']: YFTzMissingError('possibly delisted; no timezone found')
    Warning: No data found for MXIM
  ✗ S2: Insufficient data for TECH/MXIM

150/223: 2021-09-03: Added=BRO, Removed=NOV
  Holding Period End Date: 2021-10-01
  ✓ S1: BRO -2.27%, Portfolio: $788,096
  ✓ S2: Long BRO (-2.27%), Short NOV (-3.93%)
      Combined: -3.10%, Portfolio: $602,464

151/223: 2021-09-03: Added=CDAY, Removed=UNM
  Holding Period End Date: 2021-10-01
    YFinance output for CDAY: 1 Failed download:
['CDAY']: YFTzMissingError('possibly delisted; no timezone found')
    Warning: No data found for CDAY
  ✗ S1: Insufficient data for CDAY
    YFinance output for CDAY: 1 Failed download:
['CDAY']: YFTzMissingError('possibly delisted; no timezone found')
    Warning: No data found for CDAY
  ✗ S2: Insufficient data for CDAY/UNM

152/223: 2021-09-03: Added=MTCH, Removed=PRGO
  Holding Period End Date: 2021-10-01
  ✓ S1: MTCH 7.05%, Portfolio: $843,618
  ✓ S2: Long MTCH (7.05%), Short PRGO (-13.82%)
      Combined: -3.39%, Portfolio: $582,062

153/223: 2021-12-03: Added=FDS, Removed=WU
  Holding Period End Date: 2021-12-31
  ✓ S1: FDS 4.21%, Portfolio: $879,126
  ✓ S2: Long FDS (4.21%), Short WU (-4.60%)
      Combined: -0.20%, Portfolio: $580,917

154/223: 2021-12-03: Added=SEDG, Removed=HBI
  Holding Period End Date: 2021-12-31
  ✓ S1: SEDG -8.61%, Portfolio: $803,441
  ✓ S2: Long SEDG (-8.61%), Short HBI (-1.44%)
      Combined: -5.02%, Portfolio: $551,742

155/223: 2021-12-03: Added=SBNY, Removed=LEG
  Holding Period End Date: 2021-12-31
    YFinance output for SBNY: 1 Failed download:
['SBNY']: YFPricesMissingError('possibly delisted; no price data found  (1d 2021-12-03 00:00:00 -> 2022-01-03) (Yahoo error = "Data doesn\'t exist for startDate = 1638507600, endDate = 1641186000")')
    Warning: No data found for SBNY
  ✗ S1: Insufficient data for SBNY
    YFinance output for SBNY: 1 Failed download:
['SBNY']: YFPricesMissingError('possibly delisted; no price data found  (1d 2021-12-03 00:00:00 -> 2022-01-03) (Yahoo error = "Data doesn\'t exist for startDate = 1638507600, endDate = 1641186000")')
    Warning: No data found for SBNY
  ✗ S2: Insufficient data for SBNY/LEG

156/223: 2021-12-07: Added=EPAM, Removed=KSU
  Holding Period End Date: 2022-01-04
  ✓ S1: EPAM 3.98%, Portfolio: $835,457
    YFinance output for KSU: 1 Failed download:
['KSU']: YFTzMissingError('possibly delisted; no timezone found')
    Warning: No data found for KSU
  ✗ S2: Insufficient data for EPAM/KSU

157/223: 2022-01-26: Added=CEG, Removed=nan
  Holding Period End Date: 2022-02-23
  ✓ S1: CEG -0.30%, Portfolio: $832,944

158/223: 2022-01-26: Added=nan, Removed=GPS
  Holding Period End Date: 2022-02-23

159/223: 2022-02-10: Added=NDSN, Removed=XLNX
  Holding Period End Date: 2022-03-10
  ✓ S1: NDSN -6.69%, Portfolio: $777,199
    YFinance output for XLNX: 1 Failed download:
['XLNX']: YFTzMissingError('possibly delisted; no timezone found')
    Warning: No data found for XLNX
  ✗ S2: Insufficient data for NDSN/XLNX

160/223: 2022-02-25: Added=MOH, Removed=INFO
  Holding Period End Date: 2022-03-24
  ✓ S1: MOH 6.02%, Portfolio: $823,977
    YFinance output for INFO: 1 Failed download:
['INFO']: YFPricesMissingError('possibly delisted; no price data found  (1d 2022-02-25 00:00:00 -> 2022-03-25) (Yahoo error = "Data doesn\'t exist for startDate = 1645765200, endDate = 1648180800")')
    Warning: No data found for INFO
  ✗ S2: Insufficient data for MOH/INFO

161/223: 2022-03-29: Added=CPT, Removed=PBCT
  Holding Period End Date: 2022-04-26
  ✓ S1: CPT -4.38%, Portfolio: $787,902
    YFinance output for PBCT: 1 Failed download:
['PBCT']: YFTzMissingError('possibly delisted; no timezone found')
    Warning: No data found for PBCT
  ✗ S2: Insufficient data for CPT/PBCT

162/223: 2022-04-07: Added=WBD, Removed=DISCA
  Holding Period End Date: 2022-05-05
  ✓ S1: WBD -18.16%, Portfolio: $644,802
    YFinance output for DISCA: 1 Failed download:
['DISCA']: YFTzMissingError('possibly delisted; no timezone found')
    Warning: No data found for DISCA
  ✗ S2: Insufficient data for WBD/DISCA

163/223: 2022-04-07: Added=nan, Removed=DISCK
  Holding Period End Date: 2022-05-05

164/223: 2022-06-03: Added=VICI, Removed=CERN
  Holding Period End Date: 2022-07-01
  ✓ S1: VICI -0.94%, Portfolio: $638,740
    YFinance output for CERN: 1 Failed download:
['CERN']: YFTzMissingError('possibly delisted; no timezone found')
    Warning: No data found for CERN
  ✗ S2: Insufficient data for VICI/CERN

165/223: 2022-06-03: Added=ON, Removed=IPGP
  Holding Period End Date: 2022-07-01
  ✓ S1: ON -25.58%, Portfolio: $475,351
  ✓ S2: Long ON (-25.58%), Short IPGP (11.83%)
      Combined: -6.87%, Portfolio: $513,816

166/223: 2022-06-03: Added=KDP, Removed=UAA
  Holding Period End Date: 2022-07-01
  ✓ S1: KDP 3.81%, Portfolio: $493,465
  ✓ S2: Long KDP (3.81%), Short UAA (29.41%)
      Combined: 16.61%, Portfolio: $599,167

167/223: 2022-06-03: Added=nan, Removed=UA
  Holding Period End Date: 2022-07-01

168/223: 2022-09-02: Added=CSGP, Removed=PVH
  Holding Period End Date: 2022-09-30
  ✓ S1: CSGP -1.75%, Portfolio: $484,833
  ✓ S2: Long CSGP (-1.75%), Short PVH (21.75%)
      Combined: 10.00%, Portfolio: $659,072

169/223: 2022-09-02: Added=INVH, Removed=PENN
  Holding Period End Date: 2022-09-30
  ✓ S1: INVH -7.40%, Portfolio: $448,939
  ✓ S2: Long INVH (-7.40%), Short PENN (13.78%)
      Combined: 3.19%, Portfolio: $680,075

170/223: 2022-09-23: Added=PCG, Removed=CTXS
  Holding Period End Date: 2022-10-20
  ✓ S1: PCG 11.34%, Portfolio: $499,850
    YFinance output for CTXS: 1 Failed download:
['CTXS']: YFTzMissingError('possibly delisted; no timezone found')
    Warning: No data found for CTXS
  ✗ S2: Insufficient data for PCG/CTXS

171/223: 2022-09-23: Added=EQT, Removed=DRE
  Holding Period End Date: 2022-10-20
  ✓ S1: EQT -1.26%, Portfolio: $493,550
    YFinance output for DRE: 1 Failed download:
['DRE']: YFTzMissingError('possibly delisted; no timezone found')
    Warning: No data found for DRE
  ✗ S2: Insufficient data for EQT/DRE

172/223: 2022-10-06: Added=TRGP, Removed=NLSN
  Holding Period End Date: 2022-11-02
  ✓ S1: TRGP 3.82%, Portfolio: $512,397
    YFinance output for NLSN: 1 Failed download:
['NLSN']: YFTzMissingError('possibly delisted; no timezone found')
    Warning: No data found for NLSN
  ✗ S2: Insufficient data for TRGP/NLSN

173/223: 2022-10-27: Added=ACGL, Removed=TWTR
  Holding Period End Date: 2022-11-23
  ✓ S1: ACGL 12.30%, Portfolio: $575,443
    YFinance output for TWTR: 1 Failed download:
['TWTR']: YFTzMissingError('possibly delisted; no timezone found')
    Warning: No data found for TWTR
  ✗ S2: Insufficient data for ACGL/TWTR

174/223: 2022-12-12: Added=FSLR, Removed=FBHS
  Holding Period End Date: 2023-01-10
  ✓ S1: FSLR 13.79%, Portfolio: $654,821
    YFinance output for FBHS: 1 Failed download:
['FBHS']: YFTzMissingError('possibly delisted; no timezone found')
    Warning: No data found for FBHS
  ✗ S2: Insufficient data for FSLR/FBHS

175/223: 2022-12-12: Added=nan, Removed=MBC
  Holding Period End Date: 2023-01-10

176/223: 2022-12-12: Added=MBC, Removed=nan
  Holding Period End Date: 2023-01-10
  ✓ S1: MBC -7.76%, Portfolio: $603,976

177/223: 2022-12-19: Added=STLD, Removed=ABMD
  Holding Period End Date: 2023-01-18
  ✓ S1: STLD 6.94%, Portfolio: $645,908
    YFinance output for ABMD: 1 Failed download:
['ABMD']: YFTzMissingError('possibly delisted; no timezone found')
    Warning: No data found for ABMD
  ✗ S2: Insufficient data for STLD/ABMD

178/223: 2022-12-28: Added=GEHC, Removed=nan
  Holding Period End Date: 2023-01-26
  ✓ S1: GEHC 20.38%, Portfolio: $777,561

179/223: 2022-12-28: Added=nan, Removed=VNO
  Holding Period End Date: 2023-01-26

180/223: 2023-03-03: Added=FICO, Removed=LUMN
  Holding Period End Date: 2023-03-30
  ✓ S1: FICO -1.25%, Portfolio: $767,826
  ✓ S2: Long FICO (-1.25%), Short LUMN (23.83%)
      Combined: 11.29%, Portfolio: $756,842

181/223: 2023-03-10: Added=PODD, Removed=SIVB
  Holding Period End Date: 2023-04-06
  ✓ S1: PODD 13.33%, Portfolio: $870,144
    YFinance output for SIVB: 1 Failed download:
['SIVB']: YFTzMissingError('possibly delisted; no timezone found')
    Warning: No data found for SIVB
  ✗ S2: Insufficient data for PODD/SIVB

182/223: 2023-03-13: Added=BG, Removed=SBNY
  Holding Period End Date: 2023-04-10
  ✓ S1: BG 3.04%, Portfolio: $896,613
    YFinance output for SBNY: 1 Failed download:
['SBNY']: YFPricesMissingError('possibly delisted; no price data found  (1d 2023-03-13 00:00:00 -> 2023-04-11) (Yahoo error = "Data doesn\'t exist for startDate = 1678680000, endDate = 1681185600")')
    Warning: No data found for SBNY
  ✗ S2: Insufficient data for BG/SBNY

183/223: 2023-05-01: Added=AXON, Removed=FRC
  Holding Period End Date: 2023-05-26
  ✓ S1: AXON -9.75%, Portfolio: $809,235
    YFinance output for FRC: 1 Failed download:
['FRC']: YFTzMissingError('possibly delisted; no timezone found')
    Warning: No data found for FRC
  ✗ S2: Insufficient data for AXON/FRC

184/223: 2023-06-02: Added=PANW, Removed=DISH
  Holding Period End Date: 2023-06-30
  ✓ S1: PANW 17.62%, Portfolio: $951,793
    YFinance output for DISH: 1 Failed download:
['DISH']: YFTzMissingError('possibly delisted; no timezone found')
    Warning: No data found for DISH
  ✗ S2: Insufficient data for PANW/DISH

185/223: 2023-08-21: Added=nan, Removed=TEL
  Holding Period End Date: 2023-09-18

186/223: 2023-08-21: Added=KVUE, Removed=AAP
  Holding Period End Date: 2023-09-18
  ✓ S1: KVUE -7.16%, Portfolio: $883,618
  ✓ S2: Long KVUE (-7.16%), Short AAP (17.26%)
      Combined: 5.05%, Portfolio: $795,062

187/223: 2023-08-21: Added=PCS, Removed=nan
  Holding Period End Date: 2023-09-18
    YFinance output for PCS: 1 Failed download:
['PCS']: YFPricesMissingError('possibly delisted; no price data found  (1d 2023-08-21 00:00:00 -> 2023-09-19) (Yahoo error = "Data doesn\'t exist for startDate = 1692590400, endDate = 1695096000")')
    Warning: No data found for PCS
  ✗ S1: Insufficient data for PCS

188/223: 2023-09-14: Added=BX, Removed=LNC
  Holding Period End Date: 2023-10-11
  ✓ S1: BX -4.83%, Portfolio: $840,970
  ✓ S2: Long BX (-4.83%), Short LNC (4.62%)
      Combined: -0.11%, Portfolio: $794,224

189/223: 2023-09-14: Added=ABNB, Removed=NWL
  Holding Period End Date: 2023-10-11
  ✓ S1: ABNB -9.80%, Portfolio: $758,577
  ✓ S2: Long ABNB (-9.80%), Short NWL (37.29%)
      Combined: 13.75%, Portfolio: $903,393

190/223: 2023-09-28: Added=VLTO, Removed=nan
  Holding Period End Date: 2023-10-25
  ✓ S1: VLTO -9.01%, Portfolio: $690,227

191/223: 2023-09-28: Added=nan, Removed=DXC
  Holding Period End Date: 2023-10-25

192/223: 2023-10-13: Added=LULU, Removed=ATVI
  Holding Period End Date: 2023-11-09
  ✓ S1: LULU 7.65%, Portfolio: $743,023
    YFinance output for ATVI: 1 Failed download:
['ATVI']: YFTzMissingError('possibly delisted; no timezone found')
    Warning: No data found for ATVI
  ✗ S2: Insufficient data for LULU/ATVI

193/223: 2023-10-13: Added=HUBB, Removed=OGN
  Holding Period End Date: 2023-11-09
  ✓ S1: HUBB -3.32%, Portfolio: $718,372
  ✓ S2: Long HUBB (-3.32%), Short OGN (51.66%)
      Combined: 24.17%, Portfolio: $1,121,771

194/223: 2023-12-01: Added=UBER, Removed=SEE
  Holding Period End Date: 2023-12-29
  ✓ S1: UBER 7.36%, Portfolio: $771,233
  ✓ S2: Long UBER (7.36%), Short SEE (-6.74%)
      Combined: 0.31%, Portfolio: $1,125,261

195/223: 2023-12-01: Added=BLDR, Removed=SEDG
  Holding Period End Date: 2023-12-29
  ✓ S1: BLDR 19.86%, Portfolio: $924,394
  ✓ S2: Long BLDR (19.86%), Short SEDG (-11.88%)
      Combined: 3.99%, Portfolio: $1,170,153

196/223: 2023-12-01: Added=JBL, Removed=ALK
  Holding Period End Date: 2023-12-29
  ✓ S1: JBL 8.97%, Portfolio: $1,007,337
  ✓ S2: Long JBL (8.97%), Short ALK (1.69%)
      Combined: 5.33%, Portfolio: $1,232,534

197/223: 2024-03-01: Added=SMCI, Removed=WHR
  Holding Period End Date: 2024-03-28
  ✓ S1: SMCI 11.55%, Portfolio: $1,123,648
  ✓ S2: Long SMCI (11.55%), Short WHR (-10.72%)
      Combined: 0.41%, Portfolio: $1,237,649

198/223: 2024-03-01: Added=DECK, Removed=ZION
  Holding Period End Date: 2024-03-28
  ✓ S1: DECK 4.20%, Portfolio: $1,170,881
  ✓ S2: Long DECK (4.20%), Short ZION (-10.67%)
      Combined: -3.23%, Portfolio: $1,197,644

199/223: 2024-03-27: Added=SOLV, Removed=nan
  Holding Period End Date: 2024-04-24
  ✓ S1: SOLV -15.28%, Portfolio: $991,970

200/223: 2024-03-27: Added=GEV, Removed=nan
  Holding Period End Date: 2024-04-24
  ✓ S1: GEV 11.38%, Portfolio: $1,104,809

201/223: 2024-03-27: Added=nan, Removed=XRAY
  Holding Period End Date: 2024-04-24

202/223: 2024-03-27: Added=nan, Removed=VFC
  Holding Period End Date: 2024-04-24

203/223: 2024-05-03: Added=VST, Removed=PXD
  Holding Period End Date: 2024-05-31
  ✓ S1: VST 21.59%, Portfolio: $1,343,287
    YFinance output for PXD: 1 Failed download:
['PXD']: YFTzMissingError('possibly delisted; no timezone found')
    Warning: No data found for PXD
  ✗ S2: Insufficient data for VST/PXD

204/223: 2024-06-07: Added=KKR, Removed=RHI
  Holding Period End Date: 2024-07-08
  ✓ S1: KKR 7.23%, Portfolio: $1,440,343
  ✓ S2: Long KKR (7.23%), Short RHI (-3.17%)
      Combined: 2.03%, Portfolio: $1,221,909

205/223: 2024-06-07: Added=CRWD, Removed=CMA
  Holding Period End Date: 2024-07-08
  ✓ S1: CRWD 11.91%, Portfolio: $1,611,928
  ✓ S2: Long CRWD (11.91%), Short CMA (-5.41%)
      Combined: 3.25%, Portfolio: $1,261,633

206/223: 2024-06-07: Added=GDDY, Removed=ILMN
  Holding Period End Date: 2024-07-08
  ✓ S1: GDDY 3.08%, Portfolio: $1,661,549
  ✓ S2: Long GDDY (3.08%), Short ILMN (2.56%)
      Combined: 2.82%, Portfolio: $1,297,215

207/223: 2024-09-06: Added=ERIE, Removed=BIO
  Holding Period End Date: 2024-10-03
  ✓ S1: ERIE 5.80%, Portfolio: $1,757,934
  ✓ S2: Long ERIE (5.80%), Short BIO (-2.18%)
      Combined: 1.81%, Portfolio: $1,320,717

208/223: 2024-09-06: Added=DELL, Removed=ETSY
  Holding Period End Date: 2024-10-03
  ✓ S1: DELL 13.40%, Portfolio: $1,993,532
  ✓ S2: Long DELL (13.40%), Short ETSY (4.09%)
      Combined: 8.75%, Portfolio: $1,436,227

209/223: 2024-09-06: Added=PLTR, Removed=AAL
  Holding Period End Date: 2024-10-03
  ✓ S1: PLTR 29.38%, Portfolio: $2,579,169
  ✓ S2: Long PLTR (29.38%), Short AAL (-0.18%)
      Combined: 14.60%, Portfolio: $1,645,859

210/223: 2024-09-24: Added=AMTM, Removed=nan
  Holding Period End Date: 2024-10-21
  ✓ S1: AMTM -1.86%, Portfolio: $2,531,099

211/223: 2024-09-24: Added=nan, Removed=BBWI
  Holding Period End Date: 2024-10-21

212/223: 2024-11-21: Added=TPL, Removed=MRO
  Holding Period End Date: 2024-12-19
  ✓ S1: TPL -27.59%, Portfolio: $1,832,822
    YFinance output for MRO: 1 Failed download:
['MRO']: YFTzMissingError('possibly delisted; no timezone found')
    Warning: No data found for MRO
  ✗ S2: Insufficient data for TPL/MRO

213/223: 2024-12-06: Added=WDAY, Removed=AMTM
  Holding Period End Date: 2025-01-06
  ✓ S1: WDAY -4.61%, Portfolio: $1,748,342
  ✓ S2: Long WDAY (-4.61%), Short AMTM (3.07%)
      Combined: -0.77%, Portfolio: $1,633,187

214/223: 2024-12-06: Added=APO, Removed=QRVO
  Holding Period End Date: 2025-01-06
  ✓ S1: APO -4.92%, Portfolio: $1,662,326
  ✓ S2: Long APO (-4.92%), Short QRVO (-5.28%)
      Combined: -5.10%, Portfolio: $1,549,884

215/223: 2024-12-18: Added=LII, Removed=CTLT
  Holding Period End Date: 2025-01-17
  ✓ S1: LII 1.62%, Portfolio: $1,689,292
    YFinance output for CTLT: 1 Failed download:
['CTLT']: YFTzMissingError('possibly delisted; no timezone found')
    Warning: No data found for CTLT
  ✗ S2: Insufficient data for LII/CTLT

216/223: 2025-03-07: Added=EXE, Removed=FMC
  Holding Period End Date: 2025-04-03
  ✓ S1: EXE 15.79%, Portfolio: $1,956,069
  ✓ S2: Long EXE (15.79%), Short FMC (4.58%)
      Combined: 10.19%, Portfolio: $1,707,741

217/223: 2025-03-07: Added=WSM, Removed=CE
  Holding Period End Date: 2025-04-03
  ✓ S1: WSM -26.30%, Portfolio: $1,441,642
  ✓ S2: Long WSM (-26.30%), Short CE (17.20%)
      Combined: -4.55%, Portfolio: $1,630,076

218/223: 2025-03-07: Added=TKO, Removed=TFX
  Holding Period End Date: 2025-04-03
  ✓ S1: TKO 4.95%, Portfolio: $1,513,026
  ✓ S2: Long TKO (4.95%), Short TFX (1.35%)
      Combined: 3.15%, Portfolio: $1,681,419

219/223: 2025-03-07: Added=DASH, Removed=BWA
  Holding Period End Date: 2025-04-03
  ✓ S1: DASH -2.30%, Portfolio: $1,478,276
  ✓ S2: Long DASH (-2.30%), Short BWA (9.56%)
      Combined: 3.63%, Portfolio: $1,742,443

220/223: 2025-05-12: Added=COIN, Removed=DFS
  Holding Period End Date: 2025-06-09
  ✓ S1: COIN 23.84%, Portfolio: $1,830,760
    YFinance output for DFS: 1 Failed download:
['DFS']: YFTzMissingError('possibly delisted; no timezone found')
    Warning: No data found for DFS
  ✗ S2: Insufficient data for COIN/DFS

221/223: 2025-07-02: Added=DDOG, Removed=JNPR
  Holding Period End Date: 2025-07-30
  ✓ S1: DDOG 10.27%, Portfolio: $2,018,840
  ✗ S2: Insufficient data for DDOG/JNPR

222/223: 2025-07-14: Added=TTD, Removed=ANSS
  Holding Period End Date: 2025-08-08
  ✓ S1: TTD -28.11%, Portfolio: $1,451,434
  ✓ S2: Long TTD (-28.11%), Short ANSS (3.09%)
      Combined: -12.51%, Portfolio: $1,524,465

223/223: 2025-07-18: Added=XYZ, Removed=HES
  Holding Period End Date: 2025-08-14
  ✓ S1: XYZ 4.42%, Portfolio: $1,515,615
  ✗ S2: Insufficient data for XYZ/HES

============================================================
FINAL RESULTS
Strategy 1: 186 successful trades, Final: $1,515,615 (51.56%)
Strategy 2: 82 successful trades, Final: $1,524,465 (52.45%)
Completed: 2025-08-23 21:49:37
