S&P 500 Index Update Trading Strategy Analysis
Holding Period: 1 trading days
Date Range: 2015-07-02 to 2025-07-18
Timestamp: 2025-08-23 19:07:14
============================================================

1/223: 2015-07-02: Added=KHC, Removed=KRFT
  Holding Period End Date: 2015-07-04
    YFinance output for KHC: 1 Failed download:
['KHC']: YFPricesMissingError('possibly delisted; no price data found  (1d 2015-07-02 00:00:00 -> 2015-07-06) (Yahoo error = "Data doesn\'t exist for startDate = 1435809600, endDate = 1436155200")')
    Warning: No data found for KHC
  ✗ S1: Insufficient data for KHC
    YFinance output for KHC: 1 Failed download:
['KHC']: YFPricesMissingError('possibly delisted; no price data found  (1d 2015-07-02 00:00:00 -> 2015-07-06) (Yahoo error = "Data doesn\'t exist for startDate = 1435809600, endDate = 1436155200")')
    Warning: No data found for KHC
    YFinance output for KRFT: 1 Failed download:
['KRFT']: YFPricesMissingError('possibly delisted; no price data found  (1d 2015-07-02 00:00:00 -> 2015-07-06)')
    Warning: No data found for KRFT
  ✗ S2: Insufficient data for KHC/KRFT

2/223: 2015-07-06: Added=AAP, Removed=FDO
  Holding Period End Date: 2015-07-07
  ✓ S1: AAP 0.07%, Portfolio: $1,000,673
    YFinance output for FDO: 1 Failed download:
['FDO']: YFPricesMissingError('possibly delisted; no price data found  (1d 2015-07-06 00:00:00 -> 2015-07-08)')
    Warning: No data found for FDO
  ✗ S2: Insufficient data for AAP/FDO

3/223: 2015-07-14: Added=PYPL, Removed=NE
  Holding Period End Date: 2015-07-15
  ✓ S1: PYPL 1.57%, Portfolio: $1,016,389
    YFinance output for NE: 1 Failed download:
['NE']: YFPricesMissingError('possibly delisted; no price data found  (1d 2015-07-14 00:00:00 -> 2015-07-16) (Yahoo error = "Data doesn\'t exist for startDate = 1436846400, endDate = 1437019200")')
    Warning: No data found for NE
  ✗ S2: Insufficient data for PYPL/NE

4/223: 2015-07-24: Added=SIG, Removed=DTV
  Holding Period End Date: 2015-07-26
  ✓ S1: SIG -2.00%, Portfolio: $996,068
    YFinance output for DTV: 1 Failed download:
['DTV']: YFTzMissingError('possibly delisted; no timezone found')
    Warning: No data found for DTV
  ✗ S2: Insufficient data for SIG/DTV

5/223: 2015-08-27: Added=ATVI, Removed=PLL
  Holding Period End Date: 2015-08-28
    YFinance output for ATVI: 1 Failed download:
['ATVI']: YFTzMissingError('possibly delisted; no timezone found')
    Warning: No data found for ATVI
  ✗ S1: Insufficient data for ATVI
    YFinance output for ATVI: 1 Failed download:
['ATVI']: YFTzMissingError('possibly delisted; no timezone found')
    Warning: No data found for ATVI
    YFinance output for PLL: 1 Failed download:
['PLL']: YFPricesMissingError('possibly delisted; no price data found  (1d 2015-08-27 00:00:00 -> 2015-08-31) (Yahoo error = "Data doesn\'t exist for startDate = 1440648000, endDate = 1440993600")')
    Warning: No data found for PLL
  ✗ S2: Insufficient data for ATVI/PLL

6/223: 2015-08-27: Added=UAL, Removed=HSP
  Holding Period End Date: 2015-08-28
  ✓ S1: UAL 7.05%, Portfolio: $1,066,256
    YFinance output for HSP: 1 Failed download:
['HSP']: YFPricesMissingError('possibly delisted; no price data found  (1d 2015-08-27 00:00:00 -> 2015-08-31)')
    Warning: No data found for HSP
  ✗ S2: Insufficient data for UAL/HSP

7/223: 2015-09-30: Added=VRSK, Removed=JOY
  Holding Period End Date: 2015-10-01
  ✓ S1: VRSK 5.75%, Portfolio: $1,127,568
    YFinance output for JOY: 1 Failed download:
['JOY']: YFPricesMissingError('possibly delisted; no price data found  (1d 2015-09-30 00:00:00 -> 2015-10-02)')
    Warning: No data found for JOY
  ✗ S2: Insufficient data for VRSK/JOY

8/223: 2015-10-27: Added=HPE, Removed=HCBK
  Holding Period End Date: 2015-10-28
  ✓ S1: HPE 3.50%, Portfolio: $1,166,994
    YFinance output for HCBK: 1 Failed download:
['HCBK']: YFPricesMissingError('possibly delisted; no price data found  (1d 2015-10-27 00:00:00 -> 2015-10-29)')
    Warning: No data found for HCBK
  ✗ S2: Insufficient data for HPE/HCBK

9/223: 2015-11-09: Added=SYF, Removed=GNW
  Holding Period End Date: 2015-11-10
  ✓ S1: SYF -4.43%, Portfolio: $1,115,319
  ✓ S2: Long SYF (-4.43%), Short GNW (-0.21%)
      Combined: -2.32%, Portfolio: $976,809

10/223: 2015-11-12: Added=ILMN, Removed=SIAL
  Holding Period End Date: 2015-11-13
  ✓ S1: ILMN 6.60%, Portfolio: $1,188,960
    YFinance output for SIAL: 1 Failed download:
['SIAL']: YFPricesMissingError('possibly delisted; no price data found  (1d 2015-11-12 00:00:00 -> 2015-11-16)')
    Warning: No data found for SIAL
  ✗ S2: Insufficient data for ILMN/SIAL

11/223: 2015-11-23: Added=CSRA, Removed=CSC
  Holding Period End Date: 2015-11-24
  ✓ S1: CSRA -1.45%, Portfolio: $1,171,740
  ✓ S2: Long CSRA (-1.45%), Short CSC (0.00%)
      Combined: -0.72%, Portfolio: $969,735

12/223: 2015-12-15: Added=nan, Removed=CMCSK
  Holding Period End Date: 2015-12-16

13/223: 2015-12-22: Added=CHD, Removed=ALTR
  Holding Period End Date: 2015-12-23
  ✓ S1: CHD 1.72%, Portfolio: $1,191,926
    YFinance output for ALTR: 1 Failed download:
['ALTR']: YFTzMissingError('possibly delisted; no timezone found')
    Warning: No data found for ALTR
  ✗ S2: Insufficient data for CHD/ALTR

14/223: 2015-12-28: Added=WLTW, Removed=FOSL
  Holding Period End Date: 2015-12-29
    YFinance output for WLTW: 1 Failed download:
['WLTW']: YFTzMissingError('possibly delisted; no timezone found')
    Warning: No data found for WLTW
  ✗ S1: Insufficient data for WLTW
    YFinance output for WLTW: 1 Failed download:
['WLTW']: YFTzMissingError('possibly delisted; no timezone found')
    Warning: No data found for WLTW
  ✗ S2: Insufficient data for WLTW/FOSL

15/223: 2016-01-13: Added=EXR, Removed=ACE
  Holding Period End Date: 2016-01-14
  ✓ S1: EXR -2.60%, Portfolio: $1,160,913
    YFinance output for ACE: 1 Failed download:
['ACE']: YFPricesMissingError('possibly delisted; no price data found  (1d 2016-01-13 00:00:00 -> 2016-01-15) (Yahoo error = "Data doesn\'t exist for startDate = 1452661200, endDate = 1452834000")')
    Warning: No data found for ACE
  ✗ S2: Insufficient data for EXR/ACE

16/223: 2016-01-22: Added=FRT, Removed=BRCM
  Holding Period End Date: 2016-01-24
  ✓ S1: FRT -0.95%, Portfolio: $1,149,866
    YFinance output for BRCM: 1 Failed download:
['BRCM']: YFPricesMissingError('possibly delisted; no price data found  (1d 2016-01-22 00:00:00 -> 2016-01-26)')
    Warning: No data found for BRCM
  ✗ S2: Insufficient data for FRT/BRCM

17/223: 2016-01-26: Added=CFG, Removed=PCP
  Holding Period End Date: 2016-01-27
  ✓ S1: CFG 4.53%, Portfolio: $1,202,004
    YFinance output for PCP: 1 Failed download:
['PCP']: YFPricesMissingError('possibly delisted; no price data found  (1d 2016-01-26 00:00:00 -> 2016-01-28) (Yahoo error = "Data doesn\'t exist for startDate = 1453784400, endDate = 1453957200")')
    Warning: No data found for PCP
  ✗ S2: Insufficient data for CFG/PCP

18/223: 2016-02-16: Added=CXO, Removed=PCL
  Holding Period End Date: 2016-02-17
    YFinance output for CXO: 1 Failed download:
['CXO']: YFTzMissingError('possibly delisted; no timezone found')
    Warning: No data found for CXO
  ✗ S1: Insufficient data for CXO
    YFinance output for CXO: 1 Failed download:
['CXO']: YFTzMissingError('possibly delisted; no timezone found')
    Warning: No data found for CXO
    YFinance output for PCL: 1 Failed download:
['PCL']: YFPricesMissingError('possibly delisted; no price data found  (1d 2016-02-16 00:00:00 -> 2016-02-18) (Yahoo error = "Data doesn\'t exist for startDate = 1455598800, endDate = 1455771600")')
    Warning: No data found for PCL
  ✗ S2: Insufficient data for CXO/PCL

19/223: 2016-03-01: Added=AWK, Removed=CNX
  Holding Period End Date: 2016-03-02
  ✓ S1: AWK 5.30%, Portfolio: $1,265,694
  ✓ S2: Long AWK (5.30%), Short CNX (-4.23%)
      Combined: 0.53%, Portfolio: $974,903

20/223: 2016-03-04: Added=UDR, Removed=GMCR
  Holding Period End Date: 2016-03-06
  ✓ S1: UDR 3.11%, Portfolio: $1,305,019
    YFinance output for GMCR: 1 Failed download:
['GMCR']: YFPricesMissingError('possibly delisted; no price data found  (1d 2016-03-04 00:00:00 -> 2016-03-08)')
    Warning: No data found for GMCR
  ✗ S2: Insufficient data for UDR/GMCR

21/223: 2016-03-24: Added=CNC, Removed=ESV
  Holding Period End Date: 2016-03-26
  ✗ S1: Insufficient data for CNC
    YFinance output for ESV: 1 Failed download:
['ESV']: YFTzMissingError('possibly delisted; no timezone found')
    Warning: No data found for ESV
  ✗ S2: Insufficient data for CNC/ESV

22/223: 2016-03-24: Added=HOLX, Removed=POM
  Holding Period End Date: 2016-03-26
  ✗ S1: Insufficient data for HOLX
    YFinance output for POM: 1 Failed download:
['POM']: YFPricesMissingError('possibly delisted; no price data found  (1d 2016-03-24 00:00:00 -> 2016-03-28)')
    Warning: No data found for POM
  ✗ S2: Insufficient data for HOLX/POM

23/223: 2016-03-28: Added=FL, Removed=CAM
  Holding Period End Date: 2016-03-29
  ✓ S1: FL 0.94%, Portfolio: $1,317,228
    YFinance output for CAM: 1 Failed download:
['CAM']: YFPricesMissingError('possibly delisted; no price data found  (1d 2016-03-28 00:00:00 -> 2016-03-30)')
    Warning: No data found for CAM
  ✗ S2: Insufficient data for FL/CAM

24/223: 2016-04-07: Added=ULTA, Removed=THC
  Holding Period End Date: 2016-04-08
  ✓ S1: ULTA 3.29%, Portfolio: $1,360,589
  ✓ S2: Long ULTA (3.29%), Short THC (-1.62%)
      Combined: 0.84%, Portfolio: $983,049

25/223: 2016-04-19: Added=GPN, Removed=GME
  Holding Period End Date: 2016-04-20
  ✓ S1: GPN -0.78%, Portfolio: $1,349,931
  ✓ S2: Long GPN (-0.78%), Short GME (-1.34%)
      Combined: -1.06%, Portfolio: $972,623

26/223: 2016-04-26: Added=AYI, Removed=ADT
  Holding Period End Date: 2016-04-27
  ✓ S1: AYI -0.71%, Portfolio: $1,340,404
    YFinance output for ADT: 1 Failed download:
['ADT']: YFPricesMissingError('possibly delisted; no price data found  (1d 2016-04-26 00:00:00 -> 2016-04-28) (Yahoo error = "Data doesn\'t exist for startDate = 1461643200, endDate = 1461816000")')
    Warning: No data found for ADT
  ✗ S2: Insufficient data for AYI/ADT

27/223: 2016-05-10: Added=ALK, Removed=SNDK
  Holding Period End Date: 2016-05-11
  ✓ S1: ALK -2.50%, Portfolio: $1,306,957
    YFinance output for SNDK: 1 Failed download:
['SNDK']: YFPricesMissingError('possibly delisted; no price data found  (1d 2016-05-10 00:00:00 -> 2016-05-12) (Yahoo error = "Data doesn\'t exist for startDate = 1462852800, endDate = 1463025600")')
    Warning: No data found for SNDK
  ✗ S2: Insufficient data for ALK/SNDK

28/223: 2016-05-13: Added=DLR, Removed=TWC
  Holding Period End Date: 2016-05-15
  ✓ S1: DLR 3.05%, Portfolio: $1,346,831
    YFinance output for TWC: 1 Failed download:
['TWC']: YFPricesMissingError('possibly delisted; no price data found  (1d 2016-05-13 00:00:00 -> 2016-05-17)')
    Warning: No data found for TWC
  ✗ S2: Insufficient data for DLR/TWC

29/223: 2016-05-18: Added=LKQ, Removed=ARG
  Holding Period End Date: 2016-05-19
  ✓ S1: LKQ -1.66%, Portfolio: $1,324,517
    YFinance output for ARG: 1 Failed download:
['ARG']: YFPricesMissingError('possibly delisted; no price data found  (1d 2016-05-18 00:00:00 -> 2016-05-20) (Yahoo error = "Data doesn\'t exist for startDate = 1463544000, endDate = 1463716800")')
    Warning: No data found for ARG
  ✗ S2: Insufficient data for LKQ/ARG

30/223: 2016-05-24: Added=AJG, Removed=CCE
  Holding Period End Date: 2016-05-25
  ✓ S1: AJG 0.02%, Portfolio: $1,324,792
    YFinance output for CCE: 1 Failed download:
['CCE']: YFPricesMissingError('possibly delisted; no price data found  (1d 2016-05-24 00:00:00 -> 2016-05-26)')
    Warning: No data found for CCE
  ✗ S2: Insufficient data for AJG/CCE

31/223: 2016-05-27: Added=TDG, Removed=BXLT
  Holding Period End Date: 2016-05-29
  ✗ S1: Insufficient data for TDG
    YFinance output for BXLT: 1 Failed download:
['BXLT']: YFPricesMissingError('possibly delisted; no price data found  (1d 2016-05-27 00:00:00 -> 2016-05-31)')
    Warning: No data found for BXLT
  ✗ S2: Insufficient data for TDG/BXLT

32/223: 2016-06-21: Added=FBHS, Removed=CVC
  Holding Period End Date: 2016-06-22
    YFinance output for FBHS: 1 Failed download:
['FBHS']: YFTzMissingError('possibly delisted; no timezone found')
    Warning: No data found for FBHS
  ✗ S1: Insufficient data for FBHS
    YFinance output for FBHS: 1 Failed download:
['FBHS']: YFTzMissingError('possibly delisted; no timezone found')
    Warning: No data found for FBHS
    YFinance output for CVC: 1 Failed download:
['CVC']: YFPricesMissingError('possibly delisted; no price data found  (1d 2016-06-21 00:00:00 -> 2016-06-23)')
    Warning: No data found for CVC
  ✗ S2: Insufficient data for FBHS/CVC

33/223: 2016-06-23: Added=FTV, Removed=CPGX
  Holding Period End Date: 2016-06-24
    YFinance output for FTV: 1 Failed download:
['FTV']: YFPricesMissingError('possibly delisted; no price data found  (1d 2016-06-23 00:00:00 -> 2016-06-27) (Yahoo error = "Data doesn\'t exist for startDate = 1466654400, endDate = 1467000000")')
    Warning: No data found for FTV
  ✗ S1: Insufficient data for FTV
    YFinance output for FTV: 1 Failed download:
['FTV']: YFPricesMissingError('possibly delisted; no price data found  (1d 2016-06-23 00:00:00 -> 2016-06-27) (Yahoo error = "Data doesn\'t exist for startDate = 1466654400, endDate = 1467000000")')
    Warning: No data found for FTV
    YFinance output for CPGX: 1 Failed download:
['CPGX']: YFPricesMissingError('possibly delisted; no price data found  (1d 2016-06-23 00:00:00 -> 2016-06-27)')
    Warning: No data found for CPGX
  ✗ S2: Insufficient data for FTV/CPGX

34/223: 2016-06-23: Added=ALB, Removed=TE
  Holding Period End Date: 2016-06-24
  ✓ S1: ALB -6.42%, Portfolio: $1,239,717
    YFinance output for TE: 1 Failed download:
['TE']: YFPricesMissingError('possibly delisted; no price data found  (1d 2016-06-23 00:00:00 -> 2016-06-27) (Yahoo error = "Data doesn\'t exist for startDate = 1466654400, endDate = 1467000000")')
    Warning: No data found for TE
  ✗ S2: Insufficient data for ALB/TE

35/223: 2016-06-29: Added=LNT, Removed=GAS
  Holding Period End Date: 2016-06-30
  ✓ S1: LNT -0.30%, Portfolio: $1,235,982
  ✓ S2: Long LNT (-0.30%), Short GAS (-0.80%)
      Combined: -0.55%, Portfolio: $967,267

36/223: 2016-08-25: Added=MTD, Removed=TYC
  Holding Period End Date: 2016-08-26
  ✓ S1: MTD 1.09%, Portfolio: $1,249,501
    YFinance output for TYC: 1 Failed download:
['TYC']: YFPricesMissingError('possibly delisted; no price data found  (1d 2016-08-25 00:00:00 -> 2016-08-29)')
    Warning: No data found for TYC
  ✗ S2: Insufficient data for MTD/TYC

37/223: 2016-08-31: Added=CHTR, Removed=EMC
  Holding Period End Date: 2016-09-01
  ✓ S1: CHTR 4.51%, Portfolio: $1,305,901
    YFinance output for EMC: 1 Failed download:
['EMC']: YFPricesMissingError('possibly delisted; no price data found  (1d 2016-08-31 00:00:00 -> 2016-09-02) (Yahoo error = "Data doesn\'t exist for startDate = 1472616000, endDate = 1472788800")')
    Warning: No data found for EMC
  ✗ S2: Insufficient data for CHTR/EMC

38/223: 2016-09-10: Added=COO, Removed=HOT
  Holding Period End Date: 2016-09-12
  ✓ S1: COO -0.50%, Portfolio: $1,299,397
  ✓ S2: Long COO (-0.50%), Short HOT (0.43%)
      Combined: -0.04%, Portfolio: $966,918

39/223: 2016-09-27: Added=COTY, Removed=DO
  Holding Period End Date: 2016-09-28
  ✓ S1: COTY 1.58%, Portfolio: $1,319,899
    YFinance output for DO: 1 Failed download:
['DO']: YFTzMissingError('possibly delisted; no timezone found')
    Warning: No data found for DO
  ✗ S2: Insufficient data for COTY/DO

40/223: 2016-11-29: Added=MAA, Removed=OI
  Holding Period End Date: 2016-11-30
  ✓ S1: MAA -2.32%, Portfolio: $1,289,226
    YFinance output for OI: 1 Failed download:
['OI']: ConnectionError('Failed to perform, curl: (56) Recv failure: Connection reset by peer. See https://curl.se/libcurl/c/libcurl-errors.html first for more details.')
    Warning: No data found for OI
  ✗ S2: Insufficient data for MAA/OI

41/223: 2016-11-29: Added=EVHC, Removed=LM
  Holding Period End Date: 2016-11-30
    YFinance output for EVHC: 1 Failed download:
['EVHC']: CertificateVerifyError('Failed to perform, curl: (60) SSL certificate problem: certificate has expired. See https://curl.se/libcurl/c/libcurl-errors.html first for more details.')
    Warning: No data found for EVHC
  ✗ S1: Insufficient data for EVHC
    YFinance output for EVHC: 1 Failed download:
['EVHC']: CertificateVerifyError('Failed to perform, curl: (60) SSL certificate problem: certificate has expired. See https://curl.se/libcurl/c/libcurl-errors.html first for more details.')
    Warning: No data found for EVHC
    YFinance output for LM: Failed to get ticker 'LM' reason: Failed to perform, curl: (60) SSL certificate problem: certificate has expired. See https://curl.se/libcurl/c/libcurl-errors.html first for more details.

1 Failed download:
['LM']: YFTzMissingError('possibly delisted; no timezone found')
    Warning: No data found for LM
  ✗ S2: Insufficient data for EVHC/LM

42/223: 2017-01-03: Added=IDXX, Removed=STJ
  Holding Period End Date: 2017-01-04
    YFinance output for IDXX: 1 Failed download:
['IDXX']: CertificateVerifyError('Failed to perform, curl: (60) SSL certificate problem: certificate has expired. See https://curl.se/libcurl/c/libcurl-errors.html first for more details.')
    Warning: No data found for IDXX
  ✗ S1: Insufficient data for IDXX
    YFinance output for IDXX: 1 Failed download:
['IDXX']: CertificateVerifyError('Failed to perform, curl: (60) SSL certificate problem: certificate has expired. See https://curl.se/libcurl/c/libcurl-errors.html first for more details.')
    Warning: No data found for IDXX
    YFinance output for STJ: 1 Failed download:
['STJ']: CertificateVerifyError('Failed to perform, curl: (60) SSL certificate problem: certificate has expired. See https://curl.se/libcurl/c/libcurl-errors.html first for more details.')
    Warning: No data found for STJ
  ✗ S2: Insufficient data for IDXX/STJ

43/223: 2017-02-23: Added=INCY, Removed=SE
  Holding Period End Date: 2017-02-24
    YFinance output for INCY: 1 Failed download:
['INCY']: CertificateVerifyError('Failed to perform, curl: (60) SSL certificate problem: certificate has expired. See https://curl.se/libcurl/c/libcurl-errors.html first for more details.')
    Warning: No data found for INCY
  ✗ S1: Insufficient data for INCY
    YFinance output for INCY: 1 Failed download:
['INCY']: CertificateVerifyError('Failed to perform, curl: (60) SSL certificate problem: certificate has expired. See https://curl.se/libcurl/c/libcurl-errors.html first for more details.')
    Warning: No data found for INCY
    YFinance output for SE: 1 Failed download:
['SE']: CertificateVerifyError('Failed to perform, curl: (60) SSL certificate problem: certificate has expired. See https://curl.se/libcurl/c/libcurl-errors.html first for more details.')
    Warning: No data found for SE
  ✗ S2: Insufficient data for INCY/SE

44/223: 2017-02-23: Added=CBOE, Removed=PBI
  Holding Period End Date: 2017-02-24
  ✓ S1: CBOE -0.70%, Portfolio: $1,280,231
  ✓ S2: Long CBOE (-0.70%), Short PBI (-1.85%)
      Combined: -1.27%, Portfolio: $954,610

45/223: 2017-02-23: Added=REG, Removed=ENDP
  Holding Period End Date: 2017-02-24
  ✓ S1: REG 0.34%, Portfolio: $1,284,562
    YFinance output for ENDP: 1 Failed download:
['ENDP']: YFTzMissingError('possibly delisted; no timezone found')
    Warning: No data found for ENDP
  ✗ S2: Insufficient data for REG/ENDP

46/223: 2017-03-06: Added=DISH, Removed=LLTC
  Holding Period End Date: 2017-03-07
    YFinance output for DISH: 1 Failed download:
['DISH']: YFTzMissingError('possibly delisted; no timezone found')
    Warning: No data found for DISH
  ✗ S1: Insufficient data for DISH
    YFinance output for DISH: 1 Failed download:
['DISH']: YFTzMissingError('possibly delisted; no timezone found')
    Warning: No data found for DISH
    YFinance output for LLTC: 1 Failed download:
['LLTC']: YFPricesMissingError('possibly delisted; no price data found  (1d 2017-03-06 00:00:00 -> 2017-03-08)')
    Warning: No data found for LLTC
  ✗ S2: Insufficient data for DISH/LLTC

47/223: 2017-03-10: Added=ARE, Removed=FSLR
  Holding Period End Date: 2017-03-12
  ✓ S1: ARE 0.26%, Portfolio: $1,287,867
  ✓ S2: Long ARE (0.26%), Short FSLR (-1.34%)
      Combined: -0.54%, Portfolio: $949,444

48/223: 2017-03-10: Added=RJF, Removed=FTR
  Holding Period End Date: 2017-03-12
  ✓ S1: RJF -0.29%, Portfolio: $1,284,132
    YFinance output for FTR: 1 Failed download:
['FTR']: YFTzMissingError('possibly delisted; no timezone found')
    Warning: No data found for FTR
  ✗ S2: Insufficient data for RJF/FTR

49/223: 2017-03-10: Added=AMD, Removed=URBN
  Holding Period End Date: 2017-03-12
  ✓ S1: AMD 2.66%, Portfolio: $1,318,289
  ✓ S2: Long AMD (2.66%), Short URBN (3.97%)
      Combined: 3.31%, Portfolio: $980,895

50/223: 2017-03-13: Added=SNPS, Removed=HAR
  Holding Period End Date: 2017-03-14
  ✓ S1: SNPS -1.84%, Portfolio: $1,293,968
  ✓ S2: Long SNPS (-1.84%), Short HAR (-3.50%)
      Combined: -2.67%, Portfolio: $954,687

51/223: 2017-03-28: Added=DXC, Removed=SWN
  Holding Period End Date: 2017-03-29
  ✓ S1: DXC 5.28%, Portfolio: $1,362,347
    YFinance output for SWN: 1 Failed download:
['SWN']: YFTzMissingError('possibly delisted; no timezone found')
    Warning: No data found for SWN
  ✗ S2: Insufficient data for DXC/SWN

52/223: 2017-03-29: Added=IT, Removed=DNB
  Holding Period End Date: 2017-03-30
  ✓ S1: IT 0.14%, Portfolio: $1,364,229
    YFinance output for DNB: 1 Failed download:
['DNB']: YFPricesMissingError('possibly delisted; no price data found  (1d 2017-03-29 00:00:00 -> 2017-03-31) (Yahoo error = "Data doesn\'t exist for startDate = 1490760000, endDate = 1490932800")')
    Warning: No data found for DNB
  ✗ S2: Insufficient data for IT/DNB

53/223: 2017-05-24: Added=INFO, Removed=TGNA
  Holding Period End Date: 2017-05-25
    YFinance output for INFO: 1 Failed download:
['INFO']: YFPricesMissingError('possibly delisted; no price data found  (1d 2017-05-24 00:00:00 -> 2017-05-26) (Yahoo error = "Data doesn\'t exist for startDate = 1495598400, endDate = 1495771200")')
    Warning: No data found for INFO
  ✗ S1: Insufficient data for INFO
    YFinance output for INFO: 1 Failed download:
['INFO']: YFPricesMissingError('possibly delisted; no price data found  (1d 2017-05-24 00:00:00 -> 2017-05-26) (Yahoo error = "Data doesn\'t exist for startDate = 1495598400, endDate = 1495771200")')
    Warning: No data found for INFO
  ✗ S2: Insufficient data for INFO/TGNA

54/223: 2017-06-09: Added=ANSS, Removed=R
  Holding Period End Date: 2017-06-11
  ✓ S1: ANSS -1.70%, Portfolio: $1,341,003
  ✓ S2: Long ANSS (-1.70%), Short R (-1.86%)
      Combined: -1.78%, Portfolio: $937,684

55/223: 2017-06-09: Added=ALGN, Removed=TDC
  Holding Period End Date: 2017-06-11
  ✓ S1: ALGN -3.65%, Portfolio: $1,291,993
  ✓ S2: Long ALGN (-3.65%), Short TDC (-0.39%)
      Combined: -2.02%, Portfolio: $918,710

56/223: 2017-06-09: Added=HLT, Removed=YHOO
  Holding Period End Date: 2017-06-11
  ✓ S1: HLT 1.70%, Portfolio: $1,313,942
    YFinance output for YHOO: 1 Failed download:
['YHOO']: YFTzMissingError('possibly delisted; no timezone found')
    Warning: No data found for YHOO
  ✗ S2: Insufficient data for HLT/YHOO

57/223: 2017-06-12: Added=RE, Removed=MJN
  Holding Period End Date: 2017-06-13
    YFinance output for RE: 1 Failed download:
['RE']: YFTzMissingError('possibly delisted; no timezone found')
    Warning: No data found for RE
  ✗ S1: Insufficient data for RE
    YFinance output for RE: 1 Failed download:
['RE']: YFTzMissingError('possibly delisted; no timezone found')
    Warning: No data found for RE
    YFinance output for MJN: 1 Failed download:
['MJN']: YFPricesMissingError('possibly delisted; no price data found  (1d 2017-06-12 00:00:00 -> 2017-06-14)')
    Warning: No data found for MJN
  ✗ S2: Insufficient data for RE/MJN

58/223: 2017-06-30: Added=BKR, Removed=BHI
  Holding Period End Date: 2017-07-02
  ✓ S1: BKR 5.82%, Portfolio: $1,390,354
    YFinance output for BHI: 1 Failed download:
['BHI']: YFPricesMissingError('possibly delisted; no price data found  (1d 2017-06-30 00:00:00 -> 2017-07-04) (Yahoo error = "Data doesn\'t exist for startDate = 1498795200, endDate = 1499140800")')
    Warning: No data found for BHI
  ✗ S2: Insufficient data for BKR/BHI

59/223: 2017-07-19: Added=MGM, Removed=RAI
  Holding Period End Date: 2017-07-20
  ✓ S1: MGM 2.87%, Portfolio: $1,430,211
    YFinance output for RAI: 1 Failed download:
['RAI']: YFPricesMissingError('possibly delisted; no price data found  (1d 2017-07-19 00:00:00 -> 2017-07-21)')
    Warning: No data found for RAI
  ✗ S2: Insufficient data for MGM/RAI

60/223: 2017-07-19: Added=RMD, Removed=MNK
  Holding Period End Date: 2017-07-20
  ✓ S1: RMD -0.04%, Portfolio: $1,429,662
    YFinance output for MNK: 1 Failed download:
['MNK']: YFTzMissingError('possibly delisted; no timezone found')
    Warning: No data found for MNK
  ✗ S2: Insufficient data for RMD/MNK

61/223: 2017-07-19: Added=PKG, Removed=MUR
  Holding Period End Date: 2017-07-20
  ✓ S1: PKG -1.62%, Portfolio: $1,406,488
  ✓ S2: Long PKG (-1.62%), Short MUR (1.90%)
      Combined: 0.14%, Portfolio: $919,974

62/223: 2017-07-19: Added=AOS, Removed=BBBY
  Holding Period End Date: 2017-07-20
  ✓ S1: AOS -1.58%, Portfolio: $1,384,259
    YFinance output for BBBY: 1 Failed download:
['BBBY']: YFTzMissingError('possibly delisted; no timezone found')
    Warning: No data found for BBBY
  ✗ S2: Insufficient data for AOS/BBBY

63/223: 2017-07-19: Added=DRE, Removed=RIG
  Holding Period End Date: 2017-07-20
    YFinance output for DRE: 1 Failed download:
['DRE']: YFTzMissingError('possibly delisted; no timezone found')
    Warning: No data found for DRE
  ✗ S1: Insufficient data for DRE
    YFinance output for DRE: 1 Failed download:
['DRE']: YFTzMissingError('possibly delisted; no timezone found')
    Warning: No data found for DRE
  ✗ S2: Insufficient data for DRE/RIG

64/223: 2017-07-31: Added=BHF, Removed=AN
  Holding Period End Date: 2017-08-01
  ✓ S1: BHF 0.38%, Portfolio: $1,389,503
  ✓ S2: Long BHF (0.38%), Short AN (0.98%)
      Combined: 0.68%, Portfolio: $926,210

65/223: 2017-08-24: Added=Q, Removed=WFM
  Holding Period End Date: 2017-08-25
    YFinance output for Q: 1 Failed download:
['Q']: YFPricesMissingError('possibly delisted; no price data found  (1d 2017-08-24 00:00:00 -> 2017-08-28)')
    Warning: No data found for Q
  ✗ S1: Insufficient data for Q
    YFinance output for Q: 1 Failed download:
['Q']: YFPricesMissingError('possibly delisted; no price data found  (1d 2017-08-24 00:00:00 -> 2017-08-28)')
    Warning: No data found for Q
    YFinance output for WFM: 1 Failed download:
['WFM']: YFPricesMissingError('possibly delisted; no price data found  (1d 2017-08-24 00:00:00 -> 2017-08-28)')
    Warning: No data found for WFM
  ✗ S2: Insufficient data for Q/WFM

66/223: 2017-08-24: Added=SBAC, Removed=DD
  Holding Period End Date: 2017-08-25
  ✓ S1: SBAC 2.71%, Portfolio: $1,427,224
  ✓ S2: Long SBAC (2.71%), Short DD (-0.29%)
      Combined: 1.21%, Portfolio: $937,419

67/223: 2017-08-24: Added=DWDP, Removed=DOW
  Holding Period End Date: 2017-08-25
    YFinance output for DWDP: 1 Failed download:
['DWDP']: YFTzMissingError('possibly delisted; no timezone found')
    Warning: No data found for DWDP
  ✗ S1: Insufficient data for DWDP
    YFinance output for DWDP: 1 Failed download:
['DWDP']: YFTzMissingError('possibly delisted; no timezone found')
    Warning: No data found for DWDP
    YFinance output for DOW: 1 Failed download:
['DOW']: YFPricesMissingError('possibly delisted; no price data found  (1d 2017-08-24 00:00:00 -> 2017-08-28) (Yahoo error = "Data doesn\'t exist for startDate = 1503547200, endDate = 1503892800")')
    Warning: No data found for DOW
  ✗ S2: Insufficient data for DWDP/DOW

68/223: 2017-08-24: Added=CDNS, Removed=SPLS
  Holding Period End Date: 2017-08-25
  ✓ S1: CDNS 0.59%, Portfolio: $1,435,669
    YFinance output for SPLS: 1 Failed download:
['SPLS']: YFPricesMissingError('possibly delisted; no price data found  (1d 2017-08-24 00:00:00 -> 2017-08-28)')
    Warning: No data found for SPLS
  ✗ S2: Insufficient data for CDNS/SPLS

69/223: 2017-10-04: Added=NCLH, Removed=LVLT
  Holding Period End Date: 2017-10-05
  ✓ S1: NCLH 4.34%, Portfolio: $1,497,989
    YFinance output for LVLT: 1 Failed download:
['LVLT']: YFPricesMissingError('possibly delisted; no price data found  (1d 2017-10-04 00:00:00 -> 2017-10-06)')
    Warning: No data found for LVLT
  ✗ S2: Insufficient data for NCLH/LVLT

70/223: 2017-12-28: Added=HII, Removed=BCR
  Holding Period End Date: 2017-12-29
  ✓ S1: HII -1.57%, Portfolio: $1,474,529
    YFinance output for BCR: 1 Failed download:
['BCR']: YFPricesMissingError('possibly delisted; no price data found  (1d 2017-12-28 00:00:00 -> 2018-01-01)')
    Warning: No data found for BCR
  ✗ S2: Insufficient data for HII/BCR

71/223: 2018-03-02: Added=IPGP, Removed=SNI
  Holding Period End Date: 2018-03-04
  ✓ S1: IPGP -3.60%, Portfolio: $1,421,403
    YFinance output for SNI: 1 Failed download:
['SNI']: YFPricesMissingError('possibly delisted; no price data found  (1d 2018-03-02 00:00:00 -> 2018-03-06)')
    Warning: No data found for SNI
  ✗ S2: Insufficient data for IPGP/SNI

72/223: 2018-03-09: Added=TTWO, Removed=SIG
  Holding Period End Date: 2018-03-11
  ✓ S1: TTWO -0.75%, Portfolio: $1,410,798
  ✓ S2: Long TTWO (-0.75%), Short SIG (1.92%)
      Combined: 0.59%, Portfolio: $942,910

73/223: 2018-03-09: Added=NKTR, Removed=CHK
  Holding Period End Date: 2018-03-11
  ✓ S1: NKTR -4.86%, Portfolio: $1,342,172
    YFinance output for CHK: 1 Failed download:
['CHK']: YFTzMissingError('possibly delisted; no timezone found')
    Warning: No data found for CHK
  ✗ S2: Insufficient data for NKTR/CHK

74/223: 2018-03-09: Added=SIVB, Removed=PDCO
  Holding Period End Date: 2018-03-11
    YFinance output for SIVB: 1 Failed download:
['SIVB']: YFTzMissingError('possibly delisted; no timezone found')
    Warning: No data found for SIVB
  ✗ S1: Insufficient data for SIVB
    YFinance output for SIVB: 1 Failed download:
['SIVB']: YFTzMissingError('possibly delisted; no timezone found')
    Warning: No data found for SIVB
    YFinance output for PDCO: 1 Failed download:
['PDCO']: YFTzMissingError('possibly delisted; no timezone found')
    Warning: No data found for PDCO
  ✗ S2: Insufficient data for SIVB/PDCO

75/223: 2018-03-28: Added=MSCI, Removed=CSRA
  Holding Period End Date: 2018-03-29
  ✓ S1: MSCI -0.72%, Portfolio: $1,332,545
  ✓ S2: Long MSCI (-0.72%), Short CSRA (0.00%)
      Combined: -0.36%, Portfolio: $939,528

76/223: 2018-05-25: Added=ABMD, Removed=WYN
  Holding Period End Date: 2018-05-27
    YFinance output for ABMD: 1 Failed download:
['ABMD']: YFTzMissingError('possibly delisted; no timezone found')
    Warning: No data found for ABMD
  ✗ S1: Insufficient data for ABMD
    YFinance output for ABMD: 1 Failed download:
['ABMD']: YFTzMissingError('possibly delisted; no timezone found')
    Warning: No data found for ABMD
    YFinance output for WYN: 1 Failed download:
['WYN']: YFPricesMissingError('possibly delisted; no price data found  (1d 2018-05-25 00:00:00 -> 2018-05-29)')
    Warning: No data found for WYN
  ✗ S2: Insufficient data for ABMD/WYN

77/223: 2018-05-31: Added=EVRG, Removed=NAVI
  Holding Period End Date: 2018-06-01
  ✓ S1: EVRG -2.86%, Portfolio: $1,294,472
  ✓ S2: Long EVRG (-2.86%), Short NAVI (-3.43%)
      Combined: -3.14%, Portfolio: $910,009

78/223: 2018-06-04: Added=TWTR, Removed=MON
  Holding Period End Date: 2018-06-05
    YFinance output for TWTR: 1 Failed download:
['TWTR']: YFTzMissingError('possibly delisted; no timezone found')
    Warning: No data found for TWTR
  ✗ S1: Insufficient data for TWTR
    YFinance output for TWTR: 1 Failed download:
['TWTR']: YFTzMissingError('possibly delisted; no timezone found')
    Warning: No data found for TWTR
    YFinance output for MON: 1 Failed download:
['MON']: YFTzMissingError('possibly delisted; no timezone found')
    Warning: No data found for MON
  ✗ S2: Insufficient data for TWTR/MON

79/223: 2018-06-08: Added=HFC, Removed=AYI
  Holding Period End Date: 2018-06-10
    YFinance output for HFC: 1 Failed download:
['HFC']: YFTzMissingError('possibly delisted; no timezone found')
    Warning: No data found for HFC
  ✗ S1: Insufficient data for HFC
    YFinance output for HFC: 1 Failed download:
['HFC']: YFTzMissingError('possibly delisted; no timezone found')
    Warning: No data found for HFC
  ✗ S2: Insufficient data for HFC/AYI

80/223: 2018-06-08: Added=BR, Removed=RRC
  Holding Period End Date: 2018-06-10
  ✓ S1: BR -1.74%, Portfolio: $1,271,921
  ✓ S2: Long BR (-1.74%), Short RRC (-0.80%)
      Combined: -1.27%, Portfolio: $898,429

81/223: 2018-06-15: Added=FLT, Removed=TWX
  Holding Period End Date: 2018-06-17
    YFinance output for FLT: 1 Failed download:
['FLT']: YFTzMissingError('possibly delisted; no timezone found')
    Warning: No data found for FLT
  ✗ S1: Insufficient data for FLT
    YFinance output for FLT: 1 Failed download:
['FLT']: YFTzMissingError('possibly delisted; no timezone found')
    Warning: No data found for FLT
  ✗ S2: Insufficient data for FLT/TWX

82/223: 2018-06-25: Added=CPRT, Removed=DPS
  Holding Period End Date: 2018-06-26
  ✓ S1: CPRT -3.46%, Portfolio: $1,227,851
    YFinance output for DPS: 1 Failed download:
['DPS']: YFPricesMissingError('possibly delisted; no price data found  (1d 2018-06-25 00:00:00 -> 2018-06-27)')
    Warning: No data found for DPS
  ✗ S2: Insufficient data for CPRT/DPS

83/223: 2018-08-23: Added=ANET, Removed=GGP
  Holding Period End Date: 2018-08-24
  ✓ S1: ANET 9.19%, Portfolio: $1,340,683
    YFinance output for GGP: 1 Failed download:
['GGP']: YFPricesMissingError('possibly delisted; no price data found  (1d 2018-08-23 00:00:00 -> 2018-08-27)')
    Warning: No data found for GGP
  ✗ S2: Insufficient data for ANET/GGP

84/223: 2018-09-11: Added=WCG, Removed=XL
  Holding Period End Date: 2018-09-12
    YFinance output for WCG: 1 Failed download:
['WCG']: YFTzMissingError('possibly delisted; no timezone found')
    Warning: No data found for WCG
  ✗ S1: Insufficient data for WCG
    YFinance output for WCG: 1 Failed download:
['WCG']: YFTzMissingError('possibly delisted; no timezone found')
    Warning: No data found for WCG
    YFinance output for XL: 1 Failed download:
['XL']: YFTzMissingError('possibly delisted; no timezone found')
    Warning: No data found for XL
  ✗ S2: Insufficient data for WCG/XL

85/223: 2018-09-25: Added=ROL, Removed=ANDV
  Holding Period End Date: 2018-09-26
  ✓ S1: ROL -3.46%, Portfolio: $1,294,334
  ✓ S2: Long ROL (-3.46%), Short ANDV (0.12%)
      Combined: -1.67%, Portfolio: $883,442

86/223: 2018-10-04: Added=FTNT, Removed=EVHC
  Holding Period End Date: 2018-10-05
  ✓ S1: FTNT -3.57%, Portfolio: $1,248,092
  ✓ S2: Long FTNT (-3.57%), Short EVHC (-0.07%)
      Combined: -1.82%, Portfolio: $867,373

87/223: 2018-10-30: Added=KEYS, Removed=CA
  Holding Period End Date: 2018-10-31
  ✓ S1: KEYS -0.09%, Portfolio: $1,247,000
    YFinance output for CA: 1 Failed download:
['CA']: YFPricesMissingError('possibly delisted; no price data found  (1d 2018-10-30 00:00:00 -> 2018-11-01) (Yahoo error = "Data doesn\'t exist for startDate = 1540872000, endDate = 1541044800")')
    Warning: No data found for CA
  ✗ S2: Insufficient data for KEYS/CA

88/223: 2018-11-07: Added=JKHY, Removed=EQT
  Holding Period End Date: 2018-11-08
  ✓ S1: JKHY -2.42%, Portfolio: $1,216,813
  ✓ S2: Long JKHY (-2.42%), Short EQT (-1.81%)
      Combined: -2.12%, Portfolio: $849,024

89/223: 2018-11-26: Added=FANG, Removed=SRCL
  Holding Period End Date: 2018-11-27
  ✓ S1: FANG 0.48%, Portfolio: $1,222,713
    YFinance output for SRCL: 1 Failed download:
['SRCL']: YFTzMissingError('possibly delisted; no timezone found')
    Warning: No data found for SRCL
  ✗ S2: Insufficient data for FANG/SRCL

90/223: 2018-11-26: Added=MXIM, Removed=AET
  Holding Period End Date: 2018-11-27
    YFinance output for MXIM: 1 Failed download:
['MXIM']: YFTzMissingError('possibly delisted; no timezone found')
    Warning: No data found for MXIM
  ✗ S1: Insufficient data for MXIM
    YFinance output for MXIM: 1 Failed download:
['MXIM']: YFTzMissingError('possibly delisted; no timezone found')
    Warning: No data found for MXIM
  ✗ S2: Insufficient data for MXIM/AET

91/223: 2018-11-26: Added=LW, Removed=COL
  Holding Period End Date: 2018-11-27
  ✓ S1: LW -3.51%, Portfolio: $1,179,811
  ✓ S2: Long LW (-3.51%), Short COL (0.00%)
      Combined: -1.75%, Portfolio: $834,128

92/223: 2018-12-27: Added=CE, Removed=ESRX
  Holding Period End Date: 2018-12-28
  ✓ S1: CE -0.15%, Portfolio: $1,178,099
    YFinance output for ESRX: 1 Failed download:
['ESRX']: YFPricesMissingError('possibly delisted; no price data found  (1d 2018-12-27 00:00:00 -> 2018-12-31)')
    Warning: No data found for ESRX
  ✗ S2: Insufficient data for CE/ESRX

93/223: 2018-12-27: Added=FRC, Removed=SCG
  Holding Period End Date: 2018-12-28
    YFinance output for FRC: 1 Failed download:
['FRC']: YFTzMissingError('possibly delisted; no timezone found')
    Warning: No data found for FRC
  ✗ S1: Insufficient data for FRC
    YFinance output for FRC: 1 Failed download:
['FRC']: YFTzMissingError('possibly delisted; no timezone found')
    Warning: No data found for FRC
  ✗ S2: Insufficient data for FRC/SCG

94/223: 2019-01-15: Added=TFX, Removed=PCG
  Holding Period End Date: 2019-01-16
  ✓ S1: TFX -2.92%, Portfolio: $1,143,737
  ✓ S2: Long TFX (-2.92%), Short PCG (-1.71%)
      Combined: -2.31%, Portfolio: $814,845

95/223: 2019-02-08: Added=ATO, Removed=NFX
  Holding Period End Date: 2019-02-10
  ✓ S1: ATO -1.14%, Portfolio: $1,130,662
  ✓ S2: Long ATO (-1.14%), Short NFX (0.62%)
      Combined: -0.26%, Portfolio: $812,702

96/223: 2019-02-21: Added=WAB, Removed=GT
  Holding Period End Date: 2019-02-22
  ✓ S1: WAB -0.30%, Portfolio: $1,127,282
  ✓ S2: Long WAB (-0.30%), Short GT (-0.93%)
      Combined: -0.61%, Portfolio: $807,707

97/223: 2019-03-14: Added=FOXA, Removed=FOXA
  Holding Period End Date: 2019-03-15
  ✓ S1: FOXA 2.58%, Portfolio: $1,156,399
  ✓ S2: Long FOXA (2.58%), Short FOXA (-2.52%)
      Combined: 0.03%, Portfolio: $807,970

98/223: 2019-03-14: Added=FOX, Removed=FOX
  Holding Period End Date: 2019-03-15
  ✓ S1: FOX 2.65%, Portfolio: $1,187,075
  ✓ S2: Long FOX (2.65%), Short FOX (-2.58%)
      Combined: 0.03%, Portfolio: $808,247

99/223: 2019-03-26: Added=DOW, Removed=BHF
  Holding Period End Date: 2019-03-27
  ✓ S1: DOW 2.56%, Portfolio: $1,217,450
  ✓ S2: Long DOW (2.56%), Short BHF (2.01%)
      Combined: 2.29%, Portfolio: $826,721

100/223: 2019-05-28: Added=CTVA, Removed=FLR
  Holding Period End Date: 2019-05-29
  ✓ S1: CTVA -0.92%, Portfolio: $1,206,234
  ✓ S2: Long CTVA (-0.92%), Short FLR (-0.80%)
      Combined: -0.86%, Portfolio: $819,607

101/223: 2019-05-28: Added=DD, Removed=DWDP
  Holding Period End Date: 2019-05-29
  ✓ S1: DD 1.04%, Portfolio: $1,218,779
    YFinance output for DWDP: 1 Failed download:
['DWDP']: YFTzMissingError('possibly delisted; no timezone found')
    Warning: No data found for DWDP
  ✗ S2: Insufficient data for DD/DWDP

102/223: 2019-06-03: Added=BMS, Removed=MAT
  Holding Period End Date: 2019-06-04
  ✓ S1: BMS -0.78%, Portfolio: $1,209,265
  ✓ S2: Long BMS (-0.78%), Short MAT (-10.48%)
      Combined: -5.63%, Portfolio: $773,451

103/223: 2019-06-03: Added=AMCR, Removed=BMS
  Holding Period End Date: 2019-06-04
  ✓ S1: AMCR 0.00%, Portfolio: $1,209,265
  ✓ S2: Long AMCR (0.00%), Short BMS (0.79%)
      Combined: 0.39%, Portfolio: $776,493

104/223: 2019-06-24: Added=MKTX, Removed=LLL
  Holding Period End Date: 2019-06-25
  ✓ S1: MKTX -4.20%, Portfolio: $1,158,501
    YFinance output for LLL: 1 Failed download:
['LLL']: YFTzMissingError('possibly delisted; no timezone found')
    Warning: No data found for LLL
  ✗ S2: Insufficient data for MKTX/LLL

105/223: 2019-07-09: Added=TMUS, Removed=RHT
  Holding Period End Date: 2019-07-10
  ✓ S1: TMUS 4.63%, Portfolio: $1,212,148
    YFinance output for RHT: 1 Failed download:
['RHT']: YFTzMissingError('possibly delisted; no timezone found')
    Warning: No data found for RHT
  ✗ S2: Insufficient data for TMUS/RHT

106/223: 2019-08-01: Added=IEX, Removed=FL
  Holding Period End Date: 2019-08-02
  ✓ S1: IEX -3.88%, Portfolio: $1,165,064
  ✓ S2: Long IEX (-3.88%), Short FL (-0.05%)
      Combined: -1.97%, Portfolio: $761,215

107/223: 2019-08-01: Added=LDOS, Removed=APC
  Holding Period End Date: 2019-08-02
  ✓ S1: LDOS -1.86%, Portfolio: $1,143,414
    YFinance output for APC: 1 Failed download:
['APC']: YFTzMissingError('possibly delisted; no timezone found')
    Warning: No data found for APC
  ✗ S2: Insufficient data for LDOS/APC

108/223: 2019-09-17: Added=CDW, Removed=TSS
  Holding Period End Date: 2019-09-18
  ✓ S1: CDW 5.78%, Portfolio: $1,209,527
    YFinance output for TSS: 1 Failed download:
['TSS']: YFTzMissingError('possibly delisted; no timezone found')
    Warning: No data found for TSS
  ✗ S2: Insufficient data for CDW/TSS

109/223: 2019-09-20: Added=NVR, Removed=JEF
  Holding Period End Date: 2019-09-22
  ✓ S1: NVR -3.64%, Portfolio: $1,165,521
  ✓ S2: Long NVR (-3.64%), Short JEF (-2.16%)
      Combined: -2.90%, Portfolio: $739,139

110/223: 2019-09-20: Added=LVS, Removed=NKTR
  Holding Period End Date: 2019-09-22
  ✓ S1: LVS -0.25%, Portfolio: $1,162,625
  ✓ S2: Long LVS (-0.25%), Short NKTR (1.10%)
      Combined: 0.43%, Portfolio: $742,300

111/223: 2019-11-18: Added=NOW, Removed=CELG
  Holding Period End Date: 2019-11-19
  ✓ S1: NOW 4.29%, Portfolio: $1,212,524
    YFinance output for CELG: 1 Failed download:
['CELG']: YFTzMissingError('possibly delisted; no timezone found')
    Warning: No data found for CELG
  ✗ S2: Insufficient data for NOW/CELG

112/223: 2019-11-27: Added=WRB, Removed=VIAB
  Holding Period End Date: 2019-11-29
  ✓ S1: WRB -1.69%, Portfolio: $1,192,014
    YFinance output for VIAB: 1 Failed download:
['VIAB']: YFTzMissingError('possibly delisted; no timezone found')
    Warning: No data found for VIAB
  ✗ S2: Insufficient data for WRB/VIAB

113/223: 2019-12-02: Added=ODFL, Removed=STI
  Holding Period End Date: 2019-12-03
  ✓ S1: ODFL -2.31%, Portfolio: $1,164,473
    YFinance output for STI: 1 Failed download:
['STI']: YFPricesMissingError('possibly delisted; no price data found  (1d 2019-12-02 00:00:00 -> 2019-12-04) (Yahoo error = "Data doesn\'t exist for startDate = 1575262800, endDate = 1575435600")')
    Warning: No data found for STI
  ✗ S2: Insufficient data for ODFL/STI

114/223: 2019-12-13: Added=ZBRA, Removed=TRIP
  Holding Period End Date: 2019-12-15
  ✓ S1: ZBRA -0.91%, Portfolio: $1,153,858
  ✓ S2: Long ZBRA (-0.91%), Short TRIP (-0.75%)
      Combined: -0.83%, Portfolio: $736,146

115/223: 2019-12-13: Added=LYV, Removed=AMG
  Holding Period End Date: 2019-12-15
  ✓ S1: LYV -1.21%, Portfolio: $1,139,870
  ✓ S2: Long LYV (-1.21%), Short AMG (-1.15%)
      Combined: -1.18%, Portfolio: $727,452

116/223: 2019-12-13: Added=STE, Removed=MAC
  Holding Period End Date: 2019-12-15
  ✓ S1: STE -0.78%, Portfolio: $1,131,017
  ✓ S2: Long STE (-0.78%), Short MAC (-0.57%)
      Combined: -0.67%, Portfolio: $722,545

117/223: 2020-01-22: Added=PAYC, Removed=WCG
  Holding Period End Date: 2020-01-23
  ✓ S1: PAYC 3.81%, Portfolio: $1,174,165
    YFinance output for WCG: 1 Failed download:
['WCG']: YFTzMissingError('possibly delisted; no timezone found')
    Warning: No data found for WCG
  ✗ S2: Insufficient data for PAYC/WCG

118/223: 2020-02-27: Added=IR, Removed=XEC
  Holding Period End Date: 2020-02-28
  ✓ S1: IR -2.44%, Portfolio: $1,145,518
    YFinance output for XEC: 1 Failed download:
['XEC']: YFTzMissingError('possibly delisted; no timezone found')
    Warning: No data found for XEC
  ✗ S2: Insufficient data for IR/XEC

119/223: 2020-03-31: Added=nan, Removed=M
  Holding Period End Date: 2020-04-01

120/223: 2020-03-31: Added=nan, Removed=RTN
  Holding Period End Date: 2020-04-01

121/223: 2020-03-31: Added=CARR, Removed=nan
  Holding Period End Date: 2020-04-01
  ✓ S1: CARR -12.75%, Portfolio: $999,423

122/223: 2020-03-31: Added=OTIS, Removed=nan
  Holding Period End Date: 2020-04-01
  ✓ S1: OTIS -6.60%, Portfolio: $933,461

123/223: 2020-05-05: Added=HWM, Removed=ARNC
  Holding Period End Date: 2020-05-06
  ✓ S1: HWM -5.90%, Portfolio: $878,417
    YFinance output for ARNC: 1 Failed download:
['ARNC']: YFTzMissingError('possibly delisted; no timezone found')
    Warning: No data found for ARNC
  ✗ S2: Insufficient data for HWM/ARNC

124/223: 2020-05-06: Added=DXCM, Removed=AGN
  Holding Period End Date: 2020-05-07
  ✓ S1: DXCM 10.32%, Portfolio: $969,106
    YFinance output for AGN: 1 Failed download:
['AGN']: YFTzMissingError('possibly delisted; no timezone found')
    Warning: No data found for AGN
  ✗ S2: Insufficient data for DXCM/AGN

125/223: 2020-05-06: Added=DPZ, Removed=CPRI
  Holding Period End Date: 2020-05-07
  ✓ S1: DPZ -1.38%, Portfolio: $955,752
  ✓ S2: Long DPZ (-1.38%), Short CPRI (-5.63%)
      Combined: -3.50%, Portfolio: $697,224

126/223: 2020-05-18: Added=WST, Removed=HP
  Holding Period End Date: 2020-05-19
  ✓ S1: WST -3.13%, Portfolio: $925,863
  ✓ S2: Long WST (-3.13%), Short HP (2.18%)
      Combined: -0.48%, Portfolio: $693,904

127/223: 2020-06-12: Added=BIO, Removed=ADS
  Holding Period End Date: 2020-06-14
  ✓ S1: BIO 1.12%, Portfolio: $936,239
    YFinance output for ADS: 1 Failed download:
['ADS']: YFTzMissingError('possibly delisted; no timezone found')
    Warning: No data found for ADS
  ✗ S2: Insufficient data for BIO/ADS

128/223: 2020-06-12: Added=TDY, Removed=HOG
  Holding Period End Date: 2020-06-14
  ✓ S1: TDY 0.57%, Portfolio: $941,572
  ✓ S2: Long TDY (0.57%), Short HOG (0.24%)
      Combined: 0.40%, Portfolio: $696,713

129/223: 2020-06-12: Added=TYL, Removed=JWN
  Holding Period End Date: 2020-06-14
  ✓ S1: TYL -0.48%, Portfolio: $937,094
    YFinance output for JWN: 1 Failed download:
['JWN']: YFTzMissingError('possibly delisted; no timezone found')
    Warning: No data found for JWN
  ✗ S2: Insufficient data for TYL/JWN

130/223: 2020-09-04: Added=CTLT, Removed=KSS
  Holding Period End Date: 2020-09-06
    YFinance output for CTLT: 1 Failed download:
['CTLT']: YFTzMissingError('possibly delisted; no timezone found')
    Warning: No data found for CTLT
  ✗ S1: Insufficient data for CTLT
    YFinance output for CTLT: 1 Failed download:
['CTLT']: YFTzMissingError('possibly delisted; no timezone found')
    Warning: No data found for CTLT
  ✗ S2: Insufficient data for CTLT/KSS

131/223: 2020-09-04: Added=ETSY, Removed=HRB
  Holding Period End Date: 2020-09-06
  ✗ S1: Insufficient data for ETSY
  ✗ S2: Insufficient data for ETSY/HRB

132/223: 2020-09-04: Added=TER, Removed=COTY
  Holding Period End Date: 2020-09-06
  ✗ S1: Insufficient data for TER
  ✗ S2: Insufficient data for TER/COTY

133/223: 2020-10-01: Added=POOL, Removed=ETFC
  Holding Period End Date: 2020-10-02
  ✓ S1: POOL -1.67%, Portfolio: $921,422
    YFinance output for ETFC: 1 Failed download:
['ETFC']: YFTzMissingError('possibly delisted; no timezone found')
    Warning: No data found for ETFC
  ✗ S2: Insufficient data for POOL/ETFC

134/223: 2020-10-05: Added=VNT, Removed=nan
  Holding Period End Date: 2020-10-06
  ✓ S1: VNT 2.19%, Portfolio: $941,599

135/223: 2020-10-05: Added=nan, Removed=NBL
  Holding Period End Date: 2020-10-06

136/223: 2020-12-11: Added=TSLA, Removed=AIV
  Holding Period End Date: 2020-12-13
  ✓ S1: TSLA 4.89%, Portfolio: $987,661
  ✓ S2: Long TSLA (4.89%), Short AIV (0.59%)
      Combined: 2.74%, Portfolio: $715,827

137/223: 2020-12-30: Added=ENPH, Removed=TIF
  Holding Period End Date: 2020-12-31
  ✓ S1: ENPH 1.47%, Portfolio: $1,002,168
    YFinance output for TIF: 1 Failed download:
['TIF']: YFTzMissingError('possibly delisted; no timezone found')
    Warning: No data found for TIF
  ✗ S2: Insufficient data for ENPH/TIF

138/223: 2021-01-15: Added=TRMB, Removed=CXO
  Holding Period End Date: 2021-01-17
  ✗ S1: Insufficient data for TRMB
    YFinance output for CXO: 1 Failed download:
['CXO']: YFTzMissingError('possibly delisted; no timezone found')
    Warning: No data found for CXO
  ✗ S2: Insufficient data for TRMB/CXO

139/223: 2021-02-08: Added=MPWR, Removed=FTI
  Holding Period End Date: 2021-02-09
  ✓ S1: MPWR 2.86%, Portfolio: $1,030,824
  ✓ S2: Long MPWR (2.86%), Short FTI (7.16%)
      Combined: 5.01%, Portfolio: $751,703

140/223: 2021-03-12: Added=CZR, Removed=VNT
  Holding Period End Date: 2021-03-14
  ✓ S1: CZR 0.58%, Portfolio: $1,036,765
  ✓ S2: Long CZR (0.58%), Short VNT (0.75%)
      Combined: 0.66%, Portfolio: $756,672

141/223: 2021-03-12: Added=PENN, Removed=SLG
  Holding Period End Date: 2021-03-14
  ✓ S1: PENN 4.60%, Portfolio: $1,084,444
  ✓ S2: Long PENN (4.60%), Short SLG (1.69%)
      Combined: 3.14%, Portfolio: $780,453

142/223: 2021-03-12: Added=NXPI, Removed=FLS
  Holding Period End Date: 2021-03-14
  ✓ S1: NXPI 8.96%, Portfolio: $1,181,616
  ✓ S2: Long NXPI (8.96%), Short FLS (1.05%)
      Combined: 5.01%, Portfolio: $819,515

143/223: 2021-03-12: Added=GNRC, Removed=XRX
  Holding Period End Date: 2021-03-14
  ✓ S1: GNRC 2.68%, Portfolio: $1,213,229
  ✓ S2: Long GNRC (2.68%), Short XRX (3.26%)
      Combined: 2.97%, Portfolio: $843,843

144/223: 2021-04-15: Added=PTC, Removed=VAR
  Holding Period End Date: 2021-04-16
  ✓ S1: PTC -0.94%, Portfolio: $1,201,800
    YFinance output for VAR: 1 Failed download:
['VAR']: YFTzMissingError('possibly delisted; no timezone found')
    Warning: No data found for VAR
  ✗ S2: Insufficient data for PTC/VAR

145/223: 2021-05-10: Added=CRL, Removed=FLIR
  Holding Period End Date: 2021-05-11
  ✓ S1: CRL -3.72%, Portfolio: $1,157,104
    YFinance output for FLIR: 1 Failed download:
['FLIR']: YFTzMissingError('possibly delisted; no timezone found')
    Warning: No data found for FLIR
  ✗ S2: Insufficient data for CRL/FLIR

146/223: 2021-05-27: Added=OGN, Removed=nan
  Holding Period End Date: 2021-05-28
  ✓ S1: OGN 0.70%, Portfolio: $1,165,253

147/223: 2021-05-27: Added=nan, Removed=HFC
  Holding Period End Date: 2021-05-28

148/223: 2021-07-15: Added=MRNA, Removed=ALXN
  Holding Period End Date: 2021-07-16
  ✓ S1: MRNA 10.30%, Portfolio: $1,285,312
    YFinance output for ALXN: 1 Failed download:
['ALXN']: YFTzMissingError('possibly delisted; no timezone found')
    Warning: No data found for ALXN
  ✗ S2: Insufficient data for MRNA/ALXN

149/223: 2021-08-24: Added=TECH, Removed=MXIM
  Holding Period End Date: 2021-08-25
  ✓ S1: TECH 1.57%, Portfolio: $1,305,538
    YFinance output for MXIM: 1 Failed download:
['MXIM']: YFTzMissingError('possibly delisted; no timezone found')
    Warning: No data found for MXIM
  ✗ S2: Insufficient data for TECH/MXIM

150/223: 2021-09-03: Added=BRO, Removed=NOV
  Holding Period End Date: 2021-09-05
  ✗ S1: Insufficient data for BRO
  ✗ S2: Insufficient data for BRO/NOV

151/223: 2021-09-03: Added=CDAY, Removed=UNM
  Holding Period End Date: 2021-09-05
    YFinance output for CDAY: 1 Failed download:
['CDAY']: YFTzMissingError('possibly delisted; no timezone found')
    Warning: No data found for CDAY
  ✗ S1: Insufficient data for CDAY
    YFinance output for CDAY: 1 Failed download:
['CDAY']: YFTzMissingError('possibly delisted; no timezone found')
    Warning: No data found for CDAY
  ✗ S2: Insufficient data for CDAY/UNM

152/223: 2021-09-03: Added=MTCH, Removed=PRGO
  Holding Period End Date: 2021-09-05
  ✗ S1: Insufficient data for MTCH
  ✗ S2: Insufficient data for MTCH/PRGO

153/223: 2021-12-03: Added=FDS, Removed=WU
  Holding Period End Date: 2021-12-05
  ✓ S1: FDS -1.42%, Portfolio: $1,287,035
  ✓ S2: Long FDS (-1.42%), Short WU (-3.42%)
      Combined: -2.42%, Portfolio: $823,444

154/223: 2021-12-03: Added=SEDG, Removed=HBI
  Holding Period End Date: 2021-12-05
  ✓ S1: SEDG 0.21%, Portfolio: $1,289,676
  ✓ S2: Long SEDG (0.21%), Short HBI (-4.79%)
      Combined: -2.29%, Portfolio: $804,548

155/223: 2021-12-03: Added=SBNY, Removed=LEG
  Holding Period End Date: 2021-12-05
    YFinance output for SBNY: 1 Failed download:
['SBNY']: YFPricesMissingError('possibly delisted; no price data found  (1d 2021-12-03 00:00:00 -> 2021-12-07) (Yahoo error = "Data doesn\'t exist for startDate = 1638507600, endDate = 1638853200")')
    Warning: No data found for SBNY
  ✗ S1: Insufficient data for SBNY
    YFinance output for SBNY: 1 Failed download:
['SBNY']: YFPricesMissingError('possibly delisted; no price data found  (1d 2021-12-03 00:00:00 -> 2021-12-07) (Yahoo error = "Data doesn\'t exist for startDate = 1638507600, endDate = 1638853200")')
    Warning: No data found for SBNY
  ✗ S2: Insufficient data for SBNY/LEG

156/223: 2021-12-07: Added=EPAM, Removed=KSU
  Holding Period End Date: 2021-12-08
  ✓ S1: EPAM 17.67%, Portfolio: $1,517,570
    YFinance output for KSU: 1 Failed download:
['KSU']: YFTzMissingError('possibly delisted; no timezone found')
    Warning: No data found for KSU
  ✗ S2: Insufficient data for EPAM/KSU

157/223: 2022-01-26: Added=CEG, Removed=nan
  Holding Period End Date: 2022-01-27
  ✓ S1: CEG 5.88%, Portfolio: $1,606,756

158/223: 2022-01-26: Added=nan, Removed=GPS
  Holding Period End Date: 2022-01-27

159/223: 2022-02-10: Added=NDSN, Removed=XLNX
  Holding Period End Date: 2022-02-11
  ✓ S1: NDSN -5.75%, Portfolio: $1,514,315
    YFinance output for XLNX: 1 Failed download:
['XLNX']: YFTzMissingError('possibly delisted; no timezone found')
    Warning: No data found for XLNX
  ✗ S2: Insufficient data for NDSN/XLNX

160/223: 2022-02-25: Added=MOH, Removed=INFO
  Holding Period End Date: 2022-02-27
  ✓ S1: MOH -3.60%, Portfolio: $1,459,754
    YFinance output for INFO: 1 Failed download:
['INFO']: YFPricesMissingError('possibly delisted; no price data found  (1d 2022-02-25 00:00:00 -> 2022-03-01) (Yahoo error = "Data doesn\'t exist for startDate = 1645765200, endDate = 1646110800")')
    Warning: No data found for INFO
  ✗ S2: Insufficient data for MOH/INFO

161/223: 2022-03-29: Added=CPT, Removed=PBCT
  Holding Period End Date: 2022-03-30
  ✓ S1: CPT -0.46%, Portfolio: $1,453,071
    YFinance output for PBCT: 1 Failed download:
['PBCT']: YFTzMissingError('possibly delisted; no timezone found')
    Warning: No data found for PBCT
  ✗ S2: Insufficient data for CPT/PBCT

162/223: 2022-04-07: Added=WBD, Removed=DISCA
  Holding Period End Date: 2022-04-08
  ✓ S1: WBD 5.90%, Portfolio: $1,538,732
    YFinance output for DISCA: 1 Failed download:
['DISCA']: YFTzMissingError('possibly delisted; no timezone found')
    Warning: No data found for DISCA
  ✗ S2: Insufficient data for WBD/DISCA

163/223: 2022-04-07: Added=nan, Removed=DISCK
  Holding Period End Date: 2022-04-08

164/223: 2022-06-03: Added=VICI, Removed=CERN
  Holding Period End Date: 2022-06-05
  ✓ S1: VICI 3.38%, Portfolio: $1,590,693
    YFinance output for CERN: 1 Failed download:
['CERN']: YFTzMissingError('possibly delisted; no timezone found')
    Warning: No data found for CERN
  ✗ S2: Insufficient data for VICI/CERN

165/223: 2022-06-03: Added=ON, Removed=IPGP
  Holding Period End Date: 2022-06-05
  ✓ S1: ON 4.88%, Portfolio: $1,668,281
  ✓ S2: Long ON (4.88%), Short IPGP (-2.01%)
      Combined: 1.43%, Portfolio: $816,069

166/223: 2022-06-03: Added=KDP, Removed=UAA
  Holding Period End Date: 2022-06-05
  ✓ S1: KDP 5.07%, Portfolio: $1,752,817
  ✓ S2: Long KDP (5.07%), Short UAA (-0.27%)
      Combined: 2.40%, Portfolio: $835,635

167/223: 2022-06-03: Added=nan, Removed=UA
  Holding Period End Date: 2022-06-05

168/223: 2022-09-02: Added=CSGP, Removed=PVH
  Holding Period End Date: 2022-09-04
  ✗ S1: Insufficient data for CSGP
  ✗ S2: Insufficient data for CSGP/PVH

169/223: 2022-09-02: Added=INVH, Removed=PENN
  Holding Period End Date: 2022-09-04
  ✗ S1: Insufficient data for INVH
  ✗ S2: Insufficient data for INVH/PENN

170/223: 2022-09-23: Added=PCG, Removed=CTXS
  Holding Period End Date: 2022-09-25
  ✓ S1: PCG 1.11%, Portfolio: $1,772,278
    YFinance output for CTXS: 1 Failed download:
['CTXS']: YFTzMissingError('possibly delisted; no timezone found')
    Warning: No data found for CTXS
  ✗ S2: Insufficient data for PCG/CTXS

171/223: 2022-09-23: Added=EQT, Removed=DRE
  Holding Period End Date: 2022-09-25
  ✓ S1: EQT -4.56%, Portfolio: $1,691,525
    YFinance output for DRE: 1 Failed download:
['DRE']: YFTzMissingError('possibly delisted; no timezone found')
    Warning: No data found for DRE
  ✗ S2: Insufficient data for EQT/DRE

172/223: 2022-10-06: Added=TRGP, Removed=NLSN
  Holding Period End Date: 2022-10-07
  ✓ S1: TRGP -1.70%, Portfolio: $1,662,842
    YFinance output for NLSN: 1 Failed download:
['NLSN']: YFTzMissingError('possibly delisted; no timezone found')
    Warning: No data found for NLSN
  ✗ S2: Insufficient data for TRGP/NLSN

173/223: 2022-10-27: Added=ACGL, Removed=TWTR
  Holding Period End Date: 2022-10-28
  ✓ S1: ACGL 9.65%, Portfolio: $1,823,368
    YFinance output for TWTR: 1 Failed download:
['TWTR']: YFTzMissingError('possibly delisted; no timezone found')
    Warning: No data found for TWTR
  ✗ S2: Insufficient data for ACGL/TWTR

174/223: 2022-12-12: Added=FSLR, Removed=FBHS
  Holding Period End Date: 2022-12-13
  ✓ S1: FSLR 4.52%, Portfolio: $1,905,873
    YFinance output for FBHS: 1 Failed download:
['FBHS']: YFTzMissingError('possibly delisted; no timezone found')
    Warning: No data found for FBHS
  ✗ S2: Insufficient data for FSLR/FBHS

175/223: 2022-12-12: Added=nan, Removed=MBC
  Holding Period End Date: 2022-12-13

176/223: 2022-12-12: Added=MBC, Removed=nan
  Holding Period End Date: 2022-12-13
  ✓ S1: MBC 8.71%, Portfolio: $2,071,796

177/223: 2022-12-19: Added=STLD, Removed=ABMD
  Holding Period End Date: 2022-12-20
  ✓ S1: STLD 1.63%, Portfolio: $2,105,666
    YFinance output for ABMD: 1 Failed download:
['ABMD']: YFTzMissingError('possibly delisted; no timezone found')
    Warning: No data found for ABMD
  ✗ S2: Insufficient data for STLD/ABMD

178/223: 2022-12-28: Added=GEHC, Removed=nan
  Holding Period End Date: 2022-12-29
  ✓ S1: GEHC 0.87%, Portfolio: $2,123,976

179/223: 2022-12-28: Added=nan, Removed=VNO
  Holding Period End Date: 2022-12-29

180/223: 2023-03-03: Added=FICO, Removed=LUMN
  Holding Period End Date: 2023-03-05
  ✓ S1: FICO -1.23%, Portfolio: $2,097,925
  ✓ S2: Long FICO (-1.23%), Short LUMN (-3.94%)
      Combined: -2.58%, Portfolio: $814,051

181/223: 2023-03-10: Added=PODD, Removed=SIVB
  Holding Period End Date: 2023-03-12
  ✓ S1: PODD 8.23%, Portfolio: $2,270,632
    YFinance output for SIVB: 1 Failed download:
['SIVB']: YFTzMissingError('possibly delisted; no timezone found')
    Warning: No data found for SIVB
  ✗ S2: Insufficient data for PODD/SIVB

182/223: 2023-03-13: Added=BG, Removed=SBNY
  Holding Period End Date: 2023-03-14
  ✓ S1: BG 14.48%, Portfolio: $2,599,338
    YFinance output for SBNY: 1 Failed download:
['SBNY']: YFPricesMissingError('possibly delisted; no price data found  (1d 2023-03-13 00:00:00 -> 2023-03-15) (Yahoo error = "Data doesn\'t exist for startDate = 1678680000, endDate = 1678852800")')
    Warning: No data found for SBNY
  ✗ S2: Insufficient data for BG/SBNY

183/223: 2023-05-01: Added=AXON, Removed=FRC
  Holding Period End Date: 2023-05-02
  ✓ S1: AXON 1.95%, Portfolio: $2,650,122
    YFinance output for FRC: 1 Failed download:
['FRC']: YFTzMissingError('possibly delisted; no timezone found')
    Warning: No data found for FRC
  ✗ S2: Insufficient data for AXON/FRC

184/223: 2023-06-02: Added=PANW, Removed=DISH
  Holding Period End Date: 2023-06-04
  ✓ S1: PANW 4.40%, Portfolio: $2,766,622
    YFinance output for DISH: 1 Failed download:
['DISH']: YFTzMissingError('possibly delisted; no timezone found')
    Warning: No data found for DISH
  ✗ S2: Insufficient data for PANW/DISH

185/223: 2023-08-21: Added=nan, Removed=TEL
  Holding Period End Date: 2023-08-22

186/223: 2023-08-21: Added=KVUE, Removed=AAP
  Holding Period End Date: 2023-08-22
  ✓ S1: KVUE 3.67%, Portfolio: $2,868,106
  ✓ S2: Long KVUE (3.67%), Short AAP (1.28%)
      Combined: 2.47%, Portfolio: $834,179

187/223: 2023-08-21: Added=PCS, Removed=nan
  Holding Period End Date: 2023-08-22
    YFinance output for PCS: 1 Failed download:
['PCS']: YFPricesMissingError('possibly delisted; no price data found  (1d 2023-08-21 00:00:00 -> 2023-08-23) (Yahoo error = "Data doesn\'t exist for startDate = 1692590400, endDate = 1692763200")')
    Warning: No data found for PCS
  ✗ S1: Insufficient data for PCS

188/223: 2023-09-14: Added=BX, Removed=LNC
  Holding Period End Date: 2023-09-15
  ✓ S1: BX 0.96%, Portfolio: $2,895,588
  ✓ S2: Long BX (0.96%), Short LNC (-1.23%)
      Combined: -0.14%, Portfolio: $833,048

189/223: 2023-09-14: Added=ABNB, Removed=NWL
  Holding Period End Date: 2023-09-15
  ✓ S1: ABNB -0.95%, Portfolio: $2,868,063
  ✓ S2: Long ABNB (-0.95%), Short NWL (2.42%)
      Combined: 0.74%, Portfolio: $839,184

190/223: 2023-09-28: Added=VLTO, Removed=nan
  Holding Period End Date: 2023-09-29
    YFinance output for VLTO: 1 Failed download:
['VLTO']: YFPricesMissingError('possibly delisted; no price data found  (1d 2023-09-28 00:00:00 -> 2023-10-02) (Yahoo error = "Data doesn\'t exist for startDate = 1695873600, endDate = 1696219200")')
    Warning: No data found for VLTO
  ✗ S1: Insufficient data for VLTO

191/223: 2023-09-28: Added=nan, Removed=DXC
  Holding Period End Date: 2023-09-29

192/223: 2023-10-13: Added=LULU, Removed=ATVI
  Holding Period End Date: 2023-10-15
  ✓ S1: LULU 10.31%, Portfolio: $3,163,837
    YFinance output for ATVI: 1 Failed download:
['ATVI']: YFTzMissingError('possibly delisted; no timezone found')
    Warning: No data found for ATVI
  ✗ S2: Insufficient data for LULU/ATVI

193/223: 2023-10-13: Added=HUBB, Removed=OGN
  Holding Period End Date: 2023-10-15
  ✓ S1: HUBB 3.13%, Portfolio: $3,263,006
  ✓ S2: Long HUBB (3.13%), Short OGN (2.73%)
      Combined: 2.93%, Portfolio: $863,783

194/223: 2023-12-01: Added=UBER, Removed=SEE
  Holding Period End Date: 2023-12-03
  ✓ S1: UBER 2.23%, Portfolio: $3,335,833
  ✓ S2: Long UBER (2.23%), Short SEE (1.67%)
      Combined: 1.95%, Portfolio: $880,643

195/223: 2023-12-01: Added=BLDR, Removed=SEDG
  Holding Period End Date: 2023-12-03
  ✓ S1: BLDR -1.74%, Portfolio: $3,277,873
  ✓ S2: Long BLDR (-1.74%), Short SEDG (-1.34%)
      Combined: -1.54%, Portfolio: $867,093

196/223: 2023-12-01: Added=JBL, Removed=ALK
  Holding Period End Date: 2023-12-03
  ✓ S1: JBL -1.33%, Portfolio: $3,234,134
  ✓ S2: Long JBL (-1.33%), Short ALK (16.58%)
      Combined: 7.62%, Portfolio: $933,184

197/223: 2024-03-01: Added=SMCI, Removed=WHR
  Holding Period End Date: 2024-03-03
  ✓ S1: SMCI 18.65%, Portfolio: $3,837,257
  ✓ S2: Long SMCI (18.65%), Short WHR (0.24%)
      Combined: 9.45%, Portfolio: $1,021,336

198/223: 2024-03-01: Added=DECK, Removed=ZION
  Holding Period End Date: 2024-03-03
  ✓ S1: DECK 2.58%, Portfolio: $3,936,195
  ✓ S2: Long DECK (2.58%), Short ZION (-1.02%)
      Combined: 0.78%, Portfolio: $1,029,287

199/223: 2024-03-27: Added=SOLV, Removed=nan
  Holding Period End Date: 2024-03-28
  ✓ S1: SOLV -7.27%, Portfolio: $3,650,165

200/223: 2024-03-27: Added=GEV, Removed=nan
  Holding Period End Date: 2024-03-28
  ✓ S1: GEV 4.19%, Portfolio: $3,803,124

201/223: 2024-03-27: Added=nan, Removed=XRAY
  Holding Period End Date: 2024-03-28

202/223: 2024-03-27: Added=nan, Removed=VFC
  Holding Period End Date: 2024-03-28

203/223: 2024-05-03: Added=VST, Removed=PXD
  Holding Period End Date: 2024-05-05
  ✓ S1: VST 2.15%, Portfolio: $3,884,796
    YFinance output for PXD: 1 Failed download:
['PXD']: YFTzMissingError('possibly delisted; no timezone found')
    Warning: No data found for PXD
  ✗ S2: Insufficient data for VST/PXD

204/223: 2024-06-07: Added=KKR, Removed=RHI
  Holding Period End Date: 2024-06-09
  ✓ S1: KKR 11.18%, Portfolio: $4,319,303
  ✓ S2: Long KKR (11.18%), Short RHI (-1.44%)
      Combined: 4.87%, Portfolio: $1,079,434

205/223: 2024-06-07: Added=CRWD, Removed=CMA
  Holding Period End Date: 2024-06-09
  ✓ S1: CRWD 7.29%, Portfolio: $4,634,170
  ✓ S2: Long CRWD (7.29%), Short CMA (1.69%)
      Combined: 4.49%, Portfolio: $1,127,916

206/223: 2024-06-07: Added=GDDY, Removed=ILMN
  Holding Period End Date: 2024-06-09
  ✓ S1: GDDY 1.92%, Portfolio: $4,723,288
  ✓ S2: Long GDDY (1.92%), Short ILMN (3.53%)
      Combined: 2.73%, Portfolio: $1,158,687

207/223: 2024-09-06: Added=ERIE, Removed=BIO
  Holding Period End Date: 2024-09-08
  ✓ S1: ERIE -0.61%, Portfolio: $4,694,276
  ✓ S2: Long ERIE (-0.61%), Short BIO (2.06%)
      Combined: 0.72%, Portfolio: $1,167,070

208/223: 2024-09-06: Added=DELL, Removed=ETSY
  Holding Period End Date: 2024-09-08
  ✓ S1: DELL 3.81%, Portfolio: $4,873,302
  ✓ S2: Long DELL (3.81%), Short ETSY (1.60%)
      Combined: 2.71%, Portfolio: $1,198,688

209/223: 2024-09-06: Added=PLTR, Removed=AAL
  Holding Period End Date: 2024-09-08
  ✓ S1: PLTR 14.08%, Portfolio: $5,559,389
  ✓ S2: Long PLTR (14.08%), Short AAL (-3.74%)
      Combined: 5.17%, Portfolio: $1,260,631

210/223: 2024-09-24: Added=AMTM, Removed=nan
  Holding Period End Date: 2024-09-25
  ✓ S1: AMTM -5.12%, Portfolio: $5,274,920

211/223: 2024-09-24: Added=nan, Removed=BBWI
  Holding Period End Date: 2024-09-25

212/223: 2024-11-21: Added=TPL, Removed=MRO
  Holding Period End Date: 2024-11-22
  ✓ S1: TPL 14.15%, Portfolio: $6,021,399
    YFinance output for MRO: 1 Failed download:
['MRO']: YFTzMissingError('possibly delisted; no timezone found')
    Warning: No data found for MRO
  ✗ S2: Insufficient data for TPL/MRO

213/223: 2024-12-06: Added=WDAY, Removed=AMTM
  Holding Period End Date: 2024-12-08
  ✓ S1: WDAY 5.06%, Portfolio: $6,326,288
  ✓ S2: Long WDAY (5.06%), Short AMTM (-2.44%)
      Combined: 1.31%, Portfolio: $1,277,154

214/223: 2024-12-06: Added=APO, Removed=QRVO
  Holding Period End Date: 2024-12-08
  ✓ S1: APO -3.03%, Portfolio: $6,134,917
  ✓ S2: Long APO (-3.03%), Short QRVO (-1.70%)
      Combined: -2.36%, Portfolio: $1,246,996

215/223: 2024-12-18: Added=LII, Removed=CTLT
  Holding Period End Date: 2024-12-19
  ✓ S1: LII -2.89%, Portfolio: $5,957,688
    YFinance output for CTLT: 1 Failed download:
['CTLT']: YFTzMissingError('possibly delisted; no timezone found')
    Warning: No data found for CTLT
  ✗ S2: Insufficient data for LII/CTLT

216/223: 2025-03-07: Added=EXE, Removed=FMC
  Holding Period End Date: 2025-03-09
  ✓ S1: EXE 3.19%, Portfolio: $6,147,531
  ✓ S2: Long EXE (3.19%), Short FMC (-0.70%)
      Combined: 1.24%, Portfolio: $1,262,516

217/223: 2025-03-07: Added=WSM, Removed=CE
  Holding Period End Date: 2025-03-09
  ✓ S1: WSM -1.69%, Portfolio: $6,043,446
  ✓ S2: Long WSM (-1.69%), Short CE (2.03%)
      Combined: 0.17%, Portfolio: $1,264,634

218/223: 2025-03-07: Added=TKO, Removed=TFX
  Holding Period End Date: 2025-03-09
  ✓ S1: TKO -1.12%, Portfolio: $5,975,750
  ✓ S2: Long TKO (-1.12%), Short TFX (1.00%)
      Combined: -0.06%, Portfolio: $1,263,853

219/223: 2025-03-07: Added=DASH, Removed=BWA
  Holding Period End Date: 2025-03-09
  ✓ S1: DASH -0.12%, Portfolio: $5,968,368
  ✓ S2: Long DASH (-0.12%), Short BWA (-0.13%)
      Combined: -0.13%, Portfolio: $1,262,226

220/223: 2025-05-12: Added=COIN, Removed=DFS
  Holding Period End Date: 2025-05-13
  ✓ S1: COIN 23.97%, Portfolio: $7,399,255
    YFinance output for DFS: 1 Failed download:
['DFS']: YFTzMissingError('possibly delisted; no timezone found')
    Warning: No data found for DFS
  ✗ S2: Insufficient data for COIN/DFS

221/223: 2025-07-02: Added=DDOG, Removed=JNPR
  Holding Period End Date: 2025-07-03
  ✓ S1: DDOG 14.92%, Portfolio: $8,503,032
  ✗ S2: Insufficient data for DDOG/JNPR

222/223: 2025-07-14: Added=TTD, Removed=ANSS
  Holding Period End Date: 2025-07-15
  ✓ S1: TTD 6.59%, Portfolio: $9,063,288
  ✓ S2: Long TTD (6.59%), Short ANSS (-1.75%)
      Combined: 2.42%, Portfolio: $1,292,769

223/223: 2025-07-18: Added=XYZ, Removed=HES
  Holding Period End Date: 2025-07-20
  ✓ S1: XYZ 7.22%, Portfolio: $9,717,956
  ✗ S2: Insufficient data for XYZ/HES

============================================================
FINAL RESULTS
Strategy 1: 170 successful trades, Final: $9,717,956 (871.80%)
Strategy 2: 75 successful trades, Final: $1,292,769 (29.28%)
Completed: 2025-08-23 19:15:24
