S&P 500 Index Update Trading Strategy Analysis
Holding Period: 12 trading days
Date Range: 2015-07-02 to 2025-07-18
Timestamp: 2025-08-23 20:37:28
============================================================

1/223: 2015-07-02: Added=KHC, Removed=KRFT
  Holding Period End Date: 2015-07-21
  ✓ S1: KHC 9.95%, Portfolio: $1,099,507
    YFinance output for KRFT: 1 Failed download:
['KRFT']: YFPricesMissingError('possibly delisted; no price data found  (1d 2015-07-02 00:00:00 -> 2015-07-22)')
    Warning: No data found for KRFT
  ✗ S2: Insufficient data for KHC/KRFT

2/223: 2015-07-06: Added=AAP, Removed=FDO
  Holding Period End Date: 2015-07-22
  ✓ S1: AAP 2.94%, Portfolio: $1,131,802
    YFinance output for FDO: 1 Failed download:
['FDO']: YFPricesMissingError('possibly delisted; no price data found  (1d 2015-07-06 00:00:00 -> 2015-07-23)')
    Warning: No data found for FDO
  ✗ S2: Insufficient data for AAP/FDO

3/223: 2015-07-14: Added=PYPL, Removed=NE
  Holding Period End Date: 2015-07-30
  ✓ S1: PYPL 4.12%, Portfolio: $1,178,386
    YFinance output for NE: 1 Failed download:
['NE']: YFPricesMissingError('possibly delisted; no price data found  (1d 2015-07-14 00:00:00 -> 2015-07-31) (Yahoo error = "Data doesn\'t exist for startDate = 1436846400, endDate = 1438315200")')
    Warning: No data found for NE
  ✗ S2: Insufficient data for PYPL/NE

4/223: 2015-07-24: Added=SIG, Removed=DTV
  Holding Period End Date: 2015-08-11
  ✓ S1: SIG -0.69%, Portfolio: $1,170,278
    YFinance output for DTV: 1 Failed download:
['DTV']: YFTzMissingError('possibly delisted; no timezone found')
    Warning: No data found for DTV
  ✗ S2: Insufficient data for SIG/DTV

5/223: 2015-08-27: Added=ATVI, Removed=PLL
  Holding Period End Date: 2015-09-15
    YFinance output for ATVI: 1 Failed download:
['ATVI']: YFTzMissingError('possibly delisted; no timezone found')
    Warning: No data found for ATVI
  ✗ S1: Insufficient data for ATVI
    YFinance output for ATVI: 1 Failed download:
['ATVI']: YFTzMissingError('possibly delisted; no timezone found')
    Warning: No data found for ATVI
    YFinance output for PLL: 1 Failed download:
['PLL']: YFPricesMissingError('possibly delisted; no price data found  (1d 2015-08-27 00:00:00 -> 2015-09-16) (Yahoo error = "Data doesn\'t exist for startDate = 1440648000, endDate = 1442376000")')
    Warning: No data found for PLL
  ✗ S2: Insufficient data for ATVI/PLL

6/223: 2015-08-27: Added=UAL, Removed=HSP
  Holding Period End Date: 2015-09-15
  ✓ S1: UAL 7.35%, Portfolio: $1,256,250
    YFinance output for HSP: 1 Failed download:
['HSP']: YFPricesMissingError('possibly delisted; no price data found  (1d 2015-08-27 00:00:00 -> 2015-09-16)')
    Warning: No data found for HSP
  ✗ S2: Insufficient data for UAL/HSP

7/223: 2015-09-30: Added=VRSK, Removed=JOY
  Holding Period End Date: 2015-10-16
  ✓ S1: VRSK 7.60%, Portfolio: $1,351,773
    YFinance output for JOY: 1 Failed download:
['JOY']: YFPricesMissingError('possibly delisted; no price data found  (1d 2015-09-30 00:00:00 -> 2015-10-19)')
    Warning: No data found for JOY
  ✗ S2: Insufficient data for VRSK/JOY

8/223: 2015-10-27: Added=HPE, Removed=HCBK
  Holding Period End Date: 2015-11-12
  ✓ S1: HPE -12.91%, Portfolio: $1,177,323
    YFinance output for HCBK: 1 Failed download:
['HCBK']: YFPricesMissingError('possibly delisted; no price data found  (1d 2015-10-27 00:00:00 -> 2015-11-13)')
    Warning: No data found for HCBK
  ✗ S2: Insufficient data for HPE/HCBK

9/223: 2015-11-09: Added=SYF, Removed=GNW
  Holding Period End Date: 2015-11-25
  ✓ S1: SYF -3.04%, Portfolio: $1,141,482
  ✓ S2: Long SYF (-3.04%), Short GNW (-6.86%)
      Combined: -4.95%, Portfolio: $950,465

10/223: 2015-11-12: Added=ILMN, Removed=SIAL
  Holding Period End Date: 2015-12-01
  ✓ S1: ILMN 20.61%, Portfolio: $1,376,699
    YFinance output for SIAL: 1 Failed download:
['SIAL']: YFPricesMissingError('possibly delisted; no price data found  (1d 2015-11-12 00:00:00 -> 2015-12-02)')
    Warning: No data found for SIAL
  ✗ S2: Insufficient data for ILMN/SIAL

11/223: 2015-11-23: Added=CSRA, Removed=CSC
  Holding Period End Date: 2015-12-10
  ✓ S1: CSRA -12.05%, Portfolio: $1,210,816
  ✓ S2: Long CSRA (-12.05%), Short CSC (0.00%)
      Combined: -6.02%, Portfolio: $893,203

12/223: 2015-12-15: Added=nan, Removed=CMCSK
  Holding Period End Date: 2016-01-04

13/223: 2015-12-22: Added=CHD, Removed=ALTR
  Holding Period End Date: 2016-01-11
  ✓ S1: CHD -3.18%, Portfolio: $1,172,361
    YFinance output for ALTR: 1 Failed download:
['ALTR']: YFTzMissingError('possibly delisted; no timezone found')
    Warning: No data found for ALTR
  ✗ S2: Insufficient data for CHD/ALTR

14/223: 2015-12-28: Added=WLTW, Removed=FOSL
  Holding Period End Date: 2016-01-14
    YFinance output for WLTW: 1 Failed download:
['WLTW']: YFTzMissingError('possibly delisted; no timezone found')
    Warning: No data found for WLTW
  ✗ S1: Insufficient data for WLTW
    YFinance output for WLTW: 1 Failed download:
['WLTW']: YFTzMissingError('possibly delisted; no timezone found')
    Warning: No data found for WLTW
  ✗ S2: Insufficient data for WLTW/FOSL

15/223: 2016-01-13: Added=EXR, Removed=ACE
  Holding Period End Date: 2016-02-01
  ✓ S1: EXR -0.07%, Portfolio: $1,171,576
    YFinance output for ACE: 1 Failed download:
['ACE']: YFPricesMissingError('possibly delisted; no price data found  (1d 2016-01-13 00:00:00 -> 2016-02-02) (Yahoo error = "Data doesn\'t exist for startDate = 1452661200, endDate = 1454389200")')
    Warning: No data found for ACE
  ✗ S2: Insufficient data for EXR/ACE

16/223: 2016-01-22: Added=FRT, Removed=BRCM
  Holding Period End Date: 2016-02-09
  ✓ S1: FRT -2.34%, Portfolio: $1,144,136
    YFinance output for BRCM: 1 Failed download:
['BRCM']: YFPricesMissingError('possibly delisted; no price data found  (1d 2016-01-22 00:00:00 -> 2016-02-10)')
    Warning: No data found for BRCM
  ✗ S2: Insufficient data for FRT/BRCM

17/223: 2016-01-26: Added=CFG, Removed=PCP
  Holding Period End Date: 2016-02-11
  ✓ S1: CFG -10.16%, Portfolio: $1,027,845
    YFinance output for PCP: 1 Failed download:
['PCP']: YFPricesMissingError('possibly delisted; no price data found  (1d 2016-01-26 00:00:00 -> 2016-02-12) (Yahoo error = "Data doesn\'t exist for startDate = 1453784400, endDate = 1455253200")')
    Warning: No data found for PCP
  ✗ S2: Insufficient data for CFG/PCP

18/223: 2016-02-16: Added=CXO, Removed=PCL
  Holding Period End Date: 2016-03-03
    YFinance output for CXO: 1 Failed download:
['CXO']: YFTzMissingError('possibly delisted; no timezone found')
    Warning: No data found for CXO
  ✗ S1: Insufficient data for CXO
    YFinance output for CXO: 1 Failed download:
['CXO']: YFTzMissingError('possibly delisted; no timezone found')
    Warning: No data found for CXO
    YFinance output for PCL: 1 Failed download:
['PCL']: YFPricesMissingError('possibly delisted; no price data found  (1d 2016-02-16 00:00:00 -> 2016-03-04) (Yahoo error = "Data doesn\'t exist for startDate = 1455598800, endDate = 1457067600")')
    Warning: No data found for PCL
  ✗ S2: Insufficient data for CXO/PCL

19/223: 2016-03-01: Added=AWK, Removed=CNX
  Holding Period End Date: 2016-03-17
  ✓ S1: AWK 7.15%, Portfolio: $1,101,353
  ✓ S2: Long AWK (7.15%), Short CNX (-23.95%)
      Combined: -8.40%, Portfolio: $818,183

20/223: 2016-03-04: Added=UDR, Removed=GMCR
  Holding Period End Date: 2016-03-22
  ✓ S1: UDR 7.80%, Portfolio: $1,187,218
    YFinance output for GMCR: 1 Failed download:
['GMCR']: YFPricesMissingError('possibly delisted; no price data found  (1d 2016-03-04 00:00:00 -> 2016-03-23)')
    Warning: No data found for GMCR
  ✗ S2: Insufficient data for UDR/GMCR

21/223: 2016-03-24: Added=CNC, Removed=ESV
  Holding Period End Date: 2016-04-12
  ✓ S1: CNC -7.43%, Portfolio: $1,098,959
    YFinance output for ESV: 1 Failed download:
['ESV']: YFTzMissingError('possibly delisted; no timezone found')
    Warning: No data found for ESV
  ✗ S2: Insufficient data for CNC/ESV

22/223: 2016-03-24: Added=HOLX, Removed=POM
  Holding Period End Date: 2016-04-12
  ✓ S1: HOLX 2.56%, Portfolio: $1,127,113
    YFinance output for POM: 1 Failed download:
['POM']: YFPricesMissingError('possibly delisted; no price data found  (1d 2016-03-24 00:00:00 -> 2016-04-13)')
    Warning: No data found for POM
  ✗ S2: Insufficient data for HOLX/POM

23/223: 2016-03-28: Added=FL, Removed=CAM
  Holding Period End Date: 2016-04-13
  ✓ S1: FL -4.52%, Portfolio: $1,076,210
    YFinance output for CAM: 1 Failed download:
['CAM']: YFPricesMissingError('possibly delisted; no price data found  (1d 2016-03-28 00:00:00 -> 2016-04-14)')
    Warning: No data found for CAM
  ✗ S2: Insufficient data for FL/CAM

24/223: 2016-04-07: Added=ULTA, Removed=THC
  Holding Period End Date: 2016-04-25
  ✓ S1: ULTA 6.83%, Portfolio: $1,149,669
  ✓ S2: Long ULTA (6.83%), Short THC (-9.89%)
      Combined: -1.53%, Portfolio: $805,662

25/223: 2016-04-19: Added=GPN, Removed=GME
  Holding Period End Date: 2016-05-05
  ✓ S1: GPN -5.60%, Portfolio: $1,085,281
  ✓ S2: Long GPN (-5.60%), Short GME (7.77%)
      Combined: 1.09%, Portfolio: $814,407

26/223: 2016-04-26: Added=AYI, Removed=ADT
  Holding Period End Date: 2016-05-12
  ✓ S1: AYI -1.73%, Portfolio: $1,066,536
    YFinance output for ADT: 1 Failed download:
['ADT']: YFPricesMissingError('possibly delisted; no price data found  (1d 2016-04-26 00:00:00 -> 2016-05-13) (Yahoo error = "Data doesn\'t exist for startDate = 1461643200, endDate = 1463112000")')
    Warning: No data found for ADT
  ✗ S2: Insufficient data for AYI/ADT

27/223: 2016-05-10: Added=ALK, Removed=SNDK
  Holding Period End Date: 2016-05-26
  ✓ S1: ALK -4.20%, Portfolio: $1,021,760
    YFinance output for SNDK: 1 Failed download:
['SNDK']: YFPricesMissingError('possibly delisted; no price data found  (1d 2016-05-10 00:00:00 -> 2016-05-27) (Yahoo error = "Data doesn\'t exist for startDate = 1462852800, endDate = 1464321600")')
    Warning: No data found for SNDK
  ✗ S2: Insufficient data for ALK/SNDK

28/223: 2016-05-13: Added=DLR, Removed=TWC
  Holding Period End Date: 2016-06-01
  ✓ S1: DLR 1.26%, Portfolio: $1,034,640
    YFinance output for TWC: 1 Failed download:
['TWC']: YFPricesMissingError('possibly delisted; no price data found  (1d 2016-05-13 00:00:00 -> 2016-06-02)')
    Warning: No data found for TWC
  ✗ S2: Insufficient data for DLR/TWC

29/223: 2016-05-18: Added=LKQ, Removed=ARG
  Holding Period End Date: 2016-06-06
  ✓ S1: LKQ 1.59%, Portfolio: $1,051,135
    YFinance output for ARG: 1 Failed download:
['ARG']: YFPricesMissingError('possibly delisted; no price data found  (1d 2016-05-18 00:00:00 -> 2016-06-07) (Yahoo error = "Data doesn\'t exist for startDate = 1463544000, endDate = 1465272000")')
    Warning: No data found for ARG
  ✗ S2: Insufficient data for LKQ/ARG

30/223: 2016-05-24: Added=AJG, Removed=CCE
  Holding Period End Date: 2016-06-10
  ✓ S1: AJG 0.58%, Portfolio: $1,057,263
    YFinance output for CCE: 1 Failed download:
['CCE']: YFPricesMissingError('possibly delisted; no price data found  (1d 2016-05-24 00:00:00 -> 2016-06-13)')
    Warning: No data found for CCE
  ✗ S2: Insufficient data for AJG/CCE

31/223: 2016-05-27: Added=TDG, Removed=BXLT
  Holding Period End Date: 2016-06-15
  ✓ S1: TDG 1.44%, Portfolio: $1,072,463
    YFinance output for BXLT: 1 Failed download:
['BXLT']: YFPricesMissingError('possibly delisted; no price data found  (1d 2016-05-27 00:00:00 -> 2016-06-16)')
    Warning: No data found for BXLT
  ✗ S2: Insufficient data for TDG/BXLT

32/223: 2016-06-21: Added=FBHS, Removed=CVC
  Holding Period End Date: 2016-07-08
    YFinance output for FBHS: 1 Failed download:
['FBHS']: YFTzMissingError('possibly delisted; no timezone found')
    Warning: No data found for FBHS
  ✗ S1: Insufficient data for FBHS
    YFinance output for FBHS: 1 Failed download:
['FBHS']: YFTzMissingError('possibly delisted; no timezone found')
    Warning: No data found for FBHS
    YFinance output for CVC: 1 Failed download:
['CVC']: YFPricesMissingError('possibly delisted; no price data found  (1d 2016-06-21 00:00:00 -> 2016-07-11)')
    Warning: No data found for CVC
  ✗ S2: Insufficient data for FBHS/CVC

33/223: 2016-06-23: Added=FTV, Removed=CPGX
  Holding Period End Date: 2016-07-12
  ✓ S1: FTV 4.05%, Portfolio: $1,115,935
    YFinance output for CPGX: 1 Failed download:
['CPGX']: YFPricesMissingError('possibly delisted; no price data found  (1d 2016-06-23 00:00:00 -> 2016-07-13)')
    Warning: No data found for CPGX
  ✗ S2: Insufficient data for FTV/CPGX

34/223: 2016-06-23: Added=ALB, Removed=TE
  Holding Period End Date: 2016-07-12
  ✓ S1: ALB 0.97%, Portfolio: $1,126,777
    YFinance output for TE: 1 Failed download:
['TE']: YFPricesMissingError('possibly delisted; no price data found  (1d 2016-06-23 00:00:00 -> 2016-07-13) (Yahoo error = "Data doesn\'t exist for startDate = 1466654400, endDate = 1468382400")')
    Warning: No data found for TE
  ✗ S2: Insufficient data for ALB/TE

35/223: 2016-06-29: Added=LNT, Removed=GAS
  Holding Period End Date: 2016-07-18
  ✓ S1: LNT -0.63%, Portfolio: $1,119,703
  ✓ S2: Long LNT (-0.63%), Short GAS (-4.62%)
      Combined: -2.62%, Portfolio: $793,057

36/223: 2016-08-25: Added=MTD, Removed=TYC
  Holding Period End Date: 2016-09-13
  ✓ S1: MTD -2.56%, Portfolio: $1,091,062
    YFinance output for TYC: 1 Failed download:
['TYC']: YFPricesMissingError('possibly delisted; no price data found  (1d 2016-08-25 00:00:00 -> 2016-09-14)')
    Warning: No data found for TYC
  ✗ S2: Insufficient data for MTD/TYC

37/223: 2016-08-31: Added=CHTR, Removed=EMC
  Holding Period End Date: 2016-09-19
  ✓ S1: CHTR 2.22%, Portfolio: $1,115,326
    YFinance output for EMC: 1 Failed download:
['EMC']: YFPricesMissingError('possibly delisted; no price data found  (1d 2016-08-31 00:00:00 -> 2016-09-20) (Yahoo error = "Data doesn\'t exist for startDate = 1472616000, endDate = 1474344000")')
    Warning: No data found for EMC
  ✗ S2: Insufficient data for CHTR/EMC

38/223: 2016-09-10: Added=COO, Removed=HOT
  Holding Period End Date: 2016-09-28
  ✓ S1: COO -4.21%, Portfolio: $1,068,381
  ✓ S2: Long COO (-4.21%), Short HOT (-2.50%)
      Combined: -3.36%, Portfolio: $766,444

39/223: 2016-09-27: Added=COTY, Removed=DO
  Holding Period End Date: 2016-10-13
  ✓ S1: COTY 0.13%, Portfolio: $1,069,748
    YFinance output for DO: 1 Failed download:
['DO']: YFTzMissingError('possibly delisted; no timezone found')
    Warning: No data found for DO
  ✗ S2: Insufficient data for COTY/DO

40/223: 2016-11-29: Added=MAA, Removed=OI
  Holding Period End Date: 2016-12-15
  ✓ S1: MAA 1.76%, Portfolio: $1,088,564
  ✓ S2: Long MAA (1.76%), Short OI (3.02%)
      Combined: 2.39%, Portfolio: $784,744

41/223: 2016-11-29: Added=EVHC, Removed=LM
  Holding Period End Date: 2016-12-15
  ✓ S1: EVHC -2.26%, Portfolio: $1,064,007
    YFinance output for LM: 1 Failed download:
['LM']: YFTzMissingError('possibly delisted; no timezone found')
    Warning: No data found for LM
  ✗ S2: Insufficient data for EVHC/LM

42/223: 2017-01-03: Added=IDXX, Removed=STJ
  Holding Period End Date: 2017-01-20
  ✓ S1: IDXX 1.09%, Portfolio: $1,075,588
    YFinance output for STJ: 1 Failed download:
['STJ']: YFPricesMissingError('possibly delisted; no price data found  (1d 2017-01-03 00:00:00 -> 2017-01-23)')
    Warning: No data found for STJ
  ✗ S2: Insufficient data for IDXX/STJ

43/223: 2017-02-23: Added=INCY, Removed=SE
  Holding Period End Date: 2017-03-13
  ✓ S1: INCY 23.85%, Portfolio: $1,332,071
    YFinance output for SE: 1 Failed download:
['SE']: YFPricesMissingError('possibly delisted; no price data found  (1d 2017-02-23 00:00:00 -> 2017-03-14) (Yahoo error = "Data doesn\'t exist for startDate = 1487826000, endDate = 1489464000")')
    Warning: No data found for SE
  ✗ S2: Insufficient data for INCY/SE

44/223: 2017-02-23: Added=CBOE, Removed=PBI
  Holding Period End Date: 2017-03-13
  ✓ S1: CBOE 0.31%, Portfolio: $1,336,186
  ✓ S2: Long CBOE (0.31%), Short PBI (2.60%)
      Combined: 1.45%, Portfolio: $796,159

45/223: 2017-02-23: Added=REG, Removed=ENDP
  Holding Period End Date: 2017-03-13
  ✓ S1: REG -10.19%, Portfolio: $1,200,024
    YFinance output for ENDP: 1 Failed download:
['ENDP']: YFTzMissingError('possibly delisted; no timezone found')
    Warning: No data found for ENDP
  ✗ S2: Insufficient data for REG/ENDP

46/223: 2017-03-06: Added=DISH, Removed=LLTC
  Holding Period End Date: 2017-03-22
    YFinance output for DISH: 1 Failed download:
['DISH']: YFTzMissingError('possibly delisted; no timezone found')
    Warning: No data found for DISH
  ✗ S1: Insufficient data for DISH
    YFinance output for DISH: 1 Failed download:
['DISH']: YFTzMissingError('possibly delisted; no timezone found')
    Warning: No data found for DISH
    YFinance output for LLTC: 1 Failed download:
['LLTC']: YFPricesMissingError('possibly delisted; no price data found  (1d 2017-03-06 00:00:00 -> 2017-03-23)')
    Warning: No data found for LLTC
  ✗ S2: Insufficient data for DISH/LLTC

47/223: 2017-03-10: Added=ARE, Removed=FSLR
  Holding Period End Date: 2017-03-28
  ✓ S1: ARE 1.71%, Portfolio: $1,220,538
  ✓ S2: Long ARE (1.71%), Short FSLR (14.57%)
      Combined: 8.14%, Portfolio: $860,958

48/223: 2017-03-10: Added=RJF, Removed=FTR
  Holding Period End Date: 2017-03-28
  ✓ S1: RJF -5.28%, Portfolio: $1,156,048
    YFinance output for FTR: 1 Failed download:
['FTR']: YFTzMissingError('possibly delisted; no timezone found')
    Warning: No data found for FTR
  ✗ S2: Insufficient data for RJF/FTR

49/223: 2017-03-10: Added=AMD, Removed=URBN
  Holding Period End Date: 2017-03-28
  ✓ S1: AMD -1.58%, Portfolio: $1,137,764
  ✓ S2: Long AMD (-1.58%), Short URBN (7.79%)
      Combined: 3.11%, Portfolio: $887,703

50/223: 2017-03-13: Added=SNPS, Removed=HAR
  Holding Period End Date: 2017-03-29
  ✓ S1: SNPS 0.22%, Portfolio: $1,140,289
  ✓ S2: Long SNPS (0.22%), Short HAR (-7.02%)
      Combined: -3.40%, Portfolio: $857,518

51/223: 2017-03-28: Added=DXC, Removed=SWN
  Holding Period End Date: 2017-04-13
  ✓ S1: DXC 10.77%, Portfolio: $1,263,117
    YFinance output for SWN: 1 Failed download:
['SWN']: YFTzMissingError('possibly delisted; no timezone found')
    Warning: No data found for SWN
  ✗ S2: Insufficient data for DXC/SWN

52/223: 2017-03-29: Added=IT, Removed=DNB
  Holding Period End Date: 2017-04-17
  ✓ S1: IT 2.06%, Portfolio: $1,289,170
    YFinance output for DNB: 1 Failed download:
['DNB']: YFPricesMissingError('possibly delisted; no price data found  (1d 2017-03-29 00:00:00 -> 2017-04-18) (Yahoo error = "Data doesn\'t exist for startDate = 1490760000, endDate = 1492488000")')
    Warning: No data found for DNB
  ✗ S2: Insufficient data for IT/DNB

53/223: 2017-05-24: Added=INFO, Removed=TGNA
  Holding Period End Date: 2017-06-12
    YFinance output for INFO: 1 Failed download:
['INFO']: YFPricesMissingError('possibly delisted; no price data found  (1d 2017-05-24 00:00:00 -> 2017-06-13) (Yahoo error = "Data doesn\'t exist for startDate = 1495598400, endDate = 1497326400")')
    Warning: No data found for INFO
  ✗ S1: Insufficient data for INFO
    YFinance output for INFO: 1 Failed download:
['INFO']: YFPricesMissingError('possibly delisted; no price data found  (1d 2017-05-24 00:00:00 -> 2017-06-13) (Yahoo error = "Data doesn\'t exist for startDate = 1495598400, endDate = 1497326400")')
    Warning: No data found for INFO
  ✗ S2: Insufficient data for INFO/TGNA

54/223: 2017-06-09: Added=ANSS, Removed=R
  Holding Period End Date: 2017-06-27
  ✓ S1: ANSS -2.61%, Portfolio: $1,255,523
  ✓ S2: Long ANSS (-2.61%), Short R (-5.98%)
      Combined: -4.29%, Portfolio: $820,701

55/223: 2017-06-09: Added=ALGN, Removed=TDC
  Holding Period End Date: 2017-06-27
  ✓ S1: ALGN 0.33%, Portfolio: $1,259,656
  ✓ S2: Long ALGN (0.33%), Short TDC (-5.64%)
      Combined: -2.66%, Portfolio: $798,900

56/223: 2017-06-09: Added=HLT, Removed=YHOO
  Holding Period End Date: 2017-06-27
  ✓ S1: HLT -2.01%, Portfolio: $1,234,365
    YFinance output for YHOO: 1 Failed download:
['YHOO']: YFTzMissingError('possibly delisted; no timezone found')
    Warning: No data found for YHOO
  ✗ S2: Insufficient data for HLT/YHOO

57/223: 2017-06-12: Added=RE, Removed=MJN
  Holding Period End Date: 2017-06-28
    YFinance output for RE: 1 Failed download:
['RE']: YFTzMissingError('possibly delisted; no timezone found')
    Warning: No data found for RE
  ✗ S1: Insufficient data for RE
    YFinance output for RE: 1 Failed download:
['RE']: YFTzMissingError('possibly delisted; no timezone found')
    Warning: No data found for RE
    YFinance output for MJN: 1 Failed download:
['MJN']: YFPricesMissingError('possibly delisted; no price data found  (1d 2017-06-12 00:00:00 -> 2017-06-29)')
    Warning: No data found for MJN
  ✗ S2: Insufficient data for RE/MJN

58/223: 2017-06-30: Added=BKR, Removed=BHI
  Holding Period End Date: 2017-07-19
  ✓ S1: BKR -3.77%, Portfolio: $1,187,822
    YFinance output for BHI: 1 Failed download:
['BHI']: YFPricesMissingError('possibly delisted; no price data found  (1d 2017-06-30 00:00:00 -> 2017-07-20) (Yahoo error = "Data doesn\'t exist for startDate = 1498795200, endDate = 1500523200")')
    Warning: No data found for BHI
  ✗ S2: Insufficient data for BKR/BHI

59/223: 2017-07-19: Added=MGM, Removed=RAI
  Holding Period End Date: 2017-08-04
  ✓ S1: MGM -3.05%, Portfolio: $1,151,597
    YFinance output for RAI: 1 Failed download:
['RAI']: YFPricesMissingError('possibly delisted; no price data found  (1d 2017-07-19 00:00:00 -> 2017-08-07)')
    Warning: No data found for RAI
  ✗ S2: Insufficient data for MGM/RAI

60/223: 2017-07-19: Added=RMD, Removed=MNK
  Holding Period End Date: 2017-08-04
  ✓ S1: RMD -3.80%, Portfolio: $1,107,781
    YFinance output for MNK: 1 Failed download:
['MNK']: YFTzMissingError('possibly delisted; no timezone found')
    Warning: No data found for MNK
  ✗ S2: Insufficient data for RMD/MNK

61/223: 2017-07-19: Added=PKG, Removed=MUR
  Holding Period End Date: 2017-08-04
  ✓ S1: PKG -2.85%, Portfolio: $1,076,210
  ✓ S2: Long PKG (-2.85%), Short MUR (-0.38%)
      Combined: -1.61%, Portfolio: $786,004

62/223: 2017-07-19: Added=AOS, Removed=BBBY
  Holding Period End Date: 2017-08-04
  ✓ S1: AOS -4.36%, Portfolio: $1,029,338
    YFinance output for BBBY: 1 Failed download:
['BBBY']: YFTzMissingError('possibly delisted; no timezone found')
    Warning: No data found for BBBY
  ✗ S2: Insufficient data for AOS/BBBY

63/223: 2017-07-19: Added=DRE, Removed=RIG
  Holding Period End Date: 2017-08-04
    YFinance output for DRE: 1 Failed download:
['DRE']: YFTzMissingError('possibly delisted; no timezone found')
    Warning: No data found for DRE
  ✗ S1: Insufficient data for DRE
    YFinance output for DRE: 1 Failed download:
['DRE']: YFTzMissingError('possibly delisted; no timezone found')
    Warning: No data found for DRE
  ✗ S2: Insufficient data for DRE/RIG

64/223: 2017-07-31: Added=BHF, Removed=AN
  Holding Period End Date: 2017-08-16
  ✓ S1: BHF -12.88%, Portfolio: $896,772
  ✓ S2: Long BHF (-12.88%), Short AN (1.05%)
      Combined: -5.91%, Portfolio: $739,513

65/223: 2017-08-24: Added=Q, Removed=WFM
  Holding Period End Date: 2017-09-12
    YFinance output for Q: 1 Failed download:
['Q']: YFPricesMissingError('possibly delisted; no price data found  (1d 2017-08-24 00:00:00 -> 2017-09-13)')
    Warning: No data found for Q
  ✗ S1: Insufficient data for Q
    YFinance output for Q: 1 Failed download:
['Q']: YFPricesMissingError('possibly delisted; no price data found  (1d 2017-08-24 00:00:00 -> 2017-09-13)')
    Warning: No data found for Q
    YFinance output for WFM: 1 Failed download:
['WFM']: YFPricesMissingError('possibly delisted; no price data found  (1d 2017-08-24 00:00:00 -> 2017-09-13)')
    Warning: No data found for WFM
  ✗ S2: Insufficient data for Q/WFM

66/223: 2017-08-24: Added=SBAC, Removed=DD
  Holding Period End Date: 2017-09-12
  ✓ S1: SBAC 1.12%, Portfolio: $906,825
  ✓ S2: Long SBAC (1.12%), Short DD (-6.09%)
      Combined: -2.48%, Portfolio: $721,156

67/223: 2017-08-24: Added=DWDP, Removed=DOW
  Holding Period End Date: 2017-09-12
    YFinance output for DWDP: 1 Failed download:
['DWDP']: YFTzMissingError('possibly delisted; no timezone found')
    Warning: No data found for DWDP
  ✗ S1: Insufficient data for DWDP
    YFinance output for DWDP: 1 Failed download:
['DWDP']: YFTzMissingError('possibly delisted; no timezone found')
    Warning: No data found for DWDP
    YFinance output for DOW: 1 Failed download:
['DOW']: YFPricesMissingError('possibly delisted; no price data found  (1d 2017-08-24 00:00:00 -> 2017-09-13) (Yahoo error = "Data doesn\'t exist for startDate = 1503547200, endDate = 1505275200")')
    Warning: No data found for DOW
  ✗ S2: Insufficient data for DWDP/DOW

68/223: 2017-08-24: Added=CDNS, Removed=SPLS
  Holding Period End Date: 2017-09-12
  ✓ S1: CDNS 1.00%, Portfolio: $915,849
    YFinance output for SPLS: 1 Failed download:
['SPLS']: YFPricesMissingError('possibly delisted; no price data found  (1d 2017-08-24 00:00:00 -> 2017-09-13)')
    Warning: No data found for SPLS
  ✗ S2: Insufficient data for CDNS/SPLS

69/223: 2017-10-04: Added=NCLH, Removed=LVLT
  Holding Period End Date: 2017-10-20
  ✓ S1: NCLH -4.02%, Portfolio: $879,039
    YFinance output for LVLT: 1 Failed download:
['LVLT']: YFPricesMissingError('possibly delisted; no price data found  (1d 2017-10-04 00:00:00 -> 2017-10-23)')
    Warning: No data found for LVLT
  ✗ S2: Insufficient data for NCLH/LVLT

70/223: 2017-12-28: Added=HII, Removed=BCR
  Holding Period End Date: 2018-01-17
  ✓ S1: HII -0.92%, Portfolio: $870,926
    YFinance output for BCR: 1 Failed download:
['BCR']: YFPricesMissingError('possibly delisted; no price data found  (1d 2017-12-28 00:00:00 -> 2018-01-18)')
    Warning: No data found for BCR
  ✗ S2: Insufficient data for HII/BCR

71/223: 2018-03-02: Added=IPGP, Removed=SNI
  Holding Period End Date: 2018-03-20
  ✓ S1: IPGP 3.20%, Portfolio: $898,782
    YFinance output for SNI: 1 Failed download:
['SNI']: YFPricesMissingError('possibly delisted; no price data found  (1d 2018-03-02 00:00:00 -> 2018-03-21)')
    Warning: No data found for SNI
  ✗ S2: Insufficient data for IPGP/SNI

72/223: 2018-03-09: Added=TTWO, Removed=SIG
  Holding Period End Date: 2018-03-27
  ✓ S1: TTWO -15.92%, Portfolio: $755,652
  ✓ S2: Long TTWO (-15.92%), Short SIG (28.75%)
      Combined: 6.41%, Portfolio: $767,408

73/223: 2018-03-09: Added=NKTR, Removed=CHK
  Holding Period End Date: 2018-03-27
  ✓ S1: NKTR -3.54%, Portfolio: $728,939
    YFinance output for CHK: 1 Failed download:
['CHK']: YFTzMissingError('possibly delisted; no timezone found')
    Warning: No data found for CHK
  ✗ S2: Insufficient data for NKTR/CHK

74/223: 2018-03-09: Added=SIVB, Removed=PDCO
  Holding Period End Date: 2018-03-27
    YFinance output for SIVB: 1 Failed download:
['SIVB']: YFTzMissingError('possibly delisted; no timezone found')
    Warning: No data found for SIVB
  ✗ S1: Insufficient data for SIVB
    YFinance output for SIVB: 1 Failed download:
['SIVB']: YFTzMissingError('possibly delisted; no timezone found')
    Warning: No data found for SIVB
    YFinance output for PDCO: 1 Failed download:
['PDCO']: YFTzMissingError('possibly delisted; no timezone found')
    Warning: No data found for PDCO
  ✗ S2: Insufficient data for SIVB/PDCO

75/223: 2018-03-28: Added=MSCI, Removed=CSRA
  Holding Period End Date: 2018-04-16
  ✓ S1: MSCI -0.91%, Portfolio: $722,305
  ✓ S2: Long MSCI (-0.91%), Short CSRA (0.00%)
      Combined: -0.46%, Portfolio: $763,916

76/223: 2018-05-25: Added=ABMD, Removed=WYN
  Holding Period End Date: 2018-06-13
    YFinance output for ABMD: 1 Failed download:
['ABMD']: YFTzMissingError('possibly delisted; no timezone found')
    Warning: No data found for ABMD
  ✗ S1: Insufficient data for ABMD
    YFinance output for ABMD: 1 Failed download:
['ABMD']: YFTzMissingError('possibly delisted; no timezone found')
    Warning: No data found for ABMD
    YFinance output for WYN: 1 Failed download:
['WYN']: YFPricesMissingError('possibly delisted; no price data found  (1d 2018-05-25 00:00:00 -> 2018-06-14)')
    Warning: No data found for WYN
  ✗ S2: Insufficient data for ABMD/WYN

77/223: 2018-05-31: Added=EVRG, Removed=NAVI
  Holding Period End Date: 2018-06-18
  ✓ S1: EVRG -6.65%, Portfolio: $674,279
  ✓ S2: Long EVRG (-6.65%), Short NAVI (3.68%)
      Combined: -1.49%, Portfolio: $752,570

78/223: 2018-06-04: Added=TWTR, Removed=MON
  Holding Period End Date: 2018-06-20
    YFinance output for TWTR: 1 Failed download:
['TWTR']: YFTzMissingError('possibly delisted; no timezone found')
    Warning: No data found for TWTR
  ✗ S1: Insufficient data for TWTR
    YFinance output for TWTR: 1 Failed download:
['TWTR']: YFTzMissingError('possibly delisted; no timezone found')
    Warning: No data found for TWTR
    YFinance output for MON: 1 Failed download:
['MON']: YFTzMissingError('possibly delisted; no timezone found')
    Warning: No data found for MON
  ✗ S2: Insufficient data for TWTR/MON

79/223: 2018-06-08: Added=HFC, Removed=AYI
  Holding Period End Date: 2018-06-26
    YFinance output for HFC: 1 Failed download:
['HFC']: YFTzMissingError('possibly delisted; no timezone found')
    Warning: No data found for HFC
  ✗ S1: Insufficient data for HFC
    YFinance output for HFC: 1 Failed download:
['HFC']: YFTzMissingError('possibly delisted; no timezone found')
    Warning: No data found for HFC
  ✗ S2: Insufficient data for HFC/AYI

80/223: 2018-06-08: Added=BR, Removed=RRC
  Holding Period End Date: 2018-06-26
  ✓ S1: BR -3.41%, Portfolio: $651,316
  ✓ S2: Long BR (-3.41%), Short RRC (-5.59%)
      Combined: -4.50%, Portfolio: $718,731

81/223: 2018-06-15: Added=FLT, Removed=TWX
  Holding Period End Date: 2018-07-03
    YFinance output for FLT: 1 Failed download:
['FLT']: YFTzMissingError('possibly delisted; no timezone found')
    Warning: No data found for FLT
  ✗ S1: Insufficient data for FLT
    YFinance output for FLT: 1 Failed download:
['FLT']: YFTzMissingError('possibly delisted; no timezone found')
    Warning: No data found for FLT
  ✗ S2: Insufficient data for FLT/TWX

82/223: 2018-06-25: Added=CPRT, Removed=DPS
  Holding Period End Date: 2018-07-12
  ✓ S1: CPRT 0.99%, Portfolio: $657,796
    YFinance output for DPS: 1 Failed download:
['DPS']: YFPricesMissingError('possibly delisted; no price data found  (1d 2018-06-25 00:00:00 -> 2018-07-13)')
    Warning: No data found for DPS
  ✗ S2: Insufficient data for CPRT/DPS

83/223: 2018-08-23: Added=ANET, Removed=GGP
  Holding Period End Date: 2018-09-11
  ✓ S1: ANET -5.45%, Portfolio: $621,951
    YFinance output for GGP: 1 Failed download:
['GGP']: YFPricesMissingError('possibly delisted; no price data found  (1d 2018-08-23 00:00:00 -> 2018-09-12)')
    Warning: No data found for GGP
  ✗ S2: Insufficient data for ANET/GGP

84/223: 2018-09-11: Added=WCG, Removed=XL
  Holding Period End Date: 2018-09-27
    YFinance output for WCG: 1 Failed download:
['WCG']: YFTzMissingError('possibly delisted; no timezone found')
    Warning: No data found for WCG
  ✗ S1: Insufficient data for WCG
    YFinance output for WCG: 1 Failed download:
['WCG']: YFTzMissingError('possibly delisted; no timezone found')
    Warning: No data found for WCG
    YFinance output for XL: 1 Failed download:
['XL']: YFTzMissingError('possibly delisted; no timezone found')
    Warning: No data found for XL
  ✗ S2: Insufficient data for WCG/XL

85/223: 2018-09-25: Added=ROL, Removed=ANDV
  Holding Period End Date: 2018-10-11
  ✓ S1: ROL -11.09%, Portfolio: $552,967
  ✓ S2: Long ROL (-11.09%), Short ANDV (2.47%)
      Combined: -4.31%, Portfolio: $687,744

86/223: 2018-10-04: Added=FTNT, Removed=EVHC
  Holding Period End Date: 2018-10-22
  ✓ S1: FTNT -7.11%, Portfolio: $513,642
  ✓ S2: Long FTNT (-7.11%), Short EVHC (-0.13%)
      Combined: -3.62%, Portfolio: $662,841

87/223: 2018-10-30: Added=KEYS, Removed=CA
  Holding Period End Date: 2018-11-15
  ✓ S1: KEYS 2.80%, Portfolio: $528,027
    YFinance output for CA: 1 Failed download:
['CA']: YFPricesMissingError('possibly delisted; no price data found  (1d 2018-10-30 00:00:00 -> 2018-11-16) (Yahoo error = "Data doesn\'t exist for startDate = 1540872000, endDate = 1542344400")')
    Warning: No data found for CA
  ✗ S2: Insufficient data for KEYS/CA

88/223: 2018-11-07: Added=JKHY, Removed=EQT
  Holding Period End Date: 2018-11-26
  ✓ S1: JKHY -6.51%, Portfolio: $493,677
  ✓ S2: Long JKHY (-6.51%), Short EQT (-0.60%)
      Combined: -3.55%, Portfolio: $639,300

89/223: 2018-11-26: Added=FANG, Removed=SRCL
  Holding Period End Date: 2018-12-13
  ✓ S1: FANG -11.88%, Portfolio: $435,010
    YFinance output for SRCL: 1 Failed download:
['SRCL']: YFTzMissingError('possibly delisted; no timezone found')
    Warning: No data found for SRCL
  ✗ S2: Insufficient data for FANG/SRCL

90/223: 2018-11-26: Added=MXIM, Removed=AET
  Holding Period End Date: 2018-12-13
    YFinance output for MXIM: 1 Failed download:
['MXIM']: YFTzMissingError('possibly delisted; no timezone found')
    Warning: No data found for MXIM
  ✗ S1: Insufficient data for MXIM
    YFinance output for MXIM: 1 Failed download:
['MXIM']: YFTzMissingError('possibly delisted; no timezone found')
    Warning: No data found for MXIM
  ✗ S2: Insufficient data for MXIM/AET

91/223: 2018-11-26: Added=LW, Removed=COL
  Holding Period End Date: 2018-12-13
  ✓ S1: LW -3.33%, Portfolio: $420,505
  ✓ S2: Long LW (-3.33%), Short COL (0.00%)
      Combined: -1.67%, Portfolio: $628,641

92/223: 2018-12-27: Added=CE, Removed=ESRX
  Holding Period End Date: 2019-01-15
  ✓ S1: CE 4.85%, Portfolio: $440,915
    YFinance output for ESRX: 1 Failed download:
['ESRX']: YFPricesMissingError('possibly delisted; no price data found  (1d 2018-12-27 00:00:00 -> 2019-01-16)')
    Warning: No data found for ESRX
  ✗ S2: Insufficient data for CE/ESRX

93/223: 2018-12-27: Added=FRC, Removed=SCG
  Holding Period End Date: 2019-01-15
    YFinance output for FRC: 1 Failed download:
['FRC']: YFTzMissingError('possibly delisted; no timezone found')
    Warning: No data found for FRC
  ✗ S1: Insufficient data for FRC
    YFinance output for FRC: 1 Failed download:
['FRC']: YFTzMissingError('possibly delisted; no timezone found')
    Warning: No data found for FRC
  ✗ S2: Insufficient data for FRC/SCG

94/223: 2019-01-15: Added=TFX, Removed=PCG
  Holding Period End Date: 2019-02-01
  ✓ S1: TFX 6.09%, Portfolio: $467,754
  ✓ S2: Long TFX (6.09%), Short PCG (-47.17%)
      Combined: -20.54%, Portfolio: $499,505

95/223: 2019-02-08: Added=ATO, Removed=NFX
  Holding Period End Date: 2019-02-27
  ✓ S1: ATO 1.45%, Portfolio: $474,517
  ✓ S2: Long ATO (1.45%), Short NFX (-4.51%)
      Combined: -1.53%, Portfolio: $491,850

96/223: 2019-02-21: Added=WAB, Removed=GT
  Holding Period End Date: 2019-03-11
  ✓ S1: WAB -3.36%, Portfolio: $458,588
  ✓ S2: Long WAB (-3.36%), Short GT (8.06%)
      Combined: 2.35%, Portfolio: $503,418

97/223: 2019-03-14: Added=FOXA, Removed=FOXA
  Holding Period End Date: 2019-04-01
  ✓ S1: FOXA -9.35%, Portfolio: $415,719
  ✓ S2: Long FOXA (-9.35%), Short FOXA (10.31%)
      Combined: 0.48%, Portfolio: $505,845

98/223: 2019-03-14: Added=FOX, Removed=FOX
  Holding Period End Date: 2019-04-01
  ✓ S1: FOX -9.53%, Portfolio: $376,082
  ✓ S2: Long FOX (-9.53%), Short FOX (10.54%)
      Combined: 0.50%, Portfolio: $508,386

99/223: 2019-03-26: Added=DOW, Removed=BHF
  Holding Period End Date: 2019-04-11
  ✓ S1: DOW 12.36%, Portfolio: $422,582
  ✓ S2: Long DOW (12.36%), Short BHF (-8.96%)
      Combined: 1.70%, Portfolio: $517,052

100/223: 2019-05-28: Added=CTVA, Removed=FLR
  Holding Period End Date: 2019-06-13
  ✓ S1: CTVA -13.19%, Portfolio: $366,830
  ✓ S2: Long CTVA (-13.19%), Short FLR (-6.84%)
      Combined: -10.01%, Portfolio: $465,270

101/223: 2019-05-28: Added=DD, Removed=DWDP
  Holding Period End Date: 2019-06-13
  ✓ S1: DD 14.91%, Portfolio: $421,517
    YFinance output for DWDP: 1 Failed download:
['DWDP']: YFTzMissingError('possibly delisted; no timezone found')
    Warning: No data found for DWDP
  ✗ S2: Insufficient data for DD/DWDP

102/223: 2019-06-03: Added=BMS, Removed=MAT
  Holding Period End Date: 2019-06-19
  ✓ S1: BMS -0.69%, Portfolio: $418,592
  ✓ S2: Long BMS (-0.69%), Short MAT (-15.43%)
      Combined: -8.06%, Portfolio: $427,772

103/223: 2019-06-03: Added=AMCR, Removed=BMS
  Holding Period End Date: 2019-06-19
  ✓ S1: AMCR -5.02%, Portfolio: $397,569
  ✓ S2: Long AMCR (-5.02%), Short BMS (0.70%)
      Combined: -2.16%, Portfolio: $418,524

104/223: 2019-06-24: Added=MKTX, Removed=LLL
  Holding Period End Date: 2019-07-11
  ✓ S1: MKTX 6.46%, Portfolio: $423,248
    YFinance output for LLL: 1 Failed download:
['LLL']: YFTzMissingError('possibly delisted; no timezone found')
    Warning: No data found for LLL
  ✗ S2: Insufficient data for MKTX/LLL

105/223: 2019-07-09: Added=TMUS, Removed=RHT
  Holding Period End Date: 2019-07-25
  ✓ S1: TMUS 6.33%, Portfolio: $450,057
    YFinance output for RHT: 1 Failed download:
['RHT']: YFTzMissingError('possibly delisted; no timezone found')
    Warning: No data found for RHT
  ✗ S2: Insufficient data for TMUS/RHT

106/223: 2019-08-01: Added=IEX, Removed=FL
  Holding Period End Date: 2019-08-19
  ✓ S1: IEX -1.52%, Portfolio: $443,203
  ✓ S2: Long IEX (-1.52%), Short FL (-0.58%)
      Combined: -1.05%, Portfolio: $414,121

107/223: 2019-08-01: Added=LDOS, Removed=APC
  Holding Period End Date: 2019-08-19
  ✓ S1: LDOS 2.00%, Portfolio: $452,077
    YFinance output for APC: 1 Failed download:
['APC']: YFTzMissingError('possibly delisted; no timezone found')
    Warning: No data found for APC
  ✗ S2: Insufficient data for LDOS/APC

108/223: 2019-09-17: Added=CDW, Removed=TSS
  Holding Period End Date: 2019-10-03
  ✓ S1: CDW 5.17%, Portfolio: $475,435
    YFinance output for TSS: 1 Failed download:
['TSS']: YFTzMissingError('possibly delisted; no timezone found')
    Warning: No data found for TSS
  ✗ S2: Insufficient data for CDW/TSS

109/223: 2019-09-20: Added=NVR, Removed=JEF
  Holding Period End Date: 2019-10-08
  ✓ S1: NVR 1.61%, Portfolio: $483,107
  ✓ S2: Long NVR (1.61%), Short JEF (7.25%)
      Combined: 4.43%, Portfolio: $432,464

110/223: 2019-09-20: Added=LVS, Removed=NKTR
  Holding Period End Date: 2019-10-08
  ✓ S1: LVS -5.08%, Portfolio: $458,579
  ✓ S2: Long LVS (-5.08%), Short NKTR (24.54%)
      Combined: 9.73%, Portfolio: $474,541

111/223: 2019-11-18: Added=NOW, Removed=CELG
  Holding Period End Date: 2019-12-05
  ✓ S1: NOW 2.56%, Portfolio: $470,323
    YFinance output for CELG: 1 Failed download:
['CELG']: YFTzMissingError('possibly delisted; no timezone found')
    Warning: No data found for CELG
  ✗ S2: Insufficient data for NOW/CELG

112/223: 2019-11-27: Added=WRB, Removed=VIAB
  Holding Period End Date: 2019-12-16
  ✓ S1: WRB 0.14%, Portfolio: $471,003
    YFinance output for VIAB: 1 Failed download:
['VIAB']: YFTzMissingError('possibly delisted; no timezone found')
    Warning: No data found for VIAB
  ✗ S2: Insufficient data for WRB/VIAB

113/223: 2019-12-02: Added=ODFL, Removed=STI
  Holding Period End Date: 2019-12-18
  ✓ S1: ODFL -0.25%, Portfolio: $469,813
    YFinance output for STI: 1 Failed download:
['STI']: YFPricesMissingError('possibly delisted; no price data found  (1d 2019-12-02 00:00:00 -> 2019-12-19) (Yahoo error = "Data doesn\'t exist for startDate = 1575262800, endDate = 1576731600")')
    Warning: No data found for STI
  ✗ S2: Insufficient data for ODFL/STI

114/223: 2019-12-13: Added=ZBRA, Removed=TRIP
  Holding Period End Date: 2020-01-02
  ✓ S1: ZBRA 0.52%, Portfolio: $472,255
  ✓ S2: Long ZBRA (0.52%), Short TRIP (-3.34%)
      Combined: -1.41%, Portfolio: $467,855

115/223: 2019-12-13: Added=LYV, Removed=AMG
  Holding Period End Date: 2020-01-02
  ✓ S1: LYV 11.73%, Portfolio: $527,672
  ✓ S2: Long LYV (11.73%), Short AMG (1.33%)
      Combined: 6.53%, Portfolio: $498,425

116/223: 2019-12-13: Added=STE, Removed=MAC
  Holding Period End Date: 2020-01-02
  ✓ S1: STE -0.15%, Portfolio: $526,873
  ✓ S2: Long STE (-0.15%), Short MAC (0.46%)
      Combined: 0.16%, Portfolio: $499,201

117/223: 2020-01-22: Added=PAYC, Removed=WCG
  Holding Period End Date: 2020-02-07
  ✓ S1: PAYC -3.21%, Portfolio: $509,935
    YFinance output for WCG: 1 Failed download:
['WCG']: YFTzMissingError('possibly delisted; no timezone found')
    Warning: No data found for WCG
  ✗ S2: Insufficient data for PAYC/WCG

118/223: 2020-02-27: Added=IR, Removed=XEC
  Holding Period End Date: 2020-03-16
  ✓ S1: IR -36.77%, Portfolio: $322,408
    YFinance output for XEC: 1 Failed download:
['XEC']: YFTzMissingError('possibly delisted; no timezone found')
    Warning: No data found for XEC
  ✗ S2: Insufficient data for IR/XEC

119/223: 2020-03-31: Added=nan, Removed=M
  Holding Period End Date: 2020-04-17

120/223: 2020-03-31: Added=nan, Removed=RTN
  Holding Period End Date: 2020-04-17

121/223: 2020-03-31: Added=CARR, Removed=nan
  Holding Period End Date: 2020-04-17
  ✓ S1: CARR -20.35%, Portfolio: $256,805

122/223: 2020-03-31: Added=OTIS, Removed=nan
  Holding Period End Date: 2020-04-17
  ✓ S1: OTIS -7.70%, Portfolio: $237,031

123/223: 2020-05-05: Added=HWM, Removed=ARNC
  Holding Period End Date: 2020-05-21
  ✓ S1: HWM 1.80%, Portfolio: $241,302
    YFinance output for ARNC: 1 Failed download:
['ARNC']: YFTzMissingError('possibly delisted; no timezone found')
    Warning: No data found for ARNC
  ✗ S2: Insufficient data for HWM/ARNC

124/223: 2020-05-06: Added=DXCM, Removed=AGN
  Holding Period End Date: 2020-05-22
  ✓ S1: DXCM 10.57%, Portfolio: $266,800
    YFinance output for AGN: 1 Failed download:
['AGN']: YFTzMissingError('possibly delisted; no timezone found')
    Warning: No data found for AGN
  ✗ S2: Insufficient data for DXCM/AGN

125/223: 2020-05-06: Added=DPZ, Removed=CPRI
  Holding Period End Date: 2020-05-22
  ✓ S1: DPZ -0.05%, Portfolio: $266,657
  ✓ S2: Long DPZ (-0.05%), Short CPRI (-8.69%)
      Combined: -4.37%, Portfolio: $477,377

126/223: 2020-05-18: Added=WST, Removed=HP
  Holding Period End Date: 2020-06-04
  ✓ S1: WST -5.96%, Portfolio: $250,772
  ✓ S2: Long WST (-5.96%), Short HP (-22.93%)
      Combined: -14.44%, Portfolio: $408,429

127/223: 2020-06-12: Added=BIO, Removed=ADS
  Holding Period End Date: 2020-06-30
  ✓ S1: BIO 0.59%, Portfolio: $252,247
    YFinance output for ADS: 1 Failed download:
['ADS']: YFTzMissingError('possibly delisted; no timezone found')
    Warning: No data found for ADS
  ✗ S2: Insufficient data for BIO/ADS

128/223: 2020-06-12: Added=TDY, Removed=HOG
  Holding Period End Date: 2020-06-30
  ✓ S1: TDY -6.77%, Portfolio: $235,163
  ✓ S2: Long TDY (-6.77%), Short HOG (5.51%)
      Combined: -0.63%, Portfolio: $405,853

129/223: 2020-06-12: Added=TYL, Removed=JWN
  Holding Period End Date: 2020-06-30
  ✓ S1: TYL 1.22%, Portfolio: $238,024
    YFinance output for JWN: 1 Failed download:
['JWN']: YFTzMissingError('possibly delisted; no timezone found')
    Warning: No data found for JWN
  ✗ S2: Insufficient data for TYL/JWN

130/223: 2020-09-04: Added=CTLT, Removed=KSS
  Holding Period End Date: 2020-09-23
    YFinance output for CTLT: 1 Failed download:
['CTLT']: YFTzMissingError('possibly delisted; no timezone found')
    Warning: No data found for CTLT
  ✗ S1: Insufficient data for CTLT
    YFinance output for CTLT: 1 Failed download:
['CTLT']: YFTzMissingError('possibly delisted; no timezone found')
    Warning: No data found for CTLT
  ✗ S2: Insufficient data for CTLT/KSS

131/223: 2020-09-04: Added=ETSY, Removed=HRB
  Holding Period End Date: 2020-09-23
  ✓ S1: ETSY 2.72%, Portfolio: $244,504
  ✓ S2: Long ETSY (2.72%), Short HRB (2.85%)
      Combined: 2.79%, Portfolio: $417,166

132/223: 2020-09-04: Added=TER, Removed=COTY
  Holding Period End Date: 2020-09-23
  ✓ S1: TER -4.06%, Portfolio: $234,580
  ✓ S2: Long TER (-4.06%), Short COTY (32.53%)
      Combined: 14.24%, Portfolio: $476,561

133/223: 2020-10-01: Added=POOL, Removed=ETFC
  Holding Period End Date: 2020-10-19
  ✓ S1: POOL 7.70%, Portfolio: $252,638
    YFinance output for ETFC: 1 Failed download:
['ETFC']: YFTzMissingError('possibly delisted; no timezone found')
    Warning: No data found for ETFC
  ✗ S2: Insufficient data for POOL/ETFC

134/223: 2020-10-05: Added=VNT, Removed=nan
  Holding Period End Date: 2020-10-21
  ✓ S1: VNT -16.64%, Portfolio: $210,593

135/223: 2020-10-05: Added=nan, Removed=NBL
  Holding Period End Date: 2020-10-21

136/223: 2020-12-11: Added=TSLA, Removed=AIV
  Holding Period End Date: 2020-12-30
  ✓ S1: TSLA 13.90%, Portfolio: $239,866
  ✓ S2: Long TSLA (13.90%), Short AIV (-14.06%)
      Combined: -0.08%, Portfolio: $476,182

137/223: 2020-12-30: Added=ENPH, Removed=TIF
  Holding Period End Date: 2021-01-19
  ✓ S1: ENPH 16.39%, Portfolio: $279,189
    YFinance output for TIF: 1 Failed download:
['TIF']: YFTzMissingError('possibly delisted; no timezone found')
    Warning: No data found for TIF
  ✗ S2: Insufficient data for ENPH/TIF

138/223: 2021-01-15: Added=TRMB, Removed=CXO
  Holding Period End Date: 2021-02-03
  ✓ S1: TRMB 1.64%, Portfolio: $283,771
    YFinance output for CXO: 1 Failed download:
['CXO']: YFTzMissingError('possibly delisted; no timezone found')
    Warning: No data found for CXO
  ✗ S2: Insufficient data for TRMB/CXO

139/223: 2021-02-08: Added=MPWR, Removed=FTI
  Holding Period End Date: 2021-02-25
  ✓ S1: MPWR -1.64%, Portfolio: $279,129
  ✓ S2: Long MPWR (-1.64%), Short FTI (-7.04%)
      Combined: -4.34%, Portfolio: $455,531

140/223: 2021-03-12: Added=CZR, Removed=VNT
  Holding Period End Date: 2021-03-30
  ✓ S1: CZR -13.41%, Portfolio: $241,707
  ✓ S2: Long CZR (-13.41%), Short VNT (1.87%)
      Combined: -5.77%, Portfolio: $429,250

141/223: 2021-03-12: Added=PENN, Removed=SLG
  Holding Period End Date: 2021-03-30
  ✓ S1: PENN -21.18%, Portfolio: $190,520
  ✓ S2: Long PENN (-21.18%), Short SLG (7.26%)
      Combined: -6.96%, Portfolio: $399,377

142/223: 2021-03-12: Added=NXPI, Removed=FLS
  Holding Period End Date: 2021-03-30
  ✓ S1: NXPI 7.79%, Portfolio: $205,369
  ✓ S2: Long NXPI (7.79%), Short FLS (5.08%)
      Combined: 6.44%, Portfolio: $425,086

143/223: 2021-03-12: Added=GNRC, Removed=XRX
  Holding Period End Date: 2021-03-30
  ✓ S1: GNRC -3.51%, Portfolio: $198,166
  ✓ S2: Long GNRC (-3.51%), Short XRX (8.70%)
      Combined: 2.60%, Portfolio: $436,132

144/223: 2021-04-15: Added=PTC, Removed=VAR
  Holding Period End Date: 2021-05-03
  ✓ S1: PTC -11.72%, Portfolio: $174,931
    YFinance output for VAR: 1 Failed download:
['VAR']: YFTzMissingError('possibly delisted; no timezone found')
    Warning: No data found for VAR
  ✗ S2: Insufficient data for PTC/VAR

145/223: 2021-05-10: Added=CRL, Removed=FLIR
  Holding Period End Date: 2021-05-26
  ✓ S1: CRL -2.51%, Portfolio: $170,533
    YFinance output for FLIR: 1 Failed download:
['FLIR']: YFTzMissingError('possibly delisted; no timezone found')
    Warning: No data found for FLIR
  ✗ S2: Insufficient data for CRL/FLIR

146/223: 2021-05-27: Added=OGN, Removed=nan
  Holding Period End Date: 2021-06-15
  ✓ S1: OGN -10.39%, Portfolio: $152,807

147/223: 2021-05-27: Added=nan, Removed=HFC
  Holding Period End Date: 2021-06-15

148/223: 2021-07-15: Added=MRNA, Removed=ALXN
  Holding Period End Date: 2021-08-02
  ✓ S1: MRNA 33.48%, Portfolio: $203,965
    YFinance output for ALXN: 1 Failed download:
['ALXN']: YFTzMissingError('possibly delisted; no timezone found')
    Warning: No data found for ALXN
  ✗ S2: Insufficient data for MRNA/ALXN

149/223: 2021-08-24: Added=TECH, Removed=MXIM
  Holding Period End Date: 2021-09-10
  ✓ S1: TECH 4.93%, Portfolio: $214,028
    YFinance output for MXIM: 1 Failed download:
['MXIM']: YFTzMissingError('possibly delisted; no timezone found')
    Warning: No data found for MXIM
  ✗ S2: Insufficient data for TECH/MXIM

150/223: 2021-09-03: Added=BRO, Removed=NOV
  Holding Period End Date: 2021-09-22
  ✓ S1: BRO -2.61%, Portfolio: $208,436
  ✓ S2: Long BRO (-2.61%), Short NOV (4.60%)
      Combined: 1.00%, Portfolio: $440,474

151/223: 2021-09-03: Added=CDAY, Removed=UNM
  Holding Period End Date: 2021-09-22
    YFinance output for CDAY: 1 Failed download:
['CDAY']: YFTzMissingError('possibly delisted; no timezone found')
    Warning: No data found for CDAY
  ✗ S1: Insufficient data for CDAY
    YFinance output for CDAY: 1 Failed download:
['CDAY']: YFTzMissingError('possibly delisted; no timezone found')
    Warning: No data found for CDAY
  ✗ S2: Insufficient data for CDAY/UNM

152/223: 2021-09-03: Added=MTCH, Removed=PRGO
  Holding Period End Date: 2021-09-22
  ✓ S1: MTCH 3.68%, Portfolio: $216,116
  ✓ S2: Long MTCH (3.68%), Short PRGO (-2.17%)
      Combined: 0.76%, Portfolio: $443,801

153/223: 2021-12-03: Added=FDS, Removed=WU
  Holding Period End Date: 2021-12-21
  ✓ S1: FDS 1.81%, Portfolio: $220,032
  ✓ S2: Long FDS (1.81%), Short WU (-5.24%)
      Combined: -1.71%, Portfolio: $436,195

154/223: 2021-12-03: Added=SEDG, Removed=HBI
  Holding Period End Date: 2021-12-21
  ✓ S1: SEDG -8.44%, Portfolio: $201,469
  ✓ S2: Long SEDG (-8.44%), Short HBI (2.49%)
      Combined: -2.97%, Portfolio: $423,220

155/223: 2021-12-03: Added=SBNY, Removed=LEG
  Holding Period End Date: 2021-12-21
    YFinance output for SBNY: 1 Failed download:
['SBNY']: YFPricesMissingError('possibly delisted; no price data found  (1d 2021-12-03 00:00:00 -> 2021-12-22) (Yahoo error = "Data doesn\'t exist for startDate = 1638507600, endDate = 1640149200")')
    Warning: No data found for SBNY
  ✗ S1: Insufficient data for SBNY
    YFinance output for SBNY: 1 Failed download:
['SBNY']: YFPricesMissingError('possibly delisted; no price data found  (1d 2021-12-03 00:00:00 -> 2021-12-22) (Yahoo error = "Data doesn\'t exist for startDate = 1638507600, endDate = 1640149200")')
    Warning: No data found for SBNY
  ✗ S2: Insufficient data for SBNY/LEG

156/223: 2021-12-07: Added=EPAM, Removed=KSU
  Holding Period End Date: 2021-12-23
  ✓ S1: EPAM 11.44%, Portfolio: $224,521
    YFinance output for KSU: 1 Failed download:
['KSU']: YFTzMissingError('possibly delisted; no timezone found')
    Warning: No data found for KSU
  ✗ S2: Insufficient data for EPAM/KSU

157/223: 2022-01-26: Added=CEG, Removed=nan
  Holding Period End Date: 2022-02-11
  ✓ S1: CEG 11.27%, Portfolio: $249,820

158/223: 2022-01-26: Added=nan, Removed=GPS
  Holding Period End Date: 2022-02-11

159/223: 2022-02-10: Added=NDSN, Removed=XLNX
  Holding Period End Date: 2022-03-01
  ✓ S1: NDSN -3.14%, Portfolio: $241,967
    YFinance output for XLNX: 1 Failed download:
['XLNX']: YFTzMissingError('possibly delisted; no timezone found')
    Warning: No data found for XLNX
  ✗ S2: Insufficient data for NDSN/XLNX

160/223: 2022-02-25: Added=MOH, Removed=INFO
  Holding Period End Date: 2022-03-15
  ✓ S1: MOH 2.96%, Portfolio: $249,134
    YFinance output for INFO: 1 Failed download:
['INFO']: YFPricesMissingError('possibly delisted; no price data found  (1d 2022-02-25 00:00:00 -> 2022-03-16) (Yahoo error = "Data doesn\'t exist for startDate = 1645765200, endDate = 1647403200")')
    Warning: No data found for INFO
  ✗ S2: Insufficient data for MOH/INFO

161/223: 2022-03-29: Added=CPT, Removed=PBCT
  Holding Period End Date: 2022-04-14
  ✓ S1: CPT -3.39%, Portfolio: $240,698
    YFinance output for PBCT: 1 Failed download:
['PBCT']: YFTzMissingError('possibly delisted; no timezone found')
    Warning: No data found for PBCT
  ✗ S2: Insufficient data for CPT/PBCT

162/223: 2022-04-07: Added=WBD, Removed=DISCA
  Holding Period End Date: 2022-04-26
  ✓ S1: WBD -14.04%, Portfolio: $206,894
    YFinance output for DISCA: 1 Failed download:
['DISCA']: YFTzMissingError('possibly delisted; no timezone found')
    Warning: No data found for DISCA
  ✗ S2: Insufficient data for WBD/DISCA

163/223: 2022-04-07: Added=nan, Removed=DISCK
  Holding Period End Date: 2022-04-26

164/223: 2022-06-03: Added=VICI, Removed=CERN
  Holding Period End Date: 2022-06-22
  ✓ S1: VICI -5.58%, Portfolio: $195,341
    YFinance output for CERN: 1 Failed download:
['CERN']: YFTzMissingError('possibly delisted; no timezone found')
    Warning: No data found for CERN
  ✗ S2: Insufficient data for VICI/CERN

165/223: 2022-06-03: Added=ON, Removed=IPGP
  Holding Period End Date: 2022-06-22
  ✓ S1: ON -18.95%, Portfolio: $158,315
  ✓ S2: Long ON (-18.95%), Short IPGP (6.56%)
      Combined: -6.20%, Portfolio: $396,990

166/223: 2022-06-03: Added=KDP, Removed=UAA
  Holding Period End Date: 2022-06-22
  ✓ S1: KDP -0.14%, Portfolio: $158,089
  ✓ S2: Long KDP (-0.14%), Short UAA (23.18%)
      Combined: 11.52%, Portfolio: $442,718

167/223: 2022-06-03: Added=nan, Removed=UA
  Holding Period End Date: 2022-06-22

168/223: 2022-09-02: Added=CSGP, Removed=PVH
  Holding Period End Date: 2022-09-21
  ✓ S1: CSGP -1.75%, Portfolio: $155,323
  ✓ S2: Long CSGP (-1.75%), Short PVH (3.87%)
      Combined: 1.06%, Portfolio: $447,412

169/223: 2022-09-02: Added=INVH, Removed=PENN
  Holding Period End Date: 2022-09-21
  ✓ S1: INVH -4.39%, Portfolio: $148,509
  ✓ S2: Long INVH (-4.39%), Short PENN (7.41%)
      Combined: 1.51%, Portfolio: $454,180

170/223: 2022-09-23: Added=PCG, Removed=CTXS
  Holding Period End Date: 2022-10-11
  ✓ S1: PCG 12.77%, Portfolio: $167,470
    YFinance output for CTXS: 1 Failed download:
['CTXS']: YFTzMissingError('possibly delisted; no timezone found')
    Warning: No data found for CTXS
  ✗ S2: Insufficient data for PCG/CTXS

171/223: 2022-09-23: Added=EQT, Removed=DRE
  Holding Period End Date: 2022-10-11
  ✓ S1: EQT 5.55%, Portfolio: $176,765
    YFinance output for DRE: 1 Failed download:
['DRE']: YFTzMissingError('possibly delisted; no timezone found')
    Warning: No data found for DRE
  ✗ S2: Insufficient data for EQT/DRE

172/223: 2022-10-06: Added=TRGP, Removed=NLSN
  Holding Period End Date: 2022-10-24
  ✓ S1: TRGP 2.16%, Portfolio: $180,580
    YFinance output for NLSN: 1 Failed download:
['NLSN']: YFTzMissingError('possibly delisted; no timezone found')
    Warning: No data found for NLSN
  ✗ S2: Insufficient data for TRGP/NLSN

173/223: 2022-10-27: Added=ACGL, Removed=TWTR
  Holding Period End Date: 2022-11-14
  ✓ S1: ACGL 9.03%, Portfolio: $196,895
    YFinance output for TWTR: 1 Failed download:
['TWTR']: YFTzMissingError('possibly delisted; no timezone found')
    Warning: No data found for TWTR
  ✗ S2: Insufficient data for ACGL/TWTR

174/223: 2022-12-12: Added=FSLR, Removed=FBHS
  Holding Period End Date: 2022-12-29
  ✓ S1: FSLR -1.00%, Portfolio: $194,930
    YFinance output for FBHS: 1 Failed download:
['FBHS']: YFTzMissingError('possibly delisted; no timezone found')
    Warning: No data found for FBHS
  ✗ S2: Insufficient data for FSLR/FBHS

175/223: 2022-12-12: Added=nan, Removed=MBC
  Holding Period End Date: 2022-12-29

176/223: 2022-12-12: Added=MBC, Removed=nan
  Holding Period End Date: 2022-12-29
  ✓ S1: MBC -10.82%, Portfolio: $173,831

177/223: 2022-12-19: Added=STLD, Removed=ABMD
  Holding Period End Date: 2023-01-06
  ✓ S1: STLD 1.48%, Portfolio: $176,400
    YFinance output for ABMD: 1 Failed download:
['ABMD']: YFTzMissingError('possibly delisted; no timezone found')
    Warning: No data found for ABMD
  ✗ S2: Insufficient data for STLD/ABMD

178/223: 2022-12-28: Added=GEHC, Removed=nan
  Holding Period End Date: 2023-01-17
  ✓ S1: GEHC 10.14%, Portfolio: $194,286

179/223: 2022-12-28: Added=nan, Removed=VNO
  Holding Period End Date: 2023-01-17

180/223: 2023-03-03: Added=FICO, Removed=LUMN
  Holding Period End Date: 2023-03-21
  ✓ S1: FICO -1.18%, Portfolio: $191,986
  ✓ S2: Long FICO (-1.18%), Short LUMN (25.79%)
      Combined: 12.30%, Portfolio: $510,066

181/223: 2023-03-10: Added=PODD, Removed=SIVB
  Holding Period End Date: 2023-03-28
  ✓ S1: PODD 11.03%, Portfolio: $213,166
    YFinance output for SIVB: 1 Failed download:
['SIVB']: YFTzMissingError('possibly delisted; no timezone found')
    Warning: No data found for SIVB
  ✗ S2: Insufficient data for PODD/SIVB

182/223: 2023-03-13: Added=BG, Removed=SBNY
  Holding Period End Date: 2023-03-29
  ✓ S1: BG 6.14%, Portfolio: $226,251
    YFinance output for SBNY: 1 Failed download:
['SBNY']: YFPricesMissingError('possibly delisted; no price data found  (1d 2023-03-13 00:00:00 -> 2023-03-30) (Yahoo error = "Data doesn\'t exist for startDate = 1678680000, endDate = 1680148800")')
    Warning: No data found for SBNY
  ✗ S2: Insufficient data for BG/SBNY

183/223: 2023-05-01: Added=AXON, Removed=FRC
  Holding Period End Date: 2023-05-17
  ✓ S1: AXON -8.48%, Portfolio: $207,062
    YFinance output for FRC: 1 Failed download:
['FRC']: YFTzMissingError('possibly delisted; no timezone found')
    Warning: No data found for FRC
  ✗ S2: Insufficient data for AXON/FRC

184/223: 2023-06-02: Added=PANW, Removed=DISH
  Holding Period End Date: 2023-06-21
  ✓ S1: PANW 9.98%, Portfolio: $227,726
    YFinance output for DISH: 1 Failed download:
['DISH']: YFTzMissingError('possibly delisted; no timezone found')
    Warning: No data found for DISH
  ✗ S2: Insufficient data for PANW/DISH

185/223: 2023-08-21: Added=nan, Removed=TEL
  Holding Period End Date: 2023-09-07

186/223: 2023-08-21: Added=KVUE, Removed=AAP
  Holding Period End Date: 2023-09-07
  ✓ S1: KVUE -7.56%, Portfolio: $210,512
  ✓ S2: Long KVUE (-7.56%), Short AAP (7.59%)
      Combined: 0.01%, Portfolio: $510,139

187/223: 2023-08-21: Added=PCS, Removed=nan
  Holding Period End Date: 2023-09-07
    YFinance output for PCS: 1 Failed download:
['PCS']: YFPricesMissingError('possibly delisted; no price data found  (1d 2023-08-21 00:00:00 -> 2023-09-08) (Yahoo error = "Data doesn\'t exist for startDate = 1692590400, endDate = 1694145600")')
    Warning: No data found for PCS
  ✗ S1: Insufficient data for PCS

188/223: 2023-09-14: Added=BX, Removed=LNC
  Holding Period End Date: 2023-10-02
  ✓ S1: BX -4.92%, Portfolio: $200,146
  ✓ S2: Long BX (-4.92%), Short LNC (6.20%)
      Combined: 0.64%, Portfolio: $513,383

189/223: 2023-09-14: Added=ABNB, Removed=NWL
  Holding Period End Date: 2023-10-02
  ✓ S1: ABNB -5.25%, Portfolio: $189,647
  ✓ S2: Long ABNB (-5.25%), Short NWL (12.24%)
      Combined: 3.50%, Portfolio: $531,337

190/223: 2023-09-28: Added=VLTO, Removed=nan
  Holding Period End Date: 2023-10-16
  ✓ S1: VLTO -4.61%, Portfolio: $180,896

191/223: 2023-09-28: Added=nan, Removed=DXC
  Holding Period End Date: 2023-10-16

192/223: 2023-10-13: Added=LULU, Removed=ATVI
  Holding Period End Date: 2023-10-31
  ✓ S1: LULU 4.18%, Portfolio: $188,459
    YFinance output for ATVI: 1 Failed download:
['ATVI']: YFTzMissingError('possibly delisted; no timezone found')
    Warning: No data found for ATVI
  ✗ S2: Insufficient data for LULU/ATVI

193/223: 2023-10-13: Added=HUBB, Removed=OGN
  Holding Period End Date: 2023-10-31
  ✓ S1: HUBB -8.38%, Portfolio: $172,674
  ✓ S2: Long HUBB (-8.38%), Short OGN (17.11%)
      Combined: 4.37%, Portfolio: $554,532

194/223: 2023-12-01: Added=UBER, Removed=SEE
  Holding Period End Date: 2023-12-19
  ✓ S1: UBER 8.32%, Portfolio: $187,036
  ✓ S2: Long UBER (8.32%), Short SEE (-6.79%)
      Combined: 0.77%, Portfolio: $558,775

195/223: 2023-12-01: Added=BLDR, Removed=SEDG
  Holding Period End Date: 2023-12-19
  ✓ S1: BLDR 18.24%, Portfolio: $221,145
  ✓ S2: Long BLDR (18.24%), Short SEDG (-19.33%)
      Combined: -0.55%, Portfolio: $555,728

196/223: 2023-12-01: Added=JBL, Removed=ALK
  Holding Period End Date: 2023-12-19
  ✓ S1: JBL 12.25%, Portfolio: $248,233
  ✓ S2: Long JBL (12.25%), Short ALK (-1.17%)
      Combined: 5.54%, Portfolio: $586,515

197/223: 2024-03-01: Added=SMCI, Removed=WHR
  Holding Period End Date: 2024-03-19
  ✓ S1: SMCI 0.61%, Portfolio: $249,738
  ✓ S2: Long SMCI (0.61%), Short WHR (-0.55%)
      Combined: 0.03%, Portfolio: $586,682

198/223: 2024-03-01: Added=DECK, Removed=ZION
  Holding Period End Date: 2024-03-19
  ✓ S1: DECK 0.62%, Portfolio: $251,278
  ✓ S2: Long DECK (0.62%), Short ZION (-2.54%)
      Combined: -0.96%, Portfolio: $581,043

199/223: 2024-03-27: Added=SOLV, Removed=nan
  Holding Period End Date: 2024-04-15
  ✓ S1: SOLV -17.75%, Portfolio: $206,684

200/223: 2024-03-27: Added=GEV, Removed=nan
  Holding Period End Date: 2024-04-15
  ✓ S1: GEV 0.38%, Portfolio: $207,472

201/223: 2024-03-27: Added=nan, Removed=XRAY
  Holding Period End Date: 2024-04-15

202/223: 2024-03-27: Added=nan, Removed=VFC
  Holding Period End Date: 2024-04-15

203/223: 2024-05-03: Added=VST, Removed=PXD
  Holding Period End Date: 2024-05-21
  ✓ S1: VST 15.65%, Portfolio: $239,933
    YFinance output for PXD: 1 Failed download:
['PXD']: YFTzMissingError('possibly delisted; no timezone found')
    Warning: No data found for PXD
  ✗ S2: Insufficient data for VST/PXD

204/223: 2024-06-07: Added=KKR, Removed=RHI
  Holding Period End Date: 2024-06-26
  ✓ S1: KKR 7.95%, Portfolio: $259,007
  ✓ S2: Long KKR (7.95%), Short RHI (-1.39%)
      Combined: 3.28%, Portfolio: $600,089

205/223: 2024-06-07: Added=CRWD, Removed=CMA
  Holding Period End Date: 2024-06-26
  ✓ S1: CRWD 8.95%, Portfolio: $282,191
  ✓ S2: Long CRWD (8.95%), Short CMA (-0.96%)
      Combined: 4.00%, Portfolio: $624,070

206/223: 2024-06-07: Added=GDDY, Removed=ILMN
  Holding Period End Date: 2024-06-26
  ✓ S1: GDDY 0.33%, Portfolio: $283,123
  ✓ S2: Long GDDY (0.33%), Short ILMN (4.66%)
      Combined: 2.49%, Portfolio: $639,637

207/223: 2024-09-06: Added=ERIE, Removed=BIO
  Holding Period End Date: 2024-09-24
  ✓ S1: ERIE 7.61%, Portfolio: $304,674
  ✓ S2: Long ERIE (7.61%), Short BIO (0.57%)
      Combined: 4.09%, Portfolio: $665,796

208/223: 2024-09-06: Added=DELL, Removed=ETSY
  Holding Period End Date: 2024-09-24
  ✓ S1: DELL 15.01%, Portfolio: $350,405
  ✓ S2: Long DELL (15.01%), Short ETSY (-3.33%)
      Combined: 5.84%, Portfolio: $704,691

209/223: 2024-09-06: Added=PLTR, Removed=AAL
  Holding Period End Date: 2024-09-24
  ✓ S1: PLTR 21.66%, Portfolio: $426,309
  ✓ S2: Long PLTR (21.66%), Short AAL (-2.17%)
      Combined: 9.74%, Portfolio: $773,355

210/223: 2024-09-24: Added=AMTM, Removed=nan
  Holding Period End Date: 2024-10-10
  ✓ S1: AMTM -11.93%, Portfolio: $375,458

211/223: 2024-09-24: Added=nan, Removed=BBWI
  Holding Period End Date: 2024-10-10

212/223: 2024-11-21: Added=TPL, Removed=MRO
  Holding Period End Date: 2024-12-10
  ✓ S1: TPL -14.39%, Portfolio: $321,415
    YFinance output for MRO: 1 Failed download:
['MRO']: YFTzMissingError('possibly delisted; no timezone found')
    Warning: No data found for MRO
  ✗ S2: Insufficient data for TPL/MRO

213/223: 2024-12-06: Added=WDAY, Removed=AMTM
  Holding Period End Date: 2024-12-24
  ✓ S1: WDAY 0.98%, Portfolio: $324,576
  ✓ S2: Long WDAY (0.98%), Short AMTM (16.96%)
      Combined: 8.97%, Portfolio: $842,743

214/223: 2024-12-06: Added=APO, Removed=QRVO
  Holding Period End Date: 2024-12-24
  ✓ S1: APO -1.69%, Portfolio: $319,101
  ✓ S2: Long APO (-1.69%), Short QRVO (-4.43%)
      Combined: -3.06%, Portfolio: $816,953

215/223: 2024-12-18: Added=LII, Removed=CTLT
  Holding Period End Date: 2025-01-07
  ✓ S1: LII -4.05%, Portfolio: $306,162
    YFinance output for CTLT: 1 Failed download:
['CTLT']: YFTzMissingError('possibly delisted; no timezone found')
    Warning: No data found for CTLT
  ✗ S2: Insufficient data for LII/CTLT

216/223: 2025-03-07: Added=EXE, Removed=FMC
  Holding Period End Date: 2025-03-25
  ✓ S1: EXE 15.02%, Portfolio: $352,139
  ✓ S2: Long EXE (15.02%), Short FMC (0.22%)
      Combined: 7.62%, Portfolio: $879,187

217/223: 2025-03-07: Added=WSM, Removed=CE
  Holding Period End Date: 2025-03-25
  ✓ S1: WSM -10.21%, Portfolio: $316,179
  ✓ S2: Long WSM (-10.21%), Short CE (-6.51%)
      Combined: -8.36%, Portfolio: $805,694

218/223: 2025-03-07: Added=TKO, Removed=TFX
  Holding Period End Date: 2025-03-25
  ✓ S1: TKO 7.85%, Portfolio: $341,011
  ✓ S2: Long TKO (7.85%), Short TFX (0.43%)
      Combined: 4.14%, Portfolio: $839,068

219/223: 2025-03-07: Added=DASH, Removed=BWA
  Holding Period End Date: 2025-03-25
  ✓ S1: DASH 12.15%, Portfolio: $382,450
  ✓ S2: Long DASH (12.15%), Short BWA (1.05%)
      Combined: 6.60%, Portfolio: $894,458

220/223: 2025-05-12: Added=COIN, Removed=DFS
  Holding Period End Date: 2025-05-29
  ✓ S1: COIN 20.08%, Portfolio: $459,265
    YFinance output for DFS: 1 Failed download:
['DFS']: YFTzMissingError('possibly delisted; no timezone found')
    Warning: No data found for DFS
  ✗ S2: Insufficient data for COIN/DFS

221/223: 2025-07-02: Added=DDOG, Removed=JNPR
  Holding Period End Date: 2025-07-21
  ✓ S1: DDOG 7.60%, Portfolio: $494,167
  ✗ S2: Insufficient data for DDOG/JNPR

222/223: 2025-07-14: Added=TTD, Removed=ANSS
  Holding Period End Date: 2025-07-30
  ✓ S1: TTD 14.57%, Portfolio: $566,166
  ✓ S2: Long TTD (14.57%), Short ANSS (3.09%)
      Combined: 8.83%, Portfolio: $973,419

223/223: 2025-07-18: Added=XYZ, Removed=HES
  Holding Period End Date: 2025-08-05
  ✓ S1: XYZ 3.39%, Portfolio: $585,370
  ✗ S2: Insufficient data for XYZ/HES

============================================================
FINAL RESULTS
Strategy 1: 186 successful trades, Final: $585,370 (-41.46%)
Strategy 2: 82 successful trades, Final: $973,419 (-2.66%)
Completed: 2025-08-23 20:45:49
